<?xml version="1.0" encoding="UTF-8" ?>
<testsuite failures="1" time="9.191" errors="0" skipped="0" tests="1" name="com.edi.test.AppTest">
  <properties>
    <property name="java.runtime.name" value="Java(TM) SE Runtime Environment"/>
    <property name="sun.boot.library.path" value="c:\Program Files\Java\jdk1.7.0_10\jre\bin"/>
    <property name="java.vm.version" value="23.6-b04"/>
    <property name="java.vm.vendor" value="Oracle Corporation"/>
    <property name="java.vendor.url" value="http://java.oracle.com/"/>
    <property name="path.separator" value=";"/>
    <property name="guice.disable.misplaced.annotation.check" value="true"/>
    <property name="java.vm.name" value="Java HotSpot(TM) Client VM"/>
    <property name="file.encoding.pkg" value="sun.io"/>
    <property name="user.script" value=""/>
    <property name="user.country" value="CN"/>
    <property name="sun.java.launcher" value="SUN_STANDARD"/>
    <property name="sun.os.patch.level" value=""/>
    <property name="test" value="AppTest"/>
    <property name="java.vm.specification.name" value="Java Virtual Machine Specification"/>
    <property name="user.dir" value="E:\Project\github\Test\priority-queue-test"/>
    <property name="java.runtime.version" value="1.7.0_10-b18"/>
    <property name="java.awt.graphicsenv" value="sun.awt.Win32GraphicsEnvironment"/>
    <property name="java.endorsed.dirs" value="c:\Program Files\Java\jdk1.7.0_10\jre\lib\endorsed"/>
    <property name="os.arch" value="x86"/>
    <property name="java.io.tmpdir" value="C:\Users\Edison\AppData\Local\Temp\"/>
    <property name="line.separator" value="
"/>
    <property name="java.vm.specification.vendor" value="Oracle Corporation"/>
    <property name="user.variant" value=""/>
    <property name="os.name" value="Windows 7"/>
    <property name="classworlds.conf" value="f:/Tools/apache-maven-3.1.0/bin/m2.conf"/>
    <property name="sun.jnu.encoding" value="GBK"/>
    <property name="java.library.path" value="c:\Program Files\Java\jdk1.7.0_10\bin;C:\Windows\Sun\Java\bin;C:\Windows\system32;C:\Windows;c:\Users\Edison\bin;.;C:\Program Files\Git\local\bin;C:\Program Files\Git\mingw\bin;C:\Program Files\Git\bin;f:\Tools\apache-maven-3.1.0\bin;c:\Program Files\Java\jdk1.7.0_10\bin;c:\Program Files\Common Files\Microsoft Shared\Windows Live;c:\Program Files\NVIDIA Corporation\PhysX\Common;c:\Windows\system32;c:\Windows;c:\Windows\System32\Wbem;c:\Windows\System32\WindowsPowerShell\v1.0\;c:\Program Files\Common Files\Thunder Network\KanKan\Codecs;c:\Program Files\ATI Technologies\ATI.ACE\Core-Static;c:\Program Files\XMedia\tools\misc;c:\Program Files\Windows Live\Shared;c:\Program Files\TortoiseSVN\bin;c:\Program Files\MySQL\MySQL Server 5.5\bin;C:\Program Files\Git\cmd;C:\Program Files\Git\bin;."/>
    <property name="java.specification.name" value="Java Platform API Specification"/>
    <property name="java.class.version" value="51.0"/>
    <property name="sun.management.compiler" value="HotSpot Client Compiler"/>
    <property name="os.version" value="6.1"/>
    <property name="user.home" value="C:\Users\Edison"/>
    <property name="user.timezone" value="Asia/Shanghai"/>
    <property name="java.awt.printerjob" value="sun.awt.windows.WPrinterJob"/>
    <property name="java.specification.version" value="1.7"/>
    <property name="file.encoding" value="GBK"/>
    <property name="user.name" value="Edison"/>
    <property name="java.class.path" value="f:/Tools/apache-maven-3.1.0/boot/plexus-classworlds-2.4.2.jar"/>
    <property name="org.slf4j.simpleLogger.defaultLogLevel" value="info"/>
    <property name="java.vm.specification.version" value="1.7"/>
    <property name="sun.arch.data.model" value="32"/>
    <property name="java.home" value="c:\Program Files\Java\jdk1.7.0_10\jre"/>
    <property name="sun.java.command" value="org.codehaus.plexus.classworlds.launcher.Launcher -Dtest=AppTest test"/>
    <property name="java.specification.vendor" value="Oracle Corporation"/>
    <property name="user.language" value="zh"/>
    <property name="awt.toolkit" value="sun.awt.windows.WToolkit"/>
    <property name="java.vm.info" value="mixed mode, sharing"/>
    <property name="java.version" value="1.7.0_10"/>
    <property name="java.ext.dirs" value="c:\Program Files\Java\jdk1.7.0_10\jre\lib\ext;C:\Windows\Sun\Java\lib\ext"/>
    <property name="sun.boot.class.path" value="c:\Program Files\Java\jdk1.7.0_10\jre\lib\resources.jar;c:\Program Files\Java\jdk1.7.0_10\jre\lib\rt.jar;c:\Program Files\Java\jdk1.7.0_10\jre\lib\sunrsasign.jar;c:\Program Files\Java\jdk1.7.0_10\jre\lib\jsse.jar;c:\Program Files\Java\jdk1.7.0_10\jre\lib\jce.jar;c:\Program Files\Java\jdk1.7.0_10\jre\lib\charsets.jar;c:\Program Files\Java\jdk1.7.0_10\jre\lib\jfr.jar;c:\Program Files\Java\jdk1.7.0_10\jre\classes"/>
    <property name="java.vendor" value="Oracle Corporation"/>
    <property name="maven.home" value="f:\Tools\apache-maven-3.1.0"/>
    <property name="file.separator" value="\"/>
    <property name="java.vendor.url.bug" value="http://bugreport.sun.com/bugreport/"/>
    <property name="sun.cpu.endian" value="little"/>
    <property name="sun.io.unicode.encoding" value="UnicodeLittle"/>
    <property name="sun.desktop" value="windows"/>
    <property name="sun.cpu.isalist" value="pentium_pro+mmx pentium_pro pentium+mmx pentium i486 i386 i86"/>
  </properties>
  <testcase time="9.149" classname="com.edi.test.AppTest" name="test">
    <failure type="java.lang.AssertionError:">java.lang.AssertionError: 
	at org.junit.Assert.fail(Assert.java:91)
	at org.junit.Assert.assertTrue(Assert.java:43)
	at org.junit.Assert.assertTrue(Assert.java:54)
	at com.edi.test.AppTest.test(AppTest.java:29)
	at sun.reflect.NativeMethodAccessorImpl.invoke0(Native Method)
	at sun.reflect.NativeMethodAccessorImpl.invoke(NativeMethodAccessorImpl.java:57)
	at sun.reflect.DelegatingMethodAccessorImpl.invoke(DelegatingMethodAccessorImpl.java:43)
	at java.lang.reflect.Method.invoke(Method.java:601)
	at org.junit.runners.model.FrameworkMethod$1.runReflectiveCall(FrameworkMethod.java:44)
	at org.junit.internal.runners.model.ReflectiveCallable.run(ReflectiveCallable.java:15)
	at org.junit.runners.model.FrameworkMethod.invokeExplosively(FrameworkMethod.java:41)
	at org.junit.internal.runners.statements.InvokeMethod.evaluate(InvokeMethod.java:20)
	at org.junit.runners.BlockJUnit4ClassRunner.runChild(BlockJUnit4ClassRunner.java:76)
	at org.junit.runners.BlockJUnit4ClassRunner.runChild(BlockJUnit4ClassRunner.java:50)
	at org.junit.runners.ParentRunner$3.run(ParentRunner.java:193)
	at org.junit.runners.ParentRunner$1.schedule(ParentRunner.java:52)
	at org.junit.runners.ParentRunner.runChildren(ParentRunner.java:191)
	at org.junit.runners.ParentRunner.access$000(ParentRunner.java:42)
	at org.junit.runners.ParentRunner$2.evaluate(ParentRunner.java:184)
	at org.junit.runners.ParentRunner.run(ParentRunner.java:236)
	at org.apache.maven.surefire.junit4.JUnit4TestSet.execute(JUnit4TestSet.java:53)
	at org.apache.maven.surefire.junit4.JUnit4Provider.executeTestSet(JUnit4Provider.java:123)
	at org.apache.maven.surefire.junit4.JUnit4Provider.invoke(JUnit4Provider.java:104)
	at sun.reflect.NativeMethodAccessorImpl.invoke0(Native Method)
	at sun.reflect.NativeMethodAccessorImpl.invoke(NativeMethodAccessorImpl.java:57)
	at sun.reflect.DelegatingMethodAccessorImpl.invoke(DelegatingMethodAccessorImpl.java:43)
	at java.lang.reflect.Method.invoke(Method.java:601)
	at org.apache.maven.surefire.util.ReflectionUtils.invokeMethodWithArray(ReflectionUtils.java:164)
	at org.apache.maven.surefire.booter.ProviderFactory$ProviderProxy.invoke(ProviderFactory.java:110)
	at org.apache.maven.surefire.booter.SurefireStarter.invokeProvider(SurefireStarter.java:172)
	at org.apache.maven.surefire.booter.SurefireStarter.runSuitesInProcessWhenForked(SurefireStarter.java:104)
	at org.apache.maven.surefire.booter.ForkedBooter.main(ForkedBooter.java:70)
</failure>
    <system-out>1 times run start
testOverload begin.
pool-7-thread-1 Reduce to4019
pool-7-thread-1 pick event 0, current size: 4019
pool-7-thread-2 Reduce to4018
NBI event queue is OVERLOADED, will discard low-priority event!
pool-7-thread-2 pick event 1, current size: 4018
pool-7-thread-4 Reduce to4017
pool-7-thread-4 pick event 2, current size: 4017
NBI event queue is OVERLOADED, will discard low-priority event!
pool-7-thread-5 Reduce to4016
pool-7-thread-5 pick event 3, current size: 4016
NBI event queue is OVERLOADED, will discard low-priority event!
pool-7-thread-3 Reduce to4015
pool-7-thread-3 pick event 4, current size: 4015
pool-7-thread-1 Discard NBI event &apos;BmscEventRetryTO [id=0, retryTimes=0, retryStartTime=null, retryUpdateTime=null, extension=null, getVersion()=1.0, getNotificationType()=DELIVERY_REMOVE_OK, getEMBMSSessionId()=14, getDeliverySessionId()=null, getDeliveryInstanceId()=null, getDescription()=null, getContentURI()=null, getMd5Value()=0, getContentGroupId()=null, getRemovedDeliveryContents()=&apos;, current queue size: 4016
NBI event queue is OVERLOADED, will discard low-priority event!
pool-7-thread-6 Reduce to4014
pool-7-thread-6 pick event 5, current size: 4014
NBI event queue is OVERLOADED, will discard low-priority event!
pool-7-thread-7 Reduce to4013
pool-7-thread-7 pick event 6, current size: 4013
NBI event queue is OVERLOADED, will discard low-priority event!
pool-7-thread-2 Discard NBI event &apos;BmscEventRetryTO [id=1, retryTimes=0, retryStartTime=null, retryUpdateTime=null, extension=null, getVersion()=1.0, getNotificationType()=DELIVERY_REMOVE_OK, getEMBMSSessionId()=63, getDeliverySessionId()=null, getDeliveryInstanceId()=null, getDescription()=null, getContentURI()=null, getMd5Value()=1, getContentGroupId()=null, getRemovedDeliveryContents()=&apos;, current queue size: 4014
pool-7-thread-8 Reduce to4012
pool-7-thread-8 pick event 7, current size: 4012
pool-7-thread-5 Discard NBI event &apos;BmscEventRetryTO [id=3, retryTimes=0, retryStartTime=null, retryUpdateTime=null, extension=null, getVersion()=1.0, getNotificationType()=DELIVERY_REMOVE_OK, getEMBMSSessionId()=24, getDeliverySessionId()=null, getDeliveryInstanceId()=null, getDescription()=null, getContentURI()=null, getMd5Value()=3, getContentGroupId()=null, getRemovedDeliveryContents()=&apos;, current queue size: 4014
pool-7-thread-9 Reduce to4011
pool-7-thread-9 pick event 8, current size: 4011
NBI event queue is OVERLOADED, will discard low-priority event!
pool-7-thread-10 Reduce to4010
pool-7-thread-10 pick event 9, current size: 4010
NBI event queue is OVERLOADED, will discard low-priority event!
NBI event queue is OVERLOADED, will discard low-priority event!
pool-7-thread-14 Reduce to4009
pool-7-thread-14 pick event 10, current size: 4009
pool-7-thread-20 Reduce to4008
pool-7-thread-20 pick event 11, current size: 4008
pool-7-thread-6 Discard NBI event &apos;BmscEventRetryTO [id=5, retryTimes=0, retryStartTime=null, retryUpdateTime=null, extension=null, getVersion()=1.0, getNotificationType()=DELIVERY_REMOVE_OK, getEMBMSSessionId()=4, getDeliverySessionId()=null, getDeliveryInstanceId()=null, getDescription()=null, getContentURI()=null, getMd5Value()=5, getContentGroupId()=null, getRemovedDeliveryContents()=&apos;, current queue size: 4008
pool-7-thread-18 Reduce to4007
pool-7-thread-18 pick event 12, current size: 4007
NBI event queue is OVERLOADED, will discard low-priority event!
NBI event queue is OVERLOADED, will discard low-priority event!
pool-7-thread-17 Reduce to4006
NBI event queue is OVERLOADED, will discard low-priority event!
pool-7-thread-17 pick event 13, current size: 4006
NBI event queue is OVERLOADED, will discard low-priority event!
pool-7-thread-3 Discard NBI event &apos;BmscEventRetryTO [id=4, retryTimes=0, retryStartTime=null, retryUpdateTime=null, extension=null, getVersion()=1.0, getNotificationType()=DELIVERY_REMOVE_OK, getEMBMSSessionId()=34, getDeliverySessionId()=null, getDeliveryInstanceId()=null, getDescription()=null, getContentURI()=null, getMd5Value()=4, getContentGroupId()=null, getRemovedDeliveryContents()=&apos;, current queue size: 4007
pool-7-thread-16 Reduce to4005
pool-7-thread-16 pick event 14, current size: 4005
NBI event queue is OVERLOADED, will discard low-priority event!
pool-7-thread-9 Discard NBI event &apos;BmscEventRetryTO [id=8, retryTimes=0, retryStartTime=null, retryUpdateTime=null, extension=null, getVersion()=1.0, getNotificationType()=DELIVERY_REMOVE_OK, getEMBMSSessionId()=21, getDeliverySessionId()=null, getDeliveryInstanceId()=null, getDescription()=null, getContentURI()=null, getMd5Value()=8, getContentGroupId()=null, getRemovedDeliveryContents()=&apos;, current queue size: 4006
pool-7-thread-7 Discard NBI event &apos;BmscEventRetryTO [id=6, retryTimes=0, retryStartTime=null, retryUpdateTime=null, extension=null, getVersion()=1.0, getNotificationType()=DELIVERY_REMOVE_OK, getEMBMSSessionId()=86, getDeliverySessionId()=null, getDeliveryInstanceId()=null, getDescription()=null, getContentURI()=null, getMd5Value()=6, getContentGroupId()=null, getRemovedDeliveryContents()=&apos;, current queue size: 4006
pool-7-thread-15 Reduce to4004
pool-7-thread-15 pick event 15, current size: 4004
pool-7-thread-4 Discard NBI event &apos;BmscEventRetryTO [id=2, retryTimes=0, retryStartTime=null, retryUpdateTime=null, extension=null, getVersion()=1.0, getNotificationType()=DELIVERY_REMOVE_OK, getEMBMSSessionId()=22, getDeliverySessionId()=null, getDeliveryInstanceId()=null, getDescription()=null, getContentURI()=null, getMd5Value()=2, getContentGroupId()=null, getRemovedDeliveryContents()=&apos;, current queue size: 4006
pool-7-thread-8 Discard NBI event &apos;BmscEventRetryTO [id=7, retryTimes=0, retryStartTime=null, retryUpdateTime=null, extension=null, getVersion()=1.0, getNotificationType()=DELIVERY_REMOVE_OK, getEMBMSSessionId()=64, getDeliverySessionId()=null, getDeliveryInstanceId()=null, getDescription()=null, getContentURI()=null, getMd5Value()=7, getContentGroupId()=null, getRemovedDeliveryContents()=&apos;, current queue size: 4004
pool-7-thread-20 Discard NBI event &apos;BmscEventRetryTO [id=11, retryTimes=0, retryStartTime=null, retryUpdateTime=null, extension=null, getVersion()=1.0, getNotificationType()=DELIVERY_REMOVE_OK, getEMBMSSessionId()=71, getDeliverySessionId()=null, getDeliveryInstanceId()=null, getDescription()=null, getContentURI()=null, getMd5Value()=11, getContentGroupId()=null, getRemovedDeliveryContents()=&apos;, current queue size: 4005
NBI event queue is OVERLOADED, will discard low-priority event!
pool-7-thread-19 Reduce to4003
pool-7-thread-19 pick event 16, current size: 4003
NBI event queue is OVERLOADED, will discard low-priority event!
pool-7-thread-10 Discard NBI event &apos;BmscEventRetryTO [id=9, retryTimes=0, retryStartTime=null, retryUpdateTime=null, extension=null, getVersion()=1.0, getNotificationType()=DELIVERY_REMOVE_OK, getEMBMSSessionId()=73, getDeliverySessionId()=null, getDeliveryInstanceId()=null, getDescription()=null, getContentURI()=null, getMd5Value()=9, getContentGroupId()=null, getRemovedDeliveryContents()=&apos;, current queue size: 4004
pool-7-thread-13 Reduce to4002
pool-7-thread-13 pick event 17, current size: 4002
pool-7-thread-17 Discard NBI event &apos;BmscEventRetryTO [id=13, retryTimes=0, retryStartTime=null, retryUpdateTime=null, extension=null, getVersion()=1.0, getNotificationType()=DELIVERY_REMOVE_OK, getEMBMSSessionId()=0, getDeliverySessionId()=null, getDeliveryInstanceId()=null, getDescription()=null, getContentURI()=null, getMd5Value()=13, getContentGroupId()=null, getRemovedDeliveryContents()=&apos;, current queue size: 4003
pool-7-thread-18 Discard NBI event &apos;BmscEventRetryTO [id=12, retryTimes=0, retryStartTime=null, retryUpdateTime=null, extension=null, getVersion()=1.0, getNotificationType()=DELIVERY_REMOVE_OK, getEMBMSSessionId()=93, getDeliverySessionId()=null, getDeliveryInstanceId()=null, getDescription()=null, getContentURI()=null, getMd5Value()=12, getContentGroupId()=null, getRemovedDeliveryContents()=&apos;, current queue size: 4003
pool-7-thread-14 Discard NBI event &apos;BmscEventRetryTO [id=10, retryTimes=0, retryStartTime=null, retryUpdateTime=null, extension=null, getVersion()=1.0, getNotificationType()=DELIVERY_REMOVE_OK, getEMBMSSessionId()=42, getDeliverySessionId()=null, getDeliveryInstanceId()=null, getDescription()=null, getContentURI()=null, getMd5Value()=10, getContentGroupId()=null, getRemovedDeliveryContents()=&apos;, current queue size: 4003
NBI event queue is OVERLOADED, will discard low-priority event!
pool-7-thread-11 Reduce to4001
pool-7-thread-11 pick event 18, current size: 4001
pool-7-thread-12 Reduce to4000
pool-7-thread-12 pick event 19, current size: 4000
pool-7-thread-1 reduces to 4000
pool-7-thread-5 reduces to 4000
pool-7-thread-2 reduces to 4000
pool-7-thread-6 reduces to 4000
pool-7-thread-3 reduces to 4000
pool-7-thread-9 reduces to 4000
pool-7-thread-7 reduces to 4000
pool-7-thread-4 reduces to 4000
pool-7-thread-8 reduces to 4000
pool-7-thread-20 reduces to 4000
pool-7-thread-10 reduces to 4000
pool-7-thread-14 reduces to 4000
pool-7-thread-18 reduces to 4000
pool-7-thread-14 Reduce to3999
pool-7-thread-14 pick event 20, current size: 3999
NBI event queue is OVERLOADED, will discard low-priority event!
pool-7-thread-17 reduces to 3999
pool-7-thread-15 Discard NBI event &apos;BmscEventRetryTO [id=15, retryTimes=0, retryStartTime=null, retryUpdateTime=null, extension=null, getVersion()=1.0, getNotificationType()=DELIVERY_REMOVE_OK, getEMBMSSessionId()=90, getDeliverySessionId()=null, getDeliveryInstanceId()=null, getDescription()=null, getContentURI()=null, getMd5Value()=15, getContentGroupId()=null, getRemovedDeliveryContents()=&apos;, current queue size: 4001
NBI event queue is OVERLOADED, will discard low-priority event!
NBI event queue is OVERLOADED, will discard low-priority event!
pool-7-thread-2 Reduce to3998
pool-7-thread-2 pick event 21, current size: 3998
pool-7-thread-4 Reduce to3997
pool-7-thread-4 pick event 22, current size: 3997
pool-7-thread-20 Reduce to3996
pool-7-thread-20 pick event 23, current size: 3996
pool-7-thread-5 Reduce to3995
pool-7-thread-5 pick event 24, current size: 3995
pool-7-thread-16 Discard NBI event &apos;BmscEventRetryTO [id=14, retryTimes=0, retryStartTime=null, retryUpdateTime=null, extension=null, getVersion()=1.0, getNotificationType()=DELIVERY_REMOVE_OK, getEMBMSSessionId()=30, getDeliverySessionId()=null, getDeliveryInstanceId()=null, getDescription()=null, getContentURI()=null, getMd5Value()=14, getContentGroupId()=null, getRemovedDeliveryContents()=&apos;, current queue size: 3999
pool-7-thread-1 Reduce to3994
pool-7-thread-1 pick event 25, current size: 3994
pool-7-thread-15 reduces to 3994
pool-7-thread-7 Reduce to3993
pool-7-thread-7 pick event 27, current size: 3993
pool-7-thread-19 Discard NBI event &apos;BmscEventRetryTO [id=16, retryTimes=0, retryStartTime=null, retryUpdateTime=null, extension=null, getVersion()=1.0, getNotificationType()=DELIVERY_REMOVE_OK, getEMBMSSessionId()=85, getDeliverySessionId()=null, getDeliveryInstanceId()=null, getDescription()=null, getContentURI()=null, getMd5Value()=16, getContentGroupId()=null, getRemovedDeliveryContents()=&apos;, current queue size: 3996
pool-7-thread-11 Discard NBI event &apos;BmscEventRetryTO [id=18, retryTimes=0, retryStartTime=null, retryUpdateTime=null, extension=null, getVersion()=1.0, getNotificationType()=DELIVERY_REMOVE_OK, getEMBMSSessionId()=65, getDeliverySessionId()=null, getDeliveryInstanceId()=null, getDescription()=null, getContentURI()=null, getMd5Value()=18, getContentGroupId()=null, getRemovedDeliveryContents()=&apos;, current queue size: 3994
pool-7-thread-8 Reduce to3992
pool-7-thread-8 pick event 29, current size: 3992
pool-7-thread-10 Reduce to3991
pool-7-thread-10 pick event 30, current size: 3991
pool-7-thread-12 Discard NBI event &apos;BmscEventRetryTO [id=19, retryTimes=0, retryStartTime=null, retryUpdateTime=null, extension=null, getVersion()=1.0, getNotificationType()=DELIVERY_REMOVE_OK, getEMBMSSessionId()=95, getDeliverySessionId()=null, getDeliveryInstanceId()=null, getDescription()=null, getContentURI()=null, getMd5Value()=19, getContentGroupId()=null, getRemovedDeliveryContents()=&apos;, current queue size: 3991
pool-7-thread-18 Reduce to3990
pool-7-thread-18 pick event 31, current size: 3990
pool-7-thread-9 Reduce to3989
pool-7-thread-9 pick event 32, current size: 3989
pool-7-thread-13 Discard NBI event &apos;BmscEventRetryTO [id=17, retryTimes=0, retryStartTime=null, retryUpdateTime=null, extension=null, getVersion()=1.0, getNotificationType()=DELIVERY_REMOVE_OK, getEMBMSSessionId()=92, getDeliverySessionId()=null, getDeliveryInstanceId()=null, getDescription()=null, getContentURI()=null, getMd5Value()=17, getContentGroupId()=null, getRemovedDeliveryContents()=&apos;, current queue size: 3992
pool-7-thread-6 Reduce to3988
pool-7-thread-6 pick event 33, current size: 3988
pool-7-thread-4 reduces to 3987
pool-7-thread-16 reduces to 3987
pool-7-thread-17 Reduce to3986
pool-7-thread-17 pick event 34, current size: 3986
pool-7-thread-11 reduces to 3986
pool-7-thread-20 reduces to 3986
pool-7-thread-15 Reduce to3985
pool-7-thread-15 pick event 35, current size: 3985
pool-7-thread-3 Reduce to3984
pool-7-thread-3 pick event 36, current size: 3984
pool-7-thread-13 reduces to 3984
pool-7-thread-7 reduces to 3984
pool-7-thread-2 reduces to 3984
pool-7-thread-12 reduces to 3984
pool-7-thread-14 reduces to 3983
pool-7-thread-11 Reduce to3982
pool-7-thread-11 pick event 37, current size: 3982
pool-7-thread-14 reduces to 3982
pool-7-thread-19 reduces to 3982
pool-7-thread-4 reduces to 3982
pool-7-thread-16 Reduce to3981
pool-7-thread-16 pick event 39, current size: 3981
pool-7-thread-4 Reduce to3980
pool-7-thread-4 pick event 40, current size: 3980
pool-7-thread-5 reduces to 3980
pool-7-thread-8 reduces to 3980
pool-7-thread-1 reduces to 3980
pool-7-thread-20 Reduce to3979
pool-7-thread-18 reduces to 3979
pool-7-thread-20 pick event 41, current size: 3979
pool-7-thread-2 Reduce to3978
pool-7-thread-2 pick event 42, current size: 3978
pool-7-thread-10 reduces to 3978
pool-7-thread-7 Reduce to3977
pool-7-thread-7 pick event 43, current size: 3977
pool-7-thread-12 Reduce to3976
pool-7-thread-12 pick event 44, current size: 3976
pool-7-thread-9 reduces to 3975
pool-7-thread-13 Reduce to3974
pool-7-thread-13 pick event 45, current size: 3974
pool-7-thread-9 reduces to 3974
pool-7-thread-6 reduces to 3974
pool-7-thread-15 reduces to 3974
pool-7-thread-17 reduces to 3974
pool-7-thread-11 reduces to 3974
pool-7-thread-3 reduces to 3974
pool-7-thread-19 Reduce to3973
pool-7-thread-19 pick event 46, current size: 3973
pool-7-thread-14 Reduce to3972
pool-7-thread-14 pick event 47, current size: 3972
pool-7-thread-9 Reduce to3971
pool-7-thread-9 pick event 48, current size: 3971
pool-7-thread-5 Reduce to3970
pool-7-thread-5 pick event 49, current size: 3970
pool-7-thread-8 Reduce to3969
pool-7-thread-8 pick event 50, current size: 3969
pool-7-thread-4 reduces to 3969
pool-7-thread-18 Reduce to3968
pool-7-thread-18 pick event 52, current size: 3968
pool-7-thread-2 reduces to 3968
pool-7-thread-10 Reduce to3967
pool-7-thread-10 pick event 53, current size: 3967
pool-7-thread-20 reduces to 3967
pool-7-thread-16 reduces to 3967
pool-7-thread-7 reduces to 3967
pool-7-thread-13 reduces to 3967
pool-7-thread-12 reduces to 3967
pool-7-thread-6 Reduce to3966
pool-7-thread-6 pick event 54, current size: 3966
pool-7-thread-15 Reduce to3965
pool-7-thread-15 pick event 55, current size: 3965
pool-7-thread-11 Reduce to3964
pool-7-thread-11 pick event 56, current size: 3964
pool-7-thread-3 Reduce to3963
pool-7-thread-3 pick event 57, current size: 3963
pool-7-thread-17 Reduce to3962
pool-7-thread-17 pick event 58, current size: 3962
pool-7-thread-4 Reduce to3961
pool-7-thread-4 pick event 59, current size: 3961
pool-7-thread-1 Reduce to3960
pool-7-thread-1 pick event 60, current size: 3960
pool-7-thread-14 reduces to 3960
pool-7-thread-19 reduces to 3959
pool-7-thread-7 Reduce to3958
pool-7-thread-7 pick event 62, current size: 3958
pool-7-thread-20 Reduce to3957
pool-7-thread-20 pick event 63, current size: 3957
pool-7-thread-5 reduces to 3957
pool-7-thread-16 Reduce to3956
pool-7-thread-16 pick event 64, current size: 3956
pool-7-thread-13 Reduce to3955
pool-7-thread-13 pick event 66, current size: 3955
pool-7-thread-6 reduces to 3955
pool-7-thread-18 reduces to 3955
pool-7-thread-8 reduces to 3955
pool-7-thread-15 reduces to 3955
pool-7-thread-14 Reduce to3954
pool-7-thread-14 pick event 67, current size: 3954
pool-7-thread-9 reduces to 3954
pool-7-thread-10 reduces to 3954
pool-7-thread-4 reduces to 3953
pool-7-thread-19 reduces to 3953
pool-7-thread-11 reduces to 3953
pool-7-thread-2 Reduce to3952
pool-7-thread-2 pick event 68, current size: 3952
pool-7-thread-17 reduces to 3952
pool-7-thread-1 reduces to 3952
pool-7-thread-5 Reduce to3951
pool-7-thread-5 pick event 69, current size: 3951
pool-7-thread-12 Reduce to3950
pool-7-thread-12 pick event 70, current size: 3950
pool-7-thread-18 Reduce to3949
pool-7-thread-18 pick event 71, current size: 3949
pool-7-thread-8 Reduce to3948
pool-7-thread-8 pick event 72, current size: 3948
pool-7-thread-9 Reduce to3947
pool-7-thread-9 pick event 73, current size: 3947
pool-7-thread-3 reduces to 3947
pool-7-thread-4 reduces to 3947
pool-7-thread-6 Reduce to3946
pool-7-thread-6 pick event 74, current size: 3946
pool-7-thread-15 Reduce to3945
pool-7-thread-15 pick event 75, current size: 3945
pool-7-thread-10 Reduce to3944
pool-7-thread-10 pick event 76, current size: 3944
pool-7-thread-13 reduces to 3944
pool-7-thread-14 reduces to 3944
pool-7-thread-7 reduces to 3944
pool-7-thread-20 reduces to 3944
pool-7-thread-16 reduces to 3943
pool-7-thread-11 Reduce to3942
pool-7-thread-11 pick event 78, current size: 3942
pool-7-thread-17 Reduce to3941
pool-7-thread-17 pick event 79, current size: 3941
pool-7-thread-19 Reduce to3940
pool-7-thread-19 pick event 80, current size: 3940
pool-7-thread-2 reduces to 3940
pool-7-thread-1 Reduce to3939
pool-7-thread-1 pick event 81, current size: 3939
pool-7-thread-3 Reduce to3938
pool-7-thread-3 pick event 82, current size: 3938
pool-7-thread-5 reduces to 3938
pool-7-thread-18 reduces to 3938
pool-7-thread-8 reduces to 3938
pool-7-thread-12 reduces to 3938
pool-7-thread-9 reduces to 3937
pool-7-thread-4 Reduce to3936
pool-7-thread-4 pick event 83, current size: 3936
pool-7-thread-12 Reduce to3935
pool-7-thread-12 pick event 84, current size: 3935
pool-7-thread-16 reduces to 3935
pool-7-thread-20 Reduce to3934
pool-7-thread-20 pick event 85, current size: 3934
pool-7-thread-7 Reduce to3933
pool-7-thread-7 pick event 86, current size: 3933
pool-7-thread-14 Reduce to3932
pool-7-thread-14 pick event 87, current size: 3932
pool-7-thread-6 reduces to 3932
pool-7-thread-19 reduces to 3932
pool-7-thread-9 reduces to 3932
pool-7-thread-2 Reduce to3931
pool-7-thread-2 pick event 89, current size: 3931
pool-7-thread-15 reduces to 3931
pool-7-thread-5 Reduce to3930
pool-7-thread-5 pick event 90, current size: 3930
pool-7-thread-8 Reduce to3929
pool-7-thread-8 pick event 91, current size: 3929
pool-7-thread-18 Reduce to3928
pool-7-thread-18 pick event 92, current size: 3928
pool-7-thread-11 reduces to 3928
pool-7-thread-17 reduces to 3928
pool-7-thread-10 reduces to 3928
pool-7-thread-4 reduces to 3928
pool-7-thread-12 reduces to 3928
pool-7-thread-1 reduces to 3927
pool-7-thread-3 reduces to 3927
pool-7-thread-16 Reduce to3926
pool-7-thread-16 pick event 93, current size: 3926
pool-7-thread-6 Reduce to3925
pool-7-thread-6 pick event 94, current size: 3925
pool-7-thread-13 Reduce to3924
pool-7-thread-13 pick event 95, current size: 3924
pool-7-thread-7 reduces to 3924
pool-7-thread-20 reduces to 3923
pool-7-thread-14 reduces to 3923
pool-7-thread-9 Reduce to3922
pool-7-thread-9 pick event 97, current size: 3922
pool-7-thread-15 Reduce to3921
pool-7-thread-15 pick event 98, current size: 3921
pool-7-thread-11 Reduce to3920
pool-7-thread-11 pick event 99, current size: 3920
pool-7-thread-1 reduces to 3920
pool-7-thread-17 Reduce to3919
pool-7-thread-17 pick event 100, current size: 3919
pool-7-thread-10 Reduce to3918
pool-7-thread-10 pick event 101, current size: 3918
pool-7-thread-12 Reduce to3917
pool-7-thread-12 pick event 102, current size: 3917
pool-7-thread-3 Reduce to3916
pool-7-thread-3 pick event 103, current size: 3916
pool-7-thread-2 reduces to 3916
pool-7-thread-4 Reduce to3915
pool-7-thread-4 pick event 104, current size: 3915
pool-7-thread-16 reduces to 3915
pool-7-thread-20 reduces to 3915
pool-7-thread-18 reduces to 3915
pool-7-thread-5 reduces to 3915
pool-7-thread-19 Reduce to3914
pool-7-thread-19 pick event 106, current size: 3914
pool-7-thread-8 reduces to 3914
pool-7-thread-14 Reduce to3913
pool-7-thread-14 pick event 107, current size: 3913
pool-7-thread-13 reduces to 3913
pool-7-thread-15 reduces to 3913
pool-7-thread-6 reduces to 3913
pool-7-thread-11 reduces to 3913
pool-7-thread-9 reduces to 3913
pool-7-thread-1 Reduce to3912
pool-7-thread-1 pick event 108, current size: 3912
pool-7-thread-17 reduces to 3912
pool-7-thread-2 Reduce to3911
pool-7-thread-2 pick event 110, current size: 3911
pool-7-thread-16 Reduce to3910
pool-7-thread-16 pick event 111, current size: 3910
pool-7-thread-10 reduces to 3910
pool-7-thread-12 reduces to 3910
pool-7-thread-7 Reduce to3909
pool-7-thread-7 pick event 112, current size: 3909
pool-7-thread-4 reduces to 3909
pool-7-thread-3 reduces to 3908
pool-7-thread-18 Reduce to3907
pool-7-thread-18 pick event 113, current size: 3907
pool-7-thread-20 Reduce to3906
pool-7-thread-20 pick event 114, current size: 3906
pool-7-thread-5 Reduce to3905
pool-7-thread-5 pick event 115, current size: 3905
pool-7-thread-9 Reduce to3904
pool-7-thread-9 pick event 116, current size: 3904
pool-7-thread-8 Reduce to3903
pool-7-thread-8 pick event 117, current size: 3903
pool-7-thread-13 Reduce to3902
pool-7-thread-13 pick event 118, current size: 3902
pool-7-thread-15 Reduce to3901
pool-7-thread-15 pick event 119, current size: 3901
pool-7-thread-19 reduces to 3900
pool-7-thread-11 Reduce to3899
pool-7-thread-11 pick event 120, current size: 3899
pool-7-thread-1 reduces to 3899
pool-7-thread-6 Reduce to3898
pool-7-thread-6 pick event 121, current size: 3898
pool-7-thread-17 Reduce to3897
pool-7-thread-17 pick event 122, current size: 3897
pool-7-thread-12 Reduce to3896
pool-7-thread-12 pick event 123, current size: 3896
pool-7-thread-3 reduces to 3896
pool-7-thread-4 Reduce to3895
pool-7-thread-4 pick event 124, current size: 3895
pool-7-thread-10 Reduce to3894
pool-7-thread-10 pick event 125, current size: 3894
pool-7-thread-3 Reduce to3893
pool-7-thread-3 pick event 126, current size: 3893
pool-7-thread-20 reduces to 3893
pool-7-thread-7 reduces to 3893
pool-7-thread-19 reduces to 3893
pool-7-thread-14 reduces to 3893
pool-7-thread-18 reduces to 3893
pool-7-thread-5 reduces to 3893
pool-7-thread-1 Reduce to3892
pool-7-thread-1 pick event 127, current size: 3892
pool-7-thread-9 reduces to 3892
pool-7-thread-15 reduces to 3892
pool-7-thread-16 reduces to 3892
pool-7-thread-8 reduces to 3892
pool-7-thread-2 reduces to 3892
pool-7-thread-11 reduces to 3892
pool-7-thread-6 reduces to 3892
pool-7-thread-17 reduces to 3892
pool-7-thread-13 reduces to 3892
pool-7-thread-12 reduces to 3892
pool-7-thread-7 Reduce to3891
pool-7-thread-7 pick event 128, current size: 3891
pool-7-thread-20 Reduce to3890
pool-7-thread-20 pick event 129, current size: 3890
pool-7-thread-10 reduces to 3890
pool-7-thread-4 reduces to 3890
pool-7-thread-3 reduces to 3890
pool-7-thread-19 Reduce to3889
pool-7-thread-19 pick event 130, current size: 3889
pool-7-thread-9 Reduce to3888
pool-7-thread-9 pick event 131, current size: 3888
pool-7-thread-4 Reduce to3887
pool-7-thread-4 pick event 132, current size: 3887
pool-7-thread-18 Reduce to3886
pool-7-thread-18 pick event 133, current size: 3886
pool-7-thread-5 Reduce to3885
pool-7-thread-5 pick event 134, current size: 3885
pool-7-thread-8 Reduce to3884
pool-7-thread-8 pick event 135, current size: 3884
pool-7-thread-16 Reduce to3883
pool-7-thread-16 pick event 136, current size: 3883
pool-7-thread-6 Reduce to3882
pool-7-thread-6 pick event 137, current size: 3882
pool-7-thread-14 Reduce to3881
pool-7-thread-14 pick event 138, current size: 3881
pool-7-thread-13 Reduce to3880
pool-7-thread-13 pick event 139, current size: 3880
pool-7-thread-12 Reduce to3879
pool-7-thread-12 pick event 140, current size: 3879
pool-7-thread-15 Reduce to3878
pool-7-thread-15 pick event 141, current size: 3878
pool-7-thread-17 Reduce to3877
pool-7-thread-17 pick event 142, current size: 3877
pool-7-thread-2 Reduce to3876
pool-7-thread-2 pick event 143, current size: 3876
pool-7-thread-1 reduces to 3876
pool-7-thread-3 Reduce to3875
pool-7-thread-3 pick event 145, current size: 3875
pool-7-thread-7 reduces to 3875
pool-7-thread-10 Reduce to3874
pool-7-thread-10 pick event 146, current size: 3874
pool-7-thread-19 reduces to 3874
pool-7-thread-9 reduces to 3874
pool-7-thread-4 reduces to 3874
pool-7-thread-20 reduces to 3874
pool-7-thread-18 reduces to 3874
pool-7-thread-5 reduces to 3874
pool-7-thread-8 reduces to 3874
pool-7-thread-6 reduces to 3874
pool-7-thread-16 reduces to 3874
pool-7-thread-11 Reduce to3873
pool-7-thread-11 pick event 147, current size: 3873
pool-7-thread-16 Reduce to3872
pool-7-thread-16 pick event 148, current size: 3872
pool-7-thread-20 Reduce to3871
pool-7-thread-20 pick event 149, current size: 3871
pool-7-thread-15 reduces to 3871
pool-7-thread-12 reduces to 3870
pool-7-thread-9 Reduce to3869
pool-7-thread-9 pick event 150, current size: 3869
pool-7-thread-1 Reduce to3868
pool-7-thread-1 pick event 151, current size: 3868
pool-7-thread-4 Reduce to3867
pool-7-thread-4 pick event 152, current size: 3867
pool-7-thread-13 reduces to 3867
pool-7-thread-6 Reduce to3866
pool-7-thread-6 pick event 153, current size: 3866
pool-7-thread-5 Reduce to3865
pool-7-thread-5 pick event 154, current size: 3865
pool-7-thread-17 reduces to 3865
pool-7-thread-8 Reduce to3864
pool-7-thread-8 pick event 156, current size: 3864
pool-7-thread-19 Reduce to3863
pool-7-thread-19 pick event 157, current size: 3863
pool-7-thread-7 Reduce to3862
pool-7-thread-7 pick event 158, current size: 3862
pool-7-thread-14 reduces to 3862
pool-7-thread-10 reduces to 3862
pool-7-thread-3 reduces to 3862
pool-7-thread-12 reduces to 3861
pool-7-thread-15 Reduce to3860
pool-7-thread-15 pick event 159, current size: 3860
pool-7-thread-13 Reduce to3859
pool-7-thread-13 pick event 160, current size: 3859
pool-7-thread-11 reduces to 3859
pool-7-thread-2 reduces to 3859
pool-7-thread-20 reduces to 3859
pool-7-thread-9 reduces to 3859
pool-7-thread-17 Reduce to3858
pool-7-thread-17 pick event 161, current size: 3858
pool-7-thread-1 reduces to 3858
pool-7-thread-16 reduces to 3858
pool-7-thread-14 Reduce to3857
pool-7-thread-14 pick event 162, current size: 3857
pool-7-thread-18 Reduce to3856
pool-7-thread-18 pick event 164, current size: 3856
pool-7-thread-11 Reduce to3855
pool-7-thread-11 pick event 165, current size: 3855
pool-7-thread-5 reduces to 3855
pool-7-thread-4 reduces to 3855
pool-7-thread-10 Reduce to3854
pool-7-thread-10 pick event 166, current size: 3854
pool-7-thread-3 Reduce to3853
pool-7-thread-3 pick event 167, current size: 3853
pool-7-thread-6 reduces to 3853
pool-7-thread-7 reduces to 3853
pool-7-thread-19 reduces to 3853
pool-7-thread-8 reduces to 3853
pool-7-thread-5 Reduce to3852
pool-7-thread-5 pick event 168, current size: 3852
pool-7-thread-12 reduces to 3852
pool-7-thread-1 Reduce to3851
pool-7-thread-1 pick event 169, current size: 3851
pool-7-thread-9 Reduce to3850
pool-7-thread-9 pick event 170, current size: 3850
pool-7-thread-15 reduces to 3850
pool-7-thread-13 reduces to 3850
pool-7-thread-4 Reduce to3849
pool-7-thread-4 pick event 171, current size: 3849
pool-7-thread-20 Reduce to3848
pool-7-thread-20 pick event 172, current size: 3848
pool-7-thread-2 Reduce to3847
pool-7-thread-2 pick event 173, current size: 3847
pool-7-thread-16 Reduce to3846
pool-7-thread-16 pick event 174, current size: 3846
pool-7-thread-17 reduces to 3845
pool-7-thread-19 Reduce to3844
pool-7-thread-19 pick event 175, current size: 3844
pool-7-thread-7 Reduce to3843
pool-7-thread-7 pick event 176, current size: 3843
pool-7-thread-14 reduces to 3843
pool-7-thread-8 Reduce to3842
pool-7-thread-8 pick event 177, current size: 3842
pool-7-thread-6 Reduce to3841
pool-7-thread-6 pick event 178, current size: 3841
pool-7-thread-18 reduces to 3841
pool-7-thread-10 reduces to 3841
pool-7-thread-11 reduces to 3841
pool-7-thread-5 reduces to 3841
pool-7-thread-12 Reduce to3840
pool-7-thread-12 pick event 179, current size: 3840
pool-7-thread-3 reduces to 3840
pool-7-thread-15 Reduce to3839
pool-7-thread-15 pick event 180, current size: 3839
pool-7-thread-13 Reduce to3838
pool-7-thread-13 pick event 181, current size: 3838
pool-7-thread-2 reduces to 3838
pool-7-thread-18 Reduce to3837
pool-7-thread-18 pick event 182, current size: 3837
pool-7-thread-17 reduces to 3837
pool-7-thread-11 Reduce to3836
pool-7-thread-11 pick event 183, current size: 3836
pool-7-thread-1 reduces to 3836
pool-7-thread-14 Reduce to3835
pool-7-thread-14 pick event 185, current size: 3835
pool-7-thread-5 Reduce to3834
pool-7-thread-5 pick event 186, current size: 3834
pool-7-thread-3 Reduce to3833
pool-7-thread-3 pick event 187, current size: 3833
pool-7-thread-17 Reduce to3832
pool-7-thread-17 pick event 188, current size: 3832
pool-7-thread-12 reduces to 3832
pool-7-thread-19 reduces to 3832
pool-7-thread-4 reduces to 3832
pool-7-thread-9 reduces to 3831
pool-7-thread-16 reduces to 3831
pool-7-thread-2 Reduce to3830
pool-7-thread-2 pick event 189, current size: 3830
pool-7-thread-20 reduces to 3830
pool-7-thread-6 reduces to 3830
pool-7-thread-7 reduces to 3830
pool-7-thread-15 reduces to 3830
pool-7-thread-13 reduces to 3830
pool-7-thread-8 reduces to 3830
pool-7-thread-18 reduces to 3830
pool-7-thread-10 Reduce to3829
pool-7-thread-10 pick event 190, current size: 3829
pool-7-thread-1 Reduce to3828
pool-7-thread-1 pick event 191, current size: 3828
pool-7-thread-17 reduces to 3828
pool-7-thread-9 reduces to 3828
pool-7-thread-19 Reduce to3827
pool-7-thread-19 pick event 192, current size: 3827
pool-7-thread-7 Reduce to3826
pool-7-thread-7 pick event 193, current size: 3826
pool-7-thread-3 reduces to 3826
pool-7-thread-5 reduces to 3826
pool-7-thread-18 Reduce to3825
pool-7-thread-18 pick event 194, current size: 3825
pool-7-thread-1 reduces to 3825
pool-7-thread-16 Reduce to3824
pool-7-thread-16 pick event 195, current size: 3824
pool-7-thread-14 reduces to 3824
pool-7-thread-10 reduces to 3824
pool-7-thread-12 Reduce to3823
pool-7-thread-12 pick event 196, current size: 3823
pool-7-thread-2 reduces to 3823
pool-7-thread-20 Reduce to3822
pool-7-thread-20 pick event 197, current size: 3822
pool-7-thread-6 Reduce to3821
pool-7-thread-6 pick event 198, current size: 3821
pool-7-thread-15 Reduce to3820
pool-7-thread-15 pick event 199, current size: 3820
pool-7-thread-11 reduces to 3820
pool-7-thread-12 reduces to 3820
pool-7-thread-19 reduces to 3820
pool-7-thread-7 reduces to 3820
pool-7-thread-16 reduces to 3820
pool-7-thread-13 Reduce to3819
pool-7-thread-13 pick event 200, current size: 3819
pool-7-thread-8 Reduce to3818
pool-7-thread-8 pick event 201, current size: 3818
pool-7-thread-20 reduces to 3818
pool-7-thread-15 reduces to 3818
pool-7-thread-18 reduces to 3818
pool-7-thread-4 Reduce to3817
pool-7-thread-4 pick event 202, current size: 3817
pool-7-thread-6 reduces to 3817
pool-7-thread-8 reduces to 3817
pool-7-thread-17 Reduce to3816
pool-7-thread-17 pick event 203, current size: 3816
pool-7-thread-13 reduces to 3816
pool-7-thread-4 reduces to 3816
pool-7-thread-3 Reduce to3815
pool-7-thread-3 pick event 204, current size: 3815
pool-7-thread-9 Reduce to3814
pool-7-thread-9 pick event 205, current size: 3814
pool-7-thread-17 reduces to 3814
pool-7-thread-4 Reduce to3813
pool-7-thread-4 pick event 206, current size: 3813
pool-7-thread-14 Reduce to3812
pool-7-thread-14 pick event 207, current size: 3812
pool-7-thread-1 Reduce to3811
pool-7-thread-1 pick event 208, current size: 3811
pool-7-thread-9 reduces to 3811
pool-7-thread-10 Reduce to3810
pool-7-thread-10 pick event 209, current size: 3810
pool-7-thread-3 reduces to 3810
pool-7-thread-10 reduces to 3810
pool-7-thread-4 reduces to 3810
pool-7-thread-2 Reduce to3809
pool-7-thread-2 pick event 210, current size: 3809
pool-7-thread-1 reduces to 3809
pool-7-thread-14 reduces to 3809
pool-7-thread-11 Reduce to3808
pool-7-thread-11 pick event 211, current size: 3808
pool-7-thread-12 Reduce to3807
pool-7-thread-12 pick event 212, current size: 3807
pool-7-thread-2 reduces to 3807
pool-7-thread-11 reduces to 3807
pool-7-thread-19 Reduce to3806
pool-7-thread-19 pick event 213, current size: 3806
pool-7-thread-7 Reduce to3805
pool-7-thread-7 pick event 214, current size: 3805
pool-7-thread-7 reduces to 3805
pool-7-thread-16 Reduce to3804
pool-7-thread-16 pick event 215, current size: 3804
pool-7-thread-12 reduces to 3804
pool-7-thread-20 Reduce to3803
pool-7-thread-20 pick event 216, current size: 3803
pool-7-thread-19 reduces to 3803
pool-7-thread-12 Reduce to3802
pool-7-thread-12 pick event 217, current size: 3802
pool-7-thread-6 Reduce to3801
pool-7-thread-6 pick event 218, current size: 3801
pool-7-thread-18 Reduce to3800
pool-7-thread-18 pick event 219, current size: 3800
pool-7-thread-16 reduces to 3800
pool-7-thread-8 Reduce to3799
pool-7-thread-8 pick event 220, current size: 3799
pool-7-thread-12 reduces to 3799
pool-7-thread-5 Reduce to3798
pool-7-thread-5 pick event 221, current size: 3798
pool-7-thread-13 Reduce to3797
pool-7-thread-13 pick event 222, current size: 3797
pool-7-thread-8 reduces to 3797
pool-7-thread-17 Reduce to3796
pool-7-thread-20 reduces to 3796
pool-7-thread-17 pick event 223, current size: 3796
pool-7-thread-9 Reduce to3795
pool-7-thread-9 pick event 224, current size: 3795
pool-7-thread-6 reduces to 3795
pool-7-thread-18 reduces to 3795
pool-7-thread-3 Reduce to3794
pool-7-thread-3 pick event 225, current size: 3794
pool-7-thread-10 Reduce to3793
pool-7-thread-10 pick event 226, current size: 3793
pool-7-thread-13 reduces to 3793
pool-7-thread-17 reduces to 3793
pool-7-thread-5 reduces to 3793
pool-7-thread-4 Reduce to3792
pool-7-thread-4 pick event 227, current size: 3792
pool-7-thread-9 reduces to 3792
pool-7-thread-3 reduces to 3791
pool-7-thread-10 reduces to 3791
pool-7-thread-3 reduces to 3791
pool-7-thread-14 Reduce to3790
pool-7-thread-14 pick event 229, current size: 3790
pool-7-thread-2 Reduce to3789
pool-7-thread-2 pick event 230, current size: 3789
pool-7-thread-4 reduces to 3789
pool-7-thread-11 Reduce to3788
pool-7-thread-11 pick event 231, current size: 3788
pool-7-thread-7 Reduce to3787
pool-7-thread-7 pick event 232, current size: 3787
pool-7-thread-15 Reduce to3786
pool-7-thread-15 pick event 233, current size: 3786
pool-7-thread-19 Reduce to3785
pool-7-thread-19 pick event 234, current size: 3785
pool-7-thread-14 reduces to 3785
pool-7-thread-16 Reduce to3784
pool-7-thread-16 pick event 235, current size: 3784
pool-7-thread-11 reduces to 3784
pool-7-thread-2 reduces to 3784
pool-7-thread-15 reduces to 3784
pool-7-thread-12 Reduce to3783
pool-7-thread-12 pick event 236, current size: 3783
pool-7-thread-19 reduces to 3783
pool-7-thread-16 reduces to 3783
pool-7-thread-8 Reduce to3782
pool-7-thread-8 pick event 237, current size: 3782
pool-7-thread-20 Reduce to3781
pool-7-thread-20 pick event 238, current size: 3781
pool-7-thread-7 reduces to 3781
pool-7-thread-6 Reduce to3780
pool-7-thread-6 pick event 239, current size: 3780
pool-7-thread-12 reduces to 3780
pool-7-thread-8 reduces to 3780
pool-7-thread-20 reduces to 3780
pool-7-thread-18 Reduce to3779
pool-7-thread-18 pick event 240, current size: 3779
pool-7-thread-13 Reduce to3778
pool-7-thread-13 pick event 241, current size: 3778
pool-7-thread-17 Reduce to3777
pool-7-thread-17 pick event 242, current size: 3777
pool-7-thread-6 reduces to 3777
pool-7-thread-18 reduces to 3777
pool-7-thread-5 Reduce to3776
pool-7-thread-5 pick event 243, current size: 3776
pool-7-thread-9 Reduce to3775
pool-7-thread-9 pick event 244, current size: 3775
pool-7-thread-1 Reduce to3774
pool-7-thread-1 pick event 245, current size: 3774
pool-7-thread-13 reduces to 3774
pool-7-thread-17 reduces to 3774
pool-7-thread-9 reduces to 3774
pool-7-thread-10 Reduce to3773
pool-7-thread-10 pick event 246, current size: 3773
pool-7-thread-1 reduces to 3773
pool-7-thread-3 Reduce to3772
pool-7-thread-3 pick event 247, current size: 3772
pool-7-thread-4 Reduce to3771
pool-7-thread-4 pick event 248, current size: 3771
pool-7-thread-14 Reduce to3770
pool-7-thread-14 pick event 249, current size: 3770
pool-7-thread-5 reduces to 3770
pool-7-thread-11 Reduce to3769
pool-7-thread-11 pick event 250, current size: 3769
pool-7-thread-3 reduces to 3769
pool-7-thread-2 Reduce to3768
pool-7-thread-2 pick event 251, current size: 3768
pool-7-thread-15 Reduce to3767
pool-7-thread-15 pick event 252, current size: 3767
pool-7-thread-11 reduces to 3767
pool-7-thread-10 reduces to 3767
pool-7-thread-14 reduces to 3767
pool-7-thread-16 Reduce to3766
pool-7-thread-16 pick event 253, current size: 3766
pool-7-thread-7 Reduce to3765
pool-7-thread-7 pick event 254, current size: 3765
pool-7-thread-19 Reduce to3764
pool-7-thread-19 pick event 255, current size: 3764
pool-7-thread-15 reduces to 3764
pool-7-thread-4 reduces to 3764
pool-7-thread-2 reduces to 3764
pool-7-thread-12 Reduce to3763
pool-7-thread-12 pick event 256, current size: 3763
pool-7-thread-8 Reduce to3762
pool-7-thread-8 pick event 257, current size: 3762
pool-7-thread-16 reduces to 3762
pool-7-thread-7 reduces to 3762
pool-7-thread-20 Reduce to3761
pool-7-thread-20 pick event 258, current size: 3761
pool-7-thread-19 reduces to 3761
pool-7-thread-6 Reduce to3760
pool-7-thread-6 pick event 259, current size: 3760
pool-7-thread-8 reduces to 3760
pool-7-thread-18 Reduce to3759
pool-7-thread-18 pick event 260, current size: 3759
pool-7-thread-13 Reduce to3758
pool-7-thread-13 pick event 261, current size: 3758
pool-7-thread-12 reduces to 3758
pool-7-thread-6 reduces to 3758
pool-7-thread-20 reduces to 3757
pool-7-thread-18 reduces to 3756
pool-7-thread-1 Reduce to3755
pool-7-thread-1 pick event 264, current size: 3755
pool-7-thread-18 reduces to 3755
pool-7-thread-13 reduces to 3755
pool-7-thread-5 Reduce to3754
pool-7-thread-5 pick event 265, current size: 3754
pool-7-thread-20 reduces to 3754
pool-7-thread-1 reduces to 3754
pool-7-thread-11 Reduce to3753
pool-7-thread-11 pick event 266, current size: 3753
pool-7-thread-3 Reduce to3752
pool-7-thread-3 pick event 267, current size: 3752
pool-7-thread-10 Reduce to3751
pool-7-thread-10 pick event 268, current size: 3751
pool-7-thread-15 Reduce to3750
pool-7-thread-15 pick event 269, current size: 3750
pool-7-thread-14 Reduce to3749
pool-7-thread-14 pick event 270, current size: 3749
pool-7-thread-12 Reduce to3748
pool-7-thread-12 pick event 271, current size: 3748
pool-7-thread-4 Reduce to3747
pool-7-thread-4 pick event 272, current size: 3747
pool-7-thread-2 Reduce to3746
pool-7-thread-5 reduces to 3746
pool-7-thread-2 pick event 273, current size: 3746
pool-7-thread-16 Reduce to3745
pool-7-thread-16 pick event 274, current size: 3745
pool-7-thread-7 Reduce to3744
pool-7-thread-7 pick event 275, current size: 3744
pool-7-thread-19 Reduce to3743
pool-7-thread-19 pick event 276, current size: 3743
pool-7-thread-8 Reduce to3742
pool-7-thread-8 pick event 277, current size: 3742
pool-7-thread-17 Reduce to3741
pool-7-thread-17 pick event 278, current size: 3741
pool-7-thread-11 reduces to 3741
pool-7-thread-6 Reduce to3740
pool-7-thread-6 pick event 279, current size: 3740
pool-7-thread-10 reduces to 3740
pool-7-thread-15 reduces to 3740
pool-7-thread-4 reduces to 3740
pool-7-thread-3 reduces to 3740
pool-7-thread-16 reduces to 3740
pool-7-thread-14 reduces to 3740
pool-7-thread-19 reduces to 3740
pool-7-thread-12 reduces to 3740
pool-7-thread-7 reduces to 3740
pool-7-thread-8 reduces to 3740
pool-7-thread-17 reduces to 3739
pool-7-thread-17 reduces to 3739
pool-7-thread-18 Reduce to3738
pool-7-thread-18 pick event 281, current size: 3738
pool-7-thread-1 Reduce to3737
pool-7-thread-6 reduces to 3737
pool-7-thread-2 reduces to 3737
pool-7-thread-1 pick event 282, current size: 3737
pool-7-thread-13 Reduce to3736
pool-7-thread-13 pick event 283, current size: 3736
pool-7-thread-20 Reduce to3735
pool-7-thread-20 pick event 284, current size: 3735
pool-7-thread-5 Reduce to3734
pool-7-thread-5 pick event 285, current size: 3734
pool-7-thread-10 Reduce to3733
pool-7-thread-10 pick event 286, current size: 3733
pool-7-thread-11 Reduce to3732
pool-7-thread-11 pick event 287, current size: 3732
pool-7-thread-13 reduces to 3732
pool-7-thread-1 reduces to 3732
pool-7-thread-18 reduces to 3732
pool-7-thread-5 reduces to 3732
pool-7-thread-15 Reduce to3731
pool-7-thread-15 pick event 288, current size: 3731
pool-7-thread-20 reduces to 3731
pool-7-thread-11 reduces to 3731
pool-7-thread-10 reduces to 3731
pool-7-thread-3 Reduce to3730
pool-7-thread-3 pick event 289, current size: 3730
pool-7-thread-4 Reduce to3729
pool-7-thread-4 pick event 290, current size: 3729
pool-7-thread-9 Reduce to3728
pool-7-thread-9 pick event 291, current size: 3728
pool-7-thread-15 reduces to 3728
pool-7-thread-16 Reduce to3727
pool-7-thread-16 pick event 292, current size: 3727
pool-7-thread-3 reduces to 3727
pool-7-thread-14 Reduce to3726
pool-7-thread-14 pick event 293, current size: 3726
pool-7-thread-9 reduces to 3726
pool-7-thread-19 Reduce to3725
pool-7-thread-19 pick event 294, current size: 3725
pool-7-thread-4 reduces to 3725
pool-7-thread-16 reduces to 3725
pool-7-thread-12 Reduce to3724
pool-7-thread-12 pick event 295, current size: 3724
pool-7-thread-7 Reduce to3723
pool-7-thread-7 pick event 296, current size: 3723
pool-7-thread-8 Reduce to3722
pool-7-thread-8 pick event 297, current size: 3722
pool-7-thread-19 reduces to 3722
pool-7-thread-17 Reduce to3721
pool-7-thread-17 pick event 298, current size: 3721
pool-7-thread-14 reduces to 3721
pool-7-thread-6 Reduce to3720
pool-7-thread-6 pick event 299, current size: 3720
pool-7-thread-7 reduces to 3720
pool-7-thread-2 Reduce to3719
pool-7-thread-2 pick event 300, current size: 3719
pool-7-thread-8 reduces to 3719
pool-7-thread-12 reduces to 3719
pool-7-thread-17 reduces to 3719
pool-7-thread-7 Reduce to3718
pool-7-thread-7 pick event 301, current size: 3718
pool-7-thread-1 Reduce to3717
pool-7-thread-1 pick event 302, current size: 3717
pool-7-thread-1 reduces to 3717
pool-7-thread-18 Reduce to3716
pool-7-thread-18 pick event 303, current size: 3716
pool-7-thread-5 Reduce to3715
pool-7-thread-5 pick event 304, current size: 3715
pool-7-thread-6 reduces to 3715
pool-7-thread-2 reduces to 3715
pool-7-thread-7 reduces to 3715
pool-7-thread-20 Reduce to3714
pool-7-thread-20 pick event 305, current size: 3714
pool-7-thread-5 reduces to 3714
pool-7-thread-18 reduces to 3714
pool-7-thread-11 Reduce to3713
pool-7-thread-11 pick event 306, current size: 3713
pool-7-thread-20 reduces to 3713
pool-7-thread-10 Reduce to3712
pool-7-thread-10 pick event 307, current size: 3712
pool-7-thread-15 Reduce to3711
pool-7-thread-15 pick event 308, current size: 3711
pool-7-thread-9 Reduce to3710
pool-7-thread-9 pick event 309, current size: 3710
pool-7-thread-3 Reduce to3709
pool-7-thread-3 pick event 310, current size: 3709
pool-7-thread-11 reduces to 3709
pool-7-thread-4 Reduce to3708
pool-7-thread-4 pick event 311, current size: 3708
pool-7-thread-15 reduces to 3708
pool-7-thread-16 Reduce to3707
pool-7-thread-16 pick event 312, current size: 3707
pool-7-thread-10 reduces to 3707
pool-7-thread-9 reduces to 3707
pool-7-thread-3 reduces to 3707
pool-7-thread-19 Reduce to3706
pool-7-thread-19 pick event 313, current size: 3706
pool-7-thread-13 Reduce to3705
pool-7-thread-13 pick event 314, current size: 3705
pool-7-thread-4 reduces to 3705
pool-7-thread-14 Reduce to3704
pool-7-thread-14 pick event 315, current size: 3704
pool-7-thread-8 Reduce to3703
pool-7-thread-8 pick event 316, current size: 3703
pool-7-thread-16 reduces to 3703
pool-7-thread-17 Reduce to3702
pool-7-thread-17 pick event 317, current size: 3702
pool-7-thread-12 Reduce to3701
pool-7-thread-12 pick event 318, current size: 3701
pool-7-thread-6 Reduce to3700
pool-7-thread-6 pick event 319, current size: 3700
pool-7-thread-19 reduces to 3700
pool-7-thread-2 Reduce to3699
pool-7-thread-2 pick event 320, current size: 3699
pool-7-thread-1 Reduce to3698
pool-7-thread-1 pick event 321, current size: 3698
pool-7-thread-5 Reduce to3697
pool-7-thread-5 pick event 322, current size: 3697
pool-7-thread-13 reduces to 3697
pool-7-thread-19 Reduce to3696
pool-7-thread-19 pick event 323, current size: 3696
pool-7-thread-14 reduces to 3696
pool-7-thread-18 Reduce to3695
pool-7-thread-18 pick event 324, current size: 3695
pool-7-thread-6 reduces to 3695
pool-7-thread-8 reduces to 3695
pool-7-thread-2 reduces to 3695
pool-7-thread-1 reduces to 3695
pool-7-thread-17 reduces to 3695
pool-7-thread-12 reduces to 3694
pool-7-thread-11 Reduce to3693
pool-7-thread-11 pick event 326, current size: 3693
pool-7-thread-5 reduces to 3693
pool-7-thread-12 reduces to 3693
pool-7-thread-15 Reduce to3692
pool-7-thread-15 pick event 327, current size: 3692
pool-7-thread-19 reduces to 3692
pool-7-thread-18 reduces to 3692
pool-7-thread-10 Reduce to3691
pool-7-thread-10 pick event 328, current size: 3691
pool-7-thread-9 Reduce to3690
pool-7-thread-9 pick event 329, current size: 3690
pool-7-thread-11 reduces to 3690
pool-7-thread-3 Reduce to3689
pool-7-thread-3 pick event 330, current size: 3689
pool-7-thread-16 Reduce to3688
pool-7-thread-16 pick event 331, current size: 3688
pool-7-thread-11 Reduce to3687
pool-7-thread-11 pick event 332, current size: 3687
pool-7-thread-10 reduces to 3687
pool-7-thread-15 reduces to 3687
pool-7-thread-16 reduces to 3687
pool-7-thread-9 reduces to 3687
pool-7-thread-7 Reduce to3686
pool-7-thread-7 pick event 333, current size: 3686
pool-7-thread-3 reduces to 3686
pool-7-thread-13 Reduce to3685
pool-7-thread-13 pick event 334, current size: 3685
pool-7-thread-14 Reduce to3684
pool-7-thread-14 pick event 335, current size: 3684
pool-7-thread-11 reduces to 3684
pool-7-thread-6 Reduce to3683
pool-7-thread-6 pick event 336, current size: 3683
pool-7-thread-7 reduces to 3683
pool-7-thread-8 Reduce to3682
pool-7-thread-8 pick event 337, current size: 3682
pool-7-thread-13 reduces to 3682
pool-7-thread-14 reduces to 3682
pool-7-thread-2 Reduce to3681
pool-7-thread-2 pick event 338, current size: 3681
pool-7-thread-8 reduces to 3681
pool-7-thread-1 Reduce to3680
pool-7-thread-1 pick event 339, current size: 3680
pool-7-thread-6 reduces to 3680
pool-7-thread-20 Reduce to3679
pool-7-thread-20 pick event 340, current size: 3679
pool-7-thread-17 Reduce to3678
pool-7-thread-17 pick event 341, current size: 3678
pool-7-thread-2 reduces to 3678
pool-7-thread-5 Reduce to3677
pool-7-thread-5 pick event 342, current size: 3677
pool-7-thread-1 reduces to 3677
pool-7-thread-20 reduces to 3677
pool-7-thread-12 Reduce to3676
pool-7-thread-12 pick event 343, current size: 3676
pool-7-thread-19 Reduce to3675
pool-7-thread-19 pick event 344, current size: 3675
pool-7-thread-18 Reduce to3674
pool-7-thread-18 pick event 345, current size: 3674
pool-7-thread-17 reduces to 3674
pool-7-thread-5 reduces to 3674
pool-7-thread-4 Reduce to3673
pool-7-thread-4 pick event 346, current size: 3673
pool-7-thread-12 reduces to 3673
pool-7-thread-18 reduces to 3673
pool-7-thread-19 reduces to 3673
pool-7-thread-10 Reduce to3672
pool-7-thread-10 pick event 347, current size: 3672
pool-7-thread-4 reduces to 3672
pool-7-thread-15 Reduce to3671
pool-7-thread-15 pick event 348, current size: 3671
pool-7-thread-9 Reduce to3670
pool-7-thread-9 pick event 349, current size: 3670
pool-7-thread-10 reduces to 3670
pool-7-thread-3 Reduce to3669
pool-7-thread-3 pick event 350, current size: 3669
pool-7-thread-16 Reduce to3668
pool-7-thread-16 pick event 351, current size: 3668
pool-7-thread-15 reduces to 3668
pool-7-thread-11 Reduce to3667
pool-7-thread-11 pick event 352, current size: 3667
pool-7-thread-9 reduces to 3667
pool-7-thread-16 reduces to 3667
pool-7-thread-7 Reduce to3666
pool-7-thread-7 pick event 353, current size: 3666
pool-7-thread-3 reduces to 3666
pool-7-thread-13 Reduce to3665
pool-7-thread-13 pick event 354, current size: 3665
pool-7-thread-14 Reduce to3664
pool-7-thread-14 pick event 355, current size: 3664
pool-7-thread-7 reduces to 3664
pool-7-thread-11 reduces to 3664
pool-7-thread-13 reduces to 3664
pool-7-thread-8 Reduce to3663
pool-7-thread-8 pick event 356, current size: 3663
pool-7-thread-6 Reduce to3662
pool-7-thread-6 pick event 357, current size: 3662
pool-7-thread-2 Reduce to3661
pool-7-thread-2 pick event 358, current size: 3661
pool-7-thread-14 reduces to 3661
pool-7-thread-14 Reduce to3660
pool-7-thread-14 pick event 359, current size: 3660
pool-7-thread-8 reduces to 3660
pool-7-thread-6 reduces to 3660
pool-7-thread-2 reduces to 3660
pool-7-thread-20 Reduce to3659
pool-7-thread-20 pick event 360, current size: 3659
pool-7-thread-17 Reduce to3658
pool-7-thread-17 pick event 361, current size: 3658
pool-7-thread-14 reduces to 3658
pool-7-thread-5 Reduce to3657
pool-7-thread-5 pick event 362, current size: 3657
pool-7-thread-20 reduces to 3657
pool-7-thread-12 Reduce to3656
pool-7-thread-12 pick event 363, current size: 3656
pool-7-thread-18 Reduce to3655
pool-7-thread-18 pick event 364, current size: 3655
pool-7-thread-17 reduces to 3655
pool-7-thread-19 Reduce to3654
pool-7-thread-19 pick event 365, current size: 3654
pool-7-thread-5 reduces to 3654
pool-7-thread-4 Reduce to3653
pool-7-thread-4 pick event 366, current size: 3653
pool-7-thread-12 reduces to 3653
pool-7-thread-10 Reduce to3652
pool-7-thread-10 pick event 367, current size: 3652
pool-7-thread-19 reduces to 3652
pool-7-thread-10 reduces to 3652
pool-7-thread-18 reduces to 3652
pool-7-thread-15 Reduce to3651
pool-7-thread-15 pick event 368, current size: 3651
pool-7-thread-9 Reduce to3650
pool-7-thread-9 pick event 369, current size: 3650
pool-7-thread-4 reduces to 3650
pool-7-thread-16 Reduce to3649
pool-7-thread-16 pick event 370, current size: 3649
pool-7-thread-3 Reduce to3648
pool-7-thread-3 pick event 371, current size: 3648
pool-7-thread-9 reduces to 3648
pool-7-thread-15 reduces to 3648
pool-7-thread-7 Reduce to3647
pool-7-thread-7 pick event 372, current size: 3647
pool-7-thread-16 reduces to 3647
pool-7-thread-11 Reduce to3646
pool-7-thread-11 pick event 373, current size: 3646
pool-7-thread-3 reduces to 3646
pool-7-thread-13 Reduce to3645
pool-7-thread-13 pick event 374, current size: 3645
pool-7-thread-7 reduces to 3645
pool-7-thread-1 Reduce to3644
pool-7-thread-1 pick event 375, current size: 3644
pool-7-thread-8 Reduce to3643
pool-7-thread-8 pick event 376, current size: 3643
pool-7-thread-13 reduces to 3643
pool-7-thread-11 reduces to 3643
pool-7-thread-6 Reduce to3642
pool-7-thread-6 pick event 377, current size: 3642
pool-7-thread-8 reduces to 3642
pool-7-thread-2 Reduce to3641
pool-7-thread-2 pick event 378, current size: 3641
pool-7-thread-1 reduces to 3641
pool-7-thread-14 Reduce to3640
pool-7-thread-14 pick event 379, current size: 3640
pool-7-thread-20 Reduce to3639
pool-7-thread-20 pick event 380, current size: 3639
pool-7-thread-17 Reduce to3638
pool-7-thread-17 pick event 381, current size: 3638
pool-7-thread-6 reduces to 3638
pool-7-thread-2 reduces to 3638
pool-7-thread-6 Reduce to3637
pool-7-thread-6 pick event 382, current size: 3637
pool-7-thread-14 reduces to 3637
pool-7-thread-20 reduces to 3637
pool-7-thread-12 Reduce to3636
pool-7-thread-12 pick event 383, current size: 3636
pool-7-thread-19 Reduce to3635
pool-7-thread-19 pick event 384, current size: 3635
pool-7-thread-6 reduces to 3635
pool-7-thread-10 Reduce to3634
pool-7-thread-10 pick event 385, current size: 3634
pool-7-thread-17 reduces to 3634
pool-7-thread-18 Reduce to3633
pool-7-thread-18 pick event 386, current size: 3633
pool-7-thread-19 reduces to 3633
pool-7-thread-4 Reduce to3632
pool-7-thread-4 pick event 387, current size: 3632
pool-7-thread-12 reduces to 3632
pool-7-thread-9 Reduce to3631
pool-7-thread-9 pick event 388, current size: 3631
pool-7-thread-15 Reduce to3630
pool-7-thread-15 pick event 389, current size: 3630
pool-7-thread-16 Reduce to3629
pool-7-thread-16 pick event 390, current size: 3629
pool-7-thread-4 reduces to 3629
pool-7-thread-18 reduces to 3629
pool-7-thread-9 reduces to 3629
pool-7-thread-10 reduces to 3629
pool-7-thread-7 Reduce to3628
pool-7-thread-7 pick event 391, current size: 3628
pool-7-thread-3 Reduce to3627
pool-7-thread-3 pick event 392, current size: 3627
pool-7-thread-16 reduces to 3627
pool-7-thread-15 reduces to 3627
pool-7-thread-15 Reduce to3626
pool-7-thread-15 pick event 394, current size: 3626
pool-7-thread-7 reduces to 3626
pool-7-thread-8 Reduce to3625
pool-7-thread-8 pick event 395, current size: 3625
pool-7-thread-3 reduces to 3624
pool-7-thread-3 reduces to 3624
pool-7-thread-1 Reduce to3623
pool-7-thread-1 pick event 396, current size: 3623
pool-7-thread-15 reduces to 3623
pool-7-thread-5 Reduce to3622
pool-7-thread-5 pick event 397, current size: 3622
pool-7-thread-14 Reduce to3621
pool-7-thread-14 pick event 398, current size: 3621
pool-7-thread-8 reduces to 3621
pool-7-thread-1 reduces to 3621
pool-7-thread-20 Reduce to3620
pool-7-thread-20 pick event 400, current size: 3620
pool-7-thread-6 Reduce to3619
pool-7-thread-6 pick event 401, current size: 3619
pool-7-thread-17 Reduce to3618
pool-7-thread-17 pick event 402, current size: 3618
pool-7-thread-5 reduces to 3617
pool-7-thread-19 Reduce to3616
pool-7-thread-19 pick event 403, current size: 3616
pool-7-thread-14 reduces to 3616
pool-7-thread-5 reduces to 3616
pool-7-thread-12 Reduce to3615
pool-7-thread-12 pick event 404, current size: 3615
pool-7-thread-6 reduces to 3615
pool-7-thread-20 reduces to 3615
pool-7-thread-4 Reduce to3614
pool-7-thread-4 pick event 405, current size: 3614
pool-7-thread-18 Reduce to3613
pool-7-thread-18 pick event 406, current size: 3613
pool-7-thread-17 reduces to 3613
pool-7-thread-9 Reduce to3612
pool-7-thread-9 pick event 407, current size: 3612
pool-7-thread-19 reduces to 3612
pool-7-thread-10 Reduce to3611
pool-7-thread-10 pick event 408, current size: 3611
pool-7-thread-16 Reduce to3610
pool-7-thread-16 pick event 409, current size: 3610
pool-7-thread-4 reduces to 3610
pool-7-thread-9 reduces to 3610
pool-7-thread-11 Reduce to3609
pool-7-thread-11 pick event 410, current size: 3609
pool-7-thread-12 reduces to 3609
pool-7-thread-10 reduces to 3609
pool-7-thread-16 reduces to 3609
pool-7-thread-18 reduces to 3609
pool-7-thread-13 Reduce to3608
pool-7-thread-13 pick event 411, current size: 3608
pool-7-thread-7 Reduce to3607
pool-7-thread-7 pick event 412, current size: 3607
pool-7-thread-3 Reduce to3606
pool-7-thread-3 pick event 413, current size: 3606
pool-7-thread-11 reduces to 3606
pool-7-thread-15 Reduce to3605
pool-7-thread-15 pick event 414, current size: 3605
pool-7-thread-8 Reduce to3604
pool-7-thread-8 pick event 415, current size: 3604
pool-7-thread-13 reduces to 3604
pool-7-thread-2 Reduce to3603
pool-7-thread-2 pick event 416, current size: 3603
pool-7-thread-7 reduces to 3603
pool-7-thread-15 reduces to 3603
pool-7-thread-3 reduces to 3603
pool-7-thread-1 Reduce to3602
pool-7-thread-1 pick event 417, current size: 3602
pool-7-thread-8 reduces to 3602
pool-7-thread-14 Reduce to3601
pool-7-thread-14 pick event 418, current size: 3601
pool-7-thread-5 Reduce to3600
pool-7-thread-5 pick event 419, current size: 3600
pool-7-thread-2 reduces to 3600
pool-7-thread-6 Reduce to3599
pool-7-thread-6 pick event 420, current size: 3599
pool-7-thread-1 reduces to 3599
pool-7-thread-20 Reduce to3598
pool-7-thread-20 pick event 421, current size: 3598
pool-7-thread-17 Reduce to3597
pool-7-thread-17 pick event 422, current size: 3597
pool-7-thread-5 reduces to 3597
pool-7-thread-14 reduces to 3597
pool-7-thread-19 Reduce to3596
pool-7-thread-19 pick event 423, current size: 3596
pool-7-thread-4 Reduce to3595
pool-7-thread-4 pick event 424, current size: 3595
pool-7-thread-6 reduces to 3595
pool-7-thread-17 reduces to 3595
pool-7-thread-20 reduces to 3595
pool-7-thread-9 Reduce to3594
pool-7-thread-9 pick event 425, current size: 3594
pool-7-thread-12 Reduce to3593
pool-7-thread-12 pick event 426, current size: 3593
pool-7-thread-19 reduces to 3593
pool-7-thread-10 Reduce to3592
pool-7-thread-10 pick event 427, current size: 3592
pool-7-thread-16 Reduce to3591
pool-7-thread-16 pick event 428, current size: 3591
pool-7-thread-4 reduces to 3591
pool-7-thread-18 Reduce to3590
pool-7-thread-18 pick event 429, current size: 3590
pool-7-thread-9 reduces to 3590
pool-7-thread-11 Reduce to3589
pool-7-thread-11 pick event 430, current size: 3589
pool-7-thread-10 reduces to 3589
pool-7-thread-13 Reduce to3588
pool-7-thread-13 pick event 431, current size: 3588
pool-7-thread-16 reduces to 3588
pool-7-thread-12 reduces to 3588
pool-7-thread-7 Reduce to3587
pool-7-thread-7 pick event 432, current size: 3587
pool-7-thread-18 reduces to 3587
pool-7-thread-11 reduces to 3587
pool-7-thread-15 Reduce to3586
pool-7-thread-15 pick event 433, current size: 3586
pool-7-thread-3 Reduce to3585
pool-7-thread-3 pick event 434, current size: 3585
pool-7-thread-13 reduces to 3585
pool-7-thread-7 reduces to 3585
pool-7-thread-13 Reduce to3584
pool-7-thread-13 pick event 435, current size: 3584
pool-7-thread-15 reduces to 3584
pool-7-thread-1 Reduce to3583
pool-7-thread-1 pick event 436, current size: 3583
pool-7-thread-3 reduces to 3583
pool-7-thread-5 Reduce to3582
pool-7-thread-5 pick event 438, current size: 3582
pool-7-thread-1 reduces to 3582
pool-7-thread-14 Reduce to3581
pool-7-thread-14 pick event 439, current size: 3581
pool-7-thread-13 reduces to 3580
pool-7-thread-6 Reduce to3579
pool-7-thread-6 pick event 440, current size: 3579
pool-7-thread-13 reduces to 3579
pool-7-thread-17 Reduce to3578
pool-7-thread-17 pick event 441, current size: 3578
pool-7-thread-20 Reduce to3577
pool-7-thread-20 pick event 442, current size: 3577
pool-7-thread-9 Reduce to3576
pool-7-thread-9 pick event 443, current size: 3576
pool-7-thread-14 reduces to 3576
pool-7-thread-19 Reduce to3575
pool-7-thread-19 pick event 444, current size: 3575
pool-7-thread-6 reduces to 3575
pool-7-thread-4 Reduce to3574
pool-7-thread-4 pick event 445, current size: 3574
pool-7-thread-5 reduces to 3574
pool-7-thread-16 Reduce to3573
pool-7-thread-16 pick event 446, current size: 3573
pool-7-thread-10 Reduce to3572
pool-7-thread-10 pick event 447, current size: 3572
pool-7-thread-17 reduces to 3572
pool-7-thread-12 Reduce to3571
pool-7-thread-12 pick event 448, current size: 3571
pool-7-thread-20 reduces to 3571
pool-7-thread-9 reduces to 3571
pool-7-thread-4 reduces to 3571
pool-7-thread-19 reduces to 3571
pool-7-thread-18 Reduce to3570
pool-7-thread-18 pick event 449, current size: 3570
pool-7-thread-16 reduces to 3570
pool-7-thread-11 Reduce to3569
pool-7-thread-11 pick event 450, current size: 3569
pool-7-thread-12 reduces to 3569
pool-7-thread-8 Reduce to3568
pool-7-thread-8 pick event 451, current size: 3568
pool-7-thread-7 Reduce to3567
pool-7-thread-7 pick event 452, current size: 3567
pool-7-thread-18 reduces to 3567
pool-7-thread-15 Reduce to3566
pool-7-thread-15 pick event 453, current size: 3566
pool-7-thread-10 reduces to 3566
pool-7-thread-8 reduces to 3566
pool-7-thread-3 Reduce to3565
pool-7-thread-3 pick event 454, current size: 3565
pool-7-thread-11 reduces to 3565
pool-7-thread-7 reduces to 3564
pool-7-thread-7 reduces to 3564
pool-7-thread-1 Reduce to3563
pool-7-thread-1 pick event 456, current size: 3563
pool-7-thread-13 Reduce to3562
pool-7-thread-13 pick event 457, current size: 3562
pool-7-thread-14 Reduce to3561
pool-7-thread-14 pick event 458, current size: 3561
pool-7-thread-15 reduces to 3561
pool-7-thread-3 reduces to 3561
pool-7-thread-6 Reduce to3560
pool-7-thread-6 pick event 459, current size: 3560
pool-7-thread-5 Reduce to3559
pool-7-thread-5 pick event 460, current size: 3559
pool-7-thread-17 Reduce to3558
pool-7-thread-17 pick event 461, current size: 3558
pool-7-thread-20 Reduce to3557
pool-7-thread-20 pick event 462, current size: 3557
pool-7-thread-9 Reduce to3556
pool-7-thread-9 pick event 463, current size: 3556
pool-7-thread-1 reduces to 3556
pool-7-thread-14 reduces to 3556
pool-7-thread-13 reduces to 3556
pool-7-thread-6 reduces to 3556
pool-7-thread-5 reduces to 3556
pool-7-thread-4 Reduce to3555
pool-7-thread-4 pick event 464, current size: 3555
pool-7-thread-6 Reduce to3554
pool-7-thread-6 pick event 465, current size: 3554
pool-7-thread-16 Reduce to3553
pool-7-thread-16 pick event 466, current size: 3553
pool-7-thread-20 reduces to 3553
pool-7-thread-9 reduces to 3553
pool-7-thread-17 reduces to 3553
pool-7-thread-6 reduces to 3553
pool-7-thread-12 Reduce to3552
pool-7-thread-12 pick event 467, current size: 3552
pool-7-thread-16 reduces to 3552
pool-7-thread-18 Reduce to3551
pool-7-thread-18 pick event 468, current size: 3551
pool-7-thread-4 reduces to 3551
pool-7-thread-10 Reduce to3550
pool-7-thread-10 pick event 469, current size: 3550
pool-7-thread-8 Reduce to3549
pool-7-thread-8 pick event 470, current size: 3549
pool-7-thread-12 reduces to 3549
pool-7-thread-11 Reduce to3548
pool-7-thread-11 pick event 471, current size: 3548
pool-7-thread-18 reduces to 3548
pool-7-thread-2 Reduce to3547
pool-7-thread-2 pick event 472, current size: 3547
pool-7-thread-10 reduces to 3547
pool-7-thread-8 reduces to 3547
pool-7-thread-7 Reduce to3546
pool-7-thread-7 pick event 473, current size: 3546
pool-7-thread-11 reduces to 3546
pool-7-thread-15 Reduce to3545
pool-7-thread-15 pick event 474, current size: 3545
pool-7-thread-2 reduces to 3545
pool-7-thread-3 Reduce to3544
pool-7-thread-3 pick event 475, current size: 3544
pool-7-thread-7 reduces to 3544
pool-7-thread-1 Reduce to3543
pool-7-thread-1 pick event 476, current size: 3543
pool-7-thread-14 Reduce to3542
pool-7-thread-14 pick event 477, current size: 3542
pool-7-thread-15 reduces to 3542
pool-7-thread-13 Reduce to3541
pool-7-thread-13 pick event 478, current size: 3541
pool-7-thread-19 Reduce to3540
pool-7-thread-19 pick event 479, current size: 3540
pool-7-thread-3 reduces to 3540
pool-7-thread-1 reduces to 3540
pool-7-thread-5 Reduce to3539
pool-7-thread-5 pick event 480, current size: 3539
pool-7-thread-14 reduces to 3539
pool-7-thread-13 reduces to 3539
pool-7-thread-20 Reduce to3538
pool-7-thread-20 pick event 481, current size: 3538
pool-7-thread-9 Reduce to3537
pool-7-thread-9 pick event 482, current size: 3537
pool-7-thread-17 Reduce to3536
pool-7-thread-17 pick event 483, current size: 3536
pool-7-thread-19 reduces to 3536
pool-7-thread-5 reduces to 3536
pool-7-thread-19 Reduce to3535
pool-7-thread-19 pick event 484, current size: 3535
pool-7-thread-20 reduces to 3535
pool-7-thread-16 Reduce to3534
pool-7-thread-16 pick event 485, current size: 3534
pool-7-thread-9 reduces to 3534
pool-7-thread-4 Reduce to3533
pool-7-thread-4 pick event 486, current size: 3533
pool-7-thread-17 reduces to 3533
pool-7-thread-19 reduces to 3533
pool-7-thread-18 Reduce to3532
pool-7-thread-18 pick event 488, current size: 3532
pool-7-thread-4 reduces to 3531
pool-7-thread-16 reduces to 3530
pool-7-thread-8 Reduce to3529
pool-7-thread-8 pick event 490, current size: 3529
pool-7-thread-4 reduces to 3529
pool-7-thread-16 reduces to 3529
pool-7-thread-11 Reduce to3528
pool-7-thread-11 pick event 491, current size: 3528
pool-7-thread-18 reduces to 3528
pool-7-thread-2 Reduce to3527
pool-7-thread-2 pick event 492, current size: 3527
pool-7-thread-7 Reduce to3526
pool-7-thread-7 pick event 493, current size: 3526
pool-7-thread-8 reduces to 3526
pool-7-thread-3 Reduce to3525
pool-7-thread-3 pick event 495, current size: 3525
pool-7-thread-1 Reduce to3524
pool-7-thread-1 pick event 496, current size: 3524
pool-7-thread-14 Reduce to3523
pool-7-thread-14 pick event 497, current size: 3523
pool-7-thread-13 Reduce to3522
pool-7-thread-13 pick event 498, current size: 3522
pool-7-thread-7 reduces to 3521
pool-7-thread-6 Reduce to3520
pool-7-thread-6 pick event 499, current size: 3520
pool-7-thread-11 reduces to 3520
pool-7-thread-5 Reduce to3519
pool-7-thread-5 pick event 500, current size: 3519
pool-7-thread-20 Reduce to3518
pool-7-thread-20 pick event 501, current size: 3518
pool-7-thread-7 reduces to 3518
pool-7-thread-9 Reduce to3517
pool-7-thread-9 pick event 502, current size: 3517
pool-7-thread-17 Reduce to3516
pool-7-thread-17 pick event 503, current size: 3516
pool-7-thread-2 reduces to 3516
pool-7-thread-13 reduces to 3516
pool-7-thread-12 Reduce to3515
pool-7-thread-12 pick event 504, current size: 3515
pool-7-thread-3 reduces to 3515
pool-7-thread-6 reduces to 3515
pool-7-thread-1 reduces to 3515
pool-7-thread-20 reduces to 3515
pool-7-thread-19 Reduce to3514
pool-7-thread-19 pick event 505, current size: 3514
pool-7-thread-5 reduces to 3514
pool-7-thread-14 reduces to 3514
pool-7-thread-10 Reduce to3513
pool-7-thread-10 pick event 506, current size: 3513
pool-7-thread-4 Reduce to3512
pool-7-thread-4 pick event 507, current size: 3512
pool-7-thread-16 Reduce to3511
pool-7-thread-16 pick event 508, current size: 3511
pool-7-thread-9 reduces to 3511
pool-7-thread-17 reduces to 3511
pool-7-thread-12 reduces to 3511
pool-7-thread-8 Reduce to3510
pool-7-thread-8 pick event 510, current size: 3510
pool-7-thread-15 Reduce to3509
pool-7-thread-15 pick event 511, current size: 3509
pool-7-thread-11 Reduce to3508
pool-7-thread-11 pick event 512, current size: 3508
pool-7-thread-10 reduces to 3508
pool-7-thread-19 reduces to 3508
pool-7-thread-16 reduces to 3507
pool-7-thread-4 reduces to 3507
pool-7-thread-7 Reduce to3506
pool-7-thread-7 pick event 514, current size: 3506
pool-7-thread-16 reduces to 3505
pool-7-thread-8 reduces to 3505
pool-7-thread-13 Reduce to3504
pool-7-thread-13 pick event 515, current size: 3504
pool-7-thread-15 reduces to 3504
pool-7-thread-11 reduces to 3504
pool-7-thread-6 Reduce to3503
pool-7-thread-6 pick event 516, current size: 3503
pool-7-thread-3 Reduce to3502
pool-7-thread-3 pick event 517, current size: 3502
pool-7-thread-16 reduces to 3502
pool-7-thread-7 reduces to 3502
pool-7-thread-1 Reduce to3501
pool-7-thread-1 pick event 518, current size: 3501
pool-7-thread-20 pick event 519, current size: 3500
pool-7-thread-5 pick event 520, current size: 3499
pool-7-thread-14 pick event 521, current size: 3498
pool-7-thread-9 pick event 522, current size: 3497
pool-7-thread-18 pick event 523, current size: 3496
pool-7-thread-17 pick event 524, current size: 3495
pool-7-thread-12 pick event 525, current size: 3494
pool-7-thread-10 pick event 526, current size: 3493
pool-7-thread-19 pick event 527, current size: 3492
pool-7-thread-12 pick event 528, current size: 3491
pool-7-thread-4 pick event 529, current size: 3490
pool-7-thread-8 pick event 530, current size: 3489
pool-7-thread-15 pick event 531, current size: 3488
pool-7-thread-11 pick event 532, current size: 3487
pool-7-thread-16 pick event 533, current size: 3486
pool-7-thread-15 pick event 534, current size: 3485
pool-7-thread-6 pick event 535, current size: 3484
pool-7-thread-13 pick event 536, current size: 3483
pool-7-thread-3 pick event 537, current size: 3482
pool-7-thread-1 pick event 538, current size: 3481
pool-7-thread-20 pick event 539, current size: 3480
pool-7-thread-5 pick event 540, current size: 3479
pool-7-thread-9 pick event 541, current size: 3478
pool-7-thread-14 pick event 542, current size: 3477
pool-7-thread-2 pick event 543, current size: 3476
pool-7-thread-18 pick event 544, current size: 3475
pool-7-thread-10 pick event 545, current size: 3474
pool-7-thread-17 pick event 546, current size: 3473
pool-7-thread-4 pick event 547, current size: 3472
pool-7-thread-8 pick event 548, current size: 3471
pool-7-thread-12 pick event 549, current size: 3470
pool-7-thread-19 pick event 550, current size: 3469
pool-7-thread-7 pick event 551, current size: 3468
pool-7-thread-11 pick event 552, current size: 3467
pool-7-thread-16 pick event 553, current size: 3466
pool-7-thread-15 pick event 554, current size: 3465
pool-7-thread-6 pick event 555, current size: 3464
pool-7-thread-13 pick event 556, current size: 3463
pool-7-thread-20 pick event 557, current size: 3462
pool-7-thread-1 pick event 558, current size: 3461
pool-7-thread-3 pick event 559, current size: 3460
pool-7-thread-5 pick event 560, current size: 3459
pool-7-thread-9 pick event 561, current size: 3458
pool-7-thread-20 pick event 562, current size: 3457
pool-7-thread-14 pick event 563, current size: 3456
pool-7-thread-17 pick event 564, current size: 3455
pool-7-thread-18 pick event 565, current size: 3454
pool-7-thread-10 pick event 566, current size: 3453
pool-7-thread-12 pick event 567, current size: 3452
pool-7-thread-4 pick event 568, current size: 3451
pool-7-thread-8 pick event 569, current size: 3450
pool-7-thread-19 pick event 570, current size: 3449
pool-7-thread-12 pick event 571, current size: 3448
pool-7-thread-11 pick event 572, current size: 3447
pool-7-thread-16 pick event 573, current size: 3446
pool-7-thread-15 pick event 574, current size: 3445
pool-7-thread-6 pick event 575, current size: 3444
pool-7-thread-13 pick event 576, current size: 3443
pool-7-thread-16 pick event 577, current size: 3442
pool-7-thread-15 pick event 578, current size: 3441
pool-7-thread-5 pick event 579, current size: 3440
pool-7-thread-1 pick event 580, current size: 3439
pool-7-thread-9 pick event 581, current size: 3438
pool-7-thread-20 pick event 582, current size: 3437
pool-7-thread-14 pick event 583, current size: 3436
pool-7-thread-17 pick event 584, current size: 3435
pool-7-thread-18 pick event 585, current size: 3434
pool-7-thread-7 pick event 587, current size: 3433
pool-7-thread-19 pick event 588, current size: 3431
pool-7-thread-8 pick event 589, current size: 3430
pool-7-thread-4 pick event 590, current size: 3429
pool-7-thread-12 pick event 591, current size: 3428
pool-7-thread-11 pick event 592, current size: 3427
pool-7-thread-2 pick event 593, current size: 3426
pool-7-thread-3 pick event 594, current size: 3425
pool-7-thread-13 pick event 595, current size: 3424
pool-7-thread-6 pick event 596, current size: 3423
pool-7-thread-16 pick event 597, current size: 3422
pool-7-thread-5 pick event 598, current size: 3421
pool-7-thread-15 pick event 599, current size: 3420
pool-7-thread-9 pick event 600, current size: 3419
pool-7-thread-1 pick event 601, current size: 3418
pool-7-thread-15 pick event 602, current size: 3417
pool-7-thread-20 pick event 603, current size: 3416
pool-7-thread-10 pick event 604, current size: 3415
pool-7-thread-17 pick event 605, current size: 3414
pool-7-thread-18 pick event 606, current size: 3413
pool-7-thread-19 pick event 607, current size: 3412
pool-7-thread-7 pick event 608, current size: 3411
pool-7-thread-8 pick event 609, current size: 3410
pool-7-thread-18 pick event 610, current size: 3409
pool-7-thread-11 pick event 611, current size: 3408
pool-7-thread-4 pick event 612, current size: 3407
pool-7-thread-2 pick event 613, current size: 3406
pool-7-thread-3 pick event 614, current size: 3405
pool-7-thread-13 pick event 615, current size: 3404
pool-7-thread-6 pick event 616, current size: 3403
pool-7-thread-2 pick event 617, current size: 3402
pool-7-thread-5 pick event 618, current size: 3401
pool-7-thread-14 pick event 619, current size: 3400
pool-7-thread-9 pick event 620, current size: 3399
pool-7-thread-1 pick event 621, current size: 3398
pool-7-thread-12 pick event 623, current size: 3397
pool-7-thread-20 pick event 624, current size: 3395
pool-7-thread-10 pick event 625, current size: 3394
pool-7-thread-17 pick event 626, current size: 3393
pool-7-thread-19 pick event 627, current size: 3392
pool-7-thread-8 pick event 628, current size: 3391
pool-7-thread-7 pick event 629, current size: 3390
pool-7-thread-11 pick event 630, current size: 3389
pool-7-thread-18 pick event 631, current size: 3388
pool-7-thread-16 pick event 632, current size: 3387
pool-7-thread-4 pick event 633, current size: 3386
pool-7-thread-13 pick event 634, current size: 3385
pool-7-thread-3 pick event 635, current size: 3384
pool-7-thread-6 pick event 636, current size: 3383
pool-7-thread-2 pick event 637, current size: 3382
pool-7-thread-13 pick event 638, current size: 3381
pool-7-thread-15 pick event 639, current size: 3380
pool-7-thread-5 pick event 640, current size: 3379
pool-7-thread-9 pick event 641, current size: 3378
pool-7-thread-1 pick event 642, current size: 3377
pool-7-thread-12 pick event 643, current size: 3376
pool-7-thread-10 pick event 644, current size: 3375
pool-7-thread-8 pick event 645, current size: 3374
pool-7-thread-17 pick event 646, current size: 3373
pool-7-thread-20 pick event 647, current size: 3372
pool-7-thread-11 pick event 648, current size: 3371
pool-7-thread-16 pick event 649, current size: 3370
pool-7-thread-19 pick event 650, current size: 3369
pool-7-thread-18 pick event 651, current size: 3368
pool-7-thread-4 pick event 652, current size: 3367
pool-7-thread-14 pick event 653, current size: 3366
pool-7-thread-7 pick event 654, current size: 3365
pool-7-thread-3 pick event 655, current size: 3364
pool-7-thread-19 pick event 656, current size: 3363
pool-7-thread-6 pick event 657, current size: 3362
pool-7-thread-13 pick event 659, current size: 3360
pool-7-thread-9 pick event 660, current size: 3359
pool-7-thread-5 pick event 661, current size: 3358
pool-7-thread-1 pick event 662, current size: 3357
pool-7-thread-10 pick event 663, current size: 3356
pool-7-thread-12 pick event 664, current size: 3355
pool-7-thread-8 pick event 665, current size: 3354
pool-7-thread-17 pick event 666, current size: 3353
pool-7-thread-20 pick event 667, current size: 3352
pool-7-thread-16 pick event 668, current size: 3351
pool-7-thread-11 pick event 669, current size: 3350
pool-7-thread-18 pick event 670, current size: 3349
pool-7-thread-2 pick event 671, current size: 3348
pool-7-thread-14 pick event 672, current size: 3347
pool-7-thread-4 pick event 673, current size: 3346
pool-7-thread-15 pick event 674, current size: 3345
pool-7-thread-7 pick event 675, current size: 3344
pool-7-thread-3 pick event 676, current size: 3343
pool-7-thread-19 pick event 677, current size: 3342
pool-7-thread-6 pick event 678, current size: 3341
pool-7-thread-13 pick event 679, current size: 3340
pool-7-thread-9 pick event 680, current size: 3339
pool-7-thread-5 pick event 681, current size: 3338
pool-7-thread-6 pick event 682, current size: 3337
pool-7-thread-1 pick event 683, current size: 3336
pool-7-thread-12 pick event 684, current size: 3335
pool-7-thread-9 pick event 685, current size: 3334
pool-7-thread-17 pick event 686, current size: 3333
pool-7-thread-20 pick event 687, current size: 3332
pool-7-thread-16 pick event 688, current size: 3331
pool-7-thread-11 pick event 689, current size: 3330
pool-7-thread-2 pick event 690, current size: 3329
pool-7-thread-18 pick event 691, current size: 3328
pool-7-thread-4 pick event 692, current size: 3327
pool-7-thread-15 pick event 693, current size: 3326
pool-7-thread-14 pick event 694, current size: 3325
pool-7-thread-3 pick event 695, current size: 3324
pool-7-thread-19 pick event 696, current size: 3323
pool-7-thread-13 pick event 697, current size: 3322
pool-7-thread-7 pick event 698, current size: 3321
pool-7-thread-10 pick event 699, current size: 3320
pool-7-thread-8 pick event 700, current size: 3319
pool-7-thread-5 pick event 701, current size: 3318
pool-7-thread-6 pick event 702, current size: 3317
pool-7-thread-1 pick event 703, current size: 3316
pool-7-thread-12 pick event 704, current size: 3315
pool-7-thread-9 pick event 705, current size: 3314
pool-7-thread-20 pick event 706, current size: 3313
pool-7-thread-12 pick event 707, current size: 3312
pool-7-thread-16 pick event 708, current size: 3311
pool-7-thread-2 pick event 709, current size: 3310
pool-7-thread-18 pick event 710, current size: 3309
pool-7-thread-11 pick event 711, current size: 3308
pool-7-thread-4 pick event 712, current size: 3307
pool-7-thread-14 pick event 713, current size: 3306
pool-7-thread-15 pick event 714, current size: 3305
pool-7-thread-3 pick event 715, current size: 3304
pool-7-thread-19 pick event 716, current size: 3303
pool-7-thread-13 pick event 717, current size: 3302
pool-7-thread-5 pick event 718, current size: 3301
pool-7-thread-7 pick event 719, current size: 3300
pool-7-thread-10 pick event 720, current size: 3299
pool-7-thread-8 pick event 721, current size: 3298
pool-7-thread-6 pick event 722, current size: 3297
pool-7-thread-1 pick event 723, current size: 3296
pool-7-thread-17 pick event 724, current size: 3295
pool-7-thread-9 pick event 725, current size: 3294
pool-7-thread-20 pick event 726, current size: 3293
pool-7-thread-12 pick event 727, current size: 3292
pool-7-thread-16 pick event 728, current size: 3291
pool-7-thread-2 pick event 729, current size: 3290
pool-7-thread-18 pick event 730, current size: 3289
pool-7-thread-4 pick event 731, current size: 3288
pool-7-thread-11 pick event 732, current size: 3287
pool-7-thread-14 pick event 733, current size: 3286
pool-7-thread-19 pick event 734, current size: 3285
pool-7-thread-3 pick event 735, current size: 3284
pool-7-thread-15 pick event 736, current size: 3283
pool-7-thread-13 pick event 737, current size: 3282
pool-7-thread-7 pick event 738, current size: 3281
pool-7-thread-5 pick event 739, current size: 3280
pool-7-thread-10 pick event 740, current size: 3279
pool-7-thread-6 pick event 741, current size: 3278
pool-7-thread-8 pick event 742, current size: 3277
pool-7-thread-1 pick event 743, current size: 3276
pool-7-thread-17 pick event 744, current size: 3275
pool-7-thread-9 pick event 745, current size: 3274
pool-7-thread-20 pick event 746, current size: 3273
pool-7-thread-12 pick event 747, current size: 3272
pool-7-thread-2 pick event 748, current size: 3271
pool-7-thread-16 pick event 749, current size: 3270
pool-7-thread-20 pick event 750, current size: 3269
pool-7-thread-12 pick event 751, current size: 3268
pool-7-thread-14 pick event 752, current size: 3267
pool-7-thread-11 pick event 753, current size: 3266
pool-7-thread-19 pick event 754, current size: 3265
pool-7-thread-3 pick event 755, current size: 3264
pool-7-thread-15 pick event 756, current size: 3263
pool-7-thread-13 pick event 757, current size: 3262
pool-7-thread-5 pick event 758, current size: 3261
pool-7-thread-7 pick event 759, current size: 3260
pool-7-thread-10 pick event 761, current size: 3259
pool-7-thread-15 pick event 762, current size: 3258
pool-7-thread-1 pick event 763, current size: 3256
pool-7-thread-17 pick event 764, current size: 3255
pool-7-thread-9 pick event 765, current size: 3254
pool-7-thread-18 pick event 766, current size: 3253
pool-7-thread-4 pick event 767, current size: 3252
pool-7-thread-2 pick event 768, current size: 3251
pool-7-thread-16 pick event 769, current size: 3250
pool-7-thread-20 pick event 770, current size: 3249
pool-7-thread-12 pick event 771, current size: 3248
pool-7-thread-14 pick event 772, current size: 3247
pool-7-thread-11 pick event 773, current size: 3246
pool-7-thread-19 pick event 774, current size: 3245
pool-7-thread-3 pick event 775, current size: 3244
pool-7-thread-13 pick event 776, current size: 3243
pool-7-thread-6 pick event 777, current size: 3242
pool-7-thread-8 pick event 778, current size: 3241
pool-7-thread-7 pick event 779, current size: 3240
pool-7-thread-5 pick event 780, current size: 3239
pool-7-thread-15 pick event 781, current size: 3238
pool-7-thread-10 pick event 782, current size: 3237
pool-7-thread-1 pick event 783, current size: 3236
pool-7-thread-17 pick event 784, current size: 3235
pool-7-thread-9 pick event 785, current size: 3234
pool-7-thread-2 pick event 786, current size: 3233
pool-7-thread-4 pick event 788, current size: 3231
pool-7-thread-12 pick event 789, current size: 3230
pool-7-thread-18 pick event 790, current size: 3229
pool-7-thread-20 pick event 791, current size: 3228
pool-7-thread-9 pick event 792, current size: 3227
pool-7-thread-14 pick event 793, current size: 3226
pool-7-thread-11 pick event 794, current size: 3225
pool-7-thread-3 pick event 795, current size: 3224
pool-7-thread-18 pick event 796, current size: 3223
pool-7-thread-6 pick event 797, current size: 3222
pool-7-thread-8 pick event 798, current size: 3221
pool-7-thread-5 pick event 799, current size: 3220
pool-7-thread-7 pick event 800, current size: 3219
pool-7-thread-15 pick event 802, current size: 3217
pool-7-thread-1 pick event 803, current size: 3216
pool-7-thread-17 pick event 804, current size: 3215
pool-7-thread-16 pick event 805, current size: 3214
pool-7-thread-19 pick event 806, current size: 3213
pool-7-thread-12 pick event 807, current size: 3212
pool-7-thread-2 pick event 808, current size: 3211
pool-7-thread-13 pick event 810, current size: 3210
pool-7-thread-20 pick event 811, current size: 3209
pool-7-thread-9 pick event 812, current size: 3207
pool-7-thread-14 pick event 813, current size: 3206
pool-7-thread-11 pick event 814, current size: 3205
pool-7-thread-18 pick event 815, current size: 3204
pool-7-thread-3 pick event 816, current size: 3203
pool-7-thread-19 pick event 817, current size: 3202
pool-7-thread-5 pick event 818, current size: 3201
pool-7-thread-8 pick event 819, current size: 3200
pool-7-thread-6 pick event 820, current size: 3199
pool-7-thread-7 pick event 821, current size: 3198
pool-7-thread-15 pick event 822, current size: 3197
pool-7-thread-1 pick event 823, current size: 3196
pool-7-thread-4 pick event 824, current size: 3195
pool-7-thread-16 pick event 825, current size: 3194
pool-7-thread-17 pick event 826, current size: 3193
pool-7-thread-2 pick event 827, current size: 3192
pool-7-thread-12 pick event 828, current size: 3191
pool-7-thread-16 pick event 829, current size: 3190
pool-7-thread-13 pick event 830, current size: 3189
pool-7-thread-9 pick event 831, current size: 3188
pool-7-thread-11 pick event 832, current size: 3187
pool-7-thread-16 pick event 833, current size: 3186
pool-7-thread-14 pick event 834, current size: 3185
pool-7-thread-18 pick event 835, current size: 3184
pool-7-thread-19 pick event 836, current size: 3183
pool-7-thread-5 pick event 837, current size: 3182
pool-7-thread-14 pick event 838, current size: 3181
pool-7-thread-6 pick event 839, current size: 3180
pool-7-thread-7 pick event 840, current size: 3179
pool-7-thread-8 pick event 841, current size: 3178
pool-7-thread-1 pick event 842, current size: 3177
pool-7-thread-15 pick event 843, current size: 3176
pool-7-thread-4 pick event 844, current size: 3175
pool-7-thread-10 pick event 845, current size: 3174
pool-7-thread-17 pick event 846, current size: 3173
pool-7-thread-12 pick event 847, current size: 3172
pool-7-thread-2 pick event 848, current size: 3171
pool-7-thread-20 pick event 849, current size: 3170
pool-7-thread-10 pick event 850, current size: 3169
pool-7-thread-9 pick event 851, current size: 3168
pool-7-thread-11 pick event 852, current size: 3167
pool-7-thread-16 pick event 853, current size: 3166
pool-7-thread-3 pick event 854, current size: 3165
pool-7-thread-18 pick event 855, current size: 3164
pool-7-thread-19 pick event 856, current size: 3163
pool-7-thread-5 pick event 857, current size: 3162
pool-7-thread-14 pick event 858, current size: 3161
pool-7-thread-6 pick event 859, current size: 3160
pool-7-thread-7 pick event 860, current size: 3159
pool-7-thread-8 pick event 861, current size: 3158
pool-7-thread-1 pick event 862, current size: 3157
pool-7-thread-15 pick event 863, current size: 3156
pool-7-thread-4 pick event 864, current size: 3155
pool-7-thread-8 pick event 865, current size: 3154
pool-7-thread-13 pick event 866, current size: 3153
pool-7-thread-12 pick event 867, current size: 3152
pool-7-thread-2 pick event 868, current size: 3151
pool-7-thread-10 pick event 869, current size: 3150
pool-7-thread-20 pick event 870, current size: 3149
pool-7-thread-9 pick event 871, current size: 3148
pool-7-thread-11 pick event 872, current size: 3147
pool-7-thread-16 pick event 873, current size: 3146
pool-7-thread-19 pick event 874, current size: 3145
pool-7-thread-3 pick event 875, current size: 3144
pool-7-thread-5 pick event 877, current size: 3142
pool-7-thread-14 pick event 878, current size: 3141
pool-7-thread-6 pick event 879, current size: 3140
pool-7-thread-17 pick event 880, current size: 3139
pool-7-thread-7 pick event 881, current size: 3138
pool-7-thread-11 pick event 882, current size: 3137
pool-7-thread-15 pick event 883, current size: 3136
pool-7-thread-8 pick event 884, current size: 3135
pool-7-thread-4 pick event 885, current size: 3134
pool-7-thread-13 pick event 886, current size: 3133
pool-7-thread-12 pick event 887, current size: 3132
pool-7-thread-10 pick event 888, current size: 3131
pool-7-thread-2 pick event 889, current size: 3130
pool-7-thread-20 pick event 890, current size: 3129
pool-7-thread-9 pick event 891, current size: 3128
pool-7-thread-18 pick event 892, current size: 3127
pool-7-thread-1 pick event 893, current size: 3126
pool-7-thread-16 pick event 894, current size: 3125
pool-7-thread-5 pick event 896, current size: 3123
pool-7-thread-14 pick event 897, current size: 3122
pool-7-thread-19 pick event 898, current size: 3121
pool-7-thread-17 pick event 899, current size: 3120
pool-7-thread-6 pick event 900, current size: 3119
pool-7-thread-15 pick event 902, current size: 3118
pool-7-thread-11 pick event 903, current size: 3117
pool-7-thread-9 pick event 904, current size: 3115
pool-7-thread-13 pick event 905, current size: 3114
pool-7-thread-12 pick event 906, current size: 3113
pool-7-thread-4 pick event 907, current size: 3112
pool-7-thread-10 pick event 908, current size: 3111
pool-7-thread-14 pick event 909, current size: 3110
pool-7-thread-20 pick event 910, current size: 3109
pool-7-thread-3 pick event 911, current size: 3108
pool-7-thread-18 pick event 912, current size: 3107
pool-7-thread-7 pick event 913, current size: 3106
pool-7-thread-14 pick event 914, current size: 3105
pool-7-thread-1 pick event 915, current size: 3104
pool-7-thread-5 pick event 916, current size: 3103
pool-7-thread-8 pick event 917, current size: 3102
pool-7-thread-1 pick event 918, current size: 3101
pool-7-thread-2 pick event 919, current size: 3100
pool-7-thread-17 pick event 920, current size: 3099
pool-7-thread-15 pick event 921, current size: 3098
pool-7-thread-6 pick event 922, current size: 3097
pool-7-thread-11 pick event 923, current size: 3096
pool-7-thread-13 pick event 924, current size: 3095
pool-7-thread-9 pick event 925, current size: 3094
pool-7-thread-13 pick event 926, current size: 3093
pool-7-thread-10 pick event 928, current size: 3092
pool-7-thread-4 pick event 929, current size: 3091
pool-7-thread-20 pick event 930, current size: 3090
pool-7-thread-19 pick event 931, current size: 3088
pool-7-thread-7 pick event 932, current size: 3087
pool-7-thread-3 pick event 933, current size: 3086
pool-7-thread-14 pick event 934, current size: 3085
pool-7-thread-18 pick event 935, current size: 3084
pool-7-thread-5 pick event 936, current size: 3083
pool-7-thread-8 pick event 937, current size: 3082
pool-7-thread-14 pick event 938, current size: 3081
pool-7-thread-2 pick event 939, current size: 3080
pool-7-thread-17 pick event 940, current size: 3079
pool-7-thread-15 pick event 941, current size: 3078
pool-7-thread-6 pick event 942, current size: 3077
pool-7-thread-12 pick event 943, current size: 3076
pool-7-thread-11 pick event 944, current size: 3075
pool-7-thread-16 pick event 945, current size: 3074
pool-7-thread-9 pick event 946, current size: 3073
pool-7-thread-13 pick event 947, current size: 3072
pool-7-thread-10 pick event 948, current size: 3071
pool-7-thread-4 pick event 949, current size: 3070
pool-7-thread-20 pick event 950, current size: 3069
pool-7-thread-19 pick event 951, current size: 3068
pool-7-thread-7 pick event 952, current size: 3067
pool-7-thread-3 pick event 953, current size: 3066
pool-7-thread-1 pick event 954, current size: 3065
pool-7-thread-18 pick event 955, current size: 3064
pool-7-thread-5 pick event 956, current size: 3063
pool-7-thread-8 pick event 957, current size: 3062
pool-7-thread-14 pick event 958, current size: 3061
pool-7-thread-2 pick event 959, current size: 3060
pool-7-thread-17 pick event 960, current size: 3059
pool-7-thread-5 pick event 961, current size: 3058
pool-7-thread-6 pick event 962, current size: 3057
pool-7-thread-9 pick event 963, current size: 3056
pool-7-thread-11 pick event 964, current size: 3055
pool-7-thread-12 pick event 965, current size: 3054
pool-7-thread-16 pick event 966, current size: 3053
pool-7-thread-10 pick event 967, current size: 3052
pool-7-thread-13 pick event 968, current size: 3051
pool-7-thread-4 pick event 969, current size: 3050
pool-7-thread-20 pick event 970, current size: 3049
pool-7-thread-19 pick event 971, current size: 3048
pool-7-thread-7 pick event 972, current size: 3047
pool-7-thread-3 pick event 973, current size: 3046
pool-7-thread-18 pick event 974, current size: 3045
pool-7-thread-1 pick event 975, current size: 3044
pool-7-thread-15 pick event 976, current size: 3043
pool-7-thread-8 pick event 977, current size: 3042
pool-7-thread-14 pick event 978, current size: 3041
pool-7-thread-5 pick event 979, current size: 3040
pool-7-thread-2 pick event 980, current size: 3039
pool-7-thread-17 pick event 981, current size: 3038
pool-7-thread-6 pick event 982, current size: 3037
pool-7-thread-9 pick event 983, current size: 3036
pool-7-thread-11 pick event 984, current size: 3035
pool-7-thread-12 pick event 985, current size: 3034
pool-7-thread-16 pick event 986, current size: 3033
pool-7-thread-10 pick event 987, current size: 3032
pool-7-thread-4 pick event 988, current size: 3031
pool-7-thread-13 pick event 989, current size: 3030
pool-7-thread-20 pick event 990, current size: 3029
pool-7-thread-19 pick event 991, current size: 3028
pool-7-thread-7 pick event 992, current size: 3027
pool-7-thread-3 pick event 993, current size: 3026
pool-7-thread-18 pick event 994, current size: 3025
pool-7-thread-15 pick event 995, current size: 3024
pool-7-thread-1 pick event 996, current size: 3023
pool-7-thread-14 pick event 997, current size: 3022
pool-7-thread-8 pick event 998, current size: 3021
pool-7-thread-6 pick event 999, current size: 3020
pool-7-thread-5 pick event 1000, current size: 3019
pool-7-thread-2 pick event 1001, current size: 3018
pool-7-thread-9 pick event 1002, current size: 3017
pool-7-thread-17 pick event 1003, current size: 3016
pool-7-thread-12 pick event 1004, current size: 3015
pool-7-thread-16 pick event 1005, current size: 3014
pool-7-thread-8 pick event 1006, current size: 3013
pool-7-thread-20 pick event 1009, current size: 3011
pool-7-thread-4 pick event 1010, current size: 3009
pool-7-thread-19 pick event 1011, current size: 3008
pool-7-thread-7 pick event 1012, current size: 3007
pool-7-thread-18 pick event 1013, current size: 3006
pool-7-thread-3 pick event 1014, current size: 3005
pool-7-thread-15 pick event 1015, current size: 3004
pool-7-thread-14 pick event 1016, current size: 3003
pool-7-thread-1 pick event 1017, current size: 3002
pool-7-thread-11 pick event 1018, current size: 3001
pool-7-thread-6 pick event 1019, current size: 3000
pool-7-thread-2 pick event 1020, current size: 2999
pool-7-thread-5 pick event 1021, current size: 2998
pool-7-thread-9 pick event 1023, current size: 2997
pool-7-thread-13 pick event 1024, current size: 2995
pool-7-thread-12 pick event 1025, current size: 2994
pool-7-thread-16 pick event 1026, current size: 2993
pool-7-thread-8 pick event 1027, current size: 2992
pool-7-thread-20 pick event 1028, current size: 2991
pool-7-thread-17 pick event 1029, current size: 2990
pool-7-thread-4 pick event 1030, current size: 2989
pool-7-thread-7 pick event 1031, current size: 2988
pool-7-thread-19 pick event 1032, current size: 2987
pool-7-thread-14 pick event 1033, current size: 2986
pool-7-thread-18 pick event 1034, current size: 2985
pool-7-thread-3 pick event 1035, current size: 2984
pool-7-thread-15 pick event 1036, current size: 2983
pool-7-thread-10 pick event 1037, current size: 2982
pool-7-thread-11 pick event 1038, current size: 2981
pool-7-thread-1 pick event 1039, current size: 2980
pool-7-thread-3 pick event 1040, current size: 2979
pool-7-thread-2 pick event 1041, current size: 2978
pool-7-thread-6 pick event 1042, current size: 2977
pool-7-thread-9 pick event 1043, current size: 2976
pool-7-thread-12 pick event 1045, current size: 2975
pool-7-thread-16 pick event 1046, current size: 2974
pool-7-thread-20 pick event 1047, current size: 2972
pool-7-thread-4 pick event 1049, current size: 2971
pool-7-thread-17 pick event 1050, current size: 2970
pool-7-thread-19 pick event 1052, current size: 2969
pool-7-thread-18 pick event 1053, current size: 2968
pool-7-thread-14 pick event 1054, current size: 2967
pool-7-thread-5 pick event 1055, current size: 2964
pool-7-thread-10 pick event 1056, current size: 2963
pool-7-thread-11 pick event 1057, current size: 2962
pool-7-thread-3 pick event 1058, current size: 2961
pool-7-thread-15 pick event 1059, current size: 2960
pool-7-thread-1 pick event 1060, current size: 2959
pool-7-thread-13 pick event 1061, current size: 2958
pool-7-thread-2 pick event 1062, current size: 2957
pool-7-thread-9 pick event 1063, current size: 2956
pool-7-thread-6 pick event 1064, current size: 2955
pool-7-thread-8 pick event 1065, current size: 2954
pool-7-thread-12 pick event 1066, current size: 2953
pool-7-thread-7 pick event 1068, current size: 2951
pool-7-thread-19 pick event 1069, current size: 2950
pool-7-thread-17 pick event 1070, current size: 2949
pool-7-thread-20 pick event 1071, current size: 2948
pool-7-thread-18 pick event 1072, current size: 2947
pool-7-thread-4 pick event 1073, current size: 2946
pool-7-thread-14 pick event 1074, current size: 2945
pool-7-thread-5 pick event 1075, current size: 2944
pool-7-thread-3 pick event 1076, current size: 2943
pool-7-thread-11 pick event 1077, current size: 2942
pool-7-thread-10 pick event 1078, current size: 2941
pool-7-thread-6 pick event 1079, current size: 2940
pool-7-thread-13 pick event 1080, current size: 2939
pool-7-thread-16 pick event 1081, current size: 2938
pool-7-thread-2 pick event 1082, current size: 2937
pool-7-thread-1 pick event 1083, current size: 2936
pool-7-thread-13 pick event 1084, current size: 2935
pool-7-thread-9 pick event 1085, current size: 2934
pool-7-thread-8 pick event 1086, current size: 2933
pool-7-thread-15 pick event 1087, current size: 2932
pool-7-thread-7 pick event 1088, current size: 2931
pool-7-thread-17 pick event 1089, current size: 2930
pool-7-thread-20 pick event 1090, current size: 2929
pool-7-thread-19 pick event 1091, current size: 2928
pool-7-thread-18 pick event 1092, current size: 2927
pool-7-thread-14 pick event 1093, current size: 2926
pool-7-thread-3 pick event 1094, current size: 2925
pool-7-thread-4 pick event 1095, current size: 2924
pool-7-thread-5 pick event 1096, current size: 2923
pool-7-thread-10 pick event 1097, current size: 2922
pool-7-thread-11 pick event 1098, current size: 2921
pool-7-thread-6 pick event 1099, current size: 2920
pool-7-thread-12 pick event 1100, current size: 2919
pool-7-thread-16 pick event 1101, current size: 2918
pool-7-thread-2 pick event 1102, current size: 2917
pool-7-thread-1 pick event 1103, current size: 2916
pool-7-thread-13 pick event 1104, current size: 2915
pool-7-thread-9 pick event 1105, current size: 2914
pool-7-thread-8 pick event 1106, current size: 2913
pool-7-thread-15 pick event 1107, current size: 2912
pool-7-thread-17 pick event 1108, current size: 2911
pool-7-thread-7 pick event 1109, current size: 2910
pool-7-thread-20 pick event 1110, current size: 2909
pool-7-thread-19 pick event 1111, current size: 2908
pool-7-thread-18 pick event 1112, current size: 2907
pool-7-thread-14 pick event 1113, current size: 2906
pool-7-thread-3 pick event 1114, current size: 2905
pool-7-thread-4 pick event 1115, current size: 2904
pool-7-thread-5 pick event 1116, current size: 2903
pool-7-thread-10 pick event 1117, current size: 2902
pool-7-thread-19 pick event 1118, current size: 2901
pool-7-thread-6 pick event 1119, current size: 2900
pool-7-thread-12 pick event 1120, current size: 2899
pool-7-thread-16 pick event 1121, current size: 2898
pool-7-thread-2 pick event 1122, current size: 2897
pool-7-thread-1 pick event 1123, current size: 2896
pool-7-thread-9 pick event 1124, current size: 2895
pool-7-thread-13 pick event 1125, current size: 2894
pool-7-thread-8 pick event 1126, current size: 2893
pool-7-thread-15 pick event 1127, current size: 2892
pool-7-thread-17 pick event 1128, current size: 2891
pool-7-thread-7 pick event 1129, current size: 2890
pool-7-thread-8 pick event 1130, current size: 2889
pool-7-thread-18 pick event 1131, current size: 2888
pool-7-thread-17 pick event 1132, current size: 2887
pool-7-thread-11 pick event 1133, current size: 2886
pool-7-thread-3 pick event 1134, current size: 2885
pool-7-thread-10 pick event 1135, current size: 2884
pool-7-thread-5 pick event 1136, current size: 2883
pool-7-thread-14 pick event 1137, current size: 2882
pool-7-thread-10 pick event 1138, current size: 2881
pool-7-thread-17 pick event 1139, current size: 2880
pool-7-thread-12 pick event 1140, current size: 2879
pool-7-thread-16 pick event 1141, current size: 2878
pool-7-thread-2 pick event 1142, current size: 2877
pool-7-thread-12 pick event 1143, current size: 2876
pool-7-thread-9 pick event 1144, current size: 2875
pool-7-thread-20 pick event 1145, current size: 2874
pool-7-thread-13 pick event 1146, current size: 2873
pool-7-thread-15 pick event 1147, current size: 2872
pool-7-thread-7 pick event 1148, current size: 2871
pool-7-thread-20 pick event 1149, current size: 2870
pool-7-thread-8 pick event 1150, current size: 2869
pool-7-thread-11 pick event 1151, current size: 2868
pool-7-thread-18 pick event 1152, current size: 2867
pool-7-thread-19 pick event 1153, current size: 2866
pool-7-thread-6 pick event 1154, current size: 2865
pool-7-thread-3 pick event 1155, current size: 2864
pool-7-thread-5 pick event 1156, current size: 2863
pool-7-thread-17 pick event 1157, current size: 2862
pool-7-thread-14 pick event 1158, current size: 2861
pool-7-thread-1 pick event 1159, current size: 2860
pool-7-thread-10 pick event 1160, current size: 2859
pool-7-thread-16 pick event 1161, current size: 2858
pool-7-thread-2 pick event 1162, current size: 2857
pool-7-thread-12 pick event 1163, current size: 2856
pool-7-thread-9 pick event 1164, current size: 2855
pool-7-thread-4 pick event 1165, current size: 2854
pool-7-thread-13 pick event 1166, current size: 2853
pool-7-thread-7 pick event 1167, current size: 2852
pool-7-thread-15 pick event 1168, current size: 2851
pool-7-thread-8 pick event 1169, current size: 2850
pool-7-thread-3 pick event 1170, current size: 2849
pool-7-thread-20 pick event 1171, current size: 2848
pool-7-thread-11 pick event 1172, current size: 2847
pool-7-thread-19 pick event 1173, current size: 2846
pool-7-thread-6 pick event 1174, current size: 2845
pool-7-thread-18 pick event 1175, current size: 2844
pool-7-thread-5 pick event 1176, current size: 2843
pool-7-thread-17 pick event 1177, current size: 2842
pool-7-thread-14 pick event 1178, current size: 2841
pool-7-thread-1 pick event 1179, current size: 2840
pool-7-thread-10 pick event 1180, current size: 2839
pool-7-thread-16 pick event 1181, current size: 2838
pool-7-thread-2 pick event 1182, current size: 2837
pool-7-thread-12 pick event 1183, current size: 2836
pool-7-thread-4 pick event 1184, current size: 2835
pool-7-thread-9 pick event 1185, current size: 2834
pool-7-thread-13 pick event 1186, current size: 2833
pool-7-thread-7 pick event 1187, current size: 2832
pool-7-thread-15 pick event 1188, current size: 2831
pool-7-thread-8 pick event 1189, current size: 2830
pool-7-thread-3 pick event 1190, current size: 2829
pool-7-thread-20 pick event 1191, current size: 2828
pool-7-thread-11 pick event 1192, current size: 2827
pool-7-thread-18 pick event 1193, current size: 2826
pool-7-thread-19 pick event 1194, current size: 2825
pool-7-thread-6 pick event 1195, current size: 2824
pool-7-thread-5 pick event 1196, current size: 2823
pool-7-thread-17 pick event 1197, current size: 2822
pool-7-thread-14 pick event 1198, current size: 2821
pool-7-thread-1 pick event 1199, current size: 2820
pool-7-thread-10 pick event 1200, current size: 2819
pool-7-thread-16 pick event 1201, current size: 2818
pool-7-thread-5 pick event 1202, current size: 2817
pool-7-thread-4 pick event 1203, current size: 2816
pool-7-thread-14 pick event 1204, current size: 2815
pool-7-thread-9 pick event 1205, current size: 2814
pool-7-thread-13 pick event 1206, current size: 2813
pool-7-thread-7 pick event 1207, current size: 2812
pool-7-thread-15 pick event 1208, current size: 2811
pool-7-thread-8 pick event 1209, current size: 2810
pool-7-thread-11 pick event 1210, current size: 2809
pool-7-thread-3 pick event 1211, current size: 2808
pool-7-thread-18 pick event 1212, current size: 2807
pool-7-thread-20 pick event 1213, current size: 2806
pool-7-thread-19 pick event 1214, current size: 2805
pool-7-thread-6 pick event 1215, current size: 2804
pool-7-thread-17 pick event 1216, current size: 2803
pool-7-thread-2 pick event 1217, current size: 2802
pool-7-thread-10 pick event 1218, current size: 2801
pool-7-thread-12 pick event 1220, current size: 2800
pool-7-thread-16 pick event 1221, current size: 2799
pool-7-thread-5 pick event 1222, current size: 2798
pool-7-thread-14 pick event 1223, current size: 2797
pool-7-thread-13 pick event 1224, current size: 2795
pool-7-thread-4 pick event 1225, current size: 2794
pool-7-thread-2 pick event 1226, current size: 2793
pool-7-thread-9 pick event 1227, current size: 2792
pool-7-thread-7 pick event 1228, current size: 2791
pool-7-thread-8 pick event 1229, current size: 2790
pool-7-thread-11 pick event 1230, current size: 2789
pool-7-thread-3 pick event 1231, current size: 2788
pool-7-thread-18 pick event 1232, current size: 2787
pool-7-thread-20 pick event 1233, current size: 2786
pool-7-thread-6 pick event 1234, current size: 2785
pool-7-thread-19 pick event 1235, current size: 2784
pool-7-thread-1 pick event 1236, current size: 2783
pool-7-thread-17 pick event 1237, current size: 2782
pool-7-thread-10 pick event 1238, current size: 2781
pool-7-thread-12 pick event 1239, current size: 2780
pool-7-thread-15 pick event 1240, current size: 2779
pool-7-thread-16 pick event 1241, current size: 2778
pool-7-thread-5 pick event 1242, current size: 2777
pool-7-thread-14 pick event 1243, current size: 2776
pool-7-thread-13 pick event 1244, current size: 2775
pool-7-thread-9 pick event 1245, current size: 2774
pool-7-thread-2 pick event 1246, current size: 2773
pool-7-thread-7 pick event 1247, current size: 2772
pool-7-thread-4 pick event 1248, current size: 2771
pool-7-thread-2 pick event 1249, current size: 2770
pool-7-thread-11 pick event 1250, current size: 2769
pool-7-thread-3 pick event 1251, current size: 2768
pool-7-thread-7 pick event 1252, current size: 2767
pool-7-thread-6 pick event 1253, current size: 2766
pool-7-thread-11 pick event 1254, current size: 2765
pool-7-thread-3 pick event 1255, current size: 2764
pool-7-thread-17 pick event 1256, current size: 2763
pool-7-thread-1 pick event 1257, current size: 2762
pool-7-thread-10 pick event 1258, current size: 2761
pool-7-thread-12 pick event 1259, current size: 2760
pool-7-thread-15 pick event 1260, current size: 2759
pool-7-thread-16 pick event 1261, current size: 2758
pool-7-thread-14 pick event 1262, current size: 2757
pool-7-thread-10 pick event 1263, current size: 2756
pool-7-thread-13 pick event 1264, current size: 2755
pool-7-thread-8 pick event 1265, current size: 2754
pool-7-thread-4 pick event 1266, current size: 2753
pool-7-thread-10 pick event 1267, current size: 2752
pool-7-thread-2 pick event 1268, current size: 2751
pool-7-thread-18 pick event 1269, current size: 2750
pool-7-thread-20 pick event 1270, current size: 2749
pool-7-thread-19 pick event 1271, current size: 2748
pool-7-thread-7 pick event 1272, current size: 2747
pool-7-thread-6 pick event 1273, current size: 2746
pool-7-thread-11 pick event 1274, current size: 2745
pool-7-thread-1 pick event 1275, current size: 2744
pool-7-thread-3 pick event 1276, current size: 2743
pool-7-thread-17 pick event 1277, current size: 2742
pool-7-thread-5 pick event 1278, current size: 2741
pool-7-thread-12 pick event 1279, current size: 2740
pool-7-thread-15 pick event 1280, current size: 2739
pool-7-thread-17 pick event 1281, current size: 2738
pool-7-thread-9 pick event 1282, current size: 2737
pool-7-thread-16 pick event 1283, current size: 2736
pool-7-thread-13 pick event 1284, current size: 2735
pool-7-thread-8 pick event 1285, current size: 2734
pool-7-thread-10 pick event 1286, current size: 2733
pool-7-thread-12 pick event 1287, current size: 2732
pool-7-thread-9 pick event 1288, current size: 2731
pool-7-thread-18 pick event 1289, current size: 2730
pool-7-thread-20 pick event 1290, current size: 2729
pool-7-thread-19 pick event 1291, current size: 2728
pool-7-thread-7 pick event 1292, current size: 2727
pool-7-thread-9 pick event 1293, current size: 2726
pool-7-thread-11 pick event 1294, current size: 2725
pool-7-thread-19 pick event 1295, current size: 2724
pool-7-thread-3 pick event 1296, current size: 2723
pool-7-thread-14 pick event 1297, current size: 2722
pool-7-thread-5 pick event 1298, current size: 2721
pool-7-thread-17 pick event 1299, current size: 2720
pool-7-thread-4 pick event 1300, current size: 2719
pool-7-thread-13 pick event 1301, current size: 2718
pool-7-thread-16 pick event 1302, current size: 2717
pool-7-thread-15 pick event 1303, current size: 2716
pool-7-thread-2 pick event 1304, current size: 2715
pool-7-thread-10 pick event 1305, current size: 2714
pool-7-thread-8 pick event 1306, current size: 2713
pool-7-thread-12 pick event 1307, current size: 2712
pool-7-thread-6 pick event 1308, current size: 2711
pool-7-thread-18 pick event 1309, current size: 2710
pool-7-thread-1 pick event 1310, current size: 2709
pool-7-thread-9 pick event 1312, current size: 2708
pool-7-thread-7 pick event 1313, current size: 2707
pool-7-thread-20 pick event 1314, current size: 2705
pool-7-thread-11 pick event 1315, current size: 2704
pool-7-thread-14 pick event 1316, current size: 2703
pool-7-thread-5 pick event 1317, current size: 2702
pool-7-thread-3 pick event 1318, current size: 2701
pool-7-thread-17 pick event 1319, current size: 2700
pool-7-thread-6 pick event 1320, current size: 2699
pool-7-thread-13 pick event 1321, current size: 2698
pool-7-thread-16 pick event 1322, current size: 2697
pool-7-thread-15 pick event 1323, current size: 2696
pool-7-thread-10 pick event 1324, current size: 2695
pool-7-thread-2 pick event 1325, current size: 2694
pool-7-thread-12 pick event 1326, current size: 2693
pool-7-thread-8 pick event 1327, current size: 2692
pool-7-thread-19 pick event 1328, current size: 2691
pool-7-thread-18 pick event 1329, current size: 2690
pool-7-thread-1 pick event 1330, current size: 2689
pool-7-thread-4 pick event 1331, current size: 2688
pool-7-thread-9 pick event 1332, current size: 2687
pool-7-thread-7 pick event 1333, current size: 2686
pool-7-thread-20 pick event 1334, current size: 2685
pool-7-thread-5 pick event 1335, current size: 2684
pool-7-thread-6 pick event 1336, current size: 2683
pool-7-thread-14 pick event 1338, current size: 2681
pool-7-thread-13 pick event 1339, current size: 2680
pool-7-thread-17 pick event 1340, current size: 2679
pool-7-thread-15 pick event 1341, current size: 2678
pool-7-thread-11 pick event 1342, current size: 2677
pool-7-thread-16 pick event 1343, current size: 2676
pool-7-thread-10 pick event 1344, current size: 2675
pool-7-thread-2 pick event 1345, current size: 2674
pool-7-thread-8 pick event 1346, current size: 2673
pool-7-thread-12 pick event 1347, current size: 2672
pool-7-thread-19 pick event 1348, current size: 2671
pool-7-thread-1 pick event 1349, current size: 2670
pool-7-thread-18 pick event 1350, current size: 2669
pool-7-thread-4 pick event 1351, current size: 2668
pool-7-thread-9 pick event 1352, current size: 2667
pool-7-thread-3 pick event 1353, current size: 2666
pool-7-thread-7 pick event 1354, current size: 2665
pool-7-thread-5 pick event 1355, current size: 2664
pool-7-thread-20 pick event 1356, current size: 2663
pool-7-thread-6 pick event 1357, current size: 2662
pool-7-thread-14 pick event 1358, current size: 2661
pool-7-thread-15 pick event 1359, current size: 2660
pool-7-thread-11 pick event 1360, current size: 2659
pool-7-thread-17 pick event 1361, current size: 2658
pool-7-thread-13 pick event 1362, current size: 2657
pool-7-thread-10 pick event 1363, current size: 2656
pool-7-thread-16 pick event 1364, current size: 2655
pool-7-thread-2 pick event 1365, current size: 2654
pool-7-thread-8 pick event 1366, current size: 2653
pool-7-thread-12 pick event 1367, current size: 2652
pool-7-thread-19 pick event 1368, current size: 2651
pool-7-thread-1 pick event 1369, current size: 2650
pool-7-thread-4 pick event 1370, current size: 2649
pool-7-thread-18 pick event 1371, current size: 2648
pool-7-thread-3 pick event 1372, current size: 2647
pool-7-thread-9 pick event 1373, current size: 2646
pool-7-thread-1 pick event 1374, current size: 2645
pool-7-thread-5 pick event 1375, current size: 2644
pool-7-thread-18 pick event 1376, current size: 2643
pool-7-thread-14 pick event 1377, current size: 2642
pool-7-thread-6 pick event 1378, current size: 2641
pool-7-thread-15 pick event 1379, current size: 2640
pool-7-thread-11 pick event 1380, current size: 2639
pool-7-thread-17 pick event 1381, current size: 2638
pool-7-thread-13 pick event 1382, current size: 2637
pool-7-thread-10 pick event 1383, current size: 2636
pool-7-thread-16 pick event 1384, current size: 2635
pool-7-thread-12 pick event 1385, current size: 2634
pool-7-thread-8 pick event 1386, current size: 2633
pool-7-thread-19 pick event 1387, current size: 2632
pool-7-thread-2 pick event 1388, current size: 2631
pool-7-thread-7 pick event 1389, current size: 2630
pool-7-thread-3 pick event 1390, current size: 2629
pool-7-thread-20 pick event 1391, current size: 2628
pool-7-thread-4 pick event 1392, current size: 2627
pool-7-thread-5 pick event 1393, current size: 2626
pool-7-thread-9 pick event 1394, current size: 2625
pool-7-thread-1 pick event 1395, current size: 2624
pool-7-thread-18 pick event 1396, current size: 2623
pool-7-thread-15 pick event 1397, current size: 2622
pool-7-thread-14 pick event 1398, current size: 2621
pool-7-thread-6 pick event 1399, current size: 2620
pool-7-thread-11 pick event 1400, current size: 2619
pool-7-thread-17 pick event 1401, current size: 2618
pool-7-thread-13 pick event 1402, current size: 2617
pool-7-thread-12 pick event 1403, current size: 2616
pool-7-thread-10 pick event 1404, current size: 2615
pool-7-thread-16 pick event 1405, current size: 2614
pool-7-thread-8 pick event 1406, current size: 2613
pool-7-thread-19 pick event 1407, current size: 2612
pool-7-thread-2 pick event 1408, current size: 2611
pool-7-thread-7 pick event 1409, current size: 2610
pool-7-thread-3 pick event 1410, current size: 2609
pool-7-thread-4 pick event 1411, current size: 2608
pool-7-thread-20 pick event 1412, current size: 2607
pool-7-thread-5 pick event 1413, current size: 2606
pool-7-thread-9 pick event 1414, current size: 2605
pool-7-thread-1 pick event 1415, current size: 2604
pool-7-thread-5 pick event 1416, current size: 2603
pool-7-thread-15 pick event 1417, current size: 2602
pool-7-thread-6 pick event 1418, current size: 2601
pool-7-thread-14 pick event 1419, current size: 2600
pool-7-thread-11 pick event 1420, current size: 2599
pool-7-thread-17 pick event 1421, current size: 2598
pool-7-thread-13 pick event 1422, current size: 2597
pool-7-thread-15 pick event 1423, current size: 2596
pool-7-thread-10 pick event 1424, current size: 2595
pool-7-thread-16 pick event 1425, current size: 2594
pool-7-thread-8 pick event 1426, current size: 2593
pool-7-thread-19 pick event 1427, current size: 2592
pool-7-thread-7 pick event 1428, current size: 2591
pool-7-thread-2 pick event 1429, current size: 2590
pool-7-thread-20 pick event 1430, current size: 2589
pool-7-thread-3 pick event 1431, current size: 2588
pool-7-thread-18 pick event 1433, current size: 2587
pool-7-thread-9 pick event 1434, current size: 2585
pool-7-thread-5 pick event 1436, current size: 2584
pool-7-thread-12 pick event 1437, current size: 2583
pool-7-thread-6 pick event 1438, current size: 2582
pool-7-thread-11 pick event 1439, current size: 2581
pool-7-thread-14 pick event 1440, current size: 2579
pool-7-thread-17 pick event 1441, current size: 2578
pool-7-thread-13 pick event 1442, current size: 2577
pool-7-thread-15 pick event 1443, current size: 2576
pool-7-thread-10 pick event 1444, current size: 2575
pool-7-thread-16 pick event 1445, current size: 2574
pool-7-thread-8 pick event 1446, current size: 2573
pool-7-thread-19 pick event 1447, current size: 2572
pool-7-thread-4 pick event 1448, current size: 2571
pool-7-thread-3 pick event 1449, current size: 2570
pool-7-thread-7 pick event 1450, current size: 2569
pool-7-thread-20 pick event 1451, current size: 2568
pool-7-thread-2 pick event 1452, current size: 2567
pool-7-thread-1 pick event 1453, current size: 2566
pool-7-thread-18 pick event 1454, current size: 2565
pool-7-thread-12 pick event 1455, current size: 2564
pool-7-thread-6 pick event 1456, current size: 2563
pool-7-thread-5 pick event 1457, current size: 2562
pool-7-thread-9 pick event 1458, current size: 2561
pool-7-thread-14 pick event 1459, current size: 2560
pool-7-thread-11 pick event 1460, current size: 2559
pool-7-thread-17 pick event 1461, current size: 2558
pool-7-thread-15 pick event 1462, current size: 2557
pool-7-thread-16 pick event 1463, current size: 2556
pool-7-thread-10 pick event 1464, current size: 2555
pool-7-thread-13 pick event 1465, current size: 2554
pool-7-thread-8 pick event 1466, current size: 2553
pool-7-thread-19 pick event 1467, current size: 2552
pool-7-thread-4 pick event 1468, current size: 2551
pool-7-thread-20 pick event 1469, current size: 2550
pool-7-thread-3 pick event 1470, current size: 2549
pool-7-thread-7 pick event 1471, current size: 2548
pool-7-thread-2 pick event 1472, current size: 2547
pool-7-thread-1 pick event 1473, current size: 2546
pool-7-thread-18 pick event 1474, current size: 2545
pool-7-thread-3 pick event 1475, current size: 2544
pool-7-thread-6 pick event 1476, current size: 2543
pool-7-thread-5 pick event 1477, current size: 2542
pool-7-thread-9 pick event 1478, current size: 2541
pool-7-thread-14 pick event 1479, current size: 2540
pool-7-thread-11 pick event 1480, current size: 2539
pool-7-thread-17 pick event 1481, current size: 2538
pool-7-thread-15 pick event 1482, current size: 2537
pool-7-thread-16 pick event 1483, current size: 2536
pool-7-thread-10 pick event 1484, current size: 2535
pool-7-thread-8 pick event 1486, current size: 2534
pool-7-thread-19 pick event 1487, current size: 2533
pool-7-thread-20 pick event 1488, current size: 2531
pool-7-thread-4 pick event 1489, current size: 2530
pool-7-thread-7 pick event 1490, current size: 2529
pool-7-thread-12 pick event 1491, current size: 2528
pool-7-thread-19 pick event 1492, current size: 2527
pool-7-thread-1 pick event 1493, current size: 2526
pool-7-thread-18 pick event 1494, current size: 2525
pool-7-thread-3 pick event 1495, current size: 2524
pool-7-thread-6 pick event 1496, current size: 2523
pool-7-thread-5 pick event 1497, current size: 2522
pool-7-thread-9 pick event 1498, current size: 2521
pool-7-thread-14 pick event 1499, current size: 2520
pool-7-thread-11 pick event 1500, current size: 2519
pool-7-thread-13 pick event 1501, current size: 2518
pool-7-thread-17 pick event 1502, current size: 2517
pool-7-thread-15 pick event 1503, current size: 2516
pool-7-thread-16 pick event 1504, current size: 2515
pool-7-thread-10 pick event 1505, current size: 2514
pool-7-thread-8 pick event 1506, current size: 2513
pool-7-thread-2 pick event 1507, current size: 2512
pool-7-thread-15 pick event 1508, current size: 2511
pool-7-thread-12 pick event 1509, current size: 2510
pool-7-thread-7 pick event 1510, current size: 2509
pool-7-thread-4 pick event 1511, current size: 2508
pool-7-thread-19 pick event 1512, current size: 2507
pool-7-thread-1 pick event 1513, current size: 2506
pool-7-thread-6 pick event 1514, current size: 2505
pool-7-thread-18 pick event 1515, current size: 2504
pool-7-thread-3 pick event 1516, current size: 2503
pool-7-thread-9 pick event 1517, current size: 2502
pool-7-thread-3 pick event 1518, current size: 2501
pool-7-thread-5 pick event 1519, current size: 2500
pool-7-thread-11 pick event 1520, current size: 2499
pool-7-thread-13 pick event 1521, current size: 2498
pool-7-thread-17 pick event 1522, current size: 2497
pool-7-thread-20 pick event 1523, current size: 2496
pool-7-thread-10 pick event 1524, current size: 2495
pool-7-thread-8 pick event 1525, current size: 2494
pool-7-thread-2 pick event 1526, current size: 2493
pool-7-thread-5 pick event 1527, current size: 2492
pool-7-thread-16 pick event 1528, current size: 2491
pool-7-thread-12 pick event 1529, current size: 2490
pool-7-thread-4 pick event 1530, current size: 2489
pool-7-thread-1 pick event 1531, current size: 2488
pool-7-thread-12 pick event 1532, current size: 2487
pool-7-thread-7 pick event 1533, current size: 2486
pool-7-thread-19 pick event 1534, current size: 2485
pool-7-thread-18 pick event 1535, current size: 2484
pool-7-thread-14 pick event 1536, current size: 2483
pool-7-thread-9 pick event 1537, current size: 2482
pool-7-thread-3 pick event 1538, current size: 2481
pool-7-thread-19 pick event 1540, current size: 2479
pool-7-thread-13 pick event 1541, current size: 2478
pool-7-thread-15 pick event 1542, current size: 2477
pool-7-thread-20 pick event 1543, current size: 2476
pool-7-thread-10 pick event 1544, current size: 2475
pool-7-thread-8 pick event 1545, current size: 2474
pool-7-thread-2 pick event 1546, current size: 2473
pool-7-thread-16 pick event 1547, current size: 2472
pool-7-thread-5 pick event 1548, current size: 2471
pool-7-thread-6 pick event 1549, current size: 2470
pool-7-thread-4 pick event 1550, current size: 2469
pool-7-thread-1 pick event 1551, current size: 2468
pool-7-thread-12 pick event 1552, current size: 2467
pool-7-thread-7 pick event 1553, current size: 2466
pool-7-thread-17 pick event 1554, current size: 2465
pool-7-thread-11 pick event 1555, current size: 2464
pool-7-thread-14 pick event 1556, current size: 2463
pool-7-thread-9 pick event 1557, current size: 2462
pool-7-thread-18 pick event 1558, current size: 2461
pool-7-thread-3 pick event 1559, current size: 2460
pool-7-thread-19 pick event 1560, current size: 2459
pool-7-thread-13 pick event 1561, current size: 2458
pool-7-thread-15 pick event 1562, current size: 2457
pool-7-thread-20 pick event 1563, current size: 2456
pool-7-thread-10 pick event 1564, current size: 2455
pool-7-thread-8 pick event 1565, current size: 2454
pool-7-thread-2 pick event 1566, current size: 2453
pool-7-thread-6 pick event 1567, current size: 2452
pool-7-thread-5 pick event 1568, current size: 2451
pool-7-thread-16 pick event 1569, current size: 2450
pool-7-thread-4 pick event 1570, current size: 2449
pool-7-thread-1 pick event 1571, current size: 2448
pool-7-thread-12 pick event 1572, current size: 2447
pool-7-thread-17 pick event 1573, current size: 2446
pool-7-thread-7 pick event 1574, current size: 2445
pool-7-thread-14 pick event 1575, current size: 2444
pool-7-thread-11 pick event 1576, current size: 2443
pool-7-thread-9 pick event 1577, current size: 2442
pool-7-thread-18 pick event 1578, current size: 2441
pool-7-thread-3 pick event 1579, current size: 2440
pool-7-thread-13 pick event 1580, current size: 2439
pool-7-thread-19 pick event 1581, current size: 2438
pool-7-thread-20 pick event 1582, current size: 2437
pool-7-thread-15 pick event 1583, current size: 2436
pool-7-thread-5 pick event 1584, current size: 2435
pool-7-thread-2 pick event 1585, current size: 2434
pool-7-thread-10 pick event 1586, current size: 2433
pool-7-thread-6 pick event 1587, current size: 2432
pool-7-thread-16 pick event 1589, current size: 2431
pool-7-thread-4 pick event 1590, current size: 2430
pool-7-thread-1 pick event 1591, current size: 2428
pool-7-thread-12 pick event 1592, current size: 2427
pool-7-thread-7 pick event 1593, current size: 2426
pool-7-thread-17 pick event 1594, current size: 2425
pool-7-thread-14 pick event 1595, current size: 2424
pool-7-thread-11 pick event 1596, current size: 2423
pool-7-thread-4 pick event 1597, current size: 2422
pool-7-thread-9 pick event 1598, current size: 2421
pool-7-thread-3 pick event 1599, current size: 2420
pool-7-thread-13 pick event 1600, current size: 2419
pool-7-thread-11 pick event 1602, current size: 2418
pool-7-thread-15 pick event 1603, current size: 2417
pool-7-thread-5 pick event 1604, current size: 2416
pool-7-thread-8 pick event 1605, current size: 2414
pool-7-thread-2 pick event 1606, current size: 2413
pool-7-thread-10 pick event 1607, current size: 2412
pool-7-thread-6 pick event 1608, current size: 2411
pool-7-thread-16 pick event 1609, current size: 2410
pool-7-thread-18 pick event 1610, current size: 2409
pool-7-thread-1 pick event 1611, current size: 2408
pool-7-thread-9 pick event 1612, current size: 2407
pool-7-thread-7 pick event 1613, current size: 2406
pool-7-thread-12 pick event 1614, current size: 2405
pool-7-thread-14 pick event 1615, current size: 2404
pool-7-thread-17 pick event 1616, current size: 2403
pool-7-thread-20 pick event 1617, current size: 2402
pool-7-thread-4 pick event 1618, current size: 2401
pool-7-thread-3 pick event 1619, current size: 2400
pool-7-thread-19 pick event 1620, current size: 2399
pool-7-thread-13 pick event 1621, current size: 2398
pool-7-thread-11 pick event 1622, current size: 2397
pool-7-thread-5 pick event 1623, current size: 2396
pool-7-thread-15 pick event 1624, current size: 2395
pool-7-thread-2 pick event 1625, current size: 2394
pool-7-thread-16 pick event 1627, current size: 2392
pool-7-thread-10 pick event 1628, current size: 2391
pool-7-thread-6 pick event 1629, current size: 2390
pool-7-thread-1 pick event 1630, current size: 2389
pool-7-thread-9 pick event 1632, current size: 2388
pool-7-thread-1 pick event 1633, current size: 2386
pool-7-thread-12 pick event 1634, current size: 2385
pool-7-thread-17 pick event 1635, current size: 2384
pool-7-thread-14 pick event 1636, current size: 2383
pool-7-thread-20 pick event 1637, current size: 2382
pool-7-thread-9 pick event 1638, current size: 2381
pool-7-thread-3 pick event 1639, current size: 2380
pool-7-thread-19 pick event 1640, current size: 2379
pool-7-thread-13 pick event 1641, current size: 2378
pool-7-thread-11 pick event 1642, current size: 2377
pool-7-thread-8 pick event 1643, current size: 2376
pool-7-thread-15 pick event 1644, current size: 2375
pool-7-thread-5 pick event 1645, current size: 2374
pool-7-thread-2 pick event 1646, current size: 2373
pool-7-thread-16 pick event 1647, current size: 2372
pool-7-thread-18 pick event 1648, current size: 2371
pool-7-thread-7 pick event 1649, current size: 2370
pool-7-thread-10 pick event 1650, current size: 2369
pool-7-thread-6 pick event 1651, current size: 2368
pool-7-thread-1 pick event 1652, current size: 2367
pool-7-thread-7 pick event 1653, current size: 2366
pool-7-thread-12 pick event 1654, current size: 2365
pool-7-thread-17 pick event 1655, current size: 2364
pool-7-thread-1 pick event 1656, current size: 2363
pool-7-thread-20 pick event 1657, current size: 2362
pool-7-thread-9 pick event 1658, current size: 2361
pool-7-thread-3 pick event 1659, current size: 2360
pool-7-thread-19 pick event 1660, current size: 2359
pool-7-thread-13 pick event 1661, current size: 2358
pool-7-thread-11 pick event 1662, current size: 2357
pool-7-thread-2 pick event 1663, current size: 2356
pool-7-thread-8 pick event 1664, current size: 2355
pool-7-thread-15 pick event 1665, current size: 2354
pool-7-thread-5 pick event 1666, current size: 2353
pool-7-thread-18 pick event 1667, current size: 2352
pool-7-thread-16 pick event 1668, current size: 2351
pool-7-thread-5 pick event 1669, current size: 2350
pool-7-thread-10 pick event 1670, current size: 2349
pool-7-thread-6 pick event 1671, current size: 2348
pool-7-thread-14 pick event 1672, current size: 2347
pool-7-thread-12 pick event 1673, current size: 2346
pool-7-thread-7 pick event 1674, current size: 2345
pool-7-thread-1 pick event 1675, current size: 2344
pool-7-thread-17 pick event 1676, current size: 2343
pool-7-thread-20 pick event 1677, current size: 2342
pool-7-thread-9 pick event 1678, current size: 2341
pool-7-thread-19 pick event 1679, current size: 2340
pool-7-thread-3 pick event 1680, current size: 2339
pool-7-thread-13 pick event 1681, current size: 2338
pool-7-thread-11 pick event 1682, current size: 2337
pool-7-thread-19 pick event 1683, current size: 2336
pool-7-thread-8 pick event 1684, current size: 2335
pool-7-thread-15 pick event 1685, current size: 2334
pool-7-thread-4 pick event 1686, current size: 2333
pool-7-thread-18 pick event 1687, current size: 2332
pool-7-thread-16 pick event 1688, current size: 2331
pool-7-thread-5 pick event 1689, current size: 2330
pool-7-thread-10 pick event 1690, current size: 2329
pool-7-thread-6 pick event 1691, current size: 2328
pool-7-thread-5 pick event 1692, current size: 2327
pool-7-thread-12 pick event 1693, current size: 2326
pool-7-thread-14 pick event 1694, current size: 2325
pool-7-thread-1 pick event 1695, current size: 2324
pool-7-thread-20 pick event 1696, current size: 2323
pool-7-thread-6 pick event 1697, current size: 2322
pool-7-thread-9 pick event 1698, current size: 2321
pool-7-thread-2 pick event 1699, current size: 2320
pool-7-thread-13 pick event 1700, current size: 2319
pool-7-thread-11 pick event 1701, current size: 2318
pool-7-thread-3 pick event 1702, current size: 2317
pool-7-thread-8 pick event 1703, current size: 2316
pool-7-thread-19 pick event 1704, current size: 2315
pool-7-thread-4 pick event 1705, current size: 2314
pool-7-thread-18 pick event 1706, current size: 2313
pool-7-thread-15 pick event 1707, current size: 2312
pool-7-thread-16 pick event 1708, current size: 2311
pool-7-thread-7 pick event 1709, current size: 2310
pool-7-thread-10 pick event 1710, current size: 2309
pool-7-thread-17 pick event 1711, current size: 2308
pool-7-thread-5 pick event 1712, current size: 2307
pool-7-thread-12 pick event 1713, current size: 2306
pool-7-thread-14 pick event 1714, current size: 2305
pool-7-thread-1 pick event 1715, current size: 2304
pool-7-thread-6 pick event 1716, current size: 2303
pool-7-thread-9 pick event 1717, current size: 2302
pool-7-thread-20 pick event 1718, current size: 2301
pool-7-thread-2 pick event 1719, current size: 2300
pool-7-thread-8 pick event 1720, current size: 2299
pool-7-thread-19 pick event 1721, current size: 2298
pool-7-thread-13 pick event 1722, current size: 2297
pool-7-thread-11 pick event 1723, current size: 2296
pool-7-thread-3 pick event 1724, current size: 2295
pool-7-thread-4 pick event 1725, current size: 2294
pool-7-thread-15 pick event 1726, current size: 2293
pool-7-thread-18 pick event 1727, current size: 2292
pool-7-thread-4 pick event 1728, current size: 2291
pool-7-thread-10 pick event 1729, current size: 2290
pool-7-thread-17 pick event 1730, current size: 2289
pool-7-thread-7 pick event 1731, current size: 2288
pool-7-thread-5 pick event 1732, current size: 2287
pool-7-thread-12 pick event 1733, current size: 2286
pool-7-thread-14 pick event 1734, current size: 2285
pool-7-thread-1 pick event 1735, current size: 2284
pool-7-thread-6 pick event 1736, current size: 2283
pool-7-thread-9 pick event 1737, current size: 2282
pool-7-thread-20 pick event 1738, current size: 2281
pool-7-thread-2 pick event 1739, current size: 2280
pool-7-thread-8 pick event 1740, current size: 2279
pool-7-thread-19 pick event 1741, current size: 2278
pool-7-thread-11 pick event 1742, current size: 2277
pool-7-thread-13 pick event 1743, current size: 2276
pool-7-thread-3 pick event 1744, current size: 2275
pool-7-thread-19 pick event 1745, current size: 2274
pool-7-thread-18 pick event 1746, current size: 2273
pool-7-thread-4 pick event 1747, current size: 2272
pool-7-thread-15 pick event 1748, current size: 2271
pool-7-thread-17 pick event 1749, current size: 2270
pool-7-thread-10 pick event 1750, current size: 2269
pool-7-thread-7 pick event 1751, current size: 2268
pool-7-thread-14 pick event 1752, current size: 2267
pool-7-thread-5 pick event 1753, current size: 2266
pool-7-thread-12 pick event 1754, current size: 2265
pool-7-thread-9 pick event 1755, current size: 2264
pool-7-thread-1 pick event 1756, current size: 2263
pool-7-thread-6 pick event 1757, current size: 2262
pool-7-thread-20 pick event 1758, current size: 2261
pool-7-thread-8 pick event 1759, current size: 2260
pool-7-thread-11 pick event 1760, current size: 2259
pool-7-thread-16 pick event 1761, current size: 2258
pool-7-thread-3 pick event 1763, current size: 2257
pool-7-thread-13 pick event 1764, current size: 2255
pool-7-thread-19 pick event 1765, current size: 2254
pool-7-thread-18 pick event 1766, current size: 2253
pool-7-thread-4 pick event 1767, current size: 2252
pool-7-thread-11 pick event 1768, current size: 2251
pool-7-thread-10 pick event 1769, current size: 2250
pool-7-thread-18 pick event 1770, current size: 2249
pool-7-thread-7 pick event 1771, current size: 2248
pool-7-thread-5 pick event 1772, current size: 2247
pool-7-thread-14 pick event 1773, current size: 2246
pool-7-thread-9 pick event 1774, current size: 2245
pool-7-thread-1 pick event 1775, current size: 2244
pool-7-thread-6 pick event 1776, current size: 2243
pool-7-thread-12 pick event 1777, current size: 2242
pool-7-thread-20 pick event 1778, current size: 2241
pool-7-thread-2 pick event 1779, current size: 2240
pool-7-thread-16 pick event 1780, current size: 2239
pool-7-thread-8 pick event 1781, current size: 2238
pool-7-thread-17 pick event 1782, current size: 2237
pool-7-thread-3 pick event 1783, current size: 2236
pool-7-thread-19 pick event 1784, current size: 2235
pool-7-thread-13 pick event 1785, current size: 2234
pool-7-thread-15 pick event 1786, current size: 2233
pool-7-thread-4 pick event 1787, current size: 2232
pool-7-thread-11 pick event 1788, current size: 2231
pool-7-thread-10 pick event 1789, current size: 2230
pool-7-thread-14 pick event 1790, current size: 2229
pool-7-thread-18 pick event 1791, current size: 2228
pool-7-thread-5 pick event 1792, current size: 2227
pool-7-thread-9 pick event 1793, current size: 2226
pool-7-thread-1 pick event 1794, current size: 2225
pool-7-thread-7 pick event 1795, current size: 2224
pool-7-thread-12 pick event 1796, current size: 2223
pool-7-thread-6 pick event 1797, current size: 2222
pool-7-thread-20 pick event 1798, current size: 2221
pool-7-thread-2 pick event 1799, current size: 2220
pool-7-thread-8 pick event 1800, current size: 2219
pool-7-thread-16 pick event 1801, current size: 2218
pool-7-thread-17 pick event 1802, current size: 2217
pool-7-thread-3 pick event 1803, current size: 2216
pool-7-thread-15 pick event 1804, current size: 2215
pool-7-thread-19 pick event 1805, current size: 2214
pool-7-thread-13 pick event 1806, current size: 2213
pool-7-thread-18 pick event 1807, current size: 2212
pool-7-thread-11 pick event 1808, current size: 2211
pool-7-thread-4 pick event 1809, current size: 2210
pool-7-thread-10 pick event 1810, current size: 2209
pool-7-thread-14 pick event 1811, current size: 2208
pool-7-thread-5 pick event 1812, current size: 2207
pool-7-thread-9 pick event 1813, current size: 2206
pool-7-thread-1 pick event 1814, current size: 2205
pool-7-thread-7 pick event 1815, current size: 2204
pool-7-thread-6 pick event 1816, current size: 2203
pool-7-thread-20 pick event 1817, current size: 2202
pool-7-thread-12 pick event 1818, current size: 2201
pool-7-thread-2 pick event 1819, current size: 2200
pool-7-thread-8 pick event 1820, current size: 2199
pool-7-thread-16 pick event 1821, current size: 2198
pool-7-thread-17 pick event 1822, current size: 2197
pool-7-thread-3 pick event 1823, current size: 2196
pool-7-thread-10 pick event 1824, current size: 2195
pool-7-thread-19 pick event 1825, current size: 2194
pool-7-thread-2 pick event 1826, current size: 2193
pool-7-thread-17 pick event 1827, current size: 2192
pool-7-thread-5 pick event 1828, current size: 2191
pool-7-thread-15 pick event 1829, current size: 2190
pool-7-thread-4 pick event 1830, current size: 2189
pool-7-thread-18 pick event 1831, current size: 2188
pool-7-thread-13 pick event 1832, current size: 2187
pool-7-thread-9 pick event 1833, current size: 2186
pool-7-thread-7 pick event 1834, current size: 2185
pool-7-thread-1 pick event 1835, current size: 2184
pool-7-thread-6 pick event 1836, current size: 2183
pool-7-thread-20 pick event 1837, current size: 2182
pool-7-thread-12 pick event 1838, current size: 2181
pool-7-thread-8 pick event 1839, current size: 2180
pool-7-thread-14 pick event 1840, current size: 2179
pool-7-thread-16 pick event 1841, current size: 2178
pool-7-thread-8 pick event 1842, current size: 2177
pool-7-thread-10 pick event 1843, current size: 2176
pool-7-thread-3 pick event 1844, current size: 2175
pool-7-thread-2 pick event 1845, current size: 2174
pool-7-thread-14 pick event 1846, current size: 2173
pool-7-thread-5 pick event 1847, current size: 2172
pool-7-thread-17 pick event 1848, current size: 2171
pool-7-thread-4 pick event 1849, current size: 2170
pool-7-thread-15 pick event 1850, current size: 2169
pool-7-thread-18 pick event 1851, current size: 2168
pool-7-thread-4 pick event 1852, current size: 2167
pool-7-thread-7 pick event 1853, current size: 2166
pool-7-thread-9 pick event 1854, current size: 2165
pool-7-thread-6 pick event 1856, current size: 2164
pool-7-thread-20 pick event 1857, current size: 2163
pool-7-thread-11 pick event 1858, current size: 2161
pool-7-thread-12 pick event 1859, current size: 2160
pool-7-thread-16 pick event 1860, current size: 2159
pool-7-thread-6 pick event 1861, current size: 2158
pool-7-thread-19 pick event 1862, current size: 2157
pool-7-thread-10 pick event 1863, current size: 2156
pool-7-thread-2 pick event 1864, current size: 2155
pool-7-thread-14 pick event 1865, current size: 2154
pool-7-thread-3 pick event 1866, current size: 2153
pool-7-thread-17 pick event 1868, current size: 2152
pool-7-thread-13 pick event 1869, current size: 2150
pool-7-thread-15 pick event 1870, current size: 2149
pool-7-thread-4 pick event 1871, current size: 2148
pool-7-thread-18 pick event 1872, current size: 2147
pool-7-thread-7 pick event 1873, current size: 2146
pool-7-thread-1 pick event 1874, current size: 2145
pool-7-thread-8 pick event 1875, current size: 2144
pool-7-thread-15 pick event 1876, current size: 2143
pool-7-thread-20 pick event 1877, current size: 2142
pool-7-thread-11 pick event 1878, current size: 2141
pool-7-thread-5 pick event 1879, current size: 2140
pool-7-thread-12 pick event 1880, current size: 2139
pool-7-thread-6 pick event 1881, current size: 2138
pool-7-thread-20 pick event 1882, current size: 2137
pool-7-thread-14 pick event 1883, current size: 2136
pool-7-thread-16 pick event 1884, current size: 2135
pool-7-thread-3 pick event 1885, current size: 2134
pool-7-thread-14 pick event 1886, current size: 2133
pool-7-thread-10 pick event 1887, current size: 2132
pool-7-thread-17 pick event 1888, current size: 2131
pool-7-thread-13 pick event 1889, current size: 2130
pool-7-thread-4 pick event 1890, current size: 2129
pool-7-thread-18 pick event 1891, current size: 2128
pool-7-thread-9 pick event 1892, current size: 2127
pool-7-thread-7 pick event 1893, current size: 2126
pool-7-thread-1 pick event 1894, current size: 2125
pool-7-thread-8 pick event 1895, current size: 2124
pool-7-thread-15 pick event 1896, current size: 2123
pool-7-thread-19 pick event 1897, current size: 2122
pool-7-thread-6 pick event 1898, current size: 2121
pool-7-thread-5 pick event 1899, current size: 2120
pool-7-thread-12 pick event 1900, current size: 2119
pool-7-thread-11 pick event 1901, current size: 2118
pool-7-thread-2 pick event 1902, current size: 2117
pool-7-thread-16 pick event 1903, current size: 2116
pool-7-thread-12 pick event 1904, current size: 2115
pool-7-thread-3 pick event 1905, current size: 2114
pool-7-thread-14 pick event 1906, current size: 2113
pool-7-thread-10 pick event 1907, current size: 2112
pool-7-thread-17 pick event 1908, current size: 2111
pool-7-thread-13 pick event 1909, current size: 2110
pool-7-thread-4 pick event 1910, current size: 2109
pool-7-thread-18 pick event 1911, current size: 2108
pool-7-thread-9 pick event 1912, current size: 2107
pool-7-thread-7 pick event 1913, current size: 2106
pool-7-thread-1 pick event 1914, current size: 2105
pool-7-thread-15 pick event 1915, current size: 2104
pool-7-thread-8 pick event 1916, current size: 2103
pool-7-thread-19 pick event 1917, current size: 2102
pool-7-thread-6 pick event 1918, current size: 2101
pool-7-thread-5 pick event 1919, current size: 2100
pool-7-thread-20 pick event 1920, current size: 2099
pool-7-thread-11 pick event 1921, current size: 2098
pool-7-thread-2 pick event 1922, current size: 2097
pool-7-thread-3 pick event 1923, current size: 2096
pool-7-thread-12 pick event 1924, current size: 2095
pool-7-thread-16 pick event 1925, current size: 2094
pool-7-thread-14 pick event 1926, current size: 2093
pool-7-thread-10 pick event 1927, current size: 2092
pool-7-thread-13 pick event 1928, current size: 2091
pool-7-thread-4 pick event 1929, current size: 2090
pool-7-thread-17 pick event 1930, current size: 2089
pool-7-thread-18 pick event 1931, current size: 2088
pool-7-thread-19 pick event 1933, current size: 2086
pool-7-thread-7 pick event 1934, current size: 2085
pool-7-thread-1 pick event 1935, current size: 2084
pool-7-thread-15 pick event 1936, current size: 2083
pool-7-thread-8 pick event 1937, current size: 2082
pool-7-thread-4 pick event 1938, current size: 2081
pool-7-thread-5 pick event 1939, current size: 2080
pool-7-thread-11 pick event 1940, current size: 2079
pool-7-thread-3 pick event 1941, current size: 2078
pool-7-thread-5 pick event 1942, current size: 2077
pool-7-thread-20 pick event 1943, current size: 2076
pool-7-thread-2 pick event 1944, current size: 2075
pool-7-thread-16 pick event 1945, current size: 2074
pool-7-thread-10 pick event 1946, current size: 2073
pool-7-thread-14 pick event 1947, current size: 2072
pool-7-thread-13 pick event 1948, current size: 2071
pool-7-thread-9 pick event 1949, current size: 2070
pool-7-thread-17 pick event 1950, current size: 2069
pool-7-thread-6 pick event 1951, current size: 2068
pool-7-thread-18 pick event 1952, current size: 2067
pool-7-thread-19 pick event 1953, current size: 2066
pool-7-thread-15 pick event 1954, current size: 2065
pool-7-thread-7 pick event 1955, current size: 2064
pool-7-thread-1 pick event 1956, current size: 2063
pool-7-thread-8 pick event 1957, current size: 2062
pool-7-thread-4 pick event 1958, current size: 2061
pool-7-thread-11 pick event 1959, current size: 2060
pool-7-thread-12 pick event 1960, current size: 2059
pool-7-thread-2 pick event 1962, current size: 2058
pool-7-thread-5 pick event 1963, current size: 2057
pool-7-thread-20 pick event 1964, current size: 2055
pool-7-thread-10 pick event 1965, current size: 2054
pool-7-thread-16 pick event 1966, current size: 2053
pool-7-thread-13 pick event 1967, current size: 2052
pool-7-thread-14 pick event 1968, current size: 2051
pool-7-thread-9 pick event 1969, current size: 2050
pool-7-thread-17 pick event 1970, current size: 2049
pool-7-thread-6 pick event 1971, current size: 2048
pool-7-thread-18 pick event 1972, current size: 2047
pool-7-thread-15 pick event 1973, current size: 2046
pool-7-thread-19 pick event 1974, current size: 2045
pool-7-thread-18 pick event 1975, current size: 2044
pool-7-thread-3 pick event 1976, current size: 2043
pool-7-thread-1 pick event 1977, current size: 2042
pool-7-thread-4 pick event 1978, current size: 2041
pool-7-thread-8 pick event 1979, current size: 2040
pool-7-thread-12 pick event 1980, current size: 2039
pool-7-thread-11 pick event 1981, current size: 2038
pool-7-thread-2 pick event 1982, current size: 2037
pool-7-thread-5 pick event 1983, current size: 2036
pool-7-thread-16 pick event 1984, current size: 2035
pool-7-thread-10 pick event 1985, current size: 2034
pool-7-thread-20 pick event 1986, current size: 2033
pool-7-thread-14 pick event 1987, current size: 2032
pool-7-thread-9 pick event 1988, current size: 2031
pool-7-thread-17 pick event 1989, current size: 2030
pool-7-thread-13 pick event 1990, current size: 2029
pool-7-thread-6 pick event 1991, current size: 2028
pool-7-thread-7 pick event 1992, current size: 2027
pool-7-thread-15 pick event 1993, current size: 2026
pool-7-thread-18 pick event 1994, current size: 2025
pool-7-thread-19 pick event 1995, current size: 2024
pool-7-thread-3 pick event 1996, current size: 2023
pool-7-thread-1 pick event 1997, current size: 2022
pool-7-thread-4 pick event 1998, current size: 2021
pool-7-thread-8 pick event 1999, current size: 2020
pool-7-thread-12 pick event 2000, current size: 2019
pool-7-thread-11 pick event 2001, current size: 2018
pool-7-thread-2 pick event 2002, current size: 2017
pool-7-thread-16 pick event 2003, current size: 2016
pool-7-thread-5 pick event 2004, current size: 2015
pool-7-thread-20 pick event 2005, current size: 2014
pool-7-thread-10 pick event 2006, current size: 2013
pool-7-thread-2 pick event 2007, current size: 2012
pool-7-thread-17 pick event 2008, current size: 2011
pool-7-thread-9 pick event 2009, current size: 2010
pool-7-thread-13 pick event 2010, current size: 2009
pool-7-thread-6 pick event 2011, current size: 2008
pool-7-thread-18 pick event 2012, current size: 2007
pool-7-thread-7 pick event 2013, current size: 2006
pool-7-thread-15 pick event 2014, current size: 2005
pool-7-thread-19 pick event 2015, current size: 2004
pool-7-thread-3 pick event 2016, current size: 2003
pool-7-thread-1 pick event 2017, current size: 2002
pool-7-thread-4 pick event 2018, current size: 2001
pool-7-thread-8 pick event 2019, current size: 2000
pool-7-thread-12 pick event 2020, current size: 1999
pool-7-thread-11 pick event 2021, current size: 1998
pool-7-thread-14 pick event 2022, current size: 1997
pool-7-thread-16 pick event 2023, current size: 1996
pool-7-thread-5 pick event 2024, current size: 1995
pool-7-thread-10 pick event 2025, current size: 1994
pool-7-thread-2 pick event 2026, current size: 1993
pool-7-thread-20 pick event 2027, current size: 1992
pool-7-thread-17 pick event 2028, current size: 1991
pool-7-thread-9 pick event 2029, current size: 1990
pool-7-thread-13 pick event 2030, current size: 1989
pool-7-thread-18 pick event 2031, current size: 1988
pool-7-thread-6 pick event 2032, current size: 1987
pool-7-thread-7 pick event 2033, current size: 1986
pool-7-thread-19 pick event 2034, current size: 1985
pool-7-thread-15 pick event 2035, current size: 1984
pool-7-thread-1 pick event 2036, current size: 1983
pool-7-thread-3 pick event 2037, current size: 1982
pool-7-thread-4 pick event 2038, current size: 1981
pool-7-thread-8 pick event 2039, current size: 1980
pool-7-thread-12 pick event 2040, current size: 1979
pool-7-thread-3 pick event 2042, current size: 1977
pool-7-thread-16 pick event 2043, current size: 1976
pool-7-thread-10 pick event 2044, current size: 1975
pool-7-thread-5 pick event 2045, current size: 1974
pool-7-thread-20 pick event 2046, current size: 1973
pool-7-thread-2 pick event 2047, current size: 1972
pool-7-thread-17 pick event 2048, current size: 1971
pool-7-thread-13 pick event 2049, current size: 1970
pool-7-thread-9 pick event 2050, current size: 1969
pool-7-thread-6 pick event 2051, current size: 1968
pool-7-thread-18 pick event 2052, current size: 1967
pool-7-thread-19 pick event 2053, current size: 1966
pool-7-thread-7 pick event 2054, current size: 1965
pool-7-thread-1 pick event 2055, current size: 1964
pool-7-thread-11 pick event 2056, current size: 1963
pool-7-thread-15 pick event 2057, current size: 1962
pool-7-thread-4 pick event 2058, current size: 1961
pool-7-thread-14 pick event 2059, current size: 1960
pool-7-thread-8 pick event 2060, current size: 1959
pool-7-thread-12 pick event 2061, current size: 1958
pool-7-thread-5 pick event 2062, current size: 1957
pool-7-thread-16 pick event 2063, current size: 1956
pool-7-thread-3 pick event 2064, current size: 1955
pool-7-thread-10 pick event 2065, current size: 1954
pool-7-thread-2 pick event 2066, current size: 1953
pool-7-thread-17 pick event 2067, current size: 1952
pool-7-thread-20 pick event 2068, current size: 1951
pool-7-thread-13 pick event 2069, current size: 1950
pool-7-thread-9 pick event 2070, current size: 1949
pool-7-thread-6 pick event 2071, current size: 1948
pool-7-thread-18 pick event 2072, current size: 1947
pool-7-thread-19 pick event 2073, current size: 1946
pool-7-thread-7 pick event 2074, current size: 1945
pool-7-thread-1 pick event 2075, current size: 1944
pool-7-thread-11 pick event 2076, current size: 1943
pool-7-thread-15 pick event 2077, current size: 1942
pool-7-thread-4 pick event 2078, current size: 1941
pool-7-thread-14 pick event 2080, current size: 1940
pool-7-thread-8 pick event 2081, current size: 1938
pool-7-thread-5 pick event 2082, current size: 1937
pool-7-thread-3 pick event 2083, current size: 1936
pool-7-thread-16 pick event 2084, current size: 1935
pool-7-thread-10 pick event 2085, current size: 1934
pool-7-thread-2 pick event 2086, current size: 1933
pool-7-thread-17 pick event 2087, current size: 1932
pool-7-thread-20 pick event 2088, current size: 1931
pool-7-thread-5 pick event 2089, current size: 1930
pool-7-thread-6 pick event 2090, current size: 1929
pool-7-thread-9 pick event 2091, current size: 1928
pool-7-thread-19 pick event 2092, current size: 1927
pool-7-thread-18 pick event 2093, current size: 1926
pool-7-thread-1 pick event 2095, current size: 1924
pool-7-thread-11 pick event 2097, current size: 1923
pool-7-thread-12 pick event 2098, current size: 1921
pool-7-thread-9 pick event 2099, current size: 1920
pool-7-thread-4 pick event 2100, current size: 1919
pool-7-thread-8 pick event 2101, current size: 1918
pool-7-thread-13 pick event 2102, current size: 1917
pool-7-thread-16 pick event 2103, current size: 1916
pool-7-thread-3 pick event 2104, current size: 1915
pool-7-thread-2 pick event 2105, current size: 1914
pool-7-thread-17 pick event 2107, current size: 1913
pool-7-thread-6 pick event 2108, current size: 1912
pool-7-thread-5 pick event 2109, current size: 1911
pool-7-thread-20 pick event 2110, current size: 1909
pool-7-thread-7 pick event 2111, current size: 1908
pool-7-thread-15 pick event 2112, current size: 1907
pool-7-thread-1 pick event 2113, current size: 1906
pool-7-thread-19 pick event 2114, current size: 1905
pool-7-thread-14 pick event 2115, current size: 1904
pool-7-thread-18 pick event 2116, current size: 1903
pool-7-thread-19 pick event 2117, current size: 1902
pool-7-thread-11 pick event 2118, current size: 1901
pool-7-thread-10 pick event 2119, current size: 1900
pool-7-thread-9 pick event 2120, current size: 1899
pool-7-thread-4 pick event 2121, current size: 1898
pool-7-thread-8 pick event 2122, current size: 1897
pool-7-thread-3 pick event 2123, current size: 1896
pool-7-thread-16 pick event 2124, current size: 1895
pool-7-thread-13 pick event 2125, current size: 1894
pool-7-thread-2 pick event 2126, current size: 1893
pool-7-thread-6 pick event 2127, current size: 1892
pool-7-thread-17 pick event 2128, current size: 1891
pool-7-thread-5 pick event 2129, current size: 1890
pool-7-thread-1 pick event 2130, current size: 1889
pool-7-thread-15 pick event 2131, current size: 1888
pool-7-thread-12 pick event 2132, current size: 1887
pool-7-thread-7 pick event 2133, current size: 1886
pool-7-thread-14 pick event 2134, current size: 1885
pool-7-thread-20 pick event 2135, current size: 1884
pool-7-thread-18 pick event 2136, current size: 1883
pool-7-thread-11 pick event 2137, current size: 1882
pool-7-thread-10 pick event 2139, current size: 1881
pool-7-thread-8 pick event 2140, current size: 1880
pool-7-thread-9 pick event 2141, current size: 1879
pool-7-thread-4 pick event 2142, current size: 1877
pool-7-thread-2 pick event 2143, current size: 1876
pool-7-thread-3 pick event 2144, current size: 1875
pool-7-thread-16 pick event 2145, current size: 1874
pool-7-thread-13 pick event 2146, current size: 1873
pool-7-thread-6 pick event 2147, current size: 1872
pool-7-thread-17 pick event 2148, current size: 1871
pool-7-thread-5 pick event 2149, current size: 1870
pool-7-thread-15 pick event 2150, current size: 1869
pool-7-thread-1 pick event 2151, current size: 1868
pool-7-thread-7 pick event 2152, current size: 1867
pool-7-thread-12 pick event 2153, current size: 1866
pool-7-thread-19 pick event 2154, current size: 1865
pool-7-thread-20 pick event 2155, current size: 1864
pool-7-thread-14 pick event 2156, current size: 1863
pool-7-thread-19 pick event 2157, current size: 1862
pool-7-thread-10 pick event 2158, current size: 1861
pool-7-thread-8 pick event 2159, current size: 1860
pool-7-thread-11 pick event 2160, current size: 1859
pool-7-thread-9 pick event 2161, current size: 1858
pool-7-thread-4 pick event 2162, current size: 1857
pool-7-thread-2 pick event 2163, current size: 1856
pool-7-thread-16 pick event 2164, current size: 1855
pool-7-thread-3 pick event 2165, current size: 1854
pool-7-thread-5 pick event 2166, current size: 1853
pool-7-thread-13 pick event 2167, current size: 1852
pool-7-thread-6 pick event 2168, current size: 1851
pool-7-thread-17 pick event 2169, current size: 1850
pool-7-thread-15 pick event 2170, current size: 1849
pool-7-thread-1 pick event 2171, current size: 1848
pool-7-thread-12 pick event 2172, current size: 1847
pool-7-thread-7 pick event 2173, current size: 1846
pool-7-thread-18 pick event 2174, current size: 1845
pool-7-thread-20 pick event 2175, current size: 1844
pool-7-thread-14 pick event 2176, current size: 1843
pool-7-thread-19 pick event 2177, current size: 1842
pool-7-thread-10 pick event 2178, current size: 1841
pool-7-thread-8 pick event 2179, current size: 1840
pool-7-thread-11 pick event 2180, current size: 1839
pool-7-thread-4 pick event 2181, current size: 1838
pool-7-thread-9 pick event 2182, current size: 1837
pool-7-thread-2 pick event 2183, current size: 1836
pool-7-thread-16 pick event 2184, current size: 1835
pool-7-thread-3 pick event 2185, current size: 1834
pool-7-thread-5 pick event 2186, current size: 1833
pool-7-thread-13 pick event 2187, current size: 1832
pool-7-thread-6 pick event 2188, current size: 1831
pool-7-thread-15 pick event 2189, current size: 1830
pool-7-thread-1 pick event 2190, current size: 1829
pool-7-thread-13 pick event 2191, current size: 1828
pool-7-thread-7 pick event 2192, current size: 1827
pool-7-thread-18 pick event 2193, current size: 1826
pool-7-thread-13 pick event 2194, current size: 1825
pool-7-thread-6 pick event 2195, current size: 1824
pool-7-thread-14 pick event 2196, current size: 1823
pool-7-thread-19 pick event 2197, current size: 1822
pool-7-thread-13 pick event 2198, current size: 1821
pool-7-thread-8 pick event 2199, current size: 1820
pool-7-thread-4 pick event 2200, current size: 1819
pool-7-thread-11 pick event 2201, current size: 1818
pool-7-thread-2 pick event 2203, current size: 1816
pool-7-thread-16 pick event 2204, current size: 1815
pool-7-thread-3 pick event 2205, current size: 1814
pool-7-thread-5 pick event 2206, current size: 1813
pool-7-thread-17 pick event 2207, current size: 1812
pool-7-thread-15 pick event 2208, current size: 1811
pool-7-thread-12 pick event 2209, current size: 1810
pool-7-thread-1 pick event 2210, current size: 1809
pool-7-thread-3 pick event 2212, current size: 1808
pool-7-thread-18 pick event 2214, current size: 1806
pool-7-thread-14 pick event 2215, current size: 1804
pool-7-thread-6 pick event 2216, current size: 1803
pool-7-thread-13 pick event 2217, current size: 1802
pool-7-thread-19 pick event 2218, current size: 1801
pool-7-thread-9 pick event 2219, current size: 1800
pool-7-thread-11 pick event 2220, current size: 1799
pool-7-thread-8 pick event 2221, current size: 1798
pool-7-thread-2 pick event 2223, current size: 1797
pool-7-thread-16 pick event 2224, current size: 1796
pool-7-thread-5 pick event 2225, current size: 1794
pool-7-thread-20 pick event 2226, current size: 1793
pool-7-thread-7 pick event 2227, current size: 1792
pool-7-thread-12 pick event 2228, current size: 1791
pool-7-thread-10 pick event 2229, current size: 1790
pool-7-thread-2 pick event 2230, current size: 1789
pool-7-thread-15 pick event 2231, current size: 1788
pool-7-thread-17 pick event 2232, current size: 1787
pool-7-thread-14 pick event 2234, current size: 1785
pool-7-thread-3 pick event 2235, current size: 1784
pool-7-thread-6 pick event 2236, current size: 1783
pool-7-thread-4 pick event 2237, current size: 1782
pool-7-thread-13 pick event 2238, current size: 1781
pool-7-thread-8 pick event 2240, current size: 1780
pool-7-thread-11 pick event 2241, current size: 1779
pool-7-thread-19 pick event 2242, current size: 1778
pool-7-thread-7 pick event 2243, current size: 1776
pool-7-thread-16 pick event 2244, current size: 1775
pool-7-thread-1 pick event 2245, current size: 1774
pool-7-thread-5 pick event 2246, current size: 1773
pool-7-thread-12 pick event 2247, current size: 1772
pool-7-thread-20 pick event 2248, current size: 1771
pool-7-thread-18 pick event 2250, current size: 1770
pool-7-thread-7 pick event 2251, current size: 1769
pool-7-thread-15 pick event 2252, current size: 1767
pool-7-thread-14 pick event 2253, current size: 1766
pool-7-thread-17 pick event 2254, current size: 1765
pool-7-thread-20 pick event 2255, current size: 1764
pool-7-thread-3 pick event 2256, current size: 1763
pool-7-thread-6 pick event 2257, current size: 1762
pool-7-thread-8 pick event 2258, current size: 1761
pool-7-thread-4 pick event 2259, current size: 1760
pool-7-thread-13 pick event 2260, current size: 1759
pool-7-thread-19 pick event 2261, current size: 1758
pool-7-thread-11 pick event 2262, current size: 1757
pool-7-thread-2 pick event 2263, current size: 1756
pool-7-thread-10 pick event 2264, current size: 1755
pool-7-thread-12 pick event 2265, current size: 1754
pool-7-thread-16 pick event 2266, current size: 1753
pool-7-thread-1 pick event 2267, current size: 1752
pool-7-thread-9 pick event 2268, current size: 1751
pool-7-thread-5 pick event 2269, current size: 1750
pool-7-thread-18 pick event 2270, current size: 1749
pool-7-thread-7 pick event 2271, current size: 1748
pool-7-thread-15 pick event 2272, current size: 1747
pool-7-thread-14 pick event 2273, current size: 1746
pool-7-thread-17 pick event 2274, current size: 1745
pool-7-thread-3 pick event 2275, current size: 1744
pool-7-thread-20 pick event 2276, current size: 1743
pool-7-thread-6 pick event 2277, current size: 1742
pool-7-thread-15 pick event 2278, current size: 1741
pool-7-thread-8 pick event 2279, current size: 1740
pool-7-thread-13 pick event 2280, current size: 1739
pool-7-thread-11 pick event 2281, current size: 1738
pool-7-thread-19 pick event 2282, current size: 1737
pool-7-thread-10 pick event 2283, current size: 1736
pool-7-thread-12 pick event 2284, current size: 1735
pool-7-thread-2 pick event 2285, current size: 1734
pool-7-thread-16 pick event 2286, current size: 1733
pool-7-thread-1 pick event 2287, current size: 1732
pool-7-thread-9 pick event 2288, current size: 1731
pool-7-thread-5 pick event 2289, current size: 1730
pool-7-thread-7 pick event 2290, current size: 1729
pool-7-thread-14 pick event 2291, current size: 1728
pool-7-thread-18 pick event 2292, current size: 1727
pool-7-thread-17 pick event 2293, current size: 1726
pool-7-thread-4 pick event 2294, current size: 1725
pool-7-thread-3 pick event 2295, current size: 1724
pool-7-thread-6 pick event 2296, current size: 1723
pool-7-thread-20 pick event 2297, current size: 1722
pool-7-thread-18 pick event 2298, current size: 1721
pool-7-thread-8 pick event 2299, current size: 1720
pool-7-thread-13 pick event 2300, current size: 1719
pool-7-thread-11 pick event 2301, current size: 1718
pool-7-thread-19 pick event 2302, current size: 1717
pool-7-thread-10 pick event 2303, current size: 1716
pool-7-thread-12 pick event 2304, current size: 1715
pool-7-thread-2 pick event 2305, current size: 1714
pool-7-thread-16 pick event 2306, current size: 1713
pool-7-thread-1 pick event 2307, current size: 1712
pool-7-thread-9 pick event 2308, current size: 1711
pool-7-thread-14 pick event 2310, current size: 1709
pool-7-thread-7 pick event 2311, current size: 1708
pool-7-thread-17 pick event 2313, current size: 1707
pool-7-thread-15 pick event 2314, current size: 1705
pool-7-thread-6 pick event 2315, current size: 1704
pool-7-thread-18 pick event 2316, current size: 1703
pool-7-thread-8 pick event 2318, current size: 1702
pool-7-thread-20 pick event 2319, current size: 1700
pool-7-thread-13 pick event 2320, current size: 1699
pool-7-thread-11 pick event 2321, current size: 1698
pool-7-thread-10 pick event 2322, current size: 1697
pool-7-thread-19 pick event 2323, current size: 1696
pool-7-thread-12 pick event 2324, current size: 1695
pool-7-thread-2 pick event 2325, current size: 1694
pool-7-thread-5 pick event 2326, current size: 1693
pool-7-thread-1 pick event 2327, current size: 1692
pool-7-thread-9 pick event 2328, current size: 1691
pool-7-thread-16 pick event 2329, current size: 1690
pool-7-thread-4 pick event 2330, current size: 1689
pool-7-thread-14 pick event 2331, current size: 1688
pool-7-thread-3 pick event 2332, current size: 1687
pool-7-thread-7 pick event 2333, current size: 1686
pool-7-thread-6 pick event 2334, current size: 1685
pool-7-thread-15 pick event 2335, current size: 1684
pool-7-thread-18 pick event 2336, current size: 1683
pool-7-thread-17 pick event 2337, current size: 1682
pool-7-thread-8 pick event 2338, current size: 1681
pool-7-thread-20 pick event 2339, current size: 1680
pool-7-thread-10 pick event 2340, current size: 1679
pool-7-thread-13 pick event 2341, current size: 1678
pool-7-thread-12 pick event 2342, current size: 1677
pool-7-thread-11 pick event 2343, current size: 1676
pool-7-thread-2 pick event 2344, current size: 1675
pool-7-thread-19 pick event 2345, current size: 1674
pool-7-thread-5 pick event 2346, current size: 1673
pool-7-thread-1 pick event 2347, current size: 1672
pool-7-thread-4 pick event 2348, current size: 1671
pool-7-thread-16 pick event 2349, current size: 1670
pool-7-thread-3 pick event 2350, current size: 1669
pool-7-thread-9 pick event 2351, current size: 1668
pool-7-thread-14 pick event 2352, current size: 1667
pool-7-thread-6 pick event 2353, current size: 1666
pool-7-thread-7 pick event 2354, current size: 1665
pool-7-thread-18 pick event 2355, current size: 1664
pool-7-thread-15 pick event 2356, current size: 1663
pool-7-thread-17 pick event 2357, current size: 1662
pool-7-thread-10 pick event 2358, current size: 1661
pool-7-thread-20 pick event 2360, current size: 1659
pool-7-thread-13 pick event 2361, current size: 1658
pool-7-thread-12 pick event 2362, current size: 1657
pool-7-thread-11 pick event 2363, current size: 1656
pool-7-thread-19 pick event 2364, current size: 1655
pool-7-thread-5 pick event 2365, current size: 1654
pool-7-thread-2 pick event 2366, current size: 1653
pool-7-thread-16 pick event 2367, current size: 1652
pool-7-thread-1 pick event 2368, current size: 1651
pool-7-thread-4 pick event 2369, current size: 1650
pool-7-thread-14 pick event 2370, current size: 1649
pool-7-thread-9 pick event 2371, current size: 1648
pool-7-thread-3 pick event 2372, current size: 1647
pool-7-thread-7 pick event 2373, current size: 1646
pool-7-thread-6 pick event 2374, current size: 1645
pool-7-thread-18 pick event 2375, current size: 1644
pool-7-thread-8 pick event 2376, current size: 1643
pool-7-thread-15 pick event 2377, current size: 1642
pool-7-thread-17 pick event 2378, current size: 1641
pool-7-thread-10 pick event 2379, current size: 1640
pool-7-thread-20 pick event 2380, current size: 1639
pool-7-thread-17 pick event 2381, current size: 1638
pool-7-thread-13 pick event 2382, current size: 1637
pool-7-thread-5 pick event 2383, current size: 1636
pool-7-thread-11 pick event 2384, current size: 1635
pool-7-thread-2 pick event 2385, current size: 1634
pool-7-thread-19 pick event 2386, current size: 1633
pool-7-thread-1 pick event 2387, current size: 1632
pool-7-thread-16 pick event 2388, current size: 1631
pool-7-thread-14 pick event 2389, current size: 1630
pool-7-thread-4 pick event 2390, current size: 1629
pool-7-thread-3 pick event 2391, current size: 1628
pool-7-thread-7 pick event 2392, current size: 1627
pool-7-thread-6 pick event 2393, current size: 1626
pool-7-thread-9 pick event 2394, current size: 1625
pool-7-thread-18 pick event 2395, current size: 1624
pool-7-thread-15 pick event 2396, current size: 1623
pool-7-thread-8 pick event 2397, current size: 1622
pool-7-thread-12 pick event 2398, current size: 1621
pool-7-thread-10 pick event 2399, current size: 1620
pool-7-thread-17 pick event 2400, current size: 1619
pool-7-thread-20 pick event 2401, current size: 1618
pool-7-thread-13 pick event 2402, current size: 1617
pool-7-thread-5 pick event 2403, current size: 1616
pool-7-thread-2 pick event 2404, current size: 1615
pool-7-thread-20 pick event 2405, current size: 1614
pool-7-thread-16 pick event 2407, current size: 1612
pool-7-thread-1 pick event 2408, current size: 1611
pool-7-thread-4 pick event 2409, current size: 1610
pool-7-thread-14 pick event 2410, current size: 1609
pool-7-thread-3 pick event 2411, current size: 1608
pool-7-thread-7 pick event 2412, current size: 1607
pool-7-thread-9 pick event 2413, current size: 1606
pool-7-thread-6 pick event 2414, current size: 1605
pool-7-thread-18 pick event 2415, current size: 1604
pool-7-thread-15 pick event 2416, current size: 1603
pool-7-thread-7 pick event 2417, current size: 1602
pool-7-thread-10 pick event 2418, current size: 1601
pool-7-thread-12 pick event 2419, current size: 1600
pool-7-thread-17 pick event 2420, current size: 1599
pool-7-thread-11 pick event 2421, current size: 1598
pool-7-thread-13 pick event 2422, current size: 1597
pool-7-thread-5 pick event 2423, current size: 1596
pool-7-thread-12 pick event 2424, current size: 1595
pool-7-thread-20 pick event 2425, current size: 1594
pool-7-thread-16 pick event 2426, current size: 1593
pool-7-thread-2 pick event 2427, current size: 1592
pool-7-thread-4 pick event 2428, current size: 1591
pool-7-thread-3 pick event 2429, current size: 1590
pool-7-thread-14 pick event 2430, current size: 1589
pool-7-thread-1 pick event 2431, current size: 1588
pool-7-thread-9 pick event 2432, current size: 1587
pool-7-thread-8 pick event 2433, current size: 1586
pool-7-thread-1 pick event 2434, current size: 1585
pool-7-thread-18 pick event 2435, current size: 1584
pool-7-thread-15 pick event 2436, current size: 1583
pool-7-thread-10 pick event 2437, current size: 1582
pool-7-thread-7 pick event 2438, current size: 1581
pool-7-thread-19 pick event 2439, current size: 1580
pool-7-thread-17 pick event 2440, current size: 1579
pool-7-thread-11 pick event 2441, current size: 1578
pool-7-thread-13 pick event 2442, current size: 1577
pool-7-thread-5 pick event 2443, current size: 1576
pool-7-thread-12 pick event 2444, current size: 1575
pool-7-thread-16 pick event 2445, current size: 1574
pool-7-thread-20 pick event 2446, current size: 1573
pool-7-thread-2 pick event 2447, current size: 1572
pool-7-thread-4 pick event 2448, current size: 1571
pool-7-thread-3 pick event 2449, current size: 1570
pool-7-thread-6 pick event 2450, current size: 1569
pool-7-thread-14 pick event 2451, current size: 1568
pool-7-thread-9 pick event 2452, current size: 1567
pool-7-thread-8 pick event 2453, current size: 1566
pool-7-thread-18 pick event 2454, current size: 1565
pool-7-thread-1 pick event 2455, current size: 1564
pool-7-thread-10 pick event 2456, current size: 1563
pool-7-thread-7 pick event 2457, current size: 1562
pool-7-thread-15 pick event 2458, current size: 1561
pool-7-thread-19 pick event 2459, current size: 1560
pool-7-thread-17 pick event 2460, current size: 1559
pool-7-thread-11 pick event 2461, current size: 1558
pool-7-thread-13 pick event 2462, current size: 1557
pool-7-thread-12 pick event 2463, current size: 1556
pool-7-thread-5 pick event 2464, current size: 1555
pool-7-thread-20 pick event 2465, current size: 1554
pool-7-thread-2 pick event 2466, current size: 1553
pool-7-thread-16 pick event 2467, current size: 1552
pool-7-thread-3 pick event 2468, current size: 1551
pool-7-thread-4 pick event 2469, current size: 1550
pool-7-thread-6 pick event 2470, current size: 1549
pool-7-thread-9 pick event 2471, current size: 1548
pool-7-thread-14 pick event 2472, current size: 1547
pool-7-thread-18 pick event 2473, current size: 1546
pool-7-thread-8 pick event 2474, current size: 1545
pool-7-thread-1 pick event 2475, current size: 1544
pool-7-thread-10 pick event 2476, current size: 1543
pool-7-thread-7 pick event 2477, current size: 1542
pool-7-thread-15 pick event 2478, current size: 1541
pool-7-thread-1 pick event 2479, current size: 1540
pool-7-thread-17 pick event 2480, current size: 1539
pool-7-thread-11 pick event 2481, current size: 1538
pool-7-thread-12 pick event 2482, current size: 1537
pool-7-thread-5 pick event 2483, current size: 1536
pool-7-thread-13 pick event 2484, current size: 1535
pool-7-thread-20 pick event 2485, current size: 1534
pool-7-thread-2 pick event 2486, current size: 1533
pool-7-thread-3 pick event 2487, current size: 1532
pool-7-thread-16 pick event 2488, current size: 1531
pool-7-thread-4 pick event 2489, current size: 1530
pool-7-thread-9 pick event 2490, current size: 1529
pool-7-thread-6 pick event 2491, current size: 1528
pool-7-thread-18 pick event 2492, current size: 1527
pool-7-thread-14 pick event 2493, current size: 1526
pool-7-thread-10 pick event 2494, current size: 1525
pool-7-thread-19 pick event 2495, current size: 1524
pool-7-thread-8 pick event 2496, current size: 1523
pool-7-thread-7 pick event 2497, current size: 1522
pool-7-thread-15 pick event 2498, current size: 1521
pool-7-thread-1 pick event 2499, current size: 1520
pool-7-thread-17 pick event 2500, current size: 1519
pool-7-thread-12 pick event 2502, current size: 1518
pool-7-thread-11 pick event 2503, current size: 1517
pool-7-thread-13 pick event 2504, current size: 1515
pool-7-thread-20 pick event 2505, current size: 1514
pool-7-thread-3 pick event 2506, current size: 1513
pool-7-thread-2 pick event 2507, current size: 1512
pool-7-thread-16 pick event 2508, current size: 1511
pool-7-thread-9 pick event 2509, current size: 1510
pool-7-thread-4 pick event 2510, current size: 1509
pool-7-thread-14 pick event 2511, current size: 1508
pool-7-thread-6 pick event 2512, current size: 1507
pool-7-thread-18 pick event 2513, current size: 1506
pool-7-thread-10 pick event 2514, current size: 1505
pool-7-thread-15 pick event 2515, current size: 1504
pool-7-thread-19 pick event 2516, current size: 1503
pool-7-thread-8 pick event 2517, current size: 1502
pool-7-thread-7 pick event 2518, current size: 1501
pool-7-thread-5 pick event 2519, current size: 1500
pool-7-thread-1 pick event 2520, current size: 1499
pool-7-thread-17 pick event 2521, current size: 1498
pool-7-thread-12 pick event 2522, current size: 1497
pool-7-thread-11 pick event 2523, current size: 1496
pool-7-thread-13 pick event 2524, current size: 1495
pool-7-thread-20 pick event 2525, current size: 1494
pool-7-thread-14 pick event 2526, current size: 1493
pool-7-thread-2 pick event 2527, current size: 1492
pool-7-thread-3 pick event 2528, current size: 1491
pool-7-thread-9 pick event 2530, current size: 1489
pool-7-thread-4 pick event 2531, current size: 1488
pool-7-thread-6 pick event 2532, current size: 1487
pool-7-thread-18 pick event 2533, current size: 1486
pool-7-thread-10 pick event 2534, current size: 1485
pool-7-thread-15 pick event 2535, current size: 1484
pool-7-thread-19 pick event 2536, current size: 1483
pool-7-thread-8 pick event 2537, current size: 1482
pool-7-thread-7 pick event 2538, current size: 1481
pool-7-thread-5 pick event 2539, current size: 1480
pool-7-thread-1 pick event 2540, current size: 1479
pool-7-thread-17 pick event 2541, current size: 1478
pool-7-thread-12 pick event 2542, current size: 1477
pool-7-thread-11 pick event 2543, current size: 1476
pool-7-thread-13 pick event 2544, current size: 1475
pool-7-thread-20 pick event 2545, current size: 1474
pool-7-thread-16 pick event 2546, current size: 1473
pool-7-thread-2 pick event 2547, current size: 1472
pool-7-thread-14 pick event 2548, current size: 1471
pool-7-thread-3 pick event 2549, current size: 1470
pool-7-thread-4 pick event 2550, current size: 1469
pool-7-thread-9 pick event 2551, current size: 1468
pool-7-thread-6 pick event 2552, current size: 1467
pool-7-thread-18 pick event 2553, current size: 1466
pool-7-thread-10 pick event 2554, current size: 1465
pool-7-thread-9 pick event 2555, current size: 1464
pool-7-thread-15 pick event 2556, current size: 1463
pool-7-thread-7 pick event 2557, current size: 1462
pool-7-thread-19 pick event 2558, current size: 1461
pool-7-thread-17 pick event 2559, current size: 1460
pool-7-thread-5 pick event 2561, current size: 1458
pool-7-thread-12 pick event 2562, current size: 1457
pool-7-thread-11 pick event 2563, current size: 1456
pool-7-thread-13 pick event 2564, current size: 1455
pool-7-thread-20 pick event 2565, current size: 1454
pool-7-thread-16 pick event 2566, current size: 1453
pool-7-thread-14 pick event 2567, current size: 1452
pool-7-thread-3 pick event 2568, current size: 1451
pool-7-thread-2 pick event 2569, current size: 1450
pool-7-thread-4 pick event 2570, current size: 1449
pool-7-thread-8 pick event 2571, current size: 1448
pool-7-thread-18 pick event 2572, current size: 1447
pool-7-thread-6 pick event 2573, current size: 1446
pool-7-thread-10 pick event 2574, current size: 1445
pool-7-thread-15 pick event 2575, current size: 1444
pool-7-thread-9 pick event 2576, current size: 1443
pool-7-thread-1 pick event 2577, current size: 1442
pool-7-thread-19 pick event 2578, current size: 1441
pool-7-thread-7 pick event 2579, current size: 1440
pool-7-thread-5 pick event 2580, current size: 1439
pool-7-thread-17 pick event 2581, current size: 1438
pool-7-thread-11 pick event 2582, current size: 1437
pool-7-thread-13 pick event 2583, current size: 1436
pool-7-thread-12 pick event 2584, current size: 1435
pool-7-thread-20 pick event 2585, current size: 1434
pool-7-thread-16 pick event 2586, current size: 1433
pool-7-thread-14 pick event 2587, current size: 1432
pool-7-thread-3 pick event 2588, current size: 1431
pool-7-thread-2 pick event 2590, current size: 1430
pool-7-thread-18 pick event 2591, current size: 1428
pool-7-thread-8 pick event 2592, current size: 1427
pool-7-thread-10 pick event 2593, current size: 1426
pool-7-thread-9 pick event 2594, current size: 1425
pool-7-thread-6 pick event 2595, current size: 1424
pool-7-thread-15 pick event 2596, current size: 1423
pool-7-thread-1 pick event 2597, current size: 1422
pool-7-thread-7 pick event 2599, current size: 1421
pool-7-thread-17 pick event 2600, current size: 1420
pool-7-thread-5 pick event 2601, current size: 1418
pool-7-thread-11 pick event 2602, current size: 1417
pool-7-thread-13 pick event 2603, current size: 1416
pool-7-thread-20 pick event 2604, current size: 1415
pool-7-thread-12 pick event 2605, current size: 1414
pool-7-thread-16 pick event 2606, current size: 1413
pool-7-thread-4 pick event 2607, current size: 1412
pool-7-thread-13 pick event 2608, current size: 1411
pool-7-thread-14 pick event 2609, current size: 1410
pool-7-thread-2 pick event 2610, current size: 1409
pool-7-thread-18 pick event 2611, current size: 1408
pool-7-thread-19 pick event 2612, current size: 1407
pool-7-thread-9 pick event 2613, current size: 1406
pool-7-thread-10 pick event 2614, current size: 1405
pool-7-thread-8 pick event 2615, current size: 1404
pool-7-thread-1 pick event 2616, current size: 1403
pool-7-thread-15 pick event 2617, current size: 1402
pool-7-thread-6 pick event 2618, current size: 1401
pool-7-thread-7 pick event 2619, current size: 1400
pool-7-thread-17 pick event 2620, current size: 1399
pool-7-thread-5 pick event 2621, current size: 1398
pool-7-thread-3 pick event 2622, current size: 1397
pool-7-thread-7 pick event 2623, current size: 1396
pool-7-thread-11 pick event 2624, current size: 1395
pool-7-thread-12 pick event 2625, current size: 1394
pool-7-thread-16 pick event 2626, current size: 1393
pool-7-thread-13 pick event 2627, current size: 1392
pool-7-thread-7 pick event 2628, current size: 1391
pool-7-thread-14 pick event 2629, current size: 1390
pool-7-thread-2 pick event 2630, current size: 1389
pool-7-thread-18 pick event 2631, current size: 1388
pool-7-thread-9 pick event 2632, current size: 1387
pool-7-thread-19 pick event 2633, current size: 1386
pool-7-thread-8 pick event 2634, current size: 1385
pool-7-thread-1 pick event 2635, current size: 1384
pool-7-thread-10 pick event 2636, current size: 1383
pool-7-thread-6 pick event 2637, current size: 1382
pool-7-thread-15 pick event 2638, current size: 1381
pool-7-thread-20 pick event 2639, current size: 1380
pool-7-thread-17 pick event 2640, current size: 1379
pool-7-thread-5 pick event 2641, current size: 1378
pool-7-thread-3 pick event 2642, current size: 1377
pool-7-thread-11 pick event 2643, current size: 1376
pool-7-thread-4 pick event 2644, current size: 1375
pool-7-thread-16 pick event 2645, current size: 1374
pool-7-thread-12 pick event 2646, current size: 1373
pool-7-thread-13 pick event 2647, current size: 1372
pool-7-thread-7 pick event 2648, current size: 1371
pool-7-thread-2 pick event 2649, current size: 1370
pool-7-thread-14 pick event 2650, current size: 1369
pool-7-thread-18 pick event 2651, current size: 1368
pool-7-thread-19 pick event 2653, current size: 1366
pool-7-thread-8 pick event 2654, current size: 1365
pool-7-thread-1 pick event 2655, current size: 1364
pool-7-thread-10 pick event 2656, current size: 1363
pool-7-thread-6 pick event 2657, current size: 1362
pool-7-thread-15 pick event 2658, current size: 1361
pool-7-thread-17 pick event 2659, current size: 1360
pool-7-thread-20 pick event 2660, current size: 1359
pool-7-thread-3 pick event 2661, current size: 1358
pool-7-thread-5 pick event 2662, current size: 1357
pool-7-thread-11 pick event 2663, current size: 1356
pool-7-thread-16 pick event 2664, current size: 1355
pool-7-thread-4 pick event 2665, current size: 1354
pool-7-thread-12 pick event 2666, current size: 1353
pool-7-thread-7 pick event 2667, current size: 1352
pool-7-thread-9 pick event 2668, current size: 1351
pool-7-thread-2 pick event 2669, current size: 1350
pool-7-thread-14 pick event 2670, current size: 1349
pool-7-thread-13 pick event 2671, current size: 1348
pool-7-thread-18 pick event 2672, current size: 1347
pool-7-thread-19 pick event 2673, current size: 1346
pool-7-thread-8 pick event 2674, current size: 1345
pool-7-thread-10 pick event 2675, current size: 1344
pool-7-thread-1 pick event 2676, current size: 1343
pool-7-thread-6 pick event 2677, current size: 1342
pool-7-thread-17 pick event 2678, current size: 1341
pool-7-thread-15 pick event 2679, current size: 1340
pool-7-thread-20 pick event 2680, current size: 1339
pool-7-thread-5 pick event 2681, current size: 1338
pool-7-thread-3 pick event 2682, current size: 1337
pool-7-thread-16 pick event 2683, current size: 1336
pool-7-thread-11 pick event 2684, current size: 1335
pool-7-thread-4 pick event 2685, current size: 1334
pool-7-thread-12 pick event 2686, current size: 1333
pool-7-thread-7 pick event 2687, current size: 1332
pool-7-thread-14 pick event 2689, current size: 1331
pool-7-thread-9 pick event 2690, current size: 1329
pool-7-thread-13 pick event 2691, current size: 1328
pool-7-thread-18 pick event 2692, current size: 1327
pool-7-thread-19 pick event 2693, current size: 1326
pool-7-thread-8 pick event 2694, current size: 1325
pool-7-thread-10 pick event 2695, current size: 1324
pool-7-thread-1 pick event 2696, current size: 1323
pool-7-thread-6 pick event 2697, current size: 1322
pool-7-thread-17 pick event 2698, current size: 1321
pool-7-thread-20 pick event 2700, current size: 1319
pool-7-thread-5 pick event 2701, current size: 1318
pool-7-thread-3 pick event 2702, current size: 1317
pool-7-thread-16 pick event 2703, current size: 1316
pool-7-thread-4 pick event 2704, current size: 1315
pool-7-thread-2 pick event 2705, current size: 1314
pool-7-thread-11 pick event 2706, current size: 1313
pool-7-thread-12 pick event 2707, current size: 1312
pool-7-thread-7 pick event 2708, current size: 1311
pool-7-thread-14 pick event 2709, current size: 1310
pool-7-thread-9 pick event 2710, current size: 1309
pool-7-thread-18 pick event 2711, current size: 1308
pool-7-thread-19 pick event 2712, current size: 1307
pool-7-thread-13 pick event 2713, current size: 1306
pool-7-thread-8 pick event 2714, current size: 1305
pool-7-thread-15 pick event 2715, current size: 1304
pool-7-thread-17 pick event 2716, current size: 1303
pool-7-thread-6 pick event 2717, current size: 1302
pool-7-thread-10 pick event 2718, current size: 1301
pool-7-thread-1 pick event 2719, current size: 1300
pool-7-thread-20 pick event 2720, current size: 1299
pool-7-thread-5 pick event 2721, current size: 1298
pool-7-thread-16 pick event 2722, current size: 1297
pool-7-thread-11 pick event 2723, current size: 1296
pool-7-thread-3 pick event 2724, current size: 1295
pool-7-thread-4 pick event 2725, current size: 1294
pool-7-thread-2 pick event 2726, current size: 1293
pool-7-thread-12 pick event 2727, current size: 1292
pool-7-thread-7 pick event 2728, current size: 1291
pool-7-thread-14 pick event 2729, current size: 1290
pool-7-thread-2 pick event 2730, current size: 1289
pool-7-thread-18 pick event 2731, current size: 1288
pool-7-thread-19 pick event 2732, current size: 1287
pool-7-thread-15 pick event 2733, current size: 1286
pool-7-thread-8 pick event 2734, current size: 1285
pool-7-thread-13 pick event 2735, current size: 1284
pool-7-thread-17 pick event 2736, current size: 1283
pool-7-thread-6 pick event 2737, current size: 1282
pool-7-thread-1 pick event 2738, current size: 1281
pool-7-thread-10 pick event 2739, current size: 1280
pool-7-thread-20 pick event 2740, current size: 1279
pool-7-thread-16 pick event 2741, current size: 1278
pool-7-thread-5 pick event 2742, current size: 1277
pool-7-thread-3 pick event 2743, current size: 1276
pool-7-thread-11 pick event 2744, current size: 1275
pool-7-thread-4 pick event 2745, current size: 1274
pool-7-thread-7 pick event 2746, current size: 1273
pool-7-thread-9 pick event 2747, current size: 1272
pool-7-thread-12 pick event 2748, current size: 1271
pool-7-thread-14 pick event 2749, current size: 1270
pool-7-thread-19 pick event 2750, current size: 1269
pool-7-thread-2 pick event 2751, current size: 1268
pool-7-thread-15 pick event 2752, current size: 1267
pool-7-thread-8 pick event 2753, current size: 1266
pool-7-thread-18 pick event 2754, current size: 1265
pool-7-thread-13 pick event 2755, current size: 1264
pool-7-thread-17 pick event 2756, current size: 1263
pool-7-thread-6 pick event 2757, current size: 1262
pool-7-thread-1 pick event 2758, current size: 1261
pool-7-thread-10 pick event 2759, current size: 1260
pool-7-thread-20 pick event 2760, current size: 1259
pool-7-thread-5 pick event 2761, current size: 1258
pool-7-thread-16 pick event 2762, current size: 1257
pool-7-thread-10 pick event 2763, current size: 1256
pool-7-thread-9 pick event 2764, current size: 1255
pool-7-thread-11 pick event 2765, current size: 1254
pool-7-thread-4 pick event 2766, current size: 1253
pool-7-thread-7 pick event 2767, current size: 1252
pool-7-thread-12 pick event 2768, current size: 1251
pool-7-thread-14 pick event 2769, current size: 1250
pool-7-thread-19 pick event 2770, current size: 1249
pool-7-thread-15 pick event 2771, current size: 1248
pool-7-thread-2 pick event 2772, current size: 1247
pool-7-thread-8 pick event 2773, current size: 1246
pool-7-thread-18 pick event 2774, current size: 1245
pool-7-thread-13 pick event 2775, current size: 1244
pool-7-thread-17 pick event 2776, current size: 1243
pool-7-thread-6 pick event 2777, current size: 1242
pool-7-thread-1 pick event 2778, current size: 1241
pool-7-thread-3 pick event 2779, current size: 1240
pool-7-thread-20 pick event 2780, current size: 1239
pool-7-thread-5 pick event 2781, current size: 1238
pool-7-thread-16 pick event 2782, current size: 1237
pool-7-thread-10 pick event 2783, current size: 1236
pool-7-thread-9 pick event 2784, current size: 1235
pool-7-thread-11 pick event 2785, current size: 1234
pool-7-thread-4 pick event 2786, current size: 1233
pool-7-thread-7 pick event 2787, current size: 1232
pool-7-thread-12 pick event 2788, current size: 1231
pool-7-thread-14 pick event 2789, current size: 1230
pool-7-thread-19 pick event 2790, current size: 1229
pool-7-thread-15 pick event 2791, current size: 1228
pool-7-thread-8 pick event 2792, current size: 1227
pool-7-thread-2 pick event 2793, current size: 1226
pool-7-thread-18 pick event 2794, current size: 1225
pool-7-thread-13 pick event 2795, current size: 1224
pool-7-thread-1 pick event 2796, current size: 1223
pool-7-thread-17 pick event 2797, current size: 1222
pool-7-thread-6 pick event 2798, current size: 1221
pool-7-thread-3 pick event 2799, current size: 1220
pool-7-thread-20 pick event 2800, current size: 1219
pool-7-thread-5 pick event 2801, current size: 1218
pool-7-thread-16 pick event 2802, current size: 1217
pool-7-thread-11 pick event 2803, current size: 1216
pool-7-thread-9 pick event 2804, current size: 1215
pool-7-thread-10 pick event 2805, current size: 1214
pool-7-thread-4 pick event 2806, current size: 1213
pool-7-thread-7 pick event 2807, current size: 1212
pool-7-thread-12 pick event 2808, current size: 1211
pool-7-thread-10 pick event 2809, current size: 1210
pool-7-thread-14 pick event 2810, current size: 1209
pool-7-thread-19 pick event 2811, current size: 1208
pool-7-thread-8 pick event 2812, current size: 1207
pool-7-thread-2 pick event 2813, current size: 1206
pool-7-thread-13 pick event 2814, current size: 1205
pool-7-thread-18 pick event 2815, current size: 1204
pool-7-thread-1 pick event 2816, current size: 1203
pool-7-thread-6 pick event 2817, current size: 1202
pool-7-thread-17 pick event 2818, current size: 1201
pool-7-thread-3 pick event 2819, current size: 1200
pool-7-thread-20 pick event 2820, current size: 1199
pool-7-thread-5 pick event 2821, current size: 1198
pool-7-thread-11 pick event 2822, current size: 1197
pool-7-thread-16 pick event 2823, current size: 1196
pool-7-thread-9 pick event 2824, current size: 1195
pool-7-thread-15 pick event 2825, current size: 1194
pool-7-thread-4 pick event 2826, current size: 1193
pool-7-thread-10 pick event 2827, current size: 1192
pool-7-thread-12 pick event 2828, current size: 1191
pool-7-thread-14 pick event 2829, current size: 1190
pool-7-thread-7 pick event 2830, current size: 1189
pool-7-thread-19 pick event 2831, current size: 1188
pool-7-thread-2 pick event 2832, current size: 1187
pool-7-thread-8 pick event 2833, current size: 1186
pool-7-thread-18 pick event 2834, current size: 1185
pool-7-thread-19 pick event 2835, current size: 1184
pool-7-thread-6 pick event 2836, current size: 1183
pool-7-thread-1 pick event 2837, current size: 1182
pool-7-thread-17 pick event 2838, current size: 1181
pool-7-thread-20 pick event 2839, current size: 1180
pool-7-thread-3 pick event 2840, current size: 1179
pool-7-thread-5 pick event 2841, current size: 1178
pool-7-thread-11 pick event 2842, current size: 1177
pool-7-thread-9 pick event 2843, current size: 1176
pool-7-thread-16 pick event 2844, current size: 1175
pool-7-thread-4 pick event 2845, current size: 1174
pool-7-thread-10 pick event 2846, current size: 1173
pool-7-thread-9 pick event 2847, current size: 1172
pool-7-thread-14 pick event 2848, current size: 1171
pool-7-thread-12 pick event 2849, current size: 1170
pool-7-thread-7 pick event 2850, current size: 1169
pool-7-thread-13 pick event 2851, current size: 1168
pool-7-thread-2 pick event 2852, current size: 1167
pool-7-thread-18 pick event 2853, current size: 1166
pool-7-thread-19 pick event 2855, current size: 1164
pool-7-thread-1 pick event 2856, current size: 1163
pool-7-thread-6 pick event 2857, current size: 1162
pool-7-thread-20 pick event 2858, current size: 1161
pool-7-thread-17 pick event 2859, current size: 1160
pool-7-thread-18 pick event 2860, current size: 1159
pool-7-thread-17 pick event 2861, current size: 1158
pool-7-thread-15 pick event 2862, current size: 1157
pool-7-thread-5 pick event 2863, current size: 1156
pool-7-thread-16 pick event 2864, current size: 1155
pool-7-thread-4 pick event 2865, current size: 1154
pool-7-thread-10 pick event 2866, current size: 1153
pool-7-thread-9 pick event 2867, current size: 1152
pool-7-thread-14 pick event 2868, current size: 1151
pool-7-thread-12 pick event 2869, current size: 1150
pool-7-thread-8 pick event 2870, current size: 1149
pool-7-thread-13 pick event 2871, current size: 1148
pool-7-thread-2 pick event 2872, current size: 1147
pool-7-thread-7 pick event 2873, current size: 1146
pool-7-thread-3 pick event 2874, current size: 1145
pool-7-thread-19 pick event 2875, current size: 1144
pool-7-thread-11 pick event 2876, current size: 1143
pool-7-thread-1 pick event 2878, current size: 1141
pool-7-thread-20 pick event 2879, current size: 1140
pool-7-thread-18 pick event 2880, current size: 1139
pool-7-thread-17 pick event 2881, current size: 1138
pool-7-thread-5 pick event 2882, current size: 1137
pool-7-thread-15 pick event 2883, current size: 1136
pool-7-thread-16 pick event 2884, current size: 1135
pool-7-thread-4 pick event 2885, current size: 1134
pool-7-thread-9 pick event 2886, current size: 1133
pool-7-thread-10 pick event 2887, current size: 1132
pool-7-thread-13 pick event 2888, current size: 1131
pool-7-thread-12 pick event 2889, current size: 1130
pool-7-thread-14 pick event 2890, current size: 1129
pool-7-thread-8 pick event 2891, current size: 1128
pool-7-thread-2 pick event 2892, current size: 1127
pool-7-thread-7 pick event 2893, current size: 1126
pool-7-thread-6 pick event 2894, current size: 1125
pool-7-thread-19 pick event 2895, current size: 1124
pool-7-thread-3 pick event 2896, current size: 1123
pool-7-thread-11 pick event 2897, current size: 1122
pool-7-thread-20 pick event 2898, current size: 1121
pool-7-thread-17 pick event 2899, current size: 1120
pool-7-thread-1 pick event 2900, current size: 1119
pool-7-thread-18 pick event 2901, current size: 1118
pool-7-thread-15 pick event 2902, current size: 1117
pool-7-thread-5 pick event 2903, current size: 1116
pool-7-thread-16 pick event 2904, current size: 1115
pool-7-thread-4 pick event 2905, current size: 1114
pool-7-thread-9 pick event 2906, current size: 1113
pool-7-thread-10 pick event 2907, current size: 1112
pool-7-thread-12 pick event 2909, current size: 1111
pool-7-thread-8 pick event 2910, current size: 1110
pool-7-thread-2 pick event 2911, current size: 1108
pool-7-thread-14 pick event 2912, current size: 1107
pool-7-thread-7 pick event 2913, current size: 1106
pool-7-thread-6 pick event 2914, current size: 1105
pool-7-thread-12 pick event 2915, current size: 1104
pool-7-thread-3 pick event 2916, current size: 1103
pool-7-thread-11 pick event 2917, current size: 1102
pool-7-thread-20 pick event 2918, current size: 1101
pool-7-thread-7 pick event 2919, current size: 1100
pool-7-thread-1 pick event 2920, current size: 1099
pool-7-thread-15 pick event 2921, current size: 1098
pool-7-thread-18 pick event 2922, current size: 1097
pool-7-thread-5 pick event 2923, current size: 1096
pool-7-thread-13 pick event 2924, current size: 1095
pool-7-thread-4 pick event 2925, current size: 1094
pool-7-thread-15 pick event 2926, current size: 1093
pool-7-thread-9 pick event 2927, current size: 1092
pool-7-thread-10 pick event 2928, current size: 1091
pool-7-thread-19 pick event 2929, current size: 1090
pool-7-thread-8 pick event 2930, current size: 1089
pool-7-thread-2 pick event 2931, current size: 1088
pool-7-thread-12 pick event 2932, current size: 1087
pool-7-thread-6 pick event 2933, current size: 1086
pool-7-thread-14 pick event 2934, current size: 1085
pool-7-thread-17 pick event 2935, current size: 1084
pool-7-thread-3 pick event 2936, current size: 1083
pool-7-thread-20 pick event 2937, current size: 1082
pool-7-thread-7 pick event 2938, current size: 1081
pool-7-thread-11 pick event 2939, current size: 1080
pool-7-thread-1 pick event 2940, current size: 1079
pool-7-thread-20 pick event 2941, current size: 1078
pool-7-thread-18 pick event 2942, current size: 1077
pool-7-thread-5 pick event 2943, current size: 1076
pool-7-thread-13 pick event 2944, current size: 1075
pool-7-thread-4 pick event 2945, current size: 1074
pool-7-thread-9 pick event 2946, current size: 1073
pool-7-thread-15 pick event 2947, current size: 1072
pool-7-thread-10 pick event 2948, current size: 1071
pool-7-thread-19 pick event 2949, current size: 1070
pool-7-thread-2 pick event 2950, current size: 1069
pool-7-thread-8 pick event 2951, current size: 1068
pool-7-thread-12 pick event 2952, current size: 1067
pool-7-thread-6 pick event 2953, current size: 1066
pool-7-thread-14 pick event 2954, current size: 1065
pool-7-thread-17 pick event 2955, current size: 1064
pool-7-thread-3 pick event 2956, current size: 1063
pool-7-thread-16 pick event 2957, current size: 1062
pool-7-thread-7 pick event 2958, current size: 1061
pool-7-thread-20 pick event 2959, current size: 1060
pool-7-thread-11 pick event 2960, current size: 1059
pool-7-thread-18 pick event 2961, current size: 1058
pool-7-thread-1 pick event 2962, current size: 1057
pool-7-thread-5 pick event 2963, current size: 1056
pool-7-thread-13 pick event 2964, current size: 1055
pool-7-thread-4 pick event 2965, current size: 1054
pool-7-thread-9 pick event 2966, current size: 1053
pool-7-thread-15 pick event 2967, current size: 1052
pool-7-thread-10 pick event 2968, current size: 1051
pool-7-thread-19 pick event 2969, current size: 1050
pool-7-thread-8 pick event 2970, current size: 1049
pool-7-thread-2 pick event 2971, current size: 1048
pool-7-thread-17 pick event 2972, current size: 1047
pool-7-thread-14 pick event 2973, current size: 1046
pool-7-thread-12 pick event 2974, current size: 1045
pool-7-thread-6 pick event 2975, current size: 1044
pool-7-thread-3 pick event 2976, current size: 1043
pool-7-thread-16 pick event 2977, current size: 1042
pool-7-thread-7 pick event 2978, current size: 1041
pool-7-thread-20 pick event 2979, current size: 1040
pool-7-thread-18 pick event 2980, current size: 1039
pool-7-thread-5 pick event 2981, current size: 1038
pool-7-thread-1 pick event 2982, current size: 1037
pool-7-thread-11 pick event 2983, current size: 1036
pool-7-thread-9 pick event 2984, current size: 1035
pool-7-thread-20 pick event 2985, current size: 1034
pool-7-thread-4 pick event 2986, current size: 1033
pool-7-thread-15 pick event 2987, current size: 1032
pool-7-thread-8 pick event 2988, current size: 1031
pool-7-thread-20 pick event 2989, current size: 1030
pool-7-thread-2 pick event 2990, current size: 1029
pool-7-thread-10 pick event 2991, current size: 1028
pool-7-thread-17 pick event 2992, current size: 1027
pool-7-thread-14 pick event 2993, current size: 1026
pool-7-thread-12 pick event 2994, current size: 1025
pool-7-thread-6 pick event 2995, current size: 1024
pool-7-thread-16 pick event 2996, current size: 1023
pool-7-thread-3 pick event 2997, current size: 1022
pool-7-thread-7 pick event 2998, current size: 1021
pool-7-thread-18 pick event 2999, current size: 1020
pool-7-thread-5 pick event 3000, current size: 1019
pool-7-thread-13 pick event 3001, current size: 1018
pool-7-thread-1 pick event 3002, current size: 1017
pool-7-thread-11 pick event 3003, current size: 1016
pool-7-thread-9 pick event 3004, current size: 1015
pool-7-thread-19 pick event 3005, current size: 1014
pool-7-thread-4 pick event 3006, current size: 1013
pool-7-thread-15 pick event 3007, current size: 1012
pool-7-thread-8 pick event 3008, current size: 1011
pool-7-thread-20 pick event 3009, current size: 1010
pool-7-thread-2 pick event 3010, current size: 1009
pool-7-thread-10 pick event 3011, current size: 1008
pool-7-thread-17 pick event 3012, current size: 1007
pool-7-thread-12 pick event 3013, current size: 1006
pool-7-thread-14 pick event 3014, current size: 1005
pool-7-thread-16 pick event 3015, current size: 1004
pool-7-thread-6 pick event 3016, current size: 1003
pool-7-thread-3 pick event 3017, current size: 1002
pool-7-thread-7 pick event 3018, current size: 1001
pool-7-thread-5 pick event 3019, current size: 1000
pool-7-thread-6 pick event 3020, current size: 999
pool-7-thread-13 pick event 3021, current size: 998
pool-7-thread-1 pick event 3022, current size: 997
pool-7-thread-5 pick event 3023, current size: 996
pool-7-thread-11 pick event 3024, current size: 995
pool-7-thread-19 pick event 3025, current size: 994
pool-7-thread-15 pick event 3026, current size: 993
pool-7-thread-4 pick event 3027, current size: 992
pool-7-thread-8 pick event 3028, current size: 991
pool-7-thread-2 pick event 3029, current size: 990
pool-7-thread-20 pick event 3030, current size: 989
pool-7-thread-10 pick event 3031, current size: 988
pool-7-thread-12 pick event 3032, current size: 987
pool-7-thread-14 pick event 3033, current size: 986
pool-7-thread-17 pick event 3034, current size: 985
pool-7-thread-18 pick event 3035, current size: 984
pool-7-thread-16 pick event 3036, current size: 983
pool-7-thread-3 pick event 3037, current size: 982
pool-7-thread-7 pick event 3038, current size: 981
pool-7-thread-6 pick event 3039, current size: 980
pool-7-thread-9 pick event 3040, current size: 979
pool-7-thread-13 pick event 3041, current size: 978
pool-7-thread-1 pick event 3042, current size: 977
pool-7-thread-5 pick event 3043, current size: 976
pool-7-thread-19 pick event 3044, current size: 975
pool-7-thread-11 pick event 3045, current size: 974
pool-7-thread-4 pick event 3046, current size: 973
pool-7-thread-8 pick event 3047, current size: 972
pool-7-thread-15 pick event 3048, current size: 971
pool-7-thread-2 pick event 3049, current size: 970
pool-7-thread-8 pick event 3050, current size: 969
pool-7-thread-10 pick event 3051, current size: 968
pool-7-thread-12 pick event 3052, current size: 967
pool-7-thread-2 pick event 3053, current size: 966
pool-7-thread-17 pick event 3054, current size: 965
pool-7-thread-18 pick event 3055, current size: 964
pool-7-thread-7 pick event 3056, current size: 963
pool-7-thread-10 pick event 3057, current size: 962
pool-7-thread-6 pick event 3058, current size: 961
pool-7-thread-3 pick event 3059, current size: 960
pool-7-thread-9 pick event 3060, current size: 959
pool-7-thread-1 pick event 3061, current size: 958
pool-7-thread-19 pick event 3062, current size: 957
pool-7-thread-13 pick event 3063, current size: 956
pool-7-thread-5 pick event 3064, current size: 955
pool-7-thread-11 pick event 3065, current size: 954
pool-7-thread-20 pick event 3066, current size: 953
pool-7-thread-4 pick event 3067, current size: 952
pool-7-thread-15 pick event 3068, current size: 951
pool-7-thread-14 pick event 3069, current size: 950
pool-7-thread-16 pick event 3070, current size: 949
pool-7-thread-8 pick event 3071, current size: 948
pool-7-thread-12 pick event 3072, current size: 947
pool-7-thread-18 pick event 3073, current size: 946
pool-7-thread-17 pick event 3074, current size: 945
pool-7-thread-2 pick event 3075, current size: 944
pool-7-thread-7 pick event 3076, current size: 943
pool-7-thread-3 pick event 3077, current size: 942
pool-7-thread-10 pick event 3078, current size: 941
pool-7-thread-6 pick event 3079, current size: 940
pool-7-thread-9 pick event 3080, current size: 939
pool-7-thread-19 pick event 3081, current size: 938
pool-7-thread-1 pick event 3082, current size: 937
pool-7-thread-5 pick event 3083, current size: 936
pool-7-thread-13 pick event 3084, current size: 935
pool-7-thread-11 pick event 3085, current size: 934
pool-7-thread-20 pick event 3087, current size: 933
pool-7-thread-16 pick event 3088, current size: 932
pool-7-thread-14 pick event 3089, current size: 930
pool-7-thread-8 pick event 3090, current size: 929
pool-7-thread-15 pick event 3091, current size: 928
pool-7-thread-12 pick event 3092, current size: 927
pool-7-thread-18 pick event 3093, current size: 926
pool-7-thread-17 pick event 3094, current size: 925
pool-7-thread-7 pick event 3095, current size: 924
pool-7-thread-2 pick event 3096, current size: 923
pool-7-thread-10 pick event 3097, current size: 922
pool-7-thread-3 pick event 3098, current size: 921
pool-7-thread-6 pick event 3099, current size: 920
pool-7-thread-9 pick event 3100, current size: 919
pool-7-thread-1 pick event 3101, current size: 918
pool-7-thread-19 pick event 3102, current size: 917
pool-7-thread-5 pick event 3103, current size: 916
pool-7-thread-4 pick event 3104, current size: 915
pool-7-thread-13 pick event 3105, current size: 914
pool-7-thread-11 pick event 3106, current size: 913
pool-7-thread-20 pick event 3107, current size: 912
pool-7-thread-16 pick event 3108, current size: 911
pool-7-thread-5 pick event 3109, current size: 910
pool-7-thread-15 pick event 3110, current size: 909
pool-7-thread-8 pick event 3111, current size: 908
pool-7-thread-12 pick event 3112, current size: 907
pool-7-thread-18 pick event 3113, current size: 906
pool-7-thread-17 pick event 3114, current size: 905
pool-7-thread-7 pick event 3115, current size: 904
pool-7-thread-2 pick event 3116, current size: 903
pool-7-thread-10 pick event 3117, current size: 902
pool-7-thread-3 pick event 3118, current size: 901
pool-7-thread-6 pick event 3119, current size: 900
pool-7-thread-9 pick event 3120, current size: 899
pool-7-thread-1 pick event 3121, current size: 898
pool-7-thread-19 pick event 3122, current size: 897
pool-7-thread-14 pick event 3123, current size: 896
pool-7-thread-4 pick event 3124, current size: 895
pool-7-thread-11 pick event 3125, current size: 894
pool-7-thread-15 pick event 3126, current size: 893
pool-7-thread-13 pick event 3127, current size: 892
pool-7-thread-20 pick event 3128, current size: 891
pool-7-thread-16 pick event 3129, current size: 890
pool-7-thread-5 pick event 3130, current size: 889
pool-7-thread-12 pick event 3131, current size: 888
pool-7-thread-13 pick event 3132, current size: 887
pool-7-thread-8 pick event 3133, current size: 886
pool-7-thread-17 pick event 3134, current size: 885
pool-7-thread-7 pick event 3135, current size: 884
pool-7-thread-2 pick event 3136, current size: 883
pool-7-thread-12 pick event 3137, current size: 882
pool-7-thread-6 pick event 3138, current size: 881
pool-7-thread-9 pick event 3139, current size: 880
pool-7-thread-3 pick event 3140, current size: 879
pool-7-thread-1 pick event 3141, current size: 878
pool-7-thread-19 pick event 3142, current size: 877
pool-7-thread-4 pick event 3143, current size: 876
pool-7-thread-14 pick event 3144, current size: 875
pool-7-thread-11 pick event 3145, current size: 874
pool-7-thread-15 pick event 3146, current size: 873
pool-7-thread-20 pick event 3147, current size: 872
pool-7-thread-18 pick event 3148, current size: 871
pool-7-thread-5 pick event 3149, current size: 870
pool-7-thread-16 pick event 3150, current size: 869
pool-7-thread-10 pick event 3151, current size: 868
pool-7-thread-13 pick event 3152, current size: 867
pool-7-thread-8 pick event 3153, current size: 866
pool-7-thread-7 pick event 3154, current size: 865
pool-7-thread-2 pick event 3155, current size: 864
pool-7-thread-17 pick event 3156, current size: 863
pool-7-thread-6 pick event 3157, current size: 862
pool-7-thread-12 pick event 3158, current size: 861
pool-7-thread-9 pick event 3159, current size: 860
pool-7-thread-1 pick event 3160, current size: 859
pool-7-thread-3 pick event 3161, current size: 858
pool-7-thread-19 pick event 3162, current size: 857
pool-7-thread-4 pick event 3163, current size: 856
pool-7-thread-15 pick event 3164, current size: 855
pool-7-thread-20 pick event 3165, current size: 854
pool-7-thread-14 pick event 3166, current size: 853
pool-7-thread-18 pick event 3167, current size: 852
pool-7-thread-16 pick event 3169, current size: 851
pool-7-thread-5 pick event 3170, current size: 850
pool-7-thread-13 pick event 3171, current size: 849
pool-7-thread-8 pick event 3172, current size: 848
pool-7-thread-10 pick event 3173, current size: 847
pool-7-thread-7 pick event 3174, current size: 845
pool-7-thread-17 pick event 3175, current size: 844
pool-7-thread-2 pick event 3176, current size: 843
pool-7-thread-12 pick event 3177, current size: 842
pool-7-thread-6 pick event 3178, current size: 841
pool-7-thread-5 pick event 3179, current size: 840
pool-7-thread-1 pick event 3180, current size: 839
pool-7-thread-3 pick event 3181, current size: 838
pool-7-thread-17 pick event 3182, current size: 837
pool-7-thread-4 pick event 3183, current size: 836
pool-7-thread-15 pick event 3184, current size: 835
pool-7-thread-19 pick event 3185, current size: 834
pool-7-thread-20 pick event 3186, current size: 833
pool-7-thread-14 pick event 3187, current size: 832
pool-7-thread-16 pick event 3188, current size: 831
pool-7-thread-13 pick event 3189, current size: 830
pool-7-thread-18 pick event 3190, current size: 829
pool-7-thread-9 pick event 3191, current size: 828
pool-7-thread-8 pick event 3192, current size: 827
pool-7-thread-10 pick event 3193, current size: 826
pool-7-thread-13 pick event 3194, current size: 825
pool-7-thread-9 pick event 3195, current size: 824
pool-7-thread-12 pick event 3196, current size: 823
pool-7-thread-7 pick event 3197, current size: 822
pool-7-thread-6 pick event 3198, current size: 821
pool-7-thread-5 pick event 3199, current size: 820
pool-7-thread-3 pick event 3200, current size: 819
pool-7-thread-1 pick event 3202, current size: 817
pool-7-thread-4 pick event 3203, current size: 816
pool-7-thread-19 pick event 3204, current size: 815
pool-7-thread-14 pick event 3205, current size: 814
pool-7-thread-15 pick event 3206, current size: 813
pool-7-thread-20 pick event 3207, current size: 812
pool-7-thread-14 pick event 3208, current size: 811
pool-7-thread-11 pick event 3209, current size: 810
pool-7-thread-18 pick event 3210, current size: 809
pool-7-thread-2 pick event 3211, current size: 808
pool-7-thread-10 pick event 3212, current size: 807
pool-7-thread-8 pick event 3213, current size: 806
pool-7-thread-9 pick event 3214, current size: 805
pool-7-thread-13 pick event 3215, current size: 804
pool-7-thread-12 pick event 3216, current size: 803
pool-7-thread-7 pick event 3217, current size: 802
pool-7-thread-6 pick event 3218, current size: 801
pool-7-thread-12 pick event 3219, current size: 800
pool-7-thread-5 pick event 3220, current size: 799
pool-7-thread-3 pick event 3221, current size: 798
pool-7-thread-1 pick event 3222, current size: 797
pool-7-thread-4 pick event 3223, current size: 796
pool-7-thread-16 pick event 3224, current size: 795
pool-7-thread-19 pick event 3225, current size: 794
pool-7-thread-15 pick event 3226, current size: 793
pool-7-thread-20 pick event 3227, current size: 792
pool-7-thread-14 pick event 3228, current size: 791
pool-7-thread-11 pick event 3229, current size: 790
pool-7-thread-18 pick event 3230, current size: 789
pool-7-thread-2 pick event 3231, current size: 788
pool-7-thread-8 pick event 3232, current size: 787
pool-7-thread-10 pick event 3233, current size: 786
pool-7-thread-13 pick event 3234, current size: 785
pool-7-thread-9 pick event 3235, current size: 784
pool-7-thread-17 pick event 3236, current size: 783
pool-7-thread-7 pick event 3237, current size: 782
pool-7-thread-12 pick event 3238, current size: 781
pool-7-thread-6 pick event 3239, current size: 780
pool-7-thread-3 pick event 3240, current size: 779
pool-7-thread-5 pick event 3241, current size: 778
pool-7-thread-1 pick event 3242, current size: 777
pool-7-thread-16 pick event 3243, current size: 776
pool-7-thread-4 pick event 3244, current size: 775
pool-7-thread-15 pick event 3245, current size: 774
pool-7-thread-19 pick event 3246, current size: 773
pool-7-thread-14 pick event 3247, current size: 772
pool-7-thread-11 pick event 3248, current size: 771
pool-7-thread-20 pick event 3249, current size: 770
pool-7-thread-18 pick event 3250, current size: 769
pool-7-thread-2 pick event 3251, current size: 768
pool-7-thread-10 pick event 3252, current size: 767
pool-7-thread-8 pick event 3253, current size: 766
pool-7-thread-13 pick event 3254, current size: 765
pool-7-thread-9 pick event 3255, current size: 764
pool-7-thread-17 pick event 3256, current size: 763
pool-7-thread-7 pick event 3257, current size: 762
pool-7-thread-12 pick event 3258, current size: 761
pool-7-thread-6 pick event 3259, current size: 760
pool-7-thread-3 pick event 3260, current size: 759
pool-7-thread-5 pick event 3261, current size: 758
pool-7-thread-1 pick event 3262, current size: 757
pool-7-thread-16 pick event 3263, current size: 756
pool-7-thread-4 pick event 3264, current size: 755
pool-7-thread-15 pick event 3265, current size: 754
pool-7-thread-19 pick event 3266, current size: 753
pool-7-thread-14 pick event 3267, current size: 752
pool-7-thread-11 pick event 3268, current size: 751
pool-7-thread-14 pick event 3269, current size: 750
pool-7-thread-2 pick event 3270, current size: 749
pool-7-thread-18 pick event 3271, current size: 748
pool-7-thread-10 pick event 3272, current size: 747
pool-7-thread-8 pick event 3273, current size: 746
pool-7-thread-9 pick event 3274, current size: 745
pool-7-thread-13 pick event 3275, current size: 744
pool-7-thread-17 pick event 3276, current size: 743
pool-7-thread-12 pick event 3277, current size: 742
pool-7-thread-7 pick event 3278, current size: 741
pool-7-thread-6 pick event 3279, current size: 740
pool-7-thread-1 pick event 3280, current size: 739
pool-7-thread-3 pick event 3281, current size: 738
pool-7-thread-5 pick event 3282, current size: 737
pool-7-thread-16 pick event 3283, current size: 736
pool-7-thread-15 pick event 3284, current size: 735
pool-7-thread-20 pick event 3285, current size: 734
pool-7-thread-4 pick event 3286, current size: 733
pool-7-thread-19 pick event 3287, current size: 732
pool-7-thread-11 pick event 3288, current size: 731
pool-7-thread-14 pick event 3289, current size: 730
pool-7-thread-18 pick event 3291, current size: 729
pool-7-thread-8 pick event 3292, current size: 728
pool-7-thread-10 pick event 3293, current size: 726
pool-7-thread-9 pick event 3294, current size: 725
pool-7-thread-13 pick event 3295, current size: 724
pool-7-thread-17 pick event 3296, current size: 723
pool-7-thread-12 pick event 3297, current size: 722
pool-7-thread-1 pick event 3298, current size: 721
pool-7-thread-14 pick event 3299, current size: 720
pool-7-thread-6 pick event 3300, current size: 719
pool-7-thread-16 pick event 3301, current size: 718
pool-7-thread-5 pick event 3302, current size: 717
pool-7-thread-3 pick event 3303, current size: 716
pool-7-thread-2 pick event 3304, current size: 715
pool-7-thread-15 pick event 3305, current size: 714
pool-7-thread-4 pick event 3306, current size: 713
pool-7-thread-11 pick event 3307, current size: 712
pool-7-thread-20 pick event 3308, current size: 711
pool-7-thread-19 pick event 3309, current size: 710
pool-7-thread-7 pick event 3310, current size: 709
pool-7-thread-18 pick event 3311, current size: 708
pool-7-thread-8 pick event 3312, current size: 707
pool-7-thread-10 pick event 3313, current size: 706
pool-7-thread-9 pick event 3314, current size: 705
pool-7-thread-1 pick event 3315, current size: 704
pool-7-thread-6 pick event 3316, current size: 703
pool-7-thread-13 pick event 3317, current size: 702
pool-7-thread-17 pick event 3318, current size: 701
pool-7-thread-12 pick event 3319, current size: 700
pool-7-thread-14 pick event 3320, current size: 699
pool-7-thread-16 pick event 3321, current size: 698
pool-7-thread-5 pick event 3322, current size: 697
pool-7-thread-3 pick event 3323, current size: 696
pool-7-thread-2 pick event 3324, current size: 695
pool-7-thread-15 pick event 3325, current size: 694
pool-7-thread-4 pick event 3326, current size: 693
pool-7-thread-11 pick event 3327, current size: 692
pool-7-thread-20 pick event 3328, current size: 691
pool-7-thread-19 pick event 3329, current size: 690
pool-7-thread-18 pick event 3330, current size: 689
pool-7-thread-7 pick event 3331, current size: 688
pool-7-thread-8 pick event 3332, current size: 687
pool-7-thread-10 pick event 3333, current size: 686
pool-7-thread-9 pick event 3334, current size: 685
pool-7-thread-1 pick event 3335, current size: 684
pool-7-thread-13 pick event 3336, current size: 683
pool-7-thread-17 pick event 3337, current size: 682
pool-7-thread-12 pick event 3338, current size: 681
pool-7-thread-6 pick event 3339, current size: 680
pool-7-thread-14 pick event 3340, current size: 679
pool-7-thread-5 pick event 3341, current size: 678
pool-7-thread-16 pick event 3342, current size: 677
pool-7-thread-3 pick event 3343, current size: 676
pool-7-thread-2 pick event 3344, current size: 675
pool-7-thread-15 pick event 3345, current size: 674
pool-7-thread-20 pick event 3346, current size: 673
pool-7-thread-19 pick event 3347, current size: 672
pool-7-thread-3 pick event 3348, current size: 671
pool-7-thread-4 pick event 3349, current size: 670
pool-7-thread-8 pick event 3351, current size: 668
pool-7-thread-10 pick event 3352, current size: 667
pool-7-thread-18 pick event 3353, current size: 666
pool-7-thread-9 pick event 3354, current size: 665
pool-7-thread-17 pick event 3355, current size: 664
pool-7-thread-1 pick event 3356, current size: 663
pool-7-thread-13 pick event 3357, current size: 662
pool-7-thread-12 pick event 3358, current size: 661
pool-7-thread-6 pick event 3359, current size: 660
pool-7-thread-14 pick event 3360, current size: 659
pool-7-thread-16 pick event 3361, current size: 658
pool-7-thread-5 pick event 3362, current size: 657
pool-7-thread-11 pick event 3363, current size: 656
pool-7-thread-7 pick event 3364, current size: 655
pool-7-thread-2 pick event 3365, current size: 654
pool-7-thread-15 pick event 3366, current size: 653
pool-7-thread-3 pick event 3367, current size: 652
pool-7-thread-19 pick event 3368, current size: 651
pool-7-thread-20 pick event 3369, current size: 650
pool-7-thread-4 pick event 3370, current size: 649
pool-7-thread-8 pick event 3371, current size: 648
pool-7-thread-10 pick event 3372, current size: 647
pool-7-thread-20 pick event 3373, current size: 646
pool-7-thread-18 pick event 3374, current size: 645
pool-7-thread-1 pick event 3375, current size: 644
pool-7-thread-13 pick event 3377, current size: 643
pool-7-thread-12 pick event 3378, current size: 641
pool-7-thread-6 pick event 3379, current size: 640
pool-7-thread-14 pick event 3380, current size: 639
pool-7-thread-16 pick event 3381, current size: 638
pool-7-thread-5 pick event 3382, current size: 637
pool-7-thread-11 pick event 3383, current size: 636
pool-7-thread-2 pick event 3384, current size: 635
pool-7-thread-7 pick event 3385, current size: 634
pool-7-thread-15 pick event 3386, current size: 633
pool-7-thread-9 pick event 3387, current size: 632
pool-7-thread-3 pick event 3388, current size: 631
pool-7-thread-19 pick event 3389, current size: 630
pool-7-thread-4 pick event 3390, current size: 629
pool-7-thread-10 pick event 3391, current size: 628
pool-7-thread-8 pick event 3392, current size: 627
pool-7-thread-20 pick event 3393, current size: 626
pool-7-thread-18 pick event 3394, current size: 625
pool-7-thread-17 pick event 3395, current size: 624
pool-7-thread-1 pick event 3396, current size: 623
pool-7-thread-13 pick event 3397, current size: 622
pool-7-thread-12 pick event 3398, current size: 621
pool-7-thread-6 pick event 3399, current size: 620
pool-7-thread-14 pick event 3400, current size: 619
pool-7-thread-5 pick event 3401, current size: 618
pool-7-thread-16 pick event 3402, current size: 617
pool-7-thread-2 pick event 3403, current size: 616
pool-7-thread-11 pick event 3404, current size: 615
pool-7-thread-7 pick event 3405, current size: 614
pool-7-thread-9 pick event 3406, current size: 613
pool-7-thread-15 pick event 3407, current size: 612
pool-7-thread-3 pick event 3408, current size: 611
pool-7-thread-19 pick event 3409, current size: 610
pool-7-thread-4 pick event 3410, current size: 609
pool-7-thread-10 pick event 3411, current size: 608
pool-7-thread-8 pick event 3412, current size: 607
pool-7-thread-20 pick event 3413, current size: 606
pool-7-thread-17 pick event 3415, current size: 604
pool-7-thread-13 pick event 3416, current size: 603
pool-7-thread-1 pick event 3417, current size: 602
pool-7-thread-12 pick event 3418, current size: 601
pool-7-thread-6 pick event 3419, current size: 600
pool-7-thread-14 pick event 3420, current size: 599
pool-7-thread-16 pick event 3421, current size: 598
pool-7-thread-5 pick event 3422, current size: 597
pool-7-thread-2 pick event 3423, current size: 596
pool-7-thread-11 pick event 3424, current size: 595
pool-7-thread-7 pick event 3425, current size: 594
pool-7-thread-9 pick event 3426, current size: 593
pool-7-thread-15 pick event 3427, current size: 592
pool-7-thread-3 pick event 3428, current size: 591
pool-7-thread-4 pick event 3429, current size: 590
pool-7-thread-10 pick event 3431, current size: 588
pool-7-thread-19 pick event 3432, current size: 587
pool-7-thread-8 pick event 3433, current size: 586
pool-7-thread-20 pick event 3434, current size: 585
pool-7-thread-17 pick event 3435, current size: 584
pool-7-thread-1 pick event 3436, current size: 583
pool-7-thread-13 pick event 3437, current size: 582
pool-7-thread-12 pick event 3438, current size: 581
pool-7-thread-6 pick event 3439, current size: 580
pool-7-thread-14 pick event 3440, current size: 579
pool-7-thread-16 pick event 3441, current size: 578
pool-7-thread-13 pick event 3442, current size: 577
pool-7-thread-2 pick event 3443, current size: 576
pool-7-thread-11 pick event 3444, current size: 575
pool-7-thread-9 pick event 3445, current size: 574
pool-7-thread-7 pick event 3446, current size: 573
pool-7-thread-18 pick event 3447, current size: 572
pool-7-thread-3 pick event 3448, current size: 571
pool-7-thread-4 pick event 3449, current size: 570
pool-7-thread-15 pick event 3450, current size: 569
pool-7-thread-19 pick event 3451, current size: 568
pool-7-thread-10 pick event 3452, current size: 567
pool-7-thread-8 pick event 3453, current size: 566
pool-7-thread-17 pick event 3454, current size: 565
pool-7-thread-1 pick event 3455, current size: 564
pool-7-thread-5 pick event 3456, current size: 563
pool-7-thread-20 pick event 3457, current size: 562
pool-7-thread-16 pick event 3458, current size: 561
pool-7-thread-14 pick event 3459, current size: 560
pool-7-thread-6 pick event 3460, current size: 559
pool-7-thread-13 pick event 3461, current size: 558
pool-7-thread-12 pick event 3462, current size: 557
pool-7-thread-2 pick event 3463, current size: 556
pool-7-thread-11 pick event 3464, current size: 555
pool-7-thread-9 pick event 3465, current size: 554
pool-7-thread-7 pick event 3466, current size: 553
pool-7-thread-18 pick event 3467, current size: 552
pool-7-thread-3 pick event 3468, current size: 551
pool-7-thread-4 pick event 3469, current size: 550
pool-7-thread-19 pick event 3470, current size: 549
pool-7-thread-10 pick event 3471, current size: 548
pool-7-thread-15 pick event 3472, current size: 547
pool-7-thread-17 pick event 3473, current size: 546
pool-7-thread-8 pick event 3474, current size: 545
pool-7-thread-1 pick event 3475, current size: 544
pool-7-thread-17 pick event 3476, current size: 543
pool-7-thread-8 pick event 3477, current size: 542
pool-7-thread-6 pick event 3478, current size: 541
pool-7-thread-14 pick event 3479, current size: 540
pool-7-thread-13 pick event 3480, current size: 539
pool-7-thread-16 pick event 3481, current size: 538
pool-7-thread-12 pick event 3482, current size: 537
pool-7-thread-2 pick event 3483, current size: 536
pool-7-thread-7 pick event 3484, current size: 535
pool-7-thread-11 pick event 3485, current size: 534
pool-7-thread-9 pick event 3486, current size: 533
pool-7-thread-18 pick event 3487, current size: 532
pool-7-thread-3 pick event 3488, current size: 531
pool-7-thread-4 pick event 3489, current size: 530
pool-7-thread-19 pick event 3490, current size: 529
pool-7-thread-10 pick event 3491, current size: 528
pool-7-thread-15 pick event 3492, current size: 527
pool-7-thread-5 pick event 3493, current size: 526
pool-7-thread-20 pick event 3494, current size: 525
pool-7-thread-1 pick event 3495, current size: 524
pool-7-thread-17 pick event 3496, current size: 523
pool-7-thread-8 pick event 3497, current size: 522
pool-7-thread-6 pick event 3498, current size: 521
pool-7-thread-13 pick event 3499, current size: 520
pool-7-thread-12 pick event 3500, current size: 519
pool-7-thread-14 pick event 3501, current size: 518
pool-7-thread-16 pick event 3502, current size: 517
pool-7-thread-7 pick event 3503, current size: 516
pool-7-thread-2 pick event 3504, current size: 515
pool-7-thread-11 pick event 3505, current size: 514
pool-7-thread-9 pick event 3506, current size: 513
pool-7-thread-3 pick event 3507, current size: 512
pool-7-thread-18 pick event 3508, current size: 511
pool-7-thread-4 pick event 3509, current size: 510
pool-7-thread-19 pick event 3510, current size: 509
pool-7-thread-10 pick event 3511, current size: 508
pool-7-thread-5 pick event 3513, current size: 507
pool-7-thread-20 pick event 3514, current size: 505
pool-7-thread-1 pick event 3515, current size: 504
pool-7-thread-17 pick event 3516, current size: 503
pool-7-thread-6 pick event 3517, current size: 502
pool-7-thread-19 pick event 3518, current size: 501
pool-7-thread-13 pick event 3519, current size: 500
pool-7-thread-12 pick event 3520, current size: 499
pool-7-thread-14 pick event 3521, current size: 498
pool-7-thread-16 pick event 3522, current size: 497
pool-7-thread-7 pick event 3523, current size: 496
pool-7-thread-14 pick event 3524, current size: 495
pool-7-thread-9 pick event 3526, current size: 494
pool-7-thread-15 pick event 3527, current size: 492
pool-7-thread-3 pick event 3528, current size: 491
pool-7-thread-4 pick event 3529, current size: 490
pool-7-thread-18 pick event 3530, current size: 489
pool-7-thread-9 pick event 3531, current size: 488
pool-7-thread-10 pick event 3532, current size: 487
pool-7-thread-5 pick event 3533, current size: 486
pool-7-thread-1 pick event 3534, current size: 485
pool-7-thread-20 pick event 3535, current size: 484
pool-7-thread-17 pick event 3536, current size: 483
pool-7-thread-6 pick event 3537, current size: 482
pool-7-thread-12 pick event 3538, current size: 481
pool-7-thread-13 pick event 3539, current size: 480
pool-7-thread-2 pick event 3540, current size: 479
pool-7-thread-19 pick event 3541, current size: 478
pool-7-thread-11 pick event 3542, current size: 477
pool-7-thread-16 pick event 3543, current size: 476
pool-7-thread-14 pick event 3544, current size: 475
pool-7-thread-7 pick event 3545, current size: 474
pool-7-thread-8 pick event 3546, current size: 473
pool-7-thread-15 pick event 3547, current size: 472
pool-7-thread-4 pick event 3548, current size: 471
pool-7-thread-3 pick event 3549, current size: 470
pool-7-thread-5 pick event 3550, current size: 469
pool-7-thread-9 pick event 3551, current size: 468
pool-7-thread-10 pick event 3552, current size: 467
pool-7-thread-18 pick event 3553, current size: 466
pool-7-thread-1 pick event 3554, current size: 465
pool-7-thread-17 pick event 3555, current size: 464
pool-7-thread-20 pick event 3556, current size: 463
pool-7-thread-6 pick event 3557, current size: 462
pool-7-thread-13 pick event 3558, current size: 461
pool-7-thread-12 pick event 3559, current size: 460
pool-7-thread-2 pick event 3560, current size: 459
pool-7-thread-19 pick event 3561, current size: 458
pool-7-thread-14 pick event 3562, current size: 457
pool-7-thread-16 pick event 3563, current size: 456
pool-7-thread-11 pick event 3564, current size: 455
pool-7-thread-7 pick event 3565, current size: 454
pool-7-thread-8 pick event 3566, current size: 453
pool-7-thread-5 pick event 3567, current size: 452
pool-7-thread-4 pick event 3568, current size: 451
pool-7-thread-15 pick event 3569, current size: 450
pool-7-thread-3 pick event 3570, current size: 449
pool-7-thread-10 pick event 3571, current size: 448
pool-7-thread-9 pick event 3572, current size: 447
pool-7-thread-18 pick event 3573, current size: 446
pool-7-thread-1 pick event 3574, current size: 445
pool-7-thread-17 pick event 3575, current size: 444
pool-7-thread-20 pick event 3576, current size: 443
pool-7-thread-6 pick event 3577, current size: 442
pool-7-thread-13 pick event 3578, current size: 441
pool-7-thread-12 pick event 3579, current size: 440
pool-7-thread-2 pick event 3580, current size: 439
pool-7-thread-19 pick event 3581, current size: 438
pool-7-thread-14 pick event 3582, current size: 437
pool-7-thread-7 pick event 3583, current size: 436
pool-7-thread-16 pick event 3584, current size: 435
pool-7-thread-8 pick event 3585, current size: 434
pool-7-thread-5 pick event 3586, current size: 433
pool-7-thread-11 pick event 3588, current size: 431
pool-7-thread-4 pick event 3589, current size: 430
pool-7-thread-3 pick event 3590, current size: 429
pool-7-thread-10 pick event 3591, current size: 428
pool-7-thread-9 pick event 3592, current size: 427
pool-7-thread-18 pick event 3593, current size: 426
pool-7-thread-1 pick event 3594, current size: 425
pool-7-thread-20 pick event 3595, current size: 424
pool-7-thread-17 pick event 3596, current size: 423
pool-7-thread-13 pick event 3597, current size: 422
pool-7-thread-6 pick event 3598, current size: 421
pool-7-thread-18 pick event 3599, current size: 420
pool-7-thread-12 pick event 3600, current size: 419
pool-7-thread-19 pick event 3601, current size: 418
pool-7-thread-7 pick event 3602, current size: 417
pool-7-thread-14 pick event 3603, current size: 416
pool-7-thread-16 pick event 3604, current size: 415
pool-7-thread-8 pick event 3605, current size: 414
pool-7-thread-15 pick event 3606, current size: 413
pool-7-thread-5 pick event 3607, current size: 412
pool-7-thread-10 pick event 3610, current size: 411
pool-7-thread-3 pick event 3611, current size: 409
pool-7-thread-4 pick event 3612, current size: 407
pool-7-thread-9 pick event 3613, current size: 406
pool-7-thread-10 pick event 3614, current size: 405
pool-7-thread-20 pick event 3615, current size: 404
pool-7-thread-17 pick event 3616, current size: 403
pool-7-thread-6 pick event 3617, current size: 402
pool-7-thread-13 pick event 3618, current size: 401
pool-7-thread-18 pick event 3619, current size: 400
pool-7-thread-12 pick event 3620, current size: 399
pool-7-thread-19 pick event 3621, current size: 398
pool-7-thread-14 pick event 3622, current size: 397
pool-7-thread-8 pick event 3623, current size: 396
pool-7-thread-13 pick event 3624, current size: 395
pool-7-thread-11 pick event 3625, current size: 394
pool-7-thread-16 pick event 3626, current size: 393
pool-7-thread-15 pick event 3627, current size: 392
pool-7-thread-13 pick event 3628, current size: 391
pool-7-thread-2 pick event 3629, current size: 390
pool-7-thread-5 pick event 3630, current size: 389
pool-7-thread-3 pick event 3631, current size: 388
pool-7-thread-4 pick event 3632, current size: 387
pool-7-thread-9 pick event 3633, current size: 386
pool-7-thread-17 pick event 3634, current size: 385
pool-7-thread-10 pick event 3635, current size: 384
pool-7-thread-20 pick event 3636, current size: 383
pool-7-thread-7 pick event 3637, current size: 382
pool-7-thread-6 pick event 3638, current size: 381
pool-7-thread-18 pick event 3639, current size: 380
pool-7-thread-19 pick event 3640, current size: 379
pool-7-thread-12 pick event 3641, current size: 378
pool-7-thread-14 pick event 3642, current size: 377
pool-7-thread-8 pick event 3643, current size: 376
pool-7-thread-1 pick event 3644, current size: 375
pool-7-thread-11 pick event 3645, current size: 374
pool-7-thread-16 pick event 3646, current size: 373
pool-7-thread-15 pick event 3647, current size: 372
pool-7-thread-13 pick event 3648, current size: 371
pool-7-thread-2 pick event 3649, current size: 370
pool-7-thread-5 pick event 3650, current size: 369
pool-7-thread-17 pick event 3651, current size: 368
pool-7-thread-9 pick event 3652, current size: 367
pool-7-thread-4 pick event 3653, current size: 366
pool-7-thread-3 pick event 3654, current size: 365
pool-7-thread-10 pick event 3655, current size: 364
pool-7-thread-7 pick event 3656, current size: 363
pool-7-thread-6 pick event 3658, current size: 361
pool-7-thread-18 pick event 3659, current size: 360
pool-7-thread-12 pick event 3660, current size: 359
pool-7-thread-19 pick event 3661, current size: 358
pool-7-thread-14 pick event 3662, current size: 357
pool-7-thread-1 pick event 3663, current size: 356
pool-7-thread-6 pick event 3665, current size: 355
pool-7-thread-16 pick event 3666, current size: 354
pool-7-thread-15 pick event 3667, current size: 352
pool-7-thread-13 pick event 3668, current size: 351
pool-7-thread-2 pick event 3669, current size: 350
pool-7-thread-17 pick event 3670, current size: 349
pool-7-thread-5 pick event 3671, current size: 348
pool-7-thread-16 pick event 3672, current size: 347
pool-7-thread-20 pick event 3673, current size: 346
pool-7-thread-7 pick event 3674, current size: 345
pool-7-thread-10 pick event 3675, current size: 344
pool-7-thread-4 pick event 3676, current size: 343
pool-7-thread-3 pick event 3677, current size: 342
pool-7-thread-18 pick event 3678, current size: 341
pool-7-thread-11 pick event 3679, current size: 340
pool-7-thread-12 pick event 3680, current size: 339
pool-7-thread-8 pick event 3681, current size: 338
pool-7-thread-19 pick event 3682, current size: 337
pool-7-thread-14 pick event 3683, current size: 336
pool-7-thread-1 pick event 3684, current size: 335
pool-7-thread-6 pick event 3685, current size: 334
pool-7-thread-9 pick event 3686, current size: 333
pool-7-thread-13 pick event 3687, current size: 332
pool-7-thread-15 pick event 3688, current size: 331
pool-7-thread-6 pick event 3689, current size: 330
pool-7-thread-5 pick event 3690, current size: 329
pool-7-thread-17 pick event 3691, current size: 328
pool-7-thread-16 pick event 3692, current size: 327
pool-7-thread-7 pick event 3693, current size: 326
pool-7-thread-20 pick event 3694, current size: 325
pool-7-thread-10 pick event 3695, current size: 324
pool-7-thread-4 pick event 3696, current size: 323
pool-7-thread-3 pick event 3697, current size: 322
pool-7-thread-18 pick event 3698, current size: 321
pool-7-thread-8 pick event 3700, current size: 320
pool-7-thread-11 pick event 3701, current size: 319
pool-7-thread-14 pick event 3702, current size: 318
pool-7-thread-19 pick event 3703, current size: 316
pool-7-thread-1 pick event 3704, current size: 315
pool-7-thread-2 pick event 3705, current size: 314
pool-7-thread-9 pick event 3706, current size: 313
pool-7-thread-13 pick event 3707, current size: 312
pool-7-thread-6 pick event 3708, current size: 311
pool-7-thread-15 pick event 3709, current size: 310
pool-7-thread-5 pick event 3710, current size: 309
pool-7-thread-16 pick event 3711, current size: 308
pool-7-thread-17 pick event 3712, current size: 307
pool-7-thread-15 pick event 3713, current size: 306
pool-7-thread-20 pick event 3714, current size: 305
pool-7-thread-10 pick event 3715, current size: 304
pool-7-thread-12 pick event 3716, current size: 303
pool-7-thread-4 pick event 3717, current size: 302
pool-7-thread-3 pick event 3718, current size: 301
pool-7-thread-18 pick event 3719, current size: 300
pool-7-thread-11 pick event 3720, current size: 299
pool-7-thread-14 pick event 3721, current size: 298
pool-7-thread-8 pick event 3722, current size: 297
pool-7-thread-2 pick event 3723, current size: 296
pool-7-thread-19 pick event 3724, current size: 295
pool-7-thread-1 pick event 3725, current size: 294
pool-7-thread-9 pick event 3726, current size: 293
pool-7-thread-6 pick event 3727, current size: 292
pool-7-thread-13 pick event 3728, current size: 291
pool-7-thread-7 pick event 3729, current size: 290
pool-7-thread-16 pick event 3730, current size: 289
pool-7-thread-20 pick event 3731, current size: 288
pool-7-thread-5 pick event 3732, current size: 287
pool-7-thread-17 pick event 3733, current size: 286
pool-7-thread-7 pick event 3734, current size: 285
pool-7-thread-10 pick event 3735, current size: 284
pool-7-thread-12 pick event 3736, current size: 283
pool-7-thread-4 pick event 3737, current size: 282
pool-7-thread-3 pick event 3738, current size: 281
pool-7-thread-11 pick event 3739, current size: 280
pool-7-thread-18 pick event 3740, current size: 279
pool-7-thread-8 pick event 3741, current size: 278
pool-7-thread-4 pick event 3742, current size: 277
pool-7-thread-2 pick event 3743, current size: 276
pool-7-thread-19 pick event 3744, current size: 275
pool-7-thread-1 pick event 3745, current size: 274
pool-7-thread-9 pick event 3746, current size: 273
pool-7-thread-6 pick event 3747, current size: 272
pool-7-thread-15 pick event 3748, current size: 271
pool-7-thread-13 pick event 3749, current size: 270
pool-7-thread-16 pick event 3751, current size: 269
pool-7-thread-5 pick event 3752, current size: 267
pool-7-thread-17 pick event 3753, current size: 266
pool-7-thread-7 pick event 3754, current size: 265
pool-7-thread-10 pick event 3755, current size: 264
pool-7-thread-12 pick event 3756, current size: 263
pool-7-thread-14 pick event 3757, current size: 262
pool-7-thread-3 pick event 3758, current size: 261
pool-7-thread-11 pick event 3759, current size: 260
pool-7-thread-8 pick event 3760, current size: 259
pool-7-thread-18 pick event 3761, current size: 258
pool-7-thread-2 pick event 3762, current size: 257
pool-7-thread-4 pick event 3763, current size: 256
pool-7-thread-19 pick event 3764, current size: 255
pool-7-thread-1 pick event 3765, current size: 254
pool-7-thread-9 pick event 3766, current size: 253
pool-7-thread-6 pick event 3767, current size: 252
pool-7-thread-20 pick event 3768, current size: 251
pool-7-thread-13 pick event 3769, current size: 250
pool-7-thread-15 pick event 3770, current size: 249
pool-7-thread-5 pick event 3771, current size: 248
pool-7-thread-1 pick event 3772, current size: 247
pool-7-thread-7 pick event 3773, current size: 246
pool-7-thread-12 pick event 3774, current size: 245
pool-7-thread-10 pick event 3775, current size: 244
pool-7-thread-17 pick event 3776, current size: 243
pool-7-thread-8 pick event 3777, current size: 242
pool-7-thread-14 pick event 3778, current size: 241
pool-7-thread-3 pick event 3779, current size: 240
pool-7-thread-11 pick event 3780, current size: 239
pool-7-thread-17 pick event 3781, current size: 238
pool-7-thread-2 pick event 3782, current size: 237
pool-7-thread-19 pick event 3783, current size: 236
pool-7-thread-4 pick event 3784, current size: 235
pool-7-thread-9 pick event 3785, current size: 234
pool-7-thread-16 pick event 3786, current size: 233
pool-7-thread-6 pick event 3787, current size: 232
pool-7-thread-13 pick event 3788, current size: 231
pool-7-thread-20 pick event 3789, current size: 230
pool-7-thread-5 pick event 3790, current size: 229
pool-7-thread-15 pick event 3791, current size: 228
pool-7-thread-7 pick event 3792, current size: 227
pool-7-thread-1 pick event 3793, current size: 226
pool-7-thread-12 pick event 3794, current size: 225
pool-7-thread-10 pick event 3795, current size: 224
pool-7-thread-14 pick event 3797, current size: 222
pool-7-thread-8 pick event 3798, current size: 221
pool-7-thread-3 pick event 3799, current size: 220
pool-7-thread-17 pick event 3800, current size: 219
pool-7-thread-11 pick event 3801, current size: 218
pool-7-thread-2 pick event 3802, current size: 217
pool-7-thread-19 pick event 3803, current size: 216
pool-7-thread-4 pick event 3804, current size: 215
pool-7-thread-13 pick event 3805, current size: 214
pool-7-thread-9 pick event 3806, current size: 213
pool-7-thread-6 pick event 3807, current size: 212
pool-7-thread-16 pick event 3808, current size: 211
pool-7-thread-20 pick event 3809, current size: 210
pool-7-thread-5 pick event 3810, current size: 209
pool-7-thread-15 pick event 3811, current size: 208
pool-7-thread-7 pick event 3812, current size: 207
pool-7-thread-18 pick event 3813, current size: 206
pool-7-thread-12 pick event 3814, current size: 205
pool-7-thread-1 pick event 3815, current size: 204
pool-7-thread-10 pick event 3816, current size: 203
pool-7-thread-14 pick event 3817, current size: 202
pool-7-thread-17 pick event 3818, current size: 201
pool-7-thread-8 pick event 3819, current size: 200
pool-7-thread-11 pick event 3820, current size: 199
pool-7-thread-3 pick event 3821, current size: 198
pool-7-thread-2 pick event 3822, current size: 197
pool-7-thread-19 pick event 3823, current size: 196
pool-7-thread-4 pick event 3824, current size: 195
pool-7-thread-9 pick event 3825, current size: 194
pool-7-thread-6 pick event 3826, current size: 193
pool-7-thread-16 pick event 3827, current size: 192
pool-7-thread-13 pick event 3828, current size: 191
pool-7-thread-5 pick event 3829, current size: 190
pool-7-thread-20 pick event 3830, current size: 189
pool-7-thread-12 pick event 3831, current size: 188
pool-7-thread-7 pick event 3832, current size: 187
pool-7-thread-15 pick event 3833, current size: 186
pool-7-thread-18 pick event 3834, current size: 185
pool-7-thread-10 pick event 3835, current size: 184
pool-7-thread-1 pick event 3836, current size: 183
pool-7-thread-14 pick event 3837, current size: 182
pool-7-thread-17 pick event 3838, current size: 181
pool-7-thread-8 pick event 3839, current size: 180
pool-7-thread-11 pick event 3840, current size: 179
pool-7-thread-3 pick event 3841, current size: 178
pool-7-thread-2 pick event 3842, current size: 177
pool-7-thread-4 pick event 3843, current size: 176
pool-7-thread-19 pick event 3844, current size: 175
pool-7-thread-9 pick event 3845, current size: 174
pool-7-thread-16 pick event 3846, current size: 173
pool-7-thread-13 pick event 3847, current size: 172
pool-7-thread-6 pick event 3848, current size: 171
pool-7-thread-5 pick event 3849, current size: 170
pool-7-thread-12 pick event 3850, current size: 169
pool-7-thread-6 pick event 3851, current size: 168
pool-7-thread-7 pick event 3852, current size: 167
pool-7-thread-15 pick event 3853, current size: 166
pool-7-thread-10 pick event 3854, current size: 165
pool-7-thread-18 pick event 3855, current size: 164
pool-7-thread-1 pick event 3856, current size: 163
pool-7-thread-14 pick event 3857, current size: 162
pool-7-thread-17 pick event 3858, current size: 161
pool-7-thread-8 pick event 3859, current size: 160
pool-7-thread-11 pick event 3860, current size: 159
pool-7-thread-3 pick event 3861, current size: 158
pool-7-thread-2 pick event 3862, current size: 157
pool-7-thread-4 pick event 3863, current size: 156
pool-7-thread-9 pick event 3865, current size: 154
pool-7-thread-16 pick event 3866, current size: 153
pool-7-thread-20 pick event 3867, current size: 152
pool-7-thread-13 pick event 3868, current size: 151
pool-7-thread-12 pick event 3869, current size: 150
pool-7-thread-5 pick event 3870, current size: 149
pool-7-thread-7 pick event 3872, current size: 147
pool-7-thread-15 pick event 3873, current size: 146
pool-7-thread-10 pick event 3874, current size: 145
pool-7-thread-18 pick event 3875, current size: 144
pool-7-thread-1 pick event 3876, current size: 143
pool-7-thread-14 pick event 3877, current size: 142
pool-7-thread-17 pick event 3878, current size: 141
pool-7-thread-8 pick event 3879, current size: 140
pool-7-thread-19 pick event 3880, current size: 139
pool-7-thread-11 pick event 3881, current size: 138
pool-7-thread-20 pick event 3882, current size: 137
pool-7-thread-3 pick event 3883, current size: 136
pool-7-thread-2 pick event 3884, current size: 135
pool-7-thread-4 pick event 3885, current size: 134
pool-7-thread-16 pick event 3886, current size: 133
pool-7-thread-6 pick event 3887, current size: 132
pool-7-thread-9 pick event 3888, current size: 131
pool-7-thread-12 pick event 3889, current size: 130
pool-7-thread-5 pick event 3890, current size: 129
pool-7-thread-13 pick event 3891, current size: 128
pool-7-thread-15 pick event 3893, current size: 126
pool-7-thread-14 pick event 3894, current size: 125
pool-7-thread-1 pick event 3895, current size: 124
pool-7-thread-10 pick event 3896, current size: 123
pool-7-thread-8 pick event 3897, current size: 122
pool-7-thread-6 pick event 3898, current size: 121
pool-7-thread-17 pick event 3899, current size: 120
pool-7-thread-19 pick event 3900, current size: 119
pool-7-thread-11 pick event 3901, current size: 118
pool-7-thread-20 pick event 3902, current size: 117
pool-7-thread-3 pick event 3903, current size: 116
pool-7-thread-2 pick event 3904, current size: 115
pool-7-thread-4 pick event 3905, current size: 114
pool-7-thread-16 pick event 3906, current size: 113
pool-7-thread-7 pick event 3907, current size: 112
pool-7-thread-9 pick event 3908, current size: 111
pool-7-thread-5 pick event 3909, current size: 110
pool-7-thread-12 pick event 3911, current size: 109
pool-7-thread-15 pick event 3912, current size: 108
pool-7-thread-13 pick event 3913, current size: 107
pool-7-thread-1 pick event 3914, current size: 105
pool-7-thread-14 pick event 3915, current size: 104
pool-7-thread-8 pick event 3916, current size: 103
pool-7-thread-6 pick event 3917, current size: 102
pool-7-thread-10 pick event 3918, current size: 101
pool-7-thread-19 pick event 3920, current size: 100
pool-7-thread-11 pick event 3921, current size: 99
pool-7-thread-20 pick event 3922, current size: 98
pool-7-thread-2 pick event 3923, current size: 96
pool-7-thread-3 pick event 3924, current size: 95
pool-7-thread-7 pick event 3925, current size: 94
pool-7-thread-4 pick event 3926, current size: 93
pool-7-thread-16 pick event 3927, current size: 92
pool-7-thread-18 pick event 3928, current size: 91
pool-7-thread-9 pick event 3929, current size: 90
pool-7-thread-5 pick event 3930, current size: 89
pool-7-thread-12 pick event 3931, current size: 88
pool-7-thread-13 pick event 3932, current size: 87
pool-7-thread-5 pick event 3933, current size: 86
pool-7-thread-17 pick event 3934, current size: 85
pool-7-thread-14 pick event 3935, current size: 84
pool-7-thread-10 pick event 3936, current size: 83
pool-7-thread-19 pick event 3937, current size: 82
pool-7-thread-8 pick event 3938, current size: 81
pool-7-thread-6 pick event 3939, current size: 80
pool-7-thread-11 pick event 3940, current size: 79
pool-7-thread-20 pick event 3942, current size: 77
pool-7-thread-2 pick event 3943, current size: 76
pool-7-thread-4 pick event 3944, current size: 75
pool-7-thread-3 pick event 3945, current size: 74
pool-7-thread-7 pick event 3946, current size: 73
pool-7-thread-16 pick event 3947, current size: 72
pool-7-thread-12 pick event 3948, current size: 71
pool-7-thread-15 pick event 3949, current size: 70
pool-7-thread-18 pick event 3950, current size: 69
pool-7-thread-9 pick event 3951, current size: 68
pool-7-thread-13 pick event 3952, current size: 67
pool-7-thread-5 pick event 3953, current size: 66
pool-7-thread-17 pick event 3954, current size: 65
pool-7-thread-14 pick event 3955, current size: 64
pool-7-thread-19 pick event 3956, current size: 63
pool-7-thread-10 pick event 3957, current size: 62
pool-7-thread-1 pick event 3958, current size: 61
pool-7-thread-6 pick event 3959, current size: 60
pool-7-thread-8 pick event 3960, current size: 59
pool-7-thread-11 pick event 3961, current size: 58
pool-7-thread-20 pick event 3962, current size: 57
pool-7-thread-2 pick event 3963, current size: 56
pool-7-thread-3 pick event 3964, current size: 55
pool-7-thread-20 pick event 3965, current size: 54
pool-7-thread-16 pick event 3966, current size: 53
pool-7-thread-4 pick event 3967, current size: 52
pool-7-thread-12 pick event 3968, current size: 51
pool-7-thread-15 pick event 3969, current size: 50
pool-7-thread-18 pick event 3970, current size: 49
pool-7-thread-9 pick event 3971, current size: 48
pool-7-thread-13 pick event 3972, current size: 47
pool-7-thread-17 pick event 3973, current size: 46
pool-7-thread-19 pick event 3974, current size: 45
pool-7-thread-9 pick event 3975, current size: 44
pool-7-thread-14 pick event 3976, current size: 43
pool-7-thread-10 pick event 3977, current size: 42
pool-7-thread-11 pick event 3978, current size: 41
pool-7-thread-6 pick event 3979, current size: 40
pool-7-thread-9 pick event 3980, current size: 39
pool-7-thread-1 pick event 3981, current size: 38
pool-7-thread-6 pick event 3982, current size: 37
pool-7-thread-3 pick event 3983, current size: 36
pool-7-thread-2 pick event 3984, current size: 35
pool-7-thread-20 pick event 3985, current size: 34
pool-7-thread-4 pick event 3986, current size: 33
pool-7-thread-16 pick event 3987, current size: 32
pool-7-thread-12 pick event 3988, current size: 31
pool-7-thread-15 pick event 3989, current size: 30
pool-7-thread-18 pick event 3990, current size: 29
pool-7-thread-5 pick event 3991, current size: 28
pool-7-thread-13 pick event 3992, current size: 27
pool-7-thread-17 pick event 3993, current size: 26
pool-7-thread-19 pick event 3994, current size: 25
pool-7-thread-8 pick event 3995, current size: 24
pool-7-thread-10 pick event 3996, current size: 23
pool-7-thread-14 pick event 3997, current size: 22
pool-7-thread-17 pick event 3998, current size: 21
pool-7-thread-9 pick event 3999, current size: 20
pool-7-thread-7 pick event 4000, current size: 19
pool-7-thread-1 pick event 4001, current size: 18
pool-7-thread-6 pick event 4002, current size: 17
pool-7-thread-3 pick event 4003, current size: 16
pool-7-thread-20 pick event 4004, current size: 15
pool-7-thread-4 pick event 4005, current size: 14
pool-7-thread-2 pick event 4006, current size: 13
pool-7-thread-16 pick event 4007, current size: 12
pool-7-thread-12 pick event 4008, current size: 11
pool-7-thread-18 pick event 4009, current size: 10
pool-7-thread-15 pick event 4010, current size: 9
pool-7-thread-13 pick event 4011, current size: 8
pool-7-thread-5 pick event 4012, current size: 7
pool-7-thread-11 pick event 4013, current size: 6
pool-7-thread-19 pick event 4014, current size: 5
pool-7-thread-8 pick event 4015, current size: 4
pool-7-thread-10 pick event 4016, current size: 3
pool-7-thread-14 pick event 4017, current size: 2
pool-7-thread-17 pick event 4018, current size: 1
pool-7-thread-9 pick event 4019, current size: 0
testOverload end.
2 times run start
testOverload begin.
pool-16-thread-1 Reduce to4019
pool-16-thread-1 pick event 0, current size: 4019
pool-16-thread-2 Reduce to4018
pool-16-thread-2 pick event 1, current size: 4018
pool-16-thread-3 Reduce to4017
pool-16-thread-3 pick event 2, current size: 4017
NBI event queue is OVERLOADED, will discard low-priority event!
pool-16-thread-8 Reduce to4016
pool-16-thread-8 pick event 3, current size: 4016
NBI event queue is OVERLOADED, will discard low-priority event!
NBI event queue is OVERLOADED, will discard low-priority event!
NBI event queue is OVERLOADED, will discard low-priority event!
pool-16-thread-9 Reduce to4015
pool-16-thread-9 pick event 4, current size: 4015
pool-16-thread-10 Reduce to4014
pool-16-thread-10 pick event 5, current size: 4014
NBI event queue is OVERLOADED, will discard low-priority event!
pool-16-thread-11 Reduce to4013
pool-16-thread-11 pick event 6, current size: 4013
NBI event queue is OVERLOADED, will discard low-priority event!
pool-16-thread-12 Reduce to4012
pool-16-thread-12 pick event 7, current size: 4012
pool-16-thread-13 Reduce to4011
pool-16-thread-13 pick event 8, current size: 4011
NBI event queue is OVERLOADED, will discard low-priority event!
pool-16-thread-14 Reduce to4010
pool-16-thread-14 pick event 9, current size: 4010
NBI event queue is OVERLOADED, will discard low-priority event!
pool-16-thread-19 Reduce to4009
pool-16-thread-19 pick event 10, current size: 4009
pool-16-thread-1 Discard NBI event &apos;BmscEventRetryTO [id=0, retryTimes=0, retryStartTime=null, retryUpdateTime=null, extension=null, getVersion()=1.0, getNotificationType()=DELIVERY_REMOVE_OK, getEMBMSSessionId()=38, getDeliverySessionId()=null, getDeliveryInstanceId()=null, getDescription()=null, getContentURI()=null, getMd5Value()=0, getContentGroupId()=null, getRemovedDeliveryContents()=&apos;, current queue size: 4011
NBI event queue is OVERLOADED, will discard low-priority event!
pool-16-thread-8 Discard NBI event &apos;BmscEventRetryTO [id=3, retryTimes=0, retryStartTime=null, retryUpdateTime=null, extension=null, getVersion()=1.0, getNotificationType()=DELIVERY_REMOVE_OK, getEMBMSSessionId()=29, getDeliverySessionId()=null, getDeliveryInstanceId()=null, getDescription()=null, getContentURI()=null, getMd5Value()=3, getContentGroupId()=null, getRemovedDeliveryContents()=&apos;, current queue size: 4011
pool-16-thread-3 Discard NBI event &apos;BmscEventRetryTO [id=2, retryTimes=0, retryStartTime=null, retryUpdateTime=null, extension=null, getVersion()=1.0, getNotificationType()=DELIVERY_REMOVE_OK, getEMBMSSessionId()=82, getDeliverySessionId()=null, getDeliveryInstanceId()=null, getDescription()=null, getContentURI()=null, getMd5Value()=2, getContentGroupId()=null, getRemovedDeliveryContents()=&apos;, current queue size: 4011
NBI event queue is OVERLOADED, will discard low-priority event!
pool-16-thread-15 Reduce to4008
pool-16-thread-15 pick event 11, current size: 4008
NBI event queue is OVERLOADED, will discard low-priority event!
NBI event queue is OVERLOADED, will discard low-priority event!
pool-16-thread-17 Reduce to4007
pool-16-thread-17 pick event 12, current size: 4007
pool-16-thread-16 Reduce to4006
pool-16-thread-16 pick event 13, current size: 4006
NBI event queue is OVERLOADED, will discard low-priority event!
pool-16-thread-7 Reduce to4005
pool-16-thread-7 pick event 14, current size: 4005
pool-16-thread-2 Discard NBI event &apos;BmscEventRetryTO [id=1, retryTimes=0, retryStartTime=null, retryUpdateTime=null, extension=null, getVersion()=1.0, getNotificationType()=DELIVERY_REMOVE_OK, getEMBMSSessionId()=40, getDeliverySessionId()=null, getDeliveryInstanceId()=null, getDescription()=null, getContentURI()=null, getMd5Value()=1, getContentGroupId()=null, getRemovedDeliveryContents()=&apos;, current queue size: 4009
pool-16-thread-10 Discard NBI event &apos;BmscEventRetryTO [id=5, retryTimes=0, retryStartTime=null, retryUpdateTime=null, extension=null, getVersion()=1.0, getNotificationType()=DELIVERY_REMOVE_OK, getEMBMSSessionId()=92, getDeliverySessionId()=null, getDeliveryInstanceId()=null, getDescription()=null, getContentURI()=null, getMd5Value()=5, getContentGroupId()=null, getRemovedDeliveryContents()=&apos;, current queue size: 4006
pool-16-thread-11 Discard NBI event &apos;BmscEventRetryTO [id=6, retryTimes=0, retryStartTime=null, retryUpdateTime=null, extension=null, getVersion()=1.0, getNotificationType()=DELIVERY_REMOVE_OK, getEMBMSSessionId()=47, getDeliverySessionId()=null, getDeliveryInstanceId()=null, getDescription()=null, getContentURI()=null, getMd5Value()=6, getContentGroupId()=null, getRemovedDeliveryContents()=&apos;, current queue size: 4006
NBI event queue is OVERLOADED, will discard low-priority event!
NBI event queue is OVERLOADED, will discard low-priority event!
pool-16-thread-4 Reduce to4004
pool-16-thread-4 pick event 16, current size: 4004
pool-16-thread-9 Discard NBI event &apos;BmscEventRetryTO [id=4, retryTimes=0, retryStartTime=null, retryUpdateTime=null, extension=null, getVersion()=1.0, getNotificationType()=DELIVERY_REMOVE_OK, getEMBMSSessionId()=0, getDeliverySessionId()=null, getDeliveryInstanceId()=null, getDescription()=null, getContentURI()=null, getMd5Value()=4, getContentGroupId()=null, getRemovedDeliveryContents()=&apos;, current queue size: 4005
pool-16-thread-12 Discard NBI event &apos;BmscEventRetryTO [id=7, retryTimes=0, retryStartTime=null, retryUpdateTime=null, extension=null, getVersion()=1.0, getNotificationType()=DELIVERY_REMOVE_OK, getEMBMSSessionId()=4, getDeliverySessionId()=null, getDeliveryInstanceId()=null, getDescription()=null, getContentURI()=null, getMd5Value()=7, getContentGroupId()=null, getRemovedDeliveryContents()=&apos;, current queue size: 4005
pool-16-thread-5 Reduce to4003
pool-16-thread-5 pick event 17, current size: 4003
NBI event queue is OVERLOADED, will discard low-priority event!
NBI event queue is OVERLOADED, will discard low-priority event!
pool-16-thread-20 Reduce to4002
pool-16-thread-20 pick event 19, current size: 4002
pool-16-thread-3 reduces to 4002
pool-16-thread-1 reduces to 4002
pool-16-thread-8 reduces to 4002
pool-16-thread-11 reduces to 4002
pool-16-thread-13 Discard NBI event &apos;BmscEventRetryTO [id=8, retryTimes=0, retryStartTime=null, retryUpdateTime=null, extension=null, getVersion()=1.0, getNotificationType()=DELIVERY_REMOVE_OK, getEMBMSSessionId()=74, getDeliverySessionId()=null, getDeliveryInstanceId()=null, getDescription()=null, getContentURI()=null, getMd5Value()=8, getContentGroupId()=null, getRemovedDeliveryContents()=&apos;, current queue size: 4004
pool-16-thread-9 reduces to 4002
pool-16-thread-2 reduces to 4001
pool-16-thread-19 Discard NBI event &apos;BmscEventRetryTO [id=10, retryTimes=0, retryStartTime=null, retryUpdateTime=null, extension=null, getVersion()=1.0, getNotificationType()=DELIVERY_REMOVE_OK, getEMBMSSessionId()=85, getDeliverySessionId()=null, getDeliveryInstanceId()=null, getDescription()=null, getContentURI()=null, getMd5Value()=10, getContentGroupId()=null, getRemovedDeliveryContents()=&apos;, current queue size: 4004
pool-16-thread-15 Discard NBI event &apos;BmscEventRetryTO [id=11, retryTimes=0, retryStartTime=null, retryUpdateTime=null, extension=null, getVersion()=1.0, getNotificationType()=DELIVERY_REMOVE_OK, getEMBMSSessionId()=45, getDeliverySessionId()=null, getDeliveryInstanceId()=null, getDescription()=null, getContentURI()=null, getMd5Value()=11, getContentGroupId()=null, getRemovedDeliveryContents()=&apos;, current queue size: 4004
pool-16-thread-10 reduces to 4001
NBI event queue is OVERLOADED, will discard low-priority event!
pool-16-thread-18 Reduce to4000
pool-16-thread-18 pick event 20, current size: 4000
pool-16-thread-12 reduces to 4000
pool-16-thread-13 reduces to 4000
pool-16-thread-14 Discard NBI event &apos;BmscEventRetryTO [id=9, retryTimes=0, retryStartTime=null, retryUpdateTime=null, extension=null, getVersion()=1.0, getNotificationType()=DELIVERY_REMOVE_OK, getEMBMSSessionId()=6, getDeliverySessionId()=null, getDeliveryInstanceId()=null, getDescription()=null, getContentURI()=null, getMd5Value()=9, getContentGroupId()=null, getRemovedDeliveryContents()=&apos;, current queue size: 4001
pool-16-thread-9 Reduce to3999
pool-16-thread-9 pick event 21, current size: 3999
pool-16-thread-3 Reduce to3998
pool-16-thread-3 pick event 22, current size: 3998
NBI event queue is OVERLOADED, will discard low-priority event!
pool-16-thread-6 Reduce to3997
pool-16-thread-6 pick event 23, current size: 3997
pool-16-thread-10 Reduce to3996
pool-16-thread-10 pick event 24, current size: 3996
pool-16-thread-16 Discard NBI event &apos;BmscEventRetryTO [id=13, retryTimes=0, retryStartTime=null, retryUpdateTime=null, extension=null, getVersion()=1.0, getNotificationType()=DELIVERY_REMOVE_OK, getEMBMSSessionId()=20, getDeliverySessionId()=null, getDeliveryInstanceId()=null, getDescription()=null, getContentURI()=null, getMd5Value()=13, getContentGroupId()=null, getRemovedDeliveryContents()=&apos;, current queue size: 4000
pool-16-thread-7 Discard NBI event &apos;BmscEventRetryTO [id=14, retryTimes=0, retryStartTime=null, retryUpdateTime=null, extension=null, getVersion()=1.0, getNotificationType()=DELIVERY_REMOVE_OK, getEMBMSSessionId()=3, getDeliverySessionId()=null, getDeliveryInstanceId()=null, getDescription()=null, getContentURI()=null, getMd5Value()=14, getContentGroupId()=null, getRemovedDeliveryContents()=&apos;, current queue size: 4000
pool-16-thread-17 Discard NBI event &apos;BmscEventRetryTO [id=12, retryTimes=0, retryStartTime=null, retryUpdateTime=null, extension=null, getVersion()=1.0, getNotificationType()=DELIVERY_REMOVE_OK, getEMBMSSessionId()=48, getDeliverySessionId()=null, getDeliveryInstanceId()=null, getDescription()=null, getContentURI()=null, getMd5Value()=12, getContentGroupId()=null, getRemovedDeliveryContents()=&apos;, current queue size: 4000
pool-16-thread-5 Discard NBI event &apos;BmscEventRetryTO [id=17, retryTimes=0, retryStartTime=null, retryUpdateTime=null, extension=null, getVersion()=1.0, getNotificationType()=DELIVERY_REMOVE_OK, getEMBMSSessionId()=25, getDeliverySessionId()=null, getDeliveryInstanceId()=null, getDescription()=null, getContentURI()=null, getMd5Value()=17, getContentGroupId()=null, getRemovedDeliveryContents()=&apos;, current queue size: 3998
pool-16-thread-15 reduces to 3996
pool-16-thread-11 Reduce to3995
pool-16-thread-11 pick event 26, current size: 3995
pool-16-thread-4 Discard NBI event &apos;BmscEventRetryTO [id=16, retryTimes=0, retryStartTime=null, retryUpdateTime=null, extension=null, getVersion()=1.0, getNotificationType()=DELIVERY_REMOVE_OK, getEMBMSSessionId()=34, getDeliverySessionId()=null, getDeliveryInstanceId()=null, getDescription()=null, getContentURI()=null, getMd5Value()=16, getContentGroupId()=null, getRemovedDeliveryContents()=&apos;, current queue size: 3996
pool-16-thread-18 Discard NBI event &apos;BmscEventRetryTO [id=20, retryTimes=0, retryStartTime=null, retryUpdateTime=null, extension=null, getVersion()=1.0, getNotificationType()=DELIVERY_REMOVE_OK, getEMBMSSessionId()=61, getDeliverySessionId()=null, getDeliveryInstanceId()=null, getDescription()=null, getContentURI()=null, getMd5Value()=20, getContentGroupId()=null, getRemovedDeliveryContents()=&apos;, current queue size: 3995
pool-16-thread-20 Discard NBI event &apos;BmscEventRetryTO [id=19, retryTimes=0, retryStartTime=null, retryUpdateTime=null, extension=null, getVersion()=1.0, getNotificationType()=DELIVERY_REMOVE_OK, getEMBMSSessionId()=86, getDeliverySessionId()=null, getDeliveryInstanceId()=null, getDescription()=null, getContentURI()=null, getMd5Value()=19, getContentGroupId()=null, getRemovedDeliveryContents()=&apos;, current queue size: 3995
pool-16-thread-2 reduces to 3995
pool-16-thread-19 reduces to 3995
pool-16-thread-1 Reduce to3994
pool-16-thread-1 pick event 27, current size: 3994
pool-16-thread-12 Reduce to3993
pool-16-thread-12 pick event 28, current size: 3993
pool-16-thread-16 reduces to 3992
pool-16-thread-14 reduces to 3991
pool-16-thread-7 reduces to 3991
pool-16-thread-8 Reduce to3990
pool-16-thread-8 pick event 29, current size: 3990
pool-16-thread-13 Reduce to3989
pool-16-thread-13 pick event 30, current size: 3989
pool-16-thread-17 reduces to 3989
pool-16-thread-15 Reduce to3988
pool-16-thread-15 pick event 31, current size: 3988
pool-16-thread-5 reduces to 3988
pool-16-thread-10 reduces to 3988
pool-16-thread-4 reduces to 3988
pool-16-thread-6 reduces to 3988
pool-16-thread-9 reduces to 3988
pool-16-thread-20 reduces to 3988
pool-16-thread-18 reduces to 3988
pool-16-thread-11 reduces to 3988
pool-16-thread-3 reduces to 3988
pool-16-thread-19 Reduce to3987
pool-16-thread-19 pick event 32, current size: 3987
pool-16-thread-16 reduces to 3986
pool-16-thread-7 Reduce to3985
pool-16-thread-7 pick event 34, current size: 3985
pool-16-thread-14 reduces to 3985
pool-16-thread-5 Reduce to3984
pool-16-thread-5 pick event 35, current size: 3984
pool-16-thread-4 Reduce to3983
pool-16-thread-4 pick event 36, current size: 3983
pool-16-thread-11 Reduce to3982
pool-16-thread-11 pick event 38, current size: 3982
pool-16-thread-12 reduces to 3982
pool-16-thread-6 Reduce to3981
pool-16-thread-6 pick event 39, current size: 3981
pool-16-thread-18 Reduce to3980
pool-16-thread-18 pick event 40, current size: 3980
pool-16-thread-20 Reduce to3979
pool-16-thread-20 pick event 41, current size: 3979
pool-16-thread-17 Reduce to3978
pool-16-thread-17 pick event 42, current size: 3978
pool-16-thread-1 reduces to 3978
pool-16-thread-10 Reduce to3977
pool-16-thread-10 pick event 43, current size: 3977
pool-16-thread-3 Reduce to3976
pool-16-thread-3 pick event 44, current size: 3976
pool-16-thread-8 reduces to 3976
pool-16-thread-2 Reduce to3975
pool-16-thread-2 pick event 45, current size: 3975
pool-16-thread-19 reduces to 3975
pool-16-thread-15 reduces to 3975
pool-16-thread-13 reduces to 3975
pool-16-thread-16 reduces to 3975
pool-16-thread-14 Reduce to3974
pool-16-thread-14 pick event 46, current size: 3974
pool-16-thread-9 Reduce to3973
pool-16-thread-9 pick event 47, current size: 3973
pool-16-thread-7 reduces to 3972
pool-16-thread-12 Reduce to3971
pool-16-thread-12 pick event 48, current size: 3971
pool-16-thread-5 reduces to 3971
pool-16-thread-1 Reduce to3970
pool-16-thread-1 pick event 49, current size: 3970
pool-16-thread-11 reduces to 3970
pool-16-thread-17 reduces to 3970
pool-16-thread-19 Reduce to3969
pool-16-thread-19 pick event 50, current size: 3969
pool-16-thread-13 Reduce to3968
pool-16-thread-13 pick event 51, current size: 3968
pool-16-thread-15 Reduce to3967
pool-16-thread-15 pick event 52, current size: 3967
pool-16-thread-4 reduces to 3967
pool-16-thread-8 Reduce to3966
pool-16-thread-8 pick event 53, current size: 3966
pool-16-thread-2 reduces to 3966
pool-16-thread-6 reduces to 3966
pool-16-thread-20 reduces to 3966
pool-16-thread-3 reduces to 3966
pool-16-thread-18 reduces to 3966
pool-16-thread-16 Reduce to3965
pool-16-thread-16 pick event 54, current size: 3965
pool-16-thread-10 reduces to 3965
pool-16-thread-7 reduces to 3965
pool-16-thread-5 Reduce to3964
pool-16-thread-5 pick event 55, current size: 3964
pool-16-thread-11 Reduce to3963
pool-16-thread-11 pick event 56, current size: 3963
pool-16-thread-17 Reduce to3962
pool-16-thread-17 pick event 57, current size: 3962
pool-16-thread-14 reduces to 3962
pool-16-thread-4 Reduce to3961
pool-16-thread-4 pick event 58, current size: 3961
pool-16-thread-20 Reduce to3960
pool-16-thread-20 pick event 60, current size: 3960
pool-16-thread-10 Reduce to3959
pool-16-thread-10 pick event 61, current size: 3959
pool-16-thread-3 Reduce to3958
pool-16-thread-3 pick event 62, current size: 3958
pool-16-thread-2 Reduce to3957
pool-16-thread-2 pick event 63, current size: 3957
pool-16-thread-6 Reduce to3956
pool-16-thread-6 pick event 64, current size: 3956
pool-16-thread-12 reduces to 3956
pool-16-thread-19 reduces to 3956
pool-16-thread-8 reduces to 3956
pool-16-thread-1 reduces to 3955
pool-16-thread-15 reduces to 3955
pool-16-thread-9 reduces to 3955
pool-16-thread-16 reduces to 3955
pool-16-thread-13 reduces to 3955
pool-16-thread-7 Reduce to3954
pool-16-thread-7 pick event 65, current size: 3954
pool-16-thread-14 Reduce to3953
pool-16-thread-14 pick event 66, current size: 3953
pool-16-thread-18 Reduce to3952
pool-16-thread-18 pick event 67, current size: 3952
pool-16-thread-20 reduces to 3952
pool-16-thread-5 reduces to 3952
pool-16-thread-8 Reduce to3951
pool-16-thread-8 pick event 68, current size: 3951
pool-16-thread-11 reduces to 3951
pool-16-thread-15 Reduce to3950
pool-16-thread-15 pick event 69, current size: 3950
pool-16-thread-1 reduces to 3950
pool-16-thread-9 Reduce to3949
pool-16-thread-9 pick event 70, current size: 3949
pool-16-thread-17 reduces to 3949
pool-16-thread-12 Reduce to3948
pool-16-thread-12 pick event 71, current size: 3948
pool-16-thread-19 Reduce to3947
pool-16-thread-19 pick event 72, current size: 3947
pool-16-thread-13 Reduce to3946
pool-16-thread-13 pick event 73, current size: 3946
pool-16-thread-16 Reduce to3945
pool-16-thread-16 pick event 74, current size: 3945
pool-16-thread-4 reduces to 3945
pool-16-thread-2 reduces to 3945
pool-16-thread-3 reduces to 3945
pool-16-thread-20 Reduce to3944
pool-16-thread-20 pick event 75, current size: 3944
pool-16-thread-6 reduces to 3944
pool-16-thread-5 Reduce to3943
pool-16-thread-5 pick event 76, current size: 3943
pool-16-thread-11 Reduce to3942
pool-16-thread-11 pick event 77, current size: 3942
pool-16-thread-14 reduces to 3942
pool-16-thread-8 reduces to 3942
pool-16-thread-7 reduces to 3942
pool-16-thread-18 reduces to 3942
pool-16-thread-10 reduces to 3942
pool-16-thread-1 Reduce to3941
pool-16-thread-1 pick event 78, current size: 3941
pool-16-thread-15 reduces to 3941
pool-16-thread-17 Reduce to3940
pool-16-thread-17 pick event 79, current size: 3940
pool-16-thread-9 reduces to 3940
pool-16-thread-4 Reduce to3939
pool-16-thread-4 pick event 81, current size: 3939
pool-16-thread-17 reduces to 3939
pool-16-thread-14 Reduce to3938
pool-16-thread-14 pick event 83, current size: 3938
pool-16-thread-18 Reduce to3937
pool-16-thread-18 pick event 84, current size: 3937
pool-16-thread-6 Reduce to3936
pool-16-thread-6 pick event 85, current size: 3936
pool-16-thread-8 Reduce to3935
pool-16-thread-8 pick event 86, current size: 3935
pool-16-thread-2 Reduce to3934
pool-16-thread-2 pick event 87, current size: 3934
pool-16-thread-16 reduces to 3934
pool-16-thread-19 reduces to 3934
pool-16-thread-7 Reduce to3933
pool-16-thread-7 pick event 88, current size: 3933
pool-16-thread-10 Reduce to3932
pool-16-thread-10 pick event 89, current size: 3932
pool-16-thread-12 reduces to 3932
pool-16-thread-13 reduces to 3931
pool-16-thread-9 Reduce to3930
pool-16-thread-9 pick event 90, current size: 3930
pool-16-thread-20 reduces to 3930
pool-16-thread-1 reduces to 3930
pool-16-thread-11 reduces to 3929
pool-16-thread-15 Reduce to3928
pool-16-thread-15 pick event 91, current size: 3928
pool-16-thread-5 reduces to 3928
pool-16-thread-3 Reduce to3927
pool-16-thread-3 pick event 92, current size: 3927
pool-16-thread-17 Reduce to3926
pool-16-thread-17 pick event 93, current size: 3926
pool-16-thread-11 reduces to 3926
pool-16-thread-13 reduces to 3925
pool-16-thread-12 Reduce to3924
pool-16-thread-12 pick event 96, current size: 3924
pool-16-thread-4 reduces to 3924
pool-16-thread-20 Reduce to3923
pool-16-thread-20 pick event 97, current size: 3923
pool-16-thread-5 Reduce to3922
pool-16-thread-5 pick event 99, current size: 3922
pool-16-thread-8 reduces to 3922
pool-16-thread-2 reduces to 3922
pool-16-thread-14 reduces to 3921
pool-16-thread-4 Reduce to3920
pool-16-thread-4 pick event 100, current size: 3920
pool-16-thread-18 reduces to 3920
pool-16-thread-6 reduces to 3920
pool-16-thread-10 reduces to 3920
pool-16-thread-7 reduces to 3920
pool-16-thread-9 reduces to 3920
pool-16-thread-16 Reduce to3919
pool-16-thread-16 pick event 101, current size: 3919
pool-16-thread-19 Reduce to3918
pool-16-thread-19 pick event 102, current size: 3918
pool-16-thread-15 reduces to 3918
pool-16-thread-17 reduces to 3918
pool-16-thread-3 reduces to 3917
pool-16-thread-11 Reduce to3916
pool-16-thread-11 pick event 103, current size: 3916
pool-16-thread-10 Reduce to3915
pool-16-thread-10 pick event 104, current size: 3915
pool-16-thread-13 reduces to 3915
pool-16-thread-14 reduces to 3915
pool-16-thread-1 Reduce to3914
pool-16-thread-1 pick event 105, current size: 3914
pool-16-thread-2 Reduce to3913
pool-16-thread-2 pick event 106, current size: 3913
pool-16-thread-9 Reduce to3912
pool-16-thread-9 pick event 108, current size: 3912
pool-16-thread-12 reduces to 3912
pool-16-thread-18 Reduce to3911
pool-16-thread-18 pick event 109, current size: 3911
pool-16-thread-3 reduces to 3911
pool-16-thread-15 Reduce to3910
pool-16-thread-15 pick event 110, current size: 3910
pool-16-thread-17 Reduce to3909
pool-16-thread-17 pick event 111, current size: 3909
pool-16-thread-7 Reduce to3908
pool-16-thread-7 pick event 112, current size: 3908
pool-16-thread-6 Reduce to3907
pool-16-thread-6 pick event 113, current size: 3907
pool-16-thread-5 reduces to 3906
pool-16-thread-19 reduces to 3906
pool-16-thread-4 reduces to 3906
pool-16-thread-16 reduces to 3906
pool-16-thread-20 reduces to 3906
pool-16-thread-11 reduces to 3906
pool-16-thread-10 reduces to 3906
pool-16-thread-20 Reduce to3905
pool-16-thread-20 pick event 115, current size: 3905
pool-16-thread-14 Reduce to3904
pool-16-thread-14 pick event 116, current size: 3904
pool-16-thread-8 Reduce to3903
pool-16-thread-8 pick event 117, current size: 3903
pool-16-thread-12 Reduce to3902
pool-16-thread-12 pick event 118, current size: 3902
pool-16-thread-1 reduces to 3902
pool-16-thread-2 reduces to 3902
pool-16-thread-18 reduces to 3902
pool-16-thread-9 reduces to 3902
pool-16-thread-3 Reduce to3901
pool-16-thread-3 pick event 119, current size: 3901
pool-16-thread-15 reduces to 3901
pool-16-thread-5 reduces to 3901
pool-16-thread-4 Reduce to3900
pool-16-thread-4 pick event 120, current size: 3900
pool-16-thread-19 Reduce to3899
pool-16-thread-19 pick event 121, current size: 3899
pool-16-thread-11 Reduce to3898
pool-16-thread-11 pick event 122, current size: 3898
pool-16-thread-6 reduces to 3898
pool-16-thread-6 Reduce to3897
pool-16-thread-6 pick event 124, current size: 3897
pool-16-thread-16 Reduce to3896
pool-16-thread-16 pick event 125, current size: 3896
pool-16-thread-10 Reduce to3895
pool-16-thread-10 pick event 126, current size: 3895
pool-16-thread-17 reduces to 3894
pool-16-thread-13 Reduce to3893
pool-16-thread-13 pick event 127, current size: 3893
pool-16-thread-7 reduces to 3893
pool-16-thread-9 Reduce to3892
pool-16-thread-9 pick event 128, current size: 3892
pool-16-thread-18 Reduce to3891
pool-16-thread-18 pick event 129, current size: 3891
pool-16-thread-20 reduces to 3891
pool-16-thread-2 Reduce to3890
pool-16-thread-2 pick event 131, current size: 3890
pool-16-thread-1 Reduce to3889
pool-16-thread-1 pick event 132, current size: 3889
pool-16-thread-12 reduces to 3889
pool-16-thread-3 reduces to 3889
pool-16-thread-8 reduces to 3889
pool-16-thread-14 reduces to 3889
pool-16-thread-5 Reduce to3888
pool-16-thread-5 pick event 133, current size: 3888
pool-16-thread-10 reduces to 3888
pool-16-thread-19 reduces to 3887
pool-16-thread-17 reduces to 3887
pool-16-thread-4 reduces to 3886
pool-16-thread-20 Reduce to3885
pool-16-thread-20 pick event 134, current size: 3885
pool-16-thread-7 Reduce to3884
pool-16-thread-7 pick event 135, current size: 3884
pool-16-thread-11 reduces to 3884
pool-16-thread-8 Reduce to3883
pool-16-thread-8 pick event 136, current size: 3883
pool-16-thread-4 reduces to 3883
pool-16-thread-15 Reduce to3882
pool-16-thread-15 pick event 137, current size: 3882
pool-16-thread-14 Reduce to3881
pool-16-thread-14 pick event 138, current size: 3881
pool-16-thread-3 Reduce to3880
pool-16-thread-3 pick event 139, current size: 3880
pool-16-thread-12 Reduce to3879
pool-16-thread-12 pick event 140, current size: 3879
pool-16-thread-13 reduces to 3879
pool-16-thread-19 reduces to 3879
pool-16-thread-9 reduces to 3879
pool-16-thread-18 reduces to 3879
pool-16-thread-6 reduces to 3879
pool-16-thread-16 reduces to 3879
pool-16-thread-2 reduces to 3879
pool-16-thread-1 reduces to 3879
pool-16-thread-5 reduces to 3879
pool-16-thread-17 Reduce to3878
pool-16-thread-17 pick event 142, current size: 3878
pool-16-thread-11 Reduce to3877
pool-16-thread-11 pick event 143, current size: 3877
pool-16-thread-8 reduces to 3877
pool-16-thread-20 reduces to 3877
pool-16-thread-4 Reduce to3876
pool-16-thread-4 pick event 144, current size: 3876
pool-16-thread-8 Reduce to3875
pool-16-thread-8 pick event 145, current size: 3875
pool-16-thread-20 Reduce to3874
pool-16-thread-20 pick event 146, current size: 3874
pool-16-thread-7 reduces to 3874
pool-16-thread-13 Reduce to3873
pool-16-thread-13 pick event 147, current size: 3873
pool-16-thread-14 reduces to 3873
pool-16-thread-3 reduces to 3873
pool-16-thread-12 reduces to 3872
pool-16-thread-15 reduces to 3872
pool-16-thread-19 Reduce to3871
pool-16-thread-19 pick event 148, current size: 3871
pool-16-thread-18 Reduce to3870
pool-16-thread-18 pick event 149, current size: 3870
pool-16-thread-2 Reduce to3869
pool-16-thread-2 pick event 150, current size: 3869
pool-16-thread-9 Reduce to3868
pool-16-thread-9 pick event 151, current size: 3868
pool-16-thread-6 Reduce to3867
pool-16-thread-6 pick event 153, current size: 3867
pool-16-thread-5 Reduce to3866
pool-16-thread-5 pick event 154, current size: 3866
pool-16-thread-1 Reduce to3865
pool-16-thread-1 pick event 155, current size: 3865
pool-16-thread-16 Reduce to3864
pool-16-thread-16 pick event 156, current size: 3864
pool-16-thread-12 reduces to 3864
pool-16-thread-3 Reduce to3863
pool-16-thread-3 pick event 157, current size: 3863
pool-16-thread-7 Reduce to3862
pool-16-thread-7 pick event 159, current size: 3862
pool-16-thread-15 Reduce to3861
pool-16-thread-15 pick event 160, current size: 3861
pool-16-thread-14 Reduce to3860
pool-16-thread-14 pick event 161, current size: 3860
pool-16-thread-11 reduces to 3860
pool-16-thread-17 reduces to 3859
pool-16-thread-4 reduces to 3859
pool-16-thread-2 reduces to 3859
pool-16-thread-8 reduces to 3859
pool-16-thread-20 reduces to 3858
pool-16-thread-13 reduces to 3858
pool-16-thread-18 reduces to 3858
pool-16-thread-19 reduces to 3858
pool-16-thread-10 Reduce to3857
pool-16-thread-10 pick event 162, current size: 3857
pool-16-thread-9 reduces to 3857
pool-16-thread-6 reduces to 3857
pool-16-thread-5 reduces to 3857
pool-16-thread-1 reduces to 3857
pool-16-thread-16 reduces to 3857
pool-16-thread-12 Reduce to3856
pool-16-thread-12 pick event 163, current size: 3856
pool-16-thread-17 reduces to 3856
pool-16-thread-11 Reduce to3855
pool-16-thread-11 pick event 164, current size: 3855
pool-16-thread-20 reduces to 3855
pool-16-thread-19 Reduce to3854
pool-16-thread-19 pick event 165, current size: 3854
pool-16-thread-13 Reduce to3853
pool-16-thread-13 pick event 166, current size: 3853
pool-16-thread-1 Reduce to3852
pool-16-thread-1 pick event 167, current size: 3852
pool-16-thread-4 Reduce to3851
pool-16-thread-4 pick event 168, current size: 3851
pool-16-thread-2 Reduce to3850
pool-16-thread-2 pick event 169, current size: 3850
pool-16-thread-8 Reduce to3849
pool-16-thread-8 pick event 170, current size: 3849
pool-16-thread-18 Reduce to3848
pool-16-thread-18 pick event 171, current size: 3848
pool-16-thread-9 Reduce to3847
pool-16-thread-9 pick event 172, current size: 3847
pool-16-thread-5 Reduce to3846
pool-16-thread-5 pick event 173, current size: 3846
pool-16-thread-7 reduces to 3846
pool-16-thread-6 Reduce to3845
pool-16-thread-6 pick event 174, current size: 3845
pool-16-thread-14 reduces to 3844
pool-16-thread-3 reduces to 3844
pool-16-thread-10 reduces to 3844
pool-16-thread-15 reduces to 3844
pool-16-thread-17 Reduce to3843
pool-16-thread-17 pick event 176, current size: 3843
pool-16-thread-12 reduces to 3843
pool-16-thread-11 reduces to 3843
pool-16-thread-20 Reduce to3842
pool-16-thread-20 pick event 177, current size: 3842
pool-16-thread-2 reduces to 3842
pool-16-thread-13 reduces to 3842
pool-16-thread-19 reduces to 3842
pool-16-thread-7 Reduce to3841
pool-16-thread-7 pick event 178, current size: 3841
pool-16-thread-1 reduces to 3841
pool-16-thread-5 reduces to 3841
pool-16-thread-2 Reduce to3840
pool-16-thread-2 pick event 179, current size: 3840
pool-16-thread-15 Reduce to3839
pool-16-thread-15 pick event 180, current size: 3839
pool-16-thread-16 Reduce to3838
pool-16-thread-16 pick event 181, current size: 3838
pool-16-thread-4 reduces to 3838
pool-16-thread-14 reduces to 3838
pool-16-thread-3 Reduce to3837
pool-16-thread-3 pick event 182, current size: 3837
pool-16-thread-10 Reduce to3836
pool-16-thread-10 pick event 183, current size: 3836
pool-16-thread-11 Reduce to3835
pool-16-thread-8 reduces to 3835
pool-16-thread-11 pick event 184, current size: 3835
pool-16-thread-12 Reduce to3834
pool-16-thread-12 pick event 185, current size: 3834
pool-16-thread-9 reduces to 3834
pool-16-thread-18 reduces to 3834
pool-16-thread-13 Reduce to3833
pool-16-thread-13 pick event 186, current size: 3833
pool-16-thread-20 reduces to 3833
pool-16-thread-19 Reduce to3832
pool-16-thread-19 pick event 187, current size: 3832
pool-16-thread-7 reduces to 3832
pool-16-thread-1 Reduce to3831
pool-16-thread-1 pick event 188, current size: 3831
pool-16-thread-2 reduces to 3831
pool-16-thread-17 reduces to 3831
pool-16-thread-6 reduces to 3831
pool-16-thread-5 Reduce to3830
pool-16-thread-5 pick event 189, current size: 3830
pool-16-thread-14 Reduce to3829
pool-16-thread-14 pick event 190, current size: 3829
pool-16-thread-16 reduces to 3829
pool-16-thread-15 reduces to 3829
pool-16-thread-4 Reduce to3828
pool-16-thread-4 pick event 191, current size: 3828
pool-16-thread-10 reduces to 3828
pool-16-thread-3 reduces to 3828
pool-16-thread-13 reduces to 3827
pool-16-thread-19 reduces to 3827
pool-16-thread-9 Reduce to3826
pool-16-thread-9 pick event 193, current size: 3826
pool-16-thread-12 reduces to 3826
pool-16-thread-5 reduces to 3826
pool-16-thread-4 reduces to 3826
pool-16-thread-13 reduces to 3826
pool-16-thread-11 reduces to 3826
pool-16-thread-1 reduces to 3826
pool-16-thread-18 Reduce to3825
pool-16-thread-18 pick event 194, current size: 3825
pool-16-thread-14 reduces to 3825
pool-16-thread-20 Reduce to3824
pool-16-thread-20 pick event 195, current size: 3824
pool-16-thread-9 reduces to 3824
pool-16-thread-7 Reduce to3823
pool-16-thread-7 pick event 196, current size: 3823
pool-16-thread-2 Reduce to3822
pool-16-thread-2 pick event 197, current size: 3822
pool-16-thread-18 reduces to 3822
pool-16-thread-17 Reduce to3821
pool-16-thread-17 pick event 198, current size: 3821
pool-16-thread-6 Reduce to3820
pool-16-thread-6 pick event 199, current size: 3820
pool-16-thread-16 Reduce to3819
pool-16-thread-16 pick event 200, current size: 3819
pool-16-thread-7 reduces to 3819
pool-16-thread-20 reduces to 3819
pool-16-thread-2 reduces to 3819
pool-16-thread-15 Reduce to3818
pool-16-thread-15 pick event 201, current size: 3818
pool-16-thread-3 Reduce to3817
pool-16-thread-3 pick event 202, current size: 3817
pool-16-thread-17 reduces to 3817
pool-16-thread-10 Reduce to3816
pool-16-thread-10 pick event 203, current size: 3816
pool-16-thread-6 reduces to 3816
pool-16-thread-8 Reduce to3815
pool-16-thread-8 pick event 204, current size: 3815
pool-16-thread-15 reduces to 3815
pool-16-thread-3 reduces to 3815
pool-16-thread-10 reduces to 3815
pool-16-thread-16 reduces to 3815
pool-16-thread-19 Reduce to3814
pool-16-thread-19 pick event 205, current size: 3814
pool-16-thread-12 Reduce to3813
pool-16-thread-12 pick event 206, current size: 3813
pool-16-thread-8 reduces to 3813
pool-16-thread-5 Reduce to3812
pool-16-thread-5 pick event 207, current size: 3812
pool-16-thread-4 Reduce to3811
pool-16-thread-4 pick event 208, current size: 3811
pool-16-thread-19 reduces to 3811
pool-16-thread-12 reduces to 3811
pool-16-thread-13 Reduce to3810
pool-16-thread-13 pick event 209, current size: 3810
pool-16-thread-5 reduces to 3810
pool-16-thread-11 Reduce to3809
pool-16-thread-11 pick event 210, current size: 3809
pool-16-thread-4 reduces to 3809
pool-16-thread-1 Reduce to3808
pool-16-thread-1 pick event 211, current size: 3808
pool-16-thread-13 reduces to 3808
pool-16-thread-14 Reduce to3807
pool-16-thread-14 pick event 212, current size: 3807
pool-16-thread-9 Reduce to3806
pool-16-thread-9 pick event 213, current size: 3806
pool-16-thread-11 reduces to 3806
pool-16-thread-1 reduces to 3806
pool-16-thread-18 Reduce to3805
pool-16-thread-18 pick event 214, current size: 3805
pool-16-thread-14 reduces to 3805
pool-16-thread-9 reduces to 3805
pool-16-thread-7 Reduce to3804
pool-16-thread-7 pick event 215, current size: 3804
pool-16-thread-18 reduces to 3804
pool-16-thread-20 Reduce to3803
pool-16-thread-20 pick event 216, current size: 3803
pool-16-thread-2 Reduce to3802
pool-16-thread-2 pick event 217, current size: 3802
pool-16-thread-17 Reduce to3801
pool-16-thread-17 pick event 218, current size: 3801
pool-16-thread-2 reduces to 3801
pool-16-thread-7 reduces to 3801
pool-16-thread-6 Reduce to3800
pool-16-thread-6 pick event 219, current size: 3800
pool-16-thread-3 Reduce to3799
pool-16-thread-3 pick event 220, current size: 3799
pool-16-thread-15 Reduce to3798
pool-16-thread-15 pick event 221, current size: 3798
pool-16-thread-10 Reduce to3797
pool-16-thread-10 pick event 222, current size: 3797
pool-16-thread-16 Reduce to3796
pool-16-thread-16 pick event 223, current size: 3796
pool-16-thread-6 reduces to 3796
pool-16-thread-17 reduces to 3796
pool-16-thread-15 reduces to 3796
pool-16-thread-10 reduces to 3796
pool-16-thread-8 Reduce to3795
pool-16-thread-8 pick event 224, current size: 3795
pool-16-thread-20 reduces to 3795
pool-16-thread-10 Reduce to3794
pool-16-thread-10 pick event 225, current size: 3794
pool-16-thread-3 reduces to 3794
pool-16-thread-12 Reduce to3793
pool-16-thread-12 pick event 226, current size: 3793
pool-16-thread-5 Reduce to3792
pool-16-thread-5 pick event 227, current size: 3792
pool-16-thread-16 reduces to 3792
pool-16-thread-8 reduces to 3792
pool-16-thread-4 Reduce to3791
pool-16-thread-4 pick event 228, current size: 3791
pool-16-thread-10 reduces to 3791
pool-16-thread-12 reduces to 3791
pool-16-thread-5 reduces to 3791
pool-16-thread-11 Reduce to3790
pool-16-thread-11 pick event 229, current size: 3790
pool-16-thread-1 Reduce to3789
pool-16-thread-1 pick event 230, current size: 3789
pool-16-thread-10 Reduce to3788
pool-16-thread-10 pick event 231, current size: 3788
pool-16-thread-14 Reduce to3787
pool-16-thread-14 pick event 232, current size: 3787
pool-16-thread-1 reduces to 3787
pool-16-thread-9 Reduce to3786
pool-16-thread-9 pick event 233, current size: 3786
pool-16-thread-4 reduces to 3786
pool-16-thread-11 reduces to 3786
pool-16-thread-10 reduces to 3786
pool-16-thread-11 Reduce to3785
pool-16-thread-11 pick event 234, current size: 3785
pool-16-thread-14 reduces to 3785
pool-16-thread-2 Reduce to3784
pool-16-thread-2 pick event 235, current size: 3784
pool-16-thread-9 reduces to 3784
pool-16-thread-7 Reduce to3783
pool-16-thread-7 pick event 236, current size: 3783
pool-16-thread-11 reduces to 3783
pool-16-thread-6 Reduce to3782
pool-16-thread-6 pick event 237, current size: 3782
pool-16-thread-2 reduces to 3782
pool-16-thread-17 Reduce to3781
pool-16-thread-17 pick event 238, current size: 3781
pool-16-thread-15 Reduce to3780
pool-16-thread-15 pick event 239, current size: 3780
pool-16-thread-7 reduces to 3780
pool-16-thread-20 Reduce to3779
pool-16-thread-20 pick event 240, current size: 3779
pool-16-thread-6 reduces to 3779
pool-16-thread-7 Reduce to3778
pool-16-thread-7 pick event 241, current size: 3778
pool-16-thread-15 reduces to 3778
pool-16-thread-3 Reduce to3777
pool-16-thread-3 pick event 242, current size: 3777
pool-16-thread-17 reduces to 3777
pool-16-thread-16 Reduce to3776
pool-16-thread-16 pick event 243, current size: 3776
pool-16-thread-20 reduces to 3776
pool-16-thread-8 Reduce to3775
pool-16-thread-8 pick event 244, current size: 3775
pool-16-thread-13 Reduce to3774
pool-16-thread-13 pick event 245, current size: 3774
pool-16-thread-7 reduces to 3774
pool-16-thread-12 Reduce to3773
pool-16-thread-12 pick event 246, current size: 3773
pool-16-thread-5 Reduce to3772
pool-16-thread-5 pick event 247, current size: 3772
pool-16-thread-3 reduces to 3772
pool-16-thread-16 reduces to 3772
pool-16-thread-8 reduces to 3772
pool-16-thread-3 Reduce to3771
pool-16-thread-3 pick event 248, current size: 3771
pool-16-thread-13 reduces to 3771
pool-16-thread-4 Reduce to3770
pool-16-thread-4 pick event 249, current size: 3770
pool-16-thread-12 reduces to 3770
pool-16-thread-5 reduces to 3770
pool-16-thread-18 Reduce to3769
pool-16-thread-18 pick event 250, current size: 3769
pool-16-thread-3 reduces to 3769
pool-16-thread-10 Reduce to3768
pool-16-thread-10 pick event 251, current size: 3768
pool-16-thread-18 reduces to 3768
pool-16-thread-4 reduces to 3768
pool-16-thread-14 Reduce to3767
pool-16-thread-14 pick event 252, current size: 3767
pool-16-thread-9 Reduce to3766
pool-16-thread-9 pick event 253, current size: 3766
pool-16-thread-10 reduces to 3766
pool-16-thread-11 Reduce to3765
pool-16-thread-11 pick event 254, current size: 3765
pool-16-thread-2 Reduce to3764
pool-16-thread-2 pick event 255, current size: 3764
pool-16-thread-9 reduces to 3764
pool-16-thread-14 reduces to 3764
pool-16-thread-19 Reduce to3763
pool-16-thread-19 pick event 256, current size: 3763
pool-16-thread-11 reduces to 3763
pool-16-thread-2 reduces to 3763
pool-16-thread-6 Reduce to3762
pool-16-thread-6 pick event 257, current size: 3762
pool-16-thread-15 Reduce to3761
pool-16-thread-15 pick event 258, current size: 3761
pool-16-thread-17 Reduce to3760
pool-16-thread-17 pick event 259, current size: 3760
pool-16-thread-6 reduces to 3760
pool-16-thread-20 Reduce to3759
pool-16-thread-20 pick event 260, current size: 3759
pool-16-thread-6 Reduce to3758
pool-16-thread-6 pick event 261, current size: 3758
pool-16-thread-19 reduces to 3758
pool-16-thread-15 reduces to 3758
pool-16-thread-1 Reduce to3757
pool-16-thread-1 pick event 262, current size: 3757
pool-16-thread-17 reduces to 3757
pool-16-thread-8 Reduce to3756
pool-16-thread-8 pick event 264, current size: 3756
pool-16-thread-6 reduces to 3755
pool-16-thread-13 Reduce to3754
pool-16-thread-13 pick event 265, current size: 3754
pool-16-thread-20 reduces to 3754
pool-16-thread-1 reduces to 3754
pool-16-thread-12 Reduce to3753
pool-16-thread-12 pick event 266, current size: 3753
pool-16-thread-6 reduces to 3753
pool-16-thread-5 Reduce to3752
pool-16-thread-5 pick event 267, current size: 3752
pool-16-thread-8 reduces to 3752
pool-16-thread-3 Reduce to3751
pool-16-thread-3 pick event 268, current size: 3751
pool-16-thread-13 reduces to 3751
pool-16-thread-12 reduces to 3751
pool-16-thread-18 Reduce to3750
pool-16-thread-18 pick event 269, current size: 3750
pool-16-thread-4 Reduce to3749
pool-16-thread-4 pick event 270, current size: 3749
pool-16-thread-3 reduces to 3749
pool-16-thread-9 Reduce to3748
pool-16-thread-9 pick event 271, current size: 3748
pool-16-thread-10 Reduce to3747
pool-16-thread-10 pick event 272, current size: 3747
pool-16-thread-14 Reduce to3746
pool-16-thread-14 pick event 273, current size: 3746
pool-16-thread-5 reduces to 3746
pool-16-thread-18 reduces to 3746
pool-16-thread-4 reduces to 3746
pool-16-thread-11 Reduce to3745
pool-16-thread-11 pick event 274, current size: 3745
pool-16-thread-2 Reduce to3744
pool-16-thread-2 pick event 275, current size: 3744
pool-16-thread-10 reduces to 3744
pool-16-thread-9 reduces to 3744
pool-16-thread-7 Reduce to3743
pool-16-thread-7 pick event 276, current size: 3743
pool-16-thread-11 reduces to 3743
pool-16-thread-14 reduces to 3743
pool-16-thread-15 Reduce to3742
pool-16-thread-15 pick event 277, current size: 3742
pool-16-thread-19 Reduce to3741
pool-16-thread-19 pick event 278, current size: 3741
pool-16-thread-2 reduces to 3741
pool-16-thread-7 reduces to 3741
pool-16-thread-16 Reduce to3740
pool-16-thread-16 pick event 279, current size: 3740
pool-16-thread-15 reduces to 3740
pool-16-thread-17 Reduce to3739
pool-16-thread-17 pick event 280, current size: 3739
pool-16-thread-19 reduces to 3739
pool-16-thread-20 Reduce to3738
pool-16-thread-20 pick event 281, current size: 3738
pool-16-thread-1 Reduce to3737
pool-16-thread-1 pick event 282, current size: 3737
pool-16-thread-6 Reduce to3736
pool-16-thread-6 pick event 283, current size: 3736
pool-16-thread-17 reduces to 3736
pool-16-thread-16 reduces to 3736
pool-16-thread-8 Reduce to3735
pool-16-thread-8 pick event 284, current size: 3735
pool-16-thread-6 reduces to 3735
pool-16-thread-13 Reduce to3734
pool-16-thread-13 pick event 285, current size: 3734
pool-16-thread-20 reduces to 3734
pool-16-thread-12 Reduce to3733
pool-16-thread-12 pick event 286, current size: 3733
pool-16-thread-8 reduces to 3733
pool-16-thread-3 Reduce to3732
pool-16-thread-3 pick event 287, current size: 3732
pool-16-thread-1 reduces to 3732
pool-16-thread-5 Reduce to3731
pool-16-thread-5 pick event 288, current size: 3731
pool-16-thread-18 Reduce to3730
pool-16-thread-18 pick event 289, current size: 3730
pool-16-thread-12 reduces to 3730
pool-16-thread-13 reduces to 3730
pool-16-thread-4 Reduce to3729
pool-16-thread-4 pick event 290, current size: 3729
pool-16-thread-10 Reduce to3728
pool-16-thread-10 pick event 291, current size: 3728
pool-16-thread-3 reduces to 3728
pool-16-thread-5 reduces to 3728
pool-16-thread-18 reduces to 3728
pool-16-thread-9 Reduce to3727
pool-16-thread-9 pick event 292, current size: 3727
pool-16-thread-11 Reduce to3726
pool-16-thread-11 pick event 293, current size: 3726
pool-16-thread-4 reduces to 3726
pool-16-thread-14 Reduce to3725
pool-16-thread-14 pick event 294, current size: 3725
pool-16-thread-10 reduces to 3725
pool-16-thread-2 Reduce to3724
pool-16-thread-2 pick event 295, current size: 3724
pool-16-thread-9 reduces to 3724
pool-16-thread-7 Reduce to3723
pool-16-thread-7 pick event 296, current size: 3723
pool-16-thread-11 reduces to 3723
pool-16-thread-14 reduces to 3723
pool-16-thread-19 Reduce to3722
pool-16-thread-19 pick event 297, current size: 3722
pool-16-thread-15 Reduce to3721
pool-16-thread-15 pick event 298, current size: 3721
pool-16-thread-7 reduces to 3721
pool-16-thread-17 Reduce to3720
pool-16-thread-17 pick event 299, current size: 3720
pool-16-thread-16 Reduce to3719
pool-16-thread-16 pick event 300, current size: 3719
pool-16-thread-2 reduces to 3719
pool-16-thread-6 Reduce to3718
pool-16-thread-6 pick event 301, current size: 3718
pool-16-thread-15 reduces to 3718
pool-16-thread-19 reduces to 3718
pool-16-thread-20 Reduce to3717
pool-16-thread-20 pick event 302, current size: 3717
pool-16-thread-19 Reduce to3716
pool-16-thread-19 pick event 303, current size: 3716
pool-16-thread-16 reduces to 3716
pool-16-thread-17 reduces to 3716
pool-16-thread-6 reduces to 3716
pool-16-thread-1 Reduce to3715
pool-16-thread-1 pick event 304, current size: 3715
pool-16-thread-12 Reduce to3714
pool-16-thread-12 pick event 305, current size: 3714
pool-16-thread-20 reduces to 3714
pool-16-thread-13 Reduce to3713
pool-16-thread-13 pick event 306, current size: 3713
pool-16-thread-1 reduces to 3713
pool-16-thread-3 Reduce to3712
pool-16-thread-3 pick event 307, current size: 3712
pool-16-thread-19 reduces to 3712
pool-16-thread-5 Reduce to3711
pool-16-thread-5 pick event 308, current size: 3711
pool-16-thread-18 Reduce to3710
pool-16-thread-18 pick event 309, current size: 3710
pool-16-thread-13 reduces to 3710
pool-16-thread-4 Reduce to3709
pool-16-thread-4 pick event 310, current size: 3709
pool-16-thread-5 reduces to 3709
pool-16-thread-12 reduces to 3709
pool-16-thread-18 reduces to 3709
pool-16-thread-3 reduces to 3708
pool-16-thread-9 Reduce to3707
pool-16-thread-9 pick event 312, current size: 3707
pool-16-thread-4 reduces to 3707
pool-16-thread-3 reduces to 3707
pool-16-thread-18 Reduce to3706
pool-16-thread-18 pick event 313, current size: 3706
pool-16-thread-14 Reduce to3705
pool-16-thread-14 pick event 314, current size: 3705
pool-16-thread-9 reduces to 3705
pool-16-thread-7 Reduce to3704
pool-16-thread-7 pick event 315, current size: 3704
pool-16-thread-2 Reduce to3703
pool-16-thread-2 pick event 316, current size: 3703
pool-16-thread-18 reduces to 3703
pool-16-thread-15 Reduce to3702
pool-16-thread-15 pick event 317, current size: 3702
pool-16-thread-14 reduces to 3702
pool-16-thread-8 Reduce to3701
pool-16-thread-8 pick event 318, current size: 3701
pool-16-thread-7 reduces to 3701
pool-16-thread-2 reduces to 3701
pool-16-thread-16 Reduce to3700
pool-16-thread-16 pick event 319, current size: 3700
pool-16-thread-17 Reduce to3699
pool-16-thread-17 pick event 320, current size: 3699
pool-16-thread-8 reduces to 3699
pool-16-thread-6 Reduce to3698
pool-16-thread-6 pick event 321, current size: 3698
pool-16-thread-15 reduces to 3698
pool-16-thread-20 Reduce to3697
pool-16-thread-20 pick event 322, current size: 3697
pool-16-thread-17 reduces to 3697
pool-16-thread-20 reduces to 3697
pool-16-thread-19 Reduce to3696
pool-16-thread-19 pick event 323, current size: 3696
pool-16-thread-1 Reduce to3695
pool-16-thread-1 pick event 324, current size: 3695
pool-16-thread-16 reduces to 3695
pool-16-thread-13 Reduce to3694
pool-16-thread-13 pick event 325, current size: 3694
pool-16-thread-6 reduces to 3694
pool-16-thread-10 Reduce to3693
pool-16-thread-10 pick event 326, current size: 3693
pool-16-thread-1 reduces to 3693
pool-16-thread-5 Reduce to3692
pool-16-thread-5 pick event 327, current size: 3692
pool-16-thread-12 Reduce to3691
pool-16-thread-12 pick event 328, current size: 3691
pool-16-thread-19 reduces to 3691
pool-16-thread-11 Reduce to3690
pool-16-thread-11 pick event 329, current size: 3690
pool-16-thread-13 reduces to 3690
pool-16-thread-5 reduces to 3690
pool-16-thread-4 Reduce to3689
pool-16-thread-4 pick event 330, current size: 3689
pool-16-thread-10 reduces to 3689
pool-16-thread-11 reduces to 3689
pool-16-thread-12 reduces to 3689
pool-16-thread-3 Reduce to3688
pool-16-thread-3 pick event 331, current size: 3688
pool-16-thread-9 Reduce to3687
pool-16-thread-9 pick event 332, current size: 3687
pool-16-thread-4 reduces to 3687
pool-16-thread-18 Reduce to3686
pool-16-thread-18 pick event 333, current size: 3686
pool-16-thread-14 Reduce to3685
pool-16-thread-14 pick event 334, current size: 3685
pool-16-thread-3 reduces to 3685
pool-16-thread-9 reduces to 3685
pool-16-thread-7 Reduce to3684
pool-16-thread-7 pick event 335, current size: 3684
pool-16-thread-2 Reduce to3683
pool-16-thread-2 pick event 336, current size: 3683
pool-16-thread-8 Reduce to3682
pool-16-thread-8 pick event 337, current size: 3682
pool-16-thread-18 reduces to 3682
pool-16-thread-17 Reduce to3681
pool-16-thread-17 pick event 338, current size: 3681
pool-16-thread-15 Reduce to3680
pool-16-thread-15 pick event 339, current size: 3680
pool-16-thread-14 reduces to 3680
pool-16-thread-20 Reduce to3679
pool-16-thread-20 pick event 340, current size: 3679
pool-16-thread-2 reduces to 3679
pool-16-thread-8 reduces to 3679
pool-16-thread-7 reduces to 3679
pool-16-thread-16 Reduce to3678
pool-16-thread-16 pick event 341, current size: 3678
pool-16-thread-6 Reduce to3677
pool-16-thread-6 pick event 342, current size: 3677
pool-16-thread-1 Reduce to3676
pool-16-thread-1 pick event 343, current size: 3676
pool-16-thread-15 reduces to 3676
pool-16-thread-17 reduces to 3676
pool-16-thread-19 Reduce to3675
pool-16-thread-19 pick event 344, current size: 3675
pool-16-thread-20 reduces to 3675
pool-16-thread-1 reduces to 3675
pool-16-thread-16 reduces to 3675
pool-16-thread-6 reduces to 3675
pool-16-thread-13 Reduce to3674
pool-16-thread-13 pick event 345, current size: 3674
pool-16-thread-5 Reduce to3673
pool-16-thread-5 pick event 346, current size: 3673
pool-16-thread-10 Reduce to3672
pool-16-thread-10 pick event 347, current size: 3672
pool-16-thread-19 reduces to 3672
pool-16-thread-11 Reduce to3671
pool-16-thread-11 pick event 348, current size: 3671
pool-16-thread-13 reduces to 3671
pool-16-thread-5 reduces to 3671
pool-16-thread-12 Reduce to3670
pool-16-thread-12 pick event 349, current size: 3670
pool-16-thread-10 reduces to 3670
pool-16-thread-4 Reduce to3669
pool-16-thread-4 pick event 350, current size: 3669
pool-16-thread-3 Reduce to3668
pool-16-thread-3 pick event 351, current size: 3668
pool-16-thread-9 Reduce to3667
pool-16-thread-9 pick event 352, current size: 3667
pool-16-thread-11 reduces to 3667
pool-16-thread-12 reduces to 3667
pool-16-thread-3 reduces to 3667
pool-16-thread-18 Reduce to3666
pool-16-thread-18 pick event 353, current size: 3666
pool-16-thread-9 reduces to 3666
pool-16-thread-4 reduces to 3666
pool-16-thread-2 Reduce to3665
pool-16-thread-2 pick event 354, current size: 3665
pool-16-thread-14 Reduce to3664
pool-16-thread-14 pick event 355, current size: 3664
pool-16-thread-8 Reduce to3663
pool-16-thread-8 pick event 356, current size: 3663
pool-16-thread-7 Reduce to3662
pool-16-thread-7 pick event 357, current size: 3662
pool-16-thread-15 Reduce to3661
pool-16-thread-15 pick event 358, current size: 3661
pool-16-thread-18 reduces to 3661
pool-16-thread-2 reduces to 3661
pool-16-thread-17 Reduce to3660
pool-16-thread-17 pick event 359, current size: 3660
pool-16-thread-14 reduces to 3660
pool-16-thread-8 reduces to 3660
pool-16-thread-7 reduces to 3660
pool-16-thread-20 Reduce to3659
pool-16-thread-20 pick event 360, current size: 3659
pool-16-thread-15 reduces to 3659
pool-16-thread-17 reduces to 3659
pool-16-thread-1 Reduce to3658
pool-16-thread-1 pick event 361, current size: 3658
pool-16-thread-20 reduces to 3658
pool-16-thread-16 Reduce to3657
pool-16-thread-16 pick event 362, current size: 3657
pool-16-thread-6 Reduce to3656
pool-16-thread-6 pick event 363, current size: 3656
pool-16-thread-1 reduces to 3656
pool-16-thread-19 Reduce to3655
pool-16-thread-19 pick event 364, current size: 3655
pool-16-thread-16 reduces to 3655
pool-16-thread-13 Reduce to3654
pool-16-thread-13 pick event 365, current size: 3654
pool-16-thread-6 reduces to 3654
pool-16-thread-5 Reduce to3653
pool-16-thread-5 pick event 366, current size: 3653
pool-16-thread-10 Reduce to3652
pool-16-thread-10 pick event 367, current size: 3652
pool-16-thread-19 reduces to 3652
pool-16-thread-11 Reduce to3651
pool-16-thread-11 pick event 368, current size: 3651
pool-16-thread-12 Reduce to3650
pool-16-thread-12 pick event 369, current size: 3650
pool-16-thread-13 reduces to 3650
pool-16-thread-3 Reduce to3649
pool-16-thread-3 pick event 370, current size: 3649
pool-16-thread-5 reduces to 3649
pool-16-thread-10 reduces to 3649
pool-16-thread-11 reduces to 3649
pool-16-thread-9 Reduce to3648
pool-16-thread-9 pick event 371, current size: 3648
pool-16-thread-3 reduces to 3648
pool-16-thread-12 reduces to 3648
pool-16-thread-4 Reduce to3647
pool-16-thread-4 pick event 372, current size: 3647
pool-16-thread-2 Reduce to3646
pool-16-thread-2 pick event 373, current size: 3646
pool-16-thread-4 reduces to 3646
pool-16-thread-18 Reduce to3645
pool-16-thread-18 pick event 374, current size: 3645
pool-16-thread-9 reduces to 3645
pool-16-thread-14 Reduce to3644
pool-16-thread-14 pick event 375, current size: 3644
pool-16-thread-8 Reduce to3643
pool-16-thread-8 pick event 376, current size: 3643
pool-16-thread-7 Reduce to3642
pool-16-thread-7 pick event 377, current size: 3642
pool-16-thread-15 Reduce to3641
pool-16-thread-15 pick event 378, current size: 3641
pool-16-thread-2 reduces to 3641
pool-16-thread-14 reduces to 3641
pool-16-thread-17 Reduce to3640
pool-16-thread-17 pick event 379, current size: 3640
pool-16-thread-18 reduces to 3640
pool-16-thread-20 Reduce to3639
pool-16-thread-20 pick event 380, current size: 3639
pool-16-thread-8 reduces to 3639
pool-16-thread-1 Reduce to3638
pool-16-thread-1 pick event 381, current size: 3638
pool-16-thread-15 reduces to 3638
pool-16-thread-17 reduces to 3638
pool-16-thread-16 Reduce to3637
pool-16-thread-16 pick event 382, current size: 3637
pool-16-thread-7 reduces to 3637
pool-16-thread-20 reduces to 3637
pool-16-thread-6 Reduce to3636
pool-16-thread-6 pick event 383, current size: 3636
pool-16-thread-19 Reduce to3635
pool-16-thread-19 pick event 384, current size: 3635
pool-16-thread-1 reduces to 3635
pool-16-thread-13 Reduce to3634
pool-16-thread-13 pick event 385, current size: 3634
pool-16-thread-5 Reduce to3633
pool-16-thread-5 pick event 386, current size: 3633
pool-16-thread-6 reduces to 3633
pool-16-thread-16 reduces to 3633
pool-16-thread-19 reduces to 3633
pool-16-thread-10 Reduce to3632
pool-16-thread-10 pick event 387, current size: 3632
pool-16-thread-11 Reduce to3631
pool-16-thread-11 pick event 388, current size: 3631
pool-16-thread-5 reduces to 3631
pool-16-thread-13 reduces to 3631
pool-16-thread-3 Reduce to3630
pool-16-thread-3 pick event 389, current size: 3630
pool-16-thread-12 Reduce to3629
pool-16-thread-12 pick event 390, current size: 3629
pool-16-thread-10 reduces to 3629
pool-16-thread-11 reduces to 3629
pool-16-thread-4 Reduce to3628
pool-16-thread-4 pick event 391, current size: 3628
pool-16-thread-3 reduces to 3628
pool-16-thread-9 Reduce to3627
pool-16-thread-9 pick event 392, current size: 3627
pool-16-thread-12 reduces to 3627
pool-16-thread-2 Reduce to3626
pool-16-thread-2 pick event 393, current size: 3626
pool-16-thread-4 reduces to 3626
pool-16-thread-14 Reduce to3625
pool-16-thread-14 pick event 394, current size: 3625
pool-16-thread-18 Reduce to3624
pool-16-thread-18 pick event 395, current size: 3624
pool-16-thread-9 reduces to 3624
pool-16-thread-8 Reduce to3623
pool-16-thread-8 pick event 396, current size: 3623
pool-16-thread-2 reduces to 3623
pool-16-thread-18 reduces to 3623
pool-16-thread-14 reduces to 3623
pool-16-thread-15 Reduce to3622
pool-16-thread-15 pick event 397, current size: 3622
pool-16-thread-7 Reduce to3621
pool-16-thread-7 pick event 398, current size: 3621
pool-16-thread-17 Reduce to3620
pool-16-thread-17 pick event 399, current size: 3620
pool-16-thread-20 Reduce to3619
pool-16-thread-20 pick event 400, current size: 3619
pool-16-thread-8 reduces to 3619
pool-16-thread-1 Reduce to3618
pool-16-thread-1 pick event 401, current size: 3618
pool-16-thread-7 reduces to 3618
pool-16-thread-6 Reduce to3617
pool-16-thread-6 pick event 402, current size: 3617
pool-16-thread-15 reduces to 3617
pool-16-thread-20 reduces to 3617
pool-16-thread-16 Reduce to3616
pool-16-thread-16 pick event 403, current size: 3616
pool-16-thread-5 Reduce to3615
pool-16-thread-5 pick event 404, current size: 3615
pool-16-thread-19 Reduce to3614
pool-16-thread-19 pick event 405, current size: 3614
pool-16-thread-17 reduces to 3614
pool-16-thread-13 Reduce to3613
pool-16-thread-13 pick event 406, current size: 3613
pool-16-thread-1 reduces to 3613
pool-16-thread-6 reduces to 3613
pool-16-thread-16 reduces to 3613
pool-16-thread-10 Reduce to3612
pool-16-thread-10 pick event 407, current size: 3612
pool-16-thread-11 Reduce to3611
pool-16-thread-11 pick event 408, current size: 3611
pool-16-thread-13 reduces to 3611
pool-16-thread-19 reduces to 3611
pool-16-thread-3 Reduce to3610
pool-16-thread-3 pick event 409, current size: 3610
pool-16-thread-12 Reduce to3609
pool-16-thread-12 pick event 410, current size: 3609
pool-16-thread-5 reduces to 3609
pool-16-thread-11 reduces to 3609
pool-16-thread-4 Reduce to3608
pool-16-thread-4 pick event 411, current size: 3608
pool-16-thread-10 reduces to 3608
pool-16-thread-9 Reduce to3607
pool-16-thread-9 pick event 412, current size: 3607
pool-16-thread-18 Reduce to3606
pool-16-thread-18 pick event 413, current size: 3606
pool-16-thread-2 Reduce to3605
pool-16-thread-2 pick event 414, current size: 3605
pool-16-thread-4 reduces to 3605
pool-16-thread-3 reduces to 3605
pool-16-thread-12 reduces to 3605
pool-16-thread-14 Reduce to3604
pool-16-thread-14 pick event 415, current size: 3604
pool-16-thread-3 Reduce to3603
pool-16-thread-3 pick event 416, current size: 3603
pool-16-thread-7 Reduce to3602
pool-16-thread-7 pick event 417, current size: 3602
pool-16-thread-9 reduces to 3602
pool-16-thread-18 reduces to 3602
pool-16-thread-15 Reduce to3601
pool-16-thread-15 pick event 418, current size: 3601
pool-16-thread-2 reduces to 3601
pool-16-thread-20 Reduce to3600
pool-16-thread-20 pick event 419, current size: 3600
pool-16-thread-17 Reduce to3599
pool-16-thread-17 pick event 420, current size: 3599
pool-16-thread-3 reduces to 3599
pool-16-thread-7 reduces to 3599
pool-16-thread-1 Reduce to3598
pool-16-thread-1 pick event 421, current size: 3598
pool-16-thread-20 reduces to 3598
pool-16-thread-6 Reduce to3597
pool-16-thread-6 pick event 422, current size: 3597
pool-16-thread-15 reduces to 3597
pool-16-thread-14 reduces to 3597
pool-16-thread-17 reduces to 3597
pool-16-thread-16 Reduce to3596
pool-16-thread-16 pick event 423, current size: 3596
pool-16-thread-6 reduces to 3596
pool-16-thread-19 Reduce to3595
pool-16-thread-19 pick event 425, current size: 3595
pool-16-thread-1 reduces to 3595
pool-16-thread-5 Reduce to3594
pool-16-thread-5 pick event 426, current size: 3594
pool-16-thread-11 Reduce to3593
pool-16-thread-11 pick event 427, current size: 3593
pool-16-thread-16 reduces to 3592
pool-16-thread-10 Reduce to3591
pool-16-thread-10 pick event 428, current size: 3591
pool-16-thread-16 reduces to 3591
pool-16-thread-4 Reduce to3590
pool-16-thread-4 pick event 429, current size: 3590
pool-16-thread-19 reduces to 3590
pool-16-thread-5 reduces to 3590
pool-16-thread-12 Reduce to3589
pool-16-thread-12 pick event 430, current size: 3589
pool-16-thread-8 Reduce to3588
pool-16-thread-8 pick event 431, current size: 3588
pool-16-thread-11 reduces to 3588
pool-16-thread-9 Reduce to3587
pool-16-thread-9 pick event 432, current size: 3587
pool-16-thread-10 reduces to 3587
pool-16-thread-18 Reduce to3586
pool-16-thread-18 pick event 433, current size: 3586
pool-16-thread-2 Reduce to3585
pool-16-thread-2 pick event 434, current size: 3585
pool-16-thread-3 Reduce to3584
pool-16-thread-3 pick event 435, current size: 3584
pool-16-thread-9 reduces to 3584
pool-16-thread-8 reduces to 3584
pool-16-thread-4 reduces to 3584
pool-16-thread-7 Reduce to3583
pool-16-thread-7 pick event 436, current size: 3583
pool-16-thread-18 reduces to 3583
pool-16-thread-12 reduces to 3583
pool-16-thread-20 Reduce to3582
pool-16-thread-20 pick event 437, current size: 3582
pool-16-thread-15 Reduce to3581
pool-16-thread-15 pick event 438, current size: 3581
pool-16-thread-3 reduces to 3581
pool-16-thread-2 reduces to 3581
pool-16-thread-20 reduces to 3581
pool-16-thread-7 reduces to 3581
pool-16-thread-14 Reduce to3580
pool-16-thread-14 pick event 439, current size: 3580
pool-16-thread-17 Reduce to3579
pool-16-thread-17 pick event 440, current size: 3579
pool-16-thread-15 reduces to 3579
pool-16-thread-13 Reduce to3578
pool-16-thread-13 pick event 441, current size: 3578
pool-16-thread-14 reduces to 3578
pool-16-thread-17 reduces to 3578
pool-16-thread-1 Reduce to3577
pool-16-thread-1 pick event 443, current size: 3577
pool-16-thread-13 reduces to 3576
pool-16-thread-13 reduces to 3576
pool-16-thread-16 Reduce to3575
pool-16-thread-16 pick event 444, current size: 3575
pool-16-thread-19 Reduce to3574
pool-16-thread-19 pick event 445, current size: 3574
pool-16-thread-11 Reduce to3573
pool-16-thread-11 pick event 447, current size: 3573
pool-16-thread-1 reduces to 3573
pool-16-thread-10 Reduce to3572
pool-16-thread-10 pick event 448, current size: 3572
pool-16-thread-9 Reduce to3571
pool-16-thread-9 pick event 449, current size: 3571
pool-16-thread-16 reduces to 3570
pool-16-thread-19 reduces to 3570
pool-16-thread-4 Reduce to3569
pool-16-thread-4 pick event 450, current size: 3569
pool-16-thread-8 Reduce to3568
pool-16-thread-8 pick event 451, current size: 3568
pool-16-thread-11 reduces to 3568
pool-16-thread-16 reduces to 3568
pool-16-thread-18 Reduce to3567
pool-16-thread-18 pick event 452, current size: 3567
pool-16-thread-10 reduces to 3567
pool-16-thread-12 Reduce to3566
pool-16-thread-12 pick event 453, current size: 3566
pool-16-thread-4 reduces to 3566
pool-16-thread-9 reduces to 3566
pool-16-thread-3 Reduce to3565
pool-16-thread-3 pick event 454, current size: 3565
pool-16-thread-8 reduces to 3565
pool-16-thread-2 Reduce to3564
pool-16-thread-2 pick event 455, current size: 3564
pool-16-thread-20 Reduce to3563
pool-16-thread-20 pick event 456, current size: 3563
pool-16-thread-7 Reduce to3562
pool-16-thread-7 pick event 457, current size: 3562
pool-16-thread-18 reduces to 3562
pool-16-thread-12 reduces to 3562
pool-16-thread-15 Reduce to3561
pool-16-thread-15 pick event 458, current size: 3561
pool-16-thread-6 Reduce to3560
pool-16-thread-6 pick event 459, current size: 3560
pool-16-thread-2 reduces to 3560
pool-16-thread-3 reduces to 3560
pool-16-thread-14 Reduce to3559
pool-16-thread-14 pick event 460, current size: 3559
pool-16-thread-20 reduces to 3559
pool-16-thread-15 reduces to 3559
pool-16-thread-17 Reduce to3558
pool-16-thread-17 pick event 461, current size: 3558
pool-16-thread-14 reduces to 3558
pool-16-thread-7 reduces to 3558
pool-16-thread-13 Reduce to3557
pool-16-thread-13 pick event 462, current size: 3557
pool-16-thread-5 Reduce to3556
pool-16-thread-5 pick event 463, current size: 3556
pool-16-thread-6 reduces to 3556
pool-16-thread-1 Reduce to3555
pool-16-thread-1 pick event 464, current size: 3555
pool-16-thread-17 reduces to 3555
pool-16-thread-19 Reduce to3554
pool-16-thread-19 pick event 465, current size: 3554
pool-16-thread-13 reduces to 3554
pool-16-thread-5 reduces to 3554
pool-16-thread-11 Reduce to3553
pool-16-thread-11 pick event 466, current size: 3553
pool-16-thread-1 reduces to 3553
pool-16-thread-11 reduces to 3553
pool-16-thread-5 Reduce to3552
pool-16-thread-5 pick event 467, current size: 3552
pool-16-thread-19 reduces to 3552
pool-16-thread-10 Reduce to3551
pool-16-thread-10 pick event 468, current size: 3551
pool-16-thread-4 Reduce to3550
pool-16-thread-4 pick event 469, current size: 3550
pool-16-thread-9 Reduce to3549
pool-16-thread-9 pick event 470, current size: 3549
pool-16-thread-10 reduces to 3549
pool-16-thread-5 reduces to 3549
pool-16-thread-8 Reduce to3548
pool-16-thread-8 pick event 471, current size: 3548
pool-16-thread-4 reduces to 3548
pool-16-thread-12 Reduce to3547
pool-16-thread-12 pick event 472, current size: 3547
pool-16-thread-18 Reduce to3546
pool-16-thread-18 pick event 473, current size: 3546
pool-16-thread-9 reduces to 3546
pool-16-thread-2 Reduce to3545
pool-16-thread-2 pick event 474, current size: 3545
pool-16-thread-8 reduces to 3545
pool-16-thread-3 Reduce to3544
pool-16-thread-3 pick event 475, current size: 3544
pool-16-thread-12 reduces to 3544
pool-16-thread-20 Reduce to3543
pool-16-thread-20 pick event 476, current size: 3543
pool-16-thread-18 reduces to 3543
pool-16-thread-15 Reduce to3542
pool-16-thread-15 pick event 477, current size: 3542
pool-16-thread-3 reduces to 3542
pool-16-thread-2 reduces to 3542
pool-16-thread-20 reduces to 3542
pool-16-thread-14 Reduce to3541
pool-16-thread-14 pick event 478, current size: 3541
pool-16-thread-15 reduces to 3541
pool-16-thread-7 Reduce to3540
pool-16-thread-7 pick event 479, current size: 3540
pool-16-thread-6 Reduce to3539
pool-16-thread-6 pick event 480, current size: 3539
pool-16-thread-14 reduces to 3539
pool-16-thread-17 Reduce to3538
pool-16-thread-17 pick event 481, current size: 3538
pool-16-thread-7 reduces to 3538
pool-16-thread-6 reduces to 3538
pool-16-thread-13 Reduce to3537
pool-16-thread-13 pick event 482, current size: 3537
pool-16-thread-16 Reduce to3536
pool-16-thread-16 pick event 483, current size: 3536
pool-16-thread-1 Reduce to3535
pool-16-thread-1 pick event 484, current size: 3535
pool-16-thread-17 reduces to 3535
pool-16-thread-11 Reduce to3534
pool-16-thread-11 pick event 485, current size: 3534
pool-16-thread-13 reduces to 3534
pool-16-thread-1 reduces to 3534
pool-16-thread-19 Reduce to3533
pool-16-thread-19 pick event 486, current size: 3533
pool-16-thread-16 reduces to 3533
pool-16-thread-10 Reduce to3532
pool-16-thread-10 pick event 487, current size: 3532
pool-16-thread-5 Reduce to3531
pool-16-thread-5 pick event 488, current size: 3531
pool-16-thread-11 reduces to 3531
pool-16-thread-4 Reduce to3530
pool-16-thread-4 pick event 489, current size: 3530
pool-16-thread-19 reduces to 3530
pool-16-thread-10 reduces to 3530
pool-16-thread-5 reduces to 3530
pool-16-thread-9 Reduce to3529
pool-16-thread-9 pick event 490, current size: 3529
pool-16-thread-8 Reduce to3528
pool-16-thread-8 pick event 491, current size: 3528
pool-16-thread-4 reduces to 3528
pool-16-thread-12 Reduce to3527
pool-16-thread-12 pick event 492, current size: 3527
pool-16-thread-9 reduces to 3527
pool-16-thread-18 Reduce to3526
pool-16-thread-18 pick event 493, current size: 3526
pool-16-thread-3 Reduce to3525
pool-16-thread-3 pick event 494, current size: 3525
pool-16-thread-12 reduces to 3525
pool-16-thread-2 Reduce to3524
pool-16-thread-2 pick event 495, current size: 3524
pool-16-thread-8 reduces to 3524
pool-16-thread-20 Reduce to3523
pool-16-thread-20 pick event 496, current size: 3523
pool-16-thread-15 Reduce to3522
pool-16-thread-15 pick event 497, current size: 3522
pool-16-thread-2 reduces to 3522
pool-16-thread-14 Reduce to3521
pool-16-thread-14 pick event 498, current size: 3521
pool-16-thread-7 Reduce to3520
pool-16-thread-7 pick event 499, current size: 3520
pool-16-thread-3 reduces to 3520
pool-16-thread-6 Reduce to3519
pool-16-thread-6 pick event 500, current size: 3519
pool-16-thread-18 reduces to 3519
pool-16-thread-20 reduces to 3519
pool-16-thread-17 Reduce to3518
pool-16-thread-17 pick event 501, current size: 3518
pool-16-thread-15 reduces to 3518
pool-16-thread-14 reduces to 3518
pool-16-thread-13 Reduce to3517
pool-16-thread-13 pick event 502, current size: 3517
pool-16-thread-7 reduces to 3517
pool-16-thread-1 Reduce to3516
pool-16-thread-1 pick event 503, current size: 3516
pool-16-thread-6 reduces to 3516
pool-16-thread-16 Reduce to3515
pool-16-thread-16 pick event 504, current size: 3515
pool-16-thread-17 reduces to 3515
pool-16-thread-11 Reduce to3514
pool-16-thread-11 pick event 505, current size: 3514
pool-16-thread-19 Reduce to3513
pool-16-thread-19 pick event 506, current size: 3513
pool-16-thread-13 reduces to 3513
pool-16-thread-10 Reduce to3512
pool-16-thread-10 pick event 507, current size: 3512
pool-16-thread-16 reduces to 3512
pool-16-thread-5 Reduce to3511
pool-16-thread-5 pick event 508, current size: 3511
pool-16-thread-1 reduces to 3511
pool-16-thread-11 reduces to 3511
pool-16-thread-19 reduces to 3511
pool-16-thread-4 Reduce to3510
pool-16-thread-4 pick event 509, current size: 3510
pool-16-thread-9 Reduce to3509
pool-16-thread-9 pick event 510, current size: 3509
pool-16-thread-10 reduces to 3509
pool-16-thread-5 reduces to 3509
pool-16-thread-12 Reduce to3508
pool-16-thread-12 pick event 511, current size: 3508
pool-16-thread-8 Reduce to3507
pool-16-thread-8 pick event 512, current size: 3507
pool-16-thread-4 reduces to 3507
pool-16-thread-12 reduces to 3507
pool-16-thread-2 Reduce to3506
pool-16-thread-2 pick event 513, current size: 3506
pool-16-thread-9 reduces to 3506
pool-16-thread-3 Reduce to3505
pool-16-thread-3 pick event 514, current size: 3505
pool-16-thread-8 reduces to 3505
pool-16-thread-18 Reduce to3504
pool-16-thread-18 pick event 515, current size: 3504
pool-16-thread-20 Reduce to3503
pool-16-thread-20 pick event 516, current size: 3503
pool-16-thread-2 reduces to 3503
pool-16-thread-15 Reduce to3502
pool-16-thread-15 pick event 517, current size: 3502
pool-16-thread-18 reduces to 3502
pool-16-thread-3 reduces to 3502
pool-16-thread-14 Reduce to3501
pool-16-thread-14 pick event 518, current size: 3501
pool-16-thread-15 reduces to 3501
pool-16-thread-20 reduces to 3501
pool-16-thread-7 pick event 519, current size: 3500
pool-16-thread-6 pick event 520, current size: 3499
pool-16-thread-17 pick event 521, current size: 3498
pool-16-thread-13 pick event 522, current size: 3497
pool-16-thread-1 pick event 523, current size: 3496
pool-16-thread-16 pick event 524, current size: 3495
pool-16-thread-19 pick event 526, current size: 3494
pool-16-thread-10 pick event 527, current size: 3493
pool-16-thread-5 pick event 528, current size: 3492
pool-16-thread-12 pick event 530, current size: 3490
pool-16-thread-9 pick event 531, current size: 3489
pool-16-thread-18 pick event 532, current size: 3487
pool-16-thread-8 pick event 533, current size: 3486
pool-16-thread-2 pick event 534, current size: 3485
pool-16-thread-3 pick event 535, current size: 3484
pool-16-thread-15 pick event 536, current size: 3483
pool-16-thread-20 pick event 537, current size: 3482
pool-16-thread-14 pick event 538, current size: 3481
pool-16-thread-6 pick event 539, current size: 3480
pool-16-thread-12 pick event 540, current size: 3479
pool-16-thread-13 pick event 541, current size: 3478
pool-16-thread-11 pick event 542, current size: 3477
pool-16-thread-17 pick event 543, current size: 3476
pool-16-thread-16 pick event 544, current size: 3475
pool-16-thread-4 pick event 545, current size: 3474
pool-16-thread-1 pick event 546, current size: 3473
pool-16-thread-19 pick event 547, current size: 3472
pool-16-thread-10 pick event 548, current size: 3471
pool-16-thread-7 pick event 549, current size: 3470
pool-16-thread-5 pick event 550, current size: 3469
pool-16-thread-9 pick event 551, current size: 3468
pool-16-thread-8 pick event 552, current size: 3467
pool-16-thread-18 pick event 553, current size: 3466
pool-16-thread-20 pick event 554, current size: 3465
pool-16-thread-2 pick event 555, current size: 3464
pool-16-thread-3 pick event 556, current size: 3463
pool-16-thread-15 pick event 557, current size: 3462
pool-16-thread-14 pick event 558, current size: 3461
pool-16-thread-6 pick event 559, current size: 3460
pool-16-thread-12 pick event 561, current size: 3458
pool-16-thread-11 pick event 562, current size: 3457
pool-16-thread-17 pick event 563, current size: 3456
pool-16-thread-16 pick event 564, current size: 3455
pool-16-thread-4 pick event 565, current size: 3454
pool-16-thread-10 pick event 566, current size: 3453
pool-16-thread-19 pick event 567, current size: 3452
pool-16-thread-11 pick event 568, current size: 3451
pool-16-thread-8 pick event 569, current size: 3450
pool-16-thread-7 pick event 570, current size: 3449
pool-16-thread-9 pick event 571, current size: 3448
pool-16-thread-18 pick event 572, current size: 3447
pool-16-thread-5 pick event 573, current size: 3446
pool-16-thread-20 pick event 574, current size: 3445
pool-16-thread-3 pick event 575, current size: 3444
pool-16-thread-2 pick event 576, current size: 3443
pool-16-thread-13 pick event 577, current size: 3442
pool-16-thread-15 pick event 578, current size: 3441
pool-16-thread-14 pick event 579, current size: 3440
pool-16-thread-6 pick event 580, current size: 3439
pool-16-thread-12 pick event 581, current size: 3438
pool-16-thread-16 pick event 582, current size: 3437
pool-16-thread-1 pick event 583, current size: 3436
pool-16-thread-17 pick event 584, current size: 3435
pool-16-thread-4 pick event 585, current size: 3434
pool-16-thread-10 pick event 586, current size: 3433
pool-16-thread-19 pick event 587, current size: 3432
pool-16-thread-11 pick event 588, current size: 3431
pool-16-thread-8 pick event 589, current size: 3430
pool-16-thread-9 pick event 590, current size: 3429
pool-16-thread-7 pick event 591, current size: 3428
pool-16-thread-18 pick event 592, current size: 3427
pool-16-thread-5 pick event 593, current size: 3426
pool-16-thread-2 pick event 594, current size: 3425
pool-16-thread-20 pick event 595, current size: 3424
pool-16-thread-3 pick event 596, current size: 3423
pool-16-thread-13 pick event 597, current size: 3422
pool-16-thread-15 pick event 598, current size: 3421
pool-16-thread-6 pick event 599, current size: 3420
pool-16-thread-14 pick event 600, current size: 3419
pool-16-thread-16 pick event 602, current size: 3417
pool-16-thread-1 pick event 603, current size: 3416
pool-16-thread-17 pick event 604, current size: 3415
pool-16-thread-10 pick event 605, current size: 3414
pool-16-thread-4 pick event 606, current size: 3413
pool-16-thread-19 pick event 607, current size: 3412
pool-16-thread-8 pick event 608, current size: 3411
pool-16-thread-11 pick event 609, current size: 3410
pool-16-thread-9 pick event 610, current size: 3409
pool-16-thread-7 pick event 611, current size: 3408
pool-16-thread-18 pick event 612, current size: 3407
pool-16-thread-2 pick event 613, current size: 3406
pool-16-thread-20 pick event 614, current size: 3405
pool-16-thread-5 pick event 615, current size: 3404
pool-16-thread-3 pick event 616, current size: 3403
pool-16-thread-12 pick event 617, current size: 3402
pool-16-thread-15 pick event 618, current size: 3401
pool-16-thread-13 pick event 619, current size: 3400
pool-16-thread-6 pick event 620, current size: 3399
pool-16-thread-14 pick event 621, current size: 3398
pool-16-thread-16 pick event 622, current size: 3397
pool-16-thread-15 pick event 623, current size: 3396
pool-16-thread-10 pick event 624, current size: 3395
pool-16-thread-1 pick event 625, current size: 3394
pool-16-thread-19 pick event 626, current size: 3393
pool-16-thread-11 pick event 627, current size: 3392
pool-16-thread-4 pick event 628, current size: 3391
pool-16-thread-8 pick event 629, current size: 3390
pool-16-thread-9 pick event 630, current size: 3389
pool-16-thread-7 pick event 631, current size: 3388
pool-16-thread-18 pick event 632, current size: 3387
pool-16-thread-2 pick event 633, current size: 3386
pool-16-thread-20 pick event 634, current size: 3385
pool-16-thread-5 pick event 635, current size: 3384
pool-16-thread-3 pick event 636, current size: 3383
pool-16-thread-13 pick event 638, current size: 3382
pool-16-thread-17 pick event 639, current size: 3381
pool-16-thread-14 pick event 640, current size: 3379
pool-16-thread-16 pick event 641, current size: 3378
pool-16-thread-6 pick event 642, current size: 3377
pool-16-thread-15 pick event 643, current size: 3376
pool-16-thread-10 pick event 644, current size: 3375
pool-16-thread-1 pick event 645, current size: 3374
pool-16-thread-19 pick event 646, current size: 3373
pool-16-thread-11 pick event 647, current size: 3372
pool-16-thread-8 pick event 648, current size: 3371
pool-16-thread-4 pick event 649, current size: 3370
pool-16-thread-7 pick event 650, current size: 3369
pool-16-thread-9 pick event 651, current size: 3368
pool-16-thread-18 pick event 652, current size: 3367
pool-16-thread-2 pick event 653, current size: 3366
pool-16-thread-3 pick event 654, current size: 3365
pool-16-thread-12 pick event 655, current size: 3364
pool-16-thread-20 pick event 656, current size: 3363
pool-16-thread-5 pick event 657, current size: 3362
pool-16-thread-17 pick event 658, current size: 3361
pool-16-thread-14 pick event 659, current size: 3360
pool-16-thread-13 pick event 660, current size: 3359
pool-16-thread-16 pick event 661, current size: 3358
pool-16-thread-6 pick event 662, current size: 3357
pool-16-thread-1 pick event 663, current size: 3356
pool-16-thread-19 pick event 664, current size: 3355
pool-16-thread-10 pick event 665, current size: 3354
pool-16-thread-11 pick event 666, current size: 3353
pool-16-thread-15 pick event 667, current size: 3352
pool-16-thread-8 pick event 668, current size: 3351
pool-16-thread-4 pick event 669, current size: 3350
pool-16-thread-9 pick event 670, current size: 3349
pool-16-thread-7 pick event 671, current size: 3348
pool-16-thread-18 pick event 672, current size: 3347
pool-16-thread-2 pick event 673, current size: 3346
pool-16-thread-3 pick event 674, current size: 3345
pool-16-thread-12 pick event 675, current size: 3344
pool-16-thread-20 pick event 676, current size: 3343
pool-16-thread-5 pick event 677, current size: 3342
pool-16-thread-17 pick event 678, current size: 3341
pool-16-thread-14 pick event 679, current size: 3340
pool-16-thread-13 pick event 680, current size: 3339
pool-16-thread-16 pick event 681, current size: 3338
pool-16-thread-6 pick event 682, current size: 3337
pool-16-thread-1 pick event 683, current size: 3336
pool-16-thread-19 pick event 684, current size: 3335
pool-16-thread-10 pick event 685, current size: 3334
pool-16-thread-11 pick event 686, current size: 3333
pool-16-thread-8 pick event 687, current size: 3332
pool-16-thread-15 pick event 688, current size: 3331
pool-16-thread-7 pick event 689, current size: 3330
pool-16-thread-4 pick event 690, current size: 3329
pool-16-thread-9 pick event 691, current size: 3328
pool-16-thread-2 pick event 692, current size: 3327
pool-16-thread-12 pick event 693, current size: 3326
pool-16-thread-18 pick event 694, current size: 3325
pool-16-thread-3 pick event 695, current size: 3324
pool-16-thread-7 pick event 696, current size: 3323
pool-16-thread-5 pick event 697, current size: 3322
pool-16-thread-17 pick event 698, current size: 3321
pool-16-thread-14 pick event 699, current size: 3320
pool-16-thread-13 pick event 700, current size: 3319
pool-16-thread-16 pick event 701, current size: 3318
pool-16-thread-1 pick event 702, current size: 3317
pool-16-thread-6 pick event 703, current size: 3316
pool-16-thread-19 pick event 704, current size: 3315
pool-16-thread-11 pick event 705, current size: 3314
pool-16-thread-10 pick event 706, current size: 3313
pool-16-thread-8 pick event 707, current size: 3312
pool-16-thread-15 pick event 708, current size: 3311
pool-16-thread-4 pick event 709, current size: 3310
pool-16-thread-2 pick event 710, current size: 3309
pool-16-thread-9 pick event 711, current size: 3308
pool-16-thread-20 pick event 712, current size: 3307
pool-16-thread-18 pick event 713, current size: 3306
pool-16-thread-3 pick event 714, current size: 3305
pool-16-thread-12 pick event 715, current size: 3304
pool-16-thread-14 pick event 716, current size: 3303
pool-16-thread-2 pick event 717, current size: 3302
pool-16-thread-20 pick event 718, current size: 3301
pool-16-thread-17 pick event 719, current size: 3300
pool-16-thread-13 pick event 720, current size: 3299
pool-16-thread-16 pick event 721, current size: 3298
pool-16-thread-1 pick event 722, current size: 3297
pool-16-thread-6 pick event 723, current size: 3296
pool-16-thread-19 pick event 724, current size: 3295
pool-16-thread-10 pick event 725, current size: 3294
pool-16-thread-16 pick event 726, current size: 3293
pool-16-thread-15 pick event 727, current size: 3292
pool-16-thread-8 pick event 728, current size: 3291
pool-16-thread-4 pick event 729, current size: 3290
pool-16-thread-9 pick event 730, current size: 3289
pool-16-thread-7 pick event 731, current size: 3288
pool-16-thread-18 pick event 732, current size: 3287
pool-16-thread-5 pick event 733, current size: 3286
pool-16-thread-3 pick event 734, current size: 3285
pool-16-thread-12 pick event 735, current size: 3284
pool-16-thread-14 pick event 736, current size: 3283
pool-16-thread-20 pick event 737, current size: 3282
pool-16-thread-2 pick event 738, current size: 3281
pool-16-thread-17 pick event 739, current size: 3280
pool-16-thread-13 pick event 740, current size: 3279
pool-16-thread-11 pick event 741, current size: 3278
pool-16-thread-1 pick event 742, current size: 3277
pool-16-thread-19 pick event 743, current size: 3276
pool-16-thread-6 pick event 744, current size: 3275
pool-16-thread-16 pick event 745, current size: 3274
pool-16-thread-10 pick event 746, current size: 3273
pool-16-thread-8 pick event 747, current size: 3272
pool-16-thread-15 pick event 748, current size: 3271
pool-16-thread-9 pick event 749, current size: 3270
pool-16-thread-4 pick event 750, current size: 3269
pool-16-thread-7 pick event 751, current size: 3268
pool-16-thread-18 pick event 752, current size: 3267
pool-16-thread-5 pick event 753, current size: 3266
pool-16-thread-3 pick event 754, current size: 3265
pool-16-thread-12 pick event 755, current size: 3264
pool-16-thread-14 pick event 756, current size: 3263
pool-16-thread-5 pick event 757, current size: 3262
pool-16-thread-2 pick event 758, current size: 3261
pool-16-thread-13 pick event 759, current size: 3260
pool-16-thread-11 pick event 760, current size: 3259
pool-16-thread-17 pick event 761, current size: 3258
pool-16-thread-19 pick event 762, current size: 3257
pool-16-thread-1 pick event 763, current size: 3256
pool-16-thread-6 pick event 764, current size: 3255
pool-16-thread-10 pick event 766, current size: 3253
pool-16-thread-15 pick event 767, current size: 3252
pool-16-thread-4 pick event 768, current size: 3251
pool-16-thread-8 pick event 769, current size: 3250
pool-16-thread-7 pick event 770, current size: 3249
pool-16-thread-9 pick event 771, current size: 3248
pool-16-thread-18 pick event 772, current size: 3247
pool-16-thread-20 pick event 773, current size: 3246
pool-16-thread-7 pick event 774, current size: 3245
pool-16-thread-12 pick event 775, current size: 3244
pool-16-thread-14 pick event 776, current size: 3243
pool-16-thread-2 pick event 777, current size: 3242
pool-16-thread-5 pick event 778, current size: 3241
pool-16-thread-11 pick event 779, current size: 3240
pool-16-thread-12 pick event 780, current size: 3239
pool-16-thread-17 pick event 781, current size: 3238
pool-16-thread-16 pick event 782, current size: 3237
pool-16-thread-1 pick event 783, current size: 3236
pool-16-thread-6 pick event 784, current size: 3235
pool-16-thread-19 pick event 785, current size: 3234
pool-16-thread-10 pick event 786, current size: 3233
pool-16-thread-4 pick event 787, current size: 3232
pool-16-thread-3 pick event 788, current size: 3231
pool-16-thread-8 pick event 789, current size: 3230
pool-16-thread-15 pick event 790, current size: 3229
pool-16-thread-18 pick event 791, current size: 3228
pool-16-thread-4 pick event 792, current size: 3227
pool-16-thread-20 pick event 793, current size: 3226
pool-16-thread-7 pick event 794, current size: 3225
pool-16-thread-8 pick event 795, current size: 3224
pool-16-thread-14 pick event 796, current size: 3223
pool-16-thread-11 pick event 797, current size: 3222
pool-16-thread-5 pick event 798, current size: 3221
pool-16-thread-2 pick event 799, current size: 3220
pool-16-thread-12 pick event 800, current size: 3219
pool-16-thread-17 pick event 801, current size: 3218
pool-16-thread-1 pick event 802, current size: 3217
pool-16-thread-16 pick event 803, current size: 3216
pool-16-thread-6 pick event 804, current size: 3215
pool-16-thread-19 pick event 805, current size: 3214
pool-16-thread-10 pick event 806, current size: 3213
pool-16-thread-9 pick event 807, current size: 3212
pool-16-thread-3 pick event 808, current size: 3211
pool-16-thread-18 pick event 810, current size: 3210
pool-16-thread-13 pick event 811, current size: 3209
pool-16-thread-4 pick event 812, current size: 3208
pool-16-thread-7 pick event 813, current size: 3206
pool-16-thread-20 pick event 814, current size: 3205
pool-16-thread-14 pick event 815, current size: 3204
pool-16-thread-8 pick event 816, current size: 3203
pool-16-thread-11 pick event 817, current size: 3202
pool-16-thread-2 pick event 818, current size: 3201
pool-16-thread-5 pick event 819, current size: 3200
pool-16-thread-12 pick event 820, current size: 3199
pool-16-thread-17 pick event 821, current size: 3198
pool-16-thread-1 pick event 822, current size: 3197
pool-16-thread-6 pick event 823, current size: 3196
pool-16-thread-15 pick event 824, current size: 3195
pool-16-thread-16 pick event 825, current size: 3194
pool-16-thread-10 pick event 826, current size: 3193
pool-16-thread-3 pick event 827, current size: 3192
pool-16-thread-19 pick event 828, current size: 3191
pool-16-thread-9 pick event 829, current size: 3190
pool-16-thread-13 pick event 830, current size: 3189
pool-16-thread-18 pick event 831, current size: 3188
pool-16-thread-4 pick event 832, current size: 3187
pool-16-thread-20 pick event 833, current size: 3186
pool-16-thread-7 pick event 834, current size: 3185
pool-16-thread-8 pick event 835, current size: 3184
pool-16-thread-14 pick event 836, current size: 3183
pool-16-thread-2 pick event 837, current size: 3182
pool-16-thread-11 pick event 838, current size: 3181
pool-16-thread-5 pick event 839, current size: 3180
pool-16-thread-17 pick event 840, current size: 3179
pool-16-thread-12 pick event 841, current size: 3178
pool-16-thread-1 pick event 842, current size: 3177
pool-16-thread-6 pick event 843, current size: 3176
pool-16-thread-16 pick event 844, current size: 3175
pool-16-thread-15 pick event 845, current size: 3174
pool-16-thread-10 pick event 846, current size: 3173
pool-16-thread-3 pick event 847, current size: 3172
pool-16-thread-16 pick event 848, current size: 3171
pool-16-thread-9 pick event 849, current size: 3170
pool-16-thread-13 pick event 850, current size: 3169
pool-16-thread-18 pick event 851, current size: 3168
pool-16-thread-4 pick event 852, current size: 3167
pool-16-thread-20 pick event 853, current size: 3166
pool-16-thread-13 pick event 854, current size: 3165
pool-16-thread-8 pick event 855, current size: 3164
pool-16-thread-14 pick event 856, current size: 3163
pool-16-thread-2 pick event 857, current size: 3162
pool-16-thread-5 pick event 858, current size: 3161
pool-16-thread-11 pick event 859, current size: 3160
pool-16-thread-17 pick event 860, current size: 3159
pool-16-thread-12 pick event 861, current size: 3158
pool-16-thread-1 pick event 862, current size: 3157
pool-16-thread-6 pick event 863, current size: 3156
pool-16-thread-15 pick event 864, current size: 3155
pool-16-thread-19 pick event 865, current size: 3154
pool-16-thread-10 pick event 866, current size: 3153
pool-16-thread-3 pick event 867, current size: 3152
pool-16-thread-9 pick event 868, current size: 3151
pool-16-thread-16 pick event 869, current size: 3150
pool-16-thread-7 pick event 870, current size: 3149
pool-16-thread-4 pick event 871, current size: 3148
pool-16-thread-20 pick event 872, current size: 3147
pool-16-thread-18 pick event 873, current size: 3146
pool-16-thread-8 pick event 874, current size: 3145
pool-16-thread-13 pick event 875, current size: 3144
pool-16-thread-5 pick event 876, current size: 3143
pool-16-thread-14 pick event 877, current size: 3142
pool-16-thread-2 pick event 878, current size: 3141
pool-16-thread-11 pick event 879, current size: 3140
pool-16-thread-17 pick event 880, current size: 3139
pool-16-thread-12 pick event 881, current size: 3138
pool-16-thread-1 pick event 882, current size: 3137
pool-16-thread-6 pick event 883, current size: 3136
pool-16-thread-15 pick event 884, current size: 3135
pool-16-thread-3 pick event 885, current size: 3134
pool-16-thread-10 pick event 886, current size: 3133
pool-16-thread-19 pick event 887, current size: 3132
pool-16-thread-4 pick event 888, current size: 3131
pool-16-thread-9 pick event 889, current size: 3130
pool-16-thread-7 pick event 890, current size: 3129
pool-16-thread-16 pick event 891, current size: 3128
pool-16-thread-18 pick event 892, current size: 3127
pool-16-thread-20 pick event 893, current size: 3126
pool-16-thread-13 pick event 894, current size: 3125
pool-16-thread-5 pick event 895, current size: 3124
pool-16-thread-8 pick event 896, current size: 3123
pool-16-thread-14 pick event 897, current size: 3122
pool-16-thread-11 pick event 898, current size: 3121
pool-16-thread-17 pick event 900, current size: 3119
pool-16-thread-12 pick event 901, current size: 3118
pool-16-thread-6 pick event 902, current size: 3117
pool-16-thread-15 pick event 904, current size: 3116
pool-16-thread-10 pick event 905, current size: 3115
pool-16-thread-19 pick event 906, current size: 3113
pool-16-thread-9 pick event 907, current size: 3112
pool-16-thread-3 pick event 909, current size: 3111
pool-16-thread-16 pick event 910, current size: 3109
pool-16-thread-18 pick event 911, current size: 3108
pool-16-thread-7 pick event 912, current size: 3107
pool-16-thread-20 pick event 913, current size: 3106
pool-16-thread-13 pick event 914, current size: 3105
pool-16-thread-8 pick event 915, current size: 3104
pool-16-thread-5 pick event 916, current size: 3103
pool-16-thread-14 pick event 917, current size: 3102
pool-16-thread-2 pick event 918, current size: 3101
pool-16-thread-1 pick event 919, current size: 3100
pool-16-thread-6 pick event 921, current size: 3098
pool-16-thread-1 pick event 922, current size: 3097
pool-16-thread-4 pick event 923, current size: 3096
pool-16-thread-15 pick event 924, current size: 3095
pool-16-thread-2 pick event 925, current size: 3094
pool-16-thread-19 pick event 926, current size: 3093
pool-16-thread-9 pick event 927, current size: 3092
pool-16-thread-3 pick event 929, current size: 3091
pool-16-thread-10 pick event 930, current size: 3089
pool-16-thread-15 pick event 931, current size: 3088
pool-16-thread-18 pick event 932, current size: 3087
pool-16-thread-13 pick event 933, current size: 3086
pool-16-thread-7 pick event 934, current size: 3085
pool-16-thread-8 pick event 935, current size: 3084
pool-16-thread-11 pick event 936, current size: 3083
pool-16-thread-5 pick event 937, current size: 3082
pool-16-thread-14 pick event 938, current size: 3081
pool-16-thread-17 pick event 939, current size: 3080
pool-16-thread-12 pick event 940, current size: 3079
pool-16-thread-6 pick event 941, current size: 3078
pool-16-thread-4 pick event 942, current size: 3077
pool-16-thread-1 pick event 943, current size: 3076
pool-16-thread-19 pick event 945, current size: 3075
pool-16-thread-20 pick event 946, current size: 3074
pool-16-thread-2 pick event 947, current size: 3072
pool-16-thread-9 pick event 948, current size: 3071
pool-16-thread-10 pick event 949, current size: 3070
pool-16-thread-3 pick event 950, current size: 3069
pool-16-thread-18 pick event 951, current size: 3068
pool-16-thread-1 pick event 952, current size: 3067
pool-16-thread-8 pick event 953, current size: 3066
pool-16-thread-13 pick event 954, current size: 3065
pool-16-thread-15 pick event 955, current size: 3064
pool-16-thread-5 pick event 956, current size: 3063
pool-16-thread-11 pick event 957, current size: 3062
pool-16-thread-17 pick event 959, current size: 3061
pool-16-thread-12 pick event 960, current size: 3060
pool-16-thread-16 pick event 961, current size: 3059
pool-16-thread-6 pick event 962, current size: 3057
pool-16-thread-4 pick event 963, current size: 3056
pool-16-thread-19 pick event 965, current size: 3054
pool-16-thread-20 pick event 966, current size: 3053
pool-16-thread-2 pick event 967, current size: 3052
pool-16-thread-9 pick event 968, current size: 3051
pool-16-thread-3 pick event 969, current size: 3050
pool-16-thread-18 pick event 970, current size: 3049
pool-16-thread-10 pick event 971, current size: 3048
pool-16-thread-8 pick event 972, current size: 3047
pool-16-thread-13 pick event 974, current size: 3045
pool-16-thread-14 pick event 975, current size: 3044
pool-16-thread-5 pick event 976, current size: 3043
pool-16-thread-15 pick event 977, current size: 3042
pool-16-thread-17 pick event 978, current size: 3041
pool-16-thread-7 pick event 979, current size: 3040
pool-16-thread-12 pick event 980, current size: 3039
pool-16-thread-16 pick event 981, current size: 3038
pool-16-thread-4 pick event 982, current size: 3037
pool-16-thread-6 pick event 983, current size: 3036
pool-16-thread-19 pick event 985, current size: 3034
pool-16-thread-1 pick event 986, current size: 3033
pool-16-thread-3 pick event 987, current size: 3032
pool-16-thread-2 pick event 988, current size: 3031
pool-16-thread-20 pick event 989, current size: 3030
pool-16-thread-9 pick event 990, current size: 3029
pool-16-thread-18 pick event 991, current size: 3028
pool-16-thread-10 pick event 993, current size: 3027
pool-16-thread-8 pick event 994, current size: 3026
pool-16-thread-14 pick event 995, current size: 3025
pool-16-thread-11 pick event 996, current size: 3023
pool-16-thread-5 pick event 997, current size: 3022
pool-16-thread-17 pick event 998, current size: 3021
pool-16-thread-7 pick event 999, current size: 3020
pool-16-thread-4 pick event 1000, current size: 3019
pool-16-thread-15 pick event 1001, current size: 3018
pool-16-thread-12 pick event 1002, current size: 3017
pool-16-thread-16 pick event 1003, current size: 3016
pool-16-thread-19 pick event 1005, current size: 3015
pool-16-thread-13 pick event 1006, current size: 3014
pool-16-thread-3 pick event 1007, current size: 3013
pool-16-thread-1 pick event 1008, current size: 3011
pool-16-thread-2 pick event 1009, current size: 3010
pool-16-thread-9 pick event 1010, current size: 3009
pool-16-thread-18 pick event 1011, current size: 3008
pool-16-thread-20 pick event 1012, current size: 3007
pool-16-thread-8 pick event 1013, current size: 3006
pool-16-thread-10 pick event 1014, current size: 3005
pool-16-thread-14 pick event 1015, current size: 3004
pool-16-thread-11 pick event 1016, current size: 3003
pool-16-thread-5 pick event 1017, current size: 3002
pool-16-thread-4 pick event 1018, current size: 3001
pool-16-thread-17 pick event 1019, current size: 3000
pool-16-thread-6 pick event 1020, current size: 2999
pool-16-thread-7 pick event 1021, current size: 2998
pool-16-thread-15 pick event 1022, current size: 2997
pool-16-thread-12 pick event 1023, current size: 2996
pool-16-thread-13 pick event 1024, current size: 2995
pool-16-thread-16 pick event 1025, current size: 2994
pool-16-thread-19 pick event 1026, current size: 2993
pool-16-thread-1 pick event 1027, current size: 2992
pool-16-thread-3 pick event 1028, current size: 2991
pool-16-thread-2 pick event 1029, current size: 2990
pool-16-thread-9 pick event 1030, current size: 2989
pool-16-thread-18 pick event 1031, current size: 2988
pool-16-thread-20 pick event 1032, current size: 2987
pool-16-thread-8 pick event 1033, current size: 2986
pool-16-thread-14 pick event 1034, current size: 2985
pool-16-thread-10 pick event 1035, current size: 2984
pool-16-thread-11 pick event 1036, current size: 2983
pool-16-thread-5 pick event 1037, current size: 2982
pool-16-thread-4 pick event 1038, current size: 2981
pool-16-thread-17 pick event 1039, current size: 2980
pool-16-thread-7 pick event 1040, current size: 2979
pool-16-thread-15 pick event 1041, current size: 2978
pool-16-thread-6 pick event 1042, current size: 2977
pool-16-thread-12 pick event 1043, current size: 2976
pool-16-thread-13 pick event 1044, current size: 2975
pool-16-thread-16 pick event 1045, current size: 2974
pool-16-thread-19 pick event 1046, current size: 2973
pool-16-thread-13 pick event 1047, current size: 2972
pool-16-thread-3 pick event 1048, current size: 2971
pool-16-thread-9 pick event 1049, current size: 2970
pool-16-thread-2 pick event 1050, current size: 2969
pool-16-thread-18 pick event 1051, current size: 2968
pool-16-thread-20 pick event 1052, current size: 2967
pool-16-thread-8 pick event 1053, current size: 2966
pool-16-thread-10 pick event 1054, current size: 2965
pool-16-thread-18 pick event 1055, current size: 2964
pool-16-thread-11 pick event 1056, current size: 2963
pool-16-thread-5 pick event 1057, current size: 2962
pool-16-thread-17 pick event 1058, current size: 2961
pool-16-thread-4 pick event 1059, current size: 2960
pool-16-thread-7 pick event 1060, current size: 2959
pool-16-thread-12 pick event 1062, current size: 2957
pool-16-thread-1 pick event 1063, current size: 2956
pool-16-thread-15 pick event 1064, current size: 2955
pool-16-thread-16 pick event 1065, current size: 2954
pool-16-thread-13 pick event 1066, current size: 2953
pool-16-thread-19 pick event 1067, current size: 2952
pool-16-thread-3 pick event 1068, current size: 2951
pool-16-thread-2 pick event 1069, current size: 2950
pool-16-thread-9 pick event 1070, current size: 2949
pool-16-thread-14 pick event 1071, current size: 2948
pool-16-thread-8 pick event 1072, current size: 2947
pool-16-thread-20 pick event 1073, current size: 2946
pool-16-thread-10 pick event 1074, current size: 2945
pool-16-thread-18 pick event 1075, current size: 2944
pool-16-thread-11 pick event 1076, current size: 2943
pool-16-thread-5 pick event 1077, current size: 2942
pool-16-thread-17 pick event 1078, current size: 2941
pool-16-thread-6 pick event 1079, current size: 2940
pool-16-thread-7 pick event 1080, current size: 2939
pool-16-thread-4 pick event 1081, current size: 2938
pool-16-thread-15 pick event 1082, current size: 2937
pool-16-thread-16 pick event 1083, current size: 2936
pool-16-thread-12 pick event 1084, current size: 2935
pool-16-thread-19 pick event 1085, current size: 2934
pool-16-thread-1 pick event 1086, current size: 2933
pool-16-thread-13 pick event 1087, current size: 2932
pool-16-thread-2 pick event 1088, current size: 2931
pool-16-thread-3 pick event 1089, current size: 2930
pool-16-thread-9 pick event 1090, current size: 2929
pool-16-thread-1 pick event 1091, current size: 2928
pool-16-thread-20 pick event 1092, current size: 2927
pool-16-thread-8 pick event 1093, current size: 2926
pool-16-thread-10 pick event 1094, current size: 2925
pool-16-thread-18 pick event 1095, current size: 2924
pool-16-thread-11 pick event 1096, current size: 2923
pool-16-thread-5 pick event 1097, current size: 2922
pool-16-thread-6 pick event 1099, current size: 2920
pool-16-thread-17 pick event 1100, current size: 2919
pool-16-thread-4 pick event 1101, current size: 2918
pool-16-thread-15 pick event 1102, current size: 2917
pool-16-thread-12 pick event 1103, current size: 2916
pool-16-thread-16 pick event 1104, current size: 2915
pool-16-thread-11 pick event 1105, current size: 2914
pool-16-thread-14 pick event 1106, current size: 2913
pool-16-thread-13 pick event 1107, current size: 2912
pool-16-thread-2 pick event 1108, current size: 2911
pool-16-thread-9 pick event 1109, current size: 2910
pool-16-thread-3 pick event 1110, current size: 2909
pool-16-thread-1 pick event 1111, current size: 2908
pool-16-thread-8 pick event 1112, current size: 2907
pool-16-thread-20 pick event 1113, current size: 2906
pool-16-thread-10 pick event 1114, current size: 2905
pool-16-thread-7 pick event 1116, current size: 2904
pool-16-thread-5 pick event 1117, current size: 2903
pool-16-thread-19 pick event 1118, current size: 2901
pool-16-thread-20 pick event 1119, current size: 2900
pool-16-thread-16 pick event 1120, current size: 2899
pool-16-thread-4 pick event 1121, current size: 2898
pool-16-thread-17 pick event 1122, current size: 2897
pool-16-thread-15 pick event 1123, current size: 2896
pool-16-thread-11 pick event 1124, current size: 2895
pool-16-thread-12 pick event 1125, current size: 2894
pool-16-thread-14 pick event 1126, current size: 2893
pool-16-thread-2 pick event 1127, current size: 2892
pool-16-thread-13 pick event 1128, current size: 2891
pool-16-thread-3 pick event 1129, current size: 2890
pool-16-thread-9 pick event 1130, current size: 2889
pool-16-thread-1 pick event 1131, current size: 2888
pool-16-thread-18 pick event 1132, current size: 2887
pool-16-thread-8 pick event 1133, current size: 2886
pool-16-thread-6 pick event 1134, current size: 2885
pool-16-thread-10 pick event 1135, current size: 2884
pool-16-thread-19 pick event 1137, current size: 2882
pool-16-thread-5 pick event 1138, current size: 2881
pool-16-thread-7 pick event 1139, current size: 2880
pool-16-thread-16 pick event 1140, current size: 2879
pool-16-thread-4 pick event 1141, current size: 2878
pool-16-thread-17 pick event 1142, current size: 2877
pool-16-thread-11 pick event 1143, current size: 2876
pool-16-thread-15 pick event 1144, current size: 2875
pool-16-thread-12 pick event 1145, current size: 2874
pool-16-thread-14 pick event 1146, current size: 2873
pool-16-thread-3 pick event 1147, current size: 2872
pool-16-thread-13 pick event 1148, current size: 2871
pool-16-thread-2 pick event 1149, current size: 2870
pool-16-thread-18 pick event 1150, current size: 2869
pool-16-thread-1 pick event 1151, current size: 2868
pool-16-thread-20 pick event 1152, current size: 2867
pool-16-thread-2 pick event 1153, current size: 2866
pool-16-thread-10 pick event 1154, current size: 2865
pool-16-thread-8 pick event 1155, current size: 2864
pool-16-thread-9 pick event 1156, current size: 2863
pool-16-thread-19 pick event 1157, current size: 2862
pool-16-thread-5 pick event 1158, current size: 2861
pool-16-thread-16 pick event 1160, current size: 2860
pool-16-thread-4 pick event 1161, current size: 2859
pool-16-thread-15 pick event 1162, current size: 2858
pool-16-thread-11 pick event 1163, current size: 2856
pool-16-thread-13 pick event 1164, current size: 2855
pool-16-thread-14 pick event 1165, current size: 2854
pool-16-thread-17 pick event 1166, current size: 2853
pool-16-thread-12 pick event 1167, current size: 2852
pool-16-thread-3 pick event 1168, current size: 2851
pool-16-thread-6 pick event 1169, current size: 2850
pool-16-thread-18 pick event 1170, current size: 2849
pool-16-thread-20 pick event 1171, current size: 2848
pool-16-thread-1 pick event 1172, current size: 2847
pool-16-thread-2 pick event 1173, current size: 2846
pool-16-thread-10 pick event 1174, current size: 2845
pool-16-thread-8 pick event 1175, current size: 2844
pool-16-thread-19 pick event 1176, current size: 2843
pool-16-thread-9 pick event 1177, current size: 2842
pool-16-thread-1 pick event 1178, current size: 2841
pool-16-thread-16 pick event 1180, current size: 2840
pool-16-thread-15 pick event 1181, current size: 2839
pool-16-thread-11 pick event 1182, current size: 2837
pool-16-thread-13 pick event 1183, current size: 2836
pool-16-thread-4 pick event 1184, current size: 2835
pool-16-thread-14 pick event 1185, current size: 2834
pool-16-thread-12 pick event 1186, current size: 2833
pool-16-thread-17 pick event 1187, current size: 2832
pool-16-thread-3 pick event 1188, current size: 2831
pool-16-thread-6 pick event 1189, current size: 2830
pool-16-thread-18 pick event 1190, current size: 2829
pool-16-thread-20 pick event 1191, current size: 2828
pool-16-thread-7 pick event 1192, current size: 2827
pool-16-thread-10 pick event 1193, current size: 2826
pool-16-thread-2 pick event 1194, current size: 2825
pool-16-thread-8 pick event 1195, current size: 2824
pool-16-thread-5 pick event 1196, current size: 2823
pool-16-thread-19 pick event 1197, current size: 2822
pool-16-thread-9 pick event 1198, current size: 2821
pool-16-thread-1 pick event 1199, current size: 2820
pool-16-thread-16 pick event 1200, current size: 2819
pool-16-thread-15 pick event 1201, current size: 2818
pool-16-thread-12 pick event 1203, current size: 2816
pool-16-thread-4 pick event 1204, current size: 2815
pool-16-thread-11 pick event 1205, current size: 2814
pool-16-thread-14 pick event 1206, current size: 2813
pool-16-thread-17 pick event 1207, current size: 2812
pool-16-thread-3 pick event 1208, current size: 2811
pool-16-thread-6 pick event 1209, current size: 2810
pool-16-thread-20 pick event 1210, current size: 2809
pool-16-thread-7 pick event 1211, current size: 2808
pool-16-thread-18 pick event 1212, current size: 2807
pool-16-thread-10 pick event 1213, current size: 2806
pool-16-thread-2 pick event 1214, current size: 2805
pool-16-thread-8 pick event 1215, current size: 2804
pool-16-thread-16 pick event 1216, current size: 2803
pool-16-thread-5 pick event 1217, current size: 2802
pool-16-thread-9 pick event 1218, current size: 2801
pool-16-thread-19 pick event 1219, current size: 2800
pool-16-thread-13 pick event 1220, current size: 2799
pool-16-thread-15 pick event 1222, current size: 2798
pool-16-thread-4 pick event 1223, current size: 2797
pool-16-thread-11 pick event 1224, current size: 2795
pool-16-thread-14 pick event 1225, current size: 2794
pool-16-thread-12 pick event 1226, current size: 2793
pool-16-thread-17 pick event 1227, current size: 2792
pool-16-thread-3 pick event 1228, current size: 2791
pool-16-thread-6 pick event 1229, current size: 2790
pool-16-thread-20 pick event 1230, current size: 2789
pool-16-thread-7 pick event 1231, current size: 2788
pool-16-thread-18 pick event 1232, current size: 2787
pool-16-thread-8 pick event 1233, current size: 2786
pool-16-thread-10 pick event 1234, current size: 2785
pool-16-thread-2 pick event 1235, current size: 2784
pool-16-thread-5 pick event 1236, current size: 2783
pool-16-thread-16 pick event 1237, current size: 2782
pool-16-thread-8 pick event 1238, current size: 2781
pool-16-thread-5 pick event 1239, current size: 2780
pool-16-thread-13 pick event 1240, current size: 2779
pool-16-thread-16 pick event 1241, current size: 2778
pool-16-thread-15 pick event 1242, current size: 2777
pool-16-thread-4 pick event 1243, current size: 2776
pool-16-thread-5 pick event 1244, current size: 2775
pool-16-thread-12 pick event 1245, current size: 2774
pool-16-thread-11 pick event 1246, current size: 2773
pool-16-thread-17 pick event 1247, current size: 2772
pool-16-thread-3 pick event 1248, current size: 2771
pool-16-thread-6 pick event 1250, current size: 2770
pool-16-thread-20 pick event 1251, current size: 2769
pool-16-thread-18 pick event 1252, current size: 2767
pool-16-thread-10 pick event 1253, current size: 2766
pool-16-thread-2 pick event 1254, current size: 2765
pool-16-thread-8 pick event 1255, current size: 2764
pool-16-thread-1 pick event 1256, current size: 2763
pool-16-thread-19 pick event 1257, current size: 2762
pool-16-thread-9 pick event 1258, current size: 2761
pool-16-thread-14 pick event 1259, current size: 2760
pool-16-thread-17 pick event 1260, current size: 2759
pool-16-thread-13 pick event 1261, current size: 2758
pool-16-thread-5 pick event 1262, current size: 2757
pool-16-thread-15 pick event 1263, current size: 2756
pool-16-thread-12 pick event 1265, current size: 2755
pool-16-thread-7 pick event 1266, current size: 2753
pool-16-thread-5 pick event 1267, current size: 2752
pool-16-thread-3 pick event 1268, current size: 2751
pool-16-thread-10 pick event 1269, current size: 2750
pool-16-thread-6 pick event 1270, current size: 2749
pool-16-thread-16 pick event 1271, current size: 2748
pool-16-thread-20 pick event 1272, current size: 2747
pool-16-thread-2 pick event 1273, current size: 2746
pool-16-thread-18 pick event 1274, current size: 2745
pool-16-thread-20 pick event 1275, current size: 2744
pool-16-thread-8 pick event 1276, current size: 2743
pool-16-thread-9 pick event 1277, current size: 2742
pool-16-thread-4 pick event 1278, current size: 2741
pool-16-thread-19 pick event 1279, current size: 2740
pool-16-thread-14 pick event 1280, current size: 2739
pool-16-thread-11 pick event 1281, current size: 2738
pool-16-thread-13 pick event 1282, current size: 2737
pool-16-thread-15 pick event 1283, current size: 2736
pool-16-thread-17 pick event 1284, current size: 2735
pool-16-thread-12 pick event 1285, current size: 2734
pool-16-thread-3 pick event 1286, current size: 2733
pool-16-thread-5 pick event 1287, current size: 2732
pool-16-thread-10 pick event 1288, current size: 2731
pool-16-thread-15 pick event 1289, current size: 2730
pool-16-thread-16 pick event 1290, current size: 2729
pool-16-thread-6 pick event 1291, current size: 2728
pool-16-thread-1 pick event 1292, current size: 2727
pool-16-thread-2 pick event 1293, current size: 2726
pool-16-thread-18 pick event 1294, current size: 2725
pool-16-thread-20 pick event 1295, current size: 2724
pool-16-thread-8 pick event 1296, current size: 2723
pool-16-thread-19 pick event 1298, current size: 2722
pool-16-thread-14 pick event 1299, current size: 2721
pool-16-thread-4 pick event 1300, current size: 2719
pool-16-thread-11 pick event 1301, current size: 2718
pool-16-thread-13 pick event 1302, current size: 2717
pool-16-thread-17 pick event 1303, current size: 2716
pool-16-thread-7 pick event 1304, current size: 2715
pool-16-thread-12 pick event 1305, current size: 2714
pool-16-thread-5 pick event 1306, current size: 2713
pool-16-thread-3 pick event 1307, current size: 2712
pool-16-thread-10 pick event 1308, current size: 2711
pool-16-thread-5 pick event 1309, current size: 2710
pool-16-thread-16 pick event 1310, current size: 2709
pool-16-thread-2 pick event 1311, current size: 2708
pool-16-thread-6 pick event 1312, current size: 2707
pool-16-thread-9 pick event 1313, current size: 2706
pool-16-thread-1 pick event 1314, current size: 2705
pool-16-thread-16 pick event 1315, current size: 2704
pool-16-thread-19 pick event 1316, current size: 2703
pool-16-thread-18 pick event 1317, current size: 2702
pool-16-thread-8 pick event 1318, current size: 2701
pool-16-thread-14 pick event 1319, current size: 2700
pool-16-thread-11 pick event 1320, current size: 2699
pool-16-thread-13 pick event 1321, current size: 2698
pool-16-thread-4 pick event 1322, current size: 2697
pool-16-thread-7 pick event 1323, current size: 2696
pool-16-thread-17 pick event 1324, current size: 2695
pool-16-thread-12 pick event 1325, current size: 2694
pool-16-thread-15 pick event 1326, current size: 2693
pool-16-thread-10 pick event 1327, current size: 2692
pool-16-thread-3 pick event 1328, current size: 2691
pool-16-thread-2 pick event 1329, current size: 2690
pool-16-thread-5 pick event 1330, current size: 2689
pool-16-thread-20 pick event 1331, current size: 2688
pool-16-thread-9 pick event 1332, current size: 2687
pool-16-thread-6 pick event 1333, current size: 2686
pool-16-thread-16 pick event 1335, current size: 2685
pool-16-thread-18 pick event 1336, current size: 2684
pool-16-thread-19 pick event 1337, current size: 2682
pool-16-thread-6 pick event 1338, current size: 2681
pool-16-thread-14 pick event 1339, current size: 2680
pool-16-thread-11 pick event 1340, current size: 2679
pool-16-thread-4 pick event 1341, current size: 2678
pool-16-thread-9 pick event 1342, current size: 2677
pool-16-thread-12 pick event 1343, current size: 2676
pool-16-thread-13 pick event 1344, current size: 2675
pool-16-thread-17 pick event 1345, current size: 2674
pool-16-thread-15 pick event 1346, current size: 2673
pool-16-thread-10 pick event 1347, current size: 2672
pool-16-thread-3 pick event 1348, current size: 2671
pool-16-thread-1 pick event 1349, current size: 2670
pool-16-thread-2 pick event 1350, current size: 2669
pool-16-thread-20 pick event 1351, current size: 2668
pool-16-thread-5 pick event 1352, current size: 2667
pool-16-thread-8 pick event 1353, current size: 2666
pool-16-thread-7 pick event 1354, current size: 2665
pool-16-thread-16 pick event 1356, current size: 2663
pool-16-thread-5 pick event 1357, current size: 2662
pool-16-thread-6 pick event 1358, current size: 2661
pool-16-thread-4 pick event 1359, current size: 2660
pool-16-thread-12 pick event 1360, current size: 2659
pool-16-thread-7 pick event 1361, current size: 2658
pool-16-thread-11 pick event 1362, current size: 2657
pool-16-thread-9 pick event 1363, current size: 2656
pool-16-thread-15 pick event 1364, current size: 2655
pool-16-thread-13 pick event 1365, current size: 2654
pool-16-thread-17 pick event 1366, current size: 2653
pool-16-thread-10 pick event 1367, current size: 2652
pool-16-thread-2 pick event 1368, current size: 2651
pool-16-thread-1 pick event 1369, current size: 2650
pool-16-thread-3 pick event 1370, current size: 2649
pool-16-thread-20 pick event 1371, current size: 2648
pool-16-thread-18 pick event 1372, current size: 2647
pool-16-thread-19 pick event 1373, current size: 2646
pool-16-thread-8 pick event 1374, current size: 2645
pool-16-thread-16 pick event 1375, current size: 2644
pool-16-thread-14 pick event 1376, current size: 2643
pool-16-thread-5 pick event 1377, current size: 2642
pool-16-thread-6 pick event 1378, current size: 2641
pool-16-thread-12 pick event 1379, current size: 2640
pool-16-thread-4 pick event 1380, current size: 2639
pool-16-thread-7 pick event 1381, current size: 2638
pool-16-thread-11 pick event 1382, current size: 2637
pool-16-thread-13 pick event 1383, current size: 2636
pool-16-thread-17 pick event 1384, current size: 2635
pool-16-thread-15 pick event 1386, current size: 2634
pool-16-thread-2 pick event 1387, current size: 2633
pool-16-thread-10 pick event 1388, current size: 2632
pool-16-thread-3 pick event 1389, current size: 2630
pool-16-thread-11 pick event 1390, current size: 2629
pool-16-thread-20 pick event 1391, current size: 2628
pool-16-thread-19 pick event 1392, current size: 2627
pool-16-thread-18 pick event 1393, current size: 2626
pool-16-thread-8 pick event 1394, current size: 2625
pool-16-thread-17 pick event 1395, current size: 2624
pool-16-thread-5 pick event 1396, current size: 2623
pool-16-thread-19 pick event 1397, current size: 2622
pool-16-thread-4 pick event 1398, current size: 2621
pool-16-thread-6 pick event 1399, current size: 2620
pool-16-thread-9 pick event 1400, current size: 2619
pool-16-thread-12 pick event 1401, current size: 2618
pool-16-thread-7 pick event 1402, current size: 2617
pool-16-thread-1 pick event 1403, current size: 2616
pool-16-thread-13 pick event 1404, current size: 2615
pool-16-thread-14 pick event 1405, current size: 2614
pool-16-thread-10 pick event 1406, current size: 2613
pool-16-thread-15 pick event 1407, current size: 2612
pool-16-thread-3 pick event 1408, current size: 2611
pool-16-thread-2 pick event 1409, current size: 2610
pool-16-thread-20 pick event 1410, current size: 2609
pool-16-thread-18 pick event 1411, current size: 2608
pool-16-thread-16 pick event 1412, current size: 2607
pool-16-thread-11 pick event 1413, current size: 2606
pool-16-thread-8 pick event 1414, current size: 2605
pool-16-thread-5 pick event 1415, current size: 2604
pool-16-thread-17 pick event 1416, current size: 2603
pool-16-thread-19 pick event 1417, current size: 2602
pool-16-thread-4 pick event 1418, current size: 2601
pool-16-thread-9 pick event 1419, current size: 2600
pool-16-thread-6 pick event 1420, current size: 2599
pool-16-thread-7 pick event 1421, current size: 2598
pool-16-thread-1 pick event 1422, current size: 2597
pool-16-thread-12 pick event 1423, current size: 2596
pool-16-thread-13 pick event 1424, current size: 2595
pool-16-thread-14 pick event 1425, current size: 2594
pool-16-thread-15 pick event 1426, current size: 2593
pool-16-thread-10 pick event 1427, current size: 2592
pool-16-thread-3 pick event 1428, current size: 2591
pool-16-thread-20 pick event 1429, current size: 2590
pool-16-thread-2 pick event 1430, current size: 2589
pool-16-thread-18 pick event 1431, current size: 2588
pool-16-thread-16 pick event 1432, current size: 2587
pool-16-thread-8 pick event 1433, current size: 2586
pool-16-thread-11 pick event 1434, current size: 2585
pool-16-thread-17 pick event 1435, current size: 2584
pool-16-thread-5 pick event 1436, current size: 2583
pool-16-thread-19 pick event 1437, current size: 2582
pool-16-thread-4 pick event 1438, current size: 2581
pool-16-thread-1 pick event 1439, current size: 2580
pool-16-thread-7 pick event 1440, current size: 2579
pool-16-thread-1 pick event 1441, current size: 2578
pool-16-thread-9 pick event 1442, current size: 2577
pool-16-thread-12 pick event 1443, current size: 2576
pool-16-thread-14 pick event 1444, current size: 2575
pool-16-thread-15 pick event 1445, current size: 2574
pool-16-thread-3 pick event 1446, current size: 2573
pool-16-thread-10 pick event 1447, current size: 2572
pool-16-thread-13 pick event 1448, current size: 2571
pool-16-thread-20 pick event 1450, current size: 2570
pool-16-thread-2 pick event 1451, current size: 2569
pool-16-thread-16 pick event 1452, current size: 2567
pool-16-thread-5 pick event 1453, current size: 2566
pool-16-thread-11 pick event 1454, current size: 2565
pool-16-thread-8 pick event 1455, current size: 2564
pool-16-thread-17 pick event 1456, current size: 2563
pool-16-thread-16 pick event 1457, current size: 2562
pool-16-thread-6 pick event 1458, current size: 2561
pool-16-thread-4 pick event 1459, current size: 2560
pool-16-thread-7 pick event 1460, current size: 2559
pool-16-thread-18 pick event 1462, current size: 2557
pool-16-thread-9 pick event 1461, current size: 2558
pool-16-thread-1 pick event 1463, current size: 2556
pool-16-thread-13 pick event 1464, current size: 2555
pool-16-thread-12 pick event 1465, current size: 2554
pool-16-thread-3 pick event 1466, current size: 2553
pool-16-thread-15 pick event 1467, current size: 2552
pool-16-thread-14 pick event 1468, current size: 2551
pool-16-thread-10 pick event 1469, current size: 2550
pool-16-thread-12 pick event 1470, current size: 2549
pool-16-thread-2 pick event 1471, current size: 2548
pool-16-thread-20 pick event 1472, current size: 2547
pool-16-thread-5 pick event 1473, current size: 2546
pool-16-thread-11 pick event 1474, current size: 2545
pool-16-thread-2 pick event 1475, current size: 2544
pool-16-thread-8 pick event 1476, current size: 2543
pool-16-thread-17 pick event 1477, current size: 2542
pool-16-thread-16 pick event 1479, current size: 2541
pool-16-thread-18 pick event 1481, current size: 2538
pool-16-thread-13 pick event 1482, current size: 2537
pool-16-thread-1 pick event 1483, current size: 2536
pool-16-thread-9 pick event 1484, current size: 2535
pool-16-thread-19 pick event 1485, current size: 2534
pool-16-thread-3 pick event 1486, current size: 2533
pool-16-thread-15 pick event 1487, current size: 2532
pool-16-thread-10 pick event 1488, current size: 2531
pool-16-thread-14 pick event 1489, current size: 2530
pool-16-thread-8 pick event 1490, current size: 2529
pool-16-thread-12 pick event 1491, current size: 2528
pool-16-thread-11 pick event 1492, current size: 2527
pool-16-thread-20 pick event 1493, current size: 2526
pool-16-thread-5 pick event 1494, current size: 2525
pool-16-thread-6 pick event 1495, current size: 2524
pool-16-thread-2 pick event 1496, current size: 2523
pool-16-thread-17 pick event 1497, current size: 2522
pool-16-thread-4 pick event 1498, current size: 2521
pool-16-thread-18 pick event 1499, current size: 2520
pool-16-thread-7 pick event 1500, current size: 2519
pool-16-thread-16 pick event 1501, current size: 2518
pool-16-thread-13 pick event 1502, current size: 2517
pool-16-thread-9 pick event 1503, current size: 2516
pool-16-thread-1 pick event 1504, current size: 2515
pool-16-thread-19 pick event 1505, current size: 2514
pool-16-thread-3 pick event 1506, current size: 2513
pool-16-thread-15 pick event 1507, current size: 2512
pool-16-thread-14 pick event 1508, current size: 2511
pool-16-thread-10 pick event 1509, current size: 2510
pool-16-thread-12 pick event 1510, current size: 2509
pool-16-thread-8 pick event 1511, current size: 2508
pool-16-thread-11 pick event 1512, current size: 2507
pool-16-thread-20 pick event 1513, current size: 2506
pool-16-thread-5 pick event 1514, current size: 2505
pool-16-thread-2 pick event 1515, current size: 2504
pool-16-thread-17 pick event 1516, current size: 2503
pool-16-thread-11 pick event 1517, current size: 2502
pool-16-thread-4 pick event 1518, current size: 2501
pool-16-thread-18 pick event 1519, current size: 2500
pool-16-thread-13 pick event 1520, current size: 2499
pool-16-thread-7 pick event 1521, current size: 2498
pool-16-thread-1 pick event 1522, current size: 2497
pool-16-thread-9 pick event 1523, current size: 2496
pool-16-thread-16 pick event 1524, current size: 2495
pool-16-thread-19 pick event 1525, current size: 2494
pool-16-thread-3 pick event 1526, current size: 2493
pool-16-thread-15 pick event 1527, current size: 2492
pool-16-thread-10 pick event 1528, current size: 2491
pool-16-thread-14 pick event 1529, current size: 2490
pool-16-thread-12 pick event 1530, current size: 2489
pool-16-thread-8 pick event 1531, current size: 2488
pool-16-thread-6 pick event 1532, current size: 2487
pool-16-thread-12 pick event 1533, current size: 2486
pool-16-thread-5 pick event 1534, current size: 2485
pool-16-thread-17 pick event 1535, current size: 2484
pool-16-thread-2 pick event 1536, current size: 2483
pool-16-thread-11 pick event 1537, current size: 2482
pool-16-thread-12 pick event 1538, current size: 2481
pool-16-thread-4 pick event 1539, current size: 2480
pool-16-thread-13 pick event 1540, current size: 2479
pool-16-thread-7 pick event 1541, current size: 2478
pool-16-thread-1 pick event 1542, current size: 2477
pool-16-thread-13 pick event 1543, current size: 2476
pool-16-thread-16 pick event 1544, current size: 2475
pool-16-thread-19 pick event 1545, current size: 2474
pool-16-thread-3 pick event 1546, current size: 2473
pool-16-thread-15 pick event 1547, current size: 2472
pool-16-thread-10 pick event 1548, current size: 2471
pool-16-thread-14 pick event 1549, current size: 2470
pool-16-thread-20 pick event 1550, current size: 2469
pool-16-thread-5 pick event 1551, current size: 2468
pool-16-thread-8 pick event 1552, current size: 2467
pool-16-thread-18 pick event 1553, current size: 2466
pool-16-thread-6 pick event 1554, current size: 2465
pool-16-thread-17 pick event 1555, current size: 2464
pool-16-thread-2 pick event 1556, current size: 2463
pool-16-thread-11 pick event 1557, current size: 2462
pool-16-thread-12 pick event 1558, current size: 2461
pool-16-thread-4 pick event 1559, current size: 2460
pool-16-thread-9 pick event 1560, current size: 2459
pool-16-thread-7 pick event 1561, current size: 2458
pool-16-thread-1 pick event 1562, current size: 2457
pool-16-thread-13 pick event 1563, current size: 2456
pool-16-thread-16 pick event 1564, current size: 2455
pool-16-thread-7 pick event 1565, current size: 2454
pool-16-thread-10 pick event 1566, current size: 2453
pool-16-thread-3 pick event 1567, current size: 2452
pool-16-thread-15 pick event 1568, current size: 2451
pool-16-thread-14 pick event 1569, current size: 2450
pool-16-thread-20 pick event 1570, current size: 2449
pool-16-thread-5 pick event 1571, current size: 2448
pool-16-thread-8 pick event 1572, current size: 2447
pool-16-thread-18 pick event 1573, current size: 2446
pool-16-thread-17 pick event 1574, current size: 2445
pool-16-thread-2 pick event 1575, current size: 2444
pool-16-thread-6 pick event 1576, current size: 2443
pool-16-thread-4 pick event 1577, current size: 2442
pool-16-thread-11 pick event 1578, current size: 2441
pool-16-thread-9 pick event 1580, current size: 2439
pool-16-thread-1 pick event 1581, current size: 2438
pool-16-thread-19 pick event 1582, current size: 2437
pool-16-thread-13 pick event 1583, current size: 2436
pool-16-thread-16 pick event 1584, current size: 2435
pool-16-thread-7 pick event 1585, current size: 2434
pool-16-thread-10 pick event 1586, current size: 2433
pool-16-thread-19 pick event 1587, current size: 2432
pool-16-thread-3 pick event 1588, current size: 2431
pool-16-thread-14 pick event 1589, current size: 2430
pool-16-thread-20 pick event 1590, current size: 2429
pool-16-thread-18 pick event 1591, current size: 2428
pool-16-thread-5 pick event 1592, current size: 2427
pool-16-thread-8 pick event 1593, current size: 2426
pool-16-thread-17 pick event 1594, current size: 2425
pool-16-thread-6 pick event 1595, current size: 2424
pool-16-thread-2 pick event 1596, current size: 2423
pool-16-thread-11 pick event 1598, current size: 2422
pool-16-thread-4 pick event 1599, current size: 2421
pool-16-thread-1 pick event 1601, current size: 2419
pool-16-thread-15 pick event 1602, current size: 2418
pool-16-thread-13 pick event 1603, current size: 2416
pool-16-thread-16 pick event 1604, current size: 2415
pool-16-thread-7 pick event 1605, current size: 2414
pool-16-thread-19 pick event 1606, current size: 2413
pool-16-thread-10 pick event 1607, current size: 2412
pool-16-thread-3 pick event 1608, current size: 2411
pool-16-thread-14 pick event 1609, current size: 2410
pool-16-thread-20 pick event 1610, current size: 2409
pool-16-thread-8 pick event 1611, current size: 2408
pool-16-thread-18 pick event 1612, current size: 2407
pool-16-thread-5 pick event 1613, current size: 2406
pool-16-thread-12 pick event 1614, current size: 2405
pool-16-thread-17 pick event 1615, current size: 2404
pool-16-thread-2 pick event 1616, current size: 2403
pool-16-thread-9 pick event 1617, current size: 2402
pool-16-thread-6 pick event 1618, current size: 2401
pool-16-thread-4 pick event 1619, current size: 2400
pool-16-thread-11 pick event 1620, current size: 2399
pool-16-thread-1 pick event 1621, current size: 2398
pool-16-thread-15 pick event 1622, current size: 2397
pool-16-thread-13 pick event 1623, current size: 2396
pool-16-thread-7 pick event 1624, current size: 2395
pool-16-thread-3 pick event 1625, current size: 2394
pool-16-thread-1 pick event 1626, current size: 2393
pool-16-thread-20 pick event 1627, current size: 2392
pool-16-thread-16 pick event 1628, current size: 2391
pool-16-thread-14 pick event 1629, current size: 2390
pool-16-thread-10 pick event 1630, current size: 2389
pool-16-thread-18 pick event 1631, current size: 2388
pool-16-thread-8 pick event 1632, current size: 2387
pool-16-thread-12 pick event 1633, current size: 2386
pool-16-thread-5 pick event 1634, current size: 2385
pool-16-thread-17 pick event 1635, current size: 2384
pool-16-thread-2 pick event 1636, current size: 2383
pool-16-thread-9 pick event 1637, current size: 2382
pool-16-thread-6 pick event 1638, current size: 2381
pool-16-thread-4 pick event 1639, current size: 2380
pool-16-thread-11 pick event 1640, current size: 2379
pool-16-thread-15 pick event 1641, current size: 2378
pool-16-thread-19 pick event 1642, current size: 2377
pool-16-thread-13 pick event 1643, current size: 2376
pool-16-thread-7 pick event 1644, current size: 2375
pool-16-thread-19 pick event 1645, current size: 2374
pool-16-thread-16 pick event 1646, current size: 2373
pool-16-thread-1 pick event 1647, current size: 2372
pool-16-thread-20 pick event 1648, current size: 2371
pool-16-thread-14 pick event 1649, current size: 2370
pool-16-thread-10 pick event 1650, current size: 2369
pool-16-thread-18 pick event 1651, current size: 2368
pool-16-thread-8 pick event 1652, current size: 2367
pool-16-thread-12 pick event 1653, current size: 2366
pool-16-thread-2 pick event 1654, current size: 2365
pool-16-thread-17 pick event 1655, current size: 2364
pool-16-thread-9 pick event 1656, current size: 2363
pool-16-thread-5 pick event 1657, current size: 2362
pool-16-thread-6 pick event 1658, current size: 2361
pool-16-thread-11 pick event 1659, current size: 2360
pool-16-thread-4 pick event 1660, current size: 2359
pool-16-thread-3 pick event 1661, current size: 2358
pool-16-thread-15 pick event 1662, current size: 2357
pool-16-thread-13 pick event 1663, current size: 2356
pool-16-thread-7 pick event 1664, current size: 2355
pool-16-thread-19 pick event 1665, current size: 2354
pool-16-thread-18 pick event 1667, current size: 2352
pool-16-thread-1 pick event 1668, current size: 2351
pool-16-thread-20 pick event 1669, current size: 2350
pool-16-thread-14 pick event 1670, current size: 2349
pool-16-thread-10 pick event 1671, current size: 2348
pool-16-thread-12 pick event 1672, current size: 2347
pool-16-thread-8 pick event 1673, current size: 2346
pool-16-thread-2 pick event 1674, current size: 2345
pool-16-thread-17 pick event 1675, current size: 2344
pool-16-thread-9 pick event 1676, current size: 2343
pool-16-thread-5 pick event 1677, current size: 2342
pool-16-thread-11 pick event 1678, current size: 2341
pool-16-thread-6 pick event 1679, current size: 2340
pool-16-thread-4 pick event 1680, current size: 2339
pool-16-thread-3 pick event 1681, current size: 2338
pool-16-thread-16 pick event 1682, current size: 2337
pool-16-thread-13 pick event 1683, current size: 2336
pool-16-thread-15 pick event 1684, current size: 2335
pool-16-thread-7 pick event 1685, current size: 2334
pool-16-thread-19 pick event 1686, current size: 2333
pool-16-thread-14 pick event 1687, current size: 2332
pool-16-thread-1 pick event 1688, current size: 2331
pool-16-thread-18 pick event 1689, current size: 2330
pool-16-thread-10 pick event 1690, current size: 2329
pool-16-thread-20 pick event 1691, current size: 2328
pool-16-thread-12 pick event 1692, current size: 2327
pool-16-thread-8 pick event 1693, current size: 2326
pool-16-thread-2 pick event 1694, current size: 2325
pool-16-thread-9 pick event 1695, current size: 2324
pool-16-thread-17 pick event 1696, current size: 2323
pool-16-thread-6 pick event 1698, current size: 2322
pool-16-thread-11 pick event 1699, current size: 2321
pool-16-thread-4 pick event 1700, current size: 2319
pool-16-thread-13 pick event 1701, current size: 2318
pool-16-thread-16 pick event 1702, current size: 2317
pool-16-thread-3 pick event 1703, current size: 2316
pool-16-thread-15 pick event 1704, current size: 2315
pool-16-thread-7 pick event 1705, current size: 2314
pool-16-thread-19 pick event 1706, current size: 2313
pool-16-thread-14 pick event 1707, current size: 2312
pool-16-thread-3 pick event 1708, current size: 2311
pool-16-thread-18 pick event 1709, current size: 2310
pool-16-thread-10 pick event 1710, current size: 2309
pool-16-thread-20 pick event 1711, current size: 2308
pool-16-thread-12 pick event 1712, current size: 2307
pool-16-thread-8 pick event 1713, current size: 2306
pool-16-thread-2 pick event 1714, current size: 2305
pool-16-thread-5 pick event 1715, current size: 2304
pool-16-thread-9 pick event 1716, current size: 2303
pool-16-thread-17 pick event 1717, current size: 2302
pool-16-thread-6 pick event 1718, current size: 2301
pool-16-thread-13 pick event 1719, current size: 2300
pool-16-thread-11 pick event 1720, current size: 2299
pool-16-thread-4 pick event 1721, current size: 2298
pool-16-thread-1 pick event 1722, current size: 2297
pool-16-thread-15 pick event 1723, current size: 2296
pool-16-thread-16 pick event 1724, current size: 2295
pool-16-thread-14 pick event 1725, current size: 2294
pool-16-thread-19 pick event 1726, current size: 2293
pool-16-thread-7 pick event 1727, current size: 2292
pool-16-thread-3 pick event 1728, current size: 2291
pool-16-thread-18 pick event 1729, current size: 2290
pool-16-thread-20 pick event 1730, current size: 2289
pool-16-thread-12 pick event 1732, current size: 2287
pool-16-thread-5 pick event 1733, current size: 2286
pool-16-thread-8 pick event 1734, current size: 2285
pool-16-thread-2 pick event 1735, current size: 2284
pool-16-thread-9 pick event 1736, current size: 2283
pool-16-thread-17 pick event 1737, current size: 2282
pool-16-thread-13 pick event 1738, current size: 2281
pool-16-thread-6 pick event 1739, current size: 2280
pool-16-thread-11 pick event 1740, current size: 2279
pool-16-thread-4 pick event 1741, current size: 2278
pool-16-thread-1 pick event 1742, current size: 2277
pool-16-thread-15 pick event 1743, current size: 2276
pool-16-thread-14 pick event 1744, current size: 2275
pool-16-thread-16 pick event 1745, current size: 2274
pool-16-thread-19 pick event 1746, current size: 2273
pool-16-thread-7 pick event 1747, current size: 2272
pool-16-thread-10 pick event 1748, current size: 2271
pool-16-thread-3 pick event 1749, current size: 2270
pool-16-thread-18 pick event 1750, current size: 2269
pool-16-thread-20 pick event 1751, current size: 2268
pool-16-thread-12 pick event 1752, current size: 2267
pool-16-thread-8 pick event 1753, current size: 2266
pool-16-thread-2 pick event 1754, current size: 2265
pool-16-thread-5 pick event 1755, current size: 2264
pool-16-thread-9 pick event 1756, current size: 2263
pool-16-thread-13 pick event 1757, current size: 2262
pool-16-thread-17 pick event 1758, current size: 2261
pool-16-thread-6 pick event 1759, current size: 2260
pool-16-thread-11 pick event 1760, current size: 2259
pool-16-thread-1 pick event 1762, current size: 2258
pool-16-thread-4 pick event 1763, current size: 2257
pool-16-thread-14 pick event 1764, current size: 2255
pool-16-thread-16 pick event 1765, current size: 2254
pool-16-thread-7 pick event 1766, current size: 2253
pool-16-thread-6 pick event 1767, current size: 2252
pool-16-thread-3 pick event 1768, current size: 2251
pool-16-thread-10 pick event 1769, current size: 2250
pool-16-thread-18 pick event 1770, current size: 2249
pool-16-thread-16 pick event 1771, current size: 2248
pool-16-thread-12 pick event 1772, current size: 2247
pool-16-thread-8 pick event 1773, current size: 2246
pool-16-thread-2 pick event 1774, current size: 2245
pool-16-thread-5 pick event 1775, current size: 2244
pool-16-thread-9 pick event 1776, current size: 2243
pool-16-thread-15 pick event 1777, current size: 2242
pool-16-thread-13 pick event 1778, current size: 2241
pool-16-thread-17 pick event 1779, current size: 2240
pool-16-thread-19 pick event 1780, current size: 2239
pool-16-thread-1 pick event 1781, current size: 2238
pool-16-thread-4 pick event 1782, current size: 2237
pool-16-thread-11 pick event 1783, current size: 2236
pool-16-thread-1 pick event 1784, current size: 2235
pool-16-thread-14 pick event 1785, current size: 2234
pool-16-thread-20 pick event 1786, current size: 2233
pool-16-thread-3 pick event 1787, current size: 2232
pool-16-thread-6 pick event 1788, current size: 2231
pool-16-thread-18 pick event 1789, current size: 2230
pool-16-thread-10 pick event 1790, current size: 2229
pool-16-thread-16 pick event 1791, current size: 2228
pool-16-thread-12 pick event 1792, current size: 2227
pool-16-thread-8 pick event 1793, current size: 2226
pool-16-thread-2 pick event 1794, current size: 2225
pool-16-thread-5 pick event 1795, current size: 2224
pool-16-thread-9 pick event 1796, current size: 2223
pool-16-thread-13 pick event 1797, current size: 2222
pool-16-thread-15 pick event 1798, current size: 2221
pool-16-thread-17 pick event 1799, current size: 2220
pool-16-thread-7 pick event 1800, current size: 2219
pool-16-thread-19 pick event 1801, current size: 2218
pool-16-thread-4 pick event 1802, current size: 2217
pool-16-thread-11 pick event 1803, current size: 2216
pool-16-thread-1 pick event 1804, current size: 2215
pool-16-thread-20 pick event 1805, current size: 2214
pool-16-thread-14 pick event 1806, current size: 2213
pool-16-thread-3 pick event 1807, current size: 2212
pool-16-thread-6 pick event 1808, current size: 2211
pool-16-thread-18 pick event 1809, current size: 2210
pool-16-thread-16 pick event 1810, current size: 2209
pool-16-thread-10 pick event 1811, current size: 2208
pool-16-thread-8 pick event 1812, current size: 2207
pool-16-thread-12 pick event 1813, current size: 2206
pool-16-thread-2 pick event 1814, current size: 2205
pool-16-thread-9 pick event 1815, current size: 2204
pool-16-thread-5 pick event 1816, current size: 2203
pool-16-thread-13 pick event 1817, current size: 2202
pool-16-thread-9 pick event 1818, current size: 2201
pool-16-thread-7 pick event 1819, current size: 2200
pool-16-thread-19 pick event 1820, current size: 2199
pool-16-thread-4 pick event 1821, current size: 2198
pool-16-thread-17 pick event 1822, current size: 2197
pool-16-thread-11 pick event 1823, current size: 2196
pool-16-thread-20 pick event 1824, current size: 2195
pool-16-thread-14 pick event 1825, current size: 2194
pool-16-thread-1 pick event 1826, current size: 2193
pool-16-thread-3 pick event 1827, current size: 2192
pool-16-thread-18 pick event 1828, current size: 2191
pool-16-thread-6 pick event 1829, current size: 2190
pool-16-thread-10 pick event 1830, current size: 2189
pool-16-thread-16 pick event 1831, current size: 2188
pool-16-thread-8 pick event 1832, current size: 2187
pool-16-thread-6 pick event 1833, current size: 2186
pool-16-thread-16 pick event 1834, current size: 2185
pool-16-thread-15 pick event 1835, current size: 2184
pool-16-thread-5 pick event 1836, current size: 2183
pool-16-thread-13 pick event 1837, current size: 2182
pool-16-thread-9 pick event 1838, current size: 2181
pool-16-thread-5 pick event 1839, current size: 2180
pool-16-thread-7 pick event 1840, current size: 2179
pool-16-thread-4 pick event 1841, current size: 2178
pool-16-thread-17 pick event 1842, current size: 2177
pool-16-thread-11 pick event 1843, current size: 2176
pool-16-thread-14 pick event 1844, current size: 2175
pool-16-thread-20 pick event 1845, current size: 2174
pool-16-thread-1 pick event 1846, current size: 2173
pool-16-thread-3 pick event 1847, current size: 2172
pool-16-thread-18 pick event 1848, current size: 2171
pool-16-thread-10 pick event 1849, current size: 2170
pool-16-thread-1 pick event 1850, current size: 2169
pool-16-thread-2 pick event 1851, current size: 2168
pool-16-thread-10 pick event 1852, current size: 2167
pool-16-thread-6 pick event 1853, current size: 2166
pool-16-thread-16 pick event 1854, current size: 2165
pool-16-thread-19 pick event 1855, current size: 2164
pool-16-thread-15 pick event 1856, current size: 2163
pool-16-thread-13 pick event 1857, current size: 2162
pool-16-thread-6 pick event 1858, current size: 2161
pool-16-thread-9 pick event 1859, current size: 2160
pool-16-thread-7 pick event 1860, current size: 2159
pool-16-thread-17 pick event 1861, current size: 2158
pool-16-thread-11 pick event 1862, current size: 2157
pool-16-thread-4 pick event 1863, current size: 2156
pool-16-thread-14 pick event 1864, current size: 2155
pool-16-thread-20 pick event 1865, current size: 2154
pool-16-thread-12 pick event 1866, current size: 2153
pool-16-thread-8 pick event 1867, current size: 2152
pool-16-thread-1 pick event 1868, current size: 2151
pool-16-thread-18 pick event 1869, current size: 2150
pool-16-thread-3 pick event 1870, current size: 2149
pool-16-thread-2 pick event 1871, current size: 2148
pool-16-thread-10 pick event 1872, current size: 2147
pool-16-thread-5 pick event 1873, current size: 2146
pool-16-thread-19 pick event 1874, current size: 2145
pool-16-thread-16 pick event 1875, current size: 2144
pool-16-thread-15 pick event 1876, current size: 2143
pool-16-thread-9 pick event 1877, current size: 2142
pool-16-thread-13 pick event 1878, current size: 2141
pool-16-thread-6 pick event 1879, current size: 2140
pool-16-thread-7 pick event 1880, current size: 2139
pool-16-thread-11 pick event 1881, current size: 2138
pool-16-thread-17 pick event 1882, current size: 2137
pool-16-thread-14 pick event 1883, current size: 2136
pool-16-thread-4 pick event 1884, current size: 2135
pool-16-thread-7 pick event 1885, current size: 2134
pool-16-thread-20 pick event 1886, current size: 2133
pool-16-thread-1 pick event 1887, current size: 2132
pool-16-thread-8 pick event 1888, current size: 2131
pool-16-thread-2 pick event 1889, current size: 2130
pool-16-thread-10 pick event 1890, current size: 2129
pool-16-thread-18 pick event 1891, current size: 2128
pool-16-thread-3 pick event 1892, current size: 2127
pool-16-thread-5 pick event 1893, current size: 2126
pool-16-thread-2 pick event 1894, current size: 2125
pool-16-thread-19 pick event 1895, current size: 2124
pool-16-thread-9 pick event 1896, current size: 2123
pool-16-thread-13 pick event 1897, current size: 2122
pool-16-thread-9 pick event 1898, current size: 2121
pool-16-thread-6 pick event 1899, current size: 2120
pool-16-thread-12 pick event 1900, current size: 2119
pool-16-thread-14 pick event 1901, current size: 2118
pool-16-thread-11 pick event 1902, current size: 2117
pool-16-thread-17 pick event 1903, current size: 2116
pool-16-thread-4 pick event 1904, current size: 2115
pool-16-thread-20 pick event 1905, current size: 2114
pool-16-thread-1 pick event 1906, current size: 2113
pool-16-thread-7 pick event 1907, current size: 2112
pool-16-thread-8 pick event 1908, current size: 2111
pool-16-thread-18 pick event 1909, current size: 2110
pool-16-thread-16 pick event 1910, current size: 2109
pool-16-thread-10 pick event 1911, current size: 2108
pool-16-thread-5 pick event 1912, current size: 2107
pool-16-thread-18 pick event 1913, current size: 2106
pool-16-thread-19 pick event 1914, current size: 2105
pool-16-thread-2 pick event 1915, current size: 2104
pool-16-thread-15 pick event 1916, current size: 2103
pool-16-thread-9 pick event 1917, current size: 2102
pool-16-thread-13 pick event 1918, current size: 2101
pool-16-thread-6 pick event 1919, current size: 2100
pool-16-thread-12 pick event 1920, current size: 2099
pool-16-thread-14 pick event 1921, current size: 2098
pool-16-thread-6 pick event 1922, current size: 2097
pool-16-thread-17 pick event 1923, current size: 2096
pool-16-thread-20 pick event 1924, current size: 2095
pool-16-thread-4 pick event 1925, current size: 2094
pool-16-thread-1 pick event 1926, current size: 2093
pool-16-thread-7 pick event 1927, current size: 2092
pool-16-thread-8 pick event 1928, current size: 2091
pool-16-thread-3 pick event 1929, current size: 2090
pool-16-thread-16 pick event 1930, current size: 2089
pool-16-thread-10 pick event 1931, current size: 2088
pool-16-thread-5 pick event 1932, current size: 2087
pool-16-thread-18 pick event 1933, current size: 2086
pool-16-thread-19 pick event 1934, current size: 2085
pool-16-thread-15 pick event 1935, current size: 2084
pool-16-thread-2 pick event 1936, current size: 2083
pool-16-thread-9 pick event 1937, current size: 2082
pool-16-thread-11 pick event 1938, current size: 2081
pool-16-thread-13 pick event 1939, current size: 2080
pool-16-thread-14 pick event 1940, current size: 2079
pool-16-thread-12 pick event 1941, current size: 2078
pool-16-thread-6 pick event 1942, current size: 2077
pool-16-thread-20 pick event 1943, current size: 2076
pool-16-thread-4 pick event 1945, current size: 2075
pool-16-thread-1 pick event 1946, current size: 2073
pool-16-thread-7 pick event 1947, current size: 2072
pool-16-thread-3 pick event 1948, current size: 2071
pool-16-thread-8 pick event 1949, current size: 2070
pool-16-thread-5 pick event 1950, current size: 2069
pool-16-thread-16 pick event 1951, current size: 2068
pool-16-thread-10 pick event 1952, current size: 2067
pool-16-thread-18 pick event 1953, current size: 2066
pool-16-thread-19 pick event 1954, current size: 2065
pool-16-thread-16 pick event 1955, current size: 2064
pool-16-thread-13 pick event 1956, current size: 2063
pool-16-thread-2 pick event 1957, current size: 2062
pool-16-thread-14 pick event 1959, current size: 2061
pool-16-thread-11 pick event 1960, current size: 2060
pool-16-thread-17 pick event 1961, current size: 2058
pool-16-thread-12 pick event 1962, current size: 2057
pool-16-thread-20 pick event 1963, current size: 2056
pool-16-thread-1 pick event 1964, current size: 2055
pool-16-thread-6 pick event 1965, current size: 2054
pool-16-thread-4 pick event 1966, current size: 2053
pool-16-thread-5 pick event 1967, current size: 2052
pool-16-thread-3 pick event 1968, current size: 2051
pool-16-thread-7 pick event 1969, current size: 2050
pool-16-thread-8 pick event 1970, current size: 2049
pool-16-thread-15 pick event 1971, current size: 2048
pool-16-thread-10 pick event 1972, current size: 2047
pool-16-thread-19 pick event 1973, current size: 2046
pool-16-thread-18 pick event 1974, current size: 2045
pool-16-thread-10 pick event 1975, current size: 2044
pool-16-thread-9 pick event 1976, current size: 2043
pool-16-thread-13 pick event 1977, current size: 2042
pool-16-thread-2 pick event 1978, current size: 2041
pool-16-thread-14 pick event 1979, current size: 2040
pool-16-thread-11 pick event 1980, current size: 2039
pool-16-thread-17 pick event 1981, current size: 2038
pool-16-thread-12 pick event 1982, current size: 2037
pool-16-thread-1 pick event 1983, current size: 2036
pool-16-thread-20 pick event 1984, current size: 2035
pool-16-thread-6 pick event 1985, current size: 2034
pool-16-thread-4 pick event 1986, current size: 2033
pool-16-thread-5 pick event 1987, current size: 2032
pool-16-thread-7 pick event 1988, current size: 2031
pool-16-thread-3 pick event 1989, current size: 2030
pool-16-thread-8 pick event 1990, current size: 2029
pool-16-thread-15 pick event 1991, current size: 2028
pool-16-thread-16 pick event 1992, current size: 2027
pool-16-thread-19 pick event 1993, current size: 2026
pool-16-thread-10 pick event 1994, current size: 2025
pool-16-thread-18 pick event 1995, current size: 2024
pool-16-thread-19 pick event 1996, current size: 2023
pool-16-thread-13 pick event 1997, current size: 2022
pool-16-thread-2 pick event 1998, current size: 2021
pool-16-thread-14 pick event 1999, current size: 2020
pool-16-thread-11 pick event 2000, current size: 2019
pool-16-thread-12 pick event 2001, current size: 2018
pool-16-thread-17 pick event 2002, current size: 2017
pool-16-thread-14 pick event 2003, current size: 2016
pool-16-thread-1 pick event 2004, current size: 2015
pool-16-thread-6 pick event 2005, current size: 2014
pool-16-thread-5 pick event 2006, current size: 2013
pool-16-thread-4 pick event 2007, current size: 2012
pool-16-thread-3 pick event 2008, current size: 2011
pool-16-thread-7 pick event 2009, current size: 2010
pool-16-thread-8 pick event 2010, current size: 2009
pool-16-thread-15 pick event 2011, current size: 2008
pool-16-thread-16 pick event 2012, current size: 2007
pool-16-thread-9 pick event 2013, current size: 2006
pool-16-thread-10 pick event 2014, current size: 2005
pool-16-thread-18 pick event 2015, current size: 2004
pool-16-thread-2 pick event 2016, current size: 2003
pool-16-thread-13 pick event 2017, current size: 2002
pool-16-thread-19 pick event 2018, current size: 2001
pool-16-thread-20 pick event 2019, current size: 2000
pool-16-thread-17 pick event 2020, current size: 1999
pool-16-thread-11 pick event 2021, current size: 1998
pool-16-thread-12 pick event 2022, current size: 1997
pool-16-thread-14 pick event 2023, current size: 1996
pool-16-thread-1 pick event 2024, current size: 1995
pool-16-thread-5 pick event 2025, current size: 1994
pool-16-thread-6 pick event 2026, current size: 1993
pool-16-thread-12 pick event 2027, current size: 1992
pool-16-thread-4 pick event 2028, current size: 1991
pool-16-thread-7 pick event 2029, current size: 1990
pool-16-thread-8 pick event 2030, current size: 1989
pool-16-thread-15 pick event 2031, current size: 1988
pool-16-thread-12 pick event 2032, current size: 1987
pool-16-thread-10 pick event 2033, current size: 1986
pool-16-thread-9 pick event 2034, current size: 1985
pool-16-thread-2 pick event 2035, current size: 1984
pool-16-thread-18 pick event 2036, current size: 1983
pool-16-thread-13 pick event 2037, current size: 1982
pool-16-thread-19 pick event 2038, current size: 1981
pool-16-thread-20 pick event 2039, current size: 1980
pool-16-thread-17 pick event 2040, current size: 1979
pool-16-thread-11 pick event 2041, current size: 1978
pool-16-thread-3 pick event 2042, current size: 1977
pool-16-thread-1 pick event 2043, current size: 1976
pool-16-thread-14 pick event 2044, current size: 1975
pool-16-thread-5 pick event 2045, current size: 1974
pool-16-thread-6 pick event 2046, current size: 1973
pool-16-thread-4 pick event 2047, current size: 1972
pool-16-thread-16 pick event 2048, current size: 1971
pool-16-thread-7 pick event 2049, current size: 1970
pool-16-thread-8 pick event 2050, current size: 1969
pool-16-thread-15 pick event 2051, current size: 1968
pool-16-thread-12 pick event 2052, current size: 1967
pool-16-thread-10 pick event 2053, current size: 1966
pool-16-thread-9 pick event 2054, current size: 1965
pool-16-thread-2 pick event 2055, current size: 1964
pool-16-thread-13 pick event 2057, current size: 1962
pool-16-thread-19 pick event 2058, current size: 1961
pool-16-thread-3 pick event 2059, current size: 1960
pool-16-thread-20 pick event 2060, current size: 1959
pool-16-thread-17 pick event 2061, current size: 1958
pool-16-thread-11 pick event 2062, current size: 1957
pool-16-thread-1 pick event 2063, current size: 1956
pool-16-thread-14 pick event 2064, current size: 1955
pool-16-thread-5 pick event 2065, current size: 1954
pool-16-thread-6 pick event 2066, current size: 1953
pool-16-thread-4 pick event 2067, current size: 1952
pool-16-thread-16 pick event 2068, current size: 1951
pool-16-thread-7 pick event 2069, current size: 1950
pool-16-thread-8 pick event 2070, current size: 1949
pool-16-thread-15 pick event 2071, current size: 1948
pool-16-thread-12 pick event 2072, current size: 1947
pool-16-thread-10 pick event 2073, current size: 1946
pool-16-thread-18 pick event 2074, current size: 1945
pool-16-thread-9 pick event 2075, current size: 1944
pool-16-thread-13 pick event 2076, current size: 1943
pool-16-thread-2 pick event 2077, current size: 1942
pool-16-thread-19 pick event 2078, current size: 1941
pool-16-thread-3 pick event 2079, current size: 1940
pool-16-thread-20 pick event 2080, current size: 1939
pool-16-thread-11 pick event 2081, current size: 1938
pool-16-thread-17 pick event 2082, current size: 1937
pool-16-thread-1 pick event 2083, current size: 1936
pool-16-thread-14 pick event 2084, current size: 1935
pool-16-thread-5 pick event 2085, current size: 1934
pool-16-thread-4 pick event 2087, current size: 1932
pool-16-thread-16 pick event 2088, current size: 1931
pool-16-thread-7 pick event 2089, current size: 1930
pool-16-thread-8 pick event 2090, current size: 1929
pool-16-thread-15 pick event 2091, current size: 1928
pool-16-thread-12 pick event 2092, current size: 1927
pool-16-thread-10 pick event 2093, current size: 1926
pool-16-thread-18 pick event 2094, current size: 1925
pool-16-thread-9 pick event 2095, current size: 1924
pool-16-thread-13 pick event 2096, current size: 1923
pool-16-thread-2 pick event 2097, current size: 1922
pool-16-thread-19 pick event 2098, current size: 1921
pool-16-thread-3 pick event 2099, current size: 1920
pool-16-thread-20 pick event 2100, current size: 1919
pool-16-thread-11 pick event 2101, current size: 1918
pool-16-thread-17 pick event 2102, current size: 1917
pool-16-thread-6 pick event 2103, current size: 1916
pool-16-thread-1 pick event 2104, current size: 1915
pool-16-thread-14 pick event 2105, current size: 1914
pool-16-thread-5 pick event 2106, current size: 1913
pool-16-thread-7 pick event 2107, current size: 1912
pool-16-thread-16 pick event 2108, current size: 1911
pool-16-thread-4 pick event 2109, current size: 1910
pool-16-thread-8 pick event 2110, current size: 1909
pool-16-thread-15 pick event 2111, current size: 1908
pool-16-thread-12 pick event 2112, current size: 1907
pool-16-thread-10 pick event 2113, current size: 1906
pool-16-thread-18 pick event 2114, current size: 1905
pool-16-thread-13 pick event 2115, current size: 1904
pool-16-thread-9 pick event 2116, current size: 1903
pool-16-thread-2 pick event 2117, current size: 1902
pool-16-thread-19 pick event 2118, current size: 1901
pool-16-thread-3 pick event 2119, current size: 1900
pool-16-thread-20 pick event 2120, current size: 1899
pool-16-thread-11 pick event 2121, current size: 1898
pool-16-thread-17 pick event 2122, current size: 1897
pool-16-thread-6 pick event 2123, current size: 1896
pool-16-thread-1 pick event 2124, current size: 1895
pool-16-thread-14 pick event 2126, current size: 1893
pool-16-thread-7 pick event 2127, current size: 1892
pool-16-thread-4 pick event 2129, current size: 1891
pool-16-thread-15 pick event 2130, current size: 1890
pool-16-thread-7 pick event 2131, current size: 1888
pool-16-thread-10 pick event 2132, current size: 1887
pool-16-thread-12 pick event 2133, current size: 1886
pool-16-thread-13 pick event 2134, current size: 1885
pool-16-thread-18 pick event 2135, current size: 1884
pool-16-thread-9 pick event 2136, current size: 1883
pool-16-thread-3 pick event 2137, current size: 1882
pool-16-thread-2 pick event 2138, current size: 1881
pool-16-thread-20 pick event 2140, current size: 1880
pool-16-thread-11 pick event 2142, current size: 1877
pool-16-thread-6 pick event 2144, current size: 1875
pool-16-thread-16 pick event 2145, current size: 1874
pool-16-thread-9 pick event 2146, current size: 1873
pool-16-thread-8 pick event 2147, current size: 1872
pool-16-thread-4 pick event 2148, current size: 1871
pool-16-thread-14 pick event 2149, current size: 1870
pool-16-thread-15 pick event 2150, current size: 1869
pool-16-thread-7 pick event 2151, current size: 1868
pool-16-thread-13 pick event 2152, current size: 1867
pool-16-thread-10 pick event 2153, current size: 1866
pool-16-thread-12 pick event 2154, current size: 1865
pool-16-thread-18 pick event 2155, current size: 1864
pool-16-thread-19 pick event 2156, current size: 1863
pool-16-thread-10 pick event 2157, current size: 1862
pool-16-thread-18 pick event 2158, current size: 1861
pool-16-thread-1 pick event 2159, current size: 1860
pool-16-thread-2 pick event 2160, current size: 1859
pool-16-thread-5 pick event 2161, current size: 1858
pool-16-thread-11 pick event 2162, current size: 1857
pool-16-thread-20 pick event 2163, current size: 1856
pool-16-thread-4 pick event 2164, current size: 1855
pool-16-thread-16 pick event 2165, current size: 1854
pool-16-thread-6 pick event 2166, current size: 1853
pool-16-thread-20 pick event 2167, current size: 1852
pool-16-thread-14 pick event 2168, current size: 1851
pool-16-thread-8 pick event 2169, current size: 1850
pool-16-thread-4 pick event 2170, current size: 1849
pool-16-thread-3 pick event 2171, current size: 1848
pool-16-thread-13 pick event 2172, current size: 1847
pool-16-thread-12 pick event 2173, current size: 1846
pool-16-thread-15 pick event 2174, current size: 1845
pool-16-thread-17 pick event 2175, current size: 1844
pool-16-thread-19 pick event 2176, current size: 1843
pool-16-thread-10 pick event 2177, current size: 1842
pool-16-thread-18 pick event 2178, current size: 1841
pool-16-thread-1 pick event 2179, current size: 1840
pool-16-thread-2 pick event 2180, current size: 1839
pool-16-thread-5 pick event 2181, current size: 1838
pool-16-thread-11 pick event 2182, current size: 1837
pool-16-thread-9 pick event 2183, current size: 1836
pool-16-thread-6 pick event 2184, current size: 1835
pool-16-thread-7 pick event 2185, current size: 1834
pool-16-thread-16 pick event 2186, current size: 1833
pool-16-thread-20 pick event 2187, current size: 1832
pool-16-thread-14 pick event 2188, current size: 1831
pool-16-thread-8 pick event 2189, current size: 1830
pool-16-thread-4 pick event 2190, current size: 1829
pool-16-thread-13 pick event 2191, current size: 1828
pool-16-thread-3 pick event 2192, current size: 1827
pool-16-thread-12 pick event 2193, current size: 1826
pool-16-thread-15 pick event 2194, current size: 1825
pool-16-thread-19 pick event 2195, current size: 1824
pool-16-thread-18 pick event 2196, current size: 1823
pool-16-thread-10 pick event 2198, current size: 1822
pool-16-thread-1 pick event 2199, current size: 1820
pool-16-thread-5 pick event 2200, current size: 1819
pool-16-thread-2 pick event 2201, current size: 1818
pool-16-thread-11 pick event 2202, current size: 1817
pool-16-thread-9 pick event 2203, current size: 1816
pool-16-thread-6 pick event 2204, current size: 1815
pool-16-thread-7 pick event 2205, current size: 1814
pool-16-thread-16 pick event 2206, current size: 1813
pool-16-thread-14 pick event 2208, current size: 1811
pool-16-thread-8 pick event 2209, current size: 1810
pool-16-thread-12 pick event 2210, current size: 1809
pool-16-thread-4 pick event 2211, current size: 1808
pool-16-thread-13 pick event 2212, current size: 1807
pool-16-thread-3 pick event 2213, current size: 1806
pool-16-thread-15 pick event 2214, current size: 1805
pool-16-thread-19 pick event 2215, current size: 1804
pool-16-thread-18 pick event 2216, current size: 1803
pool-16-thread-17 pick event 2217, current size: 1802
pool-16-thread-10 pick event 2218, current size: 1801
pool-16-thread-1 pick event 2219, current size: 1800
pool-16-thread-5 pick event 2220, current size: 1799
pool-16-thread-2 pick event 2222, current size: 1797
pool-16-thread-20 pick event 2223, current size: 1796
pool-16-thread-9 pick event 2224, current size: 1795
pool-16-thread-6 pick event 2225, current size: 1794
pool-16-thread-16 pick event 2226, current size: 1793
pool-16-thread-7 pick event 2227, current size: 1792
pool-16-thread-8 pick event 2228, current size: 1791
pool-16-thread-4 pick event 2229, current size: 1790
pool-16-thread-14 pick event 2230, current size: 1789
pool-16-thread-12 pick event 2231, current size: 1788
pool-16-thread-3 pick event 2232, current size: 1787
pool-16-thread-13 pick event 2233, current size: 1786
pool-16-thread-19 pick event 2234, current size: 1785
pool-16-thread-10 pick event 2235, current size: 1784
pool-16-thread-15 pick event 2236, current size: 1783
pool-16-thread-17 pick event 2237, current size: 1782
pool-16-thread-11 pick event 2238, current size: 1781
pool-16-thread-1 pick event 2239, current size: 1780
pool-16-thread-5 pick event 2240, current size: 1779
pool-16-thread-18 pick event 2241, current size: 1778
pool-16-thread-2 pick event 2242, current size: 1777
pool-16-thread-16 pick event 2243, current size: 1776
pool-16-thread-9 pick event 2244, current size: 1775
pool-16-thread-20 pick event 2245, current size: 1774
pool-16-thread-8 pick event 2246, current size: 1773
pool-16-thread-7 pick event 2248, current size: 1772
pool-16-thread-4 pick event 2249, current size: 1770
pool-16-thread-14 pick event 2250, current size: 1769
pool-16-thread-13 pick event 2251, current size: 1768
pool-16-thread-12 pick event 2252, current size: 1767
pool-16-thread-3 pick event 2253, current size: 1766
pool-16-thread-10 pick event 2254, current size: 1765
pool-16-thread-19 pick event 2255, current size: 1764
pool-16-thread-17 pick event 2256, current size: 1763
pool-16-thread-15 pick event 2257, current size: 1762
pool-16-thread-11 pick event 2258, current size: 1761
pool-16-thread-1 pick event 2259, current size: 1760
pool-16-thread-5 pick event 2260, current size: 1759
pool-16-thread-18 pick event 2261, current size: 1758
pool-16-thread-2 pick event 2262, current size: 1757
pool-16-thread-9 pick event 2263, current size: 1756
pool-16-thread-16 pick event 2264, current size: 1755
pool-16-thread-6 pick event 2265, current size: 1754
pool-16-thread-20 pick event 2266, current size: 1753
pool-16-thread-8 pick event 2267, current size: 1752
pool-16-thread-7 pick event 2268, current size: 1751
pool-16-thread-14 pick event 2269, current size: 1750
pool-16-thread-4 pick event 2270, current size: 1749
pool-16-thread-12 pick event 2271, current size: 1748
pool-16-thread-13 pick event 2272, current size: 1747
pool-16-thread-3 pick event 2273, current size: 1746
pool-16-thread-10 pick event 2274, current size: 1745
pool-16-thread-15 pick event 2275, current size: 1744
pool-16-thread-17 pick event 2276, current size: 1743
pool-16-thread-19 pick event 2277, current size: 1742
pool-16-thread-1 pick event 2278, current size: 1741
pool-16-thread-11 pick event 2279, current size: 1740
pool-16-thread-5 pick event 2280, current size: 1739
pool-16-thread-18 pick event 2281, current size: 1738
pool-16-thread-9 pick event 2282, current size: 1737
pool-16-thread-2 pick event 2283, current size: 1736
pool-16-thread-6 pick event 2284, current size: 1735
pool-16-thread-16 pick event 2285, current size: 1734
pool-16-thread-20 pick event 2286, current size: 1733
pool-16-thread-8 pick event 2287, current size: 1732
pool-16-thread-7 pick event 2288, current size: 1731
pool-16-thread-12 pick event 2289, current size: 1730
pool-16-thread-4 pick event 2290, current size: 1729
pool-16-thread-14 pick event 2291, current size: 1728
pool-16-thread-8 pick event 2292, current size: 1727
pool-16-thread-3 pick event 2293, current size: 1726
pool-16-thread-10 pick event 2294, current size: 1725
pool-16-thread-15 pick event 2295, current size: 1724
pool-16-thread-1 pick event 2296, current size: 1723
pool-16-thread-17 pick event 2297, current size: 1722
pool-16-thread-11 pick event 2298, current size: 1721
pool-16-thread-19 pick event 2299, current size: 1720
pool-16-thread-5 pick event 2300, current size: 1719
pool-16-thread-18 pick event 2301, current size: 1718
pool-16-thread-9 pick event 2302, current size: 1717
pool-16-thread-2 pick event 2303, current size: 1716
pool-16-thread-20 pick event 2304, current size: 1715
pool-16-thread-6 pick event 2305, current size: 1714
pool-16-thread-16 pick event 2306, current size: 1713
pool-16-thread-7 pick event 2307, current size: 1712
pool-16-thread-13 pick event 2308, current size: 1711
pool-16-thread-4 pick event 2309, current size: 1710
pool-16-thread-12 pick event 2310, current size: 1709
pool-16-thread-14 pick event 2311, current size: 1708
pool-16-thread-8 pick event 2312, current size: 1707
pool-16-thread-3 pick event 2313, current size: 1706
pool-16-thread-10 pick event 2314, current size: 1705
pool-16-thread-11 pick event 2315, current size: 1704
pool-16-thread-15 pick event 2316, current size: 1703
pool-16-thread-1 pick event 2317, current size: 1702
pool-16-thread-17 pick event 2318, current size: 1701
pool-16-thread-19 pick event 2319, current size: 1700
pool-16-thread-5 pick event 2320, current size: 1699
pool-16-thread-18 pick event 2321, current size: 1698
pool-16-thread-2 pick event 2323, current size: 1696
pool-16-thread-6 pick event 2324, current size: 1695
pool-16-thread-20 pick event 2325, current size: 1694
pool-16-thread-16 pick event 2326, current size: 1693
pool-16-thread-7 pick event 2327, current size: 1692
pool-16-thread-4 pick event 2328, current size: 1691
pool-16-thread-13 pick event 2329, current size: 1690
pool-16-thread-12 pick event 2330, current size: 1689
pool-16-thread-8 pick event 2331, current size: 1688
pool-16-thread-20 pick event 2332, current size: 1687
pool-16-thread-4 pick event 2333, current size: 1686
pool-16-thread-10 pick event 2334, current size: 1685
pool-16-thread-11 pick event 2335, current size: 1684
pool-16-thread-1 pick event 2336, current size: 1683
pool-16-thread-15 pick event 2337, current size: 1682
pool-16-thread-19 pick event 2338, current size: 1681
pool-16-thread-9 pick event 2339, current size: 1680
pool-16-thread-17 pick event 2340, current size: 1679
pool-16-thread-18 pick event 2341, current size: 1678
pool-16-thread-5 pick event 2342, current size: 1677
pool-16-thread-6 pick event 2343, current size: 1676
pool-16-thread-2 pick event 2344, current size: 1675
pool-16-thread-5 pick event 2345, current size: 1674
pool-16-thread-7 pick event 2346, current size: 1673
pool-16-thread-3 pick event 2347, current size: 1672
pool-16-thread-16 pick event 2348, current size: 1671
pool-16-thread-12 pick event 2349, current size: 1670
pool-16-thread-8 pick event 2350, current size: 1669
pool-16-thread-13 pick event 2351, current size: 1668
pool-16-thread-20 pick event 2352, current size: 1667
pool-16-thread-4 pick event 2353, current size: 1666
pool-16-thread-10 pick event 2354, current size: 1665
pool-16-thread-11 pick event 2355, current size: 1664
pool-16-thread-1 pick event 2356, current size: 1663
pool-16-thread-15 pick event 2357, current size: 1662
pool-16-thread-19 pick event 2358, current size: 1661
pool-16-thread-17 pick event 2359, current size: 1660
pool-16-thread-9 pick event 2360, current size: 1659
pool-16-thread-18 pick event 2361, current size: 1658
pool-16-thread-14 pick event 2362, current size: 1657
pool-16-thread-6 pick event 2363, current size: 1656
pool-16-thread-2 pick event 2364, current size: 1655
pool-16-thread-5 pick event 2365, current size: 1654
pool-16-thread-3 pick event 2366, current size: 1653
pool-16-thread-7 pick event 2367, current size: 1652
pool-16-thread-16 pick event 2368, current size: 1651
pool-16-thread-8 pick event 2369, current size: 1650
pool-16-thread-20 pick event 2370, current size: 1649
pool-16-thread-12 pick event 2371, current size: 1648
pool-16-thread-13 pick event 2372, current size: 1647
pool-16-thread-11 pick event 2373, current size: 1646
pool-16-thread-4 pick event 2374, current size: 1645
pool-16-thread-10 pick event 2375, current size: 1644
pool-16-thread-1 pick event 2376, current size: 1643
pool-16-thread-15 pick event 2377, current size: 1642
pool-16-thread-9 pick event 2378, current size: 1641
pool-16-thread-17 pick event 2379, current size: 1640
pool-16-thread-19 pick event 2380, current size: 1639
pool-16-thread-18 pick event 2381, current size: 1638
pool-16-thread-14 pick event 2382, current size: 1637
pool-16-thread-6 pick event 2383, current size: 1636
pool-16-thread-5 pick event 2385, current size: 1635
pool-16-thread-3 pick event 2386, current size: 1634
pool-16-thread-7 pick event 2387, current size: 1632
pool-16-thread-16 pick event 2388, current size: 1631
pool-16-thread-8 pick event 2389, current size: 1630
pool-16-thread-20 pick event 2390, current size: 1629
pool-16-thread-12 pick event 2391, current size: 1628
pool-16-thread-13 pick event 2392, current size: 1627
pool-16-thread-11 pick event 2393, current size: 1626
pool-16-thread-4 pick event 2394, current size: 1625
pool-16-thread-1 pick event 2395, current size: 1624
pool-16-thread-10 pick event 2396, current size: 1623
pool-16-thread-15 pick event 2397, current size: 1622
pool-16-thread-9 pick event 2398, current size: 1621
pool-16-thread-17 pick event 2399, current size: 1620
pool-16-thread-19 pick event 2400, current size: 1619
pool-16-thread-2 pick event 2401, current size: 1618
pool-16-thread-14 pick event 2402, current size: 1617
pool-16-thread-5 pick event 2403, current size: 1616
pool-16-thread-6 pick event 2404, current size: 1615
pool-16-thread-18 pick event 2405, current size: 1614
pool-16-thread-3 pick event 2406, current size: 1613
pool-16-thread-7 pick event 2407, current size: 1612
pool-16-thread-16 pick event 2408, current size: 1611
pool-16-thread-20 pick event 2409, current size: 1610
pool-16-thread-12 pick event 2410, current size: 1609
pool-16-thread-8 pick event 2411, current size: 1608
pool-16-thread-13 pick event 2412, current size: 1607
pool-16-thread-11 pick event 2413, current size: 1606
pool-16-thread-4 pick event 2414, current size: 1605
pool-16-thread-10 pick event 2415, current size: 1604
pool-16-thread-1 pick event 2416, current size: 1603
pool-16-thread-15 pick event 2417, current size: 1602
pool-16-thread-9 pick event 2419, current size: 1601
pool-16-thread-19 pick event 2420, current size: 1599
pool-16-thread-2 pick event 2421, current size: 1598
pool-16-thread-14 pick event 2422, current size: 1597
pool-16-thread-5 pick event 2423, current size: 1596
pool-16-thread-18 pick event 2425, current size: 1595
pool-16-thread-3 pick event 2426, current size: 1593
pool-16-thread-12 pick event 2427, current size: 1592
pool-16-thread-7 pick event 2428, current size: 1591
pool-16-thread-20 pick event 2429, current size: 1590
pool-16-thread-16 pick event 2430, current size: 1589
pool-16-thread-8 pick event 2431, current size: 1588
pool-16-thread-13 pick event 2432, current size: 1587
pool-16-thread-11 pick event 2433, current size: 1586
pool-16-thread-10 pick event 2434, current size: 1585
pool-16-thread-4 pick event 2435, current size: 1584
pool-16-thread-17 pick event 2436, current size: 1583
pool-16-thread-1 pick event 2437, current size: 1582
pool-16-thread-15 pick event 2438, current size: 1581
pool-16-thread-9 pick event 2439, current size: 1580
pool-16-thread-6 pick event 2440, current size: 1579
pool-16-thread-17 pick event 2441, current size: 1578
pool-16-thread-14 pick event 2442, current size: 1577
pool-16-thread-5 pick event 2443, current size: 1576
pool-16-thread-19 pick event 2444, current size: 1575
pool-16-thread-18 pick event 2445, current size: 1574
pool-16-thread-3 pick event 2446, current size: 1573
pool-16-thread-19 pick event 2447, current size: 1572
pool-16-thread-7 pick event 2448, current size: 1571
pool-16-thread-16 pick event 2449, current size: 1570
pool-16-thread-8 pick event 2450, current size: 1569
pool-16-thread-20 pick event 2451, current size: 1568
pool-16-thread-13 pick event 2452, current size: 1567
pool-16-thread-10 pick event 2454, current size: 1565
pool-16-thread-4 pick event 2455, current size: 1564
pool-16-thread-15 pick event 2456, current size: 1563
pool-16-thread-2 pick event 2457, current size: 1562
pool-16-thread-1 pick event 2458, current size: 1561
pool-16-thread-9 pick event 2459, current size: 1560
pool-16-thread-6 pick event 2460, current size: 1559
pool-16-thread-5 pick event 2461, current size: 1558
pool-16-thread-17 pick event 2462, current size: 1557
pool-16-thread-14 pick event 2463, current size: 1556
pool-16-thread-12 pick event 2464, current size: 1555
pool-16-thread-3 pick event 2466, current size: 1554
pool-16-thread-14 pick event 2467, current size: 1553
pool-16-thread-7 pick event 2468, current size: 1551
pool-16-thread-8 pick event 2469, current size: 1550
pool-16-thread-11 pick event 2470, current size: 1549
pool-16-thread-16 pick event 2471, current size: 1548
pool-16-thread-7 pick event 2472, current size: 1547
pool-16-thread-13 pick event 2473, current size: 1546
pool-16-thread-10 pick event 2474, current size: 1545
pool-16-thread-4 pick event 2475, current size: 1544
pool-16-thread-1 pick event 2476, current size: 1543
pool-16-thread-6 pick event 2477, current size: 1542
pool-16-thread-15 pick event 2478, current size: 1541
pool-16-thread-9 pick event 2479, current size: 1540
pool-16-thread-2 pick event 2480, current size: 1539
pool-16-thread-5 pick event 2481, current size: 1538
pool-16-thread-18 pick event 2482, current size: 1537
pool-16-thread-20 pick event 2484, current size: 1535
pool-16-thread-3 pick event 2485, current size: 1534
pool-16-thread-19 pick event 2486, current size: 1533
pool-16-thread-12 pick event 2487, current size: 1532
pool-16-thread-14 pick event 2488, current size: 1531
pool-16-thread-8 pick event 2489, current size: 1530
pool-16-thread-16 pick event 2490, current size: 1529
pool-16-thread-11 pick event 2491, current size: 1528
pool-16-thread-7 pick event 2492, current size: 1527
pool-16-thread-13 pick event 2493, current size: 1526
pool-16-thread-10 pick event 2494, current size: 1525
pool-16-thread-1 pick event 2496, current size: 1523
pool-16-thread-9 pick event 2497, current size: 1522
pool-16-thread-15 pick event 2498, current size: 1521
pool-16-thread-6 pick event 2499, current size: 1520
pool-16-thread-17 pick event 2500, current size: 1519
pool-16-thread-2 pick event 2501, current size: 1518
pool-16-thread-5 pick event 2502, current size: 1517
pool-16-thread-18 pick event 2503, current size: 1516
pool-16-thread-20 pick event 2504, current size: 1515
pool-16-thread-19 pick event 2505, current size: 1514
pool-16-thread-8 pick event 2506, current size: 1513
pool-16-thread-14 pick event 2507, current size: 1512
pool-16-thread-3 pick event 2508, current size: 1511
pool-16-thread-12 pick event 2509, current size: 1510
pool-16-thread-16 pick event 2510, current size: 1509
pool-16-thread-11 pick event 2511, current size: 1508
pool-16-thread-4 pick event 2512, current size: 1507
pool-16-thread-10 pick event 2513, current size: 1506
pool-16-thread-13 pick event 2514, current size: 1505
pool-16-thread-7 pick event 2515, current size: 1504
pool-16-thread-1 pick event 2516, current size: 1503
pool-16-thread-9 pick event 2517, current size: 1502
pool-16-thread-15 pick event 2518, current size: 1501
pool-16-thread-2 pick event 2519, current size: 1500
pool-16-thread-6 pick event 2520, current size: 1499
pool-16-thread-5 pick event 2521, current size: 1498
pool-16-thread-17 pick event 2522, current size: 1497
pool-16-thread-18 pick event 2523, current size: 1496
pool-16-thread-20 pick event 2524, current size: 1495
pool-16-thread-8 pick event 2525, current size: 1494
pool-16-thread-19 pick event 2526, current size: 1493
pool-16-thread-14 pick event 2527, current size: 1492
pool-16-thread-3 pick event 2528, current size: 1491
pool-16-thread-12 pick event 2529, current size: 1490
pool-16-thread-16 pick event 2530, current size: 1489
pool-16-thread-11 pick event 2531, current size: 1488
pool-16-thread-4 pick event 2532, current size: 1487
pool-16-thread-10 pick event 2533, current size: 1486
pool-16-thread-13 pick event 2534, current size: 1485
pool-16-thread-7 pick event 2535, current size: 1484
pool-16-thread-1 pick event 2536, current size: 1483
pool-16-thread-15 pick event 2537, current size: 1482
pool-16-thread-2 pick event 2538, current size: 1481
pool-16-thread-9 pick event 2539, current size: 1480
pool-16-thread-6 pick event 2540, current size: 1479
pool-16-thread-5 pick event 2541, current size: 1478
pool-16-thread-17 pick event 2542, current size: 1477
pool-16-thread-18 pick event 2543, current size: 1476
pool-16-thread-20 pick event 2544, current size: 1475
pool-16-thread-19 pick event 2545, current size: 1474
pool-16-thread-8 pick event 2546, current size: 1473
pool-16-thread-14 pick event 2547, current size: 1472
pool-16-thread-3 pick event 2548, current size: 1471
pool-16-thread-12 pick event 2549, current size: 1470
pool-16-thread-8 pick event 2550, current size: 1469
pool-16-thread-10 pick event 2551, current size: 1468
pool-16-thread-4 pick event 2552, current size: 1467
pool-16-thread-11 pick event 2553, current size: 1466
pool-16-thread-13 pick event 2554, current size: 1465
pool-16-thread-1 pick event 2555, current size: 1464
pool-16-thread-7 pick event 2556, current size: 1463
pool-16-thread-2 pick event 2557, current size: 1462
pool-16-thread-15 pick event 2558, current size: 1461
pool-16-thread-9 pick event 2559, current size: 1460
pool-16-thread-6 pick event 2560, current size: 1459
pool-16-thread-5 pick event 2561, current size: 1458
pool-16-thread-17 pick event 2562, current size: 1457
pool-16-thread-18 pick event 2563, current size: 1456
pool-16-thread-20 pick event 2564, current size: 1455
pool-16-thread-19 pick event 2565, current size: 1454
pool-16-thread-16 pick event 2566, current size: 1453
pool-16-thread-3 pick event 2567, current size: 1452
pool-16-thread-20 pick event 2568, current size: 1451
pool-16-thread-12 pick event 2569, current size: 1450
pool-16-thread-10 pick event 2570, current size: 1449
pool-16-thread-8 pick event 2571, current size: 1448
pool-16-thread-4 pick event 2572, current size: 1447
pool-16-thread-11 pick event 2573, current size: 1446
pool-16-thread-13 pick event 2574, current size: 1445
pool-16-thread-7 pick event 2576, current size: 1443
pool-16-thread-2 pick event 2577, current size: 1442
pool-16-thread-15 pick event 2578, current size: 1441
pool-16-thread-6 pick event 2579, current size: 1440
pool-16-thread-9 pick event 2580, current size: 1439
pool-16-thread-5 pick event 2581, current size: 1438
pool-16-thread-17 pick event 2582, current size: 1437
pool-16-thread-18 pick event 2583, current size: 1436
pool-16-thread-14 pick event 2584, current size: 1435
pool-16-thread-19 pick event 2585, current size: 1434
pool-16-thread-20 pick event 2586, current size: 1433
pool-16-thread-16 pick event 2587, current size: 1432
pool-16-thread-3 pick event 2588, current size: 1431
pool-16-thread-8 pick event 2589, current size: 1430
pool-16-thread-10 pick event 2590, current size: 1429
pool-16-thread-12 pick event 2591, current size: 1428
pool-16-thread-1 pick event 2592, current size: 1427
pool-16-thread-4 pick event 2593, current size: 1426
pool-16-thread-11 pick event 2594, current size: 1425
pool-16-thread-13 pick event 2595, current size: 1424
pool-16-thread-7 pick event 2596, current size: 1423
pool-16-thread-2 pick event 2597, current size: 1422
pool-16-thread-6 pick event 2598, current size: 1421
pool-16-thread-13 pick event 2599, current size: 1420
pool-16-thread-5 pick event 2600, current size: 1419
pool-16-thread-9 pick event 2601, current size: 1418
pool-16-thread-17 pick event 2602, current size: 1417
pool-16-thread-18 pick event 2603, current size: 1416
pool-16-thread-14 pick event 2604, current size: 1415
pool-16-thread-19 pick event 2605, current size: 1414
pool-16-thread-20 pick event 2606, current size: 1413
pool-16-thread-19 pick event 2607, current size: 1412
pool-16-thread-16 pick event 2608, current size: 1411
pool-16-thread-8 pick event 2609, current size: 1410
pool-16-thread-10 pick event 2610, current size: 1409
pool-16-thread-12 pick event 2611, current size: 1408
pool-16-thread-16 pick event 2612, current size: 1407
pool-16-thread-4 pick event 2613, current size: 1406
pool-16-thread-15 pick event 2614, current size: 1405
pool-16-thread-11 pick event 2615, current size: 1404
pool-16-thread-2 pick event 2616, current size: 1403
pool-16-thread-7 pick event 2617, current size: 1402
pool-16-thread-6 pick event 2618, current size: 1401
pool-16-thread-13 pick event 2619, current size: 1400
pool-16-thread-5 pick event 2620, current size: 1399
pool-16-thread-9 pick event 2621, current size: 1398
pool-16-thread-17 pick event 2622, current size: 1397
pool-16-thread-18 pick event 2623, current size: 1396
pool-16-thread-14 pick event 2624, current size: 1395
pool-16-thread-3 pick event 2625, current size: 1394
pool-16-thread-20 pick event 2626, current size: 1393
pool-16-thread-19 pick event 2627, current size: 1392
pool-16-thread-1 pick event 2628, current size: 1391
pool-16-thread-10 pick event 2629, current size: 1390
pool-16-thread-8 pick event 2630, current size: 1389
pool-16-thread-16 pick event 2631, current size: 1388
pool-16-thread-12 pick event 2632, current size: 1387
pool-16-thread-10 pick event 2633, current size: 1386
pool-16-thread-11 pick event 2634, current size: 1385
pool-16-thread-15 pick event 2635, current size: 1384
pool-16-thread-7 pick event 2636, current size: 1383
pool-16-thread-2 pick event 2637, current size: 1382
pool-16-thread-6 pick event 2638, current size: 1381
pool-16-thread-13 pick event 2639, current size: 1380
pool-16-thread-9 pick event 2640, current size: 1379
pool-16-thread-17 pick event 2641, current size: 1378
pool-16-thread-5 pick event 2642, current size: 1377
pool-16-thread-14 pick event 2644, current size: 1376
pool-16-thread-3 pick event 2645, current size: 1374
pool-16-thread-4 pick event 2646, current size: 1373
pool-16-thread-20 pick event 2647, current size: 1372
pool-16-thread-19 pick event 2648, current size: 1371
pool-16-thread-1 pick event 2649, current size: 1370
pool-16-thread-8 pick event 2650, current size: 1369
pool-16-thread-14 pick event 2651, current size: 1368
pool-16-thread-12 pick event 2652, current size: 1367
pool-16-thread-10 pick event 2653, current size: 1366
pool-16-thread-11 pick event 2654, current size: 1365
pool-16-thread-15 pick event 2655, current size: 1364
pool-16-thread-12 pick event 2656, current size: 1363
pool-16-thread-2 pick event 2657, current size: 1362
pool-16-thread-6 pick event 2658, current size: 1361
pool-16-thread-13 pick event 2659, current size: 1360
pool-16-thread-18 pick event 2660, current size: 1359
pool-16-thread-9 pick event 2661, current size: 1358
pool-16-thread-5 pick event 2662, current size: 1357
pool-16-thread-17 pick event 2663, current size: 1356
pool-16-thread-16 pick event 2664, current size: 1355
pool-16-thread-1 pick event 2666, current size: 1354
pool-16-thread-20 pick event 2667, current size: 1353
pool-16-thread-19 pick event 2668, current size: 1352
pool-16-thread-14 pick event 2669, current size: 1351
pool-16-thread-4 pick event 2670, current size: 1349
pool-16-thread-7 pick event 2671, current size: 1348
pool-16-thread-8 pick event 2672, current size: 1347
pool-16-thread-11 pick event 2673, current size: 1346
pool-16-thread-10 pick event 2674, current size: 1345
pool-16-thread-15 pick event 2675, current size: 1344
pool-16-thread-12 pick event 2676, current size: 1343
pool-16-thread-2 pick event 2677, current size: 1342
pool-16-thread-13 pick event 2678, current size: 1341
pool-16-thread-18 pick event 2679, current size: 1340
pool-16-thread-9 pick event 2680, current size: 1339
pool-16-thread-2 pick event 2681, current size: 1338
pool-16-thread-5 pick event 2682, current size: 1337
pool-16-thread-3 pick event 2683, current size: 1336
pool-16-thread-13 pick event 2684, current size: 1335
pool-16-thread-1 pick event 2685, current size: 1334
pool-16-thread-16 pick event 2686, current size: 1333
pool-16-thread-14 pick event 2687, current size: 1332
pool-16-thread-20 pick event 2688, current size: 1331
pool-16-thread-19 pick event 2689, current size: 1330
pool-16-thread-8 pick event 2690, current size: 1329
pool-16-thread-11 pick event 2691, current size: 1328
pool-16-thread-14 pick event 2692, current size: 1327
pool-16-thread-4 pick event 2693, current size: 1326
pool-16-thread-12 pick event 2694, current size: 1325
pool-16-thread-15 pick event 2695, current size: 1324
pool-16-thread-6 pick event 2696, current size: 1323
pool-16-thread-7 pick event 2697, current size: 1322
pool-16-thread-18 pick event 2698, current size: 1321
pool-16-thread-2 pick event 2699, current size: 1320
pool-16-thread-9 pick event 2700, current size: 1319
pool-16-thread-17 pick event 2701, current size: 1318
pool-16-thread-5 pick event 2702, current size: 1317
pool-16-thread-3 pick event 2703, current size: 1316
pool-16-thread-16 pick event 2704, current size: 1315
pool-16-thread-1 pick event 2706, current size: 1313
pool-16-thread-10 pick event 2707, current size: 1312
pool-16-thread-20 pick event 2708, current size: 1311
pool-16-thread-19 pick event 2709, current size: 1310
pool-16-thread-11 pick event 2710, current size: 1309
pool-16-thread-8 pick event 2711, current size: 1308
pool-16-thread-14 pick event 2712, current size: 1307
pool-16-thread-4 pick event 2713, current size: 1306
pool-16-thread-12 pick event 2714, current size: 1305
pool-16-thread-15 pick event 2715, current size: 1304
pool-16-thread-6 pick event 2716, current size: 1303
pool-16-thread-18 pick event 2717, current size: 1302
pool-16-thread-2 pick event 2718, current size: 1301
pool-16-thread-7 pick event 2719, current size: 1300
pool-16-thread-13 pick event 2720, current size: 1299
pool-16-thread-17 pick event 2721, current size: 1298
pool-16-thread-9 pick event 2722, current size: 1297
pool-16-thread-3 pick event 2723, current size: 1296
pool-16-thread-5 pick event 2724, current size: 1295
pool-16-thread-16 pick event 2725, current size: 1294
pool-16-thread-17 pick event 2726, current size: 1293
pool-16-thread-20 pick event 2727, current size: 1292
pool-16-thread-8 pick event 2728, current size: 1291
pool-16-thread-10 pick event 2729, current size: 1290
pool-16-thread-19 pick event 2730, current size: 1289
pool-16-thread-11 pick event 2731, current size: 1288
pool-16-thread-4 pick event 2732, current size: 1287
pool-16-thread-14 pick event 2733, current size: 1286
pool-16-thread-12 pick event 2734, current size: 1285
pool-16-thread-15 pick event 2735, current size: 1284
pool-16-thread-6 pick event 2736, current size: 1283
pool-16-thread-18 pick event 2737, current size: 1282
pool-16-thread-2 pick event 2738, current size: 1281
pool-16-thread-7 pick event 2739, current size: 1280
pool-16-thread-6 pick event 2740, current size: 1279
pool-16-thread-9 pick event 2741, current size: 1278
pool-16-thread-1 pick event 2742, current size: 1277
pool-16-thread-3 pick event 2743, current size: 1276
pool-16-thread-5 pick event 2744, current size: 1275
pool-16-thread-16 pick event 2745, current size: 1274
pool-16-thread-20 pick event 2746, current size: 1273
pool-16-thread-17 pick event 2747, current size: 1272
pool-16-thread-8 pick event 2748, current size: 1271
pool-16-thread-10 pick event 2749, current size: 1270
pool-16-thread-11 pick event 2750, current size: 1269
pool-16-thread-19 pick event 2751, current size: 1268
pool-16-thread-4 pick event 2752, current size: 1267
pool-16-thread-14 pick event 2753, current size: 1266
pool-16-thread-15 pick event 2754, current size: 1265
pool-16-thread-12 pick event 2755, current size: 1264
pool-16-thread-13 pick event 2756, current size: 1263
pool-16-thread-18 pick event 2757, current size: 1262
pool-16-thread-2 pick event 2758, current size: 1261
pool-16-thread-7 pick event 2759, current size: 1260
pool-16-thread-6 pick event 2760, current size: 1259
pool-16-thread-1 pick event 2761, current size: 1258
pool-16-thread-9 pick event 2762, current size: 1257
pool-16-thread-3 pick event 2763, current size: 1256
pool-16-thread-1 pick event 2764, current size: 1255
pool-16-thread-5 pick event 2765, current size: 1254
pool-16-thread-8 pick event 2766, current size: 1253
pool-16-thread-16 pick event 2767, current size: 1252
pool-16-thread-20 pick event 2768, current size: 1251
pool-16-thread-10 pick event 2769, current size: 1250
pool-16-thread-19 pick event 2770, current size: 1249
pool-16-thread-14 pick event 2772, current size: 1247
pool-16-thread-4 pick event 2773, current size: 1246
pool-16-thread-12 pick event 2774, current size: 1245
pool-16-thread-15 pick event 2775, current size: 1244
pool-16-thread-13 pick event 2776, current size: 1243
pool-16-thread-16 pick event 2777, current size: 1242
pool-16-thread-2 pick event 2778, current size: 1241
pool-16-thread-7 pick event 2779, current size: 1240
pool-16-thread-17 pick event 2780, current size: 1239
pool-16-thread-6 pick event 2781, current size: 1238
pool-16-thread-3 pick event 2782, current size: 1237
pool-16-thread-9 pick event 2783, current size: 1236
pool-16-thread-5 pick event 2784, current size: 1235
pool-16-thread-1 pick event 2785, current size: 1234
pool-16-thread-8 pick event 2786, current size: 1233
pool-16-thread-10 pick event 2787, current size: 1232
pool-16-thread-11 pick event 2788, current size: 1231
pool-16-thread-20 pick event 2789, current size: 1230
pool-16-thread-18 pick event 2790, current size: 1229
pool-16-thread-19 pick event 2791, current size: 1228
pool-16-thread-18 pick event 2792, current size: 1227
pool-16-thread-4 pick event 2793, current size: 1226
pool-16-thread-15 pick event 2794, current size: 1225
pool-16-thread-14 pick event 2795, current size: 1224
pool-16-thread-13 pick event 2796, current size: 1223
pool-16-thread-2 pick event 2797, current size: 1222
pool-16-thread-16 pick event 2798, current size: 1221
pool-16-thread-13 pick event 2799, current size: 1220
pool-16-thread-9 pick event 2801, current size: 1218
pool-16-thread-6 pick event 2802, current size: 1217
pool-16-thread-3 pick event 2803, current size: 1216
pool-16-thread-1 pick event 2804, current size: 1215
pool-16-thread-5 pick event 2805, current size: 1214
pool-16-thread-8 pick event 2806, current size: 1213
pool-16-thread-10 pick event 2807, current size: 1212
pool-16-thread-11 pick event 2808, current size: 1211
pool-16-thread-12 pick event 2809, current size: 1210
pool-16-thread-20 pick event 2810, current size: 1209
pool-16-thread-19 pick event 2811, current size: 1208
pool-16-thread-18 pick event 2812, current size: 1207
pool-16-thread-4 pick event 2813, current size: 1206
pool-16-thread-15 pick event 2814, current size: 1205
pool-16-thread-17 pick event 2815, current size: 1204
pool-16-thread-14 pick event 2816, current size: 1203
pool-16-thread-18 pick event 2817, current size: 1202
pool-16-thread-2 pick event 2818, current size: 1201
pool-16-thread-16 pick event 2819, current size: 1200
pool-16-thread-13 pick event 2820, current size: 1199
pool-16-thread-9 pick event 2821, current size: 1198
pool-16-thread-6 pick event 2822, current size: 1197
pool-16-thread-5 pick event 2823, current size: 1196
pool-16-thread-3 pick event 2824, current size: 1195
pool-16-thread-1 pick event 2825, current size: 1194
pool-16-thread-8 pick event 2826, current size: 1193
pool-16-thread-10 pick event 2827, current size: 1192
pool-16-thread-11 pick event 2828, current size: 1191
pool-16-thread-12 pick event 2829, current size: 1190
pool-16-thread-20 pick event 2830, current size: 1189
pool-16-thread-19 pick event 2831, current size: 1188
pool-16-thread-7 pick event 2832, current size: 1187
pool-16-thread-4 pick event 2833, current size: 1186
pool-16-thread-17 pick event 2834, current size: 1185
pool-16-thread-18 pick event 2836, current size: 1183
pool-16-thread-15 pick event 2837, current size: 1182
pool-16-thread-2 pick event 2838, current size: 1181
pool-16-thread-13 pick event 2839, current size: 1180
pool-16-thread-9 pick event 2840, current size: 1179
pool-16-thread-16 pick event 2841, current size: 1178
pool-16-thread-6 pick event 2842, current size: 1177
pool-16-thread-3 pick event 2843, current size: 1176
pool-16-thread-5 pick event 2844, current size: 1175
pool-16-thread-8 pick event 2845, current size: 1174
pool-16-thread-1 pick event 2846, current size: 1173
pool-16-thread-12 pick event 2847, current size: 1172
pool-16-thread-10 pick event 2848, current size: 1171
pool-16-thread-20 pick event 2850, current size: 1170
pool-16-thread-19 pick event 2851, current size: 1168
pool-16-thread-14 pick event 2852, current size: 1167
pool-16-thread-4 pick event 2853, current size: 1166
pool-16-thread-7 pick event 2854, current size: 1165
pool-16-thread-17 pick event 2855, current size: 1164
pool-16-thread-18 pick event 2856, current size: 1163
pool-16-thread-15 pick event 2857, current size: 1162
pool-16-thread-14 pick event 2858, current size: 1161
pool-16-thread-2 pick event 2859, current size: 1160
pool-16-thread-16 pick event 2860, current size: 1159
pool-16-thread-9 pick event 2861, current size: 1158
pool-16-thread-6 pick event 2862, current size: 1157
pool-16-thread-3 pick event 2863, current size: 1156
pool-16-thread-5 pick event 2864, current size: 1155
pool-16-thread-16 pick event 2865, current size: 1154
pool-16-thread-11 pick event 2866, current size: 1153
pool-16-thread-1 pick event 2867, current size: 1152
pool-16-thread-10 pick event 2868, current size: 1151
pool-16-thread-12 pick event 2869, current size: 1150
pool-16-thread-20 pick event 2870, current size: 1149
pool-16-thread-13 pick event 2871, current size: 1148
pool-16-thread-17 pick event 2872, current size: 1147
pool-16-thread-19 pick event 2873, current size: 1146
pool-16-thread-7 pick event 2874, current size: 1145
pool-16-thread-18 pick event 2875, current size: 1144
pool-16-thread-4 pick event 2876, current size: 1143
pool-16-thread-15 pick event 2877, current size: 1142
pool-16-thread-14 pick event 2878, current size: 1141
pool-16-thread-2 pick event 2879, current size: 1140
pool-16-thread-8 pick event 2880, current size: 1139
pool-16-thread-9 pick event 2881, current size: 1138
pool-16-thread-8 pick event 2882, current size: 1137
pool-16-thread-5 pick event 2883, current size: 1136
pool-16-thread-6 pick event 2884, current size: 1135
pool-16-thread-16 pick event 2885, current size: 1134
pool-16-thread-11 pick event 2886, current size: 1133
pool-16-thread-1 pick event 2887, current size: 1132
pool-16-thread-20 pick event 2889, current size: 1131
pool-16-thread-11 pick event 2890, current size: 1129
pool-16-thread-13 pick event 2891, current size: 1128
pool-16-thread-17 pick event 2892, current size: 1127
pool-16-thread-7 pick event 2893, current size: 1126
pool-16-thread-19 pick event 2894, current size: 1125
pool-16-thread-18 pick event 2895, current size: 1124
pool-16-thread-4 pick event 2896, current size: 1123
pool-16-thread-15 pick event 2897, current size: 1122
pool-16-thread-14 pick event 2898, current size: 1121
pool-16-thread-3 pick event 2899, current size: 1120
pool-16-thread-2 pick event 2900, current size: 1119
pool-16-thread-9 pick event 2901, current size: 1118
pool-16-thread-8 pick event 2902, current size: 1117
pool-16-thread-5 pick event 2903, current size: 1116
pool-16-thread-6 pick event 2904, current size: 1115
pool-16-thread-16 pick event 2905, current size: 1114
pool-16-thread-10 pick event 2906, current size: 1113
pool-16-thread-12 pick event 2907, current size: 1112
pool-16-thread-1 pick event 2908, current size: 1111
pool-16-thread-20 pick event 2909, current size: 1110
pool-16-thread-11 pick event 2910, current size: 1109
pool-16-thread-13 pick event 2911, current size: 1108
pool-16-thread-19 pick event 2912, current size: 1107
pool-16-thread-17 pick event 2913, current size: 1106
pool-16-thread-7 pick event 2914, current size: 1105
pool-16-thread-18 pick event 2915, current size: 1104
pool-16-thread-13 pick event 2916, current size: 1103
pool-16-thread-15 pick event 2917, current size: 1102
pool-16-thread-3 pick event 2919, current size: 1101
pool-16-thread-2 pick event 2920, current size: 1100
pool-16-thread-9 pick event 2921, current size: 1098
pool-16-thread-8 pick event 2922, current size: 1097
pool-16-thread-5 pick event 2923, current size: 1096
pool-16-thread-10 pick event 2924, current size: 1095
pool-16-thread-6 pick event 2925, current size: 1094
pool-16-thread-16 pick event 2926, current size: 1093
pool-16-thread-12 pick event 2927, current size: 1092
pool-16-thread-20 pick event 2928, current size: 1091
pool-16-thread-1 pick event 2929, current size: 1090
pool-16-thread-8 pick event 2930, current size: 1089
pool-16-thread-19 pick event 2931, current size: 1088
pool-16-thread-4 pick event 2932, current size: 1087
pool-16-thread-7 pick event 2933, current size: 1086
pool-16-thread-18 pick event 2934, current size: 1085
pool-16-thread-14 pick event 2935, current size: 1084
pool-16-thread-17 pick event 2936, current size: 1083
pool-16-thread-15 pick event 2938, current size: 1081
pool-16-thread-2 pick event 2939, current size: 1080
pool-16-thread-3 pick event 2940, current size: 1079
pool-16-thread-9 pick event 2941, current size: 1078
pool-16-thread-12 pick event 2942, current size: 1077
pool-16-thread-11 pick event 2943, current size: 1076
pool-16-thread-10 pick event 2944, current size: 1075
pool-16-thread-6 pick event 2945, current size: 1074
pool-16-thread-5 pick event 2946, current size: 1073
pool-16-thread-16 pick event 2947, current size: 1072
pool-16-thread-20 pick event 2948, current size: 1071
pool-16-thread-1 pick event 2949, current size: 1070
pool-16-thread-8 pick event 2950, current size: 1069
pool-16-thread-4 pick event 2951, current size: 1068
pool-16-thread-13 pick event 2952, current size: 1067
pool-16-thread-19 pick event 2953, current size: 1066
pool-16-thread-7 pick event 2954, current size: 1065
pool-16-thread-18 pick event 2955, current size: 1064
pool-16-thread-17 pick event 2956, current size: 1063
pool-16-thread-15 pick event 2958, current size: 1061
pool-16-thread-9 pick event 2959, current size: 1060
pool-16-thread-2 pick event 2961, current size: 1058
pool-16-thread-11 pick event 2962, current size: 1057
pool-16-thread-12 pick event 2963, current size: 1056
pool-16-thread-10 pick event 2964, current size: 1055
pool-16-thread-5 pick event 2965, current size: 1054
pool-16-thread-16 pick event 2966, current size: 1053
pool-16-thread-6 pick event 2967, current size: 1052
pool-16-thread-9 pick event 2968, current size: 1051
pool-16-thread-1 pick event 2969, current size: 1050
pool-16-thread-4 pick event 2970, current size: 1049
pool-16-thread-8 pick event 2971, current size: 1048
pool-16-thread-19 pick event 2972, current size: 1047
pool-16-thread-13 pick event 2973, current size: 1046
pool-16-thread-14 pick event 2974, current size: 1045
pool-16-thread-17 pick event 2975, current size: 1044
pool-16-thread-18 pick event 2976, current size: 1043
pool-16-thread-7 pick event 2977, current size: 1042
pool-16-thread-3 pick event 2978, current size: 1041
pool-16-thread-15 pick event 2979, current size: 1040
pool-16-thread-20 pick event 2980, current size: 1039
pool-16-thread-2 pick event 2981, current size: 1038
pool-16-thread-11 pick event 2982, current size: 1037
pool-16-thread-12 pick event 2983, current size: 1036
pool-16-thread-10 pick event 2984, current size: 1035
pool-16-thread-9 pick event 2985, current size: 1034
pool-16-thread-6 pick event 2986, current size: 1033
pool-16-thread-16 pick event 2987, current size: 1032
pool-16-thread-5 pick event 2988, current size: 1031
pool-16-thread-1 pick event 2989, current size: 1030
pool-16-thread-4 pick event 2990, current size: 1029
pool-16-thread-8 pick event 2991, current size: 1028
pool-16-thread-19 pick event 2992, current size: 1027
pool-16-thread-13 pick event 2993, current size: 1026
pool-16-thread-17 pick event 2994, current size: 1025
pool-16-thread-14 pick event 2995, current size: 1024
pool-16-thread-18 pick event 2996, current size: 1023
pool-16-thread-3 pick event 2997, current size: 1022
pool-16-thread-7 pick event 2998, current size: 1021
pool-16-thread-15 pick event 2999, current size: 1020
pool-16-thread-20 pick event 3000, current size: 1019
pool-16-thread-2 pick event 3001, current size: 1018
pool-16-thread-11 pick event 3002, current size: 1017
pool-16-thread-12 pick event 3003, current size: 1016
pool-16-thread-10 pick event 3004, current size: 1015
pool-16-thread-9 pick event 3005, current size: 1014
pool-16-thread-12 pick event 3006, current size: 1013
pool-16-thread-16 pick event 3007, current size: 1012
pool-16-thread-5 pick event 3008, current size: 1011
pool-16-thread-1 pick event 3009, current size: 1010
pool-16-thread-8 pick event 3010, current size: 1009
pool-16-thread-4 pick event 3011, current size: 1008
pool-16-thread-19 pick event 3012, current size: 1007
pool-16-thread-13 pick event 3013, current size: 1006
pool-16-thread-17 pick event 3014, current size: 1005
pool-16-thread-14 pick event 3015, current size: 1004
pool-16-thread-20 pick event 3016, current size: 1003
pool-16-thread-15 pick event 3017, current size: 1002
pool-16-thread-18 pick event 3018, current size: 1001
pool-16-thread-2 pick event 3019, current size: 1000
pool-16-thread-7 pick event 3020, current size: 999
pool-16-thread-3 pick event 3021, current size: 998
pool-16-thread-11 pick event 3022, current size: 997
pool-16-thread-6 pick event 3023, current size: 996
pool-16-thread-15 pick event 3024, current size: 995
pool-16-thread-10 pick event 3025, current size: 994
pool-16-thread-16 pick event 3027, current size: 992
pool-16-thread-5 pick event 3028, current size: 991
pool-16-thread-1 pick event 3029, current size: 990
pool-16-thread-8 pick event 3030, current size: 989
pool-16-thread-4 pick event 3031, current size: 988
pool-16-thread-9 pick event 3033, current size: 986
pool-16-thread-17 pick event 3034, current size: 985
pool-16-thread-7 pick event 3035, current size: 984
pool-16-thread-13 pick event 3036, current size: 983
pool-16-thread-14 pick event 3037, current size: 982
pool-16-thread-1 pick event 3038, current size: 981
pool-16-thread-3 pick event 3039, current size: 980
pool-16-thread-20 pick event 3040, current size: 979
pool-16-thread-2 pick event 3041, current size: 978
pool-16-thread-12 pick event 3042, current size: 977
pool-16-thread-20 pick event 3043, current size: 976
pool-16-thread-11 pick event 3044, current size: 975
pool-16-thread-6 pick event 3045, current size: 974
pool-16-thread-10 pick event 3046, current size: 973
pool-16-thread-18 pick event 3047, current size: 972
pool-16-thread-19 pick event 3048, current size: 971
pool-16-thread-5 pick event 3049, current size: 970
pool-16-thread-16 pick event 3050, current size: 969
pool-16-thread-8 pick event 3051, current size: 968
pool-16-thread-4 pick event 3052, current size: 967
pool-16-thread-7 pick event 3053, current size: 966
pool-16-thread-1 pick event 3054, current size: 965
pool-16-thread-17 pick event 3055, current size: 964
pool-16-thread-13 pick event 3056, current size: 963
pool-16-thread-14 pick event 3057, current size: 962
pool-16-thread-9 pick event 3058, current size: 961
pool-16-thread-15 pick event 3059, current size: 960
pool-16-thread-3 pick event 3060, current size: 959
pool-16-thread-2 pick event 3061, current size: 958
pool-16-thread-11 pick event 3062, current size: 957
pool-16-thread-12 pick event 3063, current size: 956
pool-16-thread-20 pick event 3064, current size: 955
pool-16-thread-6 pick event 3065, current size: 954
pool-16-thread-10 pick event 3066, current size: 953
pool-16-thread-19 pick event 3067, current size: 952
pool-16-thread-16 pick event 3068, current size: 951
pool-16-thread-6 pick event 3069, current size: 950
pool-16-thread-5 pick event 3070, current size: 949
pool-16-thread-8 pick event 3071, current size: 948
pool-16-thread-4 pick event 3072, current size: 947
pool-16-thread-1 pick event 3073, current size: 946
pool-16-thread-7 pick event 3074, current size: 945
pool-16-thread-13 pick event 3075, current size: 944
pool-16-thread-9 pick event 3076, current size: 943
pool-16-thread-14 pick event 3077, current size: 942
pool-16-thread-17 pick event 3078, current size: 941
pool-16-thread-15 pick event 3079, current size: 940
pool-16-thread-2 pick event 3080, current size: 939
pool-16-thread-3 pick event 3081, current size: 938
pool-16-thread-12 pick event 3082, current size: 937
pool-16-thread-11 pick event 3083, current size: 936
pool-16-thread-20 pick event 3084, current size: 935
pool-16-thread-18 pick event 3085, current size: 934
pool-16-thread-16 pick event 3086, current size: 933
pool-16-thread-11 pick event 3087, current size: 932
pool-16-thread-10 pick event 3088, current size: 931
pool-16-thread-5 pick event 3089, current size: 930
pool-16-thread-6 pick event 3090, current size: 929
pool-16-thread-8 pick event 3091, current size: 928
pool-16-thread-4 pick event 3092, current size: 927
pool-16-thread-7 pick event 3093, current size: 926
pool-16-thread-1 pick event 3094, current size: 925
pool-16-thread-13 pick event 3095, current size: 924
pool-16-thread-9 pick event 3096, current size: 923
pool-16-thread-17 pick event 3097, current size: 922
pool-16-thread-15 pick event 3098, current size: 921
pool-16-thread-14 pick event 3099, current size: 920
pool-16-thread-2 pick event 3100, current size: 919
pool-16-thread-12 pick event 3101, current size: 918
pool-16-thread-3 pick event 3102, current size: 917
pool-16-thread-19 pick event 3103, current size: 916
pool-16-thread-20 pick event 3104, current size: 915
pool-16-thread-18 pick event 3105, current size: 914
pool-16-thread-16 pick event 3106, current size: 913
pool-16-thread-10 pick event 3107, current size: 912
pool-16-thread-11 pick event 3108, current size: 911
pool-16-thread-5 pick event 3109, current size: 910
pool-16-thread-6 pick event 3110, current size: 909
pool-16-thread-8 pick event 3111, current size: 908
pool-16-thread-4 pick event 3112, current size: 907
pool-16-thread-7 pick event 3113, current size: 906
pool-16-thread-8 pick event 3114, current size: 905
pool-16-thread-13 pick event 3115, current size: 904
pool-16-thread-9 pick event 3116, current size: 903
pool-16-thread-17 pick event 3117, current size: 902
pool-16-thread-15 pick event 3118, current size: 901
pool-16-thread-14 pick event 3119, current size: 900
pool-16-thread-12 pick event 3120, current size: 899
pool-16-thread-2 pick event 3121, current size: 898
pool-16-thread-3 pick event 3122, current size: 897
pool-16-thread-19 pick event 3123, current size: 896
pool-16-thread-18 pick event 3124, current size: 895
pool-16-thread-20 pick event 3125, current size: 894
pool-16-thread-16 pick event 3126, current size: 893
pool-16-thread-11 pick event 3127, current size: 892
pool-16-thread-10 pick event 3128, current size: 891
pool-16-thread-5 pick event 3129, current size: 890
pool-16-thread-1 pick event 3130, current size: 889
pool-16-thread-4 pick event 3131, current size: 888
pool-16-thread-6 pick event 3132, current size: 887
pool-16-thread-7 pick event 3133, current size: 886
pool-16-thread-8 pick event 3134, current size: 885
pool-16-thread-13 pick event 3135, current size: 884
pool-16-thread-8 pick event 3136, current size: 883
pool-16-thread-9 pick event 3137, current size: 882
pool-16-thread-15 pick event 3138, current size: 881
pool-16-thread-14 pick event 3139, current size: 880
pool-16-thread-12 pick event 3140, current size: 879
pool-16-thread-2 pick event 3141, current size: 878
pool-16-thread-3 pick event 3142, current size: 877
pool-16-thread-18 pick event 3143, current size: 876
pool-16-thread-19 pick event 3144, current size: 875
pool-16-thread-20 pick event 3145, current size: 874
pool-16-thread-18 pick event 3146, current size: 873
pool-16-thread-11 pick event 3147, current size: 872
pool-16-thread-10 pick event 3148, current size: 871
pool-16-thread-5 pick event 3150, current size: 870
pool-16-thread-1 pick event 3151, current size: 869
pool-16-thread-6 pick event 3152, current size: 867
pool-16-thread-17 pick event 3153, current size: 866
pool-16-thread-7 pick event 3154, current size: 865
pool-16-thread-13 pick event 3155, current size: 864
pool-16-thread-8 pick event 3156, current size: 863
pool-16-thread-17 pick event 3157, current size: 862
pool-16-thread-14 pick event 3158, current size: 861
pool-16-thread-12 pick event 3159, current size: 860
pool-16-thread-9 pick event 3160, current size: 859
pool-16-thread-2 pick event 3161, current size: 858
pool-16-thread-3 pick event 3162, current size: 857
pool-16-thread-16 pick event 3163, current size: 856
pool-16-thread-19 pick event 3164, current size: 855
pool-16-thread-20 pick event 3165, current size: 854
pool-16-thread-18 pick event 3166, current size: 853
pool-16-thread-4 pick event 3167, current size: 852
pool-16-thread-11 pick event 3168, current size: 851
pool-16-thread-5 pick event 3169, current size: 850
pool-16-thread-10 pick event 3170, current size: 849
pool-16-thread-1 pick event 3171, current size: 848
pool-16-thread-15 pick event 3172, current size: 847
pool-16-thread-6 pick event 3173, current size: 846
pool-16-thread-13 pick event 3174, current size: 845
pool-16-thread-8 pick event 3175, current size: 844
pool-16-thread-7 pick event 3176, current size: 843
pool-16-thread-17 pick event 3177, current size: 842
pool-16-thread-14 pick event 3178, current size: 841
pool-16-thread-6 pick event 3179, current size: 840
pool-16-thread-9 pick event 3180, current size: 839
pool-16-thread-2 pick event 3181, current size: 838
pool-16-thread-17 pick event 3182, current size: 837
pool-16-thread-19 pick event 3183, current size: 836
pool-16-thread-3 pick event 3184, current size: 835
pool-16-thread-18 pick event 3185, current size: 834
pool-16-thread-4 pick event 3186, current size: 833
pool-16-thread-20 pick event 3187, current size: 832
pool-16-thread-11 pick event 3188, current size: 831
pool-16-thread-5 pick event 3189, current size: 830
pool-16-thread-10 pick event 3190, current size: 829
pool-16-thread-15 pick event 3191, current size: 828
pool-16-thread-1 pick event 3192, current size: 827
pool-16-thread-13 pick event 3193, current size: 826
pool-16-thread-8 pick event 3195, current size: 825
pool-16-thread-6 pick event 3196, current size: 823
pool-16-thread-12 pick event 3197, current size: 822
pool-16-thread-16 pick event 3198, current size: 821
pool-16-thread-14 pick event 3199, current size: 820
pool-16-thread-9 pick event 3200, current size: 819
pool-16-thread-2 pick event 3201, current size: 818
pool-16-thread-17 pick event 3202, current size: 817
pool-16-thread-19 pick event 3203, current size: 816
pool-16-thread-18 pick event 3204, current size: 815
pool-16-thread-3 pick event 3205, current size: 814
pool-16-thread-4 pick event 3206, current size: 813
pool-16-thread-20 pick event 3207, current size: 812
pool-16-thread-11 pick event 3208, current size: 811
pool-16-thread-5 pick event 3209, current size: 810
pool-16-thread-10 pick event 3210, current size: 809
pool-16-thread-1 pick event 3211, current size: 808
pool-16-thread-15 pick event 3212, current size: 807
pool-16-thread-7 pick event 3213, current size: 806
pool-16-thread-13 pick event 3214, current size: 805
pool-16-thread-8 pick event 3215, current size: 804
pool-16-thread-12 pick event 3216, current size: 803
pool-16-thread-16 pick event 3217, current size: 802
pool-16-thread-9 pick event 3218, current size: 801
pool-16-thread-6 pick event 3219, current size: 800
pool-16-thread-2 pick event 3220, current size: 799
pool-16-thread-17 pick event 3221, current size: 798
pool-16-thread-14 pick event 3222, current size: 797
pool-16-thread-19 pick event 3223, current size: 796
pool-16-thread-18 pick event 3224, current size: 795
pool-16-thread-3 pick event 3225, current size: 794
pool-16-thread-4 pick event 3226, current size: 793
pool-16-thread-20 pick event 3227, current size: 792
pool-16-thread-5 pick event 3228, current size: 791
pool-16-thread-11 pick event 3229, current size: 790
pool-16-thread-3 pick event 3230, current size: 789
pool-16-thread-15 pick event 3231, current size: 788
pool-16-thread-1 pick event 3232, current size: 787
pool-16-thread-7 pick event 3233, current size: 786
pool-16-thread-13 pick event 3234, current size: 785
pool-16-thread-8 pick event 3235, current size: 784
pool-16-thread-16 pick event 3236, current size: 783
pool-16-thread-1 pick event 3237, current size: 782
pool-16-thread-6 pick event 3238, current size: 781
pool-16-thread-9 pick event 3239, current size: 780
pool-16-thread-2 pick event 3240, current size: 779
pool-16-thread-14 pick event 3241, current size: 778
pool-16-thread-17 pick event 3242, current size: 777
pool-16-thread-19 pick event 3243, current size: 776
pool-16-thread-18 pick event 3244, current size: 775
pool-16-thread-4 pick event 3245, current size: 774
pool-16-thread-10 pick event 3246, current size: 773
pool-16-thread-5 pick event 3247, current size: 772
pool-16-thread-20 pick event 3248, current size: 771
pool-16-thread-11 pick event 3249, current size: 770
pool-16-thread-3 pick event 3250, current size: 769
pool-16-thread-12 pick event 3251, current size: 768
pool-16-thread-15 pick event 3252, current size: 767
pool-16-thread-13 pick event 3253, current size: 766
pool-16-thread-1 pick event 3254, current size: 765
pool-16-thread-8 pick event 3255, current size: 764
pool-16-thread-12 pick event 3256, current size: 763
pool-16-thread-16 pick event 3257, current size: 762
pool-16-thread-6 pick event 3258, current size: 761
pool-16-thread-9 pick event 3259, current size: 760
pool-16-thread-12 pick event 3260, current size: 759
pool-16-thread-14 pick event 3261, current size: 758
pool-16-thread-17 pick event 3262, current size: 757
pool-16-thread-19 pick event 3263, current size: 756
pool-16-thread-18 pick event 3264, current size: 755
pool-16-thread-4 pick event 3265, current size: 754
pool-16-thread-10 pick event 3266, current size: 753
pool-16-thread-5 pick event 3267, current size: 752
pool-16-thread-20 pick event 3268, current size: 751
pool-16-thread-4 pick event 3269, current size: 750
pool-16-thread-3 pick event 3270, current size: 749
pool-16-thread-7 pick event 3271, current size: 748
pool-16-thread-15 pick event 3272, current size: 747
pool-16-thread-8 pick event 3274, current size: 745
pool-16-thread-1 pick event 3275, current size: 744
pool-16-thread-2 pick event 3276, current size: 743
pool-16-thread-16 pick event 3277, current size: 742
pool-16-thread-6 pick event 3278, current size: 741
pool-16-thread-12 pick event 3279, current size: 740
pool-16-thread-14 pick event 3280, current size: 739
pool-16-thread-9 pick event 3281, current size: 738
pool-16-thread-19 pick event 3282, current size: 737
pool-16-thread-17 pick event 3283, current size: 736
pool-16-thread-18 pick event 3284, current size: 735
pool-16-thread-10 pick event 3285, current size: 734
pool-16-thread-11 pick event 3286, current size: 733
pool-16-thread-17 pick event 3287, current size: 732
pool-16-thread-20 pick event 3288, current size: 731
pool-16-thread-13 pick event 3289, current size: 730
pool-16-thread-7 pick event 3290, current size: 729
pool-16-thread-4 pick event 3291, current size: 728
pool-16-thread-3 pick event 3292, current size: 727
pool-16-thread-15 pick event 3293, current size: 726
pool-16-thread-1 pick event 3294, current size: 725
pool-16-thread-2 pick event 3295, current size: 724
pool-16-thread-8 pick event 3296, current size: 723
pool-16-thread-16 pick event 3297, current size: 722
pool-16-thread-12 pick event 3298, current size: 721
pool-16-thread-19 pick event 3299, current size: 720
pool-16-thread-14 pick event 3300, current size: 719
pool-16-thread-8 pick event 3301, current size: 718
pool-16-thread-6 pick event 3302, current size: 717
pool-16-thread-5 pick event 3303, current size: 716
pool-16-thread-10 pick event 3304, current size: 715
pool-16-thread-11 pick event 3305, current size: 714
pool-16-thread-18 pick event 3306, current size: 713
pool-16-thread-20 pick event 3307, current size: 712
pool-16-thread-17 pick event 3308, current size: 711
pool-16-thread-18 pick event 3309, current size: 710
pool-16-thread-7 pick event 3310, current size: 709
pool-16-thread-4 pick event 3311, current size: 708
pool-16-thread-3 pick event 3312, current size: 707
pool-16-thread-15 pick event 3313, current size: 706
pool-16-thread-2 pick event 3314, current size: 705
pool-16-thread-1 pick event 3315, current size: 704
pool-16-thread-16 pick event 3316, current size: 703
pool-16-thread-9 pick event 3317, current size: 702
pool-16-thread-19 pick event 3318, current size: 701
pool-16-thread-12 pick event 3319, current size: 700
pool-16-thread-8 pick event 3320, current size: 699
pool-16-thread-14 pick event 3321, current size: 698
pool-16-thread-6 pick event 3322, current size: 697
pool-16-thread-5 pick event 3323, current size: 696
pool-16-thread-11 pick event 3324, current size: 695
pool-16-thread-10 pick event 3325, current size: 694
pool-16-thread-13 pick event 3326, current size: 693
pool-16-thread-20 pick event 3327, current size: 692
pool-16-thread-17 pick event 3328, current size: 691
pool-16-thread-7 pick event 3329, current size: 690
pool-16-thread-4 pick event 3330, current size: 689
pool-16-thread-18 pick event 3331, current size: 688
pool-16-thread-3 pick event 3332, current size: 687
pool-16-thread-15 pick event 3333, current size: 686
pool-16-thread-2 pick event 3334, current size: 685
pool-16-thread-16 pick event 3335, current size: 684
pool-16-thread-1 pick event 3336, current size: 683
pool-16-thread-12 pick event 3337, current size: 682
pool-16-thread-9 pick event 3338, current size: 681
pool-16-thread-8 pick event 3339, current size: 680
pool-16-thread-19 pick event 3340, current size: 679
pool-16-thread-6 pick event 3341, current size: 678
pool-16-thread-14 pick event 3342, current size: 677
pool-16-thread-5 pick event 3343, current size: 676
pool-16-thread-11 pick event 3344, current size: 675
pool-16-thread-10 pick event 3345, current size: 674
pool-16-thread-20 pick event 3346, current size: 673
pool-16-thread-13 pick event 3347, current size: 672
pool-16-thread-4 pick event 3349, current size: 671
pool-16-thread-15 pick event 3350, current size: 669
pool-16-thread-17 pick event 3351, current size: 668
pool-16-thread-18 pick event 3352, current size: 667
pool-16-thread-3 pick event 3353, current size: 666
pool-16-thread-16 pick event 3354, current size: 665
pool-16-thread-2 pick event 3355, current size: 664
pool-16-thread-15 pick event 3356, current size: 663
pool-16-thread-12 pick event 3357, current size: 662
pool-16-thread-9 pick event 3358, current size: 661
pool-16-thread-8 pick event 3359, current size: 660
pool-16-thread-19 pick event 3360, current size: 659
pool-16-thread-6 pick event 3361, current size: 658
pool-16-thread-14 pick event 3362, current size: 657
pool-16-thread-5 pick event 3363, current size: 656
pool-16-thread-11 pick event 3364, current size: 655
pool-16-thread-7 pick event 3365, current size: 654
pool-16-thread-20 pick event 3366, current size: 653
pool-16-thread-10 pick event 3367, current size: 652
pool-16-thread-13 pick event 3368, current size: 651
pool-16-thread-4 pick event 3369, current size: 650
pool-16-thread-1 pick event 3370, current size: 649
pool-16-thread-17 pick event 3371, current size: 648
pool-16-thread-18 pick event 3372, current size: 647
pool-16-thread-16 pick event 3373, current size: 646
pool-16-thread-3 pick event 3374, current size: 645
pool-16-thread-2 pick event 3375, current size: 644
pool-16-thread-15 pick event 3376, current size: 643
pool-16-thread-12 pick event 3377, current size: 642
pool-16-thread-8 pick event 3378, current size: 641
pool-16-thread-9 pick event 3379, current size: 640
pool-16-thread-19 pick event 3380, current size: 639
pool-16-thread-6 pick event 3381, current size: 638
pool-16-thread-5 pick event 3382, current size: 637
pool-16-thread-14 pick event 3383, current size: 636
pool-16-thread-11 pick event 3384, current size: 635
pool-16-thread-7 pick event 3385, current size: 634
pool-16-thread-20 pick event 3386, current size: 633
pool-16-thread-13 pick event 3387, current size: 632
pool-16-thread-4 pick event 3389, current size: 631
pool-16-thread-17 pick event 3390, current size: 629
pool-16-thread-1 pick event 3391, current size: 628
pool-16-thread-18 pick event 3392, current size: 627
pool-16-thread-2 pick event 3393, current size: 626
pool-16-thread-3 pick event 3394, current size: 625
pool-16-thread-16 pick event 3395, current size: 624
pool-16-thread-15 pick event 3396, current size: 623
pool-16-thread-8 pick event 3397, current size: 622
pool-16-thread-9 pick event 3398, current size: 621
pool-16-thread-12 pick event 3399, current size: 620
pool-16-thread-6 pick event 3400, current size: 619
pool-16-thread-19 pick event 3401, current size: 618
pool-16-thread-5 pick event 3402, current size: 617
pool-16-thread-12 pick event 3403, current size: 616
pool-16-thread-11 pick event 3404, current size: 615
pool-16-thread-10 pick event 3405, current size: 614
pool-16-thread-7 pick event 3406, current size: 613
pool-16-thread-20 pick event 3407, current size: 612
pool-16-thread-4 pick event 3408, current size: 611
pool-16-thread-13 pick event 3409, current size: 610
pool-16-thread-1 pick event 3410, current size: 609
pool-16-thread-17 pick event 3411, current size: 608
pool-16-thread-18 pick event 3412, current size: 607
pool-16-thread-3 pick event 3413, current size: 606
pool-16-thread-16 pick event 3414, current size: 605
pool-16-thread-2 pick event 3415, current size: 604
pool-16-thread-15 pick event 3416, current size: 603
pool-16-thread-8 pick event 3417, current size: 602
pool-16-thread-9 pick event 3418, current size: 601
pool-16-thread-14 pick event 3419, current size: 600
pool-16-thread-6 pick event 3420, current size: 599
pool-16-thread-12 pick event 3422, current size: 597
pool-16-thread-5 pick event 3423, current size: 596
pool-16-thread-10 pick event 3424, current size: 595
pool-16-thread-11 pick event 3425, current size: 594
pool-16-thread-7 pick event 3426, current size: 593
pool-16-thread-4 pick event 3427, current size: 592
pool-16-thread-20 pick event 3429, current size: 591
pool-16-thread-1 pick event 3430, current size: 590
pool-16-thread-17 pick event 3431, current size: 588
pool-16-thread-18 pick event 3432, current size: 587
pool-16-thread-3 pick event 3433, current size: 586
pool-16-thread-16 pick event 3434, current size: 585
pool-16-thread-2 pick event 3435, current size: 584
pool-16-thread-15 pick event 3436, current size: 583
pool-16-thread-8 pick event 3437, current size: 582
pool-16-thread-19 pick event 3438, current size: 581
pool-16-thread-9 pick event 3440, current size: 579
pool-16-thread-6 pick event 3441, current size: 578
pool-16-thread-12 pick event 3442, current size: 577
pool-16-thread-13 pick event 3443, current size: 576
pool-16-thread-5 pick event 3444, current size: 575
pool-16-thread-11 pick event 3445, current size: 574
pool-16-thread-10 pick event 3446, current size: 573
pool-16-thread-19 pick event 3447, current size: 572
pool-16-thread-4 pick event 3448, current size: 571
pool-16-thread-1 pick event 3449, current size: 570
pool-16-thread-20 pick event 3450, current size: 569
pool-16-thread-17 pick event 3451, current size: 568
pool-16-thread-18 pick event 3452, current size: 567
pool-16-thread-14 pick event 3453, current size: 566
pool-16-thread-2 pick event 3454, current size: 565
pool-16-thread-16 pick event 3455, current size: 564
pool-16-thread-15 pick event 3456, current size: 563
pool-16-thread-3 pick event 3457, current size: 562
pool-16-thread-6 pick event 3460, current size: 561
pool-16-thread-9 pick event 3461, current size: 559
pool-16-thread-4 pick event 3463, current size: 557
pool-16-thread-5 pick event 3464, current size: 556
pool-16-thread-10 pick event 3465, current size: 554
pool-16-thread-20 pick event 3466, current size: 553
pool-16-thread-11 pick event 3467, current size: 552
pool-16-thread-13 pick event 3468, current size: 551
pool-16-thread-1 pick event 3470, current size: 550
pool-16-thread-17 pick event 3471, current size: 548
pool-16-thread-18 pick event 3472, current size: 547
pool-16-thread-2 pick event 3473, current size: 546
pool-16-thread-14 pick event 3474, current size: 545
pool-16-thread-7 pick event 3475, current size: 544
pool-16-thread-16 pick event 3476, current size: 543
pool-16-thread-8 pick event 3477, current size: 542
pool-16-thread-3 pick event 3479, current size: 540
pool-16-thread-15 pick event 3480, current size: 539
pool-16-thread-12 pick event 3481, current size: 538
pool-16-thread-19 pick event 3482, current size: 537
pool-16-thread-6 pick event 3483, current size: 536
pool-16-thread-1 pick event 3484, current size: 535
pool-16-thread-5 pick event 3485, current size: 534
pool-16-thread-13 pick event 3487, current size: 533
pool-16-thread-20 pick event 3488, current size: 532
pool-16-thread-10 pick event 3489, current size: 531
pool-16-thread-4 pick event 3490, current size: 529
pool-16-thread-17 pick event 3491, current size: 528
pool-16-thread-2 pick event 3492, current size: 527
pool-16-thread-7 pick event 3493, current size: 526
pool-16-thread-9 pick event 3494, current size: 525
pool-16-thread-18 pick event 3495, current size: 524
pool-16-thread-20 pick event 3496, current size: 523
pool-16-thread-16 pick event 3497, current size: 522
pool-16-thread-3 pick event 3498, current size: 521
pool-16-thread-15 pick event 3499, current size: 520
pool-16-thread-12 pick event 3500, current size: 519
pool-16-thread-8 pick event 3501, current size: 518
pool-16-thread-11 pick event 3502, current size: 517
pool-16-thread-6 pick event 3503, current size: 516
pool-16-thread-1 pick event 3504, current size: 515
pool-16-thread-8 pick event 3505, current size: 514
pool-16-thread-5 pick event 3506, current size: 513
pool-16-thread-13 pick event 3507, current size: 512
pool-16-thread-14 pick event 3508, current size: 511
pool-16-thread-10 pick event 3509, current size: 510
pool-16-thread-5 pick event 3510, current size: 509
pool-16-thread-17 pick event 3511, current size: 508
pool-16-thread-7 pick event 3512, current size: 507
pool-16-thread-2 pick event 3513, current size: 506
pool-16-thread-9 pick event 3515, current size: 504
pool-16-thread-16 pick event 3516, current size: 503
pool-16-thread-3 pick event 3517, current size: 502
pool-16-thread-18 pick event 3518, current size: 501
pool-16-thread-15 pick event 3519, current size: 500
pool-16-thread-12 pick event 3520, current size: 499
pool-16-thread-19 pick event 3521, current size: 498
pool-16-thread-11 pick event 3522, current size: 497
pool-16-thread-6 pick event 3523, current size: 496
pool-16-thread-4 pick event 3524, current size: 495
pool-16-thread-1 pick event 3525, current size: 494
pool-16-thread-8 pick event 3526, current size: 493
pool-16-thread-10 pick event 3528, current size: 492
pool-16-thread-14 pick event 3529, current size: 490
pool-16-thread-20 pick event 3530, current size: 489
pool-16-thread-17 pick event 3531, current size: 488
pool-16-thread-7 pick event 3532, current size: 487
pool-16-thread-5 pick event 3533, current size: 486
pool-16-thread-9 pick event 3534, current size: 485
pool-16-thread-2 pick event 3535, current size: 484
pool-16-thread-3 pick event 3536, current size: 483
pool-16-thread-17 pick event 3537, current size: 482
pool-16-thread-18 pick event 3538, current size: 481
pool-16-thread-15 pick event 3539, current size: 480
pool-16-thread-19 pick event 3540, current size: 479
pool-16-thread-12 pick event 3541, current size: 478
pool-16-thread-13 pick event 3542, current size: 477
pool-16-thread-6 pick event 3543, current size: 476
pool-16-thread-4 pick event 3544, current size: 475
pool-16-thread-11 pick event 3545, current size: 474
pool-16-thread-1 pick event 3546, current size: 473
pool-16-thread-10 pick event 3547, current size: 472
pool-16-thread-8 pick event 3548, current size: 471
pool-16-thread-14 pick event 3549, current size: 470
pool-16-thread-20 pick event 3550, current size: 469
pool-16-thread-7 pick event 3551, current size: 468
pool-16-thread-5 pick event 3552, current size: 467
pool-16-thread-16 pick event 3553, current size: 466
pool-16-thread-9 pick event 3554, current size: 465
pool-16-thread-3 pick event 3555, current size: 464
pool-16-thread-2 pick event 3556, current size: 463
pool-16-thread-17 pick event 3557, current size: 462
pool-16-thread-18 pick event 3558, current size: 461
pool-16-thread-15 pick event 3559, current size: 460
pool-16-thread-12 pick event 3560, current size: 459
pool-16-thread-19 pick event 3561, current size: 458
pool-16-thread-13 pick event 3562, current size: 457
pool-16-thread-6 pick event 3563, current size: 456
pool-16-thread-4 pick event 3564, current size: 455
pool-16-thread-11 pick event 3565, current size: 454
pool-16-thread-1 pick event 3566, current size: 453
pool-16-thread-10 pick event 3567, current size: 452
pool-16-thread-8 pick event 3568, current size: 451
pool-16-thread-20 pick event 3569, current size: 450
pool-16-thread-14 pick event 3570, current size: 449
pool-16-thread-7 pick event 3571, current size: 448
pool-16-thread-5 pick event 3572, current size: 447
pool-16-thread-9 pick event 3573, current size: 446
pool-16-thread-16 pick event 3574, current size: 445
pool-16-thread-3 pick event 3575, current size: 444
pool-16-thread-2 pick event 3576, current size: 443
pool-16-thread-18 pick event 3577, current size: 442
pool-16-thread-17 pick event 3578, current size: 441
pool-16-thread-12 pick event 3579, current size: 440
pool-16-thread-19 pick event 3580, current size: 439
pool-16-thread-13 pick event 3581, current size: 438
pool-16-thread-15 pick event 3582, current size: 437
pool-16-thread-6 pick event 3583, current size: 436
pool-16-thread-4 pick event 3584, current size: 435
pool-16-thread-1 pick event 3585, current size: 434
pool-16-thread-11 pick event 3586, current size: 433
pool-16-thread-10 pick event 3587, current size: 432
pool-16-thread-14 pick event 3588, current size: 431
pool-16-thread-8 pick event 3589, current size: 430
pool-16-thread-20 pick event 3590, current size: 429
pool-16-thread-7 pick event 3591, current size: 428
pool-16-thread-5 pick event 3592, current size: 427
pool-16-thread-9 pick event 3593, current size: 426
pool-16-thread-16 pick event 3594, current size: 425
pool-16-thread-18 pick event 3595, current size: 424
pool-16-thread-3 pick event 3596, current size: 423
pool-16-thread-17 pick event 3597, current size: 422
pool-16-thread-2 pick event 3598, current size: 421
pool-16-thread-15 pick event 3599, current size: 420
pool-16-thread-12 pick event 3600, current size: 419
pool-16-thread-19 pick event 3601, current size: 418
pool-16-thread-13 pick event 3602, current size: 417
pool-16-thread-6 pick event 3603, current size: 416
pool-16-thread-4 pick event 3604, current size: 415
pool-16-thread-1 pick event 3605, current size: 414
pool-16-thread-10 pick event 3606, current size: 413
pool-16-thread-11 pick event 3607, current size: 412
pool-16-thread-14 pick event 3608, current size: 411
pool-16-thread-8 pick event 3609, current size: 410
pool-16-thread-1 pick event 3610, current size: 409
pool-16-thread-7 pick event 3611, current size: 408
pool-16-thread-5 pick event 3612, current size: 407
pool-16-thread-18 pick event 3613, current size: 406
pool-16-thread-16 pick event 3614, current size: 405
pool-16-thread-9 pick event 3615, current size: 404
pool-16-thread-3 pick event 3616, current size: 403
pool-16-thread-17 pick event 3617, current size: 402
pool-16-thread-15 pick event 3618, current size: 401
pool-16-thread-2 pick event 3619, current size: 400
pool-16-thread-12 pick event 3620, current size: 399
pool-16-thread-19 pick event 3621, current size: 398
pool-16-thread-6 pick event 3622, current size: 397
pool-16-thread-13 pick event 3623, current size: 396
pool-16-thread-4 pick event 3624, current size: 395
pool-16-thread-20 pick event 3625, current size: 394
pool-16-thread-11 pick event 3626, current size: 393
pool-16-thread-10 pick event 3627, current size: 392
pool-16-thread-13 pick event 3628, current size: 391
pool-16-thread-1 pick event 3629, current size: 390
pool-16-thread-14 pick event 3630, current size: 389
pool-16-thread-7 pick event 3631, current size: 388
pool-16-thread-18 pick event 3632, current size: 387
pool-16-thread-5 pick event 3633, current size: 386
pool-16-thread-16 pick event 3634, current size: 385
pool-16-thread-9 pick event 3635, current size: 384
pool-16-thread-18 pick event 3636, current size: 383
pool-16-thread-3 pick event 3637, current size: 382
pool-16-thread-15 pick event 3638, current size: 381
pool-16-thread-2 pick event 3639, current size: 380
pool-16-thread-19 pick event 3640, current size: 379
pool-16-thread-6 pick event 3641, current size: 378
pool-16-thread-8 pick event 3643, current size: 377
pool-16-thread-20 pick event 3644, current size: 375
pool-16-thread-4 pick event 3645, current size: 374
pool-16-thread-11 pick event 3646, current size: 373
pool-16-thread-10 pick event 3647, current size: 372
pool-16-thread-1 pick event 3648, current size: 371
pool-16-thread-13 pick event 3649, current size: 370
pool-16-thread-7 pick event 3650, current size: 369
pool-16-thread-14 pick event 3651, current size: 368
pool-16-thread-17 pick event 3652, current size: 367
pool-16-thread-5 pick event 3653, current size: 366
pool-16-thread-16 pick event 3654, current size: 365
pool-16-thread-9 pick event 3655, current size: 364
pool-16-thread-18 pick event 3656, current size: 363
pool-16-thread-16 pick event 3657, current size: 362
pool-16-thread-3 pick event 3658, current size: 361
pool-16-thread-12 pick event 3659, current size: 360
pool-16-thread-19 pick event 3660, current size: 359
pool-16-thread-15 pick event 3661, current size: 358
pool-16-thread-12 pick event 3662, current size: 357
pool-16-thread-6 pick event 3663, current size: 356
pool-16-thread-11 pick event 3664, current size: 355
pool-16-thread-20 pick event 3665, current size: 354
pool-16-thread-4 pick event 3666, current size: 353
pool-16-thread-10 pick event 3667, current size: 352
pool-16-thread-1 pick event 3668, current size: 351
pool-16-thread-7 pick event 3669, current size: 350
pool-16-thread-13 pick event 3670, current size: 349
pool-16-thread-14 pick event 3671, current size: 348
pool-16-thread-17 pick event 3672, current size: 347
pool-16-thread-5 pick event 3673, current size: 346
pool-16-thread-2 pick event 3674, current size: 345
pool-16-thread-9 pick event 3675, current size: 344
pool-16-thread-13 pick event 3676, current size: 343
pool-16-thread-3 pick event 3678, current size: 342
pool-16-thread-9 pick event 3679, current size: 340
pool-16-thread-19 pick event 3680, current size: 339
pool-16-thread-15 pick event 3681, current size: 338
pool-16-thread-12 pick event 3682, current size: 337
pool-16-thread-6 pick event 3683, current size: 336
pool-16-thread-11 pick event 3684, current size: 335
pool-16-thread-20 pick event 3685, current size: 334
pool-16-thread-10 pick event 3686, current size: 333
pool-16-thread-4 pick event 3687, current size: 332
pool-16-thread-7 pick event 3688, current size: 331
pool-16-thread-1 pick event 3689, current size: 330
pool-16-thread-18 pick event 3691, current size: 329
pool-16-thread-17 pick event 3692, current size: 328
pool-16-thread-2 pick event 3693, current size: 326
pool-16-thread-5 pick event 3694, current size: 325
pool-16-thread-8 pick event 3695, current size: 324
pool-16-thread-16 pick event 3696, current size: 323
pool-16-thread-13 pick event 3697, current size: 322
pool-16-thread-9 pick event 3699, current size: 321
pool-16-thread-15 pick event 3700, current size: 319
pool-16-thread-6 pick event 3701, current size: 318
pool-16-thread-19 pick event 3702, current size: 317
pool-16-thread-11 pick event 3703, current size: 316
pool-16-thread-9 pick event 3704, current size: 315
pool-16-thread-12 pick event 3705, current size: 314
pool-16-thread-10 pick event 3706, current size: 313
pool-16-thread-14 pick event 3707, current size: 312
pool-16-thread-4 pick event 3708, current size: 311
pool-16-thread-7 pick event 3709, current size: 310
pool-16-thread-1 pick event 3710, current size: 309
pool-16-thread-18 pick event 3711, current size: 308
pool-16-thread-17 pick event 3712, current size: 307
pool-16-thread-3 pick event 3713, current size: 306
pool-16-thread-5 pick event 3714, current size: 305
pool-16-thread-16 pick event 3715, current size: 304
pool-16-thread-8 pick event 3716, current size: 303
pool-16-thread-3 pick event 3717, current size: 302
pool-16-thread-2 pick event 3718, current size: 301
pool-16-thread-15 pick event 3719, current size: 300
pool-16-thread-20 pick event 3720, current size: 299
pool-16-thread-6 pick event 3721, current size: 298
pool-16-thread-19 pick event 3722, current size: 297
pool-16-thread-9 pick event 3723, current size: 296
pool-16-thread-20 pick event 3724, current size: 295
pool-16-thread-11 pick event 3725, current size: 294
pool-16-thread-10 pick event 3726, current size: 293
pool-16-thread-14 pick event 3727, current size: 292
pool-16-thread-4 pick event 3728, current size: 291
pool-16-thread-7 pick event 3729, current size: 290
pool-16-thread-1 pick event 3730, current size: 289
pool-16-thread-18 pick event 3731, current size: 288
pool-16-thread-13 pick event 3732, current size: 287
pool-16-thread-17 pick event 3734, current size: 285
pool-16-thread-16 pick event 3735, current size: 284
pool-16-thread-8 pick event 3736, current size: 283
pool-16-thread-1 pick event 3737, current size: 282
pool-16-thread-2 pick event 3738, current size: 281
pool-16-thread-15 pick event 3739, current size: 280
pool-16-thread-12 pick event 3740, current size: 279
pool-16-thread-6 pick event 3741, current size: 278
pool-16-thread-12 pick event 3742, current size: 277
pool-16-thread-9 pick event 3743, current size: 276
pool-16-thread-11 pick event 3744, current size: 275
pool-16-thread-20 pick event 3745, current size: 274
pool-16-thread-10 pick event 3746, current size: 273
pool-16-thread-4 pick event 3747, current size: 272
pool-16-thread-14 pick event 3748, current size: 271
pool-16-thread-7 pick event 3750, current size: 269
pool-16-thread-3 pick event 3751, current size: 268
pool-16-thread-18 pick event 3752, current size: 267
pool-16-thread-13 pick event 3753, current size: 266
pool-16-thread-17 pick event 3754, current size: 265
pool-16-thread-16 pick event 3755, current size: 264
pool-16-thread-8 pick event 3756, current size: 263
pool-16-thread-1 pick event 3757, current size: 262
pool-16-thread-19 pick event 3758, current size: 261
pool-16-thread-2 pick event 3759, current size: 260
pool-16-thread-15 pick event 3760, current size: 259
pool-16-thread-6 pick event 3761, current size: 258
pool-16-thread-9 pick event 3762, current size: 257
pool-16-thread-12 pick event 3763, current size: 256
pool-16-thread-11 pick event 3764, current size: 255
pool-16-thread-5 pick event 3765, current size: 254
pool-16-thread-20 pick event 3766, current size: 253
pool-16-thread-10 pick event 3767, current size: 252
pool-16-thread-4 pick event 3768, current size: 251
pool-16-thread-14 pick event 3769, current size: 250
pool-16-thread-3 pick event 3770, current size: 249
pool-16-thread-7 pick event 3771, current size: 248
pool-16-thread-13 pick event 3772, current size: 247
pool-16-thread-4 pick event 3774, current size: 246
pool-16-thread-16 pick event 3775, current size: 245
pool-16-thread-8 pick event 3776, current size: 244
pool-16-thread-1 pick event 3777, current size: 242
pool-16-thread-2 pick event 3778, current size: 241
pool-16-thread-19 pick event 3779, current size: 240
pool-16-thread-6 pick event 3780, current size: 239
pool-16-thread-15 pick event 3781, current size: 238
pool-16-thread-1 pick event 3782, current size: 237
pool-16-thread-9 pick event 3783, current size: 236
pool-16-thread-11 pick event 3784, current size: 235
pool-16-thread-20 pick event 3785, current size: 234
pool-16-thread-6 pick event 3786, current size: 233
pool-16-thread-10 pick event 3787, current size: 232
pool-16-thread-17 pick event 3788, current size: 231
pool-16-thread-18 pick event 3789, current size: 230
pool-16-thread-14 pick event 3791, current size: 229
pool-16-thread-7 pick event 3792, current size: 227
pool-16-thread-4 pick event 3793, current size: 226
pool-16-thread-8 pick event 3794, current size: 225
pool-16-thread-13 pick event 3795, current size: 224
pool-16-thread-16 pick event 3796, current size: 223
pool-16-thread-7 pick event 3797, current size: 222
pool-16-thread-12 pick event 3798, current size: 221
pool-16-thread-1 pick event 3799, current size: 220
pool-16-thread-15 pick event 3800, current size: 219
pool-16-thread-5 pick event 3801, current size: 218
pool-16-thread-12 pick event 3802, current size: 217
pool-16-thread-9 pick event 3803, current size: 216
pool-16-thread-20 pick event 3804, current size: 215
pool-16-thread-11 pick event 3805, current size: 214
pool-16-thread-3 pick event 3807, current size: 213
pool-16-thread-17 pick event 3808, current size: 212
pool-16-thread-18 pick event 3809, current size: 211
pool-16-thread-6 pick event 3810, current size: 209
pool-16-thread-14 pick event 3811, current size: 208
pool-16-thread-19 pick event 3812, current size: 207
pool-16-thread-13 pick event 3813, current size: 206
pool-16-thread-4 pick event 3814, current size: 205
pool-16-thread-8 pick event 3815, current size: 204
pool-16-thread-16 pick event 3816, current size: 203
pool-16-thread-7 pick event 3817, current size: 202
pool-16-thread-2 pick event 3818, current size: 201
pool-16-thread-15 pick event 3819, current size: 200
pool-16-thread-1 pick event 3820, current size: 199
pool-16-thread-5 pick event 3821, current size: 198
pool-16-thread-10 pick event 3822, current size: 197
pool-16-thread-9 pick event 3823, current size: 196
pool-16-thread-12 pick event 3824, current size: 195
pool-16-thread-11 pick event 3825, current size: 194
pool-16-thread-20 pick event 3826, current size: 193
pool-16-thread-18 pick event 3827, current size: 192
pool-16-thread-3 pick event 3828, current size: 191
pool-16-thread-17 pick event 3829, current size: 190
pool-16-thread-6 pick event 3830, current size: 189
pool-16-thread-13 pick event 3831, current size: 188
pool-16-thread-19 pick event 3832, current size: 187
pool-16-thread-8 pick event 3833, current size: 186
pool-16-thread-14 pick event 3834, current size: 185
pool-16-thread-4 pick event 3835, current size: 184
pool-16-thread-7 pick event 3836, current size: 183
pool-16-thread-16 pick event 3837, current size: 182
pool-16-thread-15 pick event 3838, current size: 181
pool-16-thread-1 pick event 3839, current size: 180
pool-16-thread-5 pick event 3840, current size: 179
pool-16-thread-2 pick event 3841, current size: 178
pool-16-thread-10 pick event 3842, current size: 177
pool-16-thread-9 pick event 3843, current size: 176
pool-16-thread-12 pick event 3844, current size: 175
pool-16-thread-20 pick event 3845, current size: 174
pool-16-thread-11 pick event 3846, current size: 173
pool-16-thread-3 pick event 3847, current size: 172
pool-16-thread-18 pick event 3848, current size: 171
pool-16-thread-17 pick event 3849, current size: 170
pool-16-thread-13 pick event 3850, current size: 169
pool-16-thread-19 pick event 3851, current size: 168
pool-16-thread-6 pick event 3852, current size: 167
pool-16-thread-8 pick event 3853, current size: 166
pool-16-thread-14 pick event 3854, current size: 165
pool-16-thread-16 pick event 3855, current size: 164
pool-16-thread-7 pick event 3856, current size: 163
pool-16-thread-4 pick event 3857, current size: 162
pool-16-thread-5 pick event 3858, current size: 161
pool-16-thread-15 pick event 3859, current size: 160
pool-16-thread-2 pick event 3860, current size: 159
pool-16-thread-9 pick event 3862, current size: 157
pool-16-thread-20 pick event 3863, current size: 156
pool-16-thread-12 pick event 3864, current size: 155
pool-16-thread-10 pick event 3865, current size: 154
pool-16-thread-11 pick event 3866, current size: 153
pool-16-thread-18 pick event 3868, current size: 152
pool-16-thread-17 pick event 3869, current size: 151
pool-16-thread-13 pick event 3870, current size: 150
pool-16-thread-6 pick event 3872, current size: 147
pool-16-thread-8 pick event 3873, current size: 146
pool-16-thread-7 pick event 3874, current size: 145
pool-16-thread-4 pick event 3875, current size: 144
pool-16-thread-14 pick event 3876, current size: 143
pool-16-thread-5 pick event 3877, current size: 142
pool-16-thread-9 pick event 3879, current size: 141
pool-16-thread-1 pick event 3880, current size: 140
pool-16-thread-15 pick event 3881, current size: 139
pool-16-thread-2 pick event 3882, current size: 137
pool-16-thread-10 pick event 3884, current size: 136
pool-16-thread-12 pick event 3885, current size: 135
pool-16-thread-19 pick event 3886, current size: 133
pool-16-thread-18 pick event 3887, current size: 132
pool-16-thread-17 pick event 3888, current size: 131
pool-16-thread-11 pick event 3889, current size: 130
pool-16-thread-13 pick event 3890, current size: 129
pool-16-thread-20 pick event 3891, current size: 128
pool-16-thread-16 pick event 3892, current size: 127
pool-16-thread-4 pick event 3893, current size: 126
pool-16-thread-14 pick event 3894, current size: 125
pool-16-thread-7 pick event 3896, current size: 124
pool-16-thread-20 pick event 3897, current size: 123
pool-16-thread-8 pick event 3898, current size: 121
pool-16-thread-1 pick event 3899, current size: 120
pool-16-thread-2 pick event 3900, current size: 119
pool-16-thread-5 pick event 3901, current size: 118
pool-16-thread-9 pick event 3902, current size: 117
pool-16-thread-15 pick event 3903, current size: 116
pool-16-thread-19 pick event 3904, current size: 115
pool-16-thread-10 pick event 3905, current size: 114
pool-16-thread-11 pick event 3906, current size: 113
pool-16-thread-12 pick event 3907, current size: 112
pool-16-thread-19 pick event 3908, current size: 111
pool-16-thread-17 pick event 3909, current size: 110
pool-16-thread-13 pick event 3910, current size: 109
pool-16-thread-16 pick event 3911, current size: 108
pool-16-thread-6 pick event 3912, current size: 107
pool-16-thread-4 pick event 3913, current size: 106
pool-16-thread-3 pick event 3914, current size: 105
pool-16-thread-14 pick event 3915, current size: 104
pool-16-thread-7 pick event 3916, current size: 103
pool-16-thread-20 pick event 3917, current size: 102
pool-16-thread-8 pick event 3918, current size: 101
pool-16-thread-1 pick event 3919, current size: 100
pool-16-thread-5 pick event 3920, current size: 99
pool-16-thread-2 pick event 3921, current size: 98
pool-16-thread-15 pick event 3922, current size: 97
pool-16-thread-9 pick event 3923, current size: 96
pool-16-thread-10 pick event 3924, current size: 95
pool-16-thread-18 pick event 3925, current size: 94
pool-16-thread-2 pick event 3926, current size: 93
pool-16-thread-12 pick event 3927, current size: 92
pool-16-thread-17 pick event 3928, current size: 91
pool-16-thread-19 pick event 3929, current size: 90
pool-16-thread-13 pick event 3930, current size: 89
pool-16-thread-16 pick event 3931, current size: 88
pool-16-thread-12 pick event 3932, current size: 87
pool-16-thread-4 pick event 3933, current size: 86
pool-16-thread-3 pick event 3934, current size: 85
pool-16-thread-7 pick event 3935, current size: 84
pool-16-thread-14 pick event 3936, current size: 83
pool-16-thread-20 pick event 3937, current size: 82
pool-16-thread-8 pick event 3938, current size: 81
pool-16-thread-1 pick event 3939, current size: 80
pool-16-thread-5 pick event 3940, current size: 79
pool-16-thread-11 pick event 3941, current size: 78
pool-16-thread-9 pick event 3942, current size: 77
pool-16-thread-15 pick event 3943, current size: 76
pool-16-thread-18 pick event 3944, current size: 75
pool-16-thread-10 pick event 3945, current size: 74
pool-16-thread-2 pick event 3946, current size: 73
pool-16-thread-17 pick event 3947, current size: 72
pool-16-thread-6 pick event 3948, current size: 71
pool-16-thread-19 pick event 3949, current size: 70
pool-16-thread-13 pick event 3950, current size: 69
pool-16-thread-16 pick event 3951, current size: 68
pool-16-thread-4 pick event 3952, current size: 67
pool-16-thread-12 pick event 3953, current size: 66
pool-16-thread-14 pick event 3954, current size: 65
pool-16-thread-20 pick event 3956, current size: 63
pool-16-thread-7 pick event 3957, current size: 62
pool-16-thread-8 pick event 3958, current size: 61
pool-16-thread-5 pick event 3959, current size: 60
pool-16-thread-1 pick event 3960, current size: 59
pool-16-thread-11 pick event 3961, current size: 58
pool-16-thread-9 pick event 3962, current size: 57
pool-16-thread-18 pick event 3963, current size: 56
pool-16-thread-2 pick event 3965, current size: 55
pool-16-thread-10 pick event 3966, current size: 54
pool-16-thread-17 pick event 3967, current size: 52
pool-16-thread-6 pick event 3968, current size: 51
pool-16-thread-3 pick event 3969, current size: 50
pool-16-thread-19 pick event 3970, current size: 49
pool-16-thread-13 pick event 3971, current size: 48
pool-16-thread-16 pick event 3972, current size: 47
pool-16-thread-4 pick event 3973, current size: 46
pool-16-thread-12 pick event 3974, current size: 45
pool-16-thread-14 pick event 3975, current size: 44
pool-16-thread-8 pick event 3977, current size: 42
pool-16-thread-20 pick event 3978, current size: 41
pool-16-thread-7 pick event 3979, current size: 40
pool-16-thread-18 pick event 3981, current size: 39
pool-16-thread-5 pick event 3982, current size: 38
pool-16-thread-9 pick event 3983, current size: 37
pool-16-thread-2 pick event 3985, current size: 34
pool-16-thread-6 pick event 3986, current size: 33
pool-16-thread-17 pick event 3987, current size: 32
pool-16-thread-10 pick event 3988, current size: 31
pool-16-thread-16 pick event 3989, current size: 30
pool-16-thread-19 pick event 3990, current size: 29
pool-16-thread-1 pick event 3991, current size: 28
pool-16-thread-13 pick event 3993, current size: 26
pool-16-thread-4 pick event 3994, current size: 25
pool-16-thread-14 pick event 3995, current size: 24
pool-16-thread-12 pick event 3996, current size: 23
pool-16-thread-15 pick event 3997, current size: 22
pool-16-thread-8 pick event 3998, current size: 21
pool-16-thread-11 pick event 3999, current size: 20
pool-16-thread-9 pick event 4000, current size: 19
pool-16-thread-7 pick event 4001, current size: 18
pool-16-thread-18 pick event 4002, current size: 17
pool-16-thread-5 pick event 4003, current size: 16
pool-16-thread-20 pick event 4004, current size: 15
pool-16-thread-2 pick event 4005, current size: 14
pool-16-thread-6 pick event 4006, current size: 13
pool-16-thread-17 pick event 4007, current size: 12
pool-16-thread-3 pick event 4008, current size: 11
pool-16-thread-1 pick event 4009, current size: 10
pool-16-thread-10 pick event 4010, current size: 9
pool-16-thread-13 pick event 4011, current size: 8
pool-16-thread-16 pick event 4012, current size: 7
pool-16-thread-4 pick event 4014, current size: 5
pool-16-thread-14 pick event 4015, current size: 4
pool-16-thread-8 pick event 4016, current size: 3
pool-16-thread-15 pick event 4017, current size: 2
pool-16-thread-12 pick event 4018, current size: 1
pool-16-thread-11 pick event 4019, current size: 0
OHHHH18
OHHHH15
[testOverload(com.edi.test.NbiEventSendTaskTest): expected:&lt;4000&gt; but was:&lt;4001&gt;]
</system-out>
  </testcase>
</testsuite>