<?xml version="1.0" encoding="UTF-8" ?>
<testsuite failures="0" time="18.876" errors="0" skipped="1" tests="8" name="com.edi.test.NbiEventSendTaskTest">
  <properties>
    <property name="java.runtime.name" value="Java(TM) SE Runtime Environment"/>
    <property name="sun.boot.library.path" value="c:\Program Files\Java\jdk1.7.0_10\jre\bin"/>
    <property name="java.vm.version" value="23.6-b04"/>
    <property name="user.country.format" value="CN"/>
    <property name="java.vm.vendor" value="Oracle Corporation"/>
    <property name="java.vendor.url" value="http://java.oracle.com/"/>
    <property name="path.separator" value=";"/>
    <property name="guice.disable.misplaced.annotation.check" value="true"/>
    <property name="java.vm.name" value="Java HotSpot(TM) 64-Bit Server VM"/>
    <property name="file.encoding.pkg" value="sun.io"/>
    <property name="user.script" value=""/>
    <property name="user.country" value="US"/>
    <property name="sun.java.launcher" value="SUN_STANDARD"/>
    <property name="sun.os.patch.level" value="Service Pack 1"/>
    <property name="java.vm.specification.name" value="Java Virtual Machine Specification"/>
    <property name="user.dir" value="C:\Edison\Work\GitRepository\github\Test\priority-queue-test"/>
    <property name="java.runtime.version" value="1.7.0_10-b18"/>
    <property name="java.awt.graphicsenv" value="sun.awt.Win32GraphicsEnvironment"/>
    <property name="java.endorsed.dirs" value="c:\Program Files\Java\jdk1.7.0_10\jre\lib\endorsed"/>
    <property name="os.arch" value="amd64"/>
    <property name="java.io.tmpdir" value="C:\Users\xxuyanf\AppData\Local\Temp\"/>
    <property name="line.separator" value="
"/>
    <property name="java.vm.specification.vendor" value="Oracle Corporation"/>
    <property name="user.variant" value=""/>
    <property name="os.name" value="Windows 7"/>
    <property name="classworlds.conf" value="c:/Tools/apache-maven-3.0.4/bin/m2.conf"/>
    <property name="sun.jnu.encoding" value="GBK"/>
    <property name="java.library.path" value="c:\Program Files\Java\jdk1.7.0_10\bin;C:\Windows\Sun\Java\bin;C:\Windows\system32;C:\Windows;c:\Users\xxuyanf\bin;.;C:\Program Files (x86)\Git\local\bin;C:\Program Files (x86)\Git\mingw\bin;C:\Program Files (x86)\Git\bin;c:\Program Files (x86)\Common Files\NetSarang;c:\Program Files\Java\jdk1.7.0_10\bin;c:\Tools\apache-maven-3.0.4\bin;c:\Windows\system32;c:\Windows;c:\Windows\System32\Wbem;c:\Windows\System32\WindowsPowerShell\v1.0\;C:\Program Files (x86)\Git\cmd;C:\Program Files (x86)\Git\bin;c:\Program Files\VanDyke Software\Clients\;c:\Program Files\TortoiseGit\bin;."/>
    <property name="java.specification.name" value="Java Platform API Specification"/>
    <property name="java.class.version" value="51.0"/>
    <property name="sun.management.compiler" value="HotSpot 64-Bit Tiered Compilers"/>
    <property name="os.version" value="6.1"/>
    <property name="user.home" value="C:\Users\xxuyanf"/>
    <property name="user.timezone" value="Asia/Shanghai"/>
    <property name="java.awt.printerjob" value="sun.awt.windows.WPrinterJob"/>
    <property name="java.specification.version" value="1.7"/>
    <property name="file.encoding" value="GBK"/>
    <property name="user.name" value="xxuyanf"/>
    <property name="java.class.path" value="c:/Tools/apache-maven-3.0.4/boot/plexus-classworlds-2.4.jar"/>
    <property name="java.vm.specification.version" value="1.7"/>
    <property name="sun.arch.data.model" value="64"/>
    <property name="java.home" value="c:\Program Files\Java\jdk1.7.0_10\jre"/>
    <property name="sun.java.command" value="org.codehaus.plexus.classworlds.launcher.Launcher clean install"/>
    <property name="java.specification.vendor" value="Oracle Corporation"/>
    <property name="user.language" value="en"/>
    <property name="user.language.format" value="zh"/>
    <property name="awt.toolkit" value="sun.awt.windows.WToolkit"/>
    <property name="java.vm.info" value="mixed mode"/>
    <property name="java.version" value="1.7.0_10"/>
    <property name="java.ext.dirs" value="c:\Program Files\Java\jdk1.7.0_10\jre\lib\ext;C:\Windows\Sun\Java\lib\ext"/>
    <property name="sun.boot.class.path" value="c:\Program Files\Java\jdk1.7.0_10\jre\lib\resources.jar;c:\Program Files\Java\jdk1.7.0_10\jre\lib\rt.jar;c:\Program Files\Java\jdk1.7.0_10\jre\lib\sunrsasign.jar;c:\Program Files\Java\jdk1.7.0_10\jre\lib\jsse.jar;c:\Program Files\Java\jdk1.7.0_10\jre\lib\jce.jar;c:\Program Files\Java\jdk1.7.0_10\jre\lib\charsets.jar;c:\Program Files\Java\jdk1.7.0_10\jre\lib\jfr.jar;c:\Program Files\Java\jdk1.7.0_10\jre\classes"/>
    <property name="java.vendor" value="Oracle Corporation"/>
    <property name="maven.home" value="c:\Tools\apache-maven-3.0.4"/>
    <property name="file.separator" value="\"/>
    <property name="java.vendor.url.bug" value="http://bugreport.sun.com/bugreport/"/>
    <property name="sun.cpu.endian" value="little"/>
    <property name="sun.io.unicode.encoding" value="UnicodeLittle"/>
    <property name="sun.desktop" value="windows"/>
    <property name="sun.cpu.isalist" value="amd64"/>
  </properties>
  <testcase time="1.274" classname="com.edi.test.NbiEventSendTaskTest" name="testGetTotalRecEventNum">
    <skipped/>
  </testcase>
  <testcase time="1.455" classname="com.edi.test.NbiEventSendTaskTest" name="testEventSequence"/>
  <testcase time="4.832" classname="com.edi.test.NbiEventSendTaskTest" name="testSendRadomEmbmsSessionEvents"/>
  <testcase time="1.876" classname="com.edi.test.NbiEventSendTaskTest" name="testSendSameEmbmsSessionEvents"/>
  <testcase time="0.461" classname="com.edi.test.NbiEventSendTaskTest" name="testSendNoSameEmbmsSessionEvents"/>
  <testcase time="0.476" classname="com.edi.test.NbiEventSendTaskTest" name="testSendNoEmbmsSessionIdEvents"/>
  <testcase time="4.305" classname="com.edi.test.NbiEventSendTaskTest" name="testOverload"/>
  <testcase time="4.195" classname="com.edi.test.NbiEventSendTaskTest" name="testFull"/>
</testsuite>