<?xml version="1.0" encoding="UTF-8" ?>
<testsuite failures="1" time="529.214" errors="0" skipped="0" tests="1" name="com.edi.test.TestAll">
  <properties>
    <property name="java.runtime.name" value="Java(TM) SE Runtime Environment"/>
    <property name="sun.boot.library.path" value="c:\Program Files\Java\jdk1.7.0_10\jre\bin"/>
    <property name="java.vm.version" value="23.6-b04"/>
    <property name="user.country.format" value="CN"/>
    <property name="java.vm.vendor" value="Oracle Corporation"/>
    <property name="java.vendor.url" value="http://java.oracle.com/"/>
    <property name="path.separator" value=";"/>
    <property name="guice.disable.misplaced.annotation.check" value="true"/>
    <property name="java.vm.name" value="Java HotSpot(TM) 64-Bit Server VM"/>
    <property name="file.encoding.pkg" value="sun.io"/>
    <property name="user.script" value=""/>
    <property name="user.country" value="US"/>
    <property name="sun.java.launcher" value="SUN_STANDARD"/>
    <property name="sun.os.patch.level" value="Service Pack 1"/>
    <property name="java.vm.specification.name" value="Java Virtual Machine Specification"/>
    <property name="user.dir" value="C:\Edison\Work\GitRepository\github\Test\priority-queue-test"/>
    <property name="java.runtime.version" value="1.7.0_10-b18"/>
    <property name="java.awt.graphicsenv" value="sun.awt.Win32GraphicsEnvironment"/>
    <property name="java.endorsed.dirs" value="c:\Program Files\Java\jdk1.7.0_10\jre\lib\endorsed"/>
    <property name="os.arch" value="amd64"/>
    <property name="java.io.tmpdir" value="C:\Users\xxuyanf\AppData\Local\Temp\"/>
    <property name="line.separator" value="
"/>
    <property name="java.vm.specification.vendor" value="Oracle Corporation"/>
    <property name="user.variant" value=""/>
    <property name="os.name" value="Windows 7"/>
    <property name="classworlds.conf" value="c:/Tools/apache-maven-3.0.4/bin/m2.conf"/>
    <property name="sun.jnu.encoding" value="GBK"/>
    <property name="java.library.path" value="c:\Program Files\Java\jdk1.7.0_10\bin;C:\Windows\Sun\Java\bin;C:\Windows\system32;C:\Windows;c:\Users\xxuyanf\bin;.;C:\Program Files (x86)\Git\local\bin;C:\Program Files (x86)\Git\mingw\bin;C:\Program Files (x86)\Git\bin;c:\Program Files (x86)\Common Files\NetSarang;c:\Program Files\Java\jdk1.7.0_10\bin;c:\Tools\apache-maven-3.0.4\bin;c:\Windows\system32;c:\Windows;c:\Windows\System32\Wbem;c:\Windows\System32\WindowsPowerShell\v1.0\;C:\Program Files (x86)\Git\cmd;C:\Program Files (x86)\Git\bin;c:\Program Files\VanDyke Software\Clients\;c:\Program Files\TortoiseGit\bin;."/>
    <property name="java.specification.name" value="Java Platform API Specification"/>
    <property name="java.class.version" value="51.0"/>
    <property name="sun.management.compiler" value="HotSpot 64-Bit Tiered Compilers"/>
    <property name="os.version" value="6.1"/>
    <property name="user.home" value="C:\Users\xxuyanf"/>
    <property name="user.timezone" value="Asia/Shanghai"/>
    <property name="java.awt.printerjob" value="sun.awt.windows.WPrinterJob"/>
    <property name="java.specification.version" value="1.7"/>
    <property name="file.encoding" value="GBK"/>
    <property name="user.name" value="xxuyanf"/>
    <property name="java.class.path" value="c:/Tools/apache-maven-3.0.4/boot/plexus-classworlds-2.4.jar"/>
    <property name="java.vm.specification.version" value="1.7"/>
    <property name="sun.arch.data.model" value="64"/>
    <property name="java.home" value="c:\Program Files\Java\jdk1.7.0_10\jre"/>
    <property name="sun.java.command" value="org.codehaus.plexus.classworlds.launcher.Launcher clean install"/>
    <property name="java.specification.vendor" value="Oracle Corporation"/>
    <property name="user.language" value="en"/>
    <property name="user.language.format" value="zh"/>
    <property name="awt.toolkit" value="sun.awt.windows.WToolkit"/>
    <property name="java.vm.info" value="mixed mode"/>
    <property name="java.version" value="1.7.0_10"/>
    <property name="java.ext.dirs" value="c:\Program Files\Java\jdk1.7.0_10\jre\lib\ext;C:\Windows\Sun\Java\lib\ext"/>
    <property name="sun.boot.class.path" value="c:\Program Files\Java\jdk1.7.0_10\jre\lib\resources.jar;c:\Program Files\Java\jdk1.7.0_10\jre\lib\rt.jar;c:\Program Files\Java\jdk1.7.0_10\jre\lib\sunrsasign.jar;c:\Program Files\Java\jdk1.7.0_10\jre\lib\jsse.jar;c:\Program Files\Java\jdk1.7.0_10\jre\lib\jce.jar;c:\Program Files\Java\jdk1.7.0_10\jre\lib\charsets.jar;c:\Program Files\Java\jdk1.7.0_10\jre\lib\jfr.jar;c:\Program Files\Java\jdk1.7.0_10\jre\classes"/>
    <property name="java.vendor" value="Oracle Corporation"/>
    <property name="maven.home" value="c:\Tools\apache-maven-3.0.4"/>
    <property name="file.separator" value="\"/>
    <property name="java.vendor.url.bug" value="http://bugreport.sun.com/bugreport/"/>
    <property name="sun.cpu.endian" value="little"/>
    <property name="sun.io.unicode.encoding" value="UnicodeLittle"/>
    <property name="sun.desktop" value="windows"/>
    <property name="sun.cpu.isalist" value="amd64"/>
  </properties>
  <testcase time="529.209" classname="com.edi.test.TestAll" name="test">
    <failure type="java.lang.AssertionError:">java.lang.AssertionError: 
	at org.junit.Assert.fail(Assert.java:91)
	at org.junit.Assert.assertTrue(Assert.java:43)
	at org.junit.Assert.assertTrue(Assert.java:54)
	at com.edi.test.TestAll.test(TestAll.java:29)
	at sun.reflect.NativeMethodAccessorImpl.invoke0(Native Method)
	at sun.reflect.NativeMethodAccessorImpl.invoke(NativeMethodAccessorImpl.java:57)
	at sun.reflect.DelegatingMethodAccessorImpl.invoke(DelegatingMethodAccessorImpl.java:43)
	at java.lang.reflect.Method.invoke(Method.java:601)
	at org.junit.runners.model.FrameworkMethod$1.runReflectiveCall(FrameworkMethod.java:44)
	at org.junit.internal.runners.model.ReflectiveCallable.run(ReflectiveCallable.java:15)
	at org.junit.runners.model.FrameworkMethod.invokeExplosively(FrameworkMethod.java:41)
	at org.junit.internal.runners.statements.InvokeMethod.evaluate(InvokeMethod.java:20)
	at org.junit.runners.BlockJUnit4ClassRunner.runChild(BlockJUnit4ClassRunner.java:76)
	at org.junit.runners.BlockJUnit4ClassRunner.runChild(BlockJUnit4ClassRunner.java:50)
	at org.junit.runners.ParentRunner$3.run(ParentRunner.java:193)
	at org.junit.runners.ParentRunner$1.schedule(ParentRunner.java:52)
	at org.junit.runners.ParentRunner.runChildren(ParentRunner.java:191)
	at org.junit.runners.ParentRunner.access$000(ParentRunner.java:42)
	at org.junit.runners.ParentRunner$2.evaluate(ParentRunner.java:184)
	at org.junit.runners.ParentRunner.run(ParentRunner.java:236)
	at org.apache.maven.surefire.junit4.JUnit4TestSet.execute(JUnit4TestSet.java:53)
	at org.apache.maven.surefire.junit4.JUnit4Provider.executeTestSet(JUnit4Provider.java:123)
	at org.apache.maven.surefire.junit4.JUnit4Provider.invoke(JUnit4Provider.java:104)
	at sun.reflect.NativeMethodAccessorImpl.invoke0(Native Method)
	at sun.reflect.NativeMethodAccessorImpl.invoke(NativeMethodAccessorImpl.java:57)
	at sun.reflect.DelegatingMethodAccessorImpl.invoke(DelegatingMethodAccessorImpl.java:43)
	at java.lang.reflect.Method.invoke(Method.java:601)
	at org.apache.maven.surefire.util.ReflectionUtils.invokeMethodWithArray(ReflectionUtils.java:164)
	at org.apache.maven.surefire.booter.ProviderFactory$ProviderProxy.invoke(ProviderFactory.java:110)
	at org.apache.maven.surefire.booter.SurefireStarter.invokeProvider(SurefireStarter.java:172)
	at org.apache.maven.surefire.booter.SurefireStarter.runSuitesInProcessWhenForked(SurefireStarter.java:104)
	at org.apache.maven.surefire.booter.ForkedBooter.main(ForkedBooter.java:70)
</failure>
    <system-out>1 times run start
testEventSequence begin.
testEventSequence end.
testSendRadomEmbmsSessionEvents begin.
testSendRadomEmbmsSessionEvents end.
testSendSameEmbmsSessionEvents begin.
testSendSameEmbmsSessionEvents end.
testSendNoSameEmbmsSessionEvents begin.
testSendNoSameEmbmsSessionEvents end.
testSendNoEmbmsSessionIdEvents begin.
testSendNoEmbmsSessionIdEvents end.
testOverload begin.
[pool-18-thread-1] pick event Id=0, eMBMSSessionId=7 current size: 4019
[pool-18-thread-4] pick event Id=1, eMBMSSessionId=55 current size: 4018
[pool-18-thread-2] pick event Id=2, eMBMSSessionId=96 current size: 4017
[pool-18-thread-3] pick event Id=3, eMBMSSessionId=66 current size: 4016
pool-18-thread-1 Discard NBI event &apos; Id=0, eMBMSSessionId=7&apos;, current queue size: 4017
[pool-18-thread-6] pick event Id=4, eMBMSSessionId=90 current size: 4015
[pool-18-thread-5] pick event Id=5, eMBMSSessionId=72 current size: 4014
pool-18-thread-2 Discard NBI event &apos; Id=2, eMBMSSessionId=96&apos;, current queue size: 4014
[pool-18-thread-7] adds event Id=6, eMBMSSessionId=72 current size: 4014
pool-18-thread-4 Discard NBI event &apos; Id=1, eMBMSSessionId=55&apos;, current queue size: 4014
pool-18-thread-3 Discard NBI event &apos; Id=3, eMBMSSessionId=66&apos;, current queue size: 4014
[pool-18-thread-9] pick event Id=7, eMBMSSessionId=84 current size: 4013
pool-18-thread-5 Discard NBI event &apos; Id=5, eMBMSSessionId=72&apos;, current queue size: 4014
pool-18-thread-6 Discard NBI event &apos; Id=4, eMBMSSessionId=90&apos;, current queue size: 4013
[pool-18-thread-10] pick event Id=8, eMBMSSessionId=35 current size: 4012
pool-18-thread-9 Discard NBI event &apos; Id=7, eMBMSSessionId=84&apos;, current queue size: 4013
[pool-18-thread-8] pick event Id=9, eMBMSSessionId=30 current size: 4011
[pool-18-thread-11] pick event Id=10, eMBMSSessionId=4 current size: 4010
pool-18-thread-10 Discard NBI event &apos; Id=8, eMBMSSessionId=35&apos;, current queue size: 4011
pool-18-thread-8 Discard NBI event &apos; Id=9, eMBMSSessionId=30&apos;, current queue size: 4010
pool-18-thread-11 Discard NBI event &apos; Id=10, eMBMSSessionId=4&apos;, current queue size: 4010
[pool-18-thread-19] pick event Id=11, eMBMSSessionId=74 current size: 4009
pool-18-thread-19 Discard NBI event &apos; Id=11, eMBMSSessionId=74&apos;, current queue size: 4009
[pool-18-thread-12] pick event Id=12, eMBMSSessionId=83 current size: 4008
pool-18-thread-5 reduces to 4007
pool-18-thread-12 Discard NBI event &apos; Id=12, eMBMSSessionId=83&apos;, current queue size: 4008
[pool-18-thread-13] pick event Id=13, eMBMSSessionId=95 current size: 4006
[pool-18-thread-14] pick event Id=14, eMBMSSessionId=5 current size: 4005
[pool-18-thread-15] pick event Id=15, eMBMSSessionId=26 current size: 4004
pool-18-thread-14 Discard NBI event &apos; Id=14, eMBMSSessionId=5&apos;, current queue size: 4004
pool-18-thread-5 Discard NBI event &apos; Id=6, eMBMSSessionId=72&apos;, current queue size: 4004
pool-18-thread-13 Discard NBI event &apos; Id=13, eMBMSSessionId=95&apos;, current queue size: 4004
[pool-18-thread-16] pick event Id=16, eMBMSSessionId=43 current size: 4003
pool-18-thread-15 Discard NBI event &apos; Id=15, eMBMSSessionId=26&apos;, current queue size: 4004
[pool-18-thread-17] pick event Id=17, eMBMSSessionId=52 current size: 4002
[pool-18-thread-18] adds event Id=18, eMBMSSessionId=95 current size: 4002
pool-18-thread-16 Discard NBI event &apos; Id=16, eMBMSSessionId=43&apos;, current queue size: 4002
pool-18-thread-17 Discard NBI event &apos; Id=17, eMBMSSessionId=52&apos;, current queue size: 4002
[pool-18-thread-20] pick event Id=19, eMBMSSessionId=91 current size: 4001
[pool-18-thread-7] pick event Id=20, eMBMSSessionId=33 current size: 4000
[pool-18-thread-8] pick event Id=21, eMBMSSessionId=3 current size: 3999
pool-18-thread-20 Discard NBI event &apos; Id=19, eMBMSSessionId=91&apos;, current queue size: 3999
pool-18-thread-7 Discard NBI event &apos; Id=20, eMBMSSessionId=33&apos;, current queue size: 3999
[pool-18-thread-12] pick event Id=22, eMBMSSessionId=67 current size: 3998
[pool-18-thread-1] pick event Id=23, eMBMSSessionId=19 current size: 3997
[pool-18-thread-2] pick event Id=24, eMBMSSessionId=89 current size: 3996
[pool-18-thread-4] pick event Id=25, eMBMSSessionId=30 current size: 3995
pool-18-thread-13 reduces to 3994
[pool-18-thread-3] pick event Id=26, eMBMSSessionId=41 current size: 3993
[pool-18-thread-6] pick event Id=27, eMBMSSessionId=86 current size: 3992
[pool-18-thread-9] pick event Id=28, eMBMSSessionId=69 current size: 3991
[pool-18-thread-10] pick event Id=29, eMBMSSessionId=77 current size: 3990
[pool-18-thread-18] pick event Id=30, eMBMSSessionId=65 current size: 3989
[pool-18-thread-11] pick event Id=31, eMBMSSessionId=80 current size: 3988
[pool-18-thread-19] pick event Id=32, eMBMSSessionId=13 current size: 3987
[pool-18-thread-12] pick event Id=33, eMBMSSessionId=42 current size: 3986
[pool-18-thread-14] adds event Id=34, eMBMSSessionId=86 current size: 3986
[pool-18-thread-5] pick event Id=35, eMBMSSessionId=20 current size: 3985
[pool-18-thread-2] pick event Id=36, eMBMSSessionId=50 current size: 3984
[pool-18-thread-15] pick event Id=37, eMBMSSessionId=68 current size: 3983
pool-18-thread-6 reduces to 3982
[pool-18-thread-16] pick event Id=38, eMBMSSessionId=37 current size: 3981
[pool-18-thread-17] pick event Id=39, eMBMSSessionId=45 current size: 3980
[pool-18-thread-20] pick event Id=40, eMBMSSessionId=49 current size: 3979
[pool-18-thread-8] pick event Id=41, eMBMSSessionId=74 current size: 3978
[pool-18-thread-7] pick event Id=42, eMBMSSessionId=36 current size: 3977
[pool-18-thread-1] pick event Id=43, eMBMSSessionId=4 current size: 3976
[pool-18-thread-14] pick event Id=44, eMBMSSessionId=60 current size: 3975
[pool-18-thread-4] pick event Id=45, eMBMSSessionId=57 current size: 3974
[pool-18-thread-2] pick event Id=46, eMBMSSessionId=55 current size: 3973
[pool-18-thread-13] pick event Id=47, eMBMSSessionId=8 current size: 3972
[pool-18-thread-3] pick event Id=48, eMBMSSessionId=6 current size: 3971
[pool-18-thread-9] pick event Id=49, eMBMSSessionId=56 current size: 3970
[pool-18-thread-10] pick event Id=50, eMBMSSessionId=89 current size: 3969
[pool-18-thread-18] pick event Id=51, eMBMSSessionId=44 current size: 3968
[pool-18-thread-11] pick event Id=52, eMBMSSessionId=52 current size: 3967
[pool-18-thread-19] pick event Id=53, eMBMSSessionId=88 current size: 3966
[pool-18-thread-12] pick event Id=54, eMBMSSessionId=51 current size: 3965
[pool-18-thread-5] pick event Id=55, eMBMSSessionId=19 current size: 3964
[pool-18-thread-15] adds event Id=56, eMBMSSessionId=89 current size: 3964
[pool-18-thread-16] pick event Id=57, eMBMSSessionId=37 current size: 3963
[pool-18-thread-6] pick event Id=58, eMBMSSessionId=82 current size: 3962
pool-18-thread-10 reduces to 3961
[pool-18-thread-17] pick event Id=59, eMBMSSessionId=34 current size: 3960
[pool-18-thread-20] pick event Id=60, eMBMSSessionId=26 current size: 3959
[pool-18-thread-8] pick event Id=61, eMBMSSessionId=12 current size: 3958
[pool-18-thread-7] pick event Id=62, eMBMSSessionId=87 current size: 3957
[pool-18-thread-1] pick event Id=63, eMBMSSessionId=1 current size: 3956
[pool-18-thread-14] adds event Id=64, eMBMSSessionId=26 current size: 3956
[pool-18-thread-4] pick event Id=65, eMBMSSessionId=79 current size: 3955
[pool-18-thread-15] pick event Id=66, eMBMSSessionId=80 current size: 3954
[pool-18-thread-2] pick event Id=67, eMBMSSessionId=68 current size: 3953
[pool-18-thread-9] pick event Id=68, eMBMSSessionId=28 current size: 3952
[pool-18-thread-13] pick event Id=69, eMBMSSessionId=11 current size: 3951
[pool-18-thread-3] adds event Id=70, eMBMSSessionId=79 current size: 3951
[pool-18-thread-11] pick event Id=71, eMBMSSessionId=55 current size: 3950
[pool-18-thread-18] pick event Id=72, eMBMSSessionId=20 current size: 3949
pool-18-thread-20 reduces to 3948
[pool-18-thread-19] pick event Id=73, eMBMSSessionId=33 current size: 3947
[pool-18-thread-14] pick event Id=74, eMBMSSessionId=62 current size: 3946
[pool-18-thread-12] adds event Id=75, eMBMSSessionId=26 current size: 3946
pool-18-thread-4 reduces to 3945
[pool-18-thread-5] pick event Id=76, eMBMSSessionId=82 current size: 3944
[pool-18-thread-6] pick event Id=77, eMBMSSessionId=21 current size: 3943
[pool-18-thread-3] pick event Id=78, eMBMSSessionId=78 current size: 3942
[pool-18-thread-16] pick event Id=79, eMBMSSessionId=7 current size: 3941
[pool-18-thread-10] pick event Id=80, eMBMSSessionId=95 current size: 3940
[pool-18-thread-17] pick event Id=81, eMBMSSessionId=83 current size: 3939
[pool-18-thread-7] pick event Id=82, eMBMSSessionId=73 current size: 3938
[pool-18-thread-11] pick event Id=83, eMBMSSessionId=0 current size: 3937
pool-18-thread-20 reduces to 3936
[pool-18-thread-8] pick event Id=84, eMBMSSessionId=16 current size: 3935
[pool-18-thread-1] pick event Id=85, eMBMSSessionId=47 current size: 3934
[pool-18-thread-12] pick event Id=86, eMBMSSessionId=15 current size: 3933
[pool-18-thread-15] pick event Id=87, eMBMSSessionId=32 current size: 3932
[pool-18-thread-2] pick event Id=88, eMBMSSessionId=27 current size: 3931
[pool-18-thread-9] pick event Id=89, eMBMSSessionId=68 current size: 3930
[pool-18-thread-5] pick event Id=90, eMBMSSessionId=10 current size: 3929
[pool-18-thread-13] pick event Id=91, eMBMSSessionId=98 current size: 3928
[pool-18-thread-18] pick event Id=92, eMBMSSessionId=13 current size: 3927
[pool-18-thread-19] pick event Id=93, eMBMSSessionId=57 current size: 3926
[pool-18-thread-7] pick event Id=94, eMBMSSessionId=5 current size: 3925
[pool-18-thread-14] pick event Id=95, eMBMSSessionId=95 current size: 3924
[pool-18-thread-4] pick event Id=96, eMBMSSessionId=79 current size: 3923
[pool-18-thread-6] adds event Id=97, eMBMSSessionId=10 current size: 3923
[pool-18-thread-3] pick event Id=98, eMBMSSessionId=15 current size: 3922
[pool-18-thread-16] pick event Id=99, eMBMSSessionId=62 current size: 3921
pool-18-thread-5 reduces to 3920
[pool-18-thread-10] pick event Id=100, eMBMSSessionId=67 current size: 3919
[pool-18-thread-17] pick event Id=101, eMBMSSessionId=58 current size: 3918
[pool-18-thread-20] pick event Id=102, eMBMSSessionId=42 current size: 3917
[pool-18-thread-1] pick event Id=103, eMBMSSessionId=49 current size: 3916
[pool-18-thread-11] pick event Id=104, eMBMSSessionId=83 current size: 3915
[pool-18-thread-8] pick event Id=105, eMBMSSessionId=2 current size: 3914
[pool-18-thread-7] pick event Id=106, eMBMSSessionId=6 current size: 3913
[pool-18-thread-12] pick event Id=107, eMBMSSessionId=94 current size: 3912
[pool-18-thread-8] pick event Id=108, eMBMSSessionId=32 current size: 3911
[pool-18-thread-15] pick event Id=109, eMBMSSessionId=73 current size: 3910
[pool-18-thread-6] pick event Id=110, eMBMSSessionId=0 current size: 3909
[pool-18-thread-9] pick event Id=111, eMBMSSessionId=31 current size: 3908
[pool-18-thread-2] pick event Id=112, eMBMSSessionId=28 current size: 3907
[pool-18-thread-13] pick event Id=113, eMBMSSessionId=90 current size: 3906
[pool-18-thread-18] pick event Id=114, eMBMSSessionId=35 current size: 3905
[pool-18-thread-19] pick event Id=115, eMBMSSessionId=40 current size: 3904
[pool-18-thread-7] pick event Id=116, eMBMSSessionId=14 current size: 3903
[pool-18-thread-14] pick event Id=117, eMBMSSessionId=68 current size: 3902
[pool-18-thread-4] pick event Id=118, eMBMSSessionId=26 current size: 3901
[pool-18-thread-3] pick event Id=119, eMBMSSessionId=28 current size: 3900
[pool-18-thread-5] pick event Id=120, eMBMSSessionId=56 current size: 3899
[pool-18-thread-16] pick event Id=121, eMBMSSessionId=64 current size: 3898
[pool-18-thread-10] pick event Id=122, eMBMSSessionId=42 current size: 3897
[pool-18-thread-20] pick event Id=123, eMBMSSessionId=23 current size: 3896
[pool-18-thread-17] pick event Id=124, eMBMSSessionId=79 current size: 3895
[pool-18-thread-1] pick event Id=125, eMBMSSessionId=90 current size: 3894
[pool-18-thread-11] pick event Id=126, eMBMSSessionId=11 current size: 3893
[pool-18-thread-6] pick event Id=127, eMBMSSessionId=91 current size: 3892
[pool-18-thread-7] adds event Id=128, eMBMSSessionId=11 current size: 3892
[pool-18-thread-12] pick event Id=129, eMBMSSessionId=50 current size: 3891
[pool-18-thread-8] pick event Id=130, eMBMSSessionId=18 current size: 3890
[pool-18-thread-15] pick event Id=131, eMBMSSessionId=57 current size: 3889
[pool-18-thread-9] pick event Id=132, eMBMSSessionId=94 current size: 3888
[pool-18-thread-2] pick event Id=133, eMBMSSessionId=22 current size: 3887
[pool-18-thread-13] pick event Id=134, eMBMSSessionId=81 current size: 3886
[pool-18-thread-18] pick event Id=135, eMBMSSessionId=80 current size: 3885
[pool-18-thread-19] pick event Id=136, eMBMSSessionId=30 current size: 3884
pool-18-thread-11 reduces to 3883
[pool-18-thread-14] adds event Id=137, eMBMSSessionId=30 current size: 3883
pool-18-thread-19 reduces to 3882
[pool-18-thread-7] pick event Id=138, eMBMSSessionId=51 current size: 3881
[pool-18-thread-4] pick event Id=139, eMBMSSessionId=73 current size: 3880
[pool-18-thread-3] pick event Id=140, eMBMSSessionId=7 current size: 3879
[pool-18-thread-9] adds event Id=141, eMBMSSessionId=11 current size: 3879
[pool-18-thread-16] pick event Id=142, eMBMSSessionId=28 current size: 3878
[pool-18-thread-5] pick event Id=143, eMBMSSessionId=53 current size: 3877
[pool-18-thread-18] pick event Id=144, eMBMSSessionId=67 current size: 3876
[pool-18-thread-10] adds event Id=145, eMBMSSessionId=28 current size: 3876
[pool-18-thread-10] pick event Id=146, eMBMSSessionId=69 current size: 3875
[pool-18-thread-20] pick event Id=147, eMBMSSessionId=68 current size: 3874
[pool-18-thread-17] pick event Id=148, eMBMSSessionId=26 current size: 3873
[pool-18-thread-1] pick event Id=149, eMBMSSessionId=3 current size: 3872
pool-18-thread-11 reduces to 3871
[pool-18-thread-14] pick event Id=150, eMBMSSessionId=84 current size: 3870
[pool-18-thread-6] pick event Id=151, eMBMSSessionId=87 current size: 3869
[pool-18-thread-8] pick event Id=152, eMBMSSessionId=2 current size: 3868
[pool-18-thread-12] pick event Id=153, eMBMSSessionId=93 current size: 3867
[pool-18-thread-15] pick event Id=154, eMBMSSessionId=33 current size: 3866
[pool-18-thread-4] pick event Id=155, eMBMSSessionId=89 current size: 3865
[pool-18-thread-9] pick event Id=156, eMBMSSessionId=36 current size: 3864
[pool-18-thread-2] pick event Id=157, eMBMSSessionId=14 current size: 3863
[pool-18-thread-13] pick event Id=158, eMBMSSessionId=18 current size: 3862
pool-18-thread-16 reduces to 3861
[pool-18-thread-16] pick event Id=159, eMBMSSessionId=48 current size: 3860
[pool-18-thread-19] adds event Id=160, eMBMSSessionId=14 current size: 3860
[pool-18-thread-8] pick event Id=161, eMBMSSessionId=16 current size: 3859
[pool-18-thread-7] pick event Id=162, eMBMSSessionId=66 current size: 3858
[pool-18-thread-4] pick event Id=163, eMBMSSessionId=91 current size: 3857
[pool-18-thread-3] pick event Id=164, eMBMSSessionId=96 current size: 3856
pool-18-thread-2 reduces to 3855
[pool-18-thread-18] pick event Id=165, eMBMSSessionId=10 current size: 3854
[pool-18-thread-5] pick event Id=166, eMBMSSessionId=58 current size: 3853
[pool-18-thread-10] pick event Id=167, eMBMSSessionId=11 current size: 3852
[pool-18-thread-1] pick event Id=168, eMBMSSessionId=29 current size: 3851
[pool-18-thread-17] pick event Id=169, eMBMSSessionId=32 current size: 3850
[pool-18-thread-11] pick event Id=170, eMBMSSessionId=70 current size: 3849
[pool-18-thread-20] pick event Id=171, eMBMSSessionId=63 current size: 3848
[pool-18-thread-14] pick event Id=172, eMBMSSessionId=51 current size: 3847
[pool-18-thread-1] pick event Id=173, eMBMSSessionId=82 current size: 3846
[pool-18-thread-19] pick event Id=174, eMBMSSessionId=38 current size: 3845
[pool-18-thread-12] pick event Id=175, eMBMSSessionId=77 current size: 3844
[pool-18-thread-6] adds event Id=176, eMBMSSessionId=91 current size: 3844
[pool-18-thread-6] pick event Id=177, eMBMSSessionId=55 current size: 3843
[pool-18-thread-15] pick event Id=178, eMBMSSessionId=64 current size: 3842
pool-18-thread-4 reduces to 3841
[pool-18-thread-9] pick event Id=179, eMBMSSessionId=44 current size: 3840
[pool-18-thread-13] pick event Id=180, eMBMSSessionId=0 current size: 3839
[pool-18-thread-18] pick event Id=181, eMBMSSessionId=40 current size: 3838
[pool-18-thread-16] pick event Id=182, eMBMSSessionId=13 current size: 3837
[pool-18-thread-8] pick event Id=183, eMBMSSessionId=51 current size: 3836
[pool-18-thread-7] pick event Id=184, eMBMSSessionId=80 current size: 3835
[pool-18-thread-3] pick event Id=185, eMBMSSessionId=10 current size: 3834
[pool-18-thread-2] pick event Id=186, eMBMSSessionId=56 current size: 3833
[pool-18-thread-5] adds event Id=187, eMBMSSessionId=56 current size: 3833
[pool-18-thread-10] pick event Id=188, eMBMSSessionId=48 current size: 3832
[pool-18-thread-11] pick event Id=189, eMBMSSessionId=73 current size: 3831
[pool-18-thread-17] adds event Id=190, eMBMSSessionId=56 current size: 3831
[pool-18-thread-20] pick event Id=191, eMBMSSessionId=63 current size: 3830
[pool-18-thread-1] pick event Id=192, eMBMSSessionId=84 current size: 3829
[pool-18-thread-14] pick event Id=193, eMBMSSessionId=31 current size: 3828
[pool-18-thread-12] pick event Id=194, eMBMSSessionId=91 current size: 3827
[pool-18-thread-19] pick event Id=195, eMBMSSessionId=70 current size: 3826
[pool-18-thread-15] pick event Id=196, eMBMSSessionId=78 current size: 3825
[pool-18-thread-4] pick event Id=197, eMBMSSessionId=38 current size: 3824
[pool-18-thread-6] pick event Id=198, eMBMSSessionId=40 current size: 3823
[pool-18-thread-9] adds event Id=199, eMBMSSessionId=78 current size: 3823
[pool-18-thread-8] pick event Id=200, eMBMSSessionId=85 current size: 3822
[pool-18-thread-13] pick event Id=201, eMBMSSessionId=17 current size: 3821
[pool-18-thread-3] pick event Id=202, eMBMSSessionId=98 current size: 3820
[pool-18-thread-5] pick event Id=203, eMBMSSessionId=96 current size: 3819
pool-18-thread-2 reduces to 3818
[pool-18-thread-18] adds event Id=204, eMBMSSessionId=63 current size: 3818
[pool-18-thread-17] adds event Id=205, eMBMSSessionId=78 current size: 3818
[pool-18-thread-17] pick event Id=206, eMBMSSessionId=74 current size: 3817
[pool-18-thread-16] pick event Id=207, eMBMSSessionId=29 current size: 3816
pool-18-thread-20 reduces to 3815
[pool-18-thread-19] pick event Id=208, eMBMSSessionId=25 current size: 3814
pool-18-thread-15 reduces to 3813
[pool-18-thread-9] pick event Id=209, eMBMSSessionId=68 current size: 3812
[pool-18-thread-7] pick event Id=210, eMBMSSessionId=18 current size: 3811
[pool-18-thread-9] pick event Id=211, eMBMSSessionId=24 current size: 3810
[pool-18-thread-18] pick event Id=212, eMBMSSessionId=11 current size: 3809
[pool-18-thread-10] pick event Id=213, eMBMSSessionId=80 current size: 3808
pool-18-thread-2 reduces to 3807
[pool-18-thread-11] pick event Id=214, eMBMSSessionId=49 current size: 3806
[pool-18-thread-1] pick event Id=215, eMBMSSessionId=2 current size: 3805
[pool-18-thread-14] pick event Id=216, eMBMSSessionId=67 current size: 3804
[pool-18-thread-12] pick event Id=217, eMBMSSessionId=32 current size: 3803
[pool-18-thread-4] pick event Id=218, eMBMSSessionId=71 current size: 3802
pool-18-thread-15 reduces to 3801
[pool-18-thread-6] pick event Id=219, eMBMSSessionId=28 current size: 3800
[pool-18-thread-8] pick event Id=220, eMBMSSessionId=98 current size: 3799
[pool-18-thread-13] pick event Id=221, eMBMSSessionId=59 current size: 3798
[pool-18-thread-9] pick event Id=222, eMBMSSessionId=94 current size: 3797
[pool-18-thread-5] adds event Id=223, eMBMSSessionId=78 current size: 3797
[pool-18-thread-3] adds event Id=224, eMBMSSessionId=94 current size: 3797
[pool-18-thread-16] pick event Id=225, eMBMSSessionId=5 current size: 3796
[pool-18-thread-17] pick event Id=226, eMBMSSessionId=40 current size: 3795
[pool-18-thread-19] pick event Id=227, eMBMSSessionId=75 current size: 3794
[pool-18-thread-20] pick event Id=228, eMBMSSessionId=56 current size: 3793
pool-18-thread-15 reduces to 3792
[pool-18-thread-4] pick event Id=229, eMBMSSessionId=38 current size: 3791
[pool-18-thread-7] pick event Id=230, eMBMSSessionId=15 current size: 3790
[pool-18-thread-6] pick event Id=231, eMBMSSessionId=86 current size: 3789
[pool-18-thread-8] pick event Id=232, eMBMSSessionId=97 current size: 3788
[pool-18-thread-5] adds event Id=233, eMBMSSessionId=5 current size: 3788
pool-18-thread-9 reduces to 3787
[pool-18-thread-3] pick event Id=234, eMBMSSessionId=84 current size: 3786
[pool-18-thread-2] pick event Id=235, eMBMSSessionId=92 current size: 3785
pool-18-thread-16 reduces to 3784
[pool-18-thread-18] pick event Id=236, eMBMSSessionId=69 current size: 3783
[pool-18-thread-10] adds event Id=237, eMBMSSessionId=15 current size: 3783
[pool-18-thread-11] pick event Id=238, eMBMSSessionId=11 current size: 3782
[pool-18-thread-1] pick event Id=239, eMBMSSessionId=47 current size: 3781
[pool-18-thread-12] pick event Id=240, eMBMSSessionId=48 current size: 3780
[pool-18-thread-14] pick event Id=241, eMBMSSessionId=42 current size: 3779
[pool-18-thread-5] pick event Id=242, eMBMSSessionId=71 current size: 3778
pool-18-thread-7 reduces to 3777
[pool-18-thread-13] pick event Id=243, eMBMSSessionId=75 current size: 3776
[pool-18-thread-17] pick event Id=244, eMBMSSessionId=80 current size: 3775
[pool-18-thread-10] pick event Id=245, eMBMSSessionId=2 current size: 3774
[pool-18-thread-18] pick event Id=246, eMBMSSessionId=64 current size: 3773
[pool-18-thread-20] pick event Id=247, eMBMSSessionId=12 current size: 3772
[pool-18-thread-11] pick event Id=248, eMBMSSessionId=81 current size: 3771
[pool-18-thread-19] pick event Id=249, eMBMSSessionId=67 current size: 3770
[pool-18-thread-15] pick event Id=250, eMBMSSessionId=9 current size: 3769
[pool-18-thread-4] pick event Id=251, eMBMSSessionId=53 current size: 3768
[pool-18-thread-6] pick event Id=252, eMBMSSessionId=88 current size: 3767
[pool-18-thread-5] pick event Id=253, eMBMSSessionId=33 current size: 3766
[pool-18-thread-8] pick event Id=254, eMBMSSessionId=89 current size: 3765
[pool-18-thread-13] pick event Id=255, eMBMSSessionId=24 current size: 3764
[pool-18-thread-13] pick event Id=256, eMBMSSessionId=99 current size: 3763
[pool-18-thread-13] pick event Id=257, eMBMSSessionId=19 current size: 3762
[pool-18-thread-13] pick event Id=258, eMBMSSessionId=85 current size: 3761
[pool-18-thread-13] pick event Id=259, eMBMSSessionId=10 current size: 3760
[pool-18-thread-13] adds event Id=260, eMBMSSessionId=81 current size: 3760
[pool-18-thread-13] pick event Id=261, eMBMSSessionId=26 current size: 3759
[pool-18-thread-13] pick event Id=262, eMBMSSessionId=59 current size: 3758
[pool-18-thread-13] pick event Id=263, eMBMSSessionId=47 current size: 3757
[pool-18-thread-13] pick event Id=264, eMBMSSessionId=54 current size: 3756
[pool-18-thread-13] pick event Id=265, eMBMSSessionId=43 current size: 3755
[pool-18-thread-13] pick event Id=266, eMBMSSessionId=35 current size: 3754
[pool-18-thread-13] pick event Id=267, eMBMSSessionId=90 current size: 3753
[pool-18-thread-13] pick event Id=268, eMBMSSessionId=11 current size: 3752
[pool-18-thread-13] pick event Id=269, eMBMSSessionId=6 current size: 3751
[pool-18-thread-13] pick event Id=270, eMBMSSessionId=87 current size: 3750
[pool-18-thread-13] pick event Id=271, eMBMSSessionId=19 current size: 3749
[pool-18-thread-13] pick event Id=272, eMBMSSessionId=84 current size: 3748
[pool-18-thread-13] pick event Id=273, eMBMSSessionId=71 current size: 3747
[pool-18-thread-13] pick event Id=274, eMBMSSessionId=86 current size: 3746
[pool-18-thread-13] pick event Id=275, eMBMSSessionId=27 current size: 3745
[pool-18-thread-13] pick event Id=276, eMBMSSessionId=99 current size: 3744
[pool-18-thread-13] pick event Id=277, eMBMSSessionId=33 current size: 3743
[pool-18-thread-13] adds event Id=278, eMBMSSessionId=2 current size: 3743
[pool-18-thread-13] pick event Id=279, eMBMSSessionId=8 current size: 3742
[pool-18-thread-13] pick event Id=280, eMBMSSessionId=17 current size: 3741
[pool-18-thread-13] pick event Id=281, eMBMSSessionId=70 current size: 3740
[pool-18-thread-13] pick event Id=282, eMBMSSessionId=54 current size: 3739
[pool-18-thread-13] pick event Id=283, eMBMSSessionId=39 current size: 3738
[pool-18-thread-13] adds event Id=284, eMBMSSessionId=12 current size: 3738
[pool-18-thread-13] pick event Id=285, eMBMSSessionId=93 current size: 3737
[pool-18-thread-9] pick event Id=286, eMBMSSessionId=63 current size: 3736
[pool-18-thread-9] pick event Id=287, eMBMSSessionId=50 current size: 3735
[pool-18-thread-9] pick event Id=288, eMBMSSessionId=35 current size: 3734
[pool-18-thread-9] pick event Id=289, eMBMSSessionId=44 current size: 3733
[pool-18-thread-13] pick event Id=290, eMBMSSessionId=7 current size: 3732
[pool-18-thread-13] pick event Id=291, eMBMSSessionId=63 current size: 3731
[pool-18-thread-13] pick event Id=292, eMBMSSessionId=27 current size: 3730
[pool-18-thread-13] pick event Id=293, eMBMSSessionId=78 current size: 3729
[pool-18-thread-13] pick event Id=294, eMBMSSessionId=65 current size: 3728
[pool-18-thread-13] pick event Id=295, eMBMSSessionId=79 current size: 3727
[pool-18-thread-13] pick event Id=296, eMBMSSessionId=58 current size: 3726
[pool-18-thread-13] pick event Id=297, eMBMSSessionId=28 current size: 3725
[pool-18-thread-3] pick event Id=298, eMBMSSessionId=51 current size: 3724
[pool-18-thread-2] pick event Id=299, eMBMSSessionId=76 current size: 3723
[pool-18-thread-16] pick event Id=300, eMBMSSessionId=14 current size: 3722
pool-18-thread-10 reduces to 3721
[pool-18-thread-1] pick event Id=301, eMBMSSessionId=17 current size: 3720
pool-18-thread-20 reduces to 3719
[pool-18-thread-12] pick event Id=302, eMBMSSessionId=41 current size: 3718
[pool-18-thread-14] pick event Id=303, eMBMSSessionId=36 current size: 3717
pool-18-thread-11 reduces to 3716
[pool-18-thread-15] pick event Id=304, eMBMSSessionId=93 current size: 3715
[pool-18-thread-7] pick event Id=305, eMBMSSessionId=64 current size: 3714
[pool-18-thread-4] pick event Id=306, eMBMSSessionId=84 current size: 3713
[pool-18-thread-4] pick event Id=307, eMBMSSessionId=6 current size: 3712
[pool-18-thread-5] adds event Id=308, eMBMSSessionId=76 current size: 3712
[pool-18-thread-8] pick event Id=309, eMBMSSessionId=7 current size: 3711
[pool-18-thread-9] pick event Id=310, eMBMSSessionId=95 current size: 3710
pool-18-thread-2 reduces to 3709
[pool-18-thread-18] pick event Id=311, eMBMSSessionId=42 current size: 3708
[pool-18-thread-17] pick event Id=312, eMBMSSessionId=67 current size: 3707
[pool-18-thread-19] pick event Id=313, eMBMSSessionId=94 current size: 3706
[pool-18-thread-20] pick event Id=314, eMBMSSessionId=59 current size: 3705
[pool-18-thread-12] pick event Id=315, eMBMSSessionId=5 current size: 3704
[pool-18-thread-14] pick event Id=316, eMBMSSessionId=26 current size: 3703
[pool-18-thread-6] pick event Id=317, eMBMSSessionId=85 current size: 3702
[pool-18-thread-9] pick event Id=318, eMBMSSessionId=6 current size: 3701
[pool-18-thread-5] pick event Id=319, eMBMSSessionId=11 current size: 3700
[pool-18-thread-3] pick event Id=320, eMBMSSessionId=50 current size: 3699
[pool-18-thread-4] pick event Id=321, eMBMSSessionId=62 current size: 3698
[pool-18-thread-13] pick event Id=322, eMBMSSessionId=54 current size: 3697
[pool-18-thread-10] pick event Id=323, eMBMSSessionId=86 current size: 3696
[pool-18-thread-16] pick event Id=324, eMBMSSessionId=24 current size: 3695
[pool-18-thread-1] pick event Id=325, eMBMSSessionId=83 current size: 3694
[pool-18-thread-11] pick event Id=326, eMBMSSessionId=75 current size: 3693
[pool-18-thread-7] pick event Id=327, eMBMSSessionId=48 current size: 3692
[pool-18-thread-15] adds event Id=328, eMBMSSessionId=75 current size: 3692
[pool-18-thread-12] adds event Id=329, eMBMSSessionId=24 current size: 3692
[pool-18-thread-8] pick event Id=330, eMBMSSessionId=30 current size: 3691
[pool-18-thread-2] pick event Id=331, eMBMSSessionId=41 current size: 3690
[pool-18-thread-18] pick event Id=332, eMBMSSessionId=6 current size: 3689
[pool-18-thread-17] pick event Id=333, eMBMSSessionId=18 current size: 3688
[pool-18-thread-10] pick event Id=334, eMBMSSessionId=25 current size: 3687
[pool-18-thread-10] pick event Id=335, eMBMSSessionId=34 current size: 3686
[pool-18-thread-10] pick event Id=336, eMBMSSessionId=52 current size: 3685
[pool-18-thread-20] pick event Id=337, eMBMSSessionId=53 current size: 3684
[pool-18-thread-19] pick event Id=338, eMBMSSessionId=4 current size: 3683
pool-18-thread-16 reduces to 3682
[pool-18-thread-1] pick event Id=339, eMBMSSessionId=34 current size: 3681
[pool-18-thread-6] pick event Id=340, eMBMSSessionId=27 current size: 3680
[pool-18-thread-14] pick event Id=341, eMBMSSessionId=72 current size: 3679
pool-18-thread-11 reduces to 3678
[pool-18-thread-15] pick event Id=342, eMBMSSessionId=79 current size: 3677
[pool-18-thread-9] pick event Id=343, eMBMSSessionId=15 current size: 3676
[pool-18-thread-6] pick event Id=344, eMBMSSessionId=28 current size: 3675
[pool-18-thread-12] adds event Id=345, eMBMSSessionId=18 current size: 3675
[pool-18-thread-12] pick event Id=346, eMBMSSessionId=68 current size: 3674
[pool-18-thread-5] pick event Id=347, eMBMSSessionId=1 current size: 3673
[pool-18-thread-13] pick event Id=348, eMBMSSessionId=84 current size: 3672
[pool-18-thread-4] pick event Id=349, eMBMSSessionId=95 current size: 3671
[pool-18-thread-4] adds event Id=350, eMBMSSessionId=52 current size: 3671
[pool-18-thread-4] adds event Id=351, eMBMSSessionId=72 current size: 3671
[pool-18-thread-4] pick event Id=352, eMBMSSessionId=61 current size: 3670
[pool-18-thread-12] pick event Id=353, eMBMSSessionId=14 current size: 3669
[pool-18-thread-12] pick event Id=354, eMBMSSessionId=37 current size: 3668
[pool-18-thread-3] pick event Id=355, eMBMSSessionId=7 current size: 3667
pool-18-thread-17 reduces to 3666
pool-18-thread-10 reduces to 3665
[pool-18-thread-19] pick event Id=356, eMBMSSessionId=25 current size: 3664
pool-18-thread-14 reduces to 3663
[pool-18-thread-9] pick event Id=357, eMBMSSessionId=68 current size: 3662
[pool-18-thread-9] pick event Id=358, eMBMSSessionId=30 current size: 3661
[pool-18-thread-9] pick event Id=359, eMBMSSessionId=10 current size: 3660
[pool-18-thread-7] pick event Id=360, eMBMSSessionId=77 current size: 3659
[pool-18-thread-1] pick event Id=361, eMBMSSessionId=31 current size: 3658
[pool-18-thread-6] pick event Id=362, eMBMSSessionId=74 current size: 3657
[pool-18-thread-14] pick event Id=363, eMBMSSessionId=32 current size: 3656
[pool-18-thread-14] pick event Id=364, eMBMSSessionId=82 current size: 3655
[pool-18-thread-14] pick event Id=365, eMBMSSessionId=24 current size: 3654
[pool-18-thread-2] pick event Id=366, eMBMSSessionId=19 current size: 3653
[pool-18-thread-8] pick event Id=367, eMBMSSessionId=14 current size: 3652
[pool-18-thread-12] pick event Id=368, eMBMSSessionId=0 current size: 3651
[pool-18-thread-18] pick event Id=369, eMBMSSessionId=89 current size: 3650
[pool-18-thread-20] adds event Id=370, eMBMSSessionId=19 current size: 3650
[pool-18-thread-20] pick event Id=371, eMBMSSessionId=53 current size: 3649
[pool-18-thread-16] pick event Id=372, eMBMSSessionId=71 current size: 3648
[pool-18-thread-16] pick event Id=373, eMBMSSessionId=50 current size: 3647
[pool-18-thread-16] pick event Id=374, eMBMSSessionId=63 current size: 3646
[pool-18-thread-16] pick event Id=375, eMBMSSessionId=79 current size: 3645
[pool-18-thread-16] pick event Id=376, eMBMSSessionId=18 current size: 3644
[pool-18-thread-16] pick event Id=377, eMBMSSessionId=76 current size: 3643
[pool-18-thread-16] pick event Id=378, eMBMSSessionId=48 current size: 3642
[pool-18-thread-16] pick event Id=379, eMBMSSessionId=5 current size: 3641
[pool-18-thread-16] pick event Id=380, eMBMSSessionId=69 current size: 3640
[pool-18-thread-20] pick event Id=381, eMBMSSessionId=9 current size: 3639
[pool-18-thread-16] pick event Id=382, eMBMSSessionId=47 current size: 3638
[pool-18-thread-11] pick event Id=383, eMBMSSessionId=88 current size: 3637
[pool-18-thread-15] pick event Id=384, eMBMSSessionId=15 current size: 3636
[pool-18-thread-19] pick event Id=385, eMBMSSessionId=72 current size: 3635
[pool-18-thread-19] pick event Id=386, eMBMSSessionId=52 current size: 3634
[pool-18-thread-19] adds event Id=387, eMBMSSessionId=74 current size: 3634
[pool-18-thread-19] adds event Id=388, eMBMSSessionId=74 current size: 3634
pool-18-thread-6 reduces to 3633
pool-18-thread-6 reduces to 3632
[pool-18-thread-6] pick event Id=389, eMBMSSessionId=21 current size: 3631
[pool-18-thread-1] pick event Id=390, eMBMSSessionId=18 current size: 3630
[pool-18-thread-13] pick event Id=391, eMBMSSessionId=36 current size: 3629
[pool-18-thread-7] pick event Id=392, eMBMSSessionId=10 current size: 3628
[pool-18-thread-4] pick event Id=393, eMBMSSessionId=96 current size: 3627
[pool-18-thread-5] pick event Id=394, eMBMSSessionId=75 current size: 3626
[pool-18-thread-14] pick event Id=395, eMBMSSessionId=99 current size: 3625
[pool-18-thread-3] pick event Id=396, eMBMSSessionId=8 current size: 3624
pool-18-thread-2 reduces to 3623
[pool-18-thread-17] pick event Id=397, eMBMSSessionId=79 current size: 3622
[pool-18-thread-18] adds event Id=398, eMBMSSessionId=75 current size: 3622
[pool-18-thread-10] pick event Id=399, eMBMSSessionId=35 current size: 3621
[pool-18-thread-19] pick event Id=400, eMBMSSessionId=5 current size: 3620
[pool-18-thread-9] pick event Id=401, eMBMSSessionId=29 current size: 3619
pool-18-thread-5 reduces to 3618
[pool-18-thread-8] pick event Id=402, eMBMSSessionId=88 current size: 3617
[pool-18-thread-12] pick event Id=403, eMBMSSessionId=56 current size: 3616
[pool-18-thread-18] pick event Id=404, eMBMSSessionId=13 current size: 3615
[pool-18-thread-20] pick event Id=405, eMBMSSessionId=26 current size: 3614
[pool-18-thread-16] pick event Id=406, eMBMSSessionId=33 current size: 3613
[pool-18-thread-15] pick event Id=407, eMBMSSessionId=80 current size: 3612
[pool-18-thread-11] pick event Id=408, eMBMSSessionId=44 current size: 3611
[pool-18-thread-7] pick event Id=409, eMBMSSessionId=97 current size: 3610
[pool-18-thread-6] pick event Id=410, eMBMSSessionId=51 current size: 3609
[pool-18-thread-1] pick event Id=411, eMBMSSessionId=47 current size: 3608
[pool-18-thread-4] pick event Id=412, eMBMSSessionId=84 current size: 3607
[pool-18-thread-14] adds event Id=413, eMBMSSessionId=47 current size: 3607
[pool-18-thread-14] pick event Id=414, eMBMSSessionId=65 current size: 3606
[pool-18-thread-13] pick event Id=415, eMBMSSessionId=83 current size: 3605
[pool-18-thread-3] pick event Id=416, eMBMSSessionId=53 current size: 3604
[pool-18-thread-17] pick event Id=417, eMBMSSessionId=55 current size: 3603
[pool-18-thread-5] adds event Id=418, eMBMSSessionId=80 current size: 3603
[pool-18-thread-10] pick event Id=419, eMBMSSessionId=91 current size: 3602
[pool-18-thread-18] pick event Id=420, eMBMSSessionId=38 current size: 3601
[pool-18-thread-16] pick event Id=421, eMBMSSessionId=50 current size: 3600
[pool-18-thread-2] pick event Id=422, eMBMSSessionId=27 current size: 3599
[pool-18-thread-19] pick event Id=423, eMBMSSessionId=14 current size: 3598
[pool-18-thread-9] pick event Id=424, eMBMSSessionId=0 current size: 3597
pool-18-thread-1 reduces to 3596
pool-18-thread-15 reduces to 3595
[pool-18-thread-14] pick event Id=425, eMBMSSessionId=39 current size: 3594
[pool-18-thread-8] pick event Id=426, eMBMSSessionId=42 current size: 3593
[pool-18-thread-4] pick event Id=427, eMBMSSessionId=12 current size: 3592
[pool-18-thread-3] pick event Id=428, eMBMSSessionId=62 current size: 3591
[pool-18-thread-20] pick event Id=429, eMBMSSessionId=71 current size: 3590
[pool-18-thread-5] pick event Id=430, eMBMSSessionId=9 current size: 3589
[pool-18-thread-12] adds event Id=431, eMBMSSessionId=38 current size: 3589
pool-18-thread-18 reduces to 3588
[pool-18-thread-7] pick event Id=432, eMBMSSessionId=11 current size: 3587
[pool-18-thread-11] pick event Id=433, eMBMSSessionId=76 current size: 3586
[pool-18-thread-6] pick event Id=434, eMBMSSessionId=96 current size: 3585
[pool-18-thread-9] pick event Id=435, eMBMSSessionId=15 current size: 3584
[pool-18-thread-6] pick event Id=436, eMBMSSessionId=5 current size: 3583
[pool-18-thread-13] pick event Id=437, eMBMSSessionId=61 current size: 3582
[pool-18-thread-17] pick event Id=438, eMBMSSessionId=10 current size: 3581
[pool-18-thread-12] pick event Id=439, eMBMSSessionId=28 current size: 3580
[pool-18-thread-10] pick event Id=440, eMBMSSessionId=79 current size: 3579
[pool-18-thread-16] adds event Id=441, eMBMSSessionId=76 current size: 3579
[pool-18-thread-2] pick event Id=442, eMBMSSessionId=86 current size: 3578
[pool-18-thread-18] pick event Id=443, eMBMSSessionId=65 current size: 3577
[pool-18-thread-19] pick event Id=444, eMBMSSessionId=58 current size: 3576
pool-18-thread-11 reduces to 3575
[pool-18-thread-1] pick event Id=445, eMBMSSessionId=43 current size: 3574
[pool-18-thread-14] pick event Id=446, eMBMSSessionId=32 current size: 3573
[pool-18-thread-15] pick event Id=447, eMBMSSessionId=70 current size: 3572
[pool-18-thread-8] pick event Id=448, eMBMSSessionId=49 current size: 3571
[pool-18-thread-4] pick event Id=449, eMBMSSessionId=56 current size: 3570
[pool-18-thread-3] pick event Id=450, eMBMSSessionId=25 current size: 3569
[pool-18-thread-5] pick event Id=451, eMBMSSessionId=17 current size: 3568
[pool-18-thread-16] pick event Id=452, eMBMSSessionId=50 current size: 3567
[pool-18-thread-20] pick event Id=453, eMBMSSessionId=51 current size: 3566
[pool-18-thread-7] pick event Id=454, eMBMSSessionId=77 current size: 3565
[pool-18-thread-9] adds event Id=455, eMBMSSessionId=17 current size: 3565
[pool-18-thread-6] pick event Id=456, eMBMSSessionId=26 current size: 3564
[pool-18-thread-13] pick event Id=457, eMBMSSessionId=62 current size: 3563
[pool-18-thread-17] pick event Id=458, eMBMSSessionId=2 current size: 3562
[pool-18-thread-10] pick event Id=459, eMBMSSessionId=88 current size: 3561
pool-18-thread-5 reduces to 3560
[pool-18-thread-12] pick event Id=460, eMBMSSessionId=45 current size: 3559
[pool-18-thread-2] pick event Id=461, eMBMSSessionId=44 current size: 3558
[pool-18-thread-19] pick event Id=462, eMBMSSessionId=70 current size: 3557
[pool-18-thread-9] pick event Id=463, eMBMSSessionId=10 current size: 3556
[pool-18-thread-18] pick event Id=464, eMBMSSessionId=95 current size: 3555
[pool-18-thread-11] pick event Id=465, eMBMSSessionId=87 current size: 3554
[pool-18-thread-1] pick event Id=466, eMBMSSessionId=55 current size: 3553
[pool-18-thread-14] pick event Id=467, eMBMSSessionId=42 current size: 3552
[pool-18-thread-15] pick event Id=468, eMBMSSessionId=11 current size: 3551
[pool-18-thread-4] pick event Id=469, eMBMSSessionId=18 current size: 3550
[pool-18-thread-8] pick event Id=470, eMBMSSessionId=90 current size: 3549
[pool-18-thread-17] adds event Id=471, eMBMSSessionId=11 current size: 3549
[pool-18-thread-17] pick event Id=472, eMBMSSessionId=29 current size: 3548
[pool-18-thread-10] pick event Id=473, eMBMSSessionId=27 current size: 3547
[pool-18-thread-3] adds event Id=474, eMBMSSessionId=45 current size: 3547
[pool-18-thread-5] pick event Id=475, eMBMSSessionId=72 current size: 3546
[pool-18-thread-16] pick event Id=476, eMBMSSessionId=50 current size: 3545
[pool-18-thread-7] pick event Id=477, eMBMSSessionId=34 current size: 3544
pool-18-thread-12 reduces to 3543
[pool-18-thread-20] pick event Id=478, eMBMSSessionId=59 current size: 3542
[pool-18-thread-19] pick event Id=479, eMBMSSessionId=4 current size: 3541
[pool-18-thread-6] adds event Id=480, eMBMSSessionId=45 current size: 3541
[pool-18-thread-6] pick event Id=481, eMBMSSessionId=82 current size: 3540
[pool-18-thread-14] adds event Id=482, eMBMSSessionId=18 current size: 3540
[pool-18-thread-13] pick event Id=483, eMBMSSessionId=26 current size: 3539
pool-18-thread-15 reduces to 3538
pool-18-thread-4 reduces to 3537
[pool-18-thread-3] pick event Id=484, eMBMSSessionId=23 current size: 3536
[pool-18-thread-2] pick event Id=485, eMBMSSessionId=48 current size: 3535
[pool-18-thread-16] pick event Id=486, eMBMSSessionId=29 current size: 3534
pool-18-thread-12 reduces to 3533
[pool-18-thread-18] pick event Id=487, eMBMSSessionId=96 current size: 3532
[pool-18-thread-11] pick event Id=488, eMBMSSessionId=68 current size: 3531
[pool-18-thread-9] pick event Id=489, eMBMSSessionId=63 current size: 3530
[pool-18-thread-1] adds event Id=490, eMBMSSessionId=4 current size: 3530
[pool-18-thread-14] pick event Id=491, eMBMSSessionId=35 current size: 3529
[pool-18-thread-8] adds event Id=492, eMBMSSessionId=48 current size: 3529
pool-18-thread-19 reduces to 3528
[pool-18-thread-17] pick event Id=493, eMBMSSessionId=51 current size: 3527
[pool-18-thread-10] pick event Id=494, eMBMSSessionId=60 current size: 3526
pool-18-thread-2 reduces to 3525
[pool-18-thread-4] pick event Id=495, eMBMSSessionId=55 current size: 3524
[pool-18-thread-5] adds event Id=496, eMBMSSessionId=4 current size: 3524
[pool-18-thread-5] pick event Id=497, eMBMSSessionId=30 current size: 3523
[pool-18-thread-7] adds event Id=498, eMBMSSessionId=68 current size: 3523
[pool-18-thread-7] pick event Id=499, eMBMSSessionId=1 current size: 3522
[pool-18-thread-3] pick event Id=500, eMBMSSessionId=78 current size: 3521
[pool-18-thread-20] pick event Id=501, eMBMSSessionId=13 current size: 3520
pool-18-thread-11 reduces to 3519
[pool-18-thread-1] pick event Id=502, eMBMSSessionId=57 current size: 3518
[pool-18-thread-8] pick event Id=503, eMBMSSessionId=31 current size: 3517
[pool-18-thread-6] pick event Id=504, eMBMSSessionId=25 current size: 3516
[pool-18-thread-15] pick event Id=505, eMBMSSessionId=71 current size: 3515
pool-18-thread-19 reduces to 3514
[pool-18-thread-13] pick event Id=506, eMBMSSessionId=99 current size: 3513
[pool-18-thread-2] pick event Id=507, eMBMSSessionId=16 current size: 3512
[pool-18-thread-10] pick event Id=508, eMBMSSessionId=58 current size: 3511
[pool-18-thread-18] pick event Id=509, eMBMSSessionId=41 current size: 3510
[pool-18-thread-12] pick event Id=510, eMBMSSessionId=49 current size: 3509
[pool-18-thread-16] pick event Id=511, eMBMSSessionId=46 current size: 3508
[pool-18-thread-9] pick event Id=512, eMBMSSessionId=96 current size: 3507
[pool-18-thread-14] pick event Id=513, eMBMSSessionId=66 current size: 3506
[pool-18-thread-8] pick event Id=514, eMBMSSessionId=68 current size: 3505
[pool-18-thread-17] pick event Id=515, eMBMSSessionId=60 current size: 3504
[pool-18-thread-10] pick event Id=516, eMBMSSessionId=62 current size: 3503
[pool-18-thread-4] pick event Id=517, eMBMSSessionId=78 current size: 3502
[pool-18-thread-7] pick event Id=518, eMBMSSessionId=33 current size: 3501
[pool-18-thread-5] adds event Id=519, eMBMSSessionId=96 current size: 3501
testOverload end.
testFull begin.
[pool-19-thread-2] pick event Id=0, eMBMSSessionId=23 current size: 4998
[pool-19-thread-4] pick event Id=1, eMBMSSessionId=39 current size: 4997
[pool-19-thread-3] pick event Id=2, eMBMSSessionId=51 current size: 4996
[pool-19-thread-1] pick event Id=3, eMBMSSessionId=75 current size: 4995
[pool-19-thread-5] pick event Id=4, eMBMSSessionId=2 current size: 4994
[pool-19-thread-6] pick event Id=5, eMBMSSessionId=28 current size: 4993
[pool-19-thread-7] pick event Id=6, eMBMSSessionId=38 current size: 4992
[pool-19-thread-8] pick event Id=7, eMBMSSessionId=47 current size: 4991
[pool-19-thread-9] pick event Id=8, eMBMSSessionId=99 current size: 4990
[pool-19-thread-10] pick event Id=9, eMBMSSessionId=90 current size: 4989
[pool-19-thread-11] pick event Id=10, eMBMSSessionId=18 current size: 4988
[pool-19-thread-12] pick event Id=11, eMBMSSessionId=3 current size: 4987
[pool-19-thread-13] pick event Id=12, eMBMSSessionId=12 current size: 4986
[pool-19-thread-14] pick event Id=13, eMBMSSessionId=10 current size: 4985
[pool-19-thread-15] adds event Id=14, eMBMSSessionId=47 current size: 4985
[pool-19-thread-16] pick event Id=15, eMBMSSessionId=85 current size: 4984
[pool-19-thread-18] pick event Id=16, eMBMSSessionId=42 current size: 4983
[pool-19-thread-17] pick event Id=17, eMBMSSessionId=7 current size: 4982
[pool-19-thread-19] pick event Id=18, eMBMSSessionId=14 current size: 4981
[pool-19-thread-20] adds event Id=19, eMBMSSessionId=12 current size: 4981
[pool-19-thread-15] adds event Id=20, eMBMSSessionId=23 current size: 4981
[pool-19-thread-20] pick event Id=21, eMBMSSessionId=48 current size: 4980
[pool-19-thread-15] adds event Id=22, eMBMSSessionId=23 current size: 4980
[pool-19-thread-15] pick event Id=23, eMBMSSessionId=89 current size: 4979
event queue is full, will clear all data!
NbiEventCache is cleared with total events removed: 5029
testFull end.
2 times run start
testEventSequence begin.
testEventSequence end.
testSendRadomEmbmsSessionEvents begin.
testSendRadomEmbmsSessionEvents end.
testSendSameEmbmsSessionEvents begin.
testSendSameEmbmsSessionEvents end.
testSendNoSameEmbmsSessionEvents begin.
testSendNoSameEmbmsSessionEvents end.
testSendNoEmbmsSessionIdEvents begin.
testSendNoEmbmsSessionIdEvents end.
testOverload begin.
[pool-27-thread-1] pick event Id=0, eMBMSSessionId=29 current size: 4019
[pool-27-thread-4] pick event Id=1, eMBMSSessionId=69 current size: 4018
[pool-27-thread-2] pick event Id=2, eMBMSSessionId=12 current size: 4017
pool-27-thread-4 Discard NBI event &apos; Id=1, eMBMSSessionId=69&apos;, current queue size: 4017
[pool-27-thread-3] pick event Id=3, eMBMSSessionId=21 current size: 4016
pool-27-thread-1 Discard NBI event &apos; Id=0, eMBMSSessionId=29&apos;, current queue size: 4017
pool-27-thread-2 Discard NBI event &apos; Id=2, eMBMSSessionId=12&apos;, current queue size: 4016
[pool-27-thread-5] pick event Id=4, eMBMSSessionId=20 current size: 4015
[pool-27-thread-6] pick event Id=5, eMBMSSessionId=27 current size: 4014
pool-27-thread-3 Discard NBI event &apos; Id=3, eMBMSSessionId=21&apos;, current queue size: 4014
[pool-27-thread-7] pick event Id=6, eMBMSSessionId=66 current size: 4013
pool-27-thread-5 Discard NBI event &apos; Id=4, eMBMSSessionId=20&apos;, current queue size: 4013
[pool-27-thread-8] pick event Id=7, eMBMSSessionId=25 current size: 4012
[pool-27-thread-9] pick event Id=8, eMBMSSessionId=33 current size: 4011
pool-27-thread-7 Discard NBI event &apos; Id=6, eMBMSSessionId=66&apos;, current queue size: 4011
[pool-27-thread-10] adds event Id=9, eMBMSSessionId=66 current size: 4011
pool-27-thread-8 Discard NBI event &apos; Id=7, eMBMSSessionId=25&apos;, current queue size: 4011
[pool-27-thread-11] pick event Id=10, eMBMSSessionId=5 current size: 4010
pool-27-thread-6 Discard NBI event &apos; Id=5, eMBMSSessionId=27&apos;, current queue size: 4011
pool-27-thread-9 Discard NBI event &apos; Id=8, eMBMSSessionId=33&apos;, current queue size: 4011
[pool-27-thread-12] pick event Id=11, eMBMSSessionId=98 current size: 4009
pool-27-thread-11 Discard NBI event &apos; Id=10, eMBMSSessionId=5&apos;, current queue size: 4009
[pool-27-thread-14] pick event Id=12, eMBMSSessionId=68 current size: 4008
[pool-27-thread-13] pick event Id=13, eMBMSSessionId=4 current size: 4007
[pool-27-thread-15] pick event Id=14, eMBMSSessionId=43 current size: 4006
pool-27-thread-14 Discard NBI event &apos; Id=12, eMBMSSessionId=68&apos;, current queue size: 4007
pool-27-thread-12 Discard NBI event &apos; Id=11, eMBMSSessionId=98&apos;, current queue size: 4007
pool-27-thread-13 Discard NBI event &apos; Id=13, eMBMSSessionId=4&apos;, current queue size: 4006
[pool-27-thread-16] pick event Id=15, eMBMSSessionId=11 current size: 4005
pool-27-thread-15 Discard NBI event &apos; Id=14, eMBMSSessionId=43&apos;, current queue size: 4005
pool-27-thread-7 reduces to 4004
[pool-27-thread-17] adds event Id=16, eMBMSSessionId=68 current size: 4004
pool-27-thread-16 Discard NBI event &apos; Id=15, eMBMSSessionId=11&apos;, current queue size: 4004
[pool-27-thread-18] pick event Id=17, eMBMSSessionId=93 current size: 4003
pool-27-thread-18 Discard NBI event &apos; Id=17, eMBMSSessionId=93&apos;, current queue size: 4003
[pool-27-thread-19] pick event Id=18, eMBMSSessionId=57 current size: 4002
pool-27-thread-7 Discard NBI event &apos; Id=9, eMBMSSessionId=66&apos;, current queue size: 4002
[pool-27-thread-2] pick event Id=19, eMBMSSessionId=37 current size: 4001
[pool-27-thread-20] pick event Id=20, eMBMSSessionId=28 current size: 4000
pool-27-thread-2 Discard NBI event &apos; Id=19, eMBMSSessionId=37&apos;, current queue size: 4000
pool-27-thread-14 reduces to 3999
pool-27-thread-19 Discard NBI event &apos; Id=18, eMBMSSessionId=57&apos;, current queue size: 3999
[pool-27-thread-1] pick event Id=21, eMBMSSessionId=2 current size: 3998
[pool-27-thread-10] pick event Id=22, eMBMSSessionId=12 current size: 3997
pool-27-thread-20 Discard NBI event &apos; Id=20, eMBMSSessionId=28&apos;, current queue size: 3998
[pool-27-thread-4] pick event Id=23, eMBMSSessionId=87 current size: 3996
[pool-27-thread-17] pick event Id=24, eMBMSSessionId=65 current size: 3995
[pool-27-thread-5] pick event Id=25, eMBMSSessionId=82 current size: 3994
[pool-27-thread-3] pick event Id=26, eMBMSSessionId=35 current size: 3993
[pool-27-thread-8] pick event Id=27, eMBMSSessionId=49 current size: 3992
[pool-27-thread-9] pick event Id=28, eMBMSSessionId=53 current size: 3991
[pool-27-thread-6] pick event Id=29, eMBMSSessionId=88 current size: 3990
[pool-27-thread-11] adds event Id=30, eMBMSSessionId=88 current size: 3990
[pool-27-thread-12] pick event Id=31, eMBMSSessionId=57 current size: 3989
[pool-27-thread-13] pick event Id=32, eMBMSSessionId=76 current size: 3988
[pool-27-thread-15] pick event Id=33, eMBMSSessionId=15 current size: 3987
[pool-27-thread-16] pick event Id=34, eMBMSSessionId=98 current size: 3986
[pool-27-thread-18] pick event Id=35, eMBMSSessionId=45 current size: 3985
[pool-27-thread-7] pick event Id=36, eMBMSSessionId=42 current size: 3984
[pool-27-thread-2] pick event Id=37, eMBMSSessionId=77 current size: 3983
[pool-27-thread-19] pick event Id=38, eMBMSSessionId=87 current size: 3982
[pool-27-thread-20] pick event Id=39, eMBMSSessionId=61 current size: 3981
pool-27-thread-6 reduces to 3980
[pool-27-thread-10] adds event Id=40, eMBMSSessionId=77 current size: 3980
[pool-27-thread-14] pick event Id=41, eMBMSSessionId=71 current size: 3979
[pool-27-thread-1] pick event Id=42, eMBMSSessionId=56 current size: 3978
[pool-27-thread-11] pick event Id=43, eMBMSSessionId=90 current size: 3977
[pool-27-thread-4] pick event Id=44, eMBMSSessionId=53 current size: 3976
[pool-27-thread-17] pick event Id=45, eMBMSSessionId=29 current size: 3975
[pool-27-thread-3] pick event Id=46, eMBMSSessionId=26 current size: 3974
[pool-27-thread-5] adds event Id=47, eMBMSSessionId=26 current size: 3974
pool-27-thread-2 reduces to 3973
[pool-27-thread-8] pick event Id=48, eMBMSSessionId=37 current size: 3972
[pool-27-thread-9] pick event Id=49, eMBMSSessionId=22 current size: 3971
[pool-27-thread-10] pick event Id=50, eMBMSSessionId=34 current size: 3970
[pool-27-thread-12] adds event Id=51, eMBMSSessionId=34 current size: 3970
[pool-27-thread-13] pick event Id=52, eMBMSSessionId=8 current size: 3969
[pool-27-thread-16] pick event Id=53, eMBMSSessionId=20 current size: 3968
[pool-27-thread-15] pick event Id=54, eMBMSSessionId=46 current size: 3967
[pool-27-thread-5] adds event Id=55, eMBMSSessionId=77 current size: 3967
pool-27-thread-3 reduces to 3966
[pool-27-thread-18] pick event Id=56, eMBMSSessionId=30 current size: 3965
pool-27-thread-2 reduces to 3964
[pool-27-thread-19] adds event Id=57, eMBMSSessionId=30 current size: 3964
[pool-27-thread-7] pick event Id=58, eMBMSSessionId=91 current size: 3963
[pool-27-thread-6] adds event Id=59, eMBMSSessionId=30 current size: 3963
[pool-27-thread-20] pick event Id=60, eMBMSSessionId=6 current size: 3962
pool-27-thread-10 reduces to 3961
[pool-27-thread-1] pick event Id=61, eMBMSSessionId=12 current size: 3960
[pool-27-thread-14] pick event Id=62, eMBMSSessionId=35 current size: 3959
[pool-27-thread-12] pick event Id=63, eMBMSSessionId=61 current size: 3958
[pool-27-thread-11] pick event Id=64, eMBMSSessionId=74 current size: 3957
[pool-27-thread-4] pick event Id=65, eMBMSSessionId=47 current size: 3956
[pool-27-thread-13] pick event Id=66, eMBMSSessionId=64 current size: 3955
[pool-27-thread-17] pick event Id=67, eMBMSSessionId=65 current size: 3954
[pool-27-thread-15] pick event Id=68, eMBMSSessionId=85 current size: 3953
[pool-27-thread-5] pick event Id=69, eMBMSSessionId=21 current size: 3952
pool-27-thread-18 reduces to 3951
[pool-27-thread-19] pick event Id=70, eMBMSSessionId=67 current size: 3950
[pool-27-thread-8] adds event Id=71, eMBMSSessionId=74 current size: 3950
[pool-27-thread-2] adds event Id=72, eMBMSSessionId=64 current size: 3950
[pool-27-thread-8] pick event Id=73, eMBMSSessionId=63 current size: 3949
[pool-27-thread-6] adds event Id=74, eMBMSSessionId=47 current size: 3949
[pool-27-thread-9] pick event Id=75, eMBMSSessionId=94 current size: 3948
[pool-27-thread-6] adds event Id=76, eMBMSSessionId=47 current size: 3948
pool-27-thread-11 reduces to 3947
[pool-27-thread-16] pick event Id=77, eMBMSSessionId=31 current size: 3946
pool-27-thread-13 reduces to 3945
pool-27-thread-4 reduces to 3944
[pool-27-thread-3] pick event Id=78, eMBMSSessionId=86 current size: 3943
pool-27-thread-18 reduces to 3942
[pool-27-thread-7] pick event Id=79, eMBMSSessionId=93 current size: 3941
[pool-27-thread-2] pick event Id=80, eMBMSSessionId=15 current size: 3940
[pool-27-thread-6] adds event Id=81, eMBMSSessionId=31 current size: 3940
[pool-27-thread-10] adds event Id=82, eMBMSSessionId=31 current size: 3940
[pool-27-thread-20] pick event Id=83, eMBMSSessionId=45 current size: 3939
[pool-27-thread-1] pick event Id=84, eMBMSSessionId=7 current size: 3938
[pool-27-thread-12] pick event Id=85, eMBMSSessionId=43 current size: 3937
[pool-27-thread-14] pick event Id=86, eMBMSSessionId=89 current size: 3936
pool-27-thread-16 reduces to 3935
[pool-27-thread-17] pick event Id=87, eMBMSSessionId=17 current size: 3934
[pool-27-thread-15] pick event Id=88, eMBMSSessionId=92 current size: 3933
pool-27-thread-4 reduces to 3932
[pool-27-thread-5] pick event Id=89, eMBMSSessionId=64 current size: 3931
[pool-27-thread-19] pick event Id=90, eMBMSSessionId=23 current size: 3930
[pool-27-thread-8] pick event Id=91, eMBMSSessionId=14 current size: 3929
[pool-27-thread-6] pick event Id=92, eMBMSSessionId=79 current size: 3928
[pool-27-thread-9] pick event Id=93, eMBMSSessionId=1 current size: 3927
[pool-27-thread-10] pick event Id=94, eMBMSSessionId=69 current size: 3926
[pool-27-thread-11] adds event Id=95, eMBMSSessionId=17 current size: 3926
[pool-27-thread-1] pick event Id=96, eMBMSSessionId=49 current size: 3925
pool-27-thread-16 reduces to 3924
[pool-27-thread-13] pick event Id=97, eMBMSSessionId=30 current size: 3923
pool-27-thread-17 reduces to 3922
[pool-27-thread-18] pick event Id=98, eMBMSSessionId=68 current size: 3921
[pool-27-thread-3] pick event Id=99, eMBMSSessionId=56 current size: 3920
[pool-27-thread-7] adds event Id=100, eMBMSSessionId=17 current size: 3920
[pool-27-thread-2] pick event Id=101, eMBMSSessionId=36 current size: 3919
[pool-27-thread-19] pick event Id=102, eMBMSSessionId=74 current size: 3918
[pool-27-thread-8] pick event Id=103, eMBMSSessionId=11 current size: 3917
[pool-27-thread-20] pick event Id=104, eMBMSSessionId=90 current size: 3916
[pool-27-thread-11] pick event Id=105, eMBMSSessionId=35 current size: 3915
[pool-27-thread-14] pick event Id=106, eMBMSSessionId=81 current size: 3914
[pool-27-thread-12] pick event Id=107, eMBMSSessionId=87 current size: 3913
[pool-27-thread-15] adds event Id=108, eMBMSSessionId=11 current size: 3913
[pool-27-thread-15] pick event Id=109, eMBMSSessionId=73 current size: 3912
pool-27-thread-17 reduces to 3911
[pool-27-thread-4] adds event Id=110, eMBMSSessionId=90 current size: 3911
[pool-27-thread-7] pick event Id=111, eMBMSSessionId=33 current size: 3910
[pool-27-thread-5] pick event Id=112, eMBMSSessionId=18 current size: 3909
pool-27-thread-8 reduces to 3908
[pool-27-thread-6] pick event Id=113, eMBMSSessionId=16 current size: 3907
[pool-27-thread-9] pick event Id=114, eMBMSSessionId=14 current size: 3906
pool-27-thread-20 reduces to 3905
[pool-27-thread-10] pick event Id=115, eMBMSSessionId=46 current size: 3904
[pool-27-thread-1] pick event Id=116, eMBMSSessionId=57 current size: 3903
[pool-27-thread-16] pick event Id=117, eMBMSSessionId=35 current size: 3902
[pool-27-thread-13] pick event Id=118, eMBMSSessionId=65 current size: 3901
[pool-27-thread-3] pick event Id=119, eMBMSSessionId=32 current size: 3900
[pool-27-thread-4] pick event Id=120, eMBMSSessionId=28 current size: 3899
[pool-27-thread-18] pick event Id=121, eMBMSSessionId=59 current size: 3898
[pool-27-thread-2] adds event Id=122, eMBMSSessionId=59 current size: 3898
[pool-27-thread-19] pick event Id=123, eMBMSSessionId=37 current size: 3897
[pool-27-thread-4] pick event Id=124, eMBMSSessionId=95 current size: 3896
[pool-27-thread-11] pick event Id=125, eMBMSSessionId=39 current size: 3895
[pool-27-thread-12] pick event Id=126, eMBMSSessionId=0 current size: 3894
[pool-27-thread-14] pick event Id=127, eMBMSSessionId=75 current size: 3893
[pool-27-thread-15] pick event Id=128, eMBMSSessionId=47 current size: 3892
[pool-27-thread-17] pick event Id=129, eMBMSSessionId=91 current size: 3891
[pool-27-thread-7] pick event Id=130, eMBMSSessionId=19 current size: 3890
pool-27-thread-18 reduces to 3889
[pool-27-thread-2] pick event Id=131, eMBMSSessionId=87 current size: 3888
[pool-27-thread-19] pick event Id=132, eMBMSSessionId=10 current size: 3887
[pool-27-thread-5] pick event Id=133, eMBMSSessionId=22 current size: 3886
[pool-27-thread-8] pick event Id=134, eMBMSSessionId=56 current size: 3885
[pool-27-thread-9] adds event Id=135, eMBMSSessionId=0 current size: 3885
[pool-27-thread-20] pick event Id=136, eMBMSSessionId=16 current size: 3884
[pool-27-thread-6] pick event Id=137, eMBMSSessionId=50 current size: 3883
[pool-27-thread-10] pick event Id=138, eMBMSSessionId=68 current size: 3882
pool-27-thread-12 reduces to 3881
[pool-27-thread-1] adds event Id=139, eMBMSSessionId=0 current size: 3881
[pool-27-thread-16] pick event Id=140, eMBMSSessionId=81 current size: 3880
[pool-27-thread-13] adds event Id=141, eMBMSSessionId=22 current size: 3880
[pool-27-thread-3] pick event Id=142, eMBMSSessionId=6 current size: 3879
[pool-27-thread-17] pick event Id=143, eMBMSSessionId=7 current size: 3878
pool-27-thread-5 reduces to 3877
[pool-27-thread-4] pick event Id=144, eMBMSSessionId=60 current size: 3876
[pool-27-thread-9] pick event Id=145, eMBMSSessionId=42 current size: 3875
[pool-27-thread-11] pick event Id=146, eMBMSSessionId=63 current size: 3874
[pool-27-thread-1] pick event Id=147, eMBMSSessionId=20 current size: 3873
pool-27-thread-12 reduces to 3872
[pool-27-thread-14] pick event Id=148, eMBMSSessionId=34 current size: 3871
[pool-27-thread-13] pick event Id=149, eMBMSSessionId=68 current size: 3870
[pool-27-thread-15] pick event Id=150, eMBMSSessionId=10 current size: 3869
[pool-27-thread-18] pick event Id=151, eMBMSSessionId=36 current size: 3868
[pool-27-thread-19] pick event Id=152, eMBMSSessionId=37 current size: 3867
[pool-27-thread-7] pick event Id=153, eMBMSSessionId=71 current size: 3866
[pool-27-thread-2] pick event Id=154, eMBMSSessionId=18 current size: 3865
[pool-27-thread-8] pick event Id=155, eMBMSSessionId=6 current size: 3864
[pool-27-thread-4] pick event Id=156, eMBMSSessionId=88 current size: 3863
[pool-27-thread-20] adds event Id=157, eMBMSSessionId=36 current size: 3863
[pool-27-thread-10] pick event Id=158, eMBMSSessionId=14 current size: 3862
[pool-27-thread-6] pick event Id=159, eMBMSSessionId=61 current size: 3861
[pool-27-thread-16] pick event Id=160, eMBMSSessionId=12 current size: 3860
[pool-27-thread-1] adds event Id=161, eMBMSSessionId=34 current size: 3860
pool-27-thread-14 reduces to 3859
[pool-27-thread-3] pick event Id=162, eMBMSSessionId=76 current size: 3858
pool-27-thread-18 reduces to 3857
[pool-27-thread-17] pick event Id=163, eMBMSSessionId=25 current size: 3856
[pool-27-thread-5] pick event Id=164, eMBMSSessionId=59 current size: 3855
[pool-27-thread-20] pick event Id=165, eMBMSSessionId=3 current size: 3854
[pool-27-thread-11] pick event Id=166, eMBMSSessionId=93 current size: 3853
[pool-27-thread-9] pick event Id=167, eMBMSSessionId=16 current size: 3852
[pool-27-thread-1] pick event Id=168, eMBMSSessionId=89 current size: 3851
[pool-27-thread-12] pick event Id=169, eMBMSSessionId=45 current size: 3850
[pool-27-thread-13] pick event Id=170, eMBMSSessionId=53 current size: 3849
[pool-27-thread-15] pick event Id=171, eMBMSSessionId=98 current size: 3848
[pool-27-thread-19] pick event Id=172, eMBMSSessionId=33 current size: 3847
[pool-27-thread-7] pick event Id=173, eMBMSSessionId=35 current size: 3846
[pool-27-thread-2] pick event Id=174, eMBMSSessionId=86 current size: 3845
[pool-27-thread-8] adds event Id=175, eMBMSSessionId=33 current size: 3845
[pool-27-thread-4] pick event Id=176, eMBMSSessionId=32 current size: 3844
[pool-27-thread-10] pick event Id=177, eMBMSSessionId=95 current size: 3843
[pool-27-thread-6] pick event Id=178, eMBMSSessionId=56 current size: 3842
[pool-27-thread-16] pick event Id=179, eMBMSSessionId=63 current size: 3841
[pool-27-thread-14] pick event Id=180, eMBMSSessionId=65 current size: 3840
[pool-27-thread-3] adds event Id=181, eMBMSSessionId=86 current size: 3840
[pool-27-thread-17] adds event Id=182, eMBMSSessionId=32 current size: 3840
[pool-27-thread-18] pick event Id=183, eMBMSSessionId=10 current size: 3839
pool-27-thread-19 reduces to 3838
[pool-27-thread-8] pick event Id=184, eMBMSSessionId=59 current size: 3837
pool-27-thread-2 reduces to 3836
[pool-27-thread-5] adds event Id=185, eMBMSSessionId=56 current size: 3836
[pool-27-thread-20] pick event Id=186, eMBMSSessionId=17 current size: 3835
pool-27-thread-4 reduces to 3834
[pool-27-thread-11] pick event Id=187, eMBMSSessionId=14 current size: 3833
pool-27-thread-6 reduces to 3832
[pool-27-thread-9] pick event Id=188, eMBMSSessionId=48 current size: 3831
[pool-27-thread-1] pick event Id=189, eMBMSSessionId=6 current size: 3830
[pool-27-thread-13] pick event Id=190, eMBMSSessionId=73 current size: 3829
[pool-27-thread-12] pick event Id=191, eMBMSSessionId=57 current size: 3828
[pool-27-thread-3] pick event Id=192, eMBMSSessionId=39 current size: 3827
[pool-27-thread-17] pick event Id=193, eMBMSSessionId=95 current size: 3826
[pool-27-thread-15] pick event Id=194, eMBMSSessionId=93 current size: 3825
[pool-27-thread-7] pick event Id=195, eMBMSSessionId=23 current size: 3824
[pool-27-thread-5] adds event Id=196, eMBMSSessionId=86 current size: 3824
pool-27-thread-2 reduces to 3823
[pool-27-thread-10] pick event Id=197, eMBMSSessionId=94 current size: 3822
[pool-27-thread-16] pick event Id=198, eMBMSSessionId=61 current size: 3821
[pool-27-thread-14] pick event Id=199, eMBMSSessionId=17 current size: 3820
[pool-27-thread-12] pick event Id=200, eMBMSSessionId=70 current size: 3819
[pool-27-thread-18] pick event Id=201, eMBMSSessionId=38 current size: 3818
[pool-27-thread-19] pick event Id=202, eMBMSSessionId=55 current size: 3817
[pool-27-thread-15] pick event Id=203, eMBMSSessionId=29 current size: 3816
[pool-27-thread-8] pick event Id=204, eMBMSSessionId=39 current size: 3815
[pool-27-thread-5] pick event Id=205, eMBMSSessionId=91 current size: 3814
[pool-27-thread-20] pick event Id=206, eMBMSSessionId=66 current size: 3813
[pool-27-thread-4] pick event Id=207, eMBMSSessionId=85 current size: 3812
[pool-27-thread-11] pick event Id=208, eMBMSSessionId=83 current size: 3811
[pool-27-thread-6] pick event Id=209, eMBMSSessionId=25 current size: 3810
[pool-27-thread-9] adds event Id=210, eMBMSSessionId=39 current size: 3810
[pool-27-thread-1] pick event Id=211, eMBMSSessionId=1 current size: 3809
[pool-27-thread-13] pick event Id=212, eMBMSSessionId=28 current size: 3808
[pool-27-thread-3] pick event Id=213, eMBMSSessionId=68 current size: 3807
[pool-27-thread-17] pick event Id=214, eMBMSSessionId=59 current size: 3806
[pool-27-thread-12] adds event Id=215, eMBMSSessionId=66 current size: 3806
[pool-27-thread-7] pick event Id=216, eMBMSSessionId=31 current size: 3805
pool-27-thread-8 reduces to 3804
[pool-27-thread-2] pick event Id=217, eMBMSSessionId=43 current size: 3803
pool-27-thread-20 reduces to 3802
[pool-27-thread-9] pick event Id=218, eMBMSSessionId=72 current size: 3801
[pool-27-thread-10] pick event Id=219, eMBMSSessionId=84 current size: 3800
[pool-27-thread-16] pick event Id=220, eMBMSSessionId=13 current size: 3799
[pool-27-thread-14] pick event Id=221, eMBMSSessionId=3 current size: 3798
[pool-27-thread-12] pick event Id=222, eMBMSSessionId=75 current size: 3797
[pool-27-thread-18] pick event Id=223, eMBMSSessionId=88 current size: 3796
[pool-27-thread-19] pick event Id=224, eMBMSSessionId=76 current size: 3795
[pool-27-thread-3] pick event Id=225, eMBMSSessionId=7 current size: 3794
[pool-27-thread-15] pick event Id=226, eMBMSSessionId=83 current size: 3793
[pool-27-thread-5] pick event Id=227, eMBMSSessionId=28 current size: 3792
[pool-27-thread-4] pick event Id=228, eMBMSSessionId=41 current size: 3791
[pool-27-thread-11] pick event Id=229, eMBMSSessionId=52 current size: 3790
[pool-27-thread-6] pick event Id=230, eMBMSSessionId=97 current size: 3789
[pool-27-thread-1] pick event Id=231, eMBMSSessionId=2 current size: 3788
[pool-27-thread-13] pick event Id=232, eMBMSSessionId=46 current size: 3787
[pool-27-thread-17] pick event Id=233, eMBMSSessionId=47 current size: 3786
[pool-27-thread-7] pick event Id=234, eMBMSSessionId=35 current size: 3785
[pool-27-thread-2] pick event Id=235, eMBMSSessionId=7 current size: 3784
[pool-27-thread-8] pick event Id=236, eMBMSSessionId=83 current size: 3783
[pool-27-thread-20] pick event Id=237, eMBMSSessionId=68 current size: 3782
[pool-27-thread-4] pick event Id=238, eMBMSSessionId=71 current size: 3781
[pool-27-thread-9] pick event Id=239, eMBMSSessionId=77 current size: 3780
[pool-27-thread-10] pick event Id=240, eMBMSSessionId=99 current size: 3779
[pool-27-thread-14] pick event Id=241, eMBMSSessionId=20 current size: 3778
[pool-27-thread-16] pick event Id=242, eMBMSSessionId=0 current size: 3777
[pool-27-thread-12] adds event Id=243, eMBMSSessionId=99 current size: 3777
[pool-27-thread-18] pick event Id=244, eMBMSSessionId=89 current size: 3776
[pool-27-thread-19] pick event Id=245, eMBMSSessionId=43 current size: 3775
[pool-27-thread-3] pick event Id=246, eMBMSSessionId=96 current size: 3774
[pool-27-thread-5] pick event Id=247, eMBMSSessionId=97 current size: 3773
[pool-27-thread-15] adds event Id=248, eMBMSSessionId=96 current size: 3773
[pool-27-thread-11] pick event Id=249, eMBMSSessionId=87 current size: 3772
[pool-27-thread-6] pick event Id=250, eMBMSSessionId=51 current size: 3771
[pool-27-thread-1] pick event Id=251, eMBMSSessionId=60 current size: 3770
pool-27-thread-10 reduces to 3769
[pool-27-thread-8] pick event Id=252, eMBMSSessionId=57 current size: 3768
[pool-27-thread-14] adds event Id=253, eMBMSSessionId=96 current size: 3768
[pool-27-thread-12] pick event Id=254, eMBMSSessionId=11 current size: 3767
[pool-27-thread-13] pick event Id=255, eMBMSSessionId=47 current size: 3766
[pool-27-thread-17] pick event Id=256, eMBMSSessionId=4 current size: 3765
[pool-27-thread-18] pick event Id=257, eMBMSSessionId=53 current size: 3764
[pool-27-thread-19] pick event Id=258, eMBMSSessionId=49 current size: 3763
pool-27-thread-3 reduces to 3762
[pool-27-thread-7] pick event Id=259, eMBMSSessionId=17 current size: 3761
[pool-27-thread-15] pick event Id=260, eMBMSSessionId=18 current size: 3760
[pool-27-thread-2] adds event Id=261, eMBMSSessionId=57 current size: 3760
[pool-27-thread-4] pick event Id=262, eMBMSSessionId=16 current size: 3759
[pool-27-thread-9] adds event Id=263, eMBMSSessionId=47 current size: 3759
[pool-27-thread-20] pick event Id=264, eMBMSSessionId=89 current size: 3758
[pool-27-thread-16] pick event Id=265, eMBMSSessionId=71 current size: 3757
pool-27-thread-8 reduces to 3756
[pool-27-thread-14] pick event Id=266, eMBMSSessionId=61 current size: 3755
pool-27-thread-13 reduces to 3754
[pool-27-thread-12] pick event Id=267, eMBMSSessionId=39 current size: 3753
[pool-27-thread-18] pick event Id=268, eMBMSSessionId=45 current size: 3752
[pool-27-thread-5] pick event Id=269, eMBMSSessionId=0 current size: 3751
[pool-27-thread-5] pick event Id=270, eMBMSSessionId=27 current size: 3750
[pool-27-thread-5] pick event Id=271, eMBMSSessionId=23 current size: 3749
[pool-27-thread-5] pick event Id=272, eMBMSSessionId=28 current size: 3748
[pool-27-thread-5] pick event Id=273, eMBMSSessionId=66 current size: 3747
[pool-27-thread-5] pick event Id=274, eMBMSSessionId=92 current size: 3746
[pool-27-thread-7] pick event Id=275, eMBMSSessionId=67 current size: 3745
[pool-27-thread-7] pick event Id=276, eMBMSSessionId=78 current size: 3744
[pool-27-thread-2] pick event Id=277, eMBMSSessionId=79 current size: 3743
pool-27-thread-3 reduces to 3742
[pool-27-thread-9] pick event Id=278, eMBMSSessionId=38 current size: 3741
[pool-27-thread-11] pick event Id=279, eMBMSSessionId=73 current size: 3740
[pool-27-thread-6] pick event Id=280, eMBMSSessionId=27 current size: 3739
[pool-27-thread-1] pick event Id=281, eMBMSSessionId=92 current size: 3738
[pool-27-thread-10] pick event Id=282, eMBMSSessionId=93 current size: 3737
[pool-27-thread-19] pick event Id=283, eMBMSSessionId=84 current size: 3736
[pool-27-thread-17] pick event Id=284, eMBMSSessionId=25 current size: 3735
[pool-27-thread-5] pick event Id=285, eMBMSSessionId=8 current size: 3734
[pool-27-thread-18] adds event Id=286, eMBMSSessionId=93 current size: 3734
[pool-27-thread-18] adds event Id=287, eMBMSSessionId=8 current size: 3734
[pool-27-thread-18] pick event Id=288, eMBMSSessionId=46 current size: 3733
[pool-27-thread-15] pick event Id=289, eMBMSSessionId=49 current size: 3732
[pool-27-thread-4] pick event Id=290, eMBMSSessionId=76 current size: 3731
[pool-27-thread-20] pick event Id=291, eMBMSSessionId=98 current size: 3730
[pool-27-thread-9] pick event Id=292, eMBMSSessionId=67 current size: 3729
[pool-27-thread-16] pick event Id=293, eMBMSSessionId=81 current size: 3728
[pool-27-thread-8] pick event Id=294, eMBMSSessionId=73 current size: 3727
[pool-27-thread-14] pick event Id=295, eMBMSSessionId=32 current size: 3726
pool-27-thread-10 reduces to 3725
[pool-27-thread-13] pick event Id=296, eMBMSSessionId=48 current size: 3724
[pool-27-thread-12] pick event Id=297, eMBMSSessionId=27 current size: 3723
[pool-27-thread-7] adds event Id=298, eMBMSSessionId=8 current size: 3723
pool-27-thread-5 reduces to 3722
[pool-27-thread-3] pick event Id=299, eMBMSSessionId=47 current size: 3721
[pool-27-thread-18] pick event Id=300, eMBMSSessionId=25 current size: 3720
[pool-27-thread-2] pick event Id=301, eMBMSSessionId=72 current size: 3719
[pool-27-thread-15] pick event Id=302, eMBMSSessionId=48 current size: 3718
[pool-27-thread-4] pick event Id=303, eMBMSSessionId=37 current size: 3717
[pool-27-thread-6] pick event Id=304, eMBMSSessionId=52 current size: 3716
[pool-27-thread-11] adds event Id=305, eMBMSSessionId=81 current size: 3716
[pool-27-thread-1] pick event Id=306, eMBMSSessionId=11 current size: 3715
pool-27-thread-16 reduces to 3714
[pool-27-thread-19] adds event Id=307, eMBMSSessionId=81 current size: 3714
[pool-27-thread-7] pick event Id=308, eMBMSSessionId=49 current size: 3713
[pool-27-thread-13] pick event Id=309, eMBMSSessionId=92 current size: 3712
pool-27-thread-5 reduces to 3711
[pool-27-thread-17] pick event Id=310, eMBMSSessionId=13 current size: 3710
[pool-27-thread-20] pick event Id=311, eMBMSSessionId=20 current size: 3709
[pool-27-thread-11] pick event Id=312, eMBMSSessionId=87 current size: 3708
[pool-27-thread-9] pick event Id=313, eMBMSSessionId=63 current size: 3707
[pool-27-thread-8] pick event Id=314, eMBMSSessionId=26 current size: 3706
[pool-27-thread-10] pick event Id=315, eMBMSSessionId=25 current size: 3705
pool-27-thread-16 reduces to 3704
[pool-27-thread-19] pick event Id=316, eMBMSSessionId=57 current size: 3703
[pool-27-thread-12] pick event Id=317, eMBMSSessionId=94 current size: 3702
[pool-27-thread-14] pick event Id=318, eMBMSSessionId=74 current size: 3701
[pool-27-thread-15] pick event Id=319, eMBMSSessionId=5 current size: 3700
[pool-27-thread-18] adds event Id=320, eMBMSSessionId=74 current size: 3700
[pool-27-thread-2] pick event Id=321, eMBMSSessionId=55 current size: 3699
[pool-27-thread-3] pick event Id=322, eMBMSSessionId=72 current size: 3698
[pool-27-thread-4] pick event Id=323, eMBMSSessionId=86 current size: 3697
[pool-27-thread-6] pick event Id=324, eMBMSSessionId=45 current size: 3696
[pool-27-thread-1] adds event Id=325, eMBMSSessionId=72 current size: 3696
[pool-27-thread-1] pick event Id=326, eMBMSSessionId=50 current size: 3695
[pool-27-thread-7] pick event Id=327, eMBMSSessionId=65 current size: 3694
pool-27-thread-14 reduces to 3693
[pool-27-thread-5] pick event Id=328, eMBMSSessionId=90 current size: 3692
[pool-27-thread-17] pick event Id=329, eMBMSSessionId=49 current size: 3691
[pool-27-thread-13] pick event Id=330, eMBMSSessionId=73 current size: 3690
[pool-27-thread-18] pick event Id=331, eMBMSSessionId=11 current size: 3689
[pool-27-thread-6] pick event Id=332, eMBMSSessionId=86 current size: 3688
[pool-27-thread-20] pick event Id=333, eMBMSSessionId=68 current size: 3687
[pool-27-thread-11] pick event Id=334, eMBMSSessionId=93 current size: 3686
[pool-27-thread-8] adds event Id=335, eMBMSSessionId=65 current size: 3686
[pool-27-thread-9] pick event Id=336, eMBMSSessionId=66 current size: 3685
[pool-27-thread-10] pick event Id=337, eMBMSSessionId=36 current size: 3684
[pool-27-thread-19] pick event Id=338, eMBMSSessionId=5 current size: 3683
[pool-27-thread-16] pick event Id=339, eMBMSSessionId=12 current size: 3682
pool-27-thread-3 reduces to 3681
[pool-27-thread-12] pick event Id=340, eMBMSSessionId=35 current size: 3680
pool-27-thread-7 reduces to 3679
[pool-27-thread-15] adds event Id=341, eMBMSSessionId=73 current size: 3679
[pool-27-thread-15] pick event Id=342, eMBMSSessionId=85 current size: 3678
pool-27-thread-13 reduces to 3677
[pool-27-thread-4] pick event Id=343, eMBMSSessionId=92 current size: 3676
[pool-27-thread-2] pick event Id=344, eMBMSSessionId=16 current size: 3675
[pool-27-thread-8] pick event Id=345, eMBMSSessionId=19 current size: 3674
[pool-27-thread-1] pick event Id=346, eMBMSSessionId=44 current size: 3673
[pool-27-thread-16] pick event Id=347, eMBMSSessionId=94 current size: 3672
[pool-27-thread-16] pick event Id=348, eMBMSSessionId=61 current size: 3671
[pool-27-thread-14] pick event Id=349, eMBMSSessionId=25 current size: 3670
[pool-27-thread-5] pick event Id=350, eMBMSSessionId=8 current size: 3669
[pool-27-thread-17] pick event Id=351, eMBMSSessionId=89 current size: 3668
[pool-27-thread-18] pick event Id=352, eMBMSSessionId=49 current size: 3667
[pool-27-thread-6] pick event Id=353, eMBMSSessionId=60 current size: 3666
[pool-27-thread-11] pick event Id=354, eMBMSSessionId=33 current size: 3665
[pool-27-thread-20] pick event Id=355, eMBMSSessionId=65 current size: 3664
[pool-27-thread-9] pick event Id=356, eMBMSSessionId=92 current size: 3663
[pool-27-thread-19] pick event Id=357, eMBMSSessionId=45 current size: 3662
[pool-27-thread-10] pick event Id=358, eMBMSSessionId=11 current size: 3661
[pool-27-thread-7] pick event Id=359, eMBMSSessionId=18 current size: 3660
[pool-27-thread-12] pick event Id=360, eMBMSSessionId=36 current size: 3659
[pool-27-thread-3] pick event Id=361, eMBMSSessionId=87 current size: 3658
[pool-27-thread-13] pick event Id=362, eMBMSSessionId=56 current size: 3657
[pool-27-thread-15] pick event Id=363, eMBMSSessionId=12 current size: 3656
[pool-27-thread-2] pick event Id=364, eMBMSSessionId=10 current size: 3655
[pool-27-thread-4] pick event Id=365, eMBMSSessionId=24 current size: 3654
[pool-27-thread-8] pick event Id=366, eMBMSSessionId=82 current size: 3653
[pool-27-thread-1] adds event Id=367, eMBMSSessionId=45 current size: 3653
pool-27-thread-19 reduces to 3652
[pool-27-thread-14] pick event Id=368, eMBMSSessionId=83 current size: 3651
[pool-27-thread-16] pick event Id=369, eMBMSSessionId=28 current size: 3650
[pool-27-thread-17] pick event Id=370, eMBMSSessionId=9 current size: 3649
[pool-27-thread-5] pick event Id=371, eMBMSSessionId=77 current size: 3648
[pool-27-thread-6] pick event Id=372, eMBMSSessionId=40 current size: 3647
[pool-27-thread-18] pick event Id=373, eMBMSSessionId=79 current size: 3646
[pool-27-thread-11] adds event Id=374, eMBMSSessionId=10 current size: 3646
pool-27-thread-2 reduces to 3645
[pool-27-thread-20] pick event Id=375, eMBMSSessionId=31 current size: 3644
[pool-27-thread-9] pick event Id=376, eMBMSSessionId=55 current size: 3643
[pool-27-thread-1] pick event Id=377, eMBMSSessionId=80 current size: 3642
[pool-27-thread-7] pick event Id=378, eMBMSSessionId=89 current size: 3641
[pool-27-thread-10] pick event Id=379, eMBMSSessionId=0 current size: 3640
[pool-27-thread-3] pick event Id=380, eMBMSSessionId=29 current size: 3639
[pool-27-thread-12] pick event Id=381, eMBMSSessionId=18 current size: 3638
[pool-27-thread-13] pick event Id=382, eMBMSSessionId=17 current size: 3637
[pool-27-thread-15] adds event Id=383, eMBMSSessionId=31 current size: 3637
[pool-27-thread-11] pick event Id=384, eMBMSSessionId=74 current size: 3636
[pool-27-thread-4] pick event Id=385, eMBMSSessionId=87 current size: 3635
pool-27-thread-20 reduces to 3634
[pool-27-thread-8] adds event Id=386, eMBMSSessionId=18 current size: 3634
[pool-27-thread-18] pick event Id=387, eMBMSSessionId=60 current size: 3633
[pool-27-thread-19] pick event Id=388, eMBMSSessionId=76 current size: 3632
[pool-27-thread-14] pick event Id=389, eMBMSSessionId=77 current size: 3631
[pool-27-thread-17] pick event Id=390, eMBMSSessionId=42 current size: 3630
pool-27-thread-12 reduces to 3629
[pool-27-thread-16] pick event Id=391, eMBMSSessionId=7 current size: 3628
[pool-27-thread-5] pick event Id=392, eMBMSSessionId=65 current size: 3627
[pool-27-thread-15] pick event Id=393, eMBMSSessionId=44 current size: 3626
[pool-27-thread-6] pick event Id=394, eMBMSSessionId=8 current size: 3625
[pool-27-thread-8] adds event Id=395, eMBMSSessionId=18 current size: 3625
[pool-27-thread-20] pick event Id=396, eMBMSSessionId=83 current size: 3624
[pool-27-thread-2] pick event Id=397, eMBMSSessionId=56 current size: 3623
[pool-27-thread-9] adds event Id=398, eMBMSSessionId=83 current size: 3623
[pool-27-thread-10] adds event Id=399, eMBMSSessionId=7 current size: 3623
[pool-27-thread-7] pick event Id=400, eMBMSSessionId=73 current size: 3622
[pool-27-thread-3] pick event Id=401, eMBMSSessionId=31 current size: 3621
[pool-27-thread-1] adds event Id=402, eMBMSSessionId=56 current size: 3621
pool-27-thread-12 reduces to 3620
[pool-27-thread-13] pick event Id=403, eMBMSSessionId=79 current size: 3619
pool-27-thread-16 reduces to 3618
[pool-27-thread-11] pick event Id=404, eMBMSSessionId=64 current size: 3617
[pool-27-thread-8] pick event Id=405, eMBMSSessionId=6 current size: 3616
[pool-27-thread-4] pick event Id=406, eMBMSSessionId=76 current size: 3615
pool-27-thread-20 reduces to 3614
[pool-27-thread-18] pick event Id=407, eMBMSSessionId=19 current size: 3613
[pool-27-thread-9] pick event Id=408, eMBMSSessionId=76 current size: 3612
[pool-27-thread-10] pick event Id=409, eMBMSSessionId=90 current size: 3611
pool-27-thread-2 reduces to 3610
[pool-27-thread-19] pick event Id=410, eMBMSSessionId=85 current size: 3609
[pool-27-thread-1] pick event Id=411, eMBMSSessionId=58 current size: 3608
[pool-27-thread-17] pick event Id=412, eMBMSSessionId=53 current size: 3607
[pool-27-thread-14] pick event Id=413, eMBMSSessionId=69 current size: 3606
[pool-27-thread-15] pick event Id=414, eMBMSSessionId=48 current size: 3605
[pool-27-thread-5] pick event Id=415, eMBMSSessionId=41 current size: 3604
[pool-27-thread-6] pick event Id=416, eMBMSSessionId=82 current size: 3603
[pool-27-thread-11] pick event Id=417, eMBMSSessionId=9 current size: 3602
[pool-27-thread-4] pick event Id=418, eMBMSSessionId=91 current size: 3601
[pool-27-thread-7] pick event Id=419, eMBMSSessionId=87 current size: 3600
[pool-27-thread-3] pick event Id=420, eMBMSSessionId=29 current size: 3599
[pool-27-thread-19] pick event Id=421, eMBMSSessionId=8 current size: 3598
[pool-27-thread-12] pick event Id=422, eMBMSSessionId=24 current size: 3597
[pool-27-thread-13] pick event Id=423, eMBMSSessionId=80 current size: 3596
[pool-27-thread-16] pick event Id=424, eMBMSSessionId=1 current size: 3595
[pool-27-thread-8] adds event Id=425, eMBMSSessionId=29 current size: 3595
[pool-27-thread-8] pick event Id=426, eMBMSSessionId=50 current size: 3594
[pool-27-thread-20] pick event Id=427, eMBMSSessionId=48 current size: 3593
[pool-27-thread-9] pick event Id=428, eMBMSSessionId=82 current size: 3592
[pool-27-thread-11] pick event Id=429, eMBMSSessionId=95 current size: 3591
[pool-27-thread-18] pick event Id=430, eMBMSSessionId=72 current size: 3590
[pool-27-thread-10] pick event Id=431, eMBMSSessionId=54 current size: 3589
[pool-27-thread-2] adds event Id=432, eMBMSSessionId=8 current size: 3589
[pool-27-thread-1] pick event Id=433, eMBMSSessionId=51 current size: 3588
[pool-27-thread-17] pick event Id=434, eMBMSSessionId=58 current size: 3587
pool-27-thread-3 reduces to 3586
pool-27-thread-19 reduces to 3585
[pool-27-thread-14] pick event Id=435, eMBMSSessionId=43 current size: 3584
[pool-27-thread-15] pick event Id=436, eMBMSSessionId=75 current size: 3583
[pool-27-thread-5] pick event Id=437, eMBMSSessionId=62 current size: 3582
[pool-27-thread-6] pick event Id=438, eMBMSSessionId=96 current size: 3581
[pool-27-thread-4] adds event Id=439, eMBMSSessionId=58 current size: 3581
[pool-27-thread-4] pick event Id=440, eMBMSSessionId=73 current size: 3580
[pool-27-thread-2] pick event Id=441, eMBMSSessionId=42 current size: 3579
[pool-27-thread-7] pick event Id=442, eMBMSSessionId=86 current size: 3578
pool-27-thread-17 reduces to 3577
[pool-27-thread-12] adds event Id=443, eMBMSSessionId=29 current size: 3577
pool-27-thread-3 reduces to 3576
[pool-27-thread-13] pick event Id=444, eMBMSSessionId=21 current size: 3575
[pool-27-thread-16] adds event Id=445, eMBMSSessionId=42 current size: 3575
[pool-27-thread-8] pick event Id=446, eMBMSSessionId=16 current size: 3574
[pool-27-thread-15] pick event Id=447, eMBMSSessionId=50 current size: 3573
[pool-27-thread-20] pick event Id=448, eMBMSSessionId=40 current size: 3572
[pool-27-thread-9] pick event Id=449, eMBMSSessionId=96 current size: 3571
[pool-27-thread-11] pick event Id=450, eMBMSSessionId=10 current size: 3570
[pool-27-thread-18] pick event Id=451, eMBMSSessionId=25 current size: 3569
[pool-27-thread-10] pick event Id=452, eMBMSSessionId=91 current size: 3568
pool-27-thread-2 reduces to 3567
[pool-27-thread-1] pick event Id=453, eMBMSSessionId=6 current size: 3566
[pool-27-thread-12] pick event Id=454, eMBMSSessionId=18 current size: 3565
[pool-27-thread-19] pick event Id=455, eMBMSSessionId=49 current size: 3564
[pool-27-thread-17] pick event Id=456, eMBMSSessionId=53 current size: 3563
[pool-27-thread-14] pick event Id=457, eMBMSSessionId=57 current size: 3562
[pool-27-thread-16] pick event Id=458, eMBMSSessionId=58 current size: 3561
[pool-27-thread-13] pick event Id=459, eMBMSSessionId=59 current size: 3560
[pool-27-thread-6] pick event Id=460, eMBMSSessionId=71 current size: 3559
[pool-27-thread-5] pick event Id=461, eMBMSSessionId=38 current size: 3558
[pool-27-thread-9] adds event Id=462, eMBMSSessionId=6 current size: 3558
[pool-27-thread-4] pick event Id=463, eMBMSSessionId=13 current size: 3557
[pool-27-thread-7] pick event Id=464, eMBMSSessionId=86 current size: 3556
pool-27-thread-1 reduces to 3555
[pool-27-thread-3] pick event Id=465, eMBMSSessionId=64 current size: 3554
[pool-27-thread-17] pick event Id=466, eMBMSSessionId=58 current size: 3553
[pool-27-thread-8] adds event Id=467, eMBMSSessionId=13 current size: 3553
[pool-27-thread-15] adds event Id=468, eMBMSSessionId=13 current size: 3553
[pool-27-thread-20] pick event Id=469, eMBMSSessionId=31 current size: 3552
[pool-27-thread-9] pick event Id=470, eMBMSSessionId=17 current size: 3551
[pool-27-thread-11] adds event Id=471, eMBMSSessionId=58 current size: 3551
[pool-27-thread-10] pick event Id=472, eMBMSSessionId=8 current size: 3550
pool-27-thread-4 reduces to 3549
[pool-27-thread-2] pick event Id=473, eMBMSSessionId=91 current size: 3548
[pool-27-thread-18] pick event Id=474, eMBMSSessionId=14 current size: 3547
[pool-27-thread-7] pick event Id=475, eMBMSSessionId=0 current size: 3546
[pool-27-thread-12] pick event Id=476, eMBMSSessionId=28 current size: 3545
[pool-27-thread-19] pick event Id=477, eMBMSSessionId=40 current size: 3544
[pool-27-thread-14] pick event Id=478, eMBMSSessionId=72 current size: 3543
[pool-27-thread-13] pick event Id=479, eMBMSSessionId=65 current size: 3542
[pool-27-thread-16] pick event Id=480, eMBMSSessionId=69 current size: 3541
[pool-27-thread-8] pick event Id=481, eMBMSSessionId=90 current size: 3540
[pool-27-thread-15] pick event Id=482, eMBMSSessionId=37 current size: 3539
[pool-27-thread-6] pick event Id=483, eMBMSSessionId=71 current size: 3538
pool-27-thread-17 reduces to 3537
[pool-27-thread-5] adds event Id=484, eMBMSSessionId=90 current size: 3537
[pool-27-thread-11] pick event Id=485, eMBMSSessionId=18 current size: 3536
[pool-27-thread-20] pick event Id=486, eMBMSSessionId=47 current size: 3535
pool-27-thread-4 reduces to 3534
[pool-27-thread-1] pick event Id=487, eMBMSSessionId=82 current size: 3533
[pool-27-thread-3] pick event Id=488, eMBMSSessionId=17 current size: 3532
pool-27-thread-8 reduces to 3531
[pool-27-thread-16] pick event Id=489, eMBMSSessionId=44 current size: 3530
[pool-27-thread-5] adds event Id=490, eMBMSSessionId=71 current size: 3530
pool-27-thread-6 reduces to 3529
[pool-27-thread-9] adds event Id=491, eMBMSSessionId=82 current size: 3529
[pool-27-thread-10] pick event Id=492, eMBMSSessionId=95 current size: 3528
[pool-27-thread-2] pick event Id=493, eMBMSSessionId=53 current size: 3527
pool-27-thread-1 reduces to 3526
[pool-27-thread-4] pick event Id=494, eMBMSSessionId=88 current size: 3525
[pool-27-thread-18] pick event Id=495, eMBMSSessionId=50 current size: 3524
[pool-27-thread-12] pick event Id=496, eMBMSSessionId=38 current size: 3523
[pool-27-thread-7] pick event Id=497, eMBMSSessionId=36 current size: 3522
[pool-27-thread-19] pick event Id=498, eMBMSSessionId=69 current size: 3521
[pool-27-thread-14] pick event Id=499, eMBMSSessionId=76 current size: 3520
[pool-27-thread-13] pick event Id=500, eMBMSSessionId=81 current size: 3519
[pool-27-thread-15] pick event Id=501, eMBMSSessionId=84 current size: 3518
[pool-27-thread-5] pick event Id=502, eMBMSSessionId=46 current size: 3517
[pool-27-thread-17] pick event Id=503, eMBMSSessionId=1 current size: 3516
[pool-27-thread-9] pick event Id=504, eMBMSSessionId=49 current size: 3515
[pool-27-thread-20] pick event Id=505, eMBMSSessionId=73 current size: 3514
[pool-27-thread-11] adds event Id=506, eMBMSSessionId=73 current size: 3514
[pool-27-thread-3] pick event Id=507, eMBMSSessionId=77 current size: 3513
[pool-27-thread-16] pick event Id=508, eMBMSSessionId=68 current size: 3512
[pool-27-thread-8] pick event Id=509, eMBMSSessionId=96 current size: 3511
[pool-27-thread-15] pick event Id=510, eMBMSSessionId=85 current size: 3510
[pool-27-thread-6] pick event Id=511, eMBMSSessionId=8 current size: 3509
[pool-27-thread-11] pick event Id=512, eMBMSSessionId=16 current size: 3508
[pool-27-thread-10] pick event Id=513, eMBMSSessionId=10 current size: 3507
[pool-27-thread-1] pick event Id=514, eMBMSSessionId=20 current size: 3506
[pool-27-thread-4] pick event Id=515, eMBMSSessionId=48 current size: 3505
pool-27-thread-20 reduces to 3504
[pool-27-thread-2] pick event Id=516, eMBMSSessionId=50 current size: 3503
[pool-27-thread-18] pick event Id=517, eMBMSSessionId=57 current size: 3502
[pool-27-thread-12] pick event Id=518, eMBMSSessionId=83 current size: 3501
testOverload end.
testFull begin.
[pool-28-thread-1] pick event Id=0, eMBMSSessionId=22 current size: 4998
[pool-28-thread-2] pick event Id=1, eMBMSSessionId=27 current size: 4997
[pool-28-thread-4] pick event Id=2, eMBMSSessionId=4 current size: 4996
[pool-28-thread-6] pick event Id=3, eMBMSSessionId=10 current size: 4995
[pool-28-thread-5] pick event Id=4, eMBMSSessionId=17 current size: 4994
[pool-28-thread-3] pick event Id=5, eMBMSSessionId=1 current size: 4993
[pool-28-thread-7] pick event Id=6, eMBMSSessionId=3 current size: 4992
[pool-28-thread-8] pick event Id=7, eMBMSSessionId=25 current size: 4991
[pool-28-thread-9] pick event Id=8, eMBMSSessionId=69 current size: 4990
[pool-28-thread-10] pick event Id=9, eMBMSSessionId=14 current size: 4989
[pool-28-thread-11] pick event Id=10, eMBMSSessionId=86 current size: 4988
[pool-28-thread-12] adds event Id=11, eMBMSSessionId=25 current size: 4988
[pool-28-thread-13] pick event Id=12, eMBMSSessionId=63 current size: 4987
[pool-28-thread-15] pick event Id=13, eMBMSSessionId=0 current size: 4986
[pool-28-thread-20] pick event Id=14, eMBMSSessionId=98 current size: 4985
[pool-28-thread-14] pick event Id=15, eMBMSSessionId=84 current size: 4984
[pool-28-thread-16] pick event Id=16, eMBMSSessionId=88 current size: 4983
[pool-28-thread-17] pick event Id=17, eMBMSSessionId=83 current size: 4982
[pool-28-thread-18] pick event Id=18, eMBMSSessionId=29 current size: 4981
[pool-28-thread-19] pick event Id=19, eMBMSSessionId=72 current size: 4980
[pool-28-thread-12] pick event Id=20, eMBMSSessionId=77 current size: 4979
event queue is full, will clear all data!
NbiEventCache is cleared with total events removed: 5029
testFull end.
3 times run start
testEventSequence begin.
testEventSequence end.
testSendRadomEmbmsSessionEvents begin.
testSendRadomEmbmsSessionEvents end.
testSendSameEmbmsSessionEvents begin.
testSendSameEmbmsSessionEvents end.
testSendNoSameEmbmsSessionEvents begin.
testSendNoSameEmbmsSessionEvents end.
testSendNoEmbmsSessionIdEvents begin.
testSendNoEmbmsSessionIdEvents end.
testOverload begin.
[pool-36-thread-1] pick event Id=0, eMBMSSessionId=24 current size: 4019
[pool-36-thread-2] pick event Id=1, eMBMSSessionId=88 current size: 4018
[pool-36-thread-3] pick event Id=2, eMBMSSessionId=26 current size: 4017
[pool-36-thread-4] pick event Id=3, eMBMSSessionId=6 current size: 4016
pool-36-thread-2 Discard NBI event &apos; Id=1, eMBMSSessionId=88&apos;, current queue size: 4017
pool-36-thread-1 Discard NBI event &apos; Id=0, eMBMSSessionId=24&apos;, current queue size: 4016
[pool-36-thread-5] pick event Id=4, eMBMSSessionId=40 current size: 4015
pool-36-thread-3 Discard NBI event &apos; Id=2, eMBMSSessionId=26&apos;, current queue size: 4015
[pool-36-thread-6] pick event Id=5, eMBMSSessionId=39 current size: 4014
pool-36-thread-5 Discard NBI event &apos; Id=4, eMBMSSessionId=40&apos;, current queue size: 4014
[pool-36-thread-7] pick event Id=6, eMBMSSessionId=30 current size: 4013
pool-36-thread-4 Discard NBI event &apos; Id=3, eMBMSSessionId=6&apos;, current queue size: 4014
pool-36-thread-6 Discard NBI event &apos; Id=5, eMBMSSessionId=39&apos;, current queue size: 4013
[pool-36-thread-8] pick event Id=7, eMBMSSessionId=93 current size: 4012
pool-36-thread-7 Discard NBI event &apos; Id=6, eMBMSSessionId=30&apos;, current queue size: 4012
[pool-36-thread-9] pick event Id=8, eMBMSSessionId=46 current size: 4011
pool-36-thread-8 Discard NBI event &apos; Id=7, eMBMSSessionId=93&apos;, current queue size: 4011
pool-36-thread-9 Discard NBI event &apos; Id=8, eMBMSSessionId=46&apos;, current queue size: 4011
[pool-36-thread-10] pick event Id=9, eMBMSSessionId=74 current size: 4010
[pool-36-thread-11] pick event Id=10, eMBMSSessionId=7 current size: 4009
pool-36-thread-10 Discard NBI event &apos; Id=9, eMBMSSessionId=74&apos;, current queue size: 4009
[pool-36-thread-12] pick event Id=11, eMBMSSessionId=75 current size: 4008
pool-36-thread-11 Discard NBI event &apos; Id=10, eMBMSSessionId=7&apos;, current queue size: 4009
[pool-36-thread-13] pick event Id=12, eMBMSSessionId=60 current size: 4007
pool-36-thread-13 Discard NBI event &apos; Id=12, eMBMSSessionId=60&apos;, current queue size: 4007
[pool-36-thread-14] pick event Id=13, eMBMSSessionId=0 current size: 4006
pool-36-thread-12 Discard NBI event &apos; Id=11, eMBMSSessionId=75&apos;, current queue size: 4006
[pool-36-thread-16] pick event Id=14, eMBMSSessionId=57 current size: 4005
[pool-36-thread-17] adds event Id=15, eMBMSSessionId=75 current size: 4005
[pool-36-thread-15] pick event Id=16, eMBMSSessionId=34 current size: 4004
pool-36-thread-14 Discard NBI event &apos; Id=13, eMBMSSessionId=0&apos;, current queue size: 4005
[pool-36-thread-18] pick event Id=17, eMBMSSessionId=97 current size: 4003
pool-36-thread-16 Discard NBI event &apos; Id=14, eMBMSSessionId=57&apos;, current queue size: 4003
[pool-36-thread-19] pick event Id=18, eMBMSSessionId=13 current size: 4002
[pool-36-thread-4] pick event Id=19, eMBMSSessionId=6 current size: 4001
pool-36-thread-19 Discard NBI event &apos; Id=18, eMBMSSessionId=13&apos;, current queue size: 4001
pool-36-thread-15 Discard NBI event &apos; Id=16, eMBMSSessionId=34&apos;, current queue size: 4002
pool-36-thread-18 Discard NBI event &apos; Id=17, eMBMSSessionId=97&apos;, current queue size: 4001
[pool-36-thread-20] pick event Id=20, eMBMSSessionId=40 current size: 4000
pool-36-thread-4 Discard NBI event &apos; Id=19, eMBMSSessionId=6&apos;, current queue size: 4000
[pool-36-thread-1] pick event Id=21, eMBMSSessionId=71 current size: 3999
[pool-36-thread-2] pick event Id=22, eMBMSSessionId=15 current size: 3998
pool-36-thread-20 Discard NBI event &apos; Id=20, eMBMSSessionId=40&apos;, current queue size: 3998
[pool-36-thread-17] pick event Id=23, eMBMSSessionId=5 current size: 3997
pool-36-thread-12 reduces to 3996
[pool-36-thread-10] adds event Id=24, eMBMSSessionId=6 current size: 3996
[pool-36-thread-5] pick event Id=25, eMBMSSessionId=67 current size: 3995
[pool-36-thread-7] pick event Id=26, eMBMSSessionId=21 current size: 3994
[pool-36-thread-6] pick event Id=27, eMBMSSessionId=24 current size: 3993
[pool-36-thread-8] pick event Id=28, eMBMSSessionId=99 current size: 3992
[pool-36-thread-9] pick event Id=29, eMBMSSessionId=18 current size: 3991
pool-36-thread-4 reduces to 3990
[pool-36-thread-3] adds event Id=30, eMBMSSessionId=21 current size: 3990
[pool-36-thread-11] pick event Id=31, eMBMSSessionId=87 current size: 3989
[pool-36-thread-13] pick event Id=32, eMBMSSessionId=33 current size: 3988
[pool-36-thread-2] pick event Id=33, eMBMSSessionId=80 current size: 3987
[pool-36-thread-16] pick event Id=34, eMBMSSessionId=81 current size: 3986
[pool-36-thread-10] pick event Id=35, eMBMSSessionId=4 current size: 3985
[pool-36-thread-14] pick event Id=36, eMBMSSessionId=74 current size: 3984
pool-36-thread-7 reduces to 3983
[pool-36-thread-15] pick event Id=37, eMBMSSessionId=10 current size: 3982
[pool-36-thread-19] pick event Id=38, eMBMSSessionId=72 current size: 3981
[pool-36-thread-18] pick event Id=39, eMBMSSessionId=75 current size: 3980
[pool-36-thread-3] adds event Id=40, eMBMSSessionId=87 current size: 3980
[pool-36-thread-4] pick event Id=41, eMBMSSessionId=48 current size: 3979
[pool-36-thread-1] pick event Id=42, eMBMSSessionId=8 current size: 3978
[pool-36-thread-20] pick event Id=43, eMBMSSessionId=24 current size: 3977
[pool-36-thread-12] pick event Id=44, eMBMSSessionId=58 current size: 3976
[pool-36-thread-2] adds event Id=45, eMBMSSessionId=58 current size: 3976
[pool-36-thread-17] adds event Id=46, eMBMSSessionId=87 current size: 3976
pool-36-thread-12 reduces to 3975
pool-36-thread-11 reduces to 3974
pool-36-thread-11 reduces to 3973
[pool-36-thread-5] pick event Id=47, eMBMSSessionId=11 current size: 3972
[pool-36-thread-6] pick event Id=48, eMBMSSessionId=38 current size: 3971
[pool-36-thread-8] pick event Id=49, eMBMSSessionId=60 current size: 3970
[pool-36-thread-9] pick event Id=50, eMBMSSessionId=63 current size: 3969
[pool-36-thread-3] pick event Id=51, eMBMSSessionId=28 current size: 3968
[pool-36-thread-2] pick event Id=52, eMBMSSessionId=14 current size: 3967
[pool-36-thread-17] pick event Id=53, eMBMSSessionId=66 current size: 3966
[pool-36-thread-13] pick event Id=54, eMBMSSessionId=92 current size: 3965
[pool-36-thread-16] pick event Id=55, eMBMSSessionId=19 current size: 3964
[pool-36-thread-10] pick event Id=56, eMBMSSessionId=9 current size: 3963
[pool-36-thread-15] pick event Id=57, eMBMSSessionId=2 current size: 3962
[pool-36-thread-7] pick event Id=58, eMBMSSessionId=16 current size: 3961
[pool-36-thread-14] pick event Id=59, eMBMSSessionId=31 current size: 3960
[pool-36-thread-18] adds event Id=60, eMBMSSessionId=28 current size: 3960
[pool-36-thread-6] pick event Id=61, eMBMSSessionId=0 current size: 3959
[pool-36-thread-19] pick event Id=62, eMBMSSessionId=57 current size: 3958
pool-36-thread-3 reduces to 3957
[pool-36-thread-4] pick event Id=63, eMBMSSessionId=54 current size: 3956
[pool-36-thread-1] pick event Id=64, eMBMSSessionId=30 current size: 3955
[pool-36-thread-20] pick event Id=65, eMBMSSessionId=39 current size: 3954
[pool-36-thread-11] pick event Id=66, eMBMSSessionId=47 current size: 3953
[pool-36-thread-12] pick event Id=67, eMBMSSessionId=48 current size: 3952
[pool-36-thread-5] pick event Id=68, eMBMSSessionId=97 current size: 3951
[pool-36-thread-18] pick event Id=69, eMBMSSessionId=26 current size: 3950
[pool-36-thread-8] pick event Id=70, eMBMSSessionId=44 current size: 3949
[pool-36-thread-9] pick event Id=71, eMBMSSessionId=53 current size: 3948
[pool-36-thread-17] pick event Id=72, eMBMSSessionId=69 current size: 3947
[pool-36-thread-1] pick event Id=73, eMBMSSessionId=27 current size: 3946
[pool-36-thread-13] pick event Id=74, eMBMSSessionId=90 current size: 3945
[pool-36-thread-2] pick event Id=75, eMBMSSessionId=14 current size: 3944
[pool-36-thread-10] pick event Id=76, eMBMSSessionId=71 current size: 3943
[pool-36-thread-16] pick event Id=77, eMBMSSessionId=81 current size: 3942
[pool-36-thread-7] pick event Id=78, eMBMSSessionId=53 current size: 3941
[pool-36-thread-15] pick event Id=79, eMBMSSessionId=32 current size: 3940
[pool-36-thread-19] pick event Id=80, eMBMSSessionId=36 current size: 3939
[pool-36-thread-14] adds event Id=81, eMBMSSessionId=69 current size: 3939
[pool-36-thread-6] pick event Id=82, eMBMSSessionId=11 current size: 3938
[pool-36-thread-3] pick event Id=83, eMBMSSessionId=40 current size: 3937
[pool-36-thread-4] pick event Id=84, eMBMSSessionId=92 current size: 3936
[pool-36-thread-20] adds event Id=85, eMBMSSessionId=71 current size: 3936
[pool-36-thread-9] pick event Id=86, eMBMSSessionId=76 current size: 3935
pool-36-thread-17 reduces to 3934
[pool-36-thread-11] pick event Id=87, eMBMSSessionId=42 current size: 3933
[pool-36-thread-12] pick event Id=88, eMBMSSessionId=46 current size: 3932
pool-36-thread-10 reduces to 3931
[pool-36-thread-5] pick event Id=89, eMBMSSessionId=67 current size: 3930
[pool-36-thread-18] pick event Id=90, eMBMSSessionId=42 current size: 3929
[pool-36-thread-16] pick event Id=91, eMBMSSessionId=21 current size: 3928
[pool-36-thread-14] pick event Id=92, eMBMSSessionId=98 current size: 3927
[pool-36-thread-8] pick event Id=93, eMBMSSessionId=86 current size: 3926
[pool-36-thread-20] pick event Id=94, eMBMSSessionId=41 current size: 3925
[pool-36-thread-1] pick event Id=95, eMBMSSessionId=5 current size: 3924
[pool-36-thread-2] pick event Id=96, eMBMSSessionId=26 current size: 3923
[pool-36-thread-13] pick event Id=97, eMBMSSessionId=75 current size: 3922
[pool-36-thread-11] pick event Id=98, eMBMSSessionId=88 current size: 3921
[pool-36-thread-15] pick event Id=99, eMBMSSessionId=56 current size: 3920
[pool-36-thread-13] pick event Id=100, eMBMSSessionId=30 current size: 3919
[pool-36-thread-12] pick event Id=101, eMBMSSessionId=34 current size: 3918
[pool-36-thread-7] pick event Id=102, eMBMSSessionId=18 current size: 3917
[pool-36-thread-19] pick event Id=103, eMBMSSessionId=67 current size: 3916
[pool-36-thread-6] pick event Id=104, eMBMSSessionId=58 current size: 3915
[pool-36-thread-3] pick event Id=105, eMBMSSessionId=84 current size: 3914
[pool-36-thread-4] pick event Id=106, eMBMSSessionId=45 current size: 3913
[pool-36-thread-9] pick event Id=107, eMBMSSessionId=60 current size: 3912
[pool-36-thread-20] pick event Id=108, eMBMSSessionId=78 current size: 3911
[pool-36-thread-17] pick event Id=109, eMBMSSessionId=98 current size: 3910
[pool-36-thread-10] pick event Id=110, eMBMSSessionId=53 current size: 3909
[pool-36-thread-5] pick event Id=111, eMBMSSessionId=54 current size: 3908
[pool-36-thread-16] pick event Id=112, eMBMSSessionId=91 current size: 3907
[pool-36-thread-18] pick event Id=113, eMBMSSessionId=80 current size: 3906
[pool-36-thread-14] pick event Id=114, eMBMSSessionId=43 current size: 3905
[pool-36-thread-8] pick event Id=115, eMBMSSessionId=57 current size: 3904
[pool-36-thread-1] pick event Id=116, eMBMSSessionId=77 current size: 3903
[pool-36-thread-2] pick event Id=117, eMBMSSessionId=83 current size: 3902
[pool-36-thread-11] pick event Id=118, eMBMSSessionId=0 current size: 3901
[pool-36-thread-15] pick event Id=119, eMBMSSessionId=16 current size: 3900
[pool-36-thread-13] pick event Id=120, eMBMSSessionId=69 current size: 3899
[pool-36-thread-12] pick event Id=121, eMBMSSessionId=47 current size: 3898
[pool-36-thread-7] pick event Id=122, eMBMSSessionId=86 current size: 3897
[pool-36-thread-6] pick event Id=123, eMBMSSessionId=21 current size: 3896
[pool-36-thread-19] pick event Id=124, eMBMSSessionId=32 current size: 3895
[pool-36-thread-16] adds event Id=125, eMBMSSessionId=43 current size: 3895
[pool-36-thread-3] pick event Id=126, eMBMSSessionId=67 current size: 3894
pool-36-thread-14 reduces to 3893
[pool-36-thread-4] adds event Id=127, eMBMSSessionId=67 current size: 3893
[pool-36-thread-9] pick event Id=128, eMBMSSessionId=41 current size: 3892
[pool-36-thread-1] pick event Id=129, eMBMSSessionId=2 current size: 3891
[pool-36-thread-20] pick event Id=130, eMBMSSessionId=25 current size: 3890
[pool-36-thread-8] pick event Id=131, eMBMSSessionId=71 current size: 3889
[pool-36-thread-17] pick event Id=132, eMBMSSessionId=56 current size: 3888
[pool-36-thread-10] adds event Id=133, eMBMSSessionId=2 current size: 3888
[pool-36-thread-10] pick event Id=134, eMBMSSessionId=26 current size: 3887
[pool-36-thread-5] pick event Id=135, eMBMSSessionId=29 current size: 3886
[pool-36-thread-18] pick event Id=136, eMBMSSessionId=80 current size: 3885
[pool-36-thread-16] pick event Id=137, eMBMSSessionId=49 current size: 3884
pool-36-thread-3 reduces to 3883
[pool-36-thread-4] pick event Id=138, eMBMSSessionId=0 current size: 3882
pool-36-thread-1 reduces to 3881
[pool-36-thread-8] pick event Id=139, eMBMSSessionId=35 current size: 3880
[pool-36-thread-11] pick event Id=140, eMBMSSessionId=24 current size: 3879
[pool-36-thread-15] pick event Id=141, eMBMSSessionId=40 current size: 3878
[pool-36-thread-13] pick event Id=142, eMBMSSessionId=49 current size: 3877
[pool-36-thread-2] pick event Id=143, eMBMSSessionId=84 current size: 3876
[pool-36-thread-12] pick event Id=144, eMBMSSessionId=83 current size: 3875
[pool-36-thread-7] pick event Id=145, eMBMSSessionId=45 current size: 3874
[pool-36-thread-6] pick event Id=146, eMBMSSessionId=37 current size: 3873
[pool-36-thread-19] pick event Id=147, eMBMSSessionId=23 current size: 3872
[pool-36-thread-16] pick event Id=148, eMBMSSessionId=54 current size: 3871
[pool-36-thread-14] pick event Id=149, eMBMSSessionId=77 current size: 3870
[pool-36-thread-9] pick event Id=150, eMBMSSessionId=33 current size: 3869
[pool-36-thread-20] pick event Id=151, eMBMSSessionId=87 current size: 3868
[pool-36-thread-10] pick event Id=152, eMBMSSessionId=70 current size: 3867
[pool-36-thread-17] pick event Id=153, eMBMSSessionId=26 current size: 3866
[pool-36-thread-5] pick event Id=154, eMBMSSessionId=93 current size: 3865
[pool-36-thread-15] pick event Id=155, eMBMSSessionId=15 current size: 3864
[pool-36-thread-18] pick event Id=156, eMBMSSessionId=51 current size: 3863
[pool-36-thread-2] pick event Id=157, eMBMSSessionId=99 current size: 3862
[pool-36-thread-3] pick event Id=158, eMBMSSessionId=85 current size: 3861
[pool-36-thread-4] pick event Id=159, eMBMSSessionId=63 current size: 3860
[pool-36-thread-1] adds event Id=160, eMBMSSessionId=51 current size: 3860
[pool-36-thread-8] pick event Id=161, eMBMSSessionId=6 current size: 3859
[pool-36-thread-11] pick event Id=162, eMBMSSessionId=70 current size: 3858
[pool-36-thread-10] pick event Id=163, eMBMSSessionId=81 current size: 3857
[pool-36-thread-13] pick event Id=164, eMBMSSessionId=28 current size: 3856
[pool-36-thread-12] pick event Id=165, eMBMSSessionId=83 current size: 3855
[pool-36-thread-15] pick event Id=166, eMBMSSessionId=40 current size: 3854
pool-36-thread-18 reduces to 3853
[pool-36-thread-6] pick event Id=167, eMBMSSessionId=42 current size: 3852
[pool-36-thread-19] pick event Id=168, eMBMSSessionId=78 current size: 3851
[pool-36-thread-7] pick event Id=169, eMBMSSessionId=47 current size: 3850
[pool-36-thread-16] pick event Id=170, eMBMSSessionId=19 current size: 3849
[pool-36-thread-9] pick event Id=171, eMBMSSessionId=34 current size: 3848
[pool-36-thread-1] pick event Id=172, eMBMSSessionId=89 current size: 3847
[pool-36-thread-14] pick event Id=173, eMBMSSessionId=84 current size: 3846
[pool-36-thread-20] pick event Id=174, eMBMSSessionId=43 current size: 3845
[pool-36-thread-17] pick event Id=175, eMBMSSessionId=15 current size: 3844
[pool-36-thread-5] pick event Id=176, eMBMSSessionId=80 current size: 3843
[pool-36-thread-10] pick event Id=177, eMBMSSessionId=77 current size: 3842
[pool-36-thread-2] pick event Id=178, eMBMSSessionId=17 current size: 3841
[pool-36-thread-3] pick event Id=179, eMBMSSessionId=82 current size: 3840
[pool-36-thread-16] pick event Id=180, eMBMSSessionId=86 current size: 3839
[pool-36-thread-4] adds event Id=181, eMBMSSessionId=82 current size: 3839
[pool-36-thread-8] pick event Id=182, eMBMSSessionId=61 current size: 3838
[pool-36-thread-14] pick event Id=183, eMBMSSessionId=4 current size: 3837
[pool-36-thread-11] pick event Id=184, eMBMSSessionId=46 current size: 3836
[pool-36-thread-13] pick event Id=185, eMBMSSessionId=28 current size: 3835
[pool-36-thread-15] pick event Id=186, eMBMSSessionId=2 current size: 3834
[pool-36-thread-12] pick event Id=187, eMBMSSessionId=99 current size: 3833
[pool-36-thread-18] pick event Id=188, eMBMSSessionId=70 current size: 3832
[pool-36-thread-6] pick event Id=189, eMBMSSessionId=95 current size: 3831
[pool-36-thread-19] pick event Id=190, eMBMSSessionId=72 current size: 3830
pool-36-thread-3 reduces to 3829
[pool-36-thread-2] pick event Id=191, eMBMSSessionId=42 current size: 3828
[pool-36-thread-7] pick event Id=192, eMBMSSessionId=16 current size: 3827
[pool-36-thread-9] pick event Id=193, eMBMSSessionId=30 current size: 3826
[pool-36-thread-4] adds event Id=194, eMBMSSessionId=46 current size: 3826
[pool-36-thread-1] pick event Id=195, eMBMSSessionId=63 current size: 3825
[pool-36-thread-20] pick event Id=196, eMBMSSessionId=18 current size: 3824
pool-36-thread-11 reduces to 3823
[pool-36-thread-17] pick event Id=197, eMBMSSessionId=93 current size: 3822
[pool-36-thread-8] pick event Id=198, eMBMSSessionId=87 current size: 3821
[pool-36-thread-5] adds event Id=199, eMBMSSessionId=72 current size: 3821
[pool-36-thread-5] pick event Id=200, eMBMSSessionId=4 current size: 3820
[pool-36-thread-13] pick event Id=201, eMBMSSessionId=6 current size: 3819
[pool-36-thread-10] pick event Id=202, eMBMSSessionId=31 current size: 3818
pool-36-thread-19 reduces to 3817
[pool-36-thread-16] pick event Id=203, eMBMSSessionId=9 current size: 3816
[pool-36-thread-4] pick event Id=204, eMBMSSessionId=61 current size: 3815
[pool-36-thread-14] adds event Id=205, eMBMSSessionId=6 current size: 3815
[pool-36-thread-17] pick event Id=206, eMBMSSessionId=8 current size: 3814
[pool-36-thread-8] pick event Id=207, eMBMSSessionId=95 current size: 3813
pool-36-thread-13 reduces to 3812
[pool-36-thread-12] pick event Id=208, eMBMSSessionId=10 current size: 3811
[pool-36-thread-6] pick event Id=209, eMBMSSessionId=2 current size: 3810
[pool-36-thread-15] pick event Id=210, eMBMSSessionId=38 current size: 3809
[pool-36-thread-18] pick event Id=211, eMBMSSessionId=19 current size: 3808
[pool-36-thread-3] pick event Id=212, eMBMSSessionId=30 current size: 3807
[pool-36-thread-2] pick event Id=213, eMBMSSessionId=45 current size: 3806
[pool-36-thread-7] pick event Id=214, eMBMSSessionId=13 current size: 3805
[pool-36-thread-9] pick event Id=215, eMBMSSessionId=23 current size: 3804
[pool-36-thread-1] pick event Id=216, eMBMSSessionId=88 current size: 3803
[pool-36-thread-20] pick event Id=217, eMBMSSessionId=45 current size: 3802
[pool-36-thread-11] pick event Id=218, eMBMSSessionId=57 current size: 3801
[pool-36-thread-14] pick event Id=219, eMBMSSessionId=82 current size: 3800
[pool-36-thread-5] pick event Id=220, eMBMSSessionId=42 current size: 3799
[pool-36-thread-10] pick event Id=221, eMBMSSessionId=35 current size: 3798
[pool-36-thread-17] pick event Id=222, eMBMSSessionId=65 current size: 3797
[pool-36-thread-19] pick event Id=223, eMBMSSessionId=67 current size: 3796
[pool-36-thread-18] pick event Id=224, eMBMSSessionId=21 current size: 3795
[pool-36-thread-16] pick event Id=225, eMBMSSessionId=5 current size: 3794
[pool-36-thread-2] adds event Id=226, eMBMSSessionId=5 current size: 3794
[pool-36-thread-7] pick event Id=227, eMBMSSessionId=16 current size: 3793
[pool-36-thread-4] pick event Id=228, eMBMSSessionId=86 current size: 3792
[pool-36-thread-8] pick event Id=229, eMBMSSessionId=43 current size: 3791
[pool-36-thread-13] pick event Id=230, eMBMSSessionId=61 current size: 3790
[pool-36-thread-12] pick event Id=231, eMBMSSessionId=93 current size: 3789
[pool-36-thread-10] pick event Id=232, eMBMSSessionId=47 current size: 3788
[pool-36-thread-6] pick event Id=233, eMBMSSessionId=50 current size: 3787
[pool-36-thread-15] pick event Id=234, eMBMSSessionId=75 current size: 3786
[pool-36-thread-3] pick event Id=235, eMBMSSessionId=20 current size: 3785
[pool-36-thread-2] pick event Id=236, eMBMSSessionId=7 current size: 3784
pool-36-thread-16 reduces to 3783
[pool-36-thread-9] pick event Id=237, eMBMSSessionId=48 current size: 3782
[pool-36-thread-1] pick event Id=238, eMBMSSessionId=84 current size: 3781
[pool-36-thread-20] pick event Id=239, eMBMSSessionId=96 current size: 3780
[pool-36-thread-4] pick event Id=240, eMBMSSessionId=10 current size: 3779
[pool-36-thread-11] pick event Id=241, eMBMSSessionId=65 current size: 3778
[pool-36-thread-14] pick event Id=242, eMBMSSessionId=4 current size: 3777
[pool-36-thread-5] pick event Id=243, eMBMSSessionId=33 current size: 3776
[pool-36-thread-17] pick event Id=244, eMBMSSessionId=42 current size: 3775
[pool-36-thread-10] pick event Id=245, eMBMSSessionId=99 current size: 3774
[pool-36-thread-13] pick event Id=246, eMBMSSessionId=29 current size: 3773
[pool-36-thread-12] pick event Id=247, eMBMSSessionId=43 current size: 3772
[pool-36-thread-19] pick event Id=248, eMBMSSessionId=36 current size: 3771
[pool-36-thread-18] pick event Id=249, eMBMSSessionId=74 current size: 3770
[pool-36-thread-7] pick event Id=250, eMBMSSessionId=63 current size: 3769
[pool-36-thread-1] pick event Id=251, eMBMSSessionId=55 current size: 3768
[pool-36-thread-8] pick event Id=252, eMBMSSessionId=27 current size: 3767
[pool-36-thread-14] pick event Id=253, eMBMSSessionId=78 current size: 3766
[pool-36-thread-6] pick event Id=254, eMBMSSessionId=58 current size: 3765
[pool-36-thread-3] pick event Id=255, eMBMSSessionId=0 current size: 3764
[pool-36-thread-15] pick event Id=256, eMBMSSessionId=72 current size: 3763
[pool-36-thread-2] pick event Id=257, eMBMSSessionId=77 current size: 3762
[pool-36-thread-16] pick event Id=258, eMBMSSessionId=43 current size: 3761
[pool-36-thread-7] pick event Id=259, eMBMSSessionId=88 current size: 3760
[pool-36-thread-9] pick event Id=260, eMBMSSessionId=39 current size: 3759
[pool-36-thread-20] pick event Id=261, eMBMSSessionId=22 current size: 3758
[pool-36-thread-4] pick event Id=262, eMBMSSessionId=32 current size: 3757
[pool-36-thread-11] pick event Id=263, eMBMSSessionId=34 current size: 3756
[pool-36-thread-5] pick event Id=264, eMBMSSessionId=85 current size: 3755
[pool-36-thread-11] pick event Id=265, eMBMSSessionId=24 current size: 3754
[pool-36-thread-11] pick event Id=266, eMBMSSessionId=80 current size: 3753
[pool-36-thread-11] pick event Id=267, eMBMSSessionId=44 current size: 3752
[pool-36-thread-11] pick event Id=268, eMBMSSessionId=95 current size: 3751
[pool-36-thread-11] pick event Id=269, eMBMSSessionId=89 current size: 3750
[pool-36-thread-11] pick event Id=270, eMBMSSessionId=95 current size: 3749
[pool-36-thread-11] pick event Id=271, eMBMSSessionId=21 current size: 3748
[pool-36-thread-11] pick event Id=272, eMBMSSessionId=83 current size: 3747
[pool-36-thread-11] adds event Id=273, eMBMSSessionId=58 current size: 3747
[pool-36-thread-11] pick event Id=274, eMBMSSessionId=64 current size: 3746
[pool-36-thread-17] pick event Id=275, eMBMSSessionId=68 current size: 3745
[pool-36-thread-10] pick event Id=276, eMBMSSessionId=50 current size: 3744
[pool-36-thread-12] pick event Id=277, eMBMSSessionId=12 current size: 3743
[pool-36-thread-13] pick event Id=278, eMBMSSessionId=69 current size: 3742
[pool-36-thread-14] pick event Id=279, eMBMSSessionId=21 current size: 3741
[pool-36-thread-19] pick event Id=280, eMBMSSessionId=18 current size: 3740
pool-36-thread-6 reduces to 3739
[pool-36-thread-3] adds event Id=281, eMBMSSessionId=21 current size: 3739
[pool-36-thread-3] pick event Id=282, eMBMSSessionId=71 current size: 3738
[pool-36-thread-18] pick event Id=283, eMBMSSessionId=46 current size: 3737
[pool-36-thread-16] pick event Id=284, eMBMSSessionId=5 current size: 3736
[pool-36-thread-16] pick event Id=285, eMBMSSessionId=93 current size: 3735
[pool-36-thread-20] pick event Id=286, eMBMSSessionId=52 current size: 3734
[pool-36-thread-18] pick event Id=287, eMBMSSessionId=15 current size: 3733
[pool-36-thread-18] pick event Id=288, eMBMSSessionId=91 current size: 3732
[pool-36-thread-18] pick event Id=289, eMBMSSessionId=49 current size: 3731
[pool-36-thread-18] pick event Id=290, eMBMSSessionId=89 current size: 3730
[pool-36-thread-18] pick event Id=291, eMBMSSessionId=63 current size: 3729
[pool-36-thread-1] pick event Id=292, eMBMSSessionId=30 current size: 3728
[pool-36-thread-8] pick event Id=293, eMBMSSessionId=41 current size: 3727
[pool-36-thread-4] pick event Id=294, eMBMSSessionId=33 current size: 3726
[pool-36-thread-11] pick event Id=295, eMBMSSessionId=98 current size: 3725
pool-36-thread-14 reduces to 3724
[pool-36-thread-15] pick event Id=296, eMBMSSessionId=92 current size: 3723
[pool-36-thread-2] pick event Id=297, eMBMSSessionId=62 current size: 3722
[pool-36-thread-16] pick event Id=298, eMBMSSessionId=1 current size: 3721
[pool-36-thread-7] pick event Id=299, eMBMSSessionId=16 current size: 3720
[pool-36-thread-9] pick event Id=300, eMBMSSessionId=15 current size: 3719
[pool-36-thread-5] pick event Id=301, eMBMSSessionId=31 current size: 3718
[pool-36-thread-12] pick event Id=302, eMBMSSessionId=21 current size: 3717
[pool-36-thread-17] pick event Id=303, eMBMSSessionId=19 current size: 3716
[pool-36-thread-13] pick event Id=304, eMBMSSessionId=72 current size: 3715
[pool-36-thread-10] pick event Id=305, eMBMSSessionId=53 current size: 3714
[pool-36-thread-6] pick event Id=306, eMBMSSessionId=81 current size: 3713
[pool-36-thread-19] pick event Id=307, eMBMSSessionId=29 current size: 3712
[pool-36-thread-3] pick event Id=308, eMBMSSessionId=77 current size: 3711
[pool-36-thread-14] pick event Id=309, eMBMSSessionId=35 current size: 3710
[pool-36-thread-20] pick event Id=310, eMBMSSessionId=76 current size: 3709
[pool-36-thread-1] pick event Id=311, eMBMSSessionId=13 current size: 3708
[pool-36-thread-4] pick event Id=312, eMBMSSessionId=82 current size: 3707
[pool-36-thread-18] pick event Id=313, eMBMSSessionId=83 current size: 3706
[pool-36-thread-11] pick event Id=314, eMBMSSessionId=46 current size: 3705
[pool-36-thread-8] pick event Id=315, eMBMSSessionId=96 current size: 3704
[pool-36-thread-17] pick event Id=316, eMBMSSessionId=75 current size: 3703
[pool-36-thread-15] pick event Id=317, eMBMSSessionId=43 current size: 3702
[pool-36-thread-2] pick event Id=318, eMBMSSessionId=2 current size: 3701
[pool-36-thread-16] pick event Id=319, eMBMSSessionId=93 current size: 3700
[pool-36-thread-9] pick event Id=320, eMBMSSessionId=61 current size: 3699
[pool-36-thread-7] pick event Id=321, eMBMSSessionId=8 current size: 3698
[pool-36-thread-5] pick event Id=322, eMBMSSessionId=7 current size: 3697
[pool-36-thread-12] pick event Id=323, eMBMSSessionId=66 current size: 3696
[pool-36-thread-13] pick event Id=324, eMBMSSessionId=42 current size: 3695
[pool-36-thread-10] pick event Id=325, eMBMSSessionId=25 current size: 3694
[pool-36-thread-6] pick event Id=326, eMBMSSessionId=45 current size: 3693
[pool-36-thread-19] pick event Id=327, eMBMSSessionId=87 current size: 3692
[pool-36-thread-3] pick event Id=328, eMBMSSessionId=99 current size: 3691
[pool-36-thread-14] pick event Id=329, eMBMSSessionId=69 current size: 3690
[pool-36-thread-20] pick event Id=330, eMBMSSessionId=94 current size: 3689
[pool-36-thread-1] pick event Id=331, eMBMSSessionId=64 current size: 3688
[pool-36-thread-18] pick event Id=332, eMBMSSessionId=41 current size: 3687
[pool-36-thread-4] pick event Id=333, eMBMSSessionId=54 current size: 3686
[pool-36-thread-8] pick event Id=334, eMBMSSessionId=90 current size: 3685
[pool-36-thread-11] pick event Id=335, eMBMSSessionId=34 current size: 3684
[pool-36-thread-17] adds event Id=336, eMBMSSessionId=99 current size: 3684
[pool-36-thread-15] pick event Id=337, eMBMSSessionId=10 current size: 3683
pool-36-thread-3 reduces to 3682
[pool-36-thread-2] pick event Id=338, eMBMSSessionId=84 current size: 3681
[pool-36-thread-9] pick event Id=339, eMBMSSessionId=11 current size: 3680
[pool-36-thread-16] pick event Id=340, eMBMSSessionId=16 current size: 3679
[pool-36-thread-7] pick event Id=341, eMBMSSessionId=92 current size: 3678
[pool-36-thread-5] pick event Id=342, eMBMSSessionId=80 current size: 3677
[pool-36-thread-12] pick event Id=343, eMBMSSessionId=71 current size: 3676
[pool-36-thread-10] pick event Id=344, eMBMSSessionId=40 current size: 3675
[pool-36-thread-13] pick event Id=345, eMBMSSessionId=5 current size: 3674
[pool-36-thread-17] pick event Id=346, eMBMSSessionId=87 current size: 3673
[pool-36-thread-6] pick event Id=347, eMBMSSessionId=64 current size: 3672
[pool-36-thread-19] pick event Id=348, eMBMSSessionId=34 current size: 3671
[pool-36-thread-14] pick event Id=349, eMBMSSessionId=45 current size: 3670
[pool-36-thread-20] pick event Id=350, eMBMSSessionId=14 current size: 3669
[pool-36-thread-1] pick event Id=351, eMBMSSessionId=94 current size: 3668
[pool-36-thread-4] pick event Id=352, eMBMSSessionId=74 current size: 3667
[pool-36-thread-18] pick event Id=353, eMBMSSessionId=68 current size: 3666
[pool-36-thread-8] pick event Id=354, eMBMSSessionId=67 current size: 3665
[pool-36-thread-11] pick event Id=355, eMBMSSessionId=20 current size: 3664
[pool-36-thread-15] pick event Id=356, eMBMSSessionId=88 current size: 3663
[pool-36-thread-2] pick event Id=357, eMBMSSessionId=17 current size: 3662
[pool-36-thread-3] pick event Id=358, eMBMSSessionId=18 current size: 3661
[pool-36-thread-9] pick event Id=359, eMBMSSessionId=43 current size: 3660
[pool-36-thread-19] adds event Id=360, eMBMSSessionId=18 current size: 3660
[pool-36-thread-7] pick event Id=361, eMBMSSessionId=62 current size: 3659
[pool-36-thread-16] pick event Id=362, eMBMSSessionId=4 current size: 3658
[pool-36-thread-5] pick event Id=363, eMBMSSessionId=28 current size: 3657
[pool-36-thread-4] pick event Id=364, eMBMSSessionId=65 current size: 3656
[pool-36-thread-12] pick event Id=365, eMBMSSessionId=15 current size: 3655
[pool-36-thread-10] pick event Id=366, eMBMSSessionId=78 current size: 3654
[pool-36-thread-13] pick event Id=367, eMBMSSessionId=90 current size: 3653
[pool-36-thread-6] pick event Id=368, eMBMSSessionId=27 current size: 3652
[pool-36-thread-17] pick event Id=369, eMBMSSessionId=86 current size: 3651
[pool-36-thread-19] pick event Id=370, eMBMSSessionId=56 current size: 3650
pool-36-thread-3 reduces to 3649
[pool-36-thread-2] pick event Id=371, eMBMSSessionId=10 current size: 3648
[pool-36-thread-14] pick event Id=372, eMBMSSessionId=74 current size: 3647
[pool-36-thread-20] pick event Id=373, eMBMSSessionId=8 current size: 3646
[pool-36-thread-1] pick event Id=374, eMBMSSessionId=88 current size: 3645
[pool-36-thread-18] pick event Id=375, eMBMSSessionId=51 current size: 3644
[pool-36-thread-8] pick event Id=376, eMBMSSessionId=45 current size: 3643
[pool-36-thread-11] pick event Id=377, eMBMSSessionId=37 current size: 3642
[pool-36-thread-15] pick event Id=378, eMBMSSessionId=50 current size: 3641
[pool-36-thread-9] pick event Id=379, eMBMSSessionId=70 current size: 3640
[pool-36-thread-16] pick event Id=380, eMBMSSessionId=61 current size: 3639
[pool-36-thread-7] pick event Id=381, eMBMSSessionId=46 current size: 3638
[pool-36-thread-12] adds event Id=382, eMBMSSessionId=51 current size: 3638
[pool-36-thread-5] adds event Id=383, eMBMSSessionId=70 current size: 3638
[pool-36-thread-4] pick event Id=384, eMBMSSessionId=38 current size: 3637
[pool-36-thread-10] pick event Id=385, eMBMSSessionId=60 current size: 3636
pool-36-thread-18 reduces to 3635
[pool-36-thread-6] pick event Id=386, eMBMSSessionId=80 current size: 3634
[pool-36-thread-13] pick event Id=387, eMBMSSessionId=5 current size: 3633
[pool-36-thread-19] adds event Id=388, eMBMSSessionId=80 current size: 3633
[pool-36-thread-2] pick event Id=389, eMBMSSessionId=82 current size: 3632
[pool-36-thread-17] pick event Id=390, eMBMSSessionId=97 current size: 3631
[pool-36-thread-3] adds event Id=391, eMBMSSessionId=51 current size: 3631
[pool-36-thread-3] pick event Id=392, eMBMSSessionId=29 current size: 3630
pool-36-thread-9 reduces to 3629
[pool-36-thread-14] pick event Id=393, eMBMSSessionId=63 current size: 3628
[pool-36-thread-20] adds event Id=394, eMBMSSessionId=82 current size: 3628
[pool-36-thread-12] pick event Id=395, eMBMSSessionId=89 current size: 3627
[pool-36-thread-1] pick event Id=396, eMBMSSessionId=1 current size: 3626
[pool-36-thread-5] pick event Id=397, eMBMSSessionId=74 current size: 3625
[pool-36-thread-8] pick event Id=398, eMBMSSessionId=24 current size: 3624
pool-36-thread-6 reduces to 3623
pool-36-thread-18 reduces to 3622
[pool-36-thread-19] pick event Id=399, eMBMSSessionId=91 current size: 3621
[pool-36-thread-11] pick event Id=400, eMBMSSessionId=13 current size: 3620
[pool-36-thread-15] pick event Id=401, eMBMSSessionId=27 current size: 3619
pool-36-thread-2 reduces to 3618
[pool-36-thread-3] pick event Id=402, eMBMSSessionId=93 current size: 3617
[pool-36-thread-20] pick event Id=403, eMBMSSessionId=86 current size: 3616
[pool-36-thread-16] pick event Id=404, eMBMSSessionId=8 current size: 3615
[pool-36-thread-7] pick event Id=405, eMBMSSessionId=39 current size: 3614
[pool-36-thread-12] pick event Id=406, eMBMSSessionId=75 current size: 3613
[pool-36-thread-10] pick event Id=407, eMBMSSessionId=4 current size: 3612
[pool-36-thread-4] pick event Id=408, eMBMSSessionId=64 current size: 3611
[pool-36-thread-13] pick event Id=409, eMBMSSessionId=45 current size: 3610
[pool-36-thread-17] pick event Id=410, eMBMSSessionId=0 current size: 3609
[pool-36-thread-9] pick event Id=411, eMBMSSessionId=2 current size: 3608
[pool-36-thread-14] pick event Id=412, eMBMSSessionId=65 current size: 3607
[pool-36-thread-20] pick event Id=413, eMBMSSessionId=23 current size: 3606
[pool-36-thread-6] pick event Id=414, eMBMSSessionId=16 current size: 3605
[pool-36-thread-8] pick event Id=415, eMBMSSessionId=88 current size: 3604
[pool-36-thread-1] pick event Id=416, eMBMSSessionId=82 current size: 3603
[pool-36-thread-12] pick event Id=417, eMBMSSessionId=20 current size: 3602
[pool-36-thread-5] pick event Id=418, eMBMSSessionId=55 current size: 3601
[pool-36-thread-18] pick event Id=419, eMBMSSessionId=10 current size: 3600
[pool-36-thread-19] pick event Id=420, eMBMSSessionId=1 current size: 3599
[pool-36-thread-11] pick event Id=421, eMBMSSessionId=15 current size: 3598
[pool-36-thread-15] pick event Id=422, eMBMSSessionId=6 current size: 3597
[pool-36-thread-2] adds event Id=423, eMBMSSessionId=55 current size: 3597
[pool-36-thread-17] pick event Id=424, eMBMSSessionId=60 current size: 3596
[pool-36-thread-3] pick event Id=425, eMBMSSessionId=54 current size: 3595
[pool-36-thread-14] pick event Id=426, eMBMSSessionId=64 current size: 3594
[pool-36-thread-16] adds event Id=427, eMBMSSessionId=10 current size: 3594
[pool-36-thread-10] adds event Id=428, eMBMSSessionId=10 current size: 3594
[pool-36-thread-10] pick event Id=429, eMBMSSessionId=26 current size: 3593
[pool-36-thread-7] pick event Id=430, eMBMSSessionId=18 current size: 3592
[pool-36-thread-4] pick event Id=431, eMBMSSessionId=92 current size: 3591
[pool-36-thread-1] pick event Id=432, eMBMSSessionId=59 current size: 3590
pool-36-thread-18 reduces to 3589
[pool-36-thread-13] pick event Id=433, eMBMSSessionId=98 current size: 3588
pool-36-thread-5 reduces to 3587
[pool-36-thread-2] pick event Id=434, eMBMSSessionId=88 current size: 3586
[pool-36-thread-9] pick event Id=435, eMBMSSessionId=28 current size: 3585
[pool-36-thread-15] pick event Id=436, eMBMSSessionId=22 current size: 3584
[pool-36-thread-16] adds event Id=437, eMBMSSessionId=28 current size: 3584
[pool-36-thread-20] pick event Id=438, eMBMSSessionId=39 current size: 3583
[pool-36-thread-8] pick event Id=439, eMBMSSessionId=83 current size: 3582
[pool-36-thread-6] pick event Id=440, eMBMSSessionId=9 current size: 3581
[pool-36-thread-12] pick event Id=441, eMBMSSessionId=51 current size: 3580
[pool-36-thread-19] pick event Id=442, eMBMSSessionId=57 current size: 3579
pool-36-thread-18 reduces to 3578
[pool-36-thread-11] pick event Id=443, eMBMSSessionId=17 current size: 3577
pool-36-thread-9 reduces to 3576
[pool-36-thread-2] pick event Id=444, eMBMSSessionId=34 current size: 3575
[pool-36-thread-15] pick event Id=445, eMBMSSessionId=20 current size: 3574
[pool-36-thread-17] pick event Id=446, eMBMSSessionId=87 current size: 3573
[pool-36-thread-3] pick event Id=447, eMBMSSessionId=26 current size: 3572
[pool-36-thread-16] pick event Id=448, eMBMSSessionId=8 current size: 3571
[pool-36-thread-14] pick event Id=449, eMBMSSessionId=79 current size: 3570
[pool-36-thread-4] pick event Id=450, eMBMSSessionId=18 current size: 3569
[pool-36-thread-10] pick event Id=451, eMBMSSessionId=94 current size: 3568
[pool-36-thread-1] pick event Id=452, eMBMSSessionId=72 current size: 3567
[pool-36-thread-7] pick event Id=453, eMBMSSessionId=61 current size: 3566
[pool-36-thread-13] pick event Id=454, eMBMSSessionId=64 current size: 3565
[pool-36-thread-5] pick event Id=455, eMBMSSessionId=86 current size: 3564
[pool-36-thread-20] pick event Id=456, eMBMSSessionId=52 current size: 3563
[pool-36-thread-8] pick event Id=457, eMBMSSessionId=93 current size: 3562
[pool-36-thread-6] pick event Id=458, eMBMSSessionId=91 current size: 3561
[pool-36-thread-12] pick event Id=459, eMBMSSessionId=43 current size: 3560
[pool-36-thread-9] pick event Id=460, eMBMSSessionId=67 current size: 3559
[pool-36-thread-18] pick event Id=461, eMBMSSessionId=84 current size: 3558
[pool-36-thread-13] pick event Id=462, eMBMSSessionId=82 current size: 3557
[pool-36-thread-19] pick event Id=463, eMBMSSessionId=42 current size: 3556
[pool-36-thread-11] pick event Id=464, eMBMSSessionId=55 current size: 3555
[pool-36-thread-2] pick event Id=465, eMBMSSessionId=8 current size: 3554
[pool-36-thread-17] pick event Id=466, eMBMSSessionId=4 current size: 3553
[pool-36-thread-15] pick event Id=467, eMBMSSessionId=15 current size: 3552
[pool-36-thread-3] adds event Id=468, eMBMSSessionId=67 current size: 3552
[pool-36-thread-14] pick event Id=469, eMBMSSessionId=72 current size: 3551
[pool-36-thread-16] pick event Id=470, eMBMSSessionId=54 current size: 3550
[pool-36-thread-4] pick event Id=471, eMBMSSessionId=40 current size: 3549
[pool-36-thread-10] pick event Id=472, eMBMSSessionId=48 current size: 3548
[pool-36-thread-7] pick event Id=473, eMBMSSessionId=85 current size: 3547
[pool-36-thread-1] pick event Id=474, eMBMSSessionId=95 current size: 3546
pool-36-thread-9 reduces to 3545
[pool-36-thread-5] pick event Id=475, eMBMSSessionId=50 current size: 3544
[pool-36-thread-2] adds event Id=476, eMBMSSessionId=72 current size: 3544
[pool-36-thread-2] pick event Id=477, eMBMSSessionId=39 current size: 3543
[pool-36-thread-3] pick event Id=478, eMBMSSessionId=30 current size: 3542
pool-36-thread-14 reduces to 3541
[pool-36-thread-16] pick event Id=479, eMBMSSessionId=46 current size: 3540
[pool-36-thread-6] pick event Id=480, eMBMSSessionId=62 current size: 3539
[pool-36-thread-20] pick event Id=481, eMBMSSessionId=71 current size: 3538
[pool-36-thread-8] pick event Id=482, eMBMSSessionId=49 current size: 3537
[pool-36-thread-18] pick event Id=483, eMBMSSessionId=53 current size: 3536
[pool-36-thread-12] pick event Id=484, eMBMSSessionId=17 current size: 3535
[pool-36-thread-13] pick event Id=485, eMBMSSessionId=80 current size: 3534
[pool-36-thread-9] pick event Id=486, eMBMSSessionId=13 current size: 3533
[pool-36-thread-19] pick event Id=487, eMBMSSessionId=2 current size: 3532
[pool-36-thread-2] pick event Id=488, eMBMSSessionId=99 current size: 3531
[pool-36-thread-17] pick event Id=489, eMBMSSessionId=82 current size: 3530
[pool-36-thread-5] pick event Id=490, eMBMSSessionId=31 current size: 3529
[pool-36-thread-11] pick event Id=491, eMBMSSessionId=65 current size: 3528
[pool-36-thread-3] pick event Id=492, eMBMSSessionId=78 current size: 3527
[pool-36-thread-11] pick event Id=493, eMBMSSessionId=47 current size: 3526
[pool-36-thread-15] pick event Id=494, eMBMSSessionId=82 current size: 3525
[pool-36-thread-4] pick event Id=495, eMBMSSessionId=33 current size: 3524
[pool-36-thread-10] pick event Id=496, eMBMSSessionId=40 current size: 3523
[pool-36-thread-7] pick event Id=497, eMBMSSessionId=23 current size: 3522
[pool-36-thread-1] pick event Id=498, eMBMSSessionId=30 current size: 3521
[pool-36-thread-17] pick event Id=499, eMBMSSessionId=11 current size: 3520
[pool-36-thread-14] pick event Id=500, eMBMSSessionId=56 current size: 3519
[pool-36-thread-16] pick event Id=501, eMBMSSessionId=62 current size: 3518
[pool-36-thread-6] pick event Id=502, eMBMSSessionId=25 current size: 3517
[pool-36-thread-20] pick event Id=503, eMBMSSessionId=27 current size: 3516
[pool-36-thread-10] pick event Id=504, eMBMSSessionId=29 current size: 3515
[pool-36-thread-18] pick event Id=505, eMBMSSessionId=73 current size: 3514
[pool-36-thread-8] pick event Id=506, eMBMSSessionId=44 current size: 3513
[pool-36-thread-8] pick event Id=507, eMBMSSessionId=77 current size: 3512
[pool-36-thread-7] pick event Id=508, eMBMSSessionId=10 current size: 3511
[pool-36-thread-7] pick event Id=509, eMBMSSessionId=23 current size: 3510
[pool-36-thread-1] pick event Id=510, eMBMSSessionId=87 current size: 3509
[pool-36-thread-12] pick event Id=511, eMBMSSessionId=48 current size: 3508
[pool-36-thread-9] pick event Id=512, eMBMSSessionId=31 current size: 3507
[pool-36-thread-13] adds event Id=513, eMBMSSessionId=11 current size: 3507
[pool-36-thread-2] pick event Id=514, eMBMSSessionId=82 current size: 3506
[pool-36-thread-11] pick event Id=515, eMBMSSessionId=15 current size: 3505
[pool-36-thread-19] pick event Id=516, eMBMSSessionId=51 current size: 3504
[pool-36-thread-15] pick event Id=517, eMBMSSessionId=75 current size: 3503
pool-36-thread-17 reduces to 3502
[pool-36-thread-5] pick event Id=518, eMBMSSessionId=40 current size: 3501
testOverload end.
testFull begin.
[pool-37-thread-1] pick event Id=0, eMBMSSessionId=64 current size: 4998
[pool-37-thread-3] pick event Id=1, eMBMSSessionId=52 current size: 4997
[pool-37-thread-2] pick event Id=2, eMBMSSessionId=63 current size: 4996
[pool-37-thread-4] pick event Id=3, eMBMSSessionId=33 current size: 4995
[pool-37-thread-5] adds event Id=4, eMBMSSessionId=52 current size: 4995
[pool-37-thread-6] pick event Id=5, eMBMSSessionId=12 current size: 4994
[pool-37-thread-8] pick event Id=6, eMBMSSessionId=88 current size: 4993
[pool-37-thread-7] pick event Id=7, eMBMSSessionId=97 current size: 4992
[pool-37-thread-9] pick event Id=8, eMBMSSessionId=0 current size: 4991
[pool-37-thread-10] pick event Id=9, eMBMSSessionId=39 current size: 4990
[pool-37-thread-11] adds event Id=10, eMBMSSessionId=64 current size: 4990
[pool-37-thread-14] pick event Id=11, eMBMSSessionId=98 current size: 4989
[pool-37-thread-12] pick event Id=12, eMBMSSessionId=51 current size: 4988
[pool-37-thread-13] pick event Id=13, eMBMSSessionId=34 current size: 4987
[pool-37-thread-16] pick event Id=14, eMBMSSessionId=72 current size: 4986
[pool-37-thread-15] pick event Id=15, eMBMSSessionId=14 current size: 4985
[pool-37-thread-20] pick event Id=16, eMBMSSessionId=43 current size: 4984
[pool-37-thread-17] adds event Id=17, eMBMSSessionId=63 current size: 4984
[pool-37-thread-17] adds event Id=18, eMBMSSessionId=63 current size: 4984
[pool-37-thread-18] pick event Id=19, eMBMSSessionId=99 current size: 4983
[pool-37-thread-5] pick event Id=20, eMBMSSessionId=42 current size: 4982
[pool-37-thread-11] adds event Id=21, eMBMSSessionId=0 current size: 4982
[pool-37-thread-11] pick event Id=22, eMBMSSessionId=32 current size: 4981
[pool-37-thread-19] pick event Id=23, eMBMSSessionId=8 current size: 4980
[pool-37-thread-17] pick event Id=24, eMBMSSessionId=86 current size: 4979
event queue is full, will clear all data!
NbiEventCache is cleared with total events removed: 5029
testFull end.
4 times run start
testEventSequence begin.
testEventSequence end.
testSendRadomEmbmsSessionEvents begin.
testSendRadomEmbmsSessionEvents end.
testSendSameEmbmsSessionEvents begin.
testSendSameEmbmsSessionEvents end.
testSendNoSameEmbmsSessionEvents begin.
testSendNoSameEmbmsSessionEvents end.
testSendNoEmbmsSessionIdEvents begin.
testSendNoEmbmsSessionIdEvents end.
testOverload begin.
[pool-45-thread-1] pick event Id=0, eMBMSSessionId=47 current size: 4019
[pool-45-thread-2] pick event Id=1, eMBMSSessionId=91 current size: 4018
pool-45-thread-2 Discard NBI event &apos; Id=1, eMBMSSessionId=91&apos;, current queue size: 4018
[pool-45-thread-3] pick event Id=2, eMBMSSessionId=34 current size: 4017
[pool-45-thread-4] pick event Id=3, eMBMSSessionId=50 current size: 4016
pool-45-thread-1 Discard NBI event &apos; Id=0, eMBMSSessionId=47&apos;, current queue size: 4018
[pool-45-thread-5] pick event Id=4, eMBMSSessionId=98 current size: 4015
pool-45-thread-4 Discard NBI event &apos; Id=3, eMBMSSessionId=50&apos;, current queue size: 4015
pool-45-thread-3 Discard NBI event &apos; Id=2, eMBMSSessionId=34&apos;, current queue size: 4015
[pool-45-thread-6] pick event Id=5, eMBMSSessionId=73 current size: 4014
pool-45-thread-5 Discard NBI event &apos; Id=4, eMBMSSessionId=98&apos;, current queue size: 4015
pool-45-thread-6 Discard NBI event &apos; Id=5, eMBMSSessionId=73&apos;, current queue size: 4014
[pool-45-thread-7] pick event Id=6, eMBMSSessionId=94 current size: 4013
pool-45-thread-7 Discard NBI event &apos; Id=6, eMBMSSessionId=94&apos;, current queue size: 4013
[pool-45-thread-8] pick event Id=7, eMBMSSessionId=31 current size: 4012
[pool-45-thread-9] pick event Id=8, eMBMSSessionId=55 current size: 4011
[pool-45-thread-10] pick event Id=9, eMBMSSessionId=83 current size: 4010
pool-45-thread-10 Discard NBI event &apos; Id=9, eMBMSSessionId=83&apos;, current queue size: 4010
pool-45-thread-8 Discard NBI event &apos; Id=7, eMBMSSessionId=31&apos;, current queue size: 4011
[pool-45-thread-11] pick event Id=10, eMBMSSessionId=53 current size: 4009
pool-45-thread-11 Discard NBI event &apos; Id=10, eMBMSSessionId=53&apos;, current queue size: 4009
[pool-45-thread-12] pick event Id=11, eMBMSSessionId=72 current size: 4008
pool-45-thread-12 Discard NBI event &apos; Id=11, eMBMSSessionId=72&apos;, current queue size: 4008
pool-45-thread-9 Discard NBI event &apos; Id=8, eMBMSSessionId=55&apos;, current queue size: 4008
[pool-45-thread-13] pick event Id=12, eMBMSSessionId=79 current size: 4007
[pool-45-thread-14] pick event Id=13, eMBMSSessionId=58 current size: 4006
pool-45-thread-13 Discard NBI event &apos; Id=12, eMBMSSessionId=79&apos;, current queue size: 4006
[pool-45-thread-16] pick event Id=14, eMBMSSessionId=47 current size: 4005
[pool-45-thread-15] adds event Id=15, eMBMSSessionId=79 current size: 4005
pool-45-thread-14 Discard NBI event &apos; Id=13, eMBMSSessionId=58&apos;, current queue size: 4005
[pool-45-thread-18] pick event Id=16, eMBMSSessionId=56 current size: 4004
pool-45-thread-13 reduces to 4003
[pool-45-thread-17] pick event Id=17, eMBMSSessionId=34 current size: 4002
pool-45-thread-18 Discard NBI event &apos; Id=16, eMBMSSessionId=56&apos;, current queue size: 4003
pool-45-thread-16 Discard NBI event &apos; Id=14, eMBMSSessionId=47&apos;, current queue size: 4003
[pool-45-thread-19] pick event Id=18, eMBMSSessionId=31 current size: 4001
[pool-45-thread-20] pick event Id=19, eMBMSSessionId=87 current size: 4000
pool-45-thread-17 Discard NBI event &apos; Id=17, eMBMSSessionId=34&apos;, current queue size: 4000
[pool-45-thread-2] pick event Id=20, eMBMSSessionId=43 current size: 3999
pool-45-thread-19 Discard NBI event &apos; Id=18, eMBMSSessionId=31&apos;, current queue size: 4000
pool-45-thread-20 Discard NBI event &apos; Id=19, eMBMSSessionId=87&apos;, current queue size: 3999
[pool-45-thread-1] pick event Id=21, eMBMSSessionId=27 current size: 3998
[pool-45-thread-3] pick event Id=22, eMBMSSessionId=23 current size: 3997
[pool-45-thread-4] pick event Id=23, eMBMSSessionId=94 current size: 3996
pool-45-thread-13 Discard NBI event &apos; Id=15, eMBMSSessionId=79&apos;, current queue size: 3999
[pool-45-thread-5] pick event Id=24, eMBMSSessionId=62 current size: 3995
[pool-45-thread-6] pick event Id=25, eMBMSSessionId=1 current size: 3994
[pool-45-thread-10] pick event Id=26, eMBMSSessionId=97 current size: 3993
[pool-45-thread-8] pick event Id=27, eMBMSSessionId=52 current size: 3992
[pool-45-thread-7] adds event Id=28, eMBMSSessionId=1 current size: 3992
[pool-45-thread-11] pick event Id=29, eMBMSSessionId=77 current size: 3991
[pool-45-thread-12] pick event Id=30, eMBMSSessionId=50 current size: 3990
[pool-45-thread-9] pick event Id=31, eMBMSSessionId=20 current size: 3989
pool-45-thread-6 reduces to 3988
[pool-45-thread-15] pick event Id=32, eMBMSSessionId=18 current size: 3987
[pool-45-thread-14] pick event Id=33, eMBMSSessionId=27 current size: 3986
[pool-45-thread-16] pick event Id=34, eMBMSSessionId=11 current size: 3985
[pool-45-thread-18] pick event Id=35, eMBMSSessionId=82 current size: 3984
[pool-45-thread-17] pick event Id=36, eMBMSSessionId=51 current size: 3983
[pool-45-thread-4] pick event Id=37, eMBMSSessionId=72 current size: 3982
[pool-45-thread-20] pick event Id=38, eMBMSSessionId=22 current size: 3981
[pool-45-thread-19] pick event Id=39, eMBMSSessionId=71 current size: 3980
[pool-45-thread-1] pick event Id=40, eMBMSSessionId=84 current size: 3979
[pool-45-thread-3] pick event Id=41, eMBMSSessionId=82 current size: 3978
[pool-45-thread-13] pick event Id=42, eMBMSSessionId=90 current size: 3977
[pool-45-thread-2] pick event Id=43, eMBMSSessionId=78 current size: 3976
[pool-45-thread-7] pick event Id=44, eMBMSSessionId=94 current size: 3975
[pool-45-thread-10] pick event Id=45, eMBMSSessionId=23 current size: 3974
[pool-45-thread-8] pick event Id=46, eMBMSSessionId=69 current size: 3973
[pool-45-thread-5] pick event Id=47, eMBMSSessionId=74 current size: 3972
[pool-45-thread-12] adds event Id=48, eMBMSSessionId=84 current size: 3972
[pool-45-thread-11] pick event Id=49, eMBMSSessionId=55 current size: 3971
[pool-45-thread-18] pick event Id=50, eMBMSSessionId=96 current size: 3970
[pool-45-thread-9] pick event Id=51, eMBMSSessionId=26 current size: 3969
pool-45-thread-1 reduces to 3968
[pool-45-thread-6] pick event Id=52, eMBMSSessionId=72 current size: 3967
[pool-45-thread-15] pick event Id=53, eMBMSSessionId=46 current size: 3966
[pool-45-thread-17] adds event Id=54, eMBMSSessionId=96 current size: 3966
[pool-45-thread-14] pick event Id=55, eMBMSSessionId=41 current size: 3965
[pool-45-thread-16] pick event Id=56, eMBMSSessionId=34 current size: 3964
[pool-45-thread-4] pick event Id=57, eMBMSSessionId=93 current size: 3963
[pool-45-thread-7] pick event Id=58, eMBMSSessionId=20 current size: 3962
[pool-45-thread-20] pick event Id=59, eMBMSSessionId=45 current size: 3961
[pool-45-thread-12] pick event Id=60, eMBMSSessionId=38 current size: 3960
[pool-45-thread-8] pick event Id=61, eMBMSSessionId=94 current size: 3959
[pool-45-thread-19] pick event Id=62, eMBMSSessionId=30 current size: 3958
pool-45-thread-18 reduces to 3957
[pool-45-thread-3] pick event Id=63, eMBMSSessionId=25 current size: 3956
[pool-45-thread-9] pick event Id=64, eMBMSSessionId=39 current size: 3955
[pool-45-thread-9] pick event Id=65, eMBMSSessionId=87 current size: 3954
[pool-45-thread-9] pick event Id=66, eMBMSSessionId=76 current size: 3953
[pool-45-thread-17] pick event Id=67, eMBMSSessionId=8 current size: 3952
[pool-45-thread-17] adds event Id=68, eMBMSSessionId=45 current size: 3952
[pool-45-thread-17] pick event Id=69, eMBMSSessionId=64 current size: 3951
[pool-45-thread-15] pick event Id=70, eMBMSSessionId=89 current size: 3950
[pool-45-thread-10] pick event Id=71, eMBMSSessionId=26 current size: 3949
[pool-45-thread-10] pick event Id=72, eMBMSSessionId=4 current size: 3948
[pool-45-thread-2] pick event Id=73, eMBMSSessionId=53 current size: 3947
[pool-45-thread-14] pick event Id=74, eMBMSSessionId=41 current size: 3946
[pool-45-thread-13] pick event Id=75, eMBMSSessionId=19 current size: 3945
[pool-45-thread-16] pick event Id=76, eMBMSSessionId=70 current size: 3944
pool-45-thread-20 reduces to 3943
[pool-45-thread-5] pick event Id=77, eMBMSSessionId=46 current size: 3942
[pool-45-thread-6] pick event Id=78, eMBMSSessionId=49 current size: 3941
[pool-45-thread-11] pick event Id=79, eMBMSSessionId=59 current size: 3940
[pool-45-thread-17] pick event Id=80, eMBMSSessionId=56 current size: 3939
[pool-45-thread-1] pick event Id=81, eMBMSSessionId=78 current size: 3938
[pool-45-thread-4] pick event Id=82, eMBMSSessionId=47 current size: 3937
[pool-45-thread-7] pick event Id=83, eMBMSSessionId=48 current size: 3936
[pool-45-thread-12] pick event Id=84, eMBMSSessionId=28 current size: 3935
[pool-45-thread-8] pick event Id=85, eMBMSSessionId=99 current size: 3934
[pool-45-thread-19] pick event Id=86, eMBMSSessionId=50 current size: 3933
[pool-45-thread-18] pick event Id=87, eMBMSSessionId=75 current size: 3932
[pool-45-thread-9] pick event Id=88, eMBMSSessionId=15 current size: 3931
[pool-45-thread-3] pick event Id=89, eMBMSSessionId=72 current size: 3930
[pool-45-thread-15] pick event Id=90, eMBMSSessionId=2 current size: 3929
[pool-45-thread-1] pick event Id=91, eMBMSSessionId=78 current size: 3928
[pool-45-thread-10] pick event Id=92, eMBMSSessionId=34 current size: 3927
[pool-45-thread-2] pick event Id=93, eMBMSSessionId=63 current size: 3926
[pool-45-thread-14] pick event Id=94, eMBMSSessionId=12 current size: 3925
[pool-45-thread-13] pick event Id=95, eMBMSSessionId=43 current size: 3924
[pool-45-thread-16] pick event Id=96, eMBMSSessionId=95 current size: 3923
[pool-45-thread-20] pick event Id=97, eMBMSSessionId=10 current size: 3922
[pool-45-thread-7] adds event Id=98, eMBMSSessionId=78 current size: 3922
[pool-45-thread-5] pick event Id=99, eMBMSSessionId=54 current size: 3921
[pool-45-thread-11] pick event Id=100, eMBMSSessionId=4 current size: 3920
[pool-45-thread-6] pick event Id=101, eMBMSSessionId=56 current size: 3919
pool-45-thread-1 reduces to 3918
[pool-45-thread-17] pick event Id=102, eMBMSSessionId=38 current size: 3917
[pool-45-thread-4] pick event Id=103, eMBMSSessionId=90 current size: 3916
[pool-45-thread-7] adds event Id=104, eMBMSSessionId=78 current size: 3916
[pool-45-thread-12] pick event Id=105, eMBMSSessionId=0 current size: 3915
[pool-45-thread-19] pick event Id=106, eMBMSSessionId=44 current size: 3914
[pool-45-thread-8] pick event Id=107, eMBMSSessionId=41 current size: 3913
[pool-45-thread-9] adds event Id=108, eMBMSSessionId=44 current size: 3913
[pool-45-thread-18] pick event Id=109, eMBMSSessionId=5 current size: 3912
[pool-45-thread-3] pick event Id=110, eMBMSSessionId=62 current size: 3911
pool-45-thread-1 reduces to 3910
[pool-45-thread-15] pick event Id=111, eMBMSSessionId=35 current size: 3909
[pool-45-thread-10] pick event Id=112, eMBMSSessionId=83 current size: 3908
[pool-45-thread-2] pick event Id=113, eMBMSSessionId=19 current size: 3907
[pool-45-thread-16] pick event Id=114, eMBMSSessionId=24 current size: 3906
[pool-45-thread-4] pick event Id=115, eMBMSSessionId=20 current size: 3905
[pool-45-thread-13] adds event Id=116, eMBMSSessionId=78 current size: 3905
[pool-45-thread-14] adds event Id=117, eMBMSSessionId=35 current size: 3905
[pool-45-thread-14] pick event Id=118, eMBMSSessionId=16 current size: 3904
[pool-45-thread-7] pick event Id=119, eMBMSSessionId=73 current size: 3903
[pool-45-thread-20] pick event Id=120, eMBMSSessionId=49 current size: 3902
[pool-45-thread-5] pick event Id=121, eMBMSSessionId=2 current size: 3901
[pool-45-thread-9] pick event Id=122, eMBMSSessionId=12 current size: 3900
pool-45-thread-19 reduces to 3899
[pool-45-thread-11] pick event Id=123, eMBMSSessionId=7 current size: 3898
[pool-45-thread-19] pick event Id=124, eMBMSSessionId=74 current size: 3897
pool-45-thread-15 reduces to 3896
pool-45-thread-1 reduces to 3895
[pool-45-thread-6] pick event Id=125, eMBMSSessionId=10 current size: 3894
[pool-45-thread-17] pick event Id=126, eMBMSSessionId=96 current size: 3893
[pool-45-thread-13] pick event Id=127, eMBMSSessionId=86 current size: 3892
[pool-45-thread-12] pick event Id=128, eMBMSSessionId=80 current size: 3891
[pool-45-thread-8] pick event Id=129, eMBMSSessionId=13 current size: 3890
[pool-45-thread-18] pick event Id=130, eMBMSSessionId=87 current size: 3889
[pool-45-thread-3] adds event Id=131, eMBMSSessionId=74 current size: 3889
[pool-45-thread-10] pick event Id=132, eMBMSSessionId=14 current size: 3888
pool-45-thread-19 reduces to 3887
[pool-45-thread-2] pick event Id=133, eMBMSSessionId=28 current size: 3886
[pool-45-thread-16] pick event Id=134, eMBMSSessionId=11 current size: 3885
[pool-45-thread-4] pick event Id=135, eMBMSSessionId=59 current size: 3884
[pool-45-thread-7] pick event Id=136, eMBMSSessionId=96 current size: 3883
[pool-45-thread-14] pick event Id=137, eMBMSSessionId=81 current size: 3882
[pool-45-thread-20] pick event Id=138, eMBMSSessionId=25 current size: 3881
[pool-45-thread-5] pick event Id=139, eMBMSSessionId=82 current size: 3880
[pool-45-thread-9] adds event Id=140, eMBMSSessionId=87 current size: 3880
[pool-45-thread-11] pick event Id=141, eMBMSSessionId=10 current size: 3879
pool-45-thread-18 reduces to 3878
[pool-45-thread-3] pick event Id=142, eMBMSSessionId=2 current size: 3877
[pool-45-thread-15] pick event Id=143, eMBMSSessionId=73 current size: 3876
[pool-45-thread-1] pick event Id=144, eMBMSSessionId=39 current size: 3875
[pool-45-thread-6] pick event Id=145, eMBMSSessionId=37 current size: 3874
[pool-45-thread-17] pick event Id=146, eMBMSSessionId=95 current size: 3873
[pool-45-thread-13] pick event Id=147, eMBMSSessionId=44 current size: 3872
[pool-45-thread-16] pick event Id=148, eMBMSSessionId=11 current size: 3871
[pool-45-thread-9] pick event Id=149, eMBMSSessionId=45 current size: 3870
[pool-45-thread-20] pick event Id=150, eMBMSSessionId=67 current size: 3869
[pool-45-thread-8] pick event Id=151, eMBMSSessionId=91 current size: 3868
[pool-45-thread-12] pick event Id=152, eMBMSSessionId=59 current size: 3867
[pool-45-thread-18] pick event Id=153, eMBMSSessionId=2 current size: 3866
[pool-45-thread-19] pick event Id=154, eMBMSSessionId=61 current size: 3865
[pool-45-thread-2] pick event Id=155, eMBMSSessionId=72 current size: 3864
[pool-45-thread-10] pick event Id=156, eMBMSSessionId=53 current size: 3863
[pool-45-thread-6] pick event Id=157, eMBMSSessionId=10 current size: 3862
[pool-45-thread-4] pick event Id=158, eMBMSSessionId=77 current size: 3861
[pool-45-thread-7] adds event Id=159, eMBMSSessionId=61 current size: 3861
[pool-45-thread-14] pick event Id=160, eMBMSSessionId=3 current size: 3860
[pool-45-thread-5] pick event Id=161, eMBMSSessionId=24 current size: 3859
[pool-45-thread-11] pick event Id=162, eMBMSSessionId=17 current size: 3858
[pool-45-thread-3] pick event Id=163, eMBMSSessionId=99 current size: 3857
[pool-45-thread-15] adds event Id=164, eMBMSSessionId=2 current size: 3857
[pool-45-thread-1] pick event Id=165, eMBMSSessionId=73 current size: 3856
pool-45-thread-18 reduces to 3855
pool-45-thread-19 reduces to 3854
[pool-45-thread-13] pick event Id=166, eMBMSSessionId=33 current size: 3853
[pool-45-thread-4] pick event Id=167, eMBMSSessionId=6 current size: 3852
[pool-45-thread-7] pick event Id=168, eMBMSSessionId=1 current size: 3851
[pool-45-thread-17] pick event Id=169, eMBMSSessionId=42 current size: 3850
[pool-45-thread-16] pick event Id=170, eMBMSSessionId=91 current size: 3849
[pool-45-thread-14] pick event Id=171, eMBMSSessionId=45 current size: 3848
[pool-45-thread-9] pick event Id=172, eMBMSSessionId=44 current size: 3847
[pool-45-thread-5] pick event Id=173, eMBMSSessionId=37 current size: 3846
[pool-45-thread-20] pick event Id=174, eMBMSSessionId=13 current size: 3845
[pool-45-thread-14] pick event Id=175, eMBMSSessionId=70 current size: 3844
[pool-45-thread-8] pick event Id=176, eMBMSSessionId=14 current size: 3843
[pool-45-thread-15] adds event Id=177, eMBMSSessionId=1 current size: 3843
[pool-45-thread-12] pick event Id=178, eMBMSSessionId=8 current size: 3842
[pool-45-thread-10] pick event Id=179, eMBMSSessionId=43 current size: 3841
[pool-45-thread-2] adds event Id=180, eMBMSSessionId=42 current size: 3841
[pool-45-thread-6] adds event Id=181, eMBMSSessionId=61 current size: 3841
pool-45-thread-19 reduces to 3840
pool-45-thread-7 reduces to 3839
pool-45-thread-17 reduces to 3838
[pool-45-thread-3] pick event Id=182, eMBMSSessionId=71 current size: 3837
[pool-45-thread-11] pick event Id=183, eMBMSSessionId=96 current size: 3836
[pool-45-thread-5] pick event Id=184, eMBMSSessionId=35 current size: 3835
[pool-45-thread-15] pick event Id=185, eMBMSSessionId=94 current size: 3834
[pool-45-thread-18] pick event Id=186, eMBMSSessionId=77 current size: 3833
[pool-45-thread-1] pick event Id=187, eMBMSSessionId=37 current size: 3832
[pool-45-thread-2] pick event Id=188, eMBMSSessionId=76 current size: 3831
[pool-45-thread-6] pick event Id=189, eMBMSSessionId=24 current size: 3830
[pool-45-thread-4] adds event Id=190, eMBMSSessionId=96 current size: 3830
[pool-45-thread-13] pick event Id=191, eMBMSSessionId=89 current size: 3829
[pool-45-thread-16] pick event Id=192, eMBMSSessionId=92 current size: 3828
[pool-45-thread-9] pick event Id=193, eMBMSSessionId=82 current size: 3827
pool-45-thread-11 reduces to 3826
[pool-45-thread-20] pick event Id=194, eMBMSSessionId=23 current size: 3825
[pool-45-thread-14] pick event Id=195, eMBMSSessionId=65 current size: 3824
[pool-45-thread-5] pick event Id=196, eMBMSSessionId=29 current size: 3823
[pool-45-thread-8] pick event Id=197, eMBMSSessionId=58 current size: 3822
[pool-45-thread-12] pick event Id=198, eMBMSSessionId=19 current size: 3821
[pool-45-thread-10] pick event Id=199, eMBMSSessionId=34 current size: 3820
[pool-45-thread-4] pick event Id=200, eMBMSSessionId=33 current size: 3819
[pool-45-thread-19] pick event Id=201, eMBMSSessionId=52 current size: 3818
[pool-45-thread-7] pick event Id=202, eMBMSSessionId=10 current size: 3817
[pool-45-thread-17] pick event Id=203, eMBMSSessionId=97 current size: 3816
[pool-45-thread-13] pick event Id=204, eMBMSSessionId=86 current size: 3815
[pool-45-thread-3] pick event Id=205, eMBMSSessionId=76 current size: 3814
[pool-45-thread-15] pick event Id=206, eMBMSSessionId=80 current size: 3813
[pool-45-thread-18] pick event Id=207, eMBMSSessionId=41 current size: 3812
[pool-45-thread-1] pick event Id=208, eMBMSSessionId=98 current size: 3811
[pool-45-thread-2] pick event Id=209, eMBMSSessionId=31 current size: 3810
[pool-45-thread-8] pick event Id=210, eMBMSSessionId=79 current size: 3809
[pool-45-thread-6] pick event Id=211, eMBMSSessionId=45 current size: 3808
[pool-45-thread-16] pick event Id=212, eMBMSSessionId=71 current size: 3807
[pool-45-thread-19] pick event Id=213, eMBMSSessionId=3 current size: 3806
[pool-45-thread-9] pick event Id=214, eMBMSSessionId=47 current size: 3805
[pool-45-thread-20] pick event Id=215, eMBMSSessionId=89 current size: 3804
[pool-45-thread-11] pick event Id=216, eMBMSSessionId=40 current size: 3803
[pool-45-thread-14] pick event Id=217, eMBMSSessionId=0 current size: 3802
[pool-45-thread-5] pick event Id=218, eMBMSSessionId=64 current size: 3801
[pool-45-thread-12] pick event Id=219, eMBMSSessionId=74 current size: 3800
[pool-45-thread-18] adds event Id=220, eMBMSSessionId=74 current size: 3800
[pool-45-thread-10] pick event Id=221, eMBMSSessionId=26 current size: 3799
[pool-45-thread-4] adds event Id=222, eMBMSSessionId=45 current size: 3799
pool-45-thread-6 reduces to 3798
[pool-45-thread-2] pick event Id=223, eMBMSSessionId=25 current size: 3797
[pool-45-thread-7] pick event Id=224, eMBMSSessionId=15 current size: 3796
[pool-45-thread-17] adds event Id=225, eMBMSSessionId=45 current size: 3796
[pool-45-thread-19] pick event Id=226, eMBMSSessionId=21 current size: 3795
[pool-45-thread-13] pick event Id=227, eMBMSSessionId=19 current size: 3794
[pool-45-thread-9] pick event Id=228, eMBMSSessionId=61 current size: 3793
[pool-45-thread-3] pick event Id=229, eMBMSSessionId=39 current size: 3792
[pool-45-thread-15] pick event Id=230, eMBMSSessionId=51 current size: 3791
[pool-45-thread-1] pick event Id=231, eMBMSSessionId=32 current size: 3790
[pool-45-thread-18] pick event Id=232, eMBMSSessionId=99 current size: 3789
pool-45-thread-12 reduces to 3788
[pool-45-thread-8] pick event Id=233, eMBMSSessionId=67 current size: 3787
[pool-45-thread-4] adds event Id=234, eMBMSSessionId=26 current size: 3787
pool-45-thread-10 reduces to 3786
pool-45-thread-6 reduces to 3785
[pool-45-thread-16] pick event Id=235, eMBMSSessionId=24 current size: 3784
[pool-45-thread-17] pick event Id=236, eMBMSSessionId=9 current size: 3783
[pool-45-thread-20] adds event Id=237, eMBMSSessionId=9 current size: 3783
[pool-45-thread-11] pick event Id=238, eMBMSSessionId=55 current size: 3782
[pool-45-thread-9] pick event Id=239, eMBMSSessionId=11 current size: 3781
[pool-45-thread-14] pick event Id=240, eMBMSSessionId=73 current size: 3780
[pool-45-thread-5] pick event Id=241, eMBMSSessionId=75 current size: 3779
[pool-45-thread-4] adds event Id=242, eMBMSSessionId=45 current size: 3779
[pool-45-thread-2] pick event Id=243, eMBMSSessionId=77 current size: 3778
pool-45-thread-6 reduces to 3777
[pool-45-thread-7] pick event Id=244, eMBMSSessionId=7 current size: 3776
[pool-45-thread-20] adds event Id=245, eMBMSSessionId=24 current size: 3776
pool-45-thread-16 reduces to 3775
pool-45-thread-17 reduces to 3774
[pool-45-thread-19] pick event Id=246, eMBMSSessionId=96 current size: 3773
[pool-45-thread-13] pick event Id=247, eMBMSSessionId=1 current size: 3772
[pool-45-thread-3] pick event Id=248, eMBMSSessionId=29 current size: 3771
[pool-45-thread-15] pick event Id=249, eMBMSSessionId=12 current size: 3770
[pool-45-thread-11] pick event Id=250, eMBMSSessionId=14 current size: 3769
[pool-45-thread-1] pick event Id=251, eMBMSSessionId=27 current size: 3768
[pool-45-thread-12] pick event Id=252, eMBMSSessionId=92 current size: 3767
[pool-45-thread-15] pick event Id=253, eMBMSSessionId=67 current size: 3766
[pool-45-thread-4] pick event Id=254, eMBMSSessionId=11 current size: 3765
[pool-45-thread-4] pick event Id=255, eMBMSSessionId=82 current size: 3764
[pool-45-thread-4] pick event Id=256, eMBMSSessionId=40 current size: 3763
[pool-45-thread-8] pick event Id=257, eMBMSSessionId=19 current size: 3762
[pool-45-thread-18] adds event Id=258, eMBMSSessionId=19 current size: 3762
[pool-45-thread-18] pick event Id=259, eMBMSSessionId=79 current size: 3761
[pool-45-thread-10] pick event Id=260, eMBMSSessionId=62 current size: 3760
[pool-45-thread-2] pick event Id=261, eMBMSSessionId=16 current size: 3759
[pool-45-thread-2] pick event Id=262, eMBMSSessionId=82 current size: 3758
[pool-45-thread-20] pick event Id=263, eMBMSSessionId=4 current size: 3757
[pool-45-thread-7] pick event Id=264, eMBMSSessionId=36 current size: 3756
[pool-45-thread-7] pick event Id=265, eMBMSSessionId=47 current size: 3755
[pool-45-thread-17] pick event Id=266, eMBMSSessionId=71 current size: 3754
[pool-45-thread-19] pick event Id=267, eMBMSSessionId=9 current size: 3753
[pool-45-thread-3] pick event Id=268, eMBMSSessionId=57 current size: 3752
[pool-45-thread-16] pick event Id=269, eMBMSSessionId=43 current size: 3751
[pool-45-thread-9] pick event Id=270, eMBMSSessionId=18 current size: 3750
[pool-45-thread-16] adds event Id=271, eMBMSSessionId=40 current size: 3750
[pool-45-thread-16] pick event Id=272, eMBMSSessionId=29 current size: 3749
[pool-45-thread-14] pick event Id=273, eMBMSSessionId=56 current size: 3748
[pool-45-thread-1] pick event Id=274, eMBMSSessionId=69 current size: 3747
[pool-45-thread-1] adds event Id=275, eMBMSSessionId=29 current size: 3747
[pool-45-thread-5] pick event Id=276, eMBMSSessionId=41 current size: 3746
pool-45-thread-8 reduces to 3745
[pool-45-thread-6] pick event Id=277, eMBMSSessionId=55 current size: 3744
pool-45-thread-4 reduces to 3743
[pool-45-thread-10] pick event Id=278, eMBMSSessionId=66 current size: 3742
[pool-45-thread-13] pick event Id=279, eMBMSSessionId=13 current size: 3741
pool-45-thread-16 reduces to 3740
[pool-45-thread-11] pick event Id=280, eMBMSSessionId=23 current size: 3739
[pool-45-thread-9] pick event Id=281, eMBMSSessionId=48 current size: 3738
[pool-45-thread-1] pick event Id=282, eMBMSSessionId=84 current size: 3737
[pool-45-thread-15] pick event Id=283, eMBMSSessionId=25 current size: 3736
[pool-45-thread-12] adds event Id=284, eMBMSSessionId=29 current size: 3736
[pool-45-thread-12] pick event Id=285, eMBMSSessionId=75 current size: 3735
[pool-45-thread-12] pick event Id=286, eMBMSSessionId=75 current size: 3734
[pool-45-thread-12] pick event Id=287, eMBMSSessionId=59 current size: 3733
[pool-45-thread-12] pick event Id=288, eMBMSSessionId=86 current size: 3732
[pool-45-thread-12] pick event Id=289, eMBMSSessionId=93 current size: 3731
[pool-45-thread-2] pick event Id=290, eMBMSSessionId=53 current size: 3730
[pool-45-thread-7] pick event Id=291, eMBMSSessionId=40 current size: 3729
[pool-45-thread-18] pick event Id=292, eMBMSSessionId=55 current size: 3728
[pool-45-thread-17] pick event Id=293, eMBMSSessionId=78 current size: 3727
[pool-45-thread-13] pick event Id=294, eMBMSSessionId=19 current size: 3726
[pool-45-thread-13] pick event Id=295, eMBMSSessionId=85 current size: 3725
[pool-45-thread-20] pick event Id=296, eMBMSSessionId=45 current size: 3724
[pool-45-thread-19] pick event Id=297, eMBMSSessionId=72 current size: 3723
[pool-45-thread-3] pick event Id=298, eMBMSSessionId=62 current size: 3722
pool-45-thread-16 reduces to 3721
[pool-45-thread-14] pick event Id=299, eMBMSSessionId=59 current size: 3720
[pool-45-thread-5] pick event Id=300, eMBMSSessionId=12 current size: 3719
[pool-45-thread-10] pick event Id=301, eMBMSSessionId=98 current size: 3718
[pool-45-thread-5] pick event Id=302, eMBMSSessionId=12 current size: 3717
[pool-45-thread-8] pick event Id=303, eMBMSSessionId=99 current size: 3716
[pool-45-thread-12] pick event Id=304, eMBMSSessionId=8 current size: 3715
[pool-45-thread-4] pick event Id=305, eMBMSSessionId=36 current size: 3714
[pool-45-thread-6] pick event Id=306, eMBMSSessionId=11 current size: 3713
[pool-45-thread-7] pick event Id=307, eMBMSSessionId=80 current size: 3712
[pool-45-thread-7] pick event Id=308, eMBMSSessionId=58 current size: 3711
[pool-45-thread-1] pick event Id=309, eMBMSSessionId=25 current size: 3710
[pool-45-thread-9] pick event Id=310, eMBMSSessionId=60 current size: 3709
[pool-45-thread-11] adds event Id=311, eMBMSSessionId=36 current size: 3709
[pool-45-thread-15] pick event Id=312, eMBMSSessionId=79 current size: 3708
[pool-45-thread-14] pick event Id=313, eMBMSSessionId=82 current size: 3707
[pool-45-thread-10] pick event Id=314, eMBMSSessionId=68 current size: 3706
[pool-45-thread-2] pick event Id=315, eMBMSSessionId=14 current size: 3705
pool-45-thread-4 reduces to 3704
[pool-45-thread-18] pick event Id=316, eMBMSSessionId=21 current size: 3703
[pool-45-thread-13] pick event Id=317, eMBMSSessionId=78 current size: 3702
[pool-45-thread-17] pick event Id=318, eMBMSSessionId=77 current size: 3701
[pool-45-thread-20] pick event Id=319, eMBMSSessionId=85 current size: 3700
[pool-45-thread-3] pick event Id=320, eMBMSSessionId=95 current size: 3699
[pool-45-thread-19] pick event Id=321, eMBMSSessionId=38 current size: 3698
[pool-45-thread-7] pick event Id=322, eMBMSSessionId=80 current size: 3697
[pool-45-thread-16] pick event Id=323, eMBMSSessionId=6 current size: 3696
[pool-45-thread-11] pick event Id=324, eMBMSSessionId=12 current size: 3695
[pool-45-thread-5] pick event Id=325, eMBMSSessionId=76 current size: 3694
[pool-45-thread-8] pick event Id=326, eMBMSSessionId=24 current size: 3693
[pool-45-thread-10] pick event Id=327, eMBMSSessionId=7 current size: 3692
[pool-45-thread-12] pick event Id=328, eMBMSSessionId=52 current size: 3691
[pool-45-thread-6] pick event Id=329, eMBMSSessionId=37 current size: 3690
[pool-45-thread-1] pick event Id=330, eMBMSSessionId=85 current size: 3689
[pool-45-thread-7] pick event Id=331, eMBMSSessionId=64 current size: 3688
[pool-45-thread-9] pick event Id=332, eMBMSSessionId=31 current size: 3687
[pool-45-thread-15] pick event Id=333, eMBMSSessionId=67 current size: 3686
[pool-45-thread-14] pick event Id=334, eMBMSSessionId=74 current size: 3685
[pool-45-thread-5] pick event Id=335, eMBMSSessionId=89 current size: 3684
[pool-45-thread-4] pick event Id=336, eMBMSSessionId=59 current size: 3683
[pool-45-thread-2] pick event Id=337, eMBMSSessionId=17 current size: 3682
[pool-45-thread-18] pick event Id=338, eMBMSSessionId=19 current size: 3681
[pool-45-thread-13] pick event Id=339, eMBMSSessionId=66 current size: 3680
[pool-45-thread-20] pick event Id=340, eMBMSSessionId=60 current size: 3679
[pool-45-thread-6] pick event Id=341, eMBMSSessionId=48 current size: 3678
[pool-45-thread-19] pick event Id=342, eMBMSSessionId=87 current size: 3677
[pool-45-thread-17] adds event Id=343, eMBMSSessionId=87 current size: 3677
[pool-45-thread-3] adds event Id=344, eMBMSSessionId=59 current size: 3677
[pool-45-thread-16] pick event Id=345, eMBMSSessionId=16 current size: 3676
[pool-45-thread-7] pick event Id=346, eMBMSSessionId=64 current size: 3675
[pool-45-thread-1] pick event Id=347, eMBMSSessionId=27 current size: 3674
[pool-45-thread-11] pick event Id=348, eMBMSSessionId=13 current size: 3673
[pool-45-thread-1] pick event Id=349, eMBMSSessionId=25 current size: 3672
[pool-45-thread-14] adds event Id=350, eMBMSSessionId=64 current size: 3672
[pool-45-thread-14] pick event Id=351, eMBMSSessionId=91 current size: 3671
[pool-45-thread-8] pick event Id=352, eMBMSSessionId=78 current size: 3670
pool-45-thread-4 reduces to 3669
[pool-45-thread-12] pick event Id=353, eMBMSSessionId=68 current size: 3668
[pool-45-thread-10] pick event Id=354, eMBMSSessionId=30 current size: 3667
pool-45-thread-19 reduces to 3666
[pool-45-thread-17] pick event Id=355, eMBMSSessionId=13 current size: 3665
[pool-45-thread-16] pick event Id=356, eMBMSSessionId=70 current size: 3664
pool-45-thread-7 reduces to 3663
[pool-45-thread-3] pick event Id=357, eMBMSSessionId=14 current size: 3662
[pool-45-thread-11] pick event Id=358, eMBMSSessionId=42 current size: 3661
[pool-45-thread-9] pick event Id=359, eMBMSSessionId=79 current size: 3660
[pool-45-thread-15] pick event Id=360, eMBMSSessionId=54 current size: 3659
[pool-45-thread-5] pick event Id=361, eMBMSSessionId=55 current size: 3658
[pool-45-thread-2] pick event Id=362, eMBMSSessionId=90 current size: 3657
[pool-45-thread-18] pick event Id=363, eMBMSSessionId=11 current size: 3656
[pool-45-thread-13] pick event Id=364, eMBMSSessionId=96 current size: 3655
[pool-45-thread-20] pick event Id=365, eMBMSSessionId=9 current size: 3654
[pool-45-thread-6] pick event Id=366, eMBMSSessionId=20 current size: 3653
[pool-45-thread-1] pick event Id=367, eMBMSSessionId=45 current size: 3652
[pool-45-thread-14] pick event Id=368, eMBMSSessionId=6 current size: 3651
[pool-45-thread-8] pick event Id=369, eMBMSSessionId=68 current size: 3650
[pool-45-thread-4] pick event Id=370, eMBMSSessionId=29 current size: 3649
[pool-45-thread-12] pick event Id=371, eMBMSSessionId=47 current size: 3648
[pool-45-thread-10] adds event Id=372, eMBMSSessionId=6 current size: 3648
[pool-45-thread-19] adds event Id=373, eMBMSSessionId=6 current size: 3648
[pool-45-thread-16] pick event Id=374, eMBMSSessionId=83 current size: 3647
[pool-45-thread-17] pick event Id=375, eMBMSSessionId=65 current size: 3646
[pool-45-thread-6] pick event Id=376, eMBMSSessionId=4 current size: 3645
[pool-45-thread-7] pick event Id=377, eMBMSSessionId=16 current size: 3644
[pool-45-thread-15] pick event Id=378, eMBMSSessionId=7 current size: 3643
[pool-45-thread-3] pick event Id=379, eMBMSSessionId=52 current size: 3642
[pool-45-thread-9] pick event Id=380, eMBMSSessionId=64 current size: 3641
[pool-45-thread-11] pick event Id=381, eMBMSSessionId=35 current size: 3640
[pool-45-thread-5] pick event Id=382, eMBMSSessionId=81 current size: 3639
pool-45-thread-14 reduces to 3638
[pool-45-thread-2] pick event Id=383, eMBMSSessionId=78 current size: 3637
[pool-45-thread-8] pick event Id=384, eMBMSSessionId=74 current size: 3636
[pool-45-thread-10] pick event Id=385, eMBMSSessionId=21 current size: 3635
[pool-45-thread-13] pick event Id=386, eMBMSSessionId=77 current size: 3634
[pool-45-thread-18] pick event Id=387, eMBMSSessionId=29 current size: 3633
[pool-45-thread-19] pick event Id=388, eMBMSSessionId=0 current size: 3632
[pool-45-thread-20] pick event Id=389, eMBMSSessionId=49 current size: 3631
[pool-45-thread-1] adds event Id=390, eMBMSSessionId=52 current size: 3631
pool-45-thread-3 reduces to 3630
[pool-45-thread-4] pick event Id=391, eMBMSSessionId=25 current size: 3629
pool-45-thread-14 reduces to 3628
[pool-45-thread-12] pick event Id=392, eMBMSSessionId=15 current size: 3627
[pool-45-thread-16] pick event Id=393, eMBMSSessionId=98 current size: 3626
[pool-45-thread-18] pick event Id=394, eMBMSSessionId=84 current size: 3625
[pool-45-thread-17] pick event Id=395, eMBMSSessionId=60 current size: 3624
[pool-45-thread-7] pick event Id=396, eMBMSSessionId=62 current size: 3623
[pool-45-thread-6] pick event Id=397, eMBMSSessionId=4 current size: 3622
[pool-45-thread-15] pick event Id=398, eMBMSSessionId=33 current size: 3621
[pool-45-thread-1] pick event Id=399, eMBMSSessionId=83 current size: 3620
[pool-45-thread-9] pick event Id=400, eMBMSSessionId=57 current size: 3619
[pool-45-thread-11] pick event Id=401, eMBMSSessionId=12 current size: 3618
[pool-45-thread-5] pick event Id=402, eMBMSSessionId=21 current size: 3617
[pool-45-thread-2] pick event Id=403, eMBMSSessionId=7 current size: 3616
[pool-45-thread-10] pick event Id=404, eMBMSSessionId=18 current size: 3615
[pool-45-thread-8] pick event Id=405, eMBMSSessionId=42 current size: 3614
[pool-45-thread-13] pick event Id=406, eMBMSSessionId=35 current size: 3613
[pool-45-thread-19] pick event Id=407, eMBMSSessionId=31 current size: 3612
[pool-45-thread-20] pick event Id=408, eMBMSSessionId=10 current size: 3611
[pool-45-thread-17] pick event Id=409, eMBMSSessionId=62 current size: 3610
[pool-45-thread-3] pick event Id=410, eMBMSSessionId=45 current size: 3609
[pool-45-thread-4] pick event Id=411, eMBMSSessionId=74 current size: 3608
[pool-45-thread-14] adds event Id=412, eMBMSSessionId=62 current size: 3608
[pool-45-thread-12] pick event Id=413, eMBMSSessionId=33 current size: 3607
[pool-45-thread-16] pick event Id=414, eMBMSSessionId=67 current size: 3606
[pool-45-thread-18] pick event Id=415, eMBMSSessionId=41 current size: 3605
[pool-45-thread-7] pick event Id=416, eMBMSSessionId=0 current size: 3604
[pool-45-thread-15] pick event Id=417, eMBMSSessionId=38 current size: 3603
[pool-45-thread-6] pick event Id=418, eMBMSSessionId=4 current size: 3602
pool-45-thread-17 reduces to 3601
[pool-45-thread-1] adds event Id=419, eMBMSSessionId=38 current size: 3601
[pool-45-thread-1] pick event Id=420, eMBMSSessionId=82 current size: 3600
[pool-45-thread-9] pick event Id=421, eMBMSSessionId=15 current size: 3599
[pool-45-thread-2] pick event Id=422, eMBMSSessionId=52 current size: 3598
[pool-45-thread-11] pick event Id=423, eMBMSSessionId=88 current size: 3597
[pool-45-thread-5] pick event Id=424, eMBMSSessionId=87 current size: 3596
[pool-45-thread-14] pick event Id=425, eMBMSSessionId=77 current size: 3595
[pool-45-thread-10] pick event Id=426, eMBMSSessionId=19 current size: 3594
[pool-45-thread-13] pick event Id=427, eMBMSSessionId=43 current size: 3593
[pool-45-thread-14] adds event Id=428, eMBMSSessionId=62 current size: 3593
[pool-45-thread-8] pick event Id=429, eMBMSSessionId=77 current size: 3592
[pool-45-thread-12] pick event Id=430, eMBMSSessionId=86 current size: 3591
[pool-45-thread-16] adds event Id=431, eMBMSSessionId=52 current size: 3591
[pool-45-thread-16] pick event Id=432, eMBMSSessionId=59 current size: 3590
[pool-45-thread-19] pick event Id=433, eMBMSSessionId=7 current size: 3589
[pool-45-thread-20] pick event Id=434, eMBMSSessionId=92 current size: 3588
pool-45-thread-15 reduces to 3587
pool-45-thread-17 reduces to 3586
[pool-45-thread-3] pick event Id=435, eMBMSSessionId=22 current size: 3585
[pool-45-thread-4] pick event Id=436, eMBMSSessionId=24 current size: 3584
pool-45-thread-2 reduces to 3583
[pool-45-thread-14] pick event Id=437, eMBMSSessionId=1 current size: 3582
[pool-45-thread-8] pick event Id=438, eMBMSSessionId=32 current size: 3581
[pool-45-thread-18] pick event Id=439, eMBMSSessionId=17 current size: 3580
[pool-45-thread-7] adds event Id=440, eMBMSSessionId=1 current size: 3580
[pool-45-thread-7] pick event Id=441, eMBMSSessionId=36 current size: 3579
[pool-45-thread-6] pick event Id=442, eMBMSSessionId=78 current size: 3578
[pool-45-thread-15] pick event Id=443, eMBMSSessionId=91 current size: 3577
[pool-45-thread-9] pick event Id=444, eMBMSSessionId=60 current size: 3576
[pool-45-thread-1] adds event Id=445, eMBMSSessionId=17 current size: 3576
[pool-45-thread-11] pick event Id=446, eMBMSSessionId=28 current size: 3575
[pool-45-thread-5] pick event Id=447, eMBMSSessionId=49 current size: 3574
[pool-45-thread-10] pick event Id=448, eMBMSSessionId=81 current size: 3573
[pool-45-thread-2] pick event Id=449, eMBMSSessionId=71 current size: 3572
[pool-45-thread-12] pick event Id=450, eMBMSSessionId=31 current size: 3571
pool-45-thread-14 reduces to 3570
[pool-45-thread-13] pick event Id=451, eMBMSSessionId=56 current size: 3569
[pool-45-thread-16] adds event Id=452, eMBMSSessionId=17 current size: 3569
pool-45-thread-18 reduces to 3568
[pool-45-thread-19] pick event Id=453, eMBMSSessionId=50 current size: 3567
[pool-45-thread-20] pick event Id=454, eMBMSSessionId=43 current size: 3566
[pool-45-thread-1] pick event Id=455, eMBMSSessionId=89 current size: 3565
[pool-45-thread-3] pick event Id=456, eMBMSSessionId=30 current size: 3564
[pool-45-thread-17] pick event Id=457, eMBMSSessionId=86 current size: 3563
[pool-45-thread-2] pick event Id=458, eMBMSSessionId=15 current size: 3562
[pool-45-thread-4] pick event Id=459, eMBMSSessionId=12 current size: 3561
[pool-45-thread-16] pick event Id=460, eMBMSSessionId=55 current size: 3560
[pool-45-thread-7] pick event Id=461, eMBMSSessionId=14 current size: 3559
[pool-45-thread-8] pick event Id=462, eMBMSSessionId=59 current size: 3558
[pool-45-thread-10] pick event Id=463, eMBMSSessionId=60 current size: 3557
pool-45-thread-18 reduces to 3556
[pool-45-thread-6] pick event Id=464, eMBMSSessionId=38 current size: 3555
[pool-45-thread-15] pick event Id=465, eMBMSSessionId=87 current size: 3554
[pool-45-thread-9] pick event Id=466, eMBMSSessionId=64 current size: 3553
[pool-45-thread-17] pick event Id=467, eMBMSSessionId=40 current size: 3552
[pool-45-thread-11] adds event Id=468, eMBMSSessionId=40 current size: 3552
[pool-45-thread-5] pick event Id=469, eMBMSSessionId=73 current size: 3551
[pool-45-thread-11] adds event Id=470, eMBMSSessionId=14 current size: 3551
[pool-45-thread-11] pick event Id=471, eMBMSSessionId=9 current size: 3550
[pool-45-thread-14] pick event Id=472, eMBMSSessionId=53 current size: 3549
[pool-45-thread-12] pick event Id=473, eMBMSSessionId=80 current size: 3548
[pool-45-thread-2] pick event Id=474, eMBMSSessionId=78 current size: 3547
[pool-45-thread-13] adds event Id=475, eMBMSSessionId=53 current size: 3547
[pool-45-thread-19] pick event Id=476, eMBMSSessionId=21 current size: 3546
pool-45-thread-7 reduces to 3545
[pool-45-thread-8] pick event Id=477, eMBMSSessionId=65 current size: 3544
[pool-45-thread-1] pick event Id=478, eMBMSSessionId=57 current size: 3543
[pool-45-thread-20] pick event Id=479, eMBMSSessionId=34 current size: 3542
[pool-45-thread-3] pick event Id=480, eMBMSSessionId=3 current size: 3541
pool-45-thread-17 reduces to 3540
pool-45-thread-14 reduces to 3539
[pool-45-thread-4] pick event Id=481, eMBMSSessionId=44 current size: 3538
[pool-45-thread-13] pick event Id=482, eMBMSSessionId=62 current size: 3537
[pool-45-thread-16] pick event Id=483, eMBMSSessionId=39 current size: 3536
[pool-45-thread-10] adds event Id=484, eMBMSSessionId=44 current size: 3536
[pool-45-thread-18] pick event Id=485, eMBMSSessionId=58 current size: 3535
[pool-45-thread-8] pick event Id=486, eMBMSSessionId=24 current size: 3534
[pool-45-thread-6] pick event Id=487, eMBMSSessionId=7 current size: 3533
[pool-45-thread-9] pick event Id=488, eMBMSSessionId=12 current size: 3532
[pool-45-thread-15] pick event Id=489, eMBMSSessionId=51 current size: 3531
[pool-45-thread-11] pick event Id=490, eMBMSSessionId=69 current size: 3530
[pool-45-thread-5] pick event Id=491, eMBMSSessionId=75 current size: 3529
[pool-45-thread-12] pick event Id=492, eMBMSSessionId=54 current size: 3528
pool-45-thread-4 reduces to 3527
[pool-45-thread-2] pick event Id=493, eMBMSSessionId=74 current size: 3526
[pool-45-thread-19] adds event Id=494, eMBMSSessionId=39 current size: 3526
[pool-45-thread-7] pick event Id=495, eMBMSSessionId=2 current size: 3525
pool-45-thread-16 reduces to 3524
[pool-45-thread-10] pick event Id=496, eMBMSSessionId=9 current size: 3523
[pool-45-thread-1] pick event Id=497, eMBMSSessionId=37 current size: 3522
[pool-45-thread-20] pick event Id=498, eMBMSSessionId=3 current size: 3521
[pool-45-thread-3] pick event Id=499, eMBMSSessionId=49 current size: 3520
[pool-45-thread-17] pick event Id=500, eMBMSSessionId=95 current size: 3519
[pool-45-thread-14] pick event Id=501, eMBMSSessionId=0 current size: 3518
[pool-45-thread-15] pick event Id=502, eMBMSSessionId=32 current size: 3517
[pool-45-thread-13] pick event Id=503, eMBMSSessionId=66 current size: 3516
[pool-45-thread-19] pick event Id=504, eMBMSSessionId=21 current size: 3515
[pool-45-thread-2] pick event Id=505, eMBMSSessionId=59 current size: 3514
[pool-45-thread-18] pick event Id=506, eMBMSSessionId=98 current size: 3513
[pool-45-thread-16] pick event Id=507, eMBMSSessionId=38 current size: 3512
[pool-45-thread-8] pick event Id=508, eMBMSSessionId=46 current size: 3511
[pool-45-thread-9] pick event Id=509, eMBMSSessionId=68 current size: 3510
[pool-45-thread-6] pick event Id=510, eMBMSSessionId=65 current size: 3509
[pool-45-thread-3] pick event Id=511, eMBMSSessionId=11 current size: 3508
[pool-45-thread-14] pick event Id=512, eMBMSSessionId=15 current size: 3507
[pool-45-thread-11] pick event Id=513, eMBMSSessionId=72 current size: 3506
[pool-45-thread-12] pick event Id=514, eMBMSSessionId=78 current size: 3505
[pool-45-thread-5] pick event Id=515, eMBMSSessionId=7 current size: 3504
[pool-45-thread-4] pick event Id=516, eMBMSSessionId=0 current size: 3503
[pool-45-thread-7] pick event Id=517, eMBMSSessionId=13 current size: 3502
[pool-45-thread-10] pick event Id=518, eMBMSSessionId=80 current size: 3501
testOverload end.
testFull begin.
[pool-46-thread-2] pick event Id=0, eMBMSSessionId=71 current size: 4998
[pool-46-thread-1] pick event Id=1, eMBMSSessionId=56 current size: 4997
[pool-46-thread-3] pick event Id=2, eMBMSSessionId=25 current size: 4996
[pool-46-thread-5] pick event Id=3, eMBMSSessionId=44 current size: 4995
[pool-46-thread-4] pick event Id=4, eMBMSSessionId=73 current size: 4994
[pool-46-thread-6] pick event Id=5, eMBMSSessionId=76 current size: 4993
[pool-46-thread-8] pick event Id=6, eMBMSSessionId=1 current size: 4992
[pool-46-thread-7] pick event Id=7, eMBMSSessionId=69 current size: 4991
[pool-46-thread-9] pick event Id=8, eMBMSSessionId=31 current size: 4990
[pool-46-thread-10] pick event Id=9, eMBMSSessionId=92 current size: 4989
[pool-46-thread-11] pick event Id=10, eMBMSSessionId=53 current size: 4988
[pool-46-thread-12] pick event Id=11, eMBMSSessionId=30 current size: 4987
[pool-46-thread-13] pick event Id=12, eMBMSSessionId=84 current size: 4986
[pool-46-thread-14] pick event Id=13, eMBMSSessionId=13 current size: 4985
[pool-46-thread-15] pick event Id=14, eMBMSSessionId=91 current size: 4984
[pool-46-thread-16] pick event Id=15, eMBMSSessionId=66 current size: 4983
[pool-46-thread-17] pick event Id=16, eMBMSSessionId=98 current size: 4982
[pool-46-thread-18] pick event Id=17, eMBMSSessionId=54 current size: 4981
[pool-46-thread-19] pick event Id=18, eMBMSSessionId=17 current size: 4980
[pool-46-thread-20] pick event Id=19, eMBMSSessionId=16 current size: 4979
event queue is full, will clear all data!
NbiEventCache is cleared with total events removed: 5029
testFull end.
5 times run start
testEventSequence begin.
testEventSequence end.
testSendRadomEmbmsSessionEvents begin.
testSendRadomEmbmsSessionEvents end.
testSendSameEmbmsSessionEvents begin.
testSendSameEmbmsSessionEvents end.
testSendNoSameEmbmsSessionEvents begin.
testSendNoSameEmbmsSessionEvents end.
testSendNoEmbmsSessionIdEvents begin.
testSendNoEmbmsSessionIdEvents end.
testOverload begin.
[pool-54-thread-2] pick event Id=0, eMBMSSessionId=55 current size: 4019
[pool-54-thread-1] pick event Id=1, eMBMSSessionId=15 current size: 4018
pool-54-thread-2 Discard NBI event &apos; Id=0, eMBMSSessionId=55&apos;, current queue size: 4018
[pool-54-thread-3] pick event Id=2, eMBMSSessionId=70 current size: 4017
[pool-54-thread-4] pick event Id=3, eMBMSSessionId=81 current size: 4016
[pool-54-thread-5] pick event Id=4, eMBMSSessionId=45 current size: 4015
pool-54-thread-1 Discard NBI event &apos; Id=1, eMBMSSessionId=15&apos;, current queue size: 4016
pool-54-thread-3 Discard NBI event &apos; Id=2, eMBMSSessionId=70&apos;, current queue size: 4016
pool-54-thread-4 Discard NBI event &apos; Id=3, eMBMSSessionId=81&apos;, current queue size: 4015
[pool-54-thread-6] pick event Id=5, eMBMSSessionId=65 current size: 4014
[pool-54-thread-7] pick event Id=6, eMBMSSessionId=16 current size: 4013
pool-54-thread-6 Discard NBI event &apos; Id=5, eMBMSSessionId=65&apos;, current queue size: 4013
[pool-54-thread-8] pick event Id=7, eMBMSSessionId=75 current size: 4012
pool-54-thread-5 Discard NBI event &apos; Id=4, eMBMSSessionId=45&apos;, current queue size: 4012
pool-54-thread-7 Discard NBI event &apos; Id=6, eMBMSSessionId=16&apos;, current queue size: 4012
[pool-54-thread-9] pick event Id=8, eMBMSSessionId=73 current size: 4011
[pool-54-thread-10] pick event Id=9, eMBMSSessionId=17 current size: 4010
pool-54-thread-8 Discard NBI event &apos; Id=7, eMBMSSessionId=75&apos;, current queue size: 4010
pool-54-thread-9 Discard NBI event &apos; Id=8, eMBMSSessionId=73&apos;, current queue size: 4010
[pool-54-thread-11] pick event Id=10, eMBMSSessionId=24 current size: 4009
pool-54-thread-10 Discard NBI event &apos; Id=9, eMBMSSessionId=17&apos;, current queue size: 4009
[pool-54-thread-13] adds event Id=11, eMBMSSessionId=24 current size: 4009
pool-54-thread-11 Discard NBI event &apos; Id=10, eMBMSSessionId=24&apos;, current queue size: 4009
[pool-54-thread-12] pick event Id=12, eMBMSSessionId=94 current size: 4008
[pool-54-thread-14] adds event Id=13, eMBMSSessionId=94 current size: 4008
pool-54-thread-12 Discard NBI event &apos; Id=12, eMBMSSessionId=94&apos;, current queue size: 4008
[pool-54-thread-15] pick event Id=14, eMBMSSessionId=64 current size: 4007
[pool-54-thread-16] pick event Id=15, eMBMSSessionId=52 current size: 4006
pool-54-thread-15 Discard NBI event &apos; Id=14, eMBMSSessionId=64&apos;, current queue size: 4006
[pool-54-thread-17] pick event Id=16, eMBMSSessionId=79 current size: 4005
pool-54-thread-16 Discard NBI event &apos; Id=15, eMBMSSessionId=52&apos;, current queue size: 4005
pool-54-thread-17 Discard NBI event &apos; Id=16, eMBMSSessionId=79&apos;, current queue size: 4005
[pool-54-thread-18] pick event Id=17, eMBMSSessionId=38 current size: 4004
[pool-54-thread-19] adds event Id=18, eMBMSSessionId=52 current size: 4004
[pool-54-thread-20] pick event Id=19, eMBMSSessionId=91 current size: 4003
pool-54-thread-18 Discard NBI event &apos; Id=17, eMBMSSessionId=38&apos;, current queue size: 4004
[pool-54-thread-2] pick event Id=20, eMBMSSessionId=80 current size: 4002
[pool-54-thread-3] pick event Id=21, eMBMSSessionId=0 current size: 4001
[pool-54-thread-1] pick event Id=22, eMBMSSessionId=41 current size: 4000
[pool-54-thread-4] pick event Id=23, eMBMSSessionId=96 current size: 3999
pool-54-thread-2 Discard NBI event &apos; Id=20, eMBMSSessionId=80&apos;, current queue size: 4000
pool-54-thread-20 Discard NBI event &apos; Id=19, eMBMSSessionId=91&apos;, current queue size: 3999
pool-54-thread-11 reduces to 3998
pool-54-thread-3 Discard NBI event &apos; Id=21, eMBMSSessionId=0&apos;, current queue size: 3998
[pool-54-thread-13] pick event Id=24, eMBMSSessionId=82 current size: 3997
[pool-54-thread-6] pick event Id=25, eMBMSSessionId=98 current size: 3996
pool-54-thread-1 Discard NBI event &apos; Id=22, eMBMSSessionId=41&apos;, current queue size: 3998
[pool-54-thread-14] pick event Id=26, eMBMSSessionId=21 current size: 3995
pool-54-thread-12 reduces to 3994
[pool-54-thread-7] pick event Id=27, eMBMSSessionId=42 current size: 3993
[pool-54-thread-5] pick event Id=28, eMBMSSessionId=50 current size: 3992
pool-54-thread-16 reduces to 3991
[pool-54-thread-8] pick event Id=29, eMBMSSessionId=17 current size: 3990
[pool-54-thread-19] pick event Id=30, eMBMSSessionId=56 current size: 3989
[pool-54-thread-9] pick event Id=31, eMBMSSessionId=59 current size: 3988
[pool-54-thread-10] pick event Id=32, eMBMSSessionId=63 current size: 3987
[pool-54-thread-20] pick event Id=33, eMBMSSessionId=97 current size: 3986
[pool-54-thread-6] pick event Id=34, eMBMSSessionId=55 current size: 3985
[pool-54-thread-15] pick event Id=35, eMBMSSessionId=29 current size: 3984
[pool-54-thread-17] pick event Id=36, eMBMSSessionId=9 current size: 3983
[pool-54-thread-18] pick event Id=37, eMBMSSessionId=30 current size: 3982
[pool-54-thread-9] pick event Id=38, eMBMSSessionId=79 current size: 3981
[pool-54-thread-3] pick event Id=39, eMBMSSessionId=37 current size: 3980
[pool-54-thread-2] adds event Id=40, eMBMSSessionId=29 current size: 3980
[pool-54-thread-4] pick event Id=41, eMBMSSessionId=13 current size: 3979
[pool-54-thread-1] pick event Id=42, eMBMSSessionId=20 current size: 3978
[pool-54-thread-11] pick event Id=43, eMBMSSessionId=98 current size: 3977
[pool-54-thread-20] adds event Id=44, eMBMSSessionId=79 current size: 3977
[pool-54-thread-13] pick event Id=45, eMBMSSessionId=24 current size: 3976
[pool-54-thread-12] pick event Id=46, eMBMSSessionId=59 current size: 3975
[pool-54-thread-14] pick event Id=47, eMBMSSessionId=86 current size: 3974
[pool-54-thread-7] pick event Id=48, eMBMSSessionId=87 current size: 3973
pool-54-thread-15 reduces to 3972
[pool-54-thread-5] pick event Id=49, eMBMSSessionId=73 current size: 3971
[pool-54-thread-16] pick event Id=50, eMBMSSessionId=89 current size: 3970
[pool-54-thread-19] pick event Id=51, eMBMSSessionId=68 current size: 3969
[pool-54-thread-8] pick event Id=52, eMBMSSessionId=10 current size: 3968
[pool-54-thread-10] pick event Id=53, eMBMSSessionId=62 current size: 3967
[pool-54-thread-2] adds event Id=54, eMBMSSessionId=79 current size: 3967
pool-54-thread-9 reduces to 3966
[pool-54-thread-20] pick event Id=55, eMBMSSessionId=2 current size: 3965
[pool-54-thread-6] pick event Id=56, eMBMSSessionId=40 current size: 3964
[pool-54-thread-14] pick event Id=57, eMBMSSessionId=66 current size: 3963
[pool-54-thread-17] pick event Id=58, eMBMSSessionId=32 current size: 3962
[pool-54-thread-18] pick event Id=59, eMBMSSessionId=83 current size: 3961
[pool-54-thread-2] pick event Id=60, eMBMSSessionId=71 current size: 3960
[pool-54-thread-19] pick event Id=61, eMBMSSessionId=37 current size: 3959
[pool-54-thread-3] pick event Id=62, eMBMSSessionId=70 current size: 3958
pool-54-thread-9 reduces to 3957
[pool-54-thread-1] pick event Id=63, eMBMSSessionId=46 current size: 3956
[pool-54-thread-4] pick event Id=64, eMBMSSessionId=92 current size: 3955
[pool-54-thread-11] pick event Id=65, eMBMSSessionId=77 current size: 3954
[pool-54-thread-13] pick event Id=66, eMBMSSessionId=53 current size: 3953
[pool-54-thread-12] adds event Id=67, eMBMSSessionId=37 current size: 3953
[pool-54-thread-7] pick event Id=68, eMBMSSessionId=97 current size: 3952
[pool-54-thread-15] pick event Id=69, eMBMSSessionId=29 current size: 3951
[pool-54-thread-16] pick event Id=70, eMBMSSessionId=85 current size: 3950
[pool-54-thread-5] pick event Id=71, eMBMSSessionId=64 current size: 3949
[pool-54-thread-8] adds event Id=72, eMBMSSessionId=71 current size: 3949
pool-54-thread-2 reduces to 3948
pool-54-thread-19 reduces to 3947
[pool-54-thread-10] adds event Id=73, eMBMSSessionId=71 current size: 3947
[pool-54-thread-20] pick event Id=74, eMBMSSessionId=95 current size: 3946
[pool-54-thread-12] pick event Id=75, eMBMSSessionId=10 current size: 3945
[pool-54-thread-6] pick event Id=76, eMBMSSessionId=69 current size: 3944
[pool-54-thread-14] pick event Id=77, eMBMSSessionId=22 current size: 3943
[pool-54-thread-13] pick event Id=78, eMBMSSessionId=83 current size: 3942
[pool-54-thread-8] pick event Id=79, eMBMSSessionId=7 current size: 3941
[pool-54-thread-17] pick event Id=80, eMBMSSessionId=42 current size: 3940
[pool-54-thread-10] pick event Id=81, eMBMSSessionId=60 current size: 3939
pool-54-thread-2 reduces to 3938
[pool-54-thread-18] pick event Id=82, eMBMSSessionId=85 current size: 3937
[pool-54-thread-3] pick event Id=83, eMBMSSessionId=49 current size: 3936
[pool-54-thread-1] pick event Id=84, eMBMSSessionId=1 current size: 3935
[pool-54-thread-9] pick event Id=85, eMBMSSessionId=36 current size: 3934
[pool-54-thread-4] pick event Id=86, eMBMSSessionId=54 current size: 3933
[pool-54-thread-11] pick event Id=87, eMBMSSessionId=0 current size: 3932
[pool-54-thread-7] pick event Id=88, eMBMSSessionId=67 current size: 3931
[pool-54-thread-15] pick event Id=89, eMBMSSessionId=8 current size: 3930
[pool-54-thread-5] pick event Id=90, eMBMSSessionId=55 current size: 3929
[pool-54-thread-16] adds event Id=91, eMBMSSessionId=0 current size: 3929
[pool-54-thread-19] pick event Id=92, eMBMSSessionId=51 current size: 3928
[pool-54-thread-10] pick event Id=93, eMBMSSessionId=58 current size: 3927
[pool-54-thread-20] pick event Id=94, eMBMSSessionId=38 current size: 3926
[pool-54-thread-12] pick event Id=95, eMBMSSessionId=61 current size: 3925
pool-54-thread-11 reduces to 3924
[pool-54-thread-9] pick event Id=96, eMBMSSessionId=74 current size: 3923
[pool-54-thread-6] pick event Id=97, eMBMSSessionId=92 current size: 3922
[pool-54-thread-14] adds event Id=98, eMBMSSessionId=61 current size: 3922
[pool-54-thread-13] pick event Id=99, eMBMSSessionId=67 current size: 3921
[pool-54-thread-16] pick event Id=100, eMBMSSessionId=40 current size: 3920
[pool-54-thread-8] pick event Id=101, eMBMSSessionId=52 current size: 3919
[pool-54-thread-17] pick event Id=102, eMBMSSessionId=47 current size: 3918
[pool-54-thread-2] pick event Id=103, eMBMSSessionId=6 current size: 3917
[pool-54-thread-18] adds event Id=104, eMBMSSessionId=0 current size: 3917
[pool-54-thread-1] pick event Id=105, eMBMSSessionId=37 current size: 3916
[pool-54-thread-3] pick event Id=106, eMBMSSessionId=88 current size: 3915
[pool-54-thread-4] pick event Id=107, eMBMSSessionId=93 current size: 3914
pool-54-thread-12 reduces to 3913
pool-54-thread-11 reduces to 3912
[pool-54-thread-14] pick event Id=108, eMBMSSessionId=75 current size: 3911
[pool-54-thread-7] adds event Id=109, eMBMSSessionId=88 current size: 3911
[pool-54-thread-9] pick event Id=110, eMBMSSessionId=76 current size: 3910
[pool-54-thread-6] pick event Id=111, eMBMSSessionId=26 current size: 3909
[pool-54-thread-15] pick event Id=112, eMBMSSessionId=24 current size: 3908
[pool-54-thread-5] pick event Id=113, eMBMSSessionId=31 current size: 3907
[pool-54-thread-19] pick event Id=114, eMBMSSessionId=33 current size: 3906
[pool-54-thread-8] pick event Id=115, eMBMSSessionId=21 current size: 3905
[pool-54-thread-18] pick event Id=116, eMBMSSessionId=69 current size: 3904
[pool-54-thread-10] pick event Id=117, eMBMSSessionId=75 current size: 3903
[pool-54-thread-20] pick event Id=118, eMBMSSessionId=16 current size: 3902
pool-54-thread-3 reduces to 3901
[pool-54-thread-7] pick event Id=119, eMBMSSessionId=46 current size: 3900
[pool-54-thread-14] pick event Id=120, eMBMSSessionId=6 current size: 3899
[pool-54-thread-13] pick event Id=121, eMBMSSessionId=79 current size: 3898
[pool-54-thread-16] pick event Id=122, eMBMSSessionId=7 current size: 3897
[pool-54-thread-17] pick event Id=123, eMBMSSessionId=78 current size: 3896
[pool-54-thread-2] pick event Id=124, eMBMSSessionId=37 current size: 3895
[pool-54-thread-19] pick event Id=125, eMBMSSessionId=77 current size: 3894
[pool-54-thread-1] pick event Id=126, eMBMSSessionId=57 current size: 3893
[pool-54-thread-4] pick event Id=127, eMBMSSessionId=34 current size: 3892
[pool-54-thread-12] pick event Id=128, eMBMSSessionId=61 current size: 3891
[pool-54-thread-3] pick event Id=129, eMBMSSessionId=8 current size: 3890
[pool-54-thread-11] pick event Id=130, eMBMSSessionId=17 current size: 3889
[pool-54-thread-9] pick event Id=131, eMBMSSessionId=26 current size: 3888
[pool-54-thread-6] pick event Id=132, eMBMSSessionId=71 current size: 3887
[pool-54-thread-5] pick event Id=133, eMBMSSessionId=52 current size: 3886
[pool-54-thread-15] pick event Id=134, eMBMSSessionId=5 current size: 3885
[pool-54-thread-18] pick event Id=135, eMBMSSessionId=93 current size: 3884
[pool-54-thread-8] adds event Id=136, eMBMSSessionId=78 current size: 3884
pool-54-thread-17 reduces to 3883
[pool-54-thread-10] pick event Id=137, eMBMSSessionId=46 current size: 3882
[pool-54-thread-20] pick event Id=138, eMBMSSessionId=47 current size: 3881
[pool-54-thread-7] pick event Id=139, eMBMSSessionId=70 current size: 3880
[pool-54-thread-13] pick event Id=140, eMBMSSessionId=74 current size: 3879
[pool-54-thread-14] pick event Id=141, eMBMSSessionId=53 current size: 3878
[pool-54-thread-11] pick event Id=142, eMBMSSessionId=58 current size: 3877
[pool-54-thread-16] pick event Id=143, eMBMSSessionId=8 current size: 3876
[pool-54-thread-2] pick event Id=144, eMBMSSessionId=82 current size: 3875
[pool-54-thread-8] pick event Id=145, eMBMSSessionId=14 current size: 3874
[pool-54-thread-19] pick event Id=146, eMBMSSessionId=64 current size: 3873
[pool-54-thread-1] pick event Id=147, eMBMSSessionId=28 current size: 3872
[pool-54-thread-4] pick event Id=148, eMBMSSessionId=20 current size: 3871
[pool-54-thread-12] pick event Id=149, eMBMSSessionId=87 current size: 3870
[pool-54-thread-3] pick event Id=150, eMBMSSessionId=43 current size: 3869
[pool-54-thread-9] pick event Id=151, eMBMSSessionId=23 current size: 3868
[pool-54-thread-6] pick event Id=152, eMBMSSessionId=90 current size: 3867
[pool-54-thread-5] pick event Id=153, eMBMSSessionId=42 current size: 3866
[pool-54-thread-15] pick event Id=154, eMBMSSessionId=55 current size: 3865
[pool-54-thread-18] pick event Id=155, eMBMSSessionId=47 current size: 3864
[pool-54-thread-17] pick event Id=156, eMBMSSessionId=62 current size: 3863
[pool-54-thread-8] pick event Id=157, eMBMSSessionId=13 current size: 3862
[pool-54-thread-10] pick event Id=158, eMBMSSessionId=63 current size: 3861
[pool-54-thread-20] pick event Id=159, eMBMSSessionId=19 current size: 3860
[pool-54-thread-7] pick event Id=160, eMBMSSessionId=69 current size: 3859
[pool-54-thread-13] pick event Id=161, eMBMSSessionId=79 current size: 3858
[pool-54-thread-14] pick event Id=162, eMBMSSessionId=8 current size: 3857
[pool-54-thread-11] pick event Id=163, eMBMSSessionId=11 current size: 3856
[pool-54-thread-2] pick event Id=164, eMBMSSessionId=70 current size: 3855
[pool-54-thread-16] pick event Id=165, eMBMSSessionId=64 current size: 3854
[pool-54-thread-4] pick event Id=166, eMBMSSessionId=50 current size: 3853
[pool-54-thread-19] pick event Id=167, eMBMSSessionId=38 current size: 3852
[pool-54-thread-1] pick event Id=168, eMBMSSessionId=31 current size: 3851
[pool-54-thread-12] pick event Id=169, eMBMSSessionId=45 current size: 3850
[pool-54-thread-3] adds event Id=170, eMBMSSessionId=69 current size: 3850
[pool-54-thread-9] adds event Id=171, eMBMSSessionId=70 current size: 3850
pool-54-thread-7 reduces to 3849
[pool-54-thread-6] pick event Id=172, eMBMSSessionId=42 current size: 3848
[pool-54-thread-13] pick event Id=173, eMBMSSessionId=94 current size: 3847
[pool-54-thread-5] pick event Id=174, eMBMSSessionId=41 current size: 3846
pool-54-thread-2 reduces to 3845
[pool-54-thread-15] pick event Id=175, eMBMSSessionId=37 current size: 3844
[pool-54-thread-16] pick event Id=176, eMBMSSessionId=30 current size: 3843
[pool-54-thread-18] pick event Id=177, eMBMSSessionId=21 current size: 3842
[pool-54-thread-8] pick event Id=178, eMBMSSessionId=90 current size: 3841
[pool-54-thread-17] pick event Id=179, eMBMSSessionId=87 current size: 3840
[pool-54-thread-10] pick event Id=180, eMBMSSessionId=28 current size: 3839
[pool-54-thread-20] pick event Id=181, eMBMSSessionId=67 current size: 3838
[pool-54-thread-3] adds event Id=182, eMBMSSessionId=41 current size: 3838
[pool-54-thread-9] pick event Id=183, eMBMSSessionId=77 current size: 3837
[pool-54-thread-12] adds event Id=184, eMBMSSessionId=21 current size: 3837
[pool-54-thread-14] pick event Id=185, eMBMSSessionId=71 current size: 3836
[pool-54-thread-13] pick event Id=186, eMBMSSessionId=23 current size: 3835
[pool-54-thread-11] pick event Id=187, eMBMSSessionId=33 current size: 3834
pool-54-thread-5 reduces to 3833
[pool-54-thread-2] pick event Id=188, eMBMSSessionId=17 current size: 3832
pool-54-thread-18 reduces to 3831
[pool-54-thread-19] adds event Id=189, eMBMSSessionId=23 current size: 3831
[pool-54-thread-16] pick event Id=190, eMBMSSessionId=60 current size: 3830
[pool-54-thread-4] pick event Id=191, eMBMSSessionId=97 current size: 3829
[pool-54-thread-3] pick event Id=192, eMBMSSessionId=87 current size: 3828
[pool-54-thread-1] pick event Id=193, eMBMSSessionId=40 current size: 3827
[pool-54-thread-12] pick event Id=194, eMBMSSessionId=67 current size: 3826
[pool-54-thread-7] pick event Id=195, eMBMSSessionId=84 current size: 3825
[pool-54-thread-6] pick event Id=196, eMBMSSessionId=76 current size: 3824
pool-54-thread-13 reduces to 3823
[pool-54-thread-14] pick event Id=197, eMBMSSessionId=54 current size: 3822
[pool-54-thread-15] pick event Id=198, eMBMSSessionId=96 current size: 3821
[pool-54-thread-19] pick event Id=199, eMBMSSessionId=72 current size: 3820
[pool-54-thread-8] pick event Id=200, eMBMSSessionId=90 current size: 3819
[pool-54-thread-10] pick event Id=201, eMBMSSessionId=48 current size: 3818
[pool-54-thread-2] pick event Id=202, eMBMSSessionId=85 current size: 3817
[pool-54-thread-17] pick event Id=203, eMBMSSessionId=51 current size: 3816
[pool-54-thread-20] pick event Id=204, eMBMSSessionId=78 current size: 3815
[pool-54-thread-9] pick event Id=205, eMBMSSessionId=22 current size: 3814
[pool-54-thread-11] pick event Id=206, eMBMSSessionId=69 current size: 3813
[pool-54-thread-5] pick event Id=207, eMBMSSessionId=29 current size: 3812
[pool-54-thread-18] pick event Id=208, eMBMSSessionId=42 current size: 3811
[pool-54-thread-16] pick event Id=209, eMBMSSessionId=96 current size: 3810
[pool-54-thread-4] pick event Id=210, eMBMSSessionId=16 current size: 3809
[pool-54-thread-3] pick event Id=211, eMBMSSessionId=4 current size: 3808
[pool-54-thread-1] pick event Id=212, eMBMSSessionId=33 current size: 3807
[pool-54-thread-12] adds event Id=213, eMBMSSessionId=96 current size: 3807
[pool-54-thread-7] pick event Id=214, eMBMSSessionId=52 current size: 3806
[pool-54-thread-13] pick event Id=215, eMBMSSessionId=90 current size: 3805
[pool-54-thread-6] pick event Id=216, eMBMSSessionId=92 current size: 3804
[pool-54-thread-14] pick event Id=217, eMBMSSessionId=17 current size: 3803
[pool-54-thread-15] pick event Id=218, eMBMSSessionId=40 current size: 3802
[pool-54-thread-19] pick event Id=219, eMBMSSessionId=64 current size: 3801
[pool-54-thread-8] pick event Id=220, eMBMSSessionId=36 current size: 3800
[pool-54-thread-10] pick event Id=221, eMBMSSessionId=10 current size: 3799
[pool-54-thread-18] pick event Id=222, eMBMSSessionId=84 current size: 3798
[pool-54-thread-2] pick event Id=223, eMBMSSessionId=43 current size: 3797
pool-54-thread-16 reduces to 3796
[pool-54-thread-20] pick event Id=224, eMBMSSessionId=46 current size: 3795
[pool-54-thread-17] pick event Id=225, eMBMSSessionId=14 current size: 3794
[pool-54-thread-12] pick event Id=226, eMBMSSessionId=72 current size: 3793
[pool-54-thread-11] pick event Id=227, eMBMSSessionId=55 current size: 3792
[pool-54-thread-9] pick event Id=228, eMBMSSessionId=50 current size: 3791
[pool-54-thread-5] pick event Id=229, eMBMSSessionId=22 current size: 3790
[pool-54-thread-4] pick event Id=230, eMBMSSessionId=42 current size: 3789
[pool-54-thread-3] pick event Id=231, eMBMSSessionId=57 current size: 3788
[pool-54-thread-1] pick event Id=232, eMBMSSessionId=15 current size: 3787
[pool-54-thread-7] pick event Id=233, eMBMSSessionId=94 current size: 3786
[pool-54-thread-13] pick event Id=234, eMBMSSessionId=71 current size: 3785
[pool-54-thread-6] pick event Id=235, eMBMSSessionId=79 current size: 3784
[pool-54-thread-14] pick event Id=236, eMBMSSessionId=19 current size: 3783
[pool-54-thread-15] pick event Id=237, eMBMSSessionId=41 current size: 3782
[pool-54-thread-9] pick event Id=238, eMBMSSessionId=86 current size: 3781
[pool-54-thread-19] adds event Id=239, eMBMSSessionId=19 current size: 3781
[pool-54-thread-8] pick event Id=240, eMBMSSessionId=37 current size: 3780
[pool-54-thread-10] pick event Id=241, eMBMSSessionId=23 current size: 3779
[pool-54-thread-18] pick event Id=242, eMBMSSessionId=2 current size: 3778
[pool-54-thread-2] pick event Id=243, eMBMSSessionId=21 current size: 3777
[pool-54-thread-16] pick event Id=244, eMBMSSessionId=13 current size: 3776
[pool-54-thread-20] pick event Id=245, eMBMSSessionId=29 current size: 3775
[pool-54-thread-17] pick event Id=246, eMBMSSessionId=61 current size: 3774
[pool-54-thread-12] pick event Id=247, eMBMSSessionId=46 current size: 3773
[pool-54-thread-7] pick event Id=248, eMBMSSessionId=88 current size: 3772
[pool-54-thread-11] pick event Id=249, eMBMSSessionId=67 current size: 3771
[pool-54-thread-5] pick event Id=250, eMBMSSessionId=93 current size: 3770
pool-54-thread-14 reduces to 3769
[pool-54-thread-19] pick event Id=251, eMBMSSessionId=6 current size: 3768
[pool-54-thread-3] pick event Id=252, eMBMSSessionId=80 current size: 3767
[pool-54-thread-4] pick event Id=253, eMBMSSessionId=51 current size: 3766
[pool-54-thread-2] pick event Id=254, eMBMSSessionId=70 current size: 3765
[pool-54-thread-18] adds event Id=255, eMBMSSessionId=6 current size: 3765
[pool-54-thread-18] adds event Id=256, eMBMSSessionId=13 current size: 3765
[pool-54-thread-18] pick event Id=257, eMBMSSessionId=27 current size: 3764
pool-54-thread-16 reduces to 3763
[pool-54-thread-1] pick event Id=258, eMBMSSessionId=63 current size: 3762
[pool-54-thread-13] pick event Id=259, eMBMSSessionId=72 current size: 3761
[pool-54-thread-6] adds event Id=260, eMBMSSessionId=80 current size: 3761
[pool-54-thread-6] pick event Id=261, eMBMSSessionId=49 current size: 3760
[pool-54-thread-9] pick event Id=262, eMBMSSessionId=71 current size: 3759
[pool-54-thread-11] pick event Id=263, eMBMSSessionId=11 current size: 3758
[pool-54-thread-15] pick event Id=264, eMBMSSessionId=2 current size: 3757
[pool-54-thread-10] adds event Id=265, eMBMSSessionId=6 current size: 3757
[pool-54-thread-5] pick event Id=266, eMBMSSessionId=96 current size: 3756
[pool-54-thread-8] pick event Id=267, eMBMSSessionId=97 current size: 3755
pool-54-thread-3 reduces to 3754
[pool-54-thread-5] pick event Id=268, eMBMSSessionId=33 current size: 3753
pool-54-thread-19 reduces to 3752
[pool-54-thread-20] adds event Id=269, eMBMSSessionId=80 current size: 3752
[pool-54-thread-20] pick event Id=270, eMBMSSessionId=75 current size: 3751
[pool-54-thread-1] pick event Id=271, eMBMSSessionId=45 current size: 3750
[pool-54-thread-17] pick event Id=272, eMBMSSessionId=47 current size: 3749
[pool-54-thread-12] pick event Id=273, eMBMSSessionId=70 current size: 3748
[pool-54-thread-13] adds event Id=274, eMBMSSessionId=6 current size: 3748
[pool-54-thread-7] pick event Id=275, eMBMSSessionId=94 current size: 3747
[pool-54-thread-10] pick event Id=276, eMBMSSessionId=10 current size: 3746
[pool-54-thread-15] pick event Id=277, eMBMSSessionId=58 current size: 3745
[pool-54-thread-10] pick event Id=278, eMBMSSessionId=32 current size: 3744
[pool-54-thread-10] pick event Id=279, eMBMSSessionId=79 current size: 3743
[pool-54-thread-11] pick event Id=280, eMBMSSessionId=24 current size: 3742
[pool-54-thread-11] pick event Id=281, eMBMSSessionId=39 current size: 3741
[pool-54-thread-11] pick event Id=282, eMBMSSessionId=11 current size: 3740
[pool-54-thread-11] pick event Id=283, eMBMSSessionId=61 current size: 3739
[pool-54-thread-11] pick event Id=284, eMBMSSessionId=64 current size: 3738
[pool-54-thread-11] pick event Id=285, eMBMSSessionId=26 current size: 3737
[pool-54-thread-11] pick event Id=286, eMBMSSessionId=96 current size: 3736
[pool-54-thread-11] pick event Id=287, eMBMSSessionId=63 current size: 3735
[pool-54-thread-11] pick event Id=288, eMBMSSessionId=98 current size: 3734
[pool-54-thread-11] pick event Id=289, eMBMSSessionId=85 current size: 3733
[pool-54-thread-11] pick event Id=290, eMBMSSessionId=95 current size: 3732
[pool-54-thread-11] pick event Id=291, eMBMSSessionId=77 current size: 3731
[pool-54-thread-11] pick event Id=292, eMBMSSessionId=9 current size: 3730
[pool-54-thread-11] pick event Id=293, eMBMSSessionId=62 current size: 3729
[pool-54-thread-8] pick event Id=294, eMBMSSessionId=21 current size: 3728
[pool-54-thread-8] pick event Id=295, eMBMSSessionId=15 current size: 3727
[pool-54-thread-8] pick event Id=296, eMBMSSessionId=88 current size: 3726
[pool-54-thread-8] pick event Id=297, eMBMSSessionId=30 current size: 3725
[pool-54-thread-8] pick event Id=298, eMBMSSessionId=68 current size: 3724
[pool-54-thread-5] pick event Id=299, eMBMSSessionId=66 current size: 3723
[pool-54-thread-5] pick event Id=300, eMBMSSessionId=99 current size: 3722
[pool-54-thread-5] pick event Id=301, eMBMSSessionId=99 current size: 3721
[pool-54-thread-5] pick event Id=302, eMBMSSessionId=78 current size: 3720
[pool-54-thread-5] pick event Id=303, eMBMSSessionId=73 current size: 3719
[pool-54-thread-5] pick event Id=304, eMBMSSessionId=0 current size: 3718
[pool-54-thread-5] pick event Id=305, eMBMSSessionId=49 current size: 3717
[pool-54-thread-5] pick event Id=306, eMBMSSessionId=34 current size: 3716
[pool-54-thread-5] pick event Id=307, eMBMSSessionId=54 current size: 3715
[pool-54-thread-5] pick event Id=308, eMBMSSessionId=92 current size: 3714
[pool-54-thread-5] pick event Id=309, eMBMSSessionId=65 current size: 3713
[pool-54-thread-5] pick event Id=310, eMBMSSessionId=65 current size: 3712
[pool-54-thread-5] pick event Id=311, eMBMSSessionId=51 current size: 3711
[pool-54-thread-5] pick event Id=312, eMBMSSessionId=48 current size: 3710
[pool-54-thread-5] pick event Id=313, eMBMSSessionId=56 current size: 3709
[pool-54-thread-5] pick event Id=314, eMBMSSessionId=29 current size: 3708
[pool-54-thread-5] adds event Id=315, eMBMSSessionId=68 current size: 3708
[pool-54-thread-5] pick event Id=316, eMBMSSessionId=90 current size: 3707
[pool-54-thread-5] pick event Id=317, eMBMSSessionId=74 current size: 3706
[pool-54-thread-5] pick event Id=318, eMBMSSessionId=56 current size: 3705
[pool-54-thread-5] pick event Id=319, eMBMSSessionId=36 current size: 3704
pool-54-thread-3 reduces to 3703
[pool-54-thread-14] pick event Id=320, eMBMSSessionId=61 current size: 3702
[pool-54-thread-2] pick event Id=321, eMBMSSessionId=30 current size: 3701
pool-54-thread-19 reduces to 3700
[pool-54-thread-4] pick event Id=322, eMBMSSessionId=8 current size: 3699
[pool-54-thread-18] pick event Id=323, eMBMSSessionId=96 current size: 3698
[pool-54-thread-16] pick event Id=324, eMBMSSessionId=22 current size: 3697
[pool-54-thread-13] pick event Id=325, eMBMSSessionId=86 current size: 3696
[pool-54-thread-9] pick event Id=326, eMBMSSessionId=66 current size: 3695
[pool-54-thread-1] adds event Id=327, eMBMSSessionId=61 current size: 3695
[pool-54-thread-6] pick event Id=328, eMBMSSessionId=99 current size: 3694
pool-54-thread-8 reduces to 3693
[pool-54-thread-10] pick event Id=329, eMBMSSessionId=85 current size: 3692
[pool-54-thread-11] pick event Id=330, eMBMSSessionId=93 current size: 3691
[pool-54-thread-2] pick event Id=331, eMBMSSessionId=97 current size: 3690
pool-54-thread-14 reduces to 3689
[pool-54-thread-3] pick event Id=332, eMBMSSessionId=34 current size: 3688
[pool-54-thread-18] pick event Id=333, eMBMSSessionId=25 current size: 3687
[pool-54-thread-4] pick event Id=334, eMBMSSessionId=89 current size: 3686
pool-54-thread-19 reduces to 3685
[pool-54-thread-4] adds event Id=335, eMBMSSessionId=68 current size: 3685
[pool-54-thread-4] pick event Id=336, eMBMSSessionId=40 current size: 3684
[pool-54-thread-17] pick event Id=337, eMBMSSessionId=24 current size: 3683
[pool-54-thread-12] pick event Id=338, eMBMSSessionId=74 current size: 3682
[pool-54-thread-7] pick event Id=339, eMBMSSessionId=12 current size: 3681
[pool-54-thread-20] pick event Id=340, eMBMSSessionId=21 current size: 3680
[pool-54-thread-1] pick event Id=341, eMBMSSessionId=83 current size: 3679
[pool-54-thread-15] pick event Id=342, eMBMSSessionId=52 current size: 3678
[pool-54-thread-5] pick event Id=343, eMBMSSessionId=39 current size: 3677
pool-54-thread-8 reduces to 3676
[pool-54-thread-11] pick event Id=344, eMBMSSessionId=20 current size: 3675
[pool-54-thread-16] pick event Id=345, eMBMSSessionId=46 current size: 3674
[pool-54-thread-14] pick event Id=346, eMBMSSessionId=7 current size: 3673
[pool-54-thread-18] adds event Id=347, eMBMSSessionId=52 current size: 3673
[pool-54-thread-13] pick event Id=348, eMBMSSessionId=75 current size: 3672
[pool-54-thread-9] pick event Id=349, eMBMSSessionId=95 current size: 3671
[pool-54-thread-20] pick event Id=350, eMBMSSessionId=96 current size: 3670
pool-54-thread-15 reduces to 3669
[pool-54-thread-6] pick event Id=351, eMBMSSessionId=97 current size: 3668
[pool-54-thread-10] pick event Id=352, eMBMSSessionId=4 current size: 3667
[pool-54-thread-3] pick event Id=353, eMBMSSessionId=33 current size: 3666
[pool-54-thread-2] pick event Id=354, eMBMSSessionId=3 current size: 3665
[pool-54-thread-18] adds event Id=355, eMBMSSessionId=52 current size: 3665
[pool-54-thread-19] pick event Id=356, eMBMSSessionId=15 current size: 3664
[pool-54-thread-4] pick event Id=357, eMBMSSessionId=85 current size: 3663
[pool-54-thread-12] pick event Id=358, eMBMSSessionId=67 current size: 3662
[pool-54-thread-13] pick event Id=359, eMBMSSessionId=92 current size: 3661
[pool-54-thread-17] pick event Id=360, eMBMSSessionId=5 current size: 3660
[pool-54-thread-1] pick event Id=361, eMBMSSessionId=51 current size: 3659
[pool-54-thread-7] pick event Id=362, eMBMSSessionId=42 current size: 3658
[pool-54-thread-5] pick event Id=363, eMBMSSessionId=90 current size: 3657
pool-54-thread-15 reduces to 3656
[pool-54-thread-20] pick event Id=364, eMBMSSessionId=50 current size: 3655
[pool-54-thread-8] pick event Id=365, eMBMSSessionId=7 current size: 3654
[pool-54-thread-11] pick event Id=366, eMBMSSessionId=22 current size: 3653
[pool-54-thread-16] pick event Id=367, eMBMSSessionId=73 current size: 3652
[pool-54-thread-14] pick event Id=368, eMBMSSessionId=23 current size: 3651
[pool-54-thread-18] pick event Id=369, eMBMSSessionId=8 current size: 3650
[pool-54-thread-9] pick event Id=370, eMBMSSessionId=65 current size: 3649
[pool-54-thread-10] pick event Id=371, eMBMSSessionId=99 current size: 3648
[pool-54-thread-6] pick event Id=372, eMBMSSessionId=86 current size: 3647
[pool-54-thread-3] pick event Id=373, eMBMSSessionId=19 current size: 3646
[pool-54-thread-2] pick event Id=374, eMBMSSessionId=0 current size: 3645
[pool-54-thread-12] pick event Id=375, eMBMSSessionId=87 current size: 3644
[pool-54-thread-19] pick event Id=376, eMBMSSessionId=72 current size: 3643
[pool-54-thread-1] pick event Id=377, eMBMSSessionId=45 current size: 3642
[pool-54-thread-17] pick event Id=378, eMBMSSessionId=46 current size: 3641
[pool-54-thread-4] pick event Id=379, eMBMSSessionId=35 current size: 3640
[pool-54-thread-13] pick event Id=380, eMBMSSessionId=82 current size: 3639
[pool-54-thread-7] pick event Id=381, eMBMSSessionId=26 current size: 3638
[pool-54-thread-5] pick event Id=382, eMBMSSessionId=66 current size: 3637
[pool-54-thread-15] pick event Id=383, eMBMSSessionId=60 current size: 3636
[pool-54-thread-20] pick event Id=384, eMBMSSessionId=16 current size: 3635
[pool-54-thread-8] pick event Id=385, eMBMSSessionId=89 current size: 3634
[pool-54-thread-16] pick event Id=386, eMBMSSessionId=59 current size: 3633
[pool-54-thread-11] pick event Id=387, eMBMSSessionId=33 current size: 3632
[pool-54-thread-14] adds event Id=388, eMBMSSessionId=35 current size: 3632
[pool-54-thread-2] adds event Id=389, eMBMSSessionId=46 current size: 3632
[pool-54-thread-14] pick event Id=390, eMBMSSessionId=57 current size: 3631
[pool-54-thread-18] pick event Id=391, eMBMSSessionId=53 current size: 3630
[pool-54-thread-12] pick event Id=392, eMBMSSessionId=5 current size: 3629
pool-54-thread-17 reduces to 3628
pool-54-thread-4 reduces to 3627
[pool-54-thread-9] pick event Id=393, eMBMSSessionId=0 current size: 3626
[pool-54-thread-6] pick event Id=394, eMBMSSessionId=32 current size: 3625
[pool-54-thread-10] pick event Id=395, eMBMSSessionId=25 current size: 3624
[pool-54-thread-20] pick event Id=396, eMBMSSessionId=42 current size: 3623
[pool-54-thread-3] pick event Id=397, eMBMSSessionId=80 current size: 3622
[pool-54-thread-2] pick event Id=398, eMBMSSessionId=63 current size: 3621
[pool-54-thread-1] pick event Id=399, eMBMSSessionId=94 current size: 3620
[pool-54-thread-11] pick event Id=400, eMBMSSessionId=34 current size: 3619
[pool-54-thread-19] pick event Id=401, eMBMSSessionId=83 current size: 3618
[pool-54-thread-13] pick event Id=402, eMBMSSessionId=19 current size: 3617
[pool-54-thread-7] pick event Id=403, eMBMSSessionId=16 current size: 3616
[pool-54-thread-5] pick event Id=404, eMBMSSessionId=22 current size: 3615
[pool-54-thread-15] adds event Id=405, eMBMSSessionId=22 current size: 3615
[pool-54-thread-8] pick event Id=406, eMBMSSessionId=7 current size: 3614
[pool-54-thread-16] pick event Id=407, eMBMSSessionId=59 current size: 3613
[pool-54-thread-6] pick event Id=408, eMBMSSessionId=49 current size: 3612
[pool-54-thread-20] pick event Id=409, eMBMSSessionId=53 current size: 3611
[pool-54-thread-18] pick event Id=410, eMBMSSessionId=46 current size: 3610
[pool-54-thread-14] adds event Id=411, eMBMSSessionId=83 current size: 3610
pool-54-thread-19 reduces to 3609
[pool-54-thread-12] pick event Id=412, eMBMSSessionId=97 current size: 3608
[pool-54-thread-17] pick event Id=413, eMBMSSessionId=63 current size: 3607
[pool-54-thread-4] pick event Id=414, eMBMSSessionId=23 current size: 3606
[pool-54-thread-13] pick event Id=415, eMBMSSessionId=19 current size: 3605
[pool-54-thread-9] pick event Id=416, eMBMSSessionId=98 current size: 3604
[pool-54-thread-15] pick event Id=417, eMBMSSessionId=88 current size: 3603
pool-54-thread-5 reduces to 3602
[pool-54-thread-10] pick event Id=418, eMBMSSessionId=60 current size: 3601
[pool-54-thread-8] pick event Id=419, eMBMSSessionId=0 current size: 3600
[pool-54-thread-3] pick event Id=420, eMBMSSessionId=43 current size: 3599
[pool-54-thread-2] pick event Id=421, eMBMSSessionId=61 current size: 3598
[pool-54-thread-1] pick event Id=422, eMBMSSessionId=70 current size: 3597
[pool-54-thread-11] pick event Id=423, eMBMSSessionId=37 current size: 3596
[pool-54-thread-14] pick event Id=424, eMBMSSessionId=27 current size: 3595
[pool-54-thread-7] pick event Id=425, eMBMSSessionId=88 current size: 3594
[pool-54-thread-15] pick event Id=426, eMBMSSessionId=17 current size: 3593
[pool-54-thread-6] pick event Id=427, eMBMSSessionId=11 current size: 3592
[pool-54-thread-16] pick event Id=428, eMBMSSessionId=75 current size: 3591
[pool-54-thread-20] pick event Id=429, eMBMSSessionId=41 current size: 3590
[pool-54-thread-3] pick event Id=430, eMBMSSessionId=29 current size: 3589
[pool-54-thread-18] adds event Id=431, eMBMSSessionId=41 current size: 3589
[pool-54-thread-17] adds event Id=432, eMBMSSessionId=88 current size: 3589
[pool-54-thread-12] pick event Id=433, eMBMSSessionId=58 current size: 3588
[pool-54-thread-19] pick event Id=434, eMBMSSessionId=85 current size: 3587
[pool-54-thread-9] pick event Id=435, eMBMSSessionId=5 current size: 3586
[pool-54-thread-4] pick event Id=436, eMBMSSessionId=79 current size: 3585
[pool-54-thread-13] pick event Id=437, eMBMSSessionId=59 current size: 3584
pool-54-thread-7 reduces to 3583
[pool-54-thread-5] pick event Id=438, eMBMSSessionId=87 current size: 3582
[pool-54-thread-8] adds event Id=439, eMBMSSessionId=79 current size: 3582
[pool-54-thread-10] pick event Id=440, eMBMSSessionId=98 current size: 3581
[pool-54-thread-2] pick event Id=441, eMBMSSessionId=57 current size: 3580
[pool-54-thread-1] pick event Id=442, eMBMSSessionId=73 current size: 3579
[pool-54-thread-18] pick event Id=443, eMBMSSessionId=47 current size: 3578
pool-54-thread-20 reduces to 3577
[pool-54-thread-17] adds event Id=444, eMBMSSessionId=5 current size: 3577
[pool-54-thread-11] pick event Id=445, eMBMSSessionId=61 current size: 3576
pool-54-thread-9 reduces to 3575
[pool-54-thread-19] pick event Id=446, eMBMSSessionId=23 current size: 3574
[pool-54-thread-14] adds event Id=447, eMBMSSessionId=47 current size: 3574
pool-54-thread-4 reduces to 3573
[pool-54-thread-15] pick event Id=448, eMBMSSessionId=21 current size: 3572
[pool-54-thread-8] pick event Id=449, eMBMSSessionId=29 current size: 3571
[pool-54-thread-6] pick event Id=450, eMBMSSessionId=39 current size: 3570
[pool-54-thread-16] pick event Id=451, eMBMSSessionId=12 current size: 3569
[pool-54-thread-3] pick event Id=452, eMBMSSessionId=90 current size: 3568
[pool-54-thread-17] pick event Id=453, eMBMSSessionId=43 current size: 3567
pool-54-thread-18 reduces to 3566
[pool-54-thread-2] pick event Id=454, eMBMSSessionId=19 current size: 3565
[pool-54-thread-1] adds event Id=455, eMBMSSessionId=21 current size: 3565
[pool-54-thread-12] pick event Id=456, eMBMSSessionId=3 current size: 3564
[pool-54-thread-13] pick event Id=457, eMBMSSessionId=63 current size: 3563
[pool-54-thread-14] pick event Id=458, eMBMSSessionId=88 current size: 3562
[pool-54-thread-7] pick event Id=459, eMBMSSessionId=26 current size: 3561
pool-54-thread-15 reduces to 3560
[pool-54-thread-5] pick event Id=460, eMBMSSessionId=1 current size: 3559
[pool-54-thread-10] pick event Id=461, eMBMSSessionId=2 current size: 3558
[pool-54-thread-1] adds event Id=462, eMBMSSessionId=88 current size: 3558
[pool-54-thread-20] pick event Id=463, eMBMSSessionId=15 current size: 3557
[pool-54-thread-11] pick event Id=464, eMBMSSessionId=56 current size: 3556
[pool-54-thread-18] pick event Id=465, eMBMSSessionId=77 current size: 3555
[pool-54-thread-9] pick event Id=466, eMBMSSessionId=86 current size: 3554
[pool-54-thread-19] adds event Id=467, eMBMSSessionId=77 current size: 3554
pool-54-thread-14 reduces to 3553
[pool-54-thread-4] pick event Id=468, eMBMSSessionId=66 current size: 3552
[pool-54-thread-6] pick event Id=469, eMBMSSessionId=4 current size: 3551
[pool-54-thread-8] adds event Id=470, eMBMSSessionId=66 current size: 3551
[pool-54-thread-16] adds event Id=471, eMBMSSessionId=2 current size: 3551
[pool-54-thread-1] pick event Id=472, eMBMSSessionId=10 current size: 3550
[pool-54-thread-3] pick event Id=473, eMBMSSessionId=11 current size: 3549
pool-54-thread-10 reduces to 3548
[pool-54-thread-17] pick event Id=474, eMBMSSessionId=61 current size: 3547
[pool-54-thread-2] pick event Id=475, eMBMSSessionId=80 current size: 3546
[pool-54-thread-12] pick event Id=476, eMBMSSessionId=73 current size: 3545
[pool-54-thread-20] pick event Id=477, eMBMSSessionId=32 current size: 3544
pool-54-thread-18 reduces to 3543
[pool-54-thread-13] pick event Id=478, eMBMSSessionId=34 current size: 3542
[pool-54-thread-19] pick event Id=479, eMBMSSessionId=8 current size: 3541
[pool-54-thread-7] pick event Id=480, eMBMSSessionId=37 current size: 3540
pool-54-thread-4 reduces to 3539
[pool-54-thread-15] pick event Id=481, eMBMSSessionId=76 current size: 3538
[pool-54-thread-8] pick event Id=482, eMBMSSessionId=3 current size: 3537
[pool-54-thread-16] pick event Id=483, eMBMSSessionId=17 current size: 3536
[pool-54-thread-5] pick event Id=484, eMBMSSessionId=42 current size: 3535
[pool-54-thread-11] pick event Id=485, eMBMSSessionId=48 current size: 3534
[pool-54-thread-9] pick event Id=486, eMBMSSessionId=24 current size: 3533
[pool-54-thread-20] pick event Id=487, eMBMSSessionId=36 current size: 3532
[pool-54-thread-14] pick event Id=488, eMBMSSessionId=14 current size: 3531
[pool-54-thread-6] pick event Id=489, eMBMSSessionId=49 current size: 3530
[pool-54-thread-16] pick event Id=490, eMBMSSessionId=78 current size: 3529
[pool-54-thread-1] pick event Id=491, eMBMSSessionId=81 current size: 3528
[pool-54-thread-3] pick event Id=492, eMBMSSessionId=15 current size: 3527
[pool-54-thread-10] pick event Id=493, eMBMSSessionId=1 current size: 3526
[pool-54-thread-17] pick event Id=494, eMBMSSessionId=4 current size: 3525
[pool-54-thread-2] pick event Id=495, eMBMSSessionId=39 current size: 3524
[pool-54-thread-12] pick event Id=496, eMBMSSessionId=32 current size: 3523
[pool-54-thread-19] pick event Id=497, eMBMSSessionId=97 current size: 3522
[pool-54-thread-18] pick event Id=498, eMBMSSessionId=74 current size: 3521
[pool-54-thread-13] pick event Id=499, eMBMSSessionId=88 current size: 3520
[pool-54-thread-7] pick event Id=500, eMBMSSessionId=63 current size: 3519
[pool-54-thread-4] pick event Id=501, eMBMSSessionId=61 current size: 3518
[pool-54-thread-15] pick event Id=502, eMBMSSessionId=26 current size: 3517
[pool-54-thread-8] pick event Id=503, eMBMSSessionId=29 current size: 3516
[pool-54-thread-5] pick event Id=504, eMBMSSessionId=51 current size: 3515
[pool-54-thread-11] pick event Id=505, eMBMSSessionId=10 current size: 3514
[pool-54-thread-9] pick event Id=506, eMBMSSessionId=78 current size: 3513
[pool-54-thread-20] pick event Id=507, eMBMSSessionId=73 current size: 3512
[pool-54-thread-8] pick event Id=508, eMBMSSessionId=71 current size: 3511
[pool-54-thread-16] pick event Id=509, eMBMSSessionId=57 current size: 3510
[pool-54-thread-14] pick event Id=510, eMBMSSessionId=20 current size: 3509
[pool-54-thread-1] pick event Id=511, eMBMSSessionId=94 current size: 3508
[pool-54-thread-6] pick event Id=512, eMBMSSessionId=82 current size: 3507
[pool-54-thread-3] pick event Id=513, eMBMSSessionId=53 current size: 3506
[pool-54-thread-10] pick event Id=514, eMBMSSessionId=81 current size: 3505
[pool-54-thread-17] pick event Id=515, eMBMSSessionId=72 current size: 3504
[pool-54-thread-12] pick event Id=516, eMBMSSessionId=25 current size: 3503
[pool-54-thread-2] pick event Id=517, eMBMSSessionId=59 current size: 3502
[pool-54-thread-19] pick event Id=518, eMBMSSessionId=64 current size: 3501
testOverload end.
testFull begin.
[pool-55-thread-1] pick event Id=0, eMBMSSessionId=96 current size: 4998
[pool-55-thread-2] pick event Id=1, eMBMSSessionId=78 current size: 4997
[pool-55-thread-3] pick event Id=2, eMBMSSessionId=74 current size: 4996
[pool-55-thread-5] pick event Id=3, eMBMSSessionId=45 current size: 4995
[pool-55-thread-4] pick event Id=4, eMBMSSessionId=69 current size: 4994
[pool-55-thread-6] pick event Id=5, eMBMSSessionId=67 current size: 4993
[pool-55-thread-7] adds event Id=6, eMBMSSessionId=69 current size: 4993
[pool-55-thread-9] pick event Id=7, eMBMSSessionId=65 current size: 4992
[pool-55-thread-12] pick event Id=8, eMBMSSessionId=15 current size: 4991
[pool-55-thread-8] adds event Id=9, eMBMSSessionId=96 current size: 4991
[pool-55-thread-10] pick event Id=10, eMBMSSessionId=32 current size: 4990
[pool-55-thread-11] pick event Id=11, eMBMSSessionId=11 current size: 4989
[pool-55-thread-13] pick event Id=12, eMBMSSessionId=90 current size: 4988
[pool-55-thread-14] pick event Id=13, eMBMSSessionId=14 current size: 4987
[pool-55-thread-15] adds event Id=14, eMBMSSessionId=90 current size: 4987
[pool-55-thread-16] pick event Id=15, eMBMSSessionId=61 current size: 4986
[pool-55-thread-17] pick event Id=16, eMBMSSessionId=47 current size: 4985
[pool-55-thread-18] pick event Id=17, eMBMSSessionId=17 current size: 4984
[pool-55-thread-19] pick event Id=18, eMBMSSessionId=18 current size: 4983
[pool-55-thread-20] adds event Id=19, eMBMSSessionId=65 current size: 4983
[pool-55-thread-7] pick event Id=20, eMBMSSessionId=76 current size: 4982
[pool-55-thread-8] pick event Id=21, eMBMSSessionId=63 current size: 4981
[pool-55-thread-15] pick event Id=22, eMBMSSessionId=22 current size: 4980
[pool-55-thread-20] pick event Id=23, eMBMSSessionId=53 current size: 4979
event queue is full, will clear all data!
NbiEventCache is cleared with total events removed: 5029
testFull end.
6 times run start
testEventSequence begin.
testEventSequence end.
testSendRadomEmbmsSessionEvents begin.
testSendRadomEmbmsSessionEvents end.
testSendSameEmbmsSessionEvents begin.
testSendSameEmbmsSessionEvents end.
testSendNoSameEmbmsSessionEvents begin.
testSendNoSameEmbmsSessionEvents end.
testSendNoEmbmsSessionIdEvents begin.
testSendNoEmbmsSessionIdEvents end.
testOverload begin.
[pool-63-thread-2] pick event Id=0, eMBMSSessionId=20 current size: 4019
[pool-63-thread-3] pick event Id=1, eMBMSSessionId=60 current size: 4018
pool-63-thread-2 Discard NBI event &apos; Id=0, eMBMSSessionId=20&apos;, current queue size: 4018
[pool-63-thread-1] pick event Id=2, eMBMSSessionId=34 current size: 4017
[pool-63-thread-8] pick event Id=3, eMBMSSessionId=58 current size: 4016
pool-63-thread-1 Discard NBI event &apos; Id=2, eMBMSSessionId=34&apos;, current queue size: 4017
pool-63-thread-3 Discard NBI event &apos; Id=1, eMBMSSessionId=60&apos;, current queue size: 4017
[pool-63-thread-6] pick event Id=4, eMBMSSessionId=13 current size: 4015
[pool-63-thread-5] pick event Id=5, eMBMSSessionId=32 current size: 4014
[pool-63-thread-7] pick event Id=6, eMBMSSessionId=10 current size: 4013
pool-63-thread-8 Discard NBI event &apos; Id=3, eMBMSSessionId=58&apos;, current queue size: 4013
pool-63-thread-6 Discard NBI event &apos; Id=4, eMBMSSessionId=13&apos;, current queue size: 4013
[pool-63-thread-4] pick event Id=7, eMBMSSessionId=68 current size: 4012
[pool-63-thread-9] pick event Id=8, eMBMSSessionId=56 current size: 4011
pool-63-thread-5 Discard NBI event &apos; Id=5, eMBMSSessionId=32&apos;, current queue size: 4011
[pool-63-thread-10] pick event Id=9, eMBMSSessionId=96 current size: 4010
pool-63-thread-9 Discard NBI event &apos; Id=8, eMBMSSessionId=56&apos;, current queue size: 4010
pool-63-thread-4 Discard NBI event &apos; Id=7, eMBMSSessionId=68&apos;, current queue size: 4010
[pool-63-thread-11] pick event Id=10, eMBMSSessionId=63 current size: 4009
pool-63-thread-7 Discard NBI event &apos; Id=6, eMBMSSessionId=10&apos;, current queue size: 4010
pool-63-thread-10 Discard NBI event &apos; Id=9, eMBMSSessionId=96&apos;, current queue size: 4009
pool-63-thread-11 Discard NBI event &apos; Id=10, eMBMSSessionId=63&apos;, current queue size: 4009
[pool-63-thread-12] pick event Id=11, eMBMSSessionId=65 current size: 4008
pool-63-thread-12 Discard NBI event &apos; Id=11, eMBMSSessionId=65&apos;, current queue size: 4008
[pool-63-thread-13] pick event Id=12, eMBMSSessionId=67 current size: 4007
pool-63-thread-13 Discard NBI event &apos; Id=12, eMBMSSessionId=67&apos;, current queue size: 4007
[pool-63-thread-14] pick event Id=13, eMBMSSessionId=79 current size: 4006
[pool-63-thread-15] pick event Id=14, eMBMSSessionId=31 current size: 4005
pool-63-thread-14 Discard NBI event &apos; Id=13, eMBMSSessionId=79&apos;, current queue size: 4005
[pool-63-thread-16] pick event Id=15, eMBMSSessionId=10 current size: 4004
pool-63-thread-16 Discard NBI event &apos; Id=15, eMBMSSessionId=10&apos;, current queue size: 4004
[pool-63-thread-17] adds event Id=16, eMBMSSessionId=67 current size: 4004
pool-63-thread-15 Discard NBI event &apos; Id=14, eMBMSSessionId=31&apos;, current queue size: 4004
[pool-63-thread-8] pick event Id=17, eMBMSSessionId=21 current size: 4003
pool-63-thread-8 Discard NBI event &apos; Id=17, eMBMSSessionId=21&apos;, current queue size: 4003
[pool-63-thread-8] pick event Id=18, eMBMSSessionId=5 current size: 4002
pool-63-thread-8 Discard NBI event &apos; Id=18, eMBMSSessionId=5&apos;, current queue size: 4002
[pool-63-thread-8] pick event Id=19, eMBMSSessionId=0 current size: 4001
[pool-63-thread-18] pick event Id=20, eMBMSSessionId=77 current size: 4000
pool-63-thread-8 Discard NBI event &apos; Id=19, eMBMSSessionId=0&apos;, current queue size: 4000
pool-63-thread-18 Discard NBI event &apos; Id=20, eMBMSSessionId=77&apos;, current queue size: 4000
pool-63-thread-13 reduces to 3999
[pool-63-thread-2] pick event Id=21, eMBMSSessionId=11 current size: 3998
[pool-63-thread-13] pick event Id=22, eMBMSSessionId=56 current size: 3997
[pool-63-thread-19] pick event Id=23, eMBMSSessionId=69 current size: 3996
[pool-63-thread-20] pick event Id=24, eMBMSSessionId=12 current size: 3995
[pool-63-thread-16] pick event Id=25, eMBMSSessionId=40 current size: 3994
[pool-63-thread-5] pick event Id=26, eMBMSSessionId=41 current size: 3993
[pool-63-thread-5] pick event Id=27, eMBMSSessionId=1 current size: 3992
[pool-63-thread-1] pick event Id=28, eMBMSSessionId=28 current size: 3991
[pool-63-thread-17] pick event Id=29, eMBMSSessionId=6 current size: 3990
[pool-63-thread-17] pick event Id=30, eMBMSSessionId=46 current size: 3989
[pool-63-thread-17] pick event Id=31, eMBMSSessionId=37 current size: 3988
[pool-63-thread-17] pick event Id=32, eMBMSSessionId=90 current size: 3987
[pool-63-thread-17] pick event Id=33, eMBMSSessionId=13 current size: 3986
[pool-63-thread-17] pick event Id=34, eMBMSSessionId=7 current size: 3985
[pool-63-thread-17] pick event Id=35, eMBMSSessionId=86 current size: 3984
[pool-63-thread-17] pick event Id=36, eMBMSSessionId=5 current size: 3983
[pool-63-thread-17] pick event Id=37, eMBMSSessionId=93 current size: 3982
[pool-63-thread-17] pick event Id=38, eMBMSSessionId=3 current size: 3981
[pool-63-thread-17] pick event Id=39, eMBMSSessionId=76 current size: 3980
[pool-63-thread-17] pick event Id=40, eMBMSSessionId=47 current size: 3979
[pool-63-thread-17] pick event Id=41, eMBMSSessionId=71 current size: 3978
[pool-63-thread-17] pick event Id=42, eMBMSSessionId=36 current size: 3977
[pool-63-thread-6] pick event Id=43, eMBMSSessionId=71 current size: 3976
[pool-63-thread-9] adds event Id=44, eMBMSSessionId=56 current size: 3976
[pool-63-thread-10] pick event Id=45, eMBMSSessionId=45 current size: 3975
[pool-63-thread-12] pick event Id=46, eMBMSSessionId=72 current size: 3974
[pool-63-thread-11] pick event Id=47, eMBMSSessionId=64 current size: 3973
[pool-63-thread-4] adds event Id=48, eMBMSSessionId=77 current size: 3973
[pool-63-thread-3] pick event Id=49, eMBMSSessionId=23 current size: 3972
pool-63-thread-18 reduces to 3971
[pool-63-thread-7] pick event Id=50, eMBMSSessionId=58 current size: 3970
pool-63-thread-13 reduces to 3969
[pool-63-thread-14] adds event Id=51, eMBMSSessionId=77 current size: 3969
[pool-63-thread-5] adds event Id=52, eMBMSSessionId=77 current size: 3969
[pool-63-thread-19] pick event Id=53, eMBMSSessionId=3 current size: 3968
[pool-63-thread-19] pick event Id=54, eMBMSSessionId=33 current size: 3967
[pool-63-thread-19] pick event Id=55, eMBMSSessionId=91 current size: 3966
[pool-63-thread-19] pick event Id=56, eMBMSSessionId=35 current size: 3965
[pool-63-thread-2] pick event Id=57, eMBMSSessionId=6 current size: 3964
[pool-63-thread-16] adds event Id=58, eMBMSSessionId=72 current size: 3964
[pool-63-thread-16] pick event Id=59, eMBMSSessionId=1 current size: 3963
[pool-63-thread-15] pick event Id=60, eMBMSSessionId=27 current size: 3962
[pool-63-thread-17] pick event Id=61, eMBMSSessionId=68 current size: 3961
[pool-63-thread-17] pick event Id=62, eMBMSSessionId=94 current size: 3960
[pool-63-thread-17] adds event Id=63, eMBMSSessionId=58 current size: 3960
[pool-63-thread-17] pick event Id=64, eMBMSSessionId=14 current size: 3959
[pool-63-thread-17] adds event Id=65, eMBMSSessionId=45 current size: 3959
[pool-63-thread-17] pick event Id=66, eMBMSSessionId=37 current size: 3958
[pool-63-thread-17] pick event Id=67, eMBMSSessionId=75 current size: 3957
[pool-63-thread-17] adds event Id=68, eMBMSSessionId=77 current size: 3957
[pool-63-thread-17] pick event Id=69, eMBMSSessionId=38 current size: 3956
[pool-63-thread-17] pick event Id=70, eMBMSSessionId=34 current size: 3955
[pool-63-thread-17] adds event Id=71, eMBMSSessionId=58 current size: 3955
[pool-63-thread-17] pick event Id=72, eMBMSSessionId=53 current size: 3954
[pool-63-thread-17] pick event Id=73, eMBMSSessionId=32 current size: 3953
[pool-63-thread-17] pick event Id=74, eMBMSSessionId=51 current size: 3952
[pool-63-thread-17] pick event Id=75, eMBMSSessionId=67 current size: 3951
[pool-63-thread-17] pick event Id=76, eMBMSSessionId=79 current size: 3950
[pool-63-thread-17] pick event Id=77, eMBMSSessionId=21 current size: 3949
[pool-63-thread-17] pick event Id=78, eMBMSSessionId=33 current size: 3948
[pool-63-thread-17] pick event Id=79, eMBMSSessionId=73 current size: 3947
[pool-63-thread-17] pick event Id=80, eMBMSSessionId=55 current size: 3946
[pool-63-thread-17] pick event Id=81, eMBMSSessionId=75 current size: 3945
[pool-63-thread-17] adds event Id=82, eMBMSSessionId=77 current size: 3945
[pool-63-thread-17] pick event Id=83, eMBMSSessionId=26 current size: 3944
[pool-63-thread-17] pick event Id=84, eMBMSSessionId=95 current size: 3943
[pool-63-thread-17] pick event Id=85, eMBMSSessionId=22 current size: 3942
[pool-63-thread-17] pick event Id=86, eMBMSSessionId=91 current size: 3941
[pool-63-thread-17] pick event Id=87, eMBMSSessionId=97 current size: 3940
[pool-63-thread-17] pick event Id=88, eMBMSSessionId=46 current size: 3939
[pool-63-thread-17] pick event Id=89, eMBMSSessionId=74 current size: 3938
[pool-63-thread-9] pick event Id=90, eMBMSSessionId=43 current size: 3937
[pool-63-thread-1] pick event Id=91, eMBMSSessionId=41 current size: 3936
[pool-63-thread-8] pick event Id=92, eMBMSSessionId=38 current size: 3935
pool-63-thread-12 reduces to 3934
pool-63-thread-10 reduces to 3933
[pool-63-thread-10] pick event Id=93, eMBMSSessionId=98 current size: 3932
[pool-63-thread-10] pick event Id=94, eMBMSSessionId=84 current size: 3931
[pool-63-thread-3] pick event Id=95, eMBMSSessionId=59 current size: 3930
[pool-63-thread-3] pick event Id=96, eMBMSSessionId=39 current size: 3929
[pool-63-thread-3] pick event Id=97, eMBMSSessionId=78 current size: 3928
[pool-63-thread-3] pick event Id=98, eMBMSSessionId=78 current size: 3927
[pool-63-thread-4] pick event Id=99, eMBMSSessionId=93 current size: 3926
pool-63-thread-18 reduces to 3925
[pool-63-thread-13] pick event Id=100, eMBMSSessionId=46 current size: 3924
pool-63-thread-7 reduces to 3923
[pool-63-thread-5] adds event Id=101, eMBMSSessionId=43 current size: 3923
[pool-63-thread-14] pick event Id=102, eMBMSSessionId=16 current size: 3922
[pool-63-thread-19] pick event Id=103, eMBMSSessionId=29 current size: 3921
[pool-63-thread-19] pick event Id=104, eMBMSSessionId=86 current size: 3920
[pool-63-thread-20] pick event Id=105, eMBMSSessionId=17 current size: 3919
[pool-63-thread-1] pick event Id=106, eMBMSSessionId=67 current size: 3918
[pool-63-thread-6] pick event Id=107, eMBMSSessionId=33 current size: 3917
[pool-63-thread-17] pick event Id=108, eMBMSSessionId=19 current size: 3916
pool-63-thread-9 reduces to 3915
[pool-63-thread-12] pick event Id=109, eMBMSSessionId=62 current size: 3914
[pool-63-thread-12] pick event Id=110, eMBMSSessionId=38 current size: 3913
[pool-63-thread-4] pick event Id=111, eMBMSSessionId=88 current size: 3912
pool-63-thread-18 reduces to 3911
[pool-63-thread-11] pick event Id=112, eMBMSSessionId=89 current size: 3910
[pool-63-thread-3] pick event Id=113, eMBMSSessionId=1 current size: 3909
[pool-63-thread-10] pick event Id=114, eMBMSSessionId=6 current size: 3908
pool-63-thread-7 reduces to 3907
[pool-63-thread-13] pick event Id=115, eMBMSSessionId=82 current size: 3906
[pool-63-thread-5] pick event Id=116, eMBMSSessionId=47 current size: 3905
[pool-63-thread-16] pick event Id=117, eMBMSSessionId=42 current size: 3904
[pool-63-thread-15] pick event Id=118, eMBMSSessionId=22 current size: 3903
[pool-63-thread-15] pick event Id=119, eMBMSSessionId=66 current size: 3902
[pool-63-thread-15] pick event Id=120, eMBMSSessionId=2 current size: 3901
[pool-63-thread-15] pick event Id=121, eMBMSSessionId=25 current size: 3900
[pool-63-thread-15] pick event Id=122, eMBMSSessionId=13 current size: 3899
[pool-63-thread-15] adds event Id=123, eMBMSSessionId=1 current size: 3899
[pool-63-thread-15] pick event Id=124, eMBMSSessionId=8 current size: 3898
[pool-63-thread-19] pick event Id=125, eMBMSSessionId=55 current size: 3897
[pool-63-thread-20] pick event Id=126, eMBMSSessionId=60 current size: 3896
[pool-63-thread-20] pick event Id=127, eMBMSSessionId=65 current size: 3895
[pool-63-thread-20] pick event Id=128, eMBMSSessionId=11 current size: 3894
[pool-63-thread-20] pick event Id=129, eMBMSSessionId=98 current size: 3893
[pool-63-thread-14] pick event Id=130, eMBMSSessionId=60 current size: 3892
[pool-63-thread-2] pick event Id=131, eMBMSSessionId=92 current size: 3891
[pool-63-thread-1] pick event Id=132, eMBMSSessionId=79 current size: 3890
[pool-63-thread-1] pick event Id=133, eMBMSSessionId=45 current size: 3889
[pool-63-thread-1] pick event Id=134, eMBMSSessionId=56 current size: 3888
[pool-63-thread-1] pick event Id=135, eMBMSSessionId=14 current size: 3887
[pool-63-thread-1] pick event Id=136, eMBMSSessionId=98 current size: 3886
[pool-63-thread-1] pick event Id=137, eMBMSSessionId=75 current size: 3885
[pool-63-thread-1] pick event Id=138, eMBMSSessionId=0 current size: 3884
[pool-63-thread-1] adds event Id=139, eMBMSSessionId=88 current size: 3884
[pool-63-thread-1] pick event Id=140, eMBMSSessionId=72 current size: 3883
[pool-63-thread-1] pick event Id=141, eMBMSSessionId=40 current size: 3882
[pool-63-thread-8] adds event Id=142, eMBMSSessionId=6 current size: 3882
[pool-63-thread-8] pick event Id=143, eMBMSSessionId=62 current size: 3881
[pool-63-thread-17] pick event Id=144, eMBMSSessionId=27 current size: 3880
[pool-63-thread-12] pick event Id=145, eMBMSSessionId=9 current size: 3879
pool-63-thread-18 reduces to 3878
pool-63-thread-3 reduces to 3877
pool-63-thread-10 reduces to 3876
pool-63-thread-4 reduces to 3875
[pool-63-thread-13] pick event Id=146, eMBMSSessionId=54 current size: 3874
[pool-63-thread-13] pick event Id=147, eMBMSSessionId=57 current size: 3873
[pool-63-thread-13] pick event Id=148, eMBMSSessionId=34 current size: 3872
[pool-63-thread-13] pick event Id=149, eMBMSSessionId=34 current size: 3871
[pool-63-thread-13] pick event Id=150, eMBMSSessionId=61 current size: 3870
[pool-63-thread-13] adds event Id=151, eMBMSSessionId=27 current size: 3870
[pool-63-thread-13] pick event Id=152, eMBMSSessionId=43 current size: 3869
[pool-63-thread-5] pick event Id=153, eMBMSSessionId=67 current size: 3868
[pool-63-thread-16] pick event Id=154, eMBMSSessionId=74 current size: 3867
[pool-63-thread-15] pick event Id=155, eMBMSSessionId=18 current size: 3866
[pool-63-thread-20] pick event Id=156, eMBMSSessionId=73 current size: 3865
[pool-63-thread-20] pick event Id=157, eMBMSSessionId=68 current size: 3864
[pool-63-thread-20] pick event Id=158, eMBMSSessionId=78 current size: 3863
[pool-63-thread-20] pick event Id=159, eMBMSSessionId=19 current size: 3862
[pool-63-thread-20] pick event Id=160, eMBMSSessionId=56 current size: 3861
[pool-63-thread-20] pick event Id=161, eMBMSSessionId=90 current size: 3860
[pool-63-thread-20] pick event Id=162, eMBMSSessionId=86 current size: 3859
[pool-63-thread-20] pick event Id=163, eMBMSSessionId=8 current size: 3858
[pool-63-thread-20] pick event Id=164, eMBMSSessionId=20 current size: 3857
[pool-63-thread-20] pick event Id=165, eMBMSSessionId=98 current size: 3856
[pool-63-thread-20] pick event Id=166, eMBMSSessionId=19 current size: 3855
[pool-63-thread-20] pick event Id=167, eMBMSSessionId=96 current size: 3854
[pool-63-thread-20] pick event Id=168, eMBMSSessionId=33 current size: 3853
[pool-63-thread-20] pick event Id=169, eMBMSSessionId=97 current size: 3852
[pool-63-thread-14] pick event Id=170, eMBMSSessionId=94 current size: 3851
[pool-63-thread-2] pick event Id=171, eMBMSSessionId=78 current size: 3850
[pool-63-thread-6] pick event Id=172, eMBMSSessionId=15 current size: 3849
[pool-63-thread-9] pick event Id=173, eMBMSSessionId=11 current size: 3848
pool-63-thread-17 reduces to 3847
[pool-63-thread-17] adds event Id=174, eMBMSSessionId=94 current size: 3847
[pool-63-thread-17] pick event Id=175, eMBMSSessionId=42 current size: 3846
[pool-63-thread-7] pick event Id=176, eMBMSSessionId=60 current size: 3845
[pool-63-thread-7] pick event Id=177, eMBMSSessionId=38 current size: 3844
[pool-63-thread-7] pick event Id=178, eMBMSSessionId=91 current size: 3843
[pool-63-thread-7] pick event Id=179, eMBMSSessionId=63 current size: 3842
[pool-63-thread-7] pick event Id=180, eMBMSSessionId=51 current size: 3841
[pool-63-thread-8] pick event Id=181, eMBMSSessionId=27 current size: 3840
[pool-63-thread-8] pick event Id=182, eMBMSSessionId=21 current size: 3839
[pool-63-thread-11] pick event Id=183, eMBMSSessionId=20 current size: 3838
[pool-63-thread-11] pick event Id=184, eMBMSSessionId=57 current size: 3837
[pool-63-thread-12] pick event Id=185, eMBMSSessionId=91 current size: 3836
[pool-63-thread-12] pick event Id=186, eMBMSSessionId=98 current size: 3835
[pool-63-thread-11] pick event Id=187, eMBMSSessionId=34 current size: 3834
[pool-63-thread-11] pick event Id=188, eMBMSSessionId=90 current size: 3833
pool-63-thread-18 reduces to 3832
[pool-63-thread-10] adds event Id=189, eMBMSSessionId=43 current size: 3832
[pool-63-thread-10] pick event Id=190, eMBMSSessionId=41 current size: 3831
[pool-63-thread-10] pick event Id=191, eMBMSSessionId=34 current size: 3830
[pool-63-thread-10] adds event Id=192, eMBMSSessionId=11 current size: 3830
pool-63-thread-13 reduces to 3829
[pool-63-thread-13] pick event Id=193, eMBMSSessionId=26 current size: 3828
[pool-63-thread-13] pick event Id=194, eMBMSSessionId=20 current size: 3827
[pool-63-thread-13] pick event Id=195, eMBMSSessionId=53 current size: 3826
[pool-63-thread-13] adds event Id=196, eMBMSSessionId=90 current size: 3826
[pool-63-thread-13] pick event Id=197, eMBMSSessionId=68 current size: 3825
[pool-63-thread-13] pick event Id=198, eMBMSSessionId=25 current size: 3824
[pool-63-thread-13] adds event Id=199, eMBMSSessionId=15 current size: 3824
[pool-63-thread-13] pick event Id=200, eMBMSSessionId=7 current size: 3823
[pool-63-thread-13] pick event Id=201, eMBMSSessionId=45 current size: 3822
[pool-63-thread-5] pick event Id=202, eMBMSSessionId=41 current size: 3821
[pool-63-thread-5] pick event Id=203, eMBMSSessionId=70 current size: 3820
[pool-63-thread-5] pick event Id=204, eMBMSSessionId=39 current size: 3819
[pool-63-thread-5] pick event Id=205, eMBMSSessionId=64 current size: 3818
[pool-63-thread-5] adds event Id=206, eMBMSSessionId=94 current size: 3818
[pool-63-thread-5] pick event Id=207, eMBMSSessionId=84 current size: 3817
[pool-63-thread-5] adds event Id=208, eMBMSSessionId=90 current size: 3817
[pool-63-thread-5] pick event Id=209, eMBMSSessionId=66 current size: 3816
[pool-63-thread-5] pick event Id=210, eMBMSSessionId=71 current size: 3815
[pool-63-thread-5] pick event Id=211, eMBMSSessionId=36 current size: 3814
[pool-63-thread-19] pick event Id=212, eMBMSSessionId=35 current size: 3813
[pool-63-thread-19] pick event Id=213, eMBMSSessionId=27 current size: 3812
[pool-63-thread-19] pick event Id=214, eMBMSSessionId=98 current size: 3811
[pool-63-thread-19] pick event Id=215, eMBMSSessionId=12 current size: 3810
[pool-63-thread-19] pick event Id=216, eMBMSSessionId=55 current size: 3809
[pool-63-thread-2] pick event Id=217, eMBMSSessionId=10 current size: 3808
[pool-63-thread-2] pick event Id=218, eMBMSSessionId=89 current size: 3807
pool-63-thread-6 reduces to 3806
[pool-63-thread-1] pick event Id=219, eMBMSSessionId=55 current size: 3805
pool-63-thread-14 reduces to 3804
pool-63-thread-9 reduces to 3803
[pool-63-thread-17] pick event Id=220, eMBMSSessionId=75 current size: 3802
[pool-63-thread-17] pick event Id=221, eMBMSSessionId=74 current size: 3801
[pool-63-thread-17] pick event Id=222, eMBMSSessionId=6 current size: 3800
[pool-63-thread-17] pick event Id=223, eMBMSSessionId=93 current size: 3799
[pool-63-thread-17] pick event Id=224, eMBMSSessionId=20 current size: 3798
[pool-63-thread-9] pick event Id=225, eMBMSSessionId=22 current size: 3797
[pool-63-thread-3] pick event Id=226, eMBMSSessionId=6 current size: 3796
[pool-63-thread-3] pick event Id=227, eMBMSSessionId=79 current size: 3795
pool-63-thread-11 reduces to 3794
[pool-63-thread-12] pick event Id=228, eMBMSSessionId=60 current size: 3793
[pool-63-thread-12] pick event Id=229, eMBMSSessionId=59 current size: 3792
[pool-63-thread-18] pick event Id=230, eMBMSSessionId=14 current size: 3791
[pool-63-thread-4] pick event Id=231, eMBMSSessionId=97 current size: 3790
[pool-63-thread-4] pick event Id=232, eMBMSSessionId=40 current size: 3789
[pool-63-thread-4] pick event Id=233, eMBMSSessionId=1 current size: 3788
[pool-63-thread-4] adds event Id=234, eMBMSSessionId=94 current size: 3788
[pool-63-thread-4] pick event Id=235, eMBMSSessionId=76 current size: 3787
[pool-63-thread-4] pick event Id=236, eMBMSSessionId=24 current size: 3786
[pool-63-thread-4] pick event Id=237, eMBMSSessionId=38 current size: 3785
[pool-63-thread-16] pick event Id=238, eMBMSSessionId=89 current size: 3784
[pool-63-thread-5] adds event Id=239, eMBMSSessionId=90 current size: 3784
[pool-63-thread-5] pick event Id=240, eMBMSSessionId=88 current size: 3783
[pool-63-thread-5] adds event Id=241, eMBMSSessionId=15 current size: 3783
[pool-63-thread-5] pick event Id=242, eMBMSSessionId=21 current size: 3782
[pool-63-thread-10] pick event Id=243, eMBMSSessionId=40 current size: 3781
[pool-63-thread-13] pick event Id=244, eMBMSSessionId=13 current size: 3780
[pool-63-thread-13] pick event Id=245, eMBMSSessionId=85 current size: 3779
[pool-63-thread-13] pick event Id=246, eMBMSSessionId=11 current size: 3778
[pool-63-thread-15] pick event Id=247, eMBMSSessionId=19 current size: 3777
[pool-63-thread-19] pick event Id=248, eMBMSSessionId=83 current size: 3776
[pool-63-thread-19] pick event Id=249, eMBMSSessionId=64 current size: 3775
[pool-63-thread-20] pick event Id=250, eMBMSSessionId=44 current size: 3774
[pool-63-thread-20] pick event Id=251, eMBMSSessionId=39 current size: 3773
[pool-63-thread-20] pick event Id=252, eMBMSSessionId=74 current size: 3772
[pool-63-thread-20] pick event Id=253, eMBMSSessionId=57 current size: 3771
[pool-63-thread-20] pick event Id=254, eMBMSSessionId=57 current size: 3770
[pool-63-thread-20] pick event Id=255, eMBMSSessionId=69 current size: 3769
[pool-63-thread-20] pick event Id=256, eMBMSSessionId=31 current size: 3768
[pool-63-thread-20] pick event Id=257, eMBMSSessionId=65 current size: 3767
[pool-63-thread-20] pick event Id=258, eMBMSSessionId=25 current size: 3766
[pool-63-thread-20] pick event Id=259, eMBMSSessionId=82 current size: 3765
[pool-63-thread-20] pick event Id=260, eMBMSSessionId=87 current size: 3764
[pool-63-thread-20] pick event Id=261, eMBMSSessionId=37 current size: 3763
[pool-63-thread-20] pick event Id=262, eMBMSSessionId=49 current size: 3762
[pool-63-thread-20] adds event Id=263, eMBMSSessionId=19 current size: 3762
[pool-63-thread-20] pick event Id=264, eMBMSSessionId=4 current size: 3761
[pool-63-thread-20] pick event Id=265, eMBMSSessionId=2 current size: 3760
[pool-63-thread-20] pick event Id=266, eMBMSSessionId=95 current size: 3759
[pool-63-thread-20] pick event Id=267, eMBMSSessionId=32 current size: 3758
[pool-63-thread-20] pick event Id=268, eMBMSSessionId=27 current size: 3757
[pool-63-thread-20] pick event Id=269, eMBMSSessionId=62 current size: 3756
[pool-63-thread-20] pick event Id=270, eMBMSSessionId=12 current size: 3755
[pool-63-thread-20] pick event Id=271, eMBMSSessionId=57 current size: 3754
[pool-63-thread-20] pick event Id=272, eMBMSSessionId=97 current size: 3753
[pool-63-thread-20] pick event Id=273, eMBMSSessionId=97 current size: 3752
[pool-63-thread-20] pick event Id=274, eMBMSSessionId=1 current size: 3751
[pool-63-thread-20] pick event Id=275, eMBMSSessionId=31 current size: 3750
[pool-63-thread-20] pick event Id=276, eMBMSSessionId=5 current size: 3749
[pool-63-thread-20] pick event Id=277, eMBMSSessionId=13 current size: 3748
[pool-63-thread-20] pick event Id=278, eMBMSSessionId=53 current size: 3747
[pool-63-thread-20] pick event Id=279, eMBMSSessionId=6 current size: 3746
[pool-63-thread-20] pick event Id=280, eMBMSSessionId=4 current size: 3745
[pool-63-thread-20] pick event Id=281, eMBMSSessionId=33 current size: 3744
[pool-63-thread-20] pick event Id=282, eMBMSSessionId=54 current size: 3743
pool-63-thread-6 reduces to 3742
[pool-63-thread-2] adds event Id=283, eMBMSSessionId=11 current size: 3742
pool-63-thread-14 reduces to 3741
[pool-63-thread-17] pick event Id=284, eMBMSSessionId=73 current size: 3740
[pool-63-thread-17] pick event Id=285, eMBMSSessionId=70 current size: 3739
[pool-63-thread-17] adds event Id=286, eMBMSSessionId=89 current size: 3739
[pool-63-thread-17] adds event Id=287, eMBMSSessionId=14 current size: 3739
[pool-63-thread-17] pick event Id=288, eMBMSSessionId=56 current size: 3738
[pool-63-thread-17] pick event Id=289, eMBMSSessionId=32 current size: 3737
[pool-63-thread-17] pick event Id=290, eMBMSSessionId=75 current size: 3736
[pool-63-thread-17] adds event Id=291, eMBMSSessionId=90 current size: 3736
[pool-63-thread-17] pick event Id=292, eMBMSSessionId=38 current size: 3735
[pool-63-thread-17] pick event Id=293, eMBMSSessionId=48 current size: 3734
[pool-63-thread-17] pick event Id=294, eMBMSSessionId=74 current size: 3733
[pool-63-thread-17] adds event Id=295, eMBMSSessionId=64 current size: 3733
[pool-63-thread-17] pick event Id=296, eMBMSSessionId=34 current size: 3732
[pool-63-thread-9] pick event Id=297, eMBMSSessionId=28 current size: 3731
[pool-63-thread-9] pick event Id=298, eMBMSSessionId=42 current size: 3730
[pool-63-thread-9] pick event Id=299, eMBMSSessionId=38 current size: 3729
[pool-63-thread-9] pick event Id=300, eMBMSSessionId=68 current size: 3728
[pool-63-thread-9] pick event Id=301, eMBMSSessionId=66 current size: 3727
[pool-63-thread-9] pick event Id=302, eMBMSSessionId=10 current size: 3726
[pool-63-thread-9] pick event Id=303, eMBMSSessionId=48 current size: 3725
[pool-63-thread-9] pick event Id=304, eMBMSSessionId=47 current size: 3724
[pool-63-thread-9] pick event Id=305, eMBMSSessionId=82 current size: 3723
[pool-63-thread-9] pick event Id=306, eMBMSSessionId=87 current size: 3722
[pool-63-thread-9] pick event Id=307, eMBMSSessionId=66 current size: 3721
[pool-63-thread-9] pick event Id=308, eMBMSSessionId=96 current size: 3720
[pool-63-thread-9] pick event Id=309, eMBMSSessionId=68 current size: 3719
[pool-63-thread-9] pick event Id=310, eMBMSSessionId=43 current size: 3718
[pool-63-thread-9] pick event Id=311, eMBMSSessionId=57 current size: 3717
[pool-63-thread-9] pick event Id=312, eMBMSSessionId=53 current size: 3716
[pool-63-thread-9] pick event Id=313, eMBMSSessionId=9 current size: 3715
[pool-63-thread-9] pick event Id=314, eMBMSSessionId=74 current size: 3714
[pool-63-thread-9] pick event Id=315, eMBMSSessionId=12 current size: 3713
[pool-63-thread-9] pick event Id=316, eMBMSSessionId=68 current size: 3712
[pool-63-thread-17] adds event Id=317, eMBMSSessionId=19 current size: 3712
[pool-63-thread-17] pick event Id=318, eMBMSSessionId=35 current size: 3711
[pool-63-thread-17] pick event Id=319, eMBMSSessionId=51 current size: 3710
[pool-63-thread-7] adds event Id=320, eMBMSSessionId=79 current size: 3710
[pool-63-thread-7] pick event Id=321, eMBMSSessionId=51 current size: 3709
[pool-63-thread-7] adds event Id=322, eMBMSSessionId=54 current size: 3709
[pool-63-thread-7] pick event Id=323, eMBMSSessionId=31 current size: 3708
[pool-63-thread-7] pick event Id=324, eMBMSSessionId=26 current size: 3707
[pool-63-thread-9] adds event Id=325, eMBMSSessionId=64 current size: 3707
[pool-63-thread-9] pick event Id=326, eMBMSSessionId=63 current size: 3706
[pool-63-thread-8] pick event Id=327, eMBMSSessionId=57 current size: 3705
pool-63-thread-3 reduces to 3704
[pool-63-thread-12] adds event Id=328, eMBMSSessionId=64 current size: 3704
[pool-63-thread-12] pick event Id=329, eMBMSSessionId=2 current size: 3703
pool-63-thread-11 reduces to 3702
pool-63-thread-11 reduces to 3701
pool-63-thread-11 reduces to 3700
[pool-63-thread-11] pick event Id=330, eMBMSSessionId=42 current size: 3699
pool-63-thread-18 reduces to 3698
[pool-63-thread-4] pick event Id=331, eMBMSSessionId=22 current size: 3697
[pool-63-thread-4] adds event Id=332, eMBMSSessionId=21 current size: 3697
[pool-63-thread-4] pick event Id=333, eMBMSSessionId=68 current size: 3696
[pool-63-thread-4] pick event Id=334, eMBMSSessionId=24 current size: 3695
[pool-63-thread-4] pick event Id=335, eMBMSSessionId=20 current size: 3694
pool-63-thread-16 reduces to 3693
pool-63-thread-5 reduces to 3692
pool-63-thread-15 reduces to 3691
pool-63-thread-15 reduces to 3690
pool-63-thread-13 reduces to 3689
[pool-63-thread-13] pick event Id=336, eMBMSSessionId=28 current size: 3688
pool-63-thread-19 reduces to 3687
[pool-63-thread-13] pick event Id=337, eMBMSSessionId=88 current size: 3686
pool-63-thread-14 reduces to 3685
[pool-63-thread-13] adds event Id=338, eMBMSSessionId=79 current size: 3685
[pool-63-thread-13] pick event Id=339, eMBMSSessionId=99 current size: 3684
[pool-63-thread-13] pick event Id=340, eMBMSSessionId=69 current size: 3683
[pool-63-thread-13] pick event Id=341, eMBMSSessionId=17 current size: 3682
[pool-63-thread-13] pick event Id=342, eMBMSSessionId=3 current size: 3681
[pool-63-thread-13] adds event Id=343, eMBMSSessionId=79 current size: 3681
[pool-63-thread-13] pick event Id=344, eMBMSSessionId=36 current size: 3680
[pool-63-thread-13] pick event Id=345, eMBMSSessionId=59 current size: 3679
[pool-63-thread-13] adds event Id=346, eMBMSSessionId=26 current size: 3679
[pool-63-thread-13] pick event Id=347, eMBMSSessionId=1 current size: 3678
[pool-63-thread-13] pick event Id=348, eMBMSSessionId=90 current size: 3677
[pool-63-thread-13] pick event Id=349, eMBMSSessionId=31 current size: 3676
[pool-63-thread-13] pick event Id=350, eMBMSSessionId=66 current size: 3675
[pool-63-thread-2] pick event Id=351, eMBMSSessionId=33 current size: 3674
pool-63-thread-20 reduces to 3673
[pool-63-thread-1] pick event Id=352, eMBMSSessionId=32 current size: 3672
[pool-63-thread-17] pick event Id=353, eMBMSSessionId=46 current size: 3671
pool-63-thread-3 reduces to 3670
pool-63-thread-7 reduces to 3669
[pool-63-thread-6] pick event Id=354, eMBMSSessionId=9 current size: 3668
[pool-63-thread-6] pick event Id=355, eMBMSSessionId=29 current size: 3667
[pool-63-thread-6] pick event Id=356, eMBMSSessionId=70 current size: 3666
[pool-63-thread-6] pick event Id=357, eMBMSSessionId=39 current size: 3665
[pool-63-thread-6] pick event Id=358, eMBMSSessionId=86 current size: 3664
[pool-63-thread-6] pick event Id=359, eMBMSSessionId=41 current size: 3663
[pool-63-thread-6] pick event Id=360, eMBMSSessionId=52 current size: 3662
[pool-63-thread-6] pick event Id=361, eMBMSSessionId=45 current size: 3661
[pool-63-thread-6] pick event Id=362, eMBMSSessionId=43 current size: 3660
[pool-63-thread-6] pick event Id=363, eMBMSSessionId=60 current size: 3659
[pool-63-thread-6] pick event Id=364, eMBMSSessionId=72 current size: 3658
[pool-63-thread-6] pick event Id=365, eMBMSSessionId=27 current size: 3657
[pool-63-thread-6] pick event Id=366, eMBMSSessionId=2 current size: 3656
[pool-63-thread-6] pick event Id=367, eMBMSSessionId=40 current size: 3655
[pool-63-thread-6] pick event Id=368, eMBMSSessionId=5 current size: 3654
[pool-63-thread-6] pick event Id=369, eMBMSSessionId=49 current size: 3653
[pool-63-thread-6] pick event Id=370, eMBMSSessionId=70 current size: 3652
[pool-63-thread-6] pick event Id=371, eMBMSSessionId=27 current size: 3651
[pool-63-thread-6] pick event Id=372, eMBMSSessionId=81 current size: 3650
[pool-63-thread-6] pick event Id=373, eMBMSSessionId=36 current size: 3649
[pool-63-thread-6] adds event Id=374, eMBMSSessionId=79 current size: 3649
[pool-63-thread-6] adds event Id=375, eMBMSSessionId=64 current size: 3649
[pool-63-thread-6] pick event Id=376, eMBMSSessionId=75 current size: 3648
[pool-63-thread-6] pick event Id=377, eMBMSSessionId=21 current size: 3647
[pool-63-thread-6] pick event Id=378, eMBMSSessionId=77 current size: 3646
[pool-63-thread-18] pick event Id=379, eMBMSSessionId=73 current size: 3645
[pool-63-thread-18] pick event Id=380, eMBMSSessionId=19 current size: 3644
[pool-63-thread-18] pick event Id=381, eMBMSSessionId=6 current size: 3643
[pool-63-thread-18] pick event Id=382, eMBMSSessionId=15 current size: 3642
[pool-63-thread-18] pick event Id=383, eMBMSSessionId=75 current size: 3641
[pool-63-thread-18] pick event Id=384, eMBMSSessionId=27 current size: 3640
[pool-63-thread-18] pick event Id=385, eMBMSSessionId=12 current size: 3639
[pool-63-thread-18] pick event Id=386, eMBMSSessionId=28 current size: 3638
[pool-63-thread-18] pick event Id=387, eMBMSSessionId=44 current size: 3637
[pool-63-thread-18] pick event Id=388, eMBMSSessionId=86 current size: 3636
[pool-63-thread-18] pick event Id=389, eMBMSSessionId=87 current size: 3635
[pool-63-thread-18] pick event Id=390, eMBMSSessionId=95 current size: 3634
[pool-63-thread-10] pick event Id=391, eMBMSSessionId=34 current size: 3633
[pool-63-thread-10] pick event Id=392, eMBMSSessionId=91 current size: 3632
[pool-63-thread-10] pick event Id=393, eMBMSSessionId=97 current size: 3631
[pool-63-thread-10] pick event Id=394, eMBMSSessionId=85 current size: 3630
[pool-63-thread-10] pick event Id=395, eMBMSSessionId=12 current size: 3629
[pool-63-thread-10] pick event Id=396, eMBMSSessionId=5 current size: 3628
[pool-63-thread-10] pick event Id=397, eMBMSSessionId=28 current size: 3627
[pool-63-thread-4] pick event Id=398, eMBMSSessionId=40 current size: 3626
[pool-63-thread-15] pick event Id=399, eMBMSSessionId=42 current size: 3625
[pool-63-thread-15] pick event Id=400, eMBMSSessionId=82 current size: 3624
[pool-63-thread-15] pick event Id=401, eMBMSSessionId=2 current size: 3623
[pool-63-thread-16] adds event Id=402, eMBMSSessionId=46 current size: 3623
[pool-63-thread-16] pick event Id=403, eMBMSSessionId=86 current size: 3622
pool-63-thread-19 reduces to 3621
pool-63-thread-19 reduces to 3620
[pool-63-thread-13] pick event Id=404, eMBMSSessionId=31 current size: 3619
[pool-63-thread-2] pick event Id=405, eMBMSSessionId=73 current size: 3618
[pool-63-thread-7] pick event Id=406, eMBMSSessionId=47 current size: 3617
[pool-63-thread-7] pick event Id=407, eMBMSSessionId=97 current size: 3616
[pool-63-thread-7] pick event Id=408, eMBMSSessionId=59 current size: 3615
[pool-63-thread-7] pick event Id=409, eMBMSSessionId=21 current size: 3614
[pool-63-thread-7] pick event Id=410, eMBMSSessionId=96 current size: 3613
[pool-63-thread-7] pick event Id=411, eMBMSSessionId=14 current size: 3612
[pool-63-thread-7] pick event Id=412, eMBMSSessionId=0 current size: 3611
[pool-63-thread-7] pick event Id=413, eMBMSSessionId=1 current size: 3610
[pool-63-thread-7] pick event Id=414, eMBMSSessionId=66 current size: 3609
[pool-63-thread-7] pick event Id=415, eMBMSSessionId=81 current size: 3608
[pool-63-thread-7] adds event Id=416, eMBMSSessionId=79 current size: 3608
[pool-63-thread-7] pick event Id=417, eMBMSSessionId=51 current size: 3607
[pool-63-thread-7] pick event Id=418, eMBMSSessionId=3 current size: 3606
[pool-63-thread-7] pick event Id=419, eMBMSSessionId=89 current size: 3605
[pool-63-thread-7] pick event Id=420, eMBMSSessionId=91 current size: 3604
[pool-63-thread-7] pick event Id=421, eMBMSSessionId=11 current size: 3603
[pool-63-thread-9] pick event Id=422, eMBMSSessionId=52 current size: 3602
[pool-63-thread-9] adds event Id=423, eMBMSSessionId=32 current size: 3602
[pool-63-thread-9] pick event Id=424, eMBMSSessionId=30 current size: 3601
[pool-63-thread-8] pick event Id=425, eMBMSSessionId=62 current size: 3600
pool-63-thread-17 reduces to 3599
[pool-63-thread-17] pick event Id=426, eMBMSSessionId=4 current size: 3598
pool-63-thread-1 reduces to 3597
[pool-63-thread-12] pick event Id=427, eMBMSSessionId=82 current size: 3596
[pool-63-thread-20] pick event Id=428, eMBMSSessionId=63 current size: 3595
[pool-63-thread-20] pick event Id=429, eMBMSSessionId=26 current size: 3594
[pool-63-thread-20] adds event Id=430, eMBMSSessionId=73 current size: 3594
[pool-63-thread-20] pick event Id=431, eMBMSSessionId=26 current size: 3593
[pool-63-thread-20] pick event Id=432, eMBMSSessionId=3 current size: 3592
[pool-63-thread-20] pick event Id=433, eMBMSSessionId=14 current size: 3591
[pool-63-thread-20] pick event Id=434, eMBMSSessionId=13 current size: 3590
[pool-63-thread-20] pick event Id=435, eMBMSSessionId=84 current size: 3589
[pool-63-thread-20] pick event Id=436, eMBMSSessionId=99 current size: 3588
[pool-63-thread-20] pick event Id=437, eMBMSSessionId=9 current size: 3587
[pool-63-thread-20] pick event Id=438, eMBMSSessionId=20 current size: 3586
[pool-63-thread-20] pick event Id=439, eMBMSSessionId=58 current size: 3585
[pool-63-thread-11] adds event Id=440, eMBMSSessionId=4 current size: 3585
[pool-63-thread-11] pick event Id=441, eMBMSSessionId=87 current size: 3584
pool-63-thread-3 reduces to 3583
[pool-63-thread-5] pick event Id=442, eMBMSSessionId=33 current size: 3582
[pool-63-thread-9] adds event Id=443, eMBMSSessionId=62 current size: 3582
[pool-63-thread-9] pick event Id=444, eMBMSSessionId=20 current size: 3581
[pool-63-thread-5] pick event Id=445, eMBMSSessionId=39 current size: 3580
[pool-63-thread-9] pick event Id=446, eMBMSSessionId=59 current size: 3579
[pool-63-thread-5] pick event Id=447, eMBMSSessionId=92 current size: 3578
[pool-63-thread-4] pick event Id=448, eMBMSSessionId=14 current size: 3577
[pool-63-thread-10] pick event Id=449, eMBMSSessionId=13 current size: 3576
[pool-63-thread-6] pick event Id=450, eMBMSSessionId=6 current size: 3575
[pool-63-thread-15] adds event Id=451, eMBMSSessionId=82 current size: 3575
[pool-63-thread-13] pick event Id=452, eMBMSSessionId=80 current size: 3574
pool-63-thread-2 reduces to 3573
[pool-63-thread-14] pick event Id=453, eMBMSSessionId=27 current size: 3572
pool-63-thread-19 reduces to 3571
[pool-63-thread-19] pick event Id=454, eMBMSSessionId=7 current size: 3570
[pool-63-thread-19] pick event Id=455, eMBMSSessionId=88 current size: 3569
[pool-63-thread-7] pick event Id=456, eMBMSSessionId=39 current size: 3568
pool-63-thread-8 reduces to 3567
[pool-63-thread-11] pick event Id=457, eMBMSSessionId=72 current size: 3566
[pool-63-thread-11] pick event Id=458, eMBMSSessionId=61 current size: 3565
pool-63-thread-12 reduces to 3564
[pool-63-thread-1] pick event Id=459, eMBMSSessionId=66 current size: 3563
[pool-63-thread-1] adds event Id=460, eMBMSSessionId=58 current size: 3563
[pool-63-thread-1] pick event Id=461, eMBMSSessionId=17 current size: 3562
pool-63-thread-17 reduces to 3561
pool-63-thread-3 reduces to 3560
pool-63-thread-20 reduces to 3559
[pool-63-thread-18] adds event Id=462, eMBMSSessionId=14 current size: 3559
[pool-63-thread-16] pick event Id=463, eMBMSSessionId=53 current size: 3558
[pool-63-thread-15] pick event Id=464, eMBMSSessionId=52 current size: 3557
[pool-63-thread-16] pick event Id=465, eMBMSSessionId=20 current size: 3556
[pool-63-thread-2] pick event Id=466, eMBMSSessionId=66 current size: 3555
pool-63-thread-4 reduces to 3554
[pool-63-thread-14] pick event Id=467, eMBMSSessionId=34 current size: 3553
[pool-63-thread-2] pick event Id=468, eMBMSSessionId=38 current size: 3552
[pool-63-thread-2] pick event Id=469, eMBMSSessionId=83 current size: 3551
[pool-63-thread-19] pick event Id=470, eMBMSSessionId=54 current size: 3550
[pool-63-thread-19] pick event Id=471, eMBMSSessionId=22 current size: 3549
[pool-63-thread-19] pick event Id=472, eMBMSSessionId=90 current size: 3548
[pool-63-thread-8] pick event Id=473, eMBMSSessionId=33 current size: 3547
[pool-63-thread-8] pick event Id=474, eMBMSSessionId=38 current size: 3546
[pool-63-thread-8] pick event Id=475, eMBMSSessionId=67 current size: 3545
[pool-63-thread-8] pick event Id=476, eMBMSSessionId=20 current size: 3544
[pool-63-thread-8] pick event Id=477, eMBMSSessionId=56 current size: 3543
[pool-63-thread-8] pick event Id=478, eMBMSSessionId=65 current size: 3542
[pool-63-thread-8] pick event Id=479, eMBMSSessionId=16 current size: 3541
[pool-63-thread-8] pick event Id=480, eMBMSSessionId=10 current size: 3540
[pool-63-thread-11] pick event Id=481, eMBMSSessionId=3 current size: 3539
pool-63-thread-3 reduces to 3538
[pool-63-thread-3] pick event Id=482, eMBMSSessionId=66 current size: 3537
[pool-63-thread-9] pick event Id=483, eMBMSSessionId=68 current size: 3536
[pool-63-thread-10] pick event Id=484, eMBMSSessionId=89 current size: 3535
[pool-63-thread-3] pick event Id=485, eMBMSSessionId=12 current size: 3534
[pool-63-thread-18] pick event Id=486, eMBMSSessionId=13 current size: 3533
[pool-63-thread-13] pick event Id=487, eMBMSSessionId=81 current size: 3532
[pool-63-thread-18] pick event Id=488, eMBMSSessionId=67 current size: 3531
[pool-63-thread-16] pick event Id=489, eMBMSSessionId=58 current size: 3530
[pool-63-thread-16] pick event Id=490, eMBMSSessionId=82 current size: 3529
[pool-63-thread-16] pick event Id=491, eMBMSSessionId=57 current size: 3528
[pool-63-thread-2] pick event Id=492, eMBMSSessionId=91 current size: 3527
[pool-63-thread-2] adds event Id=493, eMBMSSessionId=89 current size: 3527
[pool-63-thread-2] pick event Id=494, eMBMSSessionId=50 current size: 3526
[pool-63-thread-2] pick event Id=495, eMBMSSessionId=26 current size: 3525
[pool-63-thread-2] pick event Id=496, eMBMSSessionId=97 current size: 3524
[pool-63-thread-14] pick event Id=497, eMBMSSessionId=39 current size: 3523
[pool-63-thread-5] pick event Id=498, eMBMSSessionId=73 current size: 3522
[pool-63-thread-15] pick event Id=499, eMBMSSessionId=30 current size: 3521
[pool-63-thread-6] pick event Id=500, eMBMSSessionId=87 current size: 3520
[pool-63-thread-19] adds event Id=501, eMBMSSessionId=39 current size: 3520
[pool-63-thread-19] pick event Id=502, eMBMSSessionId=85 current size: 3519
[pool-63-thread-19] pick event Id=503, eMBMSSessionId=26 current size: 3518
[pool-63-thread-19] pick event Id=504, eMBMSSessionId=25 current size: 3517
[pool-63-thread-19] pick event Id=505, eMBMSSessionId=25 current size: 3516
[pool-63-thread-19] pick event Id=506, eMBMSSessionId=93 current size: 3515
[pool-63-thread-8] pick event Id=507, eMBMSSessionId=24 current size: 3514
[pool-63-thread-7] pick event Id=508, eMBMSSessionId=59 current size: 3513
[pool-63-thread-1] pick event Id=509, eMBMSSessionId=0 current size: 3512
[pool-63-thread-17] adds event Id=510, eMBMSSessionId=81 current size: 3512
[pool-63-thread-17] pick event Id=511, eMBMSSessionId=32 current size: 3511
[pool-63-thread-12] pick event Id=512, eMBMSSessionId=56 current size: 3510
[pool-63-thread-9] pick event Id=513, eMBMSSessionId=8 current size: 3509
pool-63-thread-10 reduces to 3508
[pool-63-thread-20] pick event Id=514, eMBMSSessionId=42 current size: 3507
[pool-63-thread-20] pick event Id=515, eMBMSSessionId=55 current size: 3506
[pool-63-thread-20] pick event Id=516, eMBMSSessionId=15 current size: 3505
[pool-63-thread-20] pick event Id=517, eMBMSSessionId=9 current size: 3504
pool-63-thread-13 reduces to 3503
[pool-63-thread-13] pick event Id=518, eMBMSSessionId=77 current size: 3502
[pool-63-thread-4] pick event Id=519, eMBMSSessionId=72 current size: 3501
testOverload end.
testFull begin.
[pool-64-thread-1] pick event Id=0, eMBMSSessionId=59 current size: 4998
[pool-64-thread-2] pick event Id=1, eMBMSSessionId=90 current size: 4997
[pool-64-thread-3] pick event Id=2, eMBMSSessionId=14 current size: 4996
[pool-64-thread-4] pick event Id=3, eMBMSSessionId=91 current size: 4995
[pool-64-thread-5] pick event Id=4, eMBMSSessionId=37 current size: 4994
[pool-64-thread-6] pick event Id=5, eMBMSSessionId=46 current size: 4993
[pool-64-thread-7] pick event Id=6, eMBMSSessionId=50 current size: 4992
[pool-64-thread-9] pick event Id=7, eMBMSSessionId=95 current size: 4991
[pool-64-thread-8] pick event Id=8, eMBMSSessionId=10 current size: 4990
[pool-64-thread-11] adds event Id=9, eMBMSSessionId=90 current size: 4990
[pool-64-thread-10] pick event Id=10, eMBMSSessionId=15 current size: 4989
[pool-64-thread-13] pick event Id=11, eMBMSSessionId=55 current size: 4988
[pool-64-thread-14] pick event Id=12, eMBMSSessionId=74 current size: 4987
[pool-64-thread-12] adds event Id=13, eMBMSSessionId=10 current size: 4987
[pool-64-thread-15] adds event Id=14, eMBMSSessionId=50 current size: 4987
[pool-64-thread-16] pick event Id=15, eMBMSSessionId=40 current size: 4986
[pool-64-thread-19] pick event Id=16, eMBMSSessionId=97 current size: 4985
[pool-64-thread-17] pick event Id=17, eMBMSSessionId=36 current size: 4984
[pool-64-thread-18] pick event Id=18, eMBMSSessionId=9 current size: 4983
[pool-64-thread-20] pick event Id=19, eMBMSSessionId=26 current size: 4982
[pool-64-thread-11] pick event Id=20, eMBMSSessionId=8 current size: 4981
[pool-64-thread-12] pick event Id=21, eMBMSSessionId=49 current size: 4980
[pool-64-thread-15] pick event Id=22, eMBMSSessionId=73 current size: 4979
event queue is full, will clear all data!
NbiEventCache is cleared with total events removed: 5029
testFull end.
7 times run start
testEventSequence begin.
testEventSequence end.
testSendRadomEmbmsSessionEvents begin.
testSendRadomEmbmsSessionEvents end.
testSendSameEmbmsSessionEvents begin.
testSendSameEmbmsSessionEvents end.
testSendNoSameEmbmsSessionEvents begin.
testSendNoSameEmbmsSessionEvents end.
testSendNoEmbmsSessionIdEvents begin.
testSendNoEmbmsSessionIdEvents end.
testOverload begin.
[pool-72-thread-2] pick event Id=0, eMBMSSessionId=49 current size: 4019
pool-72-thread-2 Discard NBI event &apos; Id=0, eMBMSSessionId=49&apos;, current queue size: 4019
[pool-72-thread-1] pick event Id=1, eMBMSSessionId=98 current size: 4018
pool-72-thread-1 Discard NBI event &apos; Id=1, eMBMSSessionId=98&apos;, current queue size: 4018
[pool-72-thread-3] pick event Id=2, eMBMSSessionId=54 current size: 4017
pool-72-thread-3 Discard NBI event &apos; Id=2, eMBMSSessionId=54&apos;, current queue size: 4017
[pool-72-thread-4] pick event Id=3, eMBMSSessionId=61 current size: 4016
[pool-72-thread-6] pick event Id=4, eMBMSSessionId=7 current size: 4015
[pool-72-thread-5] pick event Id=5, eMBMSSessionId=1 current size: 4014
pool-72-thread-6 Discard NBI event &apos; Id=4, eMBMSSessionId=7&apos;, current queue size: 4014
pool-72-thread-5 Discard NBI event &apos; Id=5, eMBMSSessionId=1&apos;, current queue size: 4014
pool-72-thread-4 Discard NBI event &apos; Id=3, eMBMSSessionId=61&apos;, current queue size: 4014
[pool-72-thread-8] pick event Id=6, eMBMSSessionId=36 current size: 4013
pool-72-thread-8 Discard NBI event &apos; Id=6, eMBMSSessionId=36&apos;, current queue size: 4013
[pool-72-thread-7] pick event Id=7, eMBMSSessionId=58 current size: 4012
[pool-72-thread-12] pick event Id=8, eMBMSSessionId=74 current size: 4011
pool-72-thread-12 Discard NBI event &apos; Id=8, eMBMSSessionId=74&apos;, current queue size: 4011
pool-72-thread-7 Discard NBI event &apos; Id=7, eMBMSSessionId=58&apos;, current queue size: 4012
[pool-72-thread-10] pick event Id=9, eMBMSSessionId=89 current size: 4010
pool-72-thread-10 Discard NBI event &apos; Id=9, eMBMSSessionId=89&apos;, current queue size: 4010
[pool-72-thread-11] pick event Id=10, eMBMSSessionId=55 current size: 4009
pool-72-thread-11 Discard NBI event &apos; Id=10, eMBMSSessionId=55&apos;, current queue size: 4009
[pool-72-thread-16] pick event Id=11, eMBMSSessionId=21 current size: 4008
[pool-72-thread-15] pick event Id=12, eMBMSSessionId=6 current size: 4007
[pool-72-thread-2] pick event Id=13, eMBMSSessionId=78 current size: 4006
[pool-72-thread-19] adds event Id=14, eMBMSSessionId=78 current size: 4006
pool-72-thread-2 Discard NBI event &apos; Id=13, eMBMSSessionId=78&apos;, current queue size: 4006
pool-72-thread-16 Discard NBI event &apos; Id=11, eMBMSSessionId=21&apos;, current queue size: 4006
pool-72-thread-15 Discard NBI event &apos; Id=12, eMBMSSessionId=6&apos;, current queue size: 4006
[pool-72-thread-19] pick event Id=15, eMBMSSessionId=16 current size: 4005
[pool-72-thread-18] pick event Id=16, eMBMSSessionId=32 current size: 4004
pool-72-thread-19 Discard NBI event &apos; Id=15, eMBMSSessionId=16&apos;, current queue size: 4004
pool-72-thread-18 Discard NBI event &apos; Id=16, eMBMSSessionId=32&apos;, current queue size: 4004
[pool-72-thread-14] pick event Id=17, eMBMSSessionId=11 current size: 4003
pool-72-thread-14 Discard NBI event &apos; Id=17, eMBMSSessionId=11&apos;, current queue size: 4003
[pool-72-thread-20] pick event Id=18, eMBMSSessionId=54 current size: 4002
[pool-72-thread-9] adds event Id=19, eMBMSSessionId=36 current size: 4002
[pool-72-thread-9] pick event Id=20, eMBMSSessionId=12 current size: 4001
pool-72-thread-9 Discard NBI event &apos; Id=20, eMBMSSessionId=12&apos;, current queue size: 4001
[pool-72-thread-1] pick event Id=21, eMBMSSessionId=67 current size: 4000
[pool-72-thread-13] adds event Id=22, eMBMSSessionId=36 current size: 4000
[pool-72-thread-13] pick event Id=23, eMBMSSessionId=62 current size: 3999
pool-72-thread-20 Discard NBI event &apos; Id=18, eMBMSSessionId=54&apos;, current queue size: 4000
pool-72-thread-1 Discard NBI event &apos; Id=21, eMBMSSessionId=67&apos;, current queue size: 3999
[pool-72-thread-17] pick event Id=24, eMBMSSessionId=73 current size: 3998
[pool-72-thread-3] pick event Id=25, eMBMSSessionId=41 current size: 3997
[pool-72-thread-4] pick event Id=26, eMBMSSessionId=43 current size: 3996
[pool-72-thread-4] pick event Id=27, eMBMSSessionId=77 current size: 3995
[pool-72-thread-4] pick event Id=28, eMBMSSessionId=65 current size: 3994
pool-72-thread-8 reduces to 3993
[pool-72-thread-6] pick event Id=29, eMBMSSessionId=7 current size: 3992
[pool-72-thread-6] pick event Id=30, eMBMSSessionId=80 current size: 3991
[pool-72-thread-5] pick event Id=31, eMBMSSessionId=59 current size: 3990
[pool-72-thread-12] pick event Id=32, eMBMSSessionId=44 current size: 3989
[pool-72-thread-12] pick event Id=33, eMBMSSessionId=79 current size: 3988
[pool-72-thread-12] pick event Id=34, eMBMSSessionId=71 current size: 3987
[pool-72-thread-12] pick event Id=35, eMBMSSessionId=2 current size: 3986
[pool-72-thread-12] pick event Id=36, eMBMSSessionId=31 current size: 3985
[pool-72-thread-12] pick event Id=37, eMBMSSessionId=15 current size: 3984
[pool-72-thread-12] pick event Id=38, eMBMSSessionId=35 current size: 3983
[pool-72-thread-7] pick event Id=39, eMBMSSessionId=19 current size: 3982
[pool-72-thread-10] pick event Id=40, eMBMSSessionId=34 current size: 3981
[pool-72-thread-11] pick event Id=41, eMBMSSessionId=42 current size: 3980
pool-72-thread-2 reduces to 3979
[pool-72-thread-16] pick event Id=42, eMBMSSessionId=81 current size: 3978
[pool-72-thread-15] pick event Id=43, eMBMSSessionId=90 current size: 3977
[pool-72-thread-19] pick event Id=44, eMBMSSessionId=89 current size: 3976
[pool-72-thread-18] pick event Id=45, eMBMSSessionId=88 current size: 3975
[pool-72-thread-13] pick event Id=46, eMBMSSessionId=94 current size: 3974
[pool-72-thread-9] pick event Id=47, eMBMSSessionId=84 current size: 3973
pool-72-thread-8 reduces to 3972
[pool-72-thread-10] pick event Id=48, eMBMSSessionId=96 current size: 3971
[pool-72-thread-2] adds event Id=49, eMBMSSessionId=96 current size: 3971
[pool-72-thread-16] adds event Id=50, eMBMSSessionId=19 current size: 3971
[pool-72-thread-16] pick event Id=51, eMBMSSessionId=77 current size: 3970
pool-72-thread-7 reduces to 3969
[pool-72-thread-14] pick event Id=52, eMBMSSessionId=82 current size: 3968
[pool-72-thread-14] pick event Id=53, eMBMSSessionId=50 current size: 3967
[pool-72-thread-14] pick event Id=54, eMBMSSessionId=86 current size: 3966
[pool-72-thread-20] pick event Id=55, eMBMSSessionId=66 current size: 3965
[pool-72-thread-20] pick event Id=56, eMBMSSessionId=69 current size: 3964
[pool-72-thread-1] pick event Id=57, eMBMSSessionId=72 current size: 3963
[pool-72-thread-17] pick event Id=58, eMBMSSessionId=68 current size: 3962
[pool-72-thread-1] pick event Id=59, eMBMSSessionId=11 current size: 3961
[pool-72-thread-8] pick event Id=60, eMBMSSessionId=17 current size: 3960
[pool-72-thread-1] pick event Id=61, eMBMSSessionId=46 current size: 3959
[pool-72-thread-4] adds event Id=62, eMBMSSessionId=69 current size: 3959
[pool-72-thread-4] pick event Id=63, eMBMSSessionId=99 current size: 3958
[pool-72-thread-3] pick event Id=64, eMBMSSessionId=71 current size: 3957
[pool-72-thread-6] pick event Id=65, eMBMSSessionId=9 current size: 3956
[pool-72-thread-12] pick event Id=66, eMBMSSessionId=20 current size: 3955
[pool-72-thread-11] pick event Id=67, eMBMSSessionId=40 current size: 3954
[pool-72-thread-5] pick event Id=68, eMBMSSessionId=24 current size: 3953
[pool-72-thread-2] adds event Id=69, eMBMSSessionId=17 current size: 3953
[pool-72-thread-16] pick event Id=70, eMBMSSessionId=44 current size: 3952
pool-72-thread-10 reduces to 3951
[pool-72-thread-19] pick event Id=71, eMBMSSessionId=83 current size: 3950
[pool-72-thread-15] pick event Id=72, eMBMSSessionId=87 current size: 3949
[pool-72-thread-18] adds event Id=73, eMBMSSessionId=71 current size: 3949
[pool-72-thread-13] pick event Id=74, eMBMSSessionId=85 current size: 3948
[pool-72-thread-14] pick event Id=75, eMBMSSessionId=37 current size: 3947
[pool-72-thread-9] pick event Id=76, eMBMSSessionId=23 current size: 3946
pool-72-thread-20 reduces to 3945
pool-72-thread-8 reduces to 3944
[pool-72-thread-2] pick event Id=77, eMBMSSessionId=26 current size: 3943
pool-72-thread-3 reduces to 3942
[pool-72-thread-7] pick event Id=78, eMBMSSessionId=41 current size: 3941
[pool-72-thread-18] pick event Id=79, eMBMSSessionId=60 current size: 3940
[pool-72-thread-13] pick event Id=80, eMBMSSessionId=70 current size: 3939
[pool-72-thread-7] pick event Id=81, eMBMSSessionId=42 current size: 3938
[pool-72-thread-17] pick event Id=82, eMBMSSessionId=10 current size: 3937
[pool-72-thread-1] adds event Id=83, eMBMSSessionId=70 current size: 3937
[pool-72-thread-1] pick event Id=84, eMBMSSessionId=48 current size: 3936
[pool-72-thread-4] pick event Id=85, eMBMSSessionId=59 current size: 3935
[pool-72-thread-4] pick event Id=86, eMBMSSessionId=96 current size: 3934
[pool-72-thread-4] adds event Id=87, eMBMSSessionId=42 current size: 3934
[pool-72-thread-4] pick event Id=88, eMBMSSessionId=0 current size: 3933
[pool-72-thread-4] pick event Id=89, eMBMSSessionId=4 current size: 3932
[pool-72-thread-4] pick event Id=90, eMBMSSessionId=91 current size: 3931
[pool-72-thread-4] pick event Id=91, eMBMSSessionId=38 current size: 3930
[pool-72-thread-4] adds event Id=92, eMBMSSessionId=42 current size: 3930
[pool-72-thread-4] pick event Id=93, eMBMSSessionId=56 current size: 3929
[pool-72-thread-4] pick event Id=94, eMBMSSessionId=91 current size: 3928
[pool-72-thread-6] pick event Id=95, eMBMSSessionId=28 current size: 3927
[pool-72-thread-6] pick event Id=96, eMBMSSessionId=9 current size: 3926
[pool-72-thread-6] pick event Id=97, eMBMSSessionId=11 current size: 3925
[pool-72-thread-6] pick event Id=98, eMBMSSessionId=49 current size: 3924
[pool-72-thread-11] pick event Id=99, eMBMSSessionId=77 current size: 3923
[pool-72-thread-11] pick event Id=100, eMBMSSessionId=3 current size: 3922
[pool-72-thread-11] pick event Id=101, eMBMSSessionId=1 current size: 3921
[pool-72-thread-5] adds event Id=102, eMBMSSessionId=48 current size: 3921
[pool-72-thread-12] pick event Id=103, eMBMSSessionId=36 current size: 3920
[pool-72-thread-12] pick event Id=104, eMBMSSessionId=20 current size: 3919
[pool-72-thread-12] pick event Id=105, eMBMSSessionId=0 current size: 3918
[pool-72-thread-12] adds event Id=106, eMBMSSessionId=1 current size: 3918
[pool-72-thread-12] pick event Id=107, eMBMSSessionId=36 current size: 3917
[pool-72-thread-16] pick event Id=108, eMBMSSessionId=24 current size: 3916
[pool-72-thread-10] pick event Id=109, eMBMSSessionId=32 current size: 3915
[pool-72-thread-10] pick event Id=110, eMBMSSessionId=83 current size: 3914
[pool-72-thread-10] pick event Id=111, eMBMSSessionId=99 current size: 3913
[pool-72-thread-10] pick event Id=112, eMBMSSessionId=94 current size: 3912
[pool-72-thread-10] pick event Id=113, eMBMSSessionId=0 current size: 3911
[pool-72-thread-10] pick event Id=114, eMBMSSessionId=46 current size: 3910
[pool-72-thread-10] pick event Id=115, eMBMSSessionId=62 current size: 3909
[pool-72-thread-12] pick event Id=116, eMBMSSessionId=66 current size: 3908
[pool-72-thread-19] pick event Id=117, eMBMSSessionId=16 current size: 3907
[pool-72-thread-15] pick event Id=118, eMBMSSessionId=99 current size: 3906
[pool-72-thread-14] pick event Id=119, eMBMSSessionId=90 current size: 3905
pool-72-thread-13 reduces to 3904
[pool-72-thread-9] pick event Id=120, eMBMSSessionId=97 current size: 3903
[pool-72-thread-19] adds event Id=121, eMBMSSessionId=90 current size: 3903
[pool-72-thread-19] pick event Id=122, eMBMSSessionId=5 current size: 3902
[pool-72-thread-19] pick event Id=123, eMBMSSessionId=41 current size: 3901
pool-72-thread-7 reduces to 3900
[pool-72-thread-20] pick event Id=124, eMBMSSessionId=40 current size: 3899
[pool-72-thread-20] pick event Id=125, eMBMSSessionId=83 current size: 3898
[pool-72-thread-8] pick event Id=126, eMBMSSessionId=75 current size: 3897
[pool-72-thread-4] pick event Id=127, eMBMSSessionId=34 current size: 3896
pool-72-thread-1 reduces to 3895
[pool-72-thread-5] pick event Id=128, eMBMSSessionId=19 current size: 3894
[pool-72-thread-2] pick event Id=129, eMBMSSessionId=22 current size: 3893
pool-72-thread-11 reduces to 3892
[pool-72-thread-3] adds event Id=130, eMBMSSessionId=90 current size: 3892
[pool-72-thread-3] pick event Id=131, eMBMSSessionId=39 current size: 3891
[pool-72-thread-12] pick event Id=132, eMBMSSessionId=9 current size: 3890
[pool-72-thread-15] pick event Id=133, eMBMSSessionId=89 current size: 3889
[pool-72-thread-18] adds event Id=134, eMBMSSessionId=75 current size: 3889
pool-72-thread-14 reduces to 3888
[pool-72-thread-19] pick event Id=135, eMBMSSessionId=17 current size: 3887
pool-72-thread-7 reduces to 3886
[pool-72-thread-17] pick event Id=136, eMBMSSessionId=74 current size: 3885
pool-72-thread-8 reduces to 3884
[pool-72-thread-6] pick event Id=137, eMBMSSessionId=72 current size: 3883
[pool-72-thread-10] pick event Id=138, eMBMSSessionId=62 current size: 3882
[pool-72-thread-16] adds event Id=139, eMBMSSessionId=17 current size: 3882
[pool-72-thread-12] pick event Id=140, eMBMSSessionId=64 current size: 3881
[pool-72-thread-18] adds event Id=141, eMBMSSessionId=90 current size: 3881
pool-72-thread-14 reduces to 3880
[pool-72-thread-15] pick event Id=142, eMBMSSessionId=49 current size: 3879
[pool-72-thread-10] pick event Id=143, eMBMSSessionId=5 current size: 3878
[pool-72-thread-9] pick event Id=144, eMBMSSessionId=99 current size: 3877
[pool-72-thread-9] pick event Id=145, eMBMSSessionId=18 current size: 3876
[pool-72-thread-9] pick event Id=146, eMBMSSessionId=93 current size: 3875
[pool-72-thread-13] pick event Id=147, eMBMSSessionId=23 current size: 3874
[pool-72-thread-13] pick event Id=148, eMBMSSessionId=8 current size: 3873
[pool-72-thread-13] pick event Id=149, eMBMSSessionId=79 current size: 3872
[pool-72-thread-13] pick event Id=150, eMBMSSessionId=58 current size: 3871
[pool-72-thread-13] pick event Id=151, eMBMSSessionId=23 current size: 3870
[pool-72-thread-20] pick event Id=152, eMBMSSessionId=85 current size: 3869
[pool-72-thread-4] pick event Id=153, eMBMSSessionId=49 current size: 3868
[pool-72-thread-4] pick event Id=154, eMBMSSessionId=38 current size: 3867
[pool-72-thread-7] pick event Id=155, eMBMSSessionId=57 current size: 3866
[pool-72-thread-7] pick event Id=156, eMBMSSessionId=84 current size: 3865
[pool-72-thread-4] adds event Id=157, eMBMSSessionId=5 current size: 3865
[pool-72-thread-4] pick event Id=158, eMBMSSessionId=96 current size: 3864
[pool-72-thread-4] pick event Id=159, eMBMSSessionId=93 current size: 3863
pool-72-thread-19 reduces to 3862
[pool-72-thread-11] pick event Id=160, eMBMSSessionId=53 current size: 3861
[pool-72-thread-5] pick event Id=161, eMBMSSessionId=41 current size: 3860
[pool-72-thread-2] pick event Id=162, eMBMSSessionId=75 current size: 3859
[pool-72-thread-1] pick event Id=163, eMBMSSessionId=67 current size: 3858
[pool-72-thread-3] pick event Id=164, eMBMSSessionId=77 current size: 3857
[pool-72-thread-18] adds event Id=165, eMBMSSessionId=64 current size: 3857
[pool-72-thread-16] pick event Id=166, eMBMSSessionId=87 current size: 3856
[pool-72-thread-15] pick event Id=167, eMBMSSessionId=31 current size: 3855
pool-72-thread-12 reduces to 3854
pool-72-thread-14 reduces to 3853
pool-72-thread-10 reduces to 3852
[pool-72-thread-10] adds event Id=168, eMBMSSessionId=93 current size: 3852
[pool-72-thread-10] pick event Id=169, eMBMSSessionId=55 current size: 3851
[pool-72-thread-10] adds event Id=170, eMBMSSessionId=84 current size: 3851
[pool-72-thread-10] pick event Id=171, eMBMSSessionId=9 current size: 3850
[pool-72-thread-10] pick event Id=172, eMBMSSessionId=4 current size: 3849
[pool-72-thread-13] pick event Id=173, eMBMSSessionId=36 current size: 3848
[pool-72-thread-13] pick event Id=174, eMBMSSessionId=47 current size: 3847
[pool-72-thread-9] adds event Id=175, eMBMSSessionId=87 current size: 3847
[pool-72-thread-9] pick event Id=176, eMBMSSessionId=46 current size: 3846
[pool-72-thread-20] pick event Id=177, eMBMSSessionId=94 current size: 3845
pool-72-thread-7 reduces to 3844
pool-72-thread-4 reduces to 3843
[pool-72-thread-8] pick event Id=178, eMBMSSessionId=29 current size: 3842
[pool-72-thread-17] pick event Id=179, eMBMSSessionId=39 current size: 3841
[pool-72-thread-19] pick event Id=180, eMBMSSessionId=26 current size: 3840
[pool-72-thread-6] adds event Id=181, eMBMSSessionId=47 current size: 3840
[pool-72-thread-6] adds event Id=182, eMBMSSessionId=77 current size: 3840
[pool-72-thread-11] pick event Id=183, eMBMSSessionId=72 current size: 3839
[pool-72-thread-11] pick event Id=184, eMBMSSessionId=24 current size: 3838
[pool-72-thread-11] pick event Id=185, eMBMSSessionId=78 current size: 3837
[pool-72-thread-5] pick event Id=186, eMBMSSessionId=34 current size: 3836
[pool-72-thread-18] pick event Id=187, eMBMSSessionId=30 current size: 3835
pool-72-thread-3 reduces to 3834
[pool-72-thread-3] adds event Id=188, eMBMSSessionId=64 current size: 3834
[pool-72-thread-3] pick event Id=189, eMBMSSessionId=32 current size: 3833
[pool-72-thread-3] pick event Id=190, eMBMSSessionId=39 current size: 3832
[pool-72-thread-3] pick event Id=191, eMBMSSessionId=42 current size: 3831
[pool-72-thread-3] pick event Id=192, eMBMSSessionId=86 current size: 3830
[pool-72-thread-3] pick event Id=193, eMBMSSessionId=90 current size: 3829
[pool-72-thread-3] adds event Id=194, eMBMSSessionId=4 current size: 3829
[pool-72-thread-3] pick event Id=195, eMBMSSessionId=52 current size: 3828
pool-72-thread-16 reduces to 3827
[pool-72-thread-14] pick event Id=196, eMBMSSessionId=39 current size: 3826
pool-72-thread-12 reduces to 3825
pool-72-thread-10 reduces to 3824
pool-72-thread-13 reduces to 3823
[pool-72-thread-6] pick event Id=197, eMBMSSessionId=49 current size: 3822
[pool-72-thread-17] pick event Id=198, eMBMSSessionId=54 current size: 3821
[pool-72-thread-11] adds event Id=199, eMBMSSessionId=52 current size: 3821
[pool-72-thread-2] pick event Id=200, eMBMSSessionId=76 current size: 3820
[pool-72-thread-1] adds event Id=201, eMBMSSessionId=30 current size: 3820
[pool-72-thread-1] pick event Id=202, eMBMSSessionId=15 current size: 3819
pool-72-thread-18 reduces to 3818
[pool-72-thread-15] pick event Id=203, eMBMSSessionId=68 current size: 3817
pool-72-thread-3 reduces to 3816
[pool-72-thread-20] pick event Id=204, eMBMSSessionId=91 current size: 3815
[pool-72-thread-7] pick event Id=205, eMBMSSessionId=82 current size: 3814
[pool-72-thread-8] pick event Id=206, eMBMSSessionId=72 current size: 3813
[pool-72-thread-9] pick event Id=207, eMBMSSessionId=31 current size: 3812
[pool-72-thread-4] pick event Id=208, eMBMSSessionId=7 current size: 3811
[pool-72-thread-17] pick event Id=209, eMBMSSessionId=37 current size: 3810
[pool-72-thread-11] pick event Id=210, eMBMSSessionId=67 current size: 3809
[pool-72-thread-19] pick event Id=211, eMBMSSessionId=59 current size: 3808
[pool-72-thread-5] pick event Id=212, eMBMSSessionId=77 current size: 3807
[pool-72-thread-16] pick event Id=213, eMBMSSessionId=0 current size: 3806
[pool-72-thread-10] pick event Id=214, eMBMSSessionId=81 current size: 3805
[pool-72-thread-14] pick event Id=215, eMBMSSessionId=17 current size: 3804
[pool-72-thread-6] adds event Id=216, eMBMSSessionId=17 current size: 3804
[pool-72-thread-6] pick event Id=217, eMBMSSessionId=52 current size: 3803
[pool-72-thread-13] pick event Id=218, eMBMSSessionId=69 current size: 3802
[pool-72-thread-12] pick event Id=219, eMBMSSessionId=7 current size: 3801
[pool-72-thread-2] pick event Id=220, eMBMSSessionId=66 current size: 3800
[pool-72-thread-1] pick event Id=221, eMBMSSessionId=38 current size: 3799
[pool-72-thread-18] pick event Id=222, eMBMSSessionId=19 current size: 3798
[pool-72-thread-16] pick event Id=223, eMBMSSessionId=12 current size: 3797
[pool-72-thread-16] pick event Id=224, eMBMSSessionId=87 current size: 3796
[pool-72-thread-15] pick event Id=225, eMBMSSessionId=93 current size: 3795
pool-72-thread-14 reduces to 3794
[pool-72-thread-7] pick event Id=226, eMBMSSessionId=49 current size: 3793
[pool-72-thread-3] pick event Id=227, eMBMSSessionId=88 current size: 3792
[pool-72-thread-20] pick event Id=228, eMBMSSessionId=35 current size: 3791
[pool-72-thread-4] pick event Id=229, eMBMSSessionId=34 current size: 3790
[pool-72-thread-9] pick event Id=230, eMBMSSessionId=8 current size: 3789
[pool-72-thread-8] pick event Id=231, eMBMSSessionId=14 current size: 3788
[pool-72-thread-17] adds event Id=232, eMBMSSessionId=88 current size: 3788
[pool-72-thread-19] pick event Id=233, eMBMSSessionId=33 current size: 3787
[pool-72-thread-2] pick event Id=234, eMBMSSessionId=82 current size: 3786
[pool-72-thread-2] pick event Id=235, eMBMSSessionId=85 current size: 3785
[pool-72-thread-2] pick event Id=236, eMBMSSessionId=84 current size: 3784
[pool-72-thread-11] pick event Id=237, eMBMSSessionId=36 current size: 3783
[pool-72-thread-5] pick event Id=238, eMBMSSessionId=72 current size: 3782
pool-72-thread-3 reduces to 3781
[pool-72-thread-10] pick event Id=239, eMBMSSessionId=71 current size: 3780
[pool-72-thread-6] pick event Id=240, eMBMSSessionId=81 current size: 3779
[pool-72-thread-13] adds event Id=241, eMBMSSessionId=33 current size: 3779
[pool-72-thread-12] pick event Id=242, eMBMSSessionId=99 current size: 3778
[pool-72-thread-17] pick event Id=243, eMBMSSessionId=83 current size: 3777
[pool-72-thread-2] pick event Id=244, eMBMSSessionId=56 current size: 3776
pool-72-thread-19 reduces to 3775
[pool-72-thread-11] pick event Id=245, eMBMSSessionId=89 current size: 3774
[pool-72-thread-1] pick event Id=246, eMBMSSessionId=25 current size: 3773
[pool-72-thread-2] pick event Id=247, eMBMSSessionId=47 current size: 3772
[pool-72-thread-16] pick event Id=248, eMBMSSessionId=49 current size: 3771
[pool-72-thread-18] pick event Id=249, eMBMSSessionId=48 current size: 3770
[pool-72-thread-15] pick event Id=250, eMBMSSessionId=38 current size: 3769
[pool-72-thread-15] pick event Id=251, eMBMSSessionId=30 current size: 3768
[pool-72-thread-15] pick event Id=252, eMBMSSessionId=45 current size: 3767
[pool-72-thread-14] pick event Id=253, eMBMSSessionId=85 current size: 3766
[pool-72-thread-14] pick event Id=254, eMBMSSessionId=9 current size: 3765
[pool-72-thread-14] pick event Id=255, eMBMSSessionId=91 current size: 3764
[pool-72-thread-14] pick event Id=256, eMBMSSessionId=12 current size: 3763
[pool-72-thread-14] pick event Id=257, eMBMSSessionId=79 current size: 3762
[pool-72-thread-14] pick event Id=258, eMBMSSessionId=57 current size: 3761
[pool-72-thread-14] adds event Id=259, eMBMSSessionId=33 current size: 3761
[pool-72-thread-14] pick event Id=260, eMBMSSessionId=65 current size: 3760
[pool-72-thread-14] pick event Id=261, eMBMSSessionId=50 current size: 3759
[pool-72-thread-14] pick event Id=262, eMBMSSessionId=44 current size: 3758
[pool-72-thread-14] pick event Id=263, eMBMSSessionId=60 current size: 3757
[pool-72-thread-14] pick event Id=264, eMBMSSessionId=97 current size: 3756
[pool-72-thread-14] pick event Id=265, eMBMSSessionId=91 current size: 3755
[pool-72-thread-14] pick event Id=266, eMBMSSessionId=91 current size: 3754
[pool-72-thread-14] adds event Id=267, eMBMSSessionId=33 current size: 3754
[pool-72-thread-14] pick event Id=268, eMBMSSessionId=13 current size: 3753
[pool-72-thread-7] pick event Id=269, eMBMSSessionId=18 current size: 3752
[pool-72-thread-7] pick event Id=270, eMBMSSessionId=80 current size: 3751
[pool-72-thread-7] pick event Id=271, eMBMSSessionId=31 current size: 3750
[pool-72-thread-7] adds event Id=272, eMBMSSessionId=13 current size: 3750
[pool-72-thread-7] pick event Id=273, eMBMSSessionId=70 current size: 3749
[pool-72-thread-7] pick event Id=274, eMBMSSessionId=21 current size: 3748
[pool-72-thread-7] pick event Id=275, eMBMSSessionId=62 current size: 3747
[pool-72-thread-7] pick event Id=276, eMBMSSessionId=82 current size: 3746
[pool-72-thread-3] pick event Id=277, eMBMSSessionId=36 current size: 3745
[pool-72-thread-3] pick event Id=278, eMBMSSessionId=62 current size: 3744
[pool-72-thread-3] adds event Id=279, eMBMSSessionId=13 current size: 3744
[pool-72-thread-3] adds event Id=280, eMBMSSessionId=99 current size: 3744
[pool-72-thread-3] pick event Id=281, eMBMSSessionId=22 current size: 3743
[pool-72-thread-3] pick event Id=282, eMBMSSessionId=63 current size: 3742
[pool-72-thread-3] pick event Id=283, eMBMSSessionId=61 current size: 3741
[pool-72-thread-3] adds event Id=284, eMBMSSessionId=81 current size: 3741
[pool-72-thread-3] pick event Id=285, eMBMSSessionId=39 current size: 3740
[pool-72-thread-3] pick event Id=286, eMBMSSessionId=23 current size: 3739
[pool-72-thread-3] pick event Id=287, eMBMSSessionId=52 current size: 3738
[pool-72-thread-3] pick event Id=288, eMBMSSessionId=36 current size: 3737
[pool-72-thread-3] pick event Id=289, eMBMSSessionId=35 current size: 3736
[pool-72-thread-3] pick event Id=290, eMBMSSessionId=46 current size: 3735
[pool-72-thread-13] pick event Id=291, eMBMSSessionId=84 current size: 3734
[pool-72-thread-20] pick event Id=292, eMBMSSessionId=42 current size: 3733
pool-72-thread-6 reduces to 3732
[pool-72-thread-9] adds event Id=293, eMBMSSessionId=33 current size: 3732
[pool-72-thread-4] adds event Id=294, eMBMSSessionId=42 current size: 3732
[pool-72-thread-4] pick event Id=295, eMBMSSessionId=39 current size: 3731
pool-72-thread-12 reduces to 3730
[pool-72-thread-8] pick event Id=296, eMBMSSessionId=6 current size: 3729
[pool-72-thread-8] pick event Id=297, eMBMSSessionId=17 current size: 3728
[pool-72-thread-5] pick event Id=298, eMBMSSessionId=72 current size: 3727
pool-72-thread-19 reduces to 3726
[pool-72-thread-17] adds event Id=299, eMBMSSessionId=72 current size: 3726
[pool-72-thread-17] pick event Id=300, eMBMSSessionId=61 current size: 3725
[pool-72-thread-2] pick event Id=301, eMBMSSessionId=88 current size: 3724
[pool-72-thread-15] pick event Id=302, eMBMSSessionId=55 current size: 3723
[pool-72-thread-16] pick event Id=303, eMBMSSessionId=66 current size: 3722
[pool-72-thread-16] pick event Id=304, eMBMSSessionId=59 current size: 3721
pool-72-thread-14 reduces to 3720
[pool-72-thread-9] pick event Id=305, eMBMSSessionId=7 current size: 3719
pool-72-thread-20 reduces to 3718
[pool-72-thread-10] pick event Id=306, eMBMSSessionId=41 current size: 3717
pool-72-thread-19 reduces to 3716
pool-72-thread-5 reduces to 3715
[pool-72-thread-11] pick event Id=307, eMBMSSessionId=70 current size: 3714
[pool-72-thread-1] pick event Id=308, eMBMSSessionId=61 current size: 3713
[pool-72-thread-16] pick event Id=309, eMBMSSessionId=24 current size: 3712
[pool-72-thread-15] adds event Id=310, eMBMSSessionId=7 current size: 3712
[pool-72-thread-15] pick event Id=311, eMBMSSessionId=15 current size: 3711
[pool-72-thread-15] pick event Id=312, eMBMSSessionId=32 current size: 3710
[pool-72-thread-15] pick event Id=313, eMBMSSessionId=49 current size: 3709
pool-72-thread-14 reduces to 3708
[pool-72-thread-18] pick event Id=314, eMBMSSessionId=58 current size: 3707
[pool-72-thread-7] pick event Id=315, eMBMSSessionId=25 current size: 3706
[pool-72-thread-3] pick event Id=316, eMBMSSessionId=26 current size: 3705
[pool-72-thread-6] pick event Id=317, eMBMSSessionId=67 current size: 3704
[pool-72-thread-12] pick event Id=318, eMBMSSessionId=52 current size: 3703
pool-72-thread-9 reduces to 3702
[pool-72-thread-13] pick event Id=319, eMBMSSessionId=9 current size: 3701
[pool-72-thread-4] pick event Id=320, eMBMSSessionId=16 current size: 3700
[pool-72-thread-10] pick event Id=321, eMBMSSessionId=54 current size: 3699
[pool-72-thread-2] pick event Id=322, eMBMSSessionId=46 current size: 3698
[pool-72-thread-5] pick event Id=323, eMBMSSessionId=85 current size: 3697
[pool-72-thread-2] adds event Id=324, eMBMSSessionId=24 current size: 3697
[pool-72-thread-2] pick event Id=325, eMBMSSessionId=34 current size: 3696
pool-72-thread-19 reduces to 3695
[pool-72-thread-8] pick event Id=326, eMBMSSessionId=91 current size: 3694
[pool-72-thread-17] pick event Id=327, eMBMSSessionId=17 current size: 3693
pool-72-thread-16 reduces to 3692
[pool-72-thread-20] pick event Id=328, eMBMSSessionId=60 current size: 3691
[pool-72-thread-10] pick event Id=329, eMBMSSessionId=42 current size: 3690
[pool-72-thread-19] pick event Id=330, eMBMSSessionId=83 current size: 3689
[pool-72-thread-2] pick event Id=331, eMBMSSessionId=26 current size: 3688
[pool-72-thread-11] pick event Id=332, eMBMSSessionId=21 current size: 3687
[pool-72-thread-8] pick event Id=333, eMBMSSessionId=66 current size: 3686
[pool-72-thread-8] pick event Id=334, eMBMSSessionId=9 current size: 3685
[pool-72-thread-8] pick event Id=335, eMBMSSessionId=72 current size: 3684
[pool-72-thread-1] pick event Id=336, eMBMSSessionId=82 current size: 3683
[pool-72-thread-14] pick event Id=337, eMBMSSessionId=65 current size: 3682
[pool-72-thread-15] pick event Id=338, eMBMSSessionId=23 current size: 3681
[pool-72-thread-16] pick event Id=339, eMBMSSessionId=37 current size: 3680
[pool-72-thread-18] pick event Id=340, eMBMSSessionId=25 current size: 3679
[pool-72-thread-7] pick event Id=341, eMBMSSessionId=33 current size: 3678
[pool-72-thread-7] pick event Id=342, eMBMSSessionId=45 current size: 3677
[pool-72-thread-7] pick event Id=343, eMBMSSessionId=49 current size: 3676
[pool-72-thread-7] pick event Id=344, eMBMSSessionId=0 current size: 3675
[pool-72-thread-3] pick event Id=345, eMBMSSessionId=73 current size: 3674
[pool-72-thread-13] pick event Id=346, eMBMSSessionId=93 current size: 3673
[pool-72-thread-9] pick event Id=347, eMBMSSessionId=17 current size: 3672
[pool-72-thread-12] pick event Id=348, eMBMSSessionId=4 current size: 3671
[pool-72-thread-4] pick event Id=349, eMBMSSessionId=76 current size: 3670
[pool-72-thread-6] pick event Id=350, eMBMSSessionId=1 current size: 3669
[pool-72-thread-5] pick event Id=351, eMBMSSessionId=48 current size: 3668
[pool-72-thread-17] pick event Id=352, eMBMSSessionId=72 current size: 3667
[pool-72-thread-15] pick event Id=353, eMBMSSessionId=68 current size: 3666
[pool-72-thread-2] pick event Id=354, eMBMSSessionId=34 current size: 3665
[pool-72-thread-20] pick event Id=355, eMBMSSessionId=95 current size: 3664
[pool-72-thread-19] pick event Id=356, eMBMSSessionId=21 current size: 3663
[pool-72-thread-11] pick event Id=357, eMBMSSessionId=87 current size: 3662
[pool-72-thread-8] pick event Id=358, eMBMSSessionId=78 current size: 3661
[pool-72-thread-14] pick event Id=359, eMBMSSessionId=73 current size: 3660
[pool-72-thread-10] pick event Id=360, eMBMSSessionId=55 current size: 3659
[pool-72-thread-17] pick event Id=361, eMBMSSessionId=51 current size: 3658
[pool-72-thread-16] pick event Id=362, eMBMSSessionId=10 current size: 3657
[pool-72-thread-2] pick event Id=363, eMBMSSessionId=91 current size: 3656
[pool-72-thread-15] pick event Id=364, eMBMSSessionId=39 current size: 3655
[pool-72-thread-1] pick event Id=365, eMBMSSessionId=61 current size: 3654
[pool-72-thread-3] pick event Id=366, eMBMSSessionId=79 current size: 3653
[pool-72-thread-7] pick event Id=367, eMBMSSessionId=97 current size: 3652
[pool-72-thread-18] pick event Id=368, eMBMSSessionId=47 current size: 3651
[pool-72-thread-13] pick event Id=369, eMBMSSessionId=7 current size: 3650
[pool-72-thread-9] pick event Id=370, eMBMSSessionId=67 current size: 3649
[pool-72-thread-4] pick event Id=371, eMBMSSessionId=84 current size: 3648
[pool-72-thread-12] pick event Id=372, eMBMSSessionId=72 current size: 3647
[pool-72-thread-6] pick event Id=373, eMBMSSessionId=90 current size: 3646
[pool-72-thread-5] adds event Id=374, eMBMSSessionId=90 current size: 3646
[pool-72-thread-1] pick event Id=375, eMBMSSessionId=12 current size: 3645
[pool-72-thread-7] pick event Id=376, eMBMSSessionId=35 current size: 3644
[pool-72-thread-7] pick event Id=377, eMBMSSessionId=35 current size: 3643
[pool-72-thread-7] pick event Id=378, eMBMSSessionId=14 current size: 3642
[pool-72-thread-7] pick event Id=379, eMBMSSessionId=31 current size: 3641
[pool-72-thread-20] pick event Id=380, eMBMSSessionId=32 current size: 3640
[pool-72-thread-5] pick event Id=381, eMBMSSessionId=8 current size: 3639
[pool-72-thread-19] pick event Id=382, eMBMSSessionId=25 current size: 3638
[pool-72-thread-11] pick event Id=383, eMBMSSessionId=17 current size: 3637
pool-72-thread-6 reduces to 3636
[pool-72-thread-14] pick event Id=384, eMBMSSessionId=7 current size: 3635
[pool-72-thread-10] pick event Id=385, eMBMSSessionId=28 current size: 3634
[pool-72-thread-8] pick event Id=386, eMBMSSessionId=70 current size: 3633
[pool-72-thread-16] pick event Id=387, eMBMSSessionId=99 current size: 3632
[pool-72-thread-17] pick event Id=388, eMBMSSessionId=24 current size: 3631
[pool-72-thread-15] adds event Id=389, eMBMSSessionId=99 current size: 3631
[pool-72-thread-2] pick event Id=390, eMBMSSessionId=88 current size: 3630
[pool-72-thread-3] pick event Id=391, eMBMSSessionId=23 current size: 3629
[pool-72-thread-20] pick event Id=392, eMBMSSessionId=18 current size: 3628
[pool-72-thread-18] pick event Id=393, eMBMSSessionId=75 current size: 3627
[pool-72-thread-18] pick event Id=394, eMBMSSessionId=71 current size: 3626
[pool-72-thread-1] pick event Id=395, eMBMSSessionId=26 current size: 3625
[pool-72-thread-9] pick event Id=396, eMBMSSessionId=77 current size: 3624
[pool-72-thread-13] pick event Id=397, eMBMSSessionId=51 current size: 3623
[pool-72-thread-4] pick event Id=398, eMBMSSessionId=84 current size: 3622
[pool-72-thread-12] pick event Id=399, eMBMSSessionId=21 current size: 3621
[pool-72-thread-5] pick event Id=400, eMBMSSessionId=66 current size: 3620
[pool-72-thread-5] pick event Id=401, eMBMSSessionId=78 current size: 3619
[pool-72-thread-19] pick event Id=402, eMBMSSessionId=48 current size: 3618
[pool-72-thread-11] pick event Id=403, eMBMSSessionId=38 current size: 3617
[pool-72-thread-10] adds event Id=404, eMBMSSessionId=71 current size: 3617
[pool-72-thread-15] pick event Id=405, eMBMSSessionId=65 current size: 3616
[pool-72-thread-10] pick event Id=406, eMBMSSessionId=1 current size: 3615
pool-72-thread-16 reduces to 3614
[pool-72-thread-7] pick event Id=407, eMBMSSessionId=91 current size: 3613
pool-72-thread-18 reduces to 3612
[pool-72-thread-6] pick event Id=408, eMBMSSessionId=8 current size: 3611
[pool-72-thread-8] pick event Id=409, eMBMSSessionId=19 current size: 3610
[pool-72-thread-14] pick event Id=410, eMBMSSessionId=14 current size: 3609
[pool-72-thread-17] pick event Id=411, eMBMSSessionId=57 current size: 3608
[pool-72-thread-2] pick event Id=412, eMBMSSessionId=92 current size: 3607
[pool-72-thread-15] pick event Id=413, eMBMSSessionId=86 current size: 3606
[pool-72-thread-7] pick event Id=414, eMBMSSessionId=97 current size: 3605
[pool-72-thread-16] pick event Id=415, eMBMSSessionId=99 current size: 3604
[pool-72-thread-3] pick event Id=416, eMBMSSessionId=22 current size: 3603
[pool-72-thread-20] pick event Id=417, eMBMSSessionId=26 current size: 3602
[pool-72-thread-1] pick event Id=418, eMBMSSessionId=62 current size: 3601
[pool-72-thread-3] pick event Id=419, eMBMSSessionId=29 current size: 3600
[pool-72-thread-9] pick event Id=420, eMBMSSessionId=89 current size: 3599
[pool-72-thread-18] adds event Id=421, eMBMSSessionId=62 current size: 3599
[pool-72-thread-12] adds event Id=422, eMBMSSessionId=8 current size: 3599
[pool-72-thread-12] pick event Id=423, eMBMSSessionId=72 current size: 3598
[pool-72-thread-5] pick event Id=424, eMBMSSessionId=94 current size: 3597
[pool-72-thread-11] pick event Id=425, eMBMSSessionId=11 current size: 3596
[pool-72-thread-4] pick event Id=426, eMBMSSessionId=60 current size: 3595
pool-72-thread-6 reduces to 3594
[pool-72-thread-13] pick event Id=427, eMBMSSessionId=32 current size: 3593
[pool-72-thread-19] pick event Id=428, eMBMSSessionId=9 current size: 3592
[pool-72-thread-19] adds event Id=429, eMBMSSessionId=57 current size: 3592
[pool-72-thread-19] adds event Id=430, eMBMSSessionId=29 current size: 3592
[pool-72-thread-19] adds event Id=431, eMBMSSessionId=89 current size: 3592
[pool-72-thread-19] pick event Id=432, eMBMSSessionId=22 current size: 3591
[pool-72-thread-10] adds event Id=433, eMBMSSessionId=57 current size: 3591
[pool-72-thread-10] pick event Id=434, eMBMSSessionId=76 current size: 3590
[pool-72-thread-10] pick event Id=435, eMBMSSessionId=49 current size: 3589
[pool-72-thread-10] pick event Id=436, eMBMSSessionId=67 current size: 3588
[pool-72-thread-8] pick event Id=437, eMBMSSessionId=49 current size: 3587
[pool-72-thread-8] adds event Id=438, eMBMSSessionId=67 current size: 3587
[pool-72-thread-8] pick event Id=439, eMBMSSessionId=46 current size: 3586
pool-72-thread-17 reduces to 3585
[pool-72-thread-2] pick event Id=440, eMBMSSessionId=56 current size: 3584
[pool-72-thread-14] pick event Id=441, eMBMSSessionId=20 current size: 3583
[pool-72-thread-16] pick event Id=442, eMBMSSessionId=41 current size: 3582
[pool-72-thread-18] pick event Id=443, eMBMSSessionId=0 current size: 3581
pool-72-thread-3 reduces to 3580
pool-72-thread-1 reduces to 3579
pool-72-thread-9 reduces to 3578
[pool-72-thread-6] pick event Id=444, eMBMSSessionId=94 current size: 3577
pool-72-thread-10 reduces to 3576
pool-72-thread-17 reduces to 3575
[pool-72-thread-15] pick event Id=445, eMBMSSessionId=98 current size: 3574
[pool-72-thread-20] pick event Id=446, eMBMSSessionId=31 current size: 3573
[pool-72-thread-7] pick event Id=447, eMBMSSessionId=9 current size: 3572
[pool-72-thread-16] pick event Id=448, eMBMSSessionId=80 current size: 3571
[pool-72-thread-12] pick event Id=449, eMBMSSessionId=11 current size: 3570
[pool-72-thread-3] adds event Id=450, eMBMSSessionId=98 current size: 3570
[pool-72-thread-3] pick event Id=451, eMBMSSessionId=25 current size: 3569
[pool-72-thread-3] pick event Id=452, eMBMSSessionId=68 current size: 3568
[pool-72-thread-3] pick event Id=453, eMBMSSessionId=84 current size: 3567
[pool-72-thread-4] pick event Id=454, eMBMSSessionId=2 current size: 3566
[pool-72-thread-5] pick event Id=455, eMBMSSessionId=43 current size: 3565
[pool-72-thread-18] pick event Id=456, eMBMSSessionId=95 current size: 3564
[pool-72-thread-11] pick event Id=457, eMBMSSessionId=14 current size: 3563
[pool-72-thread-9] pick event Id=458, eMBMSSessionId=62 current size: 3562
[pool-72-thread-19] pick event Id=459, eMBMSSessionId=93 current size: 3561
[pool-72-thread-13] pick event Id=460, eMBMSSessionId=85 current size: 3560
[pool-72-thread-8] adds event Id=461, eMBMSSessionId=84 current size: 3560
[pool-72-thread-6] pick event Id=462, eMBMSSessionId=1 current size: 3559
[pool-72-thread-8] pick event Id=463, eMBMSSessionId=48 current size: 3558
[pool-72-thread-14] pick event Id=464, eMBMSSessionId=56 current size: 3557
[pool-72-thread-2] pick event Id=465, eMBMSSessionId=53 current size: 3556
pool-72-thread-15 reduces to 3555
[pool-72-thread-1] adds event Id=466, eMBMSSessionId=1 current size: 3555
pool-72-thread-3 reduces to 3554
[pool-72-thread-10] pick event Id=467, eMBMSSessionId=11 current size: 3553
pool-72-thread-6 reduces to 3552
[pool-72-thread-17] pick event Id=468, eMBMSSessionId=7 current size: 3551
[pool-72-thread-7] pick event Id=469, eMBMSSessionId=2 current size: 3550
[pool-72-thread-1] pick event Id=470, eMBMSSessionId=30 current size: 3549
[pool-72-thread-20] adds event Id=471, eMBMSSessionId=30 current size: 3549
[pool-72-thread-20] pick event Id=472, eMBMSSessionId=50 current size: 3548
[pool-72-thread-16] pick event Id=473, eMBMSSessionId=62 current size: 3547
[pool-72-thread-12] pick event Id=474, eMBMSSessionId=43 current size: 3546
[pool-72-thread-4] pick event Id=475, eMBMSSessionId=8 current size: 3545
[pool-72-thread-5] pick event Id=476, eMBMSSessionId=73 current size: 3544
[pool-72-thread-11] pick event Id=477, eMBMSSessionId=23 current size: 3543
[pool-72-thread-13] pick event Id=478, eMBMSSessionId=18 current size: 3542
[pool-72-thread-18] pick event Id=479, eMBMSSessionId=54 current size: 3541
[pool-72-thread-19] pick event Id=480, eMBMSSessionId=79 current size: 3540
[pool-72-thread-9] adds event Id=481, eMBMSSessionId=43 current size: 3540
[pool-72-thread-14] adds event Id=482, eMBMSSessionId=54 current size: 3540
[pool-72-thread-14] pick event Id=483, eMBMSSessionId=3 current size: 3539
[pool-72-thread-8] pick event Id=484, eMBMSSessionId=89 current size: 3538
[pool-72-thread-2] pick event Id=485, eMBMSSessionId=45 current size: 3537
[pool-72-thread-15] pick event Id=486, eMBMSSessionId=87 current size: 3536
pool-72-thread-1 reduces to 3535
[pool-72-thread-3] pick event Id=487, eMBMSSessionId=36 current size: 3534
[pool-72-thread-20] adds event Id=488, eMBMSSessionId=8 current size: 3534
pool-72-thread-12 reduces to 3533
[pool-72-thread-12] pick event Id=489, eMBMSSessionId=25 current size: 3532
pool-72-thread-4 reduces to 3531
[pool-72-thread-11] pick event Id=490, eMBMSSessionId=57 current size: 3530
[pool-72-thread-11] adds event Id=491, eMBMSSessionId=25 current size: 3530
[pool-72-thread-11] pick event Id=492, eMBMSSessionId=88 current size: 3529
pool-72-thread-18 reduces to 3528
[pool-72-thread-9] pick event Id=493, eMBMSSessionId=94 current size: 3527
[pool-72-thread-10] pick event Id=494, eMBMSSessionId=53 current size: 3526
[pool-72-thread-17] pick event Id=495, eMBMSSessionId=63 current size: 3525
[pool-72-thread-6] pick event Id=496, eMBMSSessionId=67 current size: 3524
[pool-72-thread-7] pick event Id=497, eMBMSSessionId=9 current size: 3523
[pool-72-thread-16] pick event Id=498, eMBMSSessionId=72 current size: 3522
[pool-72-thread-20] pick event Id=499, eMBMSSessionId=21 current size: 3521
pool-72-thread-12 reduces to 3520
[pool-72-thread-13] pick event Id=500, eMBMSSessionId=7 current size: 3519
[pool-72-thread-5] pick event Id=501, eMBMSSessionId=8 current size: 3518
[pool-72-thread-19] pick event Id=502, eMBMSSessionId=18 current size: 3517
[pool-72-thread-9] pick event Id=503, eMBMSSessionId=2 current size: 3516
[pool-72-thread-14] pick event Id=504, eMBMSSessionId=75 current size: 3515
[pool-72-thread-8] pick event Id=505, eMBMSSessionId=83 current size: 3514
[pool-72-thread-2] pick event Id=506, eMBMSSessionId=92 current size: 3513
[pool-72-thread-15] pick event Id=507, eMBMSSessionId=85 current size: 3512
[pool-72-thread-1] adds event Id=508, eMBMSSessionId=85 current size: 3512
[pool-72-thread-3] pick event Id=509, eMBMSSessionId=39 current size: 3511
[pool-72-thread-4] pick event Id=510, eMBMSSessionId=59 current size: 3510
[pool-72-thread-11] pick event Id=511, eMBMSSessionId=63 current size: 3509
[pool-72-thread-12] pick event Id=512, eMBMSSessionId=45 current size: 3508
[pool-72-thread-18] pick event Id=513, eMBMSSessionId=93 current size: 3507
[pool-72-thread-10] adds event Id=514, eMBMSSessionId=2 current size: 3507
[pool-72-thread-18] pick event Id=515, eMBMSSessionId=70 current size: 3506
[pool-72-thread-18] pick event Id=516, eMBMSSessionId=77 current size: 3505
pool-72-thread-9 reduces to 3504
[pool-72-thread-17] pick event Id=517, eMBMSSessionId=17 current size: 3503
[pool-72-thread-6] pick event Id=518, eMBMSSessionId=70 current size: 3502
[pool-72-thread-7] adds event Id=519, eMBMSSessionId=63 current size: 3502
pool-72-thread-15 reduces to 3501
testOverload end.
testFull begin.
[pool-73-thread-1] pick event Id=0, eMBMSSessionId=45 current size: 4998
[pool-73-thread-2] pick event Id=1, eMBMSSessionId=94 current size: 4997
[pool-73-thread-3] pick event Id=2, eMBMSSessionId=2 current size: 4996
[pool-73-thread-4] pick event Id=3, eMBMSSessionId=67 current size: 4995
[pool-73-thread-5] pick event Id=4, eMBMSSessionId=47 current size: 4994
[pool-73-thread-6] pick event Id=5, eMBMSSessionId=4 current size: 4993
[pool-73-thread-7] pick event Id=6, eMBMSSessionId=35 current size: 4992
[pool-73-thread-8] pick event Id=7, eMBMSSessionId=12 current size: 4991
[pool-73-thread-9] adds event Id=8, eMBMSSessionId=35 current size: 4991
[pool-73-thread-10] pick event Id=9, eMBMSSessionId=34 current size: 4990
[pool-73-thread-11] pick event Id=10, eMBMSSessionId=73 current size: 4989
[pool-73-thread-13] pick event Id=11, eMBMSSessionId=62 current size: 4988
[pool-73-thread-12] pick event Id=12, eMBMSSessionId=77 current size: 4987
[pool-73-thread-15] pick event Id=13, eMBMSSessionId=65 current size: 4986
[pool-73-thread-14] pick event Id=14, eMBMSSessionId=51 current size: 4985
[pool-73-thread-16] pick event Id=15, eMBMSSessionId=27 current size: 4984
[pool-73-thread-18] pick event Id=16, eMBMSSessionId=75 current size: 4983
[pool-73-thread-17] pick event Id=17, eMBMSSessionId=69 current size: 4982
[pool-73-thread-19] pick event Id=18, eMBMSSessionId=21 current size: 4981
[pool-73-thread-20] pick event Id=19, eMBMSSessionId=11 current size: 4980
[pool-73-thread-9] adds event Id=20, eMBMSSessionId=75 current size: 4980
[pool-73-thread-9] pick event Id=21, eMBMSSessionId=76 current size: 4979
event queue is full, will clear all data!
NbiEventCache is cleared with total events removed: 5029
testFull end.
8 times run start
testEventSequence begin.
testEventSequence end.
testSendRadomEmbmsSessionEvents begin.
testSendRadomEmbmsSessionEvents end.
testSendSameEmbmsSessionEvents begin.
testSendSameEmbmsSessionEvents end.
testSendNoSameEmbmsSessionEvents begin.
testSendNoSameEmbmsSessionEvents end.
testSendNoEmbmsSessionIdEvents begin.
testSendNoEmbmsSessionIdEvents end.
testOverload begin.
[pool-81-thread-1] pick event Id=0, eMBMSSessionId=49 current size: 4019
[pool-81-thread-4] pick event Id=1, eMBMSSessionId=17 current size: 4018
[pool-81-thread-2] pick event Id=2, eMBMSSessionId=48 current size: 4017
[pool-81-thread-6] pick event Id=3, eMBMSSessionId=9 current size: 4016
pool-81-thread-2 Discard NBI event &apos; Id=2, eMBMSSessionId=48&apos;, current queue size: 4016
[pool-81-thread-3] pick event Id=4, eMBMSSessionId=15 current size: 4015
pool-81-thread-1 Discard NBI event &apos; Id=0, eMBMSSessionId=49&apos;, current queue size: 4016
[pool-81-thread-5] pick event Id=5, eMBMSSessionId=66 current size: 4014
pool-81-thread-6 Discard NBI event &apos; Id=3, eMBMSSessionId=9&apos;, current queue size: 4014
pool-81-thread-3 Discard NBI event &apos; Id=4, eMBMSSessionId=15&apos;, current queue size: 4014
[pool-81-thread-7] adds event Id=6, eMBMSSessionId=66 current size: 4014
pool-81-thread-4 Discard NBI event &apos; Id=1, eMBMSSessionId=17&apos;, current queue size: 4014
[pool-81-thread-8] pick event Id=7, eMBMSSessionId=78 current size: 4013
pool-81-thread-5 Discard NBI event &apos; Id=5, eMBMSSessionId=66&apos;, current queue size: 4013
pool-81-thread-8 Discard NBI event &apos; Id=7, eMBMSSessionId=78&apos;, current queue size: 4013
[pool-81-thread-9] adds event Id=8, eMBMSSessionId=15 current size: 4013
[pool-81-thread-10] pick event Id=9, eMBMSSessionId=7 current size: 4012
[pool-81-thread-11] pick event Id=10, eMBMSSessionId=54 current size: 4011
pool-81-thread-3 reduces to 4010
pool-81-thread-10 Discard NBI event &apos; Id=9, eMBMSSessionId=7&apos;, current queue size: 4010
pool-81-thread-11 Discard NBI event &apos; Id=10, eMBMSSessionId=54&apos;, current queue size: 4010
[pool-81-thread-12] pick event Id=11, eMBMSSessionId=92 current size: 4009
[pool-81-thread-13] pick event Id=12, eMBMSSessionId=22 current size: 4008
pool-81-thread-12 Discard NBI event &apos; Id=11, eMBMSSessionId=92&apos;, current queue size: 4008
[pool-81-thread-14] pick event Id=13, eMBMSSessionId=41 current size: 4007
pool-81-thread-3 Discard NBI event &apos; Id=8, eMBMSSessionId=15&apos;, current queue size: 4007
pool-81-thread-5 reduces to 4006
[pool-81-thread-15] pick event Id=14, eMBMSSessionId=34 current size: 4005
pool-81-thread-13 Discard NBI event &apos; Id=12, eMBMSSessionId=22&apos;, current queue size: 4006
pool-81-thread-14 Discard NBI event &apos; Id=13, eMBMSSessionId=41&apos;, current queue size: 4005
[pool-81-thread-18] pick event Id=15, eMBMSSessionId=63 current size: 4004
pool-81-thread-15 Discard NBI event &apos; Id=14, eMBMSSessionId=34&apos;, current queue size: 4005
pool-81-thread-5 Discard NBI event &apos; Id=6, eMBMSSessionId=66&apos;, current queue size: 4004
[pool-81-thread-17] pick event Id=16, eMBMSSessionId=70 current size: 4003
[pool-81-thread-16] adds event Id=17, eMBMSSessionId=15 current size: 4003
pool-81-thread-18 Discard NBI event &apos; Id=15, eMBMSSessionId=63&apos;, current queue size: 4003
[pool-81-thread-19] pick event Id=18, eMBMSSessionId=23 current size: 4002
pool-81-thread-17 Discard NBI event &apos; Id=16, eMBMSSessionId=70&apos;, current queue size: 4002
pool-81-thread-19 Discard NBI event &apos; Id=18, eMBMSSessionId=23&apos;, current queue size: 4002
[pool-81-thread-20] pick event Id=19, eMBMSSessionId=89 current size: 4001
[pool-81-thread-7] adds event Id=20, eMBMSSessionId=63 current size: 4001
[pool-81-thread-2] pick event Id=21, eMBMSSessionId=58 current size: 4000
pool-81-thread-20 Discard NBI event &apos; Id=19, eMBMSSessionId=89&apos;, current queue size: 4001
[pool-81-thread-1] pick event Id=22, eMBMSSessionId=61 current size: 3999
pool-81-thread-3 reduces to 3998
pool-81-thread-2 Discard NBI event &apos; Id=21, eMBMSSessionId=58&apos;, current queue size: 3999
[pool-81-thread-9] pick event Id=23, eMBMSSessionId=44 current size: 3997
[pool-81-thread-4] adds event Id=24, eMBMSSessionId=61 current size: 3997
[pool-81-thread-6] pick event Id=25, eMBMSSessionId=52 current size: 3996
[pool-81-thread-8] pick event Id=26, eMBMSSessionId=46 current size: 3995
pool-81-thread-18 reduces to 3994
[pool-81-thread-16] pick event Id=27, eMBMSSessionId=90 current size: 3993
[pool-81-thread-11] pick event Id=28, eMBMSSessionId=48 current size: 3992
[pool-81-thread-10] pick event Id=29, eMBMSSessionId=38 current size: 3991
[pool-81-thread-7] pick event Id=30, eMBMSSessionId=57 current size: 3990
[pool-81-thread-12] pick event Id=31, eMBMSSessionId=60 current size: 3989
pool-81-thread-1 reduces to 3988
[pool-81-thread-4] pick event Id=32, eMBMSSessionId=36 current size: 3987
[pool-81-thread-13] adds event Id=33, eMBMSSessionId=90 current size: 3987
[pool-81-thread-5] adds event Id=34, eMBMSSessionId=38 current size: 3987
[pool-81-thread-15] adds event Id=35, eMBMSSessionId=48 current size: 3987
[pool-81-thread-14] pick event Id=36, eMBMSSessionId=87 current size: 3986
[pool-81-thread-6] pick event Id=37, eMBMSSessionId=83 current size: 3985
pool-81-thread-16 reduces to 3984
[pool-81-thread-17] pick event Id=38, eMBMSSessionId=74 current size: 3983
pool-81-thread-11 reduces to 3982
pool-81-thread-10 reduces to 3981
[pool-81-thread-20] pick event Id=39, eMBMSSessionId=88 current size: 3980
[pool-81-thread-19] pick event Id=40, eMBMSSessionId=35 current size: 3979
[pool-81-thread-2] pick event Id=41, eMBMSSessionId=20 current size: 3978
[pool-81-thread-7] pick event Id=42, eMBMSSessionId=29 current size: 3977
[pool-81-thread-3] adds event Id=43, eMBMSSessionId=20 current size: 3977
[pool-81-thread-13] pick event Id=44, eMBMSSessionId=25 current size: 3976
[pool-81-thread-9] pick event Id=45, eMBMSSessionId=45 current size: 3975
[pool-81-thread-5] pick event Id=46, eMBMSSessionId=37 current size: 3974
[pool-81-thread-15] pick event Id=47, eMBMSSessionId=43 current size: 3973
[pool-81-thread-8] pick event Id=48, eMBMSSessionId=60 current size: 3972
[pool-81-thread-18] pick event Id=49, eMBMSSessionId=81 current size: 3971
[pool-81-thread-17] pick event Id=50, eMBMSSessionId=53 current size: 3970
[pool-81-thread-12] pick event Id=51, eMBMSSessionId=7 current size: 3969
pool-81-thread-2 reduces to 3968
[pool-81-thread-1] pick event Id=52, eMBMSSessionId=64 current size: 3967
[pool-81-thread-3] pick event Id=53, eMBMSSessionId=93 current size: 3966
[pool-81-thread-4] pick event Id=54, eMBMSSessionId=32 current size: 3965
[pool-81-thread-9] pick event Id=55, eMBMSSessionId=91 current size: 3964
[pool-81-thread-14] pick event Id=56, eMBMSSessionId=80 current size: 3963
[pool-81-thread-16] pick event Id=57, eMBMSSessionId=26 current size: 3962
[pool-81-thread-6] pick event Id=58, eMBMSSessionId=44 current size: 3961
[pool-81-thread-11] pick event Id=59, eMBMSSessionId=97 current size: 3960
[pool-81-thread-20] pick event Id=60, eMBMSSessionId=67 current size: 3959
[pool-81-thread-10] pick event Id=61, eMBMSSessionId=28 current size: 3958
[pool-81-thread-19] pick event Id=62, eMBMSSessionId=3 current size: 3957
[pool-81-thread-7] pick event Id=63, eMBMSSessionId=1 current size: 3956
[pool-81-thread-3] pick event Id=64, eMBMSSessionId=7 current size: 3955
[pool-81-thread-13] pick event Id=65, eMBMSSessionId=70 current size: 3954
[pool-81-thread-5] pick event Id=66, eMBMSSessionId=57 current size: 3953
[pool-81-thread-15] pick event Id=67, eMBMSSessionId=9 current size: 3952
[pool-81-thread-8] pick event Id=68, eMBMSSessionId=30 current size: 3951
[pool-81-thread-18] pick event Id=69, eMBMSSessionId=75 current size: 3950
[pool-81-thread-17] pick event Id=70, eMBMSSessionId=14 current size: 3949
[pool-81-thread-11] pick event Id=71, eMBMSSessionId=93 current size: 3948
[pool-81-thread-12] pick event Id=72, eMBMSSessionId=62 current size: 3947
[pool-81-thread-2] pick event Id=73, eMBMSSessionId=36 current size: 3946
[pool-81-thread-1] pick event Id=74, eMBMSSessionId=47 current size: 3945
[pool-81-thread-4] adds event Id=75, eMBMSSessionId=14 current size: 3945
[pool-81-thread-9] pick event Id=76, eMBMSSessionId=48 current size: 3944
[pool-81-thread-7] pick event Id=77, eMBMSSessionId=74 current size: 3943
[pool-81-thread-14] pick event Id=78, eMBMSSessionId=13 current size: 3942
[pool-81-thread-6] adds event Id=79, eMBMSSessionId=75 current size: 3942
[pool-81-thread-16] pick event Id=80, eMBMSSessionId=94 current size: 3941
pool-81-thread-18 reduces to 3940
[pool-81-thread-20] pick event Id=81, eMBMSSessionId=35 current size: 3939
pool-81-thread-17 reduces to 3938
[pool-81-thread-10] pick event Id=82, eMBMSSessionId=55 current size: 3937
[pool-81-thread-19] pick event Id=83, eMBMSSessionId=43 current size: 3936
[pool-81-thread-11] adds event Id=84, eMBMSSessionId=43 current size: 3936
[pool-81-thread-13] pick event Id=85, eMBMSSessionId=32 current size: 3935
[pool-81-thread-1] pick event Id=86, eMBMSSessionId=6 current size: 3934
[pool-81-thread-4] pick event Id=87, eMBMSSessionId=90 current size: 3933
[pool-81-thread-3] pick event Id=88, eMBMSSessionId=88 current size: 3932
[pool-81-thread-5] pick event Id=89, eMBMSSessionId=64 current size: 3931
[pool-81-thread-15] pick event Id=90, eMBMSSessionId=98 current size: 3930
[pool-81-thread-7] adds event Id=91, eMBMSSessionId=88 current size: 3930
[pool-81-thread-6] pick event Id=92, eMBMSSessionId=56 current size: 3929
[pool-81-thread-8] pick event Id=93, eMBMSSessionId=95 current size: 3928
pool-81-thread-19 reduces to 3927
[pool-81-thread-2] pick event Id=94, eMBMSSessionId=67 current size: 3926
[pool-81-thread-11] pick event Id=95, eMBMSSessionId=96 current size: 3925
[pool-81-thread-12] adds event Id=96, eMBMSSessionId=64 current size: 3925
pool-81-thread-3 reduces to 3924
[pool-81-thread-9] pick event Id=97, eMBMSSessionId=60 current size: 3923
[pool-81-thread-4] pick event Id=98, eMBMSSessionId=37 current size: 3922
[pool-81-thread-14] pick event Id=99, eMBMSSessionId=74 current size: 3921
[pool-81-thread-7] pick event Id=100, eMBMSSessionId=45 current size: 3920
pool-81-thread-5 reduces to 3919
[pool-81-thread-16] pick event Id=101, eMBMSSessionId=22 current size: 3918
[pool-81-thread-18] pick event Id=102, eMBMSSessionId=50 current size: 3917
[pool-81-thread-10] pick event Id=103, eMBMSSessionId=35 current size: 3916
[pool-81-thread-20] adds event Id=104, eMBMSSessionId=35 current size: 3916
[pool-81-thread-17] pick event Id=105, eMBMSSessionId=71 current size: 3915
[pool-81-thread-13] pick event Id=106, eMBMSSessionId=43 current size: 3914
[pool-81-thread-1] pick event Id=107, eMBMSSessionId=11 current size: 3913
[pool-81-thread-12] adds event Id=108, eMBMSSessionId=88 current size: 3913
pool-81-thread-3 reduces to 3912
[pool-81-thread-15] pick event Id=109, eMBMSSessionId=37 current size: 3911
[pool-81-thread-6] pick event Id=110, eMBMSSessionId=38 current size: 3910
pool-81-thread-10 reduces to 3909
[pool-81-thread-20] pick event Id=111, eMBMSSessionId=17 current size: 3908
[pool-81-thread-19] pick event Id=112, eMBMSSessionId=95 current size: 3907
[pool-81-thread-8] pick event Id=113, eMBMSSessionId=57 current size: 3906
[pool-81-thread-2] pick event Id=114, eMBMSSessionId=99 current size: 3905
[pool-81-thread-12] pick event Id=115, eMBMSSessionId=67 current size: 3904
[pool-81-thread-11] pick event Id=116, eMBMSSessionId=59 current size: 3903
[pool-81-thread-4] pick event Id=117, eMBMSSessionId=39 current size: 3902
[pool-81-thread-9] pick event Id=118, eMBMSSessionId=13 current size: 3901
[pool-81-thread-14] pick event Id=119, eMBMSSessionId=84 current size: 3900
[pool-81-thread-7] adds event Id=120, eMBMSSessionId=39 current size: 3900
[pool-81-thread-5] pick event Id=121, eMBMSSessionId=80 current size: 3899
[pool-81-thread-16] pick event Id=122, eMBMSSessionId=69 current size: 3898
[pool-81-thread-18] pick event Id=123, eMBMSSessionId=15 current size: 3897
[pool-81-thread-17] pick event Id=124, eMBMSSessionId=76 current size: 3896
[pool-81-thread-13] pick event Id=125, eMBMSSessionId=52 current size: 3895
[pool-81-thread-11] pick event Id=126, eMBMSSessionId=74 current size: 3894
[pool-81-thread-1] pick event Id=127, eMBMSSessionId=27 current size: 3893
pool-81-thread-4 reduces to 3892
[pool-81-thread-7] pick event Id=128, eMBMSSessionId=93 current size: 3891
[pool-81-thread-3] adds event Id=129, eMBMSSessionId=52 current size: 3891
[pool-81-thread-15] pick event Id=130, eMBMSSessionId=51 current size: 3890
[pool-81-thread-10] pick event Id=131, eMBMSSessionId=37 current size: 3889
[pool-81-thread-6] pick event Id=132, eMBMSSessionId=35 current size: 3888
[pool-81-thread-17] pick event Id=133, eMBMSSessionId=75 current size: 3887
[pool-81-thread-20] pick event Id=134, eMBMSSessionId=66 current size: 3886
[pool-81-thread-19] pick event Id=135, eMBMSSessionId=11 current size: 3885
[pool-81-thread-8] pick event Id=136, eMBMSSessionId=47 current size: 3884
[pool-81-thread-2] pick event Id=137, eMBMSSessionId=13 current size: 3883
[pool-81-thread-12] adds event Id=138, eMBMSSessionId=13 current size: 3883
pool-81-thread-13 reduces to 3882
pool-81-thread-2 reduces to 3881
[pool-81-thread-9] pick event Id=139, eMBMSSessionId=58 current size: 3880
[pool-81-thread-14] pick event Id=140, eMBMSSessionId=81 current size: 3879
[pool-81-thread-3] adds event Id=141, eMBMSSessionId=81 current size: 3879
[pool-81-thread-5] pick event Id=142, eMBMSSessionId=29 current size: 3878
[pool-81-thread-16] pick event Id=143, eMBMSSessionId=78 current size: 3877
[pool-81-thread-18] adds event Id=144, eMBMSSessionId=11 current size: 3877
pool-81-thread-19 reduces to 3876
[pool-81-thread-12] pick event Id=145, eMBMSSessionId=24 current size: 3875
[pool-81-thread-4] pick event Id=146, eMBMSSessionId=71 current size: 3874
[pool-81-thread-1] adds event Id=147, eMBMSSessionId=78 current size: 3874
[pool-81-thread-11] pick event Id=148, eMBMSSessionId=89 current size: 3873
[pool-81-thread-9] pick event Id=149, eMBMSSessionId=15 current size: 3872
[pool-81-thread-7] pick event Id=150, eMBMSSessionId=19 current size: 3871
pool-81-thread-14 reduces to 3870
[pool-81-thread-3] pick event Id=151, eMBMSSessionId=55 current size: 3869
[pool-81-thread-15] pick event Id=152, eMBMSSessionId=39 current size: 3868
[pool-81-thread-18] pick event Id=153, eMBMSSessionId=85 current size: 3867
pool-81-thread-16 reduces to 3866
[pool-81-thread-10] pick event Id=154, eMBMSSessionId=48 current size: 3865
[pool-81-thread-20] pick event Id=155, eMBMSSessionId=63 current size: 3864
[pool-81-thread-17] pick event Id=156, eMBMSSessionId=22 current size: 3863
[pool-81-thread-6] pick event Id=157, eMBMSSessionId=59 current size: 3862
[pool-81-thread-8] pick event Id=158, eMBMSSessionId=36 current size: 3861
[pool-81-thread-19] adds event Id=159, eMBMSSessionId=22 current size: 3861
[pool-81-thread-2] pick event Id=160, eMBMSSessionId=40 current size: 3860
[pool-81-thread-1] pick event Id=161, eMBMSSessionId=86 current size: 3859
[pool-81-thread-13] adds event Id=162, eMBMSSessionId=78 current size: 3859
[pool-81-thread-14] adds event Id=163, eMBMSSessionId=86 current size: 3859
[pool-81-thread-5] pick event Id=164, eMBMSSessionId=38 current size: 3858
pool-81-thread-16 reduces to 3857
pool-81-thread-17 reduces to 3856
[pool-81-thread-6] pick event Id=165, eMBMSSessionId=87 current size: 3855
[pool-81-thread-20] pick event Id=166, eMBMSSessionId=54 current size: 3854
[pool-81-thread-19] pick event Id=167, eMBMSSessionId=4 current size: 3853
[pool-81-thread-12] pick event Id=168, eMBMSSessionId=36 current size: 3852
[pool-81-thread-13] adds event Id=169, eMBMSSessionId=38 current size: 3852
[pool-81-thread-2] pick event Id=170, eMBMSSessionId=82 current size: 3851
pool-81-thread-1 reduces to 3850
[pool-81-thread-4] pick event Id=171, eMBMSSessionId=59 current size: 3849
[pool-81-thread-11] pick event Id=172, eMBMSSessionId=90 current size: 3848
[pool-81-thread-9] pick event Id=173, eMBMSSessionId=48 current size: 3847
[pool-81-thread-7] pick event Id=174, eMBMSSessionId=44 current size: 3846
[pool-81-thread-3] pick event Id=175, eMBMSSessionId=21 current size: 3845
[pool-81-thread-14] adds event Id=176, eMBMSSessionId=38 current size: 3845
[pool-81-thread-15] pick event Id=177, eMBMSSessionId=66 current size: 3844
[pool-81-thread-18] adds event Id=178, eMBMSSessionId=87 current size: 3844
pool-81-thread-5 reduces to 3843
[pool-81-thread-10] pick event Id=179, eMBMSSessionId=72 current size: 3842
[pool-81-thread-8] pick event Id=180, eMBMSSessionId=20 current size: 3841
pool-81-thread-6 reduces to 3840
[pool-81-thread-13] pick event Id=181, eMBMSSessionId=15 current size: 3839
[pool-81-thread-11] pick event Id=182, eMBMSSessionId=90 current size: 3838
[pool-81-thread-14] pick event Id=183, eMBMSSessionId=17 current size: 3837
[pool-81-thread-18] pick event Id=184, eMBMSSessionId=19 current size: 3836
pool-81-thread-5 reduces to 3835
[pool-81-thread-16] pick event Id=185, eMBMSSessionId=23 current size: 3834
[pool-81-thread-17] adds event Id=186, eMBMSSessionId=19 current size: 3834
[pool-81-thread-20] pick event Id=187, eMBMSSessionId=30 current size: 3833
[pool-81-thread-12] pick event Id=188, eMBMSSessionId=47 current size: 3832
[pool-81-thread-2] pick event Id=189, eMBMSSessionId=35 current size: 3831
[pool-81-thread-19] pick event Id=190, eMBMSSessionId=85 current size: 3830
[pool-81-thread-1] pick event Id=191, eMBMSSessionId=27 current size: 3829
[pool-81-thread-4] pick event Id=192, eMBMSSessionId=25 current size: 3828
[pool-81-thread-7] pick event Id=193, eMBMSSessionId=33 current size: 3827
[pool-81-thread-9] pick event Id=194, eMBMSSessionId=51 current size: 3826
[pool-81-thread-3] pick event Id=195, eMBMSSessionId=59 current size: 3825
[pool-81-thread-15] pick event Id=196, eMBMSSessionId=44 current size: 3824
pool-81-thread-18 reduces to 3823
[pool-81-thread-10] pick event Id=197, eMBMSSessionId=37 current size: 3822
[pool-81-thread-17] pick event Id=198, eMBMSSessionId=6 current size: 3821
[pool-81-thread-5] pick event Id=199, eMBMSSessionId=76 current size: 3820
[pool-81-thread-6] pick event Id=200, eMBMSSessionId=91 current size: 3819
[pool-81-thread-8] pick event Id=201, eMBMSSessionId=18 current size: 3818
[pool-81-thread-13] pick event Id=202, eMBMSSessionId=9 current size: 3817
[pool-81-thread-20] pick event Id=203, eMBMSSessionId=22 current size: 3816
[pool-81-thread-11] pick event Id=204, eMBMSSessionId=4 current size: 3815
[pool-81-thread-4] pick event Id=205, eMBMSSessionId=26 current size: 3814
[pool-81-thread-14] pick event Id=206, eMBMSSessionId=91 current size: 3813
[pool-81-thread-16] pick event Id=207, eMBMSSessionId=60 current size: 3812
[pool-81-thread-6] pick event Id=208, eMBMSSessionId=24 current size: 3811
[pool-81-thread-19] pick event Id=209, eMBMSSessionId=80 current size: 3810
[pool-81-thread-12] pick event Id=210, eMBMSSessionId=42 current size: 3809
[pool-81-thread-2] pick event Id=211, eMBMSSessionId=38 current size: 3808
[pool-81-thread-1] pick event Id=212, eMBMSSessionId=90 current size: 3807
[pool-81-thread-9] pick event Id=213, eMBMSSessionId=8 current size: 3806
[pool-81-thread-7] pick event Id=214, eMBMSSessionId=15 current size: 3805
[pool-81-thread-3] pick event Id=215, eMBMSSessionId=74 current size: 3804
[pool-81-thread-15] pick event Id=216, eMBMSSessionId=23 current size: 3803
[pool-81-thread-10] pick event Id=217, eMBMSSessionId=14 current size: 3802
[pool-81-thread-5] pick event Id=218, eMBMSSessionId=47 current size: 3801
[pool-81-thread-18] pick event Id=219, eMBMSSessionId=11 current size: 3800
[pool-81-thread-17] pick event Id=220, eMBMSSessionId=27 current size: 3799
[pool-81-thread-8] pick event Id=221, eMBMSSessionId=77 current size: 3798
[pool-81-thread-13] pick event Id=222, eMBMSSessionId=1 current size: 3797
[pool-81-thread-6] pick event Id=223, eMBMSSessionId=12 current size: 3796
[pool-81-thread-20] pick event Id=224, eMBMSSessionId=42 current size: 3795
[pool-81-thread-9] pick event Id=225, eMBMSSessionId=71 current size: 3794
[pool-81-thread-11] pick event Id=226, eMBMSSessionId=25 current size: 3793
[pool-81-thread-4] pick event Id=227, eMBMSSessionId=2 current size: 3792
[pool-81-thread-14] adds event Id=228, eMBMSSessionId=1 current size: 3792
[pool-81-thread-16] pick event Id=229, eMBMSSessionId=37 current size: 3791
[pool-81-thread-12] adds event Id=230, eMBMSSessionId=37 current size: 3791
pool-81-thread-13 reduces to 3790
[pool-81-thread-19] pick event Id=231, eMBMSSessionId=61 current size: 3789
[pool-81-thread-2] pick event Id=232, eMBMSSessionId=41 current size: 3788
[pool-81-thread-1] pick event Id=233, eMBMSSessionId=33 current size: 3787
[pool-81-thread-7] pick event Id=234, eMBMSSessionId=63 current size: 3786
[pool-81-thread-3] pick event Id=235, eMBMSSessionId=8 current size: 3785
[pool-81-thread-14] pick event Id=236, eMBMSSessionId=43 current size: 3784
[pool-81-thread-15] pick event Id=237, eMBMSSessionId=56 current size: 3783
[pool-81-thread-5] pick event Id=238, eMBMSSessionId=44 current size: 3782
[pool-81-thread-10] adds event Id=239, eMBMSSessionId=33 current size: 3782
[pool-81-thread-18] pick event Id=240, eMBMSSessionId=97 current size: 3781
[pool-81-thread-8] pick event Id=241, eMBMSSessionId=39 current size: 3780
pool-81-thread-16 reduces to 3779
[pool-81-thread-17] pick event Id=242, eMBMSSessionId=60 current size: 3778
[pool-81-thread-12] pick event Id=243, eMBMSSessionId=3 current size: 3777
[pool-81-thread-6] pick event Id=244, eMBMSSessionId=4 current size: 3776
[pool-81-thread-20] adds event Id=245, eMBMSSessionId=37 current size: 3776
pool-81-thread-1 reduces to 3775
[pool-81-thread-11] adds event Id=246, eMBMSSessionId=39 current size: 3775
[pool-81-thread-9] pick event Id=247, eMBMSSessionId=48 current size: 3774
[pool-81-thread-4] adds event Id=248, eMBMSSessionId=60 current size: 3774
[pool-81-thread-4] pick event Id=249, eMBMSSessionId=42 current size: 3773
[pool-81-thread-10] pick event Id=250, eMBMSSessionId=31 current size: 3772
pool-81-thread-8 reduces to 3771
[pool-81-thread-18] pick event Id=251, eMBMSSessionId=67 current size: 3770
[pool-81-thread-18] pick event Id=252, eMBMSSessionId=29 current size: 3769
[pool-81-thread-18] pick event Id=253, eMBMSSessionId=40 current size: 3768
[pool-81-thread-18] pick event Id=254, eMBMSSessionId=20 current size: 3767
[pool-81-thread-18] adds event Id=255, eMBMSSessionId=31 current size: 3767
[pool-81-thread-18] pick event Id=256, eMBMSSessionId=64 current size: 3766
[pool-81-thread-18] pick event Id=257, eMBMSSessionId=55 current size: 3765
pool-81-thread-17 reduces to 3764
[pool-81-thread-17] pick event Id=258, eMBMSSessionId=49 current size: 3763
[pool-81-thread-17] pick event Id=259, eMBMSSessionId=90 current size: 3762
pool-81-thread-16 reduces to 3761
[pool-81-thread-13] adds event Id=260, eMBMSSessionId=90 current size: 3761
[pool-81-thread-13] pick event Id=261, eMBMSSessionId=65 current size: 3760
pool-81-thread-10 reduces to 3759
[pool-81-thread-2] pick event Id=262, eMBMSSessionId=13 current size: 3758
[pool-81-thread-19] adds event Id=263, eMBMSSessionId=4 current size: 3758
[pool-81-thread-12] pick event Id=264, eMBMSSessionId=49 current size: 3757
pool-81-thread-6 reduces to 3756
[pool-81-thread-7] pick event Id=265, eMBMSSessionId=11 current size: 3755
[pool-81-thread-20] adds event Id=266, eMBMSSessionId=11 current size: 3755
[pool-81-thread-11] pick event Id=267, eMBMSSessionId=96 current size: 3754
[pool-81-thread-3] pick event Id=268, eMBMSSessionId=86 current size: 3753
[pool-81-thread-14] pick event Id=269, eMBMSSessionId=74 current size: 3752
[pool-81-thread-15] pick event Id=270, eMBMSSessionId=82 current size: 3751
[pool-81-thread-5] adds event Id=271, eMBMSSessionId=49 current size: 3751
[pool-81-thread-5] pick event Id=272, eMBMSSessionId=62 current size: 3750
pool-81-thread-17 reduces to 3749
[pool-81-thread-16] pick event Id=273, eMBMSSessionId=57 current size: 3748
[pool-81-thread-10] pick event Id=274, eMBMSSessionId=70 current size: 3747
[pool-81-thread-10] pick event Id=275, eMBMSSessionId=91 current size: 3746
[pool-81-thread-10] pick event Id=276, eMBMSSessionId=29 current size: 3745
[pool-81-thread-19] pick event Id=277, eMBMSSessionId=47 current size: 3744
[pool-81-thread-2] pick event Id=278, eMBMSSessionId=92 current size: 3743
pool-81-thread-7 reduces to 3742
[pool-81-thread-20] pick event Id=279, eMBMSSessionId=41 current size: 3741
[pool-81-thread-1] pick event Id=280, eMBMSSessionId=40 current size: 3740
pool-81-thread-12 reduces to 3739
[pool-81-thread-11] pick event Id=281, eMBMSSessionId=3 current size: 3738
[pool-81-thread-11] adds event Id=282, eMBMSSessionId=40 current size: 3738
[pool-81-thread-11] pick event Id=283, eMBMSSessionId=32 current size: 3737
[pool-81-thread-4] pick event Id=284, eMBMSSessionId=91 current size: 3736
[pool-81-thread-9] pick event Id=285, eMBMSSessionId=77 current size: 3735
[pool-81-thread-18] pick event Id=286, eMBMSSessionId=25 current size: 3734
[pool-81-thread-8] pick event Id=287, eMBMSSessionId=58 current size: 3733
[pool-81-thread-13] pick event Id=288, eMBMSSessionId=76 current size: 3732
[pool-81-thread-13] pick event Id=289, eMBMSSessionId=17 current size: 3731
[pool-81-thread-6] pick event Id=290, eMBMSSessionId=82 current size: 3730
[pool-81-thread-6] pick event Id=291, eMBMSSessionId=87 current size: 3729
pool-81-thread-1 reduces to 3728
[pool-81-thread-3] pick event Id=292, eMBMSSessionId=79 current size: 3727
[pool-81-thread-15] pick event Id=293, eMBMSSessionId=34 current size: 3726
[pool-81-thread-14] pick event Id=294, eMBMSSessionId=65 current size: 3725
[pool-81-thread-4] pick event Id=295, eMBMSSessionId=5 current size: 3724
[pool-81-thread-4] pick event Id=296, eMBMSSessionId=43 current size: 3723
[pool-81-thread-4] adds event Id=297, eMBMSSessionId=40 current size: 3723
[pool-81-thread-4] pick event Id=298, eMBMSSessionId=61 current size: 3722
[pool-81-thread-4] pick event Id=299, eMBMSSessionId=30 current size: 3721
[pool-81-thread-4] pick event Id=300, eMBMSSessionId=54 current size: 3720
[pool-81-thread-4] pick event Id=301, eMBMSSessionId=23 current size: 3719
[pool-81-thread-4] adds event Id=302, eMBMSSessionId=65 current size: 3719
[pool-81-thread-4] adds event Id=303, eMBMSSessionId=40 current size: 3719
[pool-81-thread-4] adds event Id=304, eMBMSSessionId=49 current size: 3719
[pool-81-thread-4] pick event Id=305, eMBMSSessionId=4 current size: 3718
[pool-81-thread-5] pick event Id=306, eMBMSSessionId=91 current size: 3717
pool-81-thread-12 reduces to 3716
[pool-81-thread-17] pick event Id=307, eMBMSSessionId=83 current size: 3715
[pool-81-thread-10] adds event Id=308, eMBMSSessionId=87 current size: 3715
[pool-81-thread-10] pick event Id=309, eMBMSSessionId=58 current size: 3714
[pool-81-thread-10] pick event Id=310, eMBMSSessionId=47 current size: 3713
[pool-81-thread-16] pick event Id=311, eMBMSSessionId=3 current size: 3712
[pool-81-thread-19] pick event Id=312, eMBMSSessionId=64 current size: 3711
[pool-81-thread-2] pick event Id=313, eMBMSSessionId=26 current size: 3710
[pool-81-thread-7] adds event Id=314, eMBMSSessionId=65 current size: 3710
pool-81-thread-6 reduces to 3709
[pool-81-thread-11] pick event Id=315, eMBMSSessionId=68 current size: 3708
[pool-81-thread-6] pick event Id=316, eMBMSSessionId=70 current size: 3707
[pool-81-thread-20] pick event Id=317, eMBMSSessionId=87 current size: 3706
[pool-81-thread-9] pick event Id=318, eMBMSSessionId=2 current size: 3705
[pool-81-thread-15] adds event Id=319, eMBMSSessionId=49 current size: 3705
pool-81-thread-1 reduces to 3704
pool-81-thread-14 reduces to 3703
[pool-81-thread-4] pick event Id=320, eMBMSSessionId=92 current size: 3702
pool-81-thread-12 reduces to 3701
[pool-81-thread-5] pick event Id=321, eMBMSSessionId=13 current size: 3700
[pool-81-thread-8] pick event Id=322, eMBMSSessionId=72 current size: 3699
[pool-81-thread-18] adds event Id=323, eMBMSSessionId=70 current size: 3699
[pool-81-thread-7] pick event Id=324, eMBMSSessionId=24 current size: 3698
[pool-81-thread-13] pick event Id=325, eMBMSSessionId=59 current size: 3697
pool-81-thread-6 reduces to 3696
[pool-81-thread-11] pick event Id=326, eMBMSSessionId=56 current size: 3695
[pool-81-thread-15] pick event Id=327, eMBMSSessionId=55 current size: 3694
[pool-81-thread-3] pick event Id=328, eMBMSSessionId=3 current size: 3693
pool-81-thread-14 reduces to 3692
pool-81-thread-1 reduces to 3691
[pool-81-thread-10] pick event Id=329, eMBMSSessionId=52 current size: 3690
[pool-81-thread-18] pick event Id=330, eMBMSSessionId=22 current size: 3689
[pool-81-thread-17] pick event Id=331, eMBMSSessionId=43 current size: 3688
[pool-81-thread-16] pick event Id=332, eMBMSSessionId=50 current size: 3687
[pool-81-thread-19] pick event Id=333, eMBMSSessionId=91 current size: 3686
[pool-81-thread-2] pick event Id=334, eMBMSSessionId=32 current size: 3685
[pool-81-thread-20] pick event Id=335, eMBMSSessionId=10 current size: 3684
[pool-81-thread-9] pick event Id=336, eMBMSSessionId=60 current size: 3683
[pool-81-thread-4] adds event Id=337, eMBMSSessionId=22 current size: 3683
[pool-81-thread-12] adds event Id=338, eMBMSSessionId=52 current size: 3683
[pool-81-thread-8] pick event Id=339, eMBMSSessionId=5 current size: 3682
[pool-81-thread-5] pick event Id=340, eMBMSSessionId=35 current size: 3681
pool-81-thread-10 reduces to 3680
pool-81-thread-18 reduces to 3679
[pool-81-thread-13] pick event Id=341, eMBMSSessionId=33 current size: 3678
[pool-81-thread-6] pick event Id=342, eMBMSSessionId=55 current size: 3677
[pool-81-thread-15] pick event Id=343, eMBMSSessionId=68 current size: 3676
[pool-81-thread-7] pick event Id=344, eMBMSSessionId=69 current size: 3675
[pool-81-thread-11] adds event Id=345, eMBMSSessionId=33 current size: 3675
[pool-81-thread-3] pick event Id=346, eMBMSSessionId=47 current size: 3674
[pool-81-thread-4] pick event Id=347, eMBMSSessionId=58 current size: 3673
[pool-81-thread-12] pick event Id=348, eMBMSSessionId=37 current size: 3672
[pool-81-thread-1] pick event Id=349, eMBMSSessionId=87 current size: 3671
[pool-81-thread-14] pick event Id=350, eMBMSSessionId=93 current size: 3670
[pool-81-thread-17] pick event Id=351, eMBMSSessionId=62 current size: 3669
pool-81-thread-13 reduces to 3668
[pool-81-thread-19] pick event Id=352, eMBMSSessionId=30 current size: 3667
[pool-81-thread-2] pick event Id=353, eMBMSSessionId=7 current size: 3666
[pool-81-thread-16] pick event Id=354, eMBMSSessionId=88 current size: 3665
[pool-81-thread-20] pick event Id=355, eMBMSSessionId=18 current size: 3664
[pool-81-thread-15] pick event Id=356, eMBMSSessionId=36 current size: 3663
[pool-81-thread-9] pick event Id=357, eMBMSSessionId=85 current size: 3662
[pool-81-thread-11] pick event Id=358, eMBMSSessionId=91 current size: 3661
[pool-81-thread-3] pick event Id=359, eMBMSSessionId=40 current size: 3660
[pool-81-thread-5] pick event Id=360, eMBMSSessionId=97 current size: 3659
[pool-81-thread-10] pick event Id=361, eMBMSSessionId=59 current size: 3658
[pool-81-thread-8] pick event Id=362, eMBMSSessionId=65 current size: 3657
[pool-81-thread-18] pick event Id=363, eMBMSSessionId=10 current size: 3656
[pool-81-thread-6] pick event Id=364, eMBMSSessionId=32 current size: 3655
[pool-81-thread-17] pick event Id=365, eMBMSSessionId=15 current size: 3654
[pool-81-thread-7] pick event Id=366, eMBMSSessionId=73 current size: 3653
[pool-81-thread-1] pick event Id=367, eMBMSSessionId=98 current size: 3652
[pool-81-thread-4] pick event Id=368, eMBMSSessionId=66 current size: 3651
[pool-81-thread-14] pick event Id=369, eMBMSSessionId=1 current size: 3650
[pool-81-thread-12] pick event Id=370, eMBMSSessionId=91 current size: 3649
[pool-81-thread-13] pick event Id=371, eMBMSSessionId=3 current size: 3648
[pool-81-thread-19] pick event Id=372, eMBMSSessionId=45 current size: 3647
[pool-81-thread-17] pick event Id=373, eMBMSSessionId=89 current size: 3646
[pool-81-thread-6] pick event Id=374, eMBMSSessionId=70 current size: 3645
[pool-81-thread-16] pick event Id=375, eMBMSSessionId=96 current size: 3644
[pool-81-thread-2] pick event Id=376, eMBMSSessionId=78 current size: 3643
[pool-81-thread-20] adds event Id=377, eMBMSSessionId=73 current size: 3643
pool-81-thread-7 reduces to 3642
[pool-81-thread-9] adds event Id=378, eMBMSSessionId=73 current size: 3642
[pool-81-thread-15] pick event Id=379, eMBMSSessionId=83 current size: 3641
[pool-81-thread-3] pick event Id=380, eMBMSSessionId=14 current size: 3640
[pool-81-thread-11] pick event Id=381, eMBMSSessionId=28 current size: 3639
[pool-81-thread-5] pick event Id=382, eMBMSSessionId=80 current size: 3638
[pool-81-thread-10] pick event Id=383, eMBMSSessionId=95 current size: 3637
[pool-81-thread-8] pick event Id=384, eMBMSSessionId=13 current size: 3636
[pool-81-thread-18] pick event Id=385, eMBMSSessionId=43 current size: 3635
[pool-81-thread-20] pick event Id=386, eMBMSSessionId=49 current size: 3634
pool-81-thread-7 reduces to 3633
[pool-81-thread-9] pick event Id=387, eMBMSSessionId=99 current size: 3632
[pool-81-thread-12] pick event Id=388, eMBMSSessionId=84 current size: 3631
[pool-81-thread-14] pick event Id=389, eMBMSSessionId=15 current size: 3630
[pool-81-thread-1] adds event Id=390, eMBMSSessionId=15 current size: 3630
[pool-81-thread-4] pick event Id=391, eMBMSSessionId=18 current size: 3629
[pool-81-thread-13] pick event Id=392, eMBMSSessionId=38 current size: 3628
[pool-81-thread-19] pick event Id=393, eMBMSSessionId=46 current size: 3627
[pool-81-thread-5] pick event Id=394, eMBMSSessionId=3 current size: 3626
[pool-81-thread-6] pick event Id=395, eMBMSSessionId=79 current size: 3625
[pool-81-thread-2] pick event Id=396, eMBMSSessionId=9 current size: 3624
[pool-81-thread-16] pick event Id=397, eMBMSSessionId=75 current size: 3623
[pool-81-thread-17] pick event Id=398, eMBMSSessionId=30 current size: 3622
[pool-81-thread-20] pick event Id=399, eMBMSSessionId=53 current size: 3621
[pool-81-thread-15] pick event Id=400, eMBMSSessionId=23 current size: 3620
[pool-81-thread-1] pick event Id=401, eMBMSSessionId=83 current size: 3619
[pool-81-thread-3] pick event Id=402, eMBMSSessionId=71 current size: 3618
[pool-81-thread-10] pick event Id=403, eMBMSSessionId=97 current size: 3617
pool-81-thread-14 reduces to 3616
[pool-81-thread-11] pick event Id=404, eMBMSSessionId=20 current size: 3615
[pool-81-thread-8] pick event Id=405, eMBMSSessionId=57 current size: 3614
[pool-81-thread-4] pick event Id=406, eMBMSSessionId=99 current size: 3613
[pool-81-thread-18] pick event Id=407, eMBMSSessionId=33 current size: 3612
[pool-81-thread-7] pick event Id=408, eMBMSSessionId=27 current size: 3611
[pool-81-thread-9] pick event Id=409, eMBMSSessionId=46 current size: 3610
[pool-81-thread-12] pick event Id=410, eMBMSSessionId=3 current size: 3609
[pool-81-thread-15] pick event Id=411, eMBMSSessionId=49 current size: 3608
[pool-81-thread-13] pick event Id=412, eMBMSSessionId=17 current size: 3607
[pool-81-thread-5] pick event Id=413, eMBMSSessionId=95 current size: 3606
[pool-81-thread-19] pick event Id=414, eMBMSSessionId=25 current size: 3605
[pool-81-thread-6] pick event Id=415, eMBMSSessionId=5 current size: 3604
[pool-81-thread-2] pick event Id=416, eMBMSSessionId=14 current size: 3603
[pool-81-thread-16] pick event Id=417, eMBMSSessionId=61 current size: 3602
[pool-81-thread-17] pick event Id=418, eMBMSSessionId=68 current size: 3601
[pool-81-thread-1] pick event Id=419, eMBMSSessionId=37 current size: 3600
[pool-81-thread-20] pick event Id=420, eMBMSSessionId=67 current size: 3599
[pool-81-thread-3] pick event Id=421, eMBMSSessionId=75 current size: 3598
[pool-81-thread-11] pick event Id=422, eMBMSSessionId=66 current size: 3597
[pool-81-thread-10] pick event Id=423, eMBMSSessionId=22 current size: 3596
[pool-81-thread-8] pick event Id=424, eMBMSSessionId=76 current size: 3595
[pool-81-thread-14] pick event Id=425, eMBMSSessionId=87 current size: 3594
[pool-81-thread-13] pick event Id=426, eMBMSSessionId=27 current size: 3593
[pool-81-thread-4] pick event Id=427, eMBMSSessionId=34 current size: 3592
[pool-81-thread-18] pick event Id=428, eMBMSSessionId=96 current size: 3591
[pool-81-thread-7] adds event Id=429, eMBMSSessionId=34 current size: 3591
[pool-81-thread-9] adds event Id=430, eMBMSSessionId=68 current size: 3591
pool-81-thread-17 reduces to 3590
[pool-81-thread-12] pick event Id=431, eMBMSSessionId=95 current size: 3589
[pool-81-thread-15] pick event Id=432, eMBMSSessionId=59 current size: 3588
[pool-81-thread-5] pick event Id=433, eMBMSSessionId=10 current size: 3587
[pool-81-thread-19] pick event Id=434, eMBMSSessionId=66 current size: 3586
pool-81-thread-4 reduces to 3585
[pool-81-thread-7] pick event Id=435, eMBMSSessionId=77 current size: 3584
[pool-81-thread-6] pick event Id=436, eMBMSSessionId=73 current size: 3583
[pool-81-thread-2] pick event Id=437, eMBMSSessionId=57 current size: 3582
[pool-81-thread-9] pick event Id=438, eMBMSSessionId=38 current size: 3581
[pool-81-thread-16] adds event Id=439, eMBMSSessionId=77 current size: 3581
[pool-81-thread-20] pick event Id=440, eMBMSSessionId=72 current size: 3580
[pool-81-thread-1] pick event Id=441, eMBMSSessionId=56 current size: 3579
[pool-81-thread-11] pick event Id=442, eMBMSSessionId=62 current size: 3578
[pool-81-thread-3] pick event Id=443, eMBMSSessionId=7 current size: 3577
[pool-81-thread-8] pick event Id=444, eMBMSSessionId=52 current size: 3576
[pool-81-thread-10] pick event Id=445, eMBMSSessionId=80 current size: 3575
[pool-81-thread-14] pick event Id=446, eMBMSSessionId=69 current size: 3574
[pool-81-thread-13] pick event Id=447, eMBMSSessionId=36 current size: 3573
[pool-81-thread-18] pick event Id=448, eMBMSSessionId=43 current size: 3572
pool-81-thread-7 reduces to 3571
[pool-81-thread-9] pick event Id=449, eMBMSSessionId=93 current size: 3570
[pool-81-thread-16] pick event Id=450, eMBMSSessionId=39 current size: 3569
[pool-81-thread-17] pick event Id=451, eMBMSSessionId=97 current size: 3568
[pool-81-thread-12] pick event Id=452, eMBMSSessionId=50 current size: 3567
[pool-81-thread-15] pick event Id=453, eMBMSSessionId=41 current size: 3566
[pool-81-thread-5] pick event Id=454, eMBMSSessionId=61 current size: 3565
[pool-81-thread-19] pick event Id=455, eMBMSSessionId=99 current size: 3564
[pool-81-thread-10] pick event Id=456, eMBMSSessionId=53 current size: 3563
[pool-81-thread-4] pick event Id=457, eMBMSSessionId=79 current size: 3562
[pool-81-thread-6] pick event Id=458, eMBMSSessionId=5 current size: 3561
[pool-81-thread-2] pick event Id=459, eMBMSSessionId=32 current size: 3560
[pool-81-thread-20] pick event Id=460, eMBMSSessionId=95 current size: 3559
[pool-81-thread-11] pick event Id=461, eMBMSSessionId=37 current size: 3558
[pool-81-thread-3] pick event Id=462, eMBMSSessionId=31 current size: 3557
[pool-81-thread-1] pick event Id=463, eMBMSSessionId=60 current size: 3556
[pool-81-thread-8] pick event Id=464, eMBMSSessionId=55 current size: 3555
[pool-81-thread-14] pick event Id=465, eMBMSSessionId=21 current size: 3554
[pool-81-thread-13] pick event Id=466, eMBMSSessionId=44 current size: 3553
[pool-81-thread-18] pick event Id=467, eMBMSSessionId=77 current size: 3552
[pool-81-thread-7] pick event Id=468, eMBMSSessionId=55 current size: 3551
[pool-81-thread-9] pick event Id=469, eMBMSSessionId=14 current size: 3550
[pool-81-thread-16] pick event Id=470, eMBMSSessionId=94 current size: 3549
[pool-81-thread-12] adds event Id=471, eMBMSSessionId=21 current size: 3549
[pool-81-thread-17] pick event Id=472, eMBMSSessionId=90 current size: 3548
[pool-81-thread-15] pick event Id=473, eMBMSSessionId=56 current size: 3547
[pool-81-thread-5] pick event Id=474, eMBMSSessionId=13 current size: 3546
pool-81-thread-14 reduces to 3545
[pool-81-thread-19] pick event Id=475, eMBMSSessionId=45 current size: 3544
[pool-81-thread-10] pick event Id=476, eMBMSSessionId=41 current size: 3543
[pool-81-thread-8] pick event Id=477, eMBMSSessionId=61 current size: 3542
[pool-81-thread-6] pick event Id=478, eMBMSSessionId=12 current size: 3541
[pool-81-thread-4] pick event Id=479, eMBMSSessionId=68 current size: 3540
[pool-81-thread-7] pick event Id=480, eMBMSSessionId=73 current size: 3539
[pool-81-thread-2] pick event Id=481, eMBMSSessionId=8 current size: 3538
[pool-81-thread-12] adds event Id=482, eMBMSSessionId=41 current size: 3538
[pool-81-thread-20] pick event Id=483, eMBMSSessionId=2 current size: 3537
[pool-81-thread-11] pick event Id=484, eMBMSSessionId=37 current size: 3536
[pool-81-thread-3] pick event Id=485, eMBMSSessionId=30 current size: 3535
[pool-81-thread-1] pick event Id=486, eMBMSSessionId=92 current size: 3534
[pool-81-thread-13] pick event Id=487, eMBMSSessionId=3 current size: 3533
[pool-81-thread-18] pick event Id=488, eMBMSSessionId=24 current size: 3532
pool-81-thread-10 reduces to 3531
[pool-81-thread-8] pick event Id=489, eMBMSSessionId=14 current size: 3530
[pool-81-thread-9] pick event Id=490, eMBMSSessionId=42 current size: 3529
[pool-81-thread-12] pick event Id=491, eMBMSSessionId=64 current size: 3528
[pool-81-thread-16] pick event Id=492, eMBMSSessionId=55 current size: 3527
[pool-81-thread-17] adds event Id=493, eMBMSSessionId=3 current size: 3527
[pool-81-thread-15] pick event Id=494, eMBMSSessionId=67 current size: 3526
[pool-81-thread-5] pick event Id=495, eMBMSSessionId=28 current size: 3525
[pool-81-thread-19] pick event Id=496, eMBMSSessionId=29 current size: 3524
[pool-81-thread-14] pick event Id=497, eMBMSSessionId=99 current size: 3523
[pool-81-thread-6] pick event Id=498, eMBMSSessionId=1 current size: 3522
pool-81-thread-13 reduces to 3521
[pool-81-thread-7] pick event Id=499, eMBMSSessionId=92 current size: 3520
[pool-81-thread-4] pick event Id=500, eMBMSSessionId=91 current size: 3519
[pool-81-thread-2] pick event Id=501, eMBMSSessionId=0 current size: 3518
[pool-81-thread-17] pick event Id=502, eMBMSSessionId=32 current size: 3517
[pool-81-thread-11] pick event Id=503, eMBMSSessionId=37 current size: 3516
[pool-81-thread-20] pick event Id=504, eMBMSSessionId=43 current size: 3515
[pool-81-thread-3] pick event Id=505, eMBMSSessionId=8 current size: 3514
[pool-81-thread-1] pick event Id=506, eMBMSSessionId=92 current size: 3513
[pool-81-thread-15] pick event Id=507, eMBMSSessionId=52 current size: 3512
[pool-81-thread-18] pick event Id=508, eMBMSSessionId=80 current size: 3511
[pool-81-thread-10] pick event Id=509, eMBMSSessionId=17 current size: 3510
[pool-81-thread-13] pick event Id=510, eMBMSSessionId=22 current size: 3509
[pool-81-thread-9] pick event Id=511, eMBMSSessionId=36 current size: 3508
[pool-81-thread-8] pick event Id=512, eMBMSSessionId=5 current size: 3507
[pool-81-thread-7] pick event Id=513, eMBMSSessionId=84 current size: 3506
[pool-81-thread-12] adds event Id=514, eMBMSSessionId=32 current size: 3506
[pool-81-thread-16] adds event Id=515, eMBMSSessionId=8 current size: 3506
pool-81-thread-17 reduces to 3505
[pool-81-thread-5] pick event Id=516, eMBMSSessionId=56 current size: 3504
pool-81-thread-3 reduces to 3503
[pool-81-thread-19] adds event Id=517, eMBMSSessionId=5 current size: 3503
[pool-81-thread-14] pick event Id=518, eMBMSSessionId=99 current size: 3502
[pool-81-thread-6] pick event Id=519, eMBMSSessionId=88 current size: 3501
testOverload end.
testFull begin.
[pool-82-thread-1] pick event Id=0, eMBMSSessionId=40 current size: 4998
[pool-82-thread-2] pick event Id=1, eMBMSSessionId=79 current size: 4997
[pool-82-thread-3] pick event Id=2, eMBMSSessionId=75 current size: 4996
[pool-82-thread-4] pick event Id=3, eMBMSSessionId=25 current size: 4995
[pool-82-thread-5] pick event Id=4, eMBMSSessionId=13 current size: 4994
[pool-82-thread-6] adds event Id=5, eMBMSSessionId=79 current size: 4994
[pool-82-thread-7] pick event Id=6, eMBMSSessionId=88 current size: 4993
[pool-82-thread-8] pick event Id=7, eMBMSSessionId=89 current size: 4992
[pool-82-thread-9] pick event Id=8, eMBMSSessionId=11 current size: 4991
[pool-82-thread-10] pick event Id=9, eMBMSSessionId=53 current size: 4990
[pool-82-thread-11] pick event Id=10, eMBMSSessionId=27 current size: 4989
[pool-82-thread-12] adds event Id=11, eMBMSSessionId=40 current size: 4989
[pool-82-thread-13] pick event Id=12, eMBMSSessionId=77 current size: 4988
[pool-82-thread-14] pick event Id=13, eMBMSSessionId=92 current size: 4987
[pool-82-thread-15] pick event Id=14, eMBMSSessionId=10 current size: 4986
[pool-82-thread-16] pick event Id=15, eMBMSSessionId=26 current size: 4985
[pool-82-thread-17] adds event Id=16, eMBMSSessionId=13 current size: 4985
[pool-82-thread-18] pick event Id=17, eMBMSSessionId=44 current size: 4984
[pool-82-thread-19] pick event Id=18, eMBMSSessionId=1 current size: 4983
[pool-82-thread-12] adds event Id=19, eMBMSSessionId=25 current size: 4983
[pool-82-thread-20] pick event Id=20, eMBMSSessionId=76 current size: 4982
[pool-82-thread-6] adds event Id=21, eMBMSSessionId=1 current size: 4982
[pool-82-thread-17] pick event Id=22, eMBMSSessionId=91 current size: 4981
[pool-82-thread-12] pick event Id=23, eMBMSSessionId=51 current size: 4980
[pool-82-thread-6] pick event Id=24, eMBMSSessionId=59 current size: 4979
event queue is full, will clear all data!
NbiEventCache is cleared with total events removed: 5029
testFull end.
9 times run start
testEventSequence begin.
testEventSequence end.
testSendRadomEmbmsSessionEvents begin.
testSendRadomEmbmsSessionEvents end.
testSendSameEmbmsSessionEvents begin.
testSendSameEmbmsSessionEvents end.
testSendNoSameEmbmsSessionEvents begin.
testSendNoSameEmbmsSessionEvents end.
testSendNoEmbmsSessionIdEvents begin.
testSendNoEmbmsSessionIdEvents end.
testOverload begin.
[pool-90-thread-1] pick event Id=0, eMBMSSessionId=33 current size: 4019
[pool-90-thread-3] pick event Id=1, eMBMSSessionId=14 current size: 4018
[pool-90-thread-2] pick event Id=2, eMBMSSessionId=21 current size: 4017
pool-90-thread-3 Discard NBI event &apos; Id=1, eMBMSSessionId=14&apos;, current queue size: 4017
[pool-90-thread-4] pick event Id=3, eMBMSSessionId=45 current size: 4016
pool-90-thread-1 Discard NBI event &apos; Id=0, eMBMSSessionId=33&apos;, current queue size: 4016
pool-90-thread-4 Discard NBI event &apos; Id=3, eMBMSSessionId=45&apos;, current queue size: 4016
pool-90-thread-2 Discard NBI event &apos; Id=2, eMBMSSessionId=21&apos;, current queue size: 4016
[pool-90-thread-5] pick event Id=4, eMBMSSessionId=19 current size: 4015
[pool-90-thread-6] pick event Id=5, eMBMSSessionId=43 current size: 4014
pool-90-thread-5 Discard NBI event &apos; Id=4, eMBMSSessionId=19&apos;, current queue size: 4014
pool-90-thread-6 Discard NBI event &apos; Id=5, eMBMSSessionId=43&apos;, current queue size: 4014
[pool-90-thread-7] pick event Id=6, eMBMSSessionId=11 current size: 4013
pool-90-thread-7 Discard NBI event &apos; Id=6, eMBMSSessionId=11&apos;, current queue size: 4013
[pool-90-thread-8] pick event Id=7, eMBMSSessionId=57 current size: 4012
pool-90-thread-8 Discard NBI event &apos; Id=7, eMBMSSessionId=57&apos;, current queue size: 4012
[pool-90-thread-9] pick event Id=8, eMBMSSessionId=26 current size: 4011
[pool-90-thread-11] pick event Id=9, eMBMSSessionId=41 current size: 4010
pool-90-thread-9 Discard NBI event &apos; Id=8, eMBMSSessionId=26&apos;, current queue size: 4010
pool-90-thread-11 Discard NBI event &apos; Id=9, eMBMSSessionId=41&apos;, current queue size: 4010
[pool-90-thread-10] pick event Id=10, eMBMSSessionId=77 current size: 4009
[pool-90-thread-12] pick event Id=11, eMBMSSessionId=42 current size: 4008
[pool-90-thread-13] pick event Id=12, eMBMSSessionId=87 current size: 4007
pool-90-thread-10 Discard NBI event &apos; Id=10, eMBMSSessionId=77&apos;, current queue size: 4007
pool-90-thread-13 Discard NBI event &apos; Id=12, eMBMSSessionId=87&apos;, current queue size: 4007
pool-90-thread-12 Discard NBI event &apos; Id=11, eMBMSSessionId=42&apos;, current queue size: 4007
[pool-90-thread-14] pick event Id=13, eMBMSSessionId=24 current size: 4006
[pool-90-thread-16] pick event Id=14, eMBMSSessionId=50 current size: 4005
[pool-90-thread-15] pick event Id=15, eMBMSSessionId=28 current size: 4004
pool-90-thread-14 Discard NBI event &apos; Id=13, eMBMSSessionId=24&apos;, current queue size: 4004
[pool-90-thread-17] pick event Id=16, eMBMSSessionId=76 current size: 4003
pool-90-thread-16 Discard NBI event &apos; Id=14, eMBMSSessionId=50&apos;, current queue size: 4004
pool-90-thread-17 Discard NBI event &apos; Id=16, eMBMSSessionId=76&apos;, current queue size: 4003
pool-90-thread-15 Discard NBI event &apos; Id=15, eMBMSSessionId=28&apos;, current queue size: 4003
[pool-90-thread-18] pick event Id=17, eMBMSSessionId=81 current size: 4002
[pool-90-thread-20] adds event Id=18, eMBMSSessionId=24 current size: 4002
pool-90-thread-18 Discard NBI event &apos; Id=17, eMBMSSessionId=81&apos;, current queue size: 4002
[pool-90-thread-19] pick event Id=19, eMBMSSessionId=18 current size: 4001
pool-90-thread-19 Discard NBI event &apos; Id=19, eMBMSSessionId=18&apos;, current queue size: 4001
[pool-90-thread-9] pick event Id=20, eMBMSSessionId=12 current size: 4000
[pool-90-thread-1] pick event Id=21, eMBMSSessionId=52 current size: 3999
pool-90-thread-9 Discard NBI event &apos; Id=20, eMBMSSessionId=12&apos;, current queue size: 3999
[pool-90-thread-4] pick event Id=22, eMBMSSessionId=67 current size: 3998
[pool-90-thread-2] pick event Id=23, eMBMSSessionId=73 current size: 3997
pool-90-thread-14 reduces to 3996
[pool-90-thread-3] pick event Id=24, eMBMSSessionId=83 current size: 3995
[pool-90-thread-6] pick event Id=25, eMBMSSessionId=3 current size: 3994
[pool-90-thread-5] pick event Id=26, eMBMSSessionId=37 current size: 3993
[pool-90-thread-7] pick event Id=27, eMBMSSessionId=25 current size: 3992
[pool-90-thread-8] pick event Id=28, eMBMSSessionId=41 current size: 3991
[pool-90-thread-16] pick event Id=29, eMBMSSessionId=31 current size: 3990
[pool-90-thread-11] pick event Id=30, eMBMSSessionId=34 current size: 3989
[pool-90-thread-20] pick event Id=31, eMBMSSessionId=17 current size: 3988
[pool-90-thread-18] adds event Id=32, eMBMSSessionId=3 current size: 3988
[pool-90-thread-18] pick event Id=33, eMBMSSessionId=44 current size: 3987
[pool-90-thread-18] pick event Id=34, eMBMSSessionId=4 current size: 3986
[pool-90-thread-12] pick event Id=35, eMBMSSessionId=93 current size: 3985
[pool-90-thread-1] pick event Id=36, eMBMSSessionId=14 current size: 3984
[pool-90-thread-10] pick event Id=37, eMBMSSessionId=65 current size: 3983
[pool-90-thread-13] pick event Id=38, eMBMSSessionId=0 current size: 3982
[pool-90-thread-4] pick event Id=39, eMBMSSessionId=84 current size: 3981
pool-90-thread-6 reduces to 3980
[pool-90-thread-17] adds event Id=40, eMBMSSessionId=17 current size: 3980
[pool-90-thread-17] pick event Id=41, eMBMSSessionId=77 current size: 3979
[pool-90-thread-15] pick event Id=42, eMBMSSessionId=80 current size: 3978
pool-90-thread-20 reduces to 3977
[pool-90-thread-19] pick event Id=43, eMBMSSessionId=88 current size: 3976
[pool-90-thread-9] pick event Id=44, eMBMSSessionId=59 current size: 3975
[pool-90-thread-2] pick event Id=45, eMBMSSessionId=66 current size: 3974
[pool-90-thread-14] pick event Id=46, eMBMSSessionId=40 current size: 3973
[pool-90-thread-3] pick event Id=47, eMBMSSessionId=76 current size: 3972
[pool-90-thread-5] pick event Id=48, eMBMSSessionId=53 current size: 3971
[pool-90-thread-7] adds event Id=49, eMBMSSessionId=76 current size: 3971
[pool-90-thread-8] pick event Id=50, eMBMSSessionId=23 current size: 3970
[pool-90-thread-17] pick event Id=51, eMBMSSessionId=12 current size: 3969
[pool-90-thread-16] pick event Id=52, eMBMSSessionId=39 current size: 3968
[pool-90-thread-11] pick event Id=53, eMBMSSessionId=94 current size: 3967
[pool-90-thread-18] pick event Id=54, eMBMSSessionId=71 current size: 3966
[pool-90-thread-12] pick event Id=55, eMBMSSessionId=28 current size: 3965
[pool-90-thread-1] pick event Id=56, eMBMSSessionId=1 current size: 3964
[pool-90-thread-13] pick event Id=57, eMBMSSessionId=14 current size: 3963
[pool-90-thread-10] pick event Id=58, eMBMSSessionId=33 current size: 3962
[pool-90-thread-4] pick event Id=59, eMBMSSessionId=63 current size: 3961
pool-90-thread-3 reduces to 3960
[pool-90-thread-14] pick event Id=60, eMBMSSessionId=13 current size: 3959
[pool-90-thread-7] pick event Id=61, eMBMSSessionId=83 current size: 3958
[pool-90-thread-6] pick event Id=62, eMBMSSessionId=72 current size: 3957
[pool-90-thread-15] pick event Id=63, eMBMSSessionId=23 current size: 3956
[pool-90-thread-20] adds event Id=64, eMBMSSessionId=76 current size: 3956
[pool-90-thread-19] adds event Id=65, eMBMSSessionId=33 current size: 3956
[pool-90-thread-9] pick event Id=66, eMBMSSessionId=53 current size: 3955
pool-90-thread-10 reduces to 3954
[pool-90-thread-2] pick event Id=67, eMBMSSessionId=6 current size: 3953
pool-90-thread-3 reduces to 3952
[pool-90-thread-5] pick event Id=68, eMBMSSessionId=65 current size: 3951
[pool-90-thread-8] pick event Id=69, eMBMSSessionId=56 current size: 3950
[pool-90-thread-6] pick event Id=70, eMBMSSessionId=96 current size: 3949
[pool-90-thread-17] pick event Id=71, eMBMSSessionId=95 current size: 3948
[pool-90-thread-11] pick event Id=72, eMBMSSessionId=75 current size: 3947
[pool-90-thread-20] pick event Id=73, eMBMSSessionId=92 current size: 3946
[pool-90-thread-19] pick event Id=74, eMBMSSessionId=26 current size: 3945
[pool-90-thread-12] pick event Id=75, eMBMSSessionId=64 current size: 3944
[pool-90-thread-16] pick event Id=76, eMBMSSessionId=72 current size: 3943
[pool-90-thread-18] pick event Id=77, eMBMSSessionId=25 current size: 3942
[pool-90-thread-1] pick event Id=78, eMBMSSessionId=18 current size: 3941
[pool-90-thread-13] adds event Id=79, eMBMSSessionId=72 current size: 3941
[pool-90-thread-14] pick event Id=80, eMBMSSessionId=99 current size: 3940
[pool-90-thread-4] pick event Id=81, eMBMSSessionId=8 current size: 3939
[pool-90-thread-7] adds event Id=82, eMBMSSessionId=75 current size: 3939
[pool-90-thread-15] pick event Id=83, eMBMSSessionId=30 current size: 3938
pool-90-thread-11 reduces to 3937
[pool-90-thread-17] pick event Id=84, eMBMSSessionId=51 current size: 3936
pool-90-thread-16 reduces to 3935
[pool-90-thread-12] pick event Id=85, eMBMSSessionId=87 current size: 3934
[pool-90-thread-13] pick event Id=86, eMBMSSessionId=67 current size: 3933
[pool-90-thread-9] pick event Id=87, eMBMSSessionId=40 current size: 3932
[pool-90-thread-10] pick event Id=88, eMBMSSessionId=92 current size: 3931
[pool-90-thread-2] pick event Id=89, eMBMSSessionId=31 current size: 3930
[pool-90-thread-5] pick event Id=90, eMBMSSessionId=11 current size: 3929
[pool-90-thread-3] pick event Id=91, eMBMSSessionId=5 current size: 3928
[pool-90-thread-7] pick event Id=92, eMBMSSessionId=15 current size: 3927
[pool-90-thread-8] pick event Id=93, eMBMSSessionId=55 current size: 3926
[pool-90-thread-6] pick event Id=94, eMBMSSessionId=39 current size: 3925
[pool-90-thread-20] pick event Id=95, eMBMSSessionId=86 current size: 3924
[pool-90-thread-19] pick event Id=96, eMBMSSessionId=32 current size: 3923
[pool-90-thread-17] pick event Id=97, eMBMSSessionId=4 current size: 3922
[pool-90-thread-18] pick event Id=98, eMBMSSessionId=97 current size: 3921
[pool-90-thread-1] adds event Id=99, eMBMSSessionId=32 current size: 3921
[pool-90-thread-1] pick event Id=100, eMBMSSessionId=64 current size: 3920
[pool-90-thread-14] pick event Id=101, eMBMSSessionId=96 current size: 3919
[pool-90-thread-4] pick event Id=102, eMBMSSessionId=82 current size: 3918
[pool-90-thread-15] pick event Id=103, eMBMSSessionId=42 current size: 3917
[pool-90-thread-7] pick event Id=104, eMBMSSessionId=65 current size: 3916
[pool-90-thread-11] pick event Id=105, eMBMSSessionId=99 current size: 3915
[pool-90-thread-16] pick event Id=106, eMBMSSessionId=60 current size: 3914
[pool-90-thread-12] pick event Id=107, eMBMSSessionId=73 current size: 3913
pool-90-thread-19 reduces to 3912
[pool-90-thread-13] pick event Id=108, eMBMSSessionId=0 current size: 3911
[pool-90-thread-9] pick event Id=109, eMBMSSessionId=95 current size: 3910
[pool-90-thread-10] pick event Id=110, eMBMSSessionId=8 current size: 3909
[pool-90-thread-2] pick event Id=111, eMBMSSessionId=52 current size: 3908
[pool-90-thread-3] adds event Id=112, eMBMSSessionId=42 current size: 3908
[pool-90-thread-5] adds event Id=113, eMBMSSessionId=8 current size: 3908
[pool-90-thread-8] pick event Id=114, eMBMSSessionId=27 current size: 3907
[pool-90-thread-6] adds event Id=115, eMBMSSessionId=65 current size: 3907
pool-90-thread-7 reduces to 3906
pool-90-thread-15 reduces to 3905
[pool-90-thread-4] pick event Id=116, eMBMSSessionId=64 current size: 3904
[pool-90-thread-20] pick event Id=117, eMBMSSessionId=19 current size: 3903
[pool-90-thread-17] pick event Id=118, eMBMSSessionId=81 current size: 3902
[pool-90-thread-12] pick event Id=119, eMBMSSessionId=54 current size: 3901
[pool-90-thread-18] pick event Id=120, eMBMSSessionId=14 current size: 3900
pool-90-thread-10 reduces to 3899
[pool-90-thread-1] pick event Id=121, eMBMSSessionId=73 current size: 3898
[pool-90-thread-3] pick event Id=122, eMBMSSessionId=74 current size: 3897
[pool-90-thread-14] pick event Id=123, eMBMSSessionId=50 current size: 3896
[pool-90-thread-5] pick event Id=124, eMBMSSessionId=84 current size: 3895
[pool-90-thread-6] pick event Id=125, eMBMSSessionId=67 current size: 3894
[pool-90-thread-11] pick event Id=126, eMBMSSessionId=40 current size: 3893
[pool-90-thread-16] pick event Id=127, eMBMSSessionId=52 current size: 3892
[pool-90-thread-19] pick event Id=128, eMBMSSessionId=55 current size: 3891
[pool-90-thread-13] pick event Id=129, eMBMSSessionId=57 current size: 3890
[pool-90-thread-9] pick event Id=130, eMBMSSessionId=83 current size: 3889
[pool-90-thread-2] pick event Id=131, eMBMSSessionId=31 current size: 3888
[pool-90-thread-18] pick event Id=132, eMBMSSessionId=70 current size: 3887
[pool-90-thread-8] pick event Id=133, eMBMSSessionId=28 current size: 3886
[pool-90-thread-10] pick event Id=134, eMBMSSessionId=79 current size: 3885
[pool-90-thread-7] pick event Id=135, eMBMSSessionId=99 current size: 3884
[pool-90-thread-15] pick event Id=136, eMBMSSessionId=32 current size: 3883
[pool-90-thread-4] pick event Id=137, eMBMSSessionId=10 current size: 3882
[pool-90-thread-20] pick event Id=138, eMBMSSessionId=73 current size: 3881
[pool-90-thread-12] pick event Id=139, eMBMSSessionId=88 current size: 3880
[pool-90-thread-17] adds event Id=140, eMBMSSessionId=70 current size: 3880
[pool-90-thread-17] pick event Id=141, eMBMSSessionId=86 current size: 3879
[pool-90-thread-14] pick event Id=142, eMBMSSessionId=5 current size: 3878
pool-90-thread-18 reduces to 3877
[pool-90-thread-9] pick event Id=143, eMBMSSessionId=76 current size: 3876
[pool-90-thread-13] pick event Id=144, eMBMSSessionId=62 current size: 3875
[pool-90-thread-1] pick event Id=145, eMBMSSessionId=84 current size: 3874
[pool-90-thread-5] pick event Id=146, eMBMSSessionId=52 current size: 3873
[pool-90-thread-3] pick event Id=147, eMBMSSessionId=20 current size: 3872
[pool-90-thread-6] pick event Id=148, eMBMSSessionId=8 current size: 3871
[pool-90-thread-11] pick event Id=149, eMBMSSessionId=18 current size: 3870
[pool-90-thread-11] pick event Id=150, eMBMSSessionId=67 current size: 3869
[pool-90-thread-11] pick event Id=151, eMBMSSessionId=16 current size: 3868
[pool-90-thread-4] pick event Id=152, eMBMSSessionId=18 current size: 3867
[pool-90-thread-16] pick event Id=153, eMBMSSessionId=24 current size: 3866
[pool-90-thread-19] pick event Id=154, eMBMSSessionId=62 current size: 3865
[pool-90-thread-2] adds event Id=155, eMBMSSessionId=24 current size: 3865
[pool-90-thread-2] pick event Id=156, eMBMSSessionId=11 current size: 3864
[pool-90-thread-13] pick event Id=157, eMBMSSessionId=26 current size: 3863
[pool-90-thread-8] pick event Id=158, eMBMSSessionId=43 current size: 3862
[pool-90-thread-9] pick event Id=159, eMBMSSessionId=92 current size: 3861
[pool-90-thread-7] pick event Id=160, eMBMSSessionId=57 current size: 3860
[pool-90-thread-10] pick event Id=161, eMBMSSessionId=69 current size: 3859
[pool-90-thread-6] pick event Id=162, eMBMSSessionId=63 current size: 3858
[pool-90-thread-6] pick event Id=163, eMBMSSessionId=78 current size: 3857
[pool-90-thread-6] pick event Id=164, eMBMSSessionId=95 current size: 3856
[pool-90-thread-6] pick event Id=165, eMBMSSessionId=66 current size: 3855
[pool-90-thread-6] adds event Id=166, eMBMSSessionId=20 current size: 3855
[pool-90-thread-6] pick event Id=167, eMBMSSessionId=95 current size: 3854
[pool-90-thread-15] pick event Id=168, eMBMSSessionId=66 current size: 3853
pool-90-thread-3 reduces to 3852
[pool-90-thread-11] pick event Id=169, eMBMSSessionId=99 current size: 3851
pool-90-thread-16 reduces to 3850
[pool-90-thread-20] pick event Id=170, eMBMSSessionId=41 current size: 3849
[pool-90-thread-12] pick event Id=171, eMBMSSessionId=64 current size: 3848
[pool-90-thread-14] pick event Id=172, eMBMSSessionId=84 current size: 3847
[pool-90-thread-1] pick event Id=173, eMBMSSessionId=31 current size: 3846
[pool-90-thread-18] pick event Id=174, eMBMSSessionId=19 current size: 3845
[pool-90-thread-17] pick event Id=175, eMBMSSessionId=53 current size: 3844
[pool-90-thread-9] pick event Id=176, eMBMSSessionId=67 current size: 3843
[pool-90-thread-5] pick event Id=177, eMBMSSessionId=37 current size: 3842
[pool-90-thread-4] adds event Id=178, eMBMSSessionId=64 current size: 3842
pool-90-thread-12 reduces to 3841
[pool-90-thread-19] pick event Id=179, eMBMSSessionId=9 current size: 3840
[pool-90-thread-2] pick event Id=180, eMBMSSessionId=88 current size: 3839
[pool-90-thread-13] pick event Id=181, eMBMSSessionId=71 current size: 3838
[pool-90-thread-8] pick event Id=182, eMBMSSessionId=86 current size: 3837
[pool-90-thread-7] pick event Id=183, eMBMSSessionId=36 current size: 3836
[pool-90-thread-6] pick event Id=184, eMBMSSessionId=44 current size: 3835
[pool-90-thread-10] pick event Id=185, eMBMSSessionId=69 current size: 3834
[pool-90-thread-3] pick event Id=186, eMBMSSessionId=19 current size: 3833
[pool-90-thread-15] pick event Id=187, eMBMSSessionId=57 current size: 3832
[pool-90-thread-11] adds event Id=188, eMBMSSessionId=69 current size: 3832
[pool-90-thread-20] pick event Id=189, eMBMSSessionId=98 current size: 3831
[pool-90-thread-16] pick event Id=190, eMBMSSessionId=84 current size: 3830
[pool-90-thread-4] pick event Id=191, eMBMSSessionId=74 current size: 3829
[pool-90-thread-14] pick event Id=192, eMBMSSessionId=6 current size: 3828
[pool-90-thread-19] pick event Id=193, eMBMSSessionId=24 current size: 3827
[pool-90-thread-1] pick event Id=194, eMBMSSessionId=73 current size: 3826
[pool-90-thread-8] adds event Id=195, eMBMSSessionId=74 current size: 3826
[pool-90-thread-8] pick event Id=196, eMBMSSessionId=68 current size: 3825
[pool-90-thread-17] pick event Id=197, eMBMSSessionId=5 current size: 3824
[pool-90-thread-18] pick event Id=198, eMBMSSessionId=66 current size: 3823
[pool-90-thread-7] pick event Id=199, eMBMSSessionId=15 current size: 3822
pool-90-thread-10 reduces to 3821
[pool-90-thread-5] pick event Id=200, eMBMSSessionId=17 current size: 3820
[pool-90-thread-9] pick event Id=201, eMBMSSessionId=61 current size: 3819
[pool-90-thread-11] pick event Id=202, eMBMSSessionId=56 current size: 3818
[pool-90-thread-12] pick event Id=203, eMBMSSessionId=71 current size: 3817
pool-90-thread-4 reduces to 3816
[pool-90-thread-2] pick event Id=204, eMBMSSessionId=90 current size: 3815
[pool-90-thread-13] pick event Id=205, eMBMSSessionId=18 current size: 3814
[pool-90-thread-6] pick event Id=206, eMBMSSessionId=16 current size: 3813
[pool-90-thread-8] pick event Id=207, eMBMSSessionId=21 current size: 3812
[pool-90-thread-7] pick event Id=208, eMBMSSessionId=30 current size: 3811
[pool-90-thread-18] pick event Id=209, eMBMSSessionId=34 current size: 3810
[pool-90-thread-3] adds event Id=210, eMBMSSessionId=21 current size: 3810
[pool-90-thread-15] pick event Id=211, eMBMSSessionId=41 current size: 3809
[pool-90-thread-20] pick event Id=212, eMBMSSessionId=23 current size: 3808
[pool-90-thread-16] pick event Id=213, eMBMSSessionId=88 current size: 3807
[pool-90-thread-19] pick event Id=214, eMBMSSessionId=22 current size: 3806
[pool-90-thread-14] pick event Id=215, eMBMSSessionId=36 current size: 3805
[pool-90-thread-1] pick event Id=216, eMBMSSessionId=84 current size: 3804
[pool-90-thread-17] pick event Id=217, eMBMSSessionId=92 current size: 3803
pool-90-thread-8 reduces to 3802
[pool-90-thread-5] pick event Id=218, eMBMSSessionId=58 current size: 3801
[pool-90-thread-10] pick event Id=219, eMBMSSessionId=97 current size: 3800
[pool-90-thread-3] pick event Id=220, eMBMSSessionId=69 current size: 3799
[pool-90-thread-9] pick event Id=221, eMBMSSessionId=61 current size: 3798
[pool-90-thread-11] pick event Id=222, eMBMSSessionId=43 current size: 3797
[pool-90-thread-12] pick event Id=223, eMBMSSessionId=58 current size: 3796
[pool-90-thread-4] pick event Id=224, eMBMSSessionId=34 current size: 3795
[pool-90-thread-2] pick event Id=225, eMBMSSessionId=25 current size: 3794
[pool-90-thread-13] pick event Id=226, eMBMSSessionId=73 current size: 3793
[pool-90-thread-1] pick event Id=227, eMBMSSessionId=59 current size: 3792
[pool-90-thread-6] pick event Id=228, eMBMSSessionId=13 current size: 3791
[pool-90-thread-17] pick event Id=229, eMBMSSessionId=24 current size: 3790
[pool-90-thread-7] pick event Id=230, eMBMSSessionId=96 current size: 3789
[pool-90-thread-18] pick event Id=231, eMBMSSessionId=86 current size: 3788
[pool-90-thread-5] pick event Id=232, eMBMSSessionId=15 current size: 3787
[pool-90-thread-15] pick event Id=233, eMBMSSessionId=37 current size: 3786
[pool-90-thread-16] pick event Id=234, eMBMSSessionId=87 current size: 3785
[pool-90-thread-20] pick event Id=235, eMBMSSessionId=74 current size: 3784
[pool-90-thread-14] adds event Id=236, eMBMSSessionId=73 current size: 3784
[pool-90-thread-19] pick event Id=237, eMBMSSessionId=47 current size: 3783
pool-90-thread-13 reduces to 3782
[pool-90-thread-8] pick event Id=238, eMBMSSessionId=25 current size: 3781
[pool-90-thread-10] pick event Id=239, eMBMSSessionId=10 current size: 3780
[pool-90-thread-7] adds event Id=240, eMBMSSessionId=73 current size: 3780
[pool-90-thread-7] adds event Id=241, eMBMSSessionId=15 current size: 3780
[pool-90-thread-3] pick event Id=242, eMBMSSessionId=66 current size: 3779
pool-90-thread-5 reduces to 3778
[pool-90-thread-9] pick event Id=243, eMBMSSessionId=23 current size: 3777
[pool-90-thread-11] pick event Id=244, eMBMSSessionId=78 current size: 3776
[pool-90-thread-4] pick event Id=245, eMBMSSessionId=96 current size: 3775
[pool-90-thread-5] pick event Id=246, eMBMSSessionId=82 current size: 3774
[pool-90-thread-12] pick event Id=247, eMBMSSessionId=46 current size: 3773
[pool-90-thread-14] adds event Id=248, eMBMSSessionId=46 current size: 3773
[pool-90-thread-2] pick event Id=249, eMBMSSessionId=35 current size: 3772
[pool-90-thread-6] pick event Id=250, eMBMSSessionId=53 current size: 3771
[pool-90-thread-1] pick event Id=251, eMBMSSessionId=13 current size: 3770
pool-90-thread-13 reduces to 3769
[pool-90-thread-17] pick event Id=252, eMBMSSessionId=32 current size: 3768
[pool-90-thread-18] pick event Id=253, eMBMSSessionId=72 current size: 3767
[pool-90-thread-7] pick event Id=254, eMBMSSessionId=95 current size: 3766
[pool-90-thread-15] pick event Id=255, eMBMSSessionId=64 current size: 3765
[pool-90-thread-3] adds event Id=256, eMBMSSessionId=53 current size: 3765
[pool-90-thread-16] pick event Id=257, eMBMSSessionId=60 current size: 3764
[pool-90-thread-14] pick event Id=258, eMBMSSessionId=40 current size: 3763
[pool-90-thread-20] pick event Id=259, eMBMSSessionId=0 current size: 3762
pool-90-thread-12 reduces to 3761
[pool-90-thread-19] pick event Id=260, eMBMSSessionId=21 current size: 3760
pool-90-thread-6 reduces to 3759
[pool-90-thread-2] pick event Id=261, eMBMSSessionId=57 current size: 3758
[pool-90-thread-8] pick event Id=262, eMBMSSessionId=28 current size: 3757
[pool-90-thread-10] pick event Id=263, eMBMSSessionId=96 current size: 3756
[pool-90-thread-9] pick event Id=264, eMBMSSessionId=82 current size: 3755
[pool-90-thread-3] pick event Id=265, eMBMSSessionId=77 current size: 3754
[pool-90-thread-11] pick event Id=266, eMBMSSessionId=81 current size: 3753
[pool-90-thread-15] pick event Id=267, eMBMSSessionId=24 current size: 3752
[pool-90-thread-4] pick event Id=268, eMBMSSessionId=29 current size: 3751
[pool-90-thread-16] pick event Id=269, eMBMSSessionId=33 current size: 3750
[pool-90-thread-5] pick event Id=270, eMBMSSessionId=2 current size: 3749
[pool-90-thread-20] pick event Id=271, eMBMSSessionId=35 current size: 3748
[pool-90-thread-13] pick event Id=272, eMBMSSessionId=37 current size: 3747
[pool-90-thread-1] pick event Id=273, eMBMSSessionId=61 current size: 3746
[pool-90-thread-17] pick event Id=274, eMBMSSessionId=56 current size: 3745
[pool-90-thread-18] pick event Id=275, eMBMSSessionId=44 current size: 3744
[pool-90-thread-7] pick event Id=276, eMBMSSessionId=8 current size: 3743
[pool-90-thread-8] pick event Id=277, eMBMSSessionId=42 current size: 3742
[pool-90-thread-15] pick event Id=278, eMBMSSessionId=75 current size: 3741
[pool-90-thread-14] adds event Id=279, eMBMSSessionId=29 current size: 3741
[pool-90-thread-14] pick event Id=280, eMBMSSessionId=90 current size: 3740
[pool-90-thread-6] pick event Id=281, eMBMSSessionId=17 current size: 3739
[pool-90-thread-12] pick event Id=282, eMBMSSessionId=23 current size: 3738
[pool-90-thread-5] pick event Id=283, eMBMSSessionId=69 current size: 3737
[pool-90-thread-19] pick event Id=284, eMBMSSessionId=89 current size: 3736
pool-90-thread-4 reduces to 3735
[pool-90-thread-2] pick event Id=285, eMBMSSessionId=20 current size: 3734
[pool-90-thread-10] pick event Id=286, eMBMSSessionId=53 current size: 3733
[pool-90-thread-18] pick event Id=287, eMBMSSessionId=61 current size: 3732
[pool-90-thread-18] adds event Id=288, eMBMSSessionId=20 current size: 3732
[pool-90-thread-18] pick event Id=289, eMBMSSessionId=86 current size: 3731
[pool-90-thread-18] pick event Id=290, eMBMSSessionId=9 current size: 3730
[pool-90-thread-1] pick event Id=291, eMBMSSessionId=42 current size: 3729
[pool-90-thread-3] adds event Id=292, eMBMSSessionId=20 current size: 3729
[pool-90-thread-9] pick event Id=293, eMBMSSessionId=2 current size: 3728
[pool-90-thread-8] pick event Id=294, eMBMSSessionId=32 current size: 3727
[pool-90-thread-11] pick event Id=295, eMBMSSessionId=81 current size: 3726
[pool-90-thread-16] pick event Id=296, eMBMSSessionId=16 current size: 3725
[pool-90-thread-13] pick event Id=297, eMBMSSessionId=88 current size: 3724
[pool-90-thread-20] pick event Id=298, eMBMSSessionId=94 current size: 3723
[pool-90-thread-17] pick event Id=299, eMBMSSessionId=63 current size: 3722
pool-90-thread-2 reduces to 3721
[pool-90-thread-7] pick event Id=300, eMBMSSessionId=57 current size: 3720
[pool-90-thread-3] pick event Id=301, eMBMSSessionId=34 current size: 3719
[pool-90-thread-15] pick event Id=302, eMBMSSessionId=30 current size: 3718
[pool-90-thread-8] pick event Id=303, eMBMSSessionId=8 current size: 3717
[pool-90-thread-6] pick event Id=304, eMBMSSessionId=74 current size: 3716
[pool-90-thread-14] pick event Id=305, eMBMSSessionId=95 current size: 3715
[pool-90-thread-12] pick event Id=306, eMBMSSessionId=42 current size: 3714
[pool-90-thread-11] pick event Id=307, eMBMSSessionId=72 current size: 3713
[pool-90-thread-5] pick event Id=308, eMBMSSessionId=83 current size: 3712
[pool-90-thread-19] pick event Id=309, eMBMSSessionId=59 current size: 3711
[pool-90-thread-4] pick event Id=310, eMBMSSessionId=86 current size: 3710
[pool-90-thread-10] pick event Id=311, eMBMSSessionId=1 current size: 3709
pool-90-thread-2 reduces to 3708
[pool-90-thread-18] pick event Id=312, eMBMSSessionId=32 current size: 3707
[pool-90-thread-1] pick event Id=313, eMBMSSessionId=75 current size: 3706
[pool-90-thread-9] pick event Id=314, eMBMSSessionId=9 current size: 3705
[pool-90-thread-16] pick event Id=315, eMBMSSessionId=33 current size: 3704
[pool-90-thread-13] pick event Id=316, eMBMSSessionId=25 current size: 3703
[pool-90-thread-20] pick event Id=317, eMBMSSessionId=63 current size: 3702
[pool-90-thread-17] adds event Id=318, eMBMSSessionId=9 current size: 3702
[pool-90-thread-17] pick event Id=319, eMBMSSessionId=71 current size: 3701
[pool-90-thread-10] pick event Id=320, eMBMSSessionId=33 current size: 3700
[pool-90-thread-17] pick event Id=321, eMBMSSessionId=98 current size: 3699
[pool-90-thread-3] pick event Id=322, eMBMSSessionId=65 current size: 3698
[pool-90-thread-7] pick event Id=323, eMBMSSessionId=48 current size: 3697
[pool-90-thread-15] pick event Id=324, eMBMSSessionId=95 current size: 3696
pool-90-thread-9 reduces to 3695
[pool-90-thread-6] pick event Id=325, eMBMSSessionId=76 current size: 3694
[pool-90-thread-8] pick event Id=326, eMBMSSessionId=62 current size: 3693
[pool-90-thread-14] pick event Id=327, eMBMSSessionId=93 current size: 3692
[pool-90-thread-11] pick event Id=328, eMBMSSessionId=47 current size: 3691
[pool-90-thread-12] pick event Id=329, eMBMSSessionId=31 current size: 3690
[pool-90-thread-5] pick event Id=330, eMBMSSessionId=67 current size: 3689
[pool-90-thread-19] pick event Id=331, eMBMSSessionId=96 current size: 3688
[pool-90-thread-16] pick event Id=332, eMBMSSessionId=10 current size: 3687
[pool-90-thread-4] pick event Id=333, eMBMSSessionId=57 current size: 3686
[pool-90-thread-2] pick event Id=334, eMBMSSessionId=90 current size: 3685
[pool-90-thread-17] pick event Id=335, eMBMSSessionId=25 current size: 3684
[pool-90-thread-18] pick event Id=336, eMBMSSessionId=72 current size: 3683
[pool-90-thread-1] pick event Id=337, eMBMSSessionId=58 current size: 3682
[pool-90-thread-7] pick event Id=338, eMBMSSessionId=24 current size: 3681
[pool-90-thread-9] pick event Id=339, eMBMSSessionId=86 current size: 3680
[pool-90-thread-14] pick event Id=340, eMBMSSessionId=95 current size: 3679
[pool-90-thread-14] pick event Id=341, eMBMSSessionId=87 current size: 3678
[pool-90-thread-14] pick event Id=342, eMBMSSessionId=84 current size: 3677
[pool-90-thread-14] pick event Id=343, eMBMSSessionId=43 current size: 3676
[pool-90-thread-14] pick event Id=344, eMBMSSessionId=8 current size: 3675
[pool-90-thread-14] pick event Id=345, eMBMSSessionId=7 current size: 3674
[pool-90-thread-14] pick event Id=346, eMBMSSessionId=97 current size: 3673
[pool-90-thread-14] pick event Id=347, eMBMSSessionId=8 current size: 3672
[pool-90-thread-14] pick event Id=348, eMBMSSessionId=16 current size: 3671
[pool-90-thread-11] pick event Id=349, eMBMSSessionId=38 current size: 3670
[pool-90-thread-20] pick event Id=350, eMBMSSessionId=15 current size: 3669
[pool-90-thread-13] pick event Id=351, eMBMSSessionId=60 current size: 3668
[pool-90-thread-3] pick event Id=352, eMBMSSessionId=85 current size: 3667
[pool-90-thread-10] pick event Id=353, eMBMSSessionId=0 current size: 3666
[pool-90-thread-15] pick event Id=354, eMBMSSessionId=55 current size: 3665
[pool-90-thread-8] pick event Id=355, eMBMSSessionId=88 current size: 3664
[pool-90-thread-6] pick event Id=356, eMBMSSessionId=58 current size: 3663
[pool-90-thread-5] pick event Id=357, eMBMSSessionId=87 current size: 3662
[pool-90-thread-12] pick event Id=358, eMBMSSessionId=70 current size: 3661
[pool-90-thread-19] pick event Id=359, eMBMSSessionId=1 current size: 3660
[pool-90-thread-2] pick event Id=360, eMBMSSessionId=74 current size: 3659
[pool-90-thread-16] adds event Id=361, eMBMSSessionId=1 current size: 3659
[pool-90-thread-16] pick event Id=362, eMBMSSessionId=59 current size: 3658
[pool-90-thread-4] pick event Id=363, eMBMSSessionId=98 current size: 3657
[pool-90-thread-12] adds event Id=364, eMBMSSessionId=87 current size: 3657
[pool-90-thread-12] pick event Id=365, eMBMSSessionId=53 current size: 3656
[pool-90-thread-17] adds event Id=366, eMBMSSessionId=98 current size: 3656
[pool-90-thread-18] pick event Id=367, eMBMSSessionId=34 current size: 3655
[pool-90-thread-1] pick event Id=368, eMBMSSessionId=32 current size: 3654
[pool-90-thread-14] pick event Id=369, eMBMSSessionId=41 current size: 3653
[pool-90-thread-7] adds event Id=370, eMBMSSessionId=74 current size: 3653
[pool-90-thread-9] pick event Id=371, eMBMSSessionId=35 current size: 3652
[pool-90-thread-6] adds event Id=372, eMBMSSessionId=1 current size: 3652
[pool-90-thread-20] pick event Id=373, eMBMSSessionId=30 current size: 3651
[pool-90-thread-11] pick event Id=374, eMBMSSessionId=8 current size: 3650
[pool-90-thread-13] adds event Id=375, eMBMSSessionId=1 current size: 3650
[pool-90-thread-3] pick event Id=376, eMBMSSessionId=43 current size: 3649
pool-90-thread-5 reduces to 3648
[pool-90-thread-16] pick event Id=377, eMBMSSessionId=72 current size: 3647
pool-90-thread-19 reduces to 3646
[pool-90-thread-10] pick event Id=378, eMBMSSessionId=94 current size: 3645
[pool-90-thread-17] pick event Id=379, eMBMSSessionId=11 current size: 3644
pool-90-thread-4 reduces to 3643
pool-90-thread-2 reduces to 3642
[pool-90-thread-7] pick event Id=380, eMBMSSessionId=64 current size: 3641
[pool-90-thread-15] pick event Id=381, eMBMSSessionId=29 current size: 3640
[pool-90-thread-8] pick event Id=382, eMBMSSessionId=50 current size: 3639
[pool-90-thread-6] pick event Id=383, eMBMSSessionId=75 current size: 3638
[pool-90-thread-13] adds event Id=384, eMBMSSessionId=8 current size: 3638
pool-90-thread-11 reduces to 3637
[pool-90-thread-12] pick event Id=385, eMBMSSessionId=93 current size: 3636
pool-90-thread-19 reduces to 3635
[pool-90-thread-18] pick event Id=386, eMBMSSessionId=83 current size: 3634
pool-90-thread-19 reduces to 3633
[pool-90-thread-7] pick event Id=387, eMBMSSessionId=99 current size: 3632
[pool-90-thread-1] pick event Id=388, eMBMSSessionId=4 current size: 3631
[pool-90-thread-14] pick event Id=389, eMBMSSessionId=51 current size: 3630
[pool-90-thread-20] pick event Id=390, eMBMSSessionId=18 current size: 3629
[pool-90-thread-9] pick event Id=391, eMBMSSessionId=55 current size: 3628
[pool-90-thread-13] pick event Id=392, eMBMSSessionId=32 current size: 3627
[pool-90-thread-6] adds event Id=393, eMBMSSessionId=55 current size: 3627
[pool-90-thread-3] pick event Id=394, eMBMSSessionId=58 current size: 3626
[pool-90-thread-5] pick event Id=395, eMBMSSessionId=63 current size: 3625
[pool-90-thread-16] pick event Id=396, eMBMSSessionId=93 current size: 3624
[pool-90-thread-10] pick event Id=397, eMBMSSessionId=48 current size: 3623
[pool-90-thread-17] pick event Id=398, eMBMSSessionId=98 current size: 3622
[pool-90-thread-4] pick event Id=399, eMBMSSessionId=40 current size: 3621
[pool-90-thread-2] adds event Id=400, eMBMSSessionId=48 current size: 3621
pool-90-thread-10 reduces to 3620
[pool-90-thread-15] pick event Id=401, eMBMSSessionId=57 current size: 3619
[pool-90-thread-8] adds event Id=402, eMBMSSessionId=57 current size: 3619
[pool-90-thread-6] pick event Id=403, eMBMSSessionId=99 current size: 3618
pool-90-thread-9 reduces to 3617
[pool-90-thread-3] pick event Id=404, eMBMSSessionId=8 current size: 3616
[pool-90-thread-12] adds event Id=405, eMBMSSessionId=93 current size: 3616
[pool-90-thread-11] pick event Id=406, eMBMSSessionId=44 current size: 3615
pool-90-thread-16 reduces to 3614
[pool-90-thread-18] pick event Id=407, eMBMSSessionId=85 current size: 3613
[pool-90-thread-2] pick event Id=408, eMBMSSessionId=7 current size: 3612
[pool-90-thread-19] pick event Id=409, eMBMSSessionId=31 current size: 3611
[pool-90-thread-14] adds event Id=410, eMBMSSessionId=40 current size: 3611
[pool-90-thread-14] pick event Id=411, eMBMSSessionId=21 current size: 3610
pool-90-thread-4 reduces to 3609
pool-90-thread-15 reduces to 3608
[pool-90-thread-1] pick event Id=412, eMBMSSessionId=16 current size: 3607
[pool-90-thread-7] pick event Id=413, eMBMSSessionId=68 current size: 3606
[pool-90-thread-20] pick event Id=414, eMBMSSessionId=87 current size: 3605
[pool-90-thread-8] pick event Id=415, eMBMSSessionId=84 current size: 3604
[pool-90-thread-13] pick event Id=416, eMBMSSessionId=15 current size: 3603
[pool-90-thread-12] pick event Id=417, eMBMSSessionId=4 current size: 3602
[pool-90-thread-5] pick event Id=418, eMBMSSessionId=69 current size: 3601
[pool-90-thread-17] pick event Id=419, eMBMSSessionId=48 current size: 3600
[pool-90-thread-10] pick event Id=420, eMBMSSessionId=98 current size: 3599
[pool-90-thread-14] pick event Id=421, eMBMSSessionId=96 current size: 3598
[pool-90-thread-6] adds event Id=422, eMBMSSessionId=48 current size: 3598
[pool-90-thread-7] pick event Id=423, eMBMSSessionId=53 current size: 3597
[pool-90-thread-9] pick event Id=424, eMBMSSessionId=83 current size: 3596
[pool-90-thread-8] pick event Id=425, eMBMSSessionId=92 current size: 3595
[pool-90-thread-3] pick event Id=426, eMBMSSessionId=33 current size: 3594
[pool-90-thread-11] pick event Id=427, eMBMSSessionId=44 current size: 3593
[pool-90-thread-16] pick event Id=428, eMBMSSessionId=99 current size: 3592
pool-90-thread-17 reduces to 3591
[pool-90-thread-2] pick event Id=429, eMBMSSessionId=40 current size: 3590
[pool-90-thread-19] pick event Id=430, eMBMSSessionId=62 current size: 3589
[pool-90-thread-18] pick event Id=431, eMBMSSessionId=82 current size: 3588
[pool-90-thread-1] pick event Id=432, eMBMSSessionId=49 current size: 3587
[pool-90-thread-4] pick event Id=433, eMBMSSessionId=81 current size: 3586
[pool-90-thread-15] adds event Id=434, eMBMSSessionId=44 current size: 3586
[pool-90-thread-6] pick event Id=435, eMBMSSessionId=9 current size: 3585
[pool-90-thread-13] pick event Id=436, eMBMSSessionId=41 current size: 3584
[pool-90-thread-20] pick event Id=437, eMBMSSessionId=17 current size: 3583
[pool-90-thread-12] pick event Id=438, eMBMSSessionId=2 current size: 3582
[pool-90-thread-8] pick event Id=439, eMBMSSessionId=30 current size: 3581
pool-90-thread-11 reduces to 3580
[pool-90-thread-5] pick event Id=440, eMBMSSessionId=61 current size: 3579
[pool-90-thread-15] pick event Id=441, eMBMSSessionId=67 current size: 3578
[pool-90-thread-10] pick event Id=442, eMBMSSessionId=92 current size: 3577
[pool-90-thread-14] pick event Id=443, eMBMSSessionId=99 current size: 3576
[pool-90-thread-1] pick event Id=444, eMBMSSessionId=78 current size: 3575
[pool-90-thread-7] pick event Id=445, eMBMSSessionId=90 current size: 3574
[pool-90-thread-9] pick event Id=446, eMBMSSessionId=10 current size: 3573
[pool-90-thread-3] pick event Id=447, eMBMSSessionId=7 current size: 3572
[pool-90-thread-16] pick event Id=448, eMBMSSessionId=32 current size: 3571
[pool-90-thread-17] pick event Id=449, eMBMSSessionId=6 current size: 3570
[pool-90-thread-2] pick event Id=450, eMBMSSessionId=13 current size: 3569
[pool-90-thread-19] pick event Id=451, eMBMSSessionId=69 current size: 3568
[pool-90-thread-18] pick event Id=452, eMBMSSessionId=11 current size: 3567
[pool-90-thread-6] adds event Id=453, eMBMSSessionId=90 current size: 3567
[pool-90-thread-4] pick event Id=454, eMBMSSessionId=1 current size: 3566
[pool-90-thread-13] pick event Id=455, eMBMSSessionId=50 current size: 3565
pool-90-thread-7 reduces to 3564
[pool-90-thread-20] pick event Id=456, eMBMSSessionId=26 current size: 3563
[pool-90-thread-12] pick event Id=457, eMBMSSessionId=92 current size: 3562
[pool-90-thread-8] adds event Id=458, eMBMSSessionId=50 current size: 3562
[pool-90-thread-11] pick event Id=459, eMBMSSessionId=40 current size: 3561
[pool-90-thread-5] pick event Id=460, eMBMSSessionId=46 current size: 3560
[pool-90-thread-15] adds event Id=461, eMBMSSessionId=46 current size: 3560
[pool-90-thread-6] pick event Id=462, eMBMSSessionId=37 current size: 3559
[pool-90-thread-10] pick event Id=463, eMBMSSessionId=67 current size: 3558
[pool-90-thread-14] pick event Id=464, eMBMSSessionId=4 current size: 3557
pool-90-thread-13 reduces to 3556
[pool-90-thread-1] pick event Id=465, eMBMSSessionId=61 current size: 3555
[pool-90-thread-3] pick event Id=466, eMBMSSessionId=15 current size: 3554
[pool-90-thread-9] pick event Id=467, eMBMSSessionId=58 current size: 3553
[pool-90-thread-8] pick event Id=468, eMBMSSessionId=48 current size: 3552
[pool-90-thread-16] pick event Id=469, eMBMSSessionId=57 current size: 3551
[pool-90-thread-2] pick event Id=470, eMBMSSessionId=84 current size: 3550
pool-90-thread-5 reduces to 3549
[pool-90-thread-19] pick event Id=471, eMBMSSessionId=88 current size: 3548
[pool-90-thread-17] adds event Id=472, eMBMSSessionId=37 current size: 3548
[pool-90-thread-15] pick event Id=473, eMBMSSessionId=25 current size: 3547
[pool-90-thread-18] pick event Id=474, eMBMSSessionId=65 current size: 3546
pool-90-thread-6 reduces to 3545
[pool-90-thread-10] pick event Id=475, eMBMSSessionId=17 current size: 3544
[pool-90-thread-7] pick event Id=476, eMBMSSessionId=26 current size: 3543
[pool-90-thread-4] pick event Id=477, eMBMSSessionId=33 current size: 3542
[pool-90-thread-14] pick event Id=478, eMBMSSessionId=31 current size: 3541
[pool-90-thread-20] pick event Id=479, eMBMSSessionId=41 current size: 3540
[pool-90-thread-12] adds event Id=480, eMBMSSessionId=84 current size: 3540
[pool-90-thread-11] pick event Id=481, eMBMSSessionId=22 current size: 3539
pool-90-thread-2 reduces to 3538
[pool-90-thread-16] pick event Id=482, eMBMSSessionId=56 current size: 3537
[pool-90-thread-17] pick event Id=483, eMBMSSessionId=87 current size: 3536
[pool-90-thread-19] pick event Id=484, eMBMSSessionId=60 current size: 3535
[pool-90-thread-5] pick event Id=485, eMBMSSessionId=53 current size: 3534
[pool-90-thread-10] adds event Id=486, eMBMSSessionId=53 current size: 3534
[pool-90-thread-1] pick event Id=487, eMBMSSessionId=82 current size: 3533
[pool-90-thread-13] pick event Id=488, eMBMSSessionId=96 current size: 3532
[pool-90-thread-7] adds event Id=489, eMBMSSessionId=84 current size: 3532
[pool-90-thread-9] pick event Id=490, eMBMSSessionId=59 current size: 3531
[pool-90-thread-14] pick event Id=491, eMBMSSessionId=85 current size: 3530
[pool-90-thread-3] pick event Id=492, eMBMSSessionId=81 current size: 3529
[pool-90-thread-12] pick event Id=493, eMBMSSessionId=74 current size: 3528
[pool-90-thread-8] pick event Id=494, eMBMSSessionId=93 current size: 3527
pool-90-thread-2 reduces to 3526
[pool-90-thread-18] pick event Id=495, eMBMSSessionId=21 current size: 3525
[pool-90-thread-6] pick event Id=496, eMBMSSessionId=15 current size: 3524
[pool-90-thread-15] pick event Id=497, eMBMSSessionId=54 current size: 3523
[pool-90-thread-10] pick event Id=498, eMBMSSessionId=6 current size: 3522
pool-90-thread-5 reduces to 3521
[pool-90-thread-7] pick event Id=499, eMBMSSessionId=14 current size: 3520
[pool-90-thread-4] pick event Id=500, eMBMSSessionId=80 current size: 3519
[pool-90-thread-13] pick event Id=501, eMBMSSessionId=28 current size: 3518
[pool-90-thread-20] pick event Id=502, eMBMSSessionId=98 current size: 3517
[pool-90-thread-11] pick event Id=503, eMBMSSessionId=23 current size: 3516
[pool-90-thread-12] pick event Id=504, eMBMSSessionId=64 current size: 3515
[pool-90-thread-17] pick event Id=505, eMBMSSessionId=96 current size: 3514
[pool-90-thread-16] pick event Id=506, eMBMSSessionId=63 current size: 3513
[pool-90-thread-19] pick event Id=507, eMBMSSessionId=26 current size: 3512
[pool-90-thread-1] pick event Id=508, eMBMSSessionId=1 current size: 3511
[pool-90-thread-14] pick event Id=509, eMBMSSessionId=68 current size: 3510
[pool-90-thread-7] pick event Id=510, eMBMSSessionId=62 current size: 3509
[pool-90-thread-3] pick event Id=511, eMBMSSessionId=36 current size: 3508
[pool-90-thread-9] pick event Id=512, eMBMSSessionId=72 current size: 3507
[pool-90-thread-8] pick event Id=513, eMBMSSessionId=4 current size: 3506
[pool-90-thread-2] pick event Id=514, eMBMSSessionId=97 current size: 3505
[pool-90-thread-12] adds event Id=515, eMBMSSessionId=1 current size: 3505
[pool-90-thread-18] pick event Id=516, eMBMSSessionId=44 current size: 3504
[pool-90-thread-6] pick event Id=517, eMBMSSessionId=77 current size: 3503
[pool-90-thread-15] pick event Id=518, eMBMSSessionId=56 current size: 3502
pool-90-thread-1 reduces to 3501
testOverload end.
testFull begin.
[pool-91-thread-1] pick event Id=0, eMBMSSessionId=97 current size: 4998
[pool-91-thread-2] pick event Id=1, eMBMSSessionId=11 current size: 4997
[pool-91-thread-3] pick event Id=2, eMBMSSessionId=54 current size: 4996
[pool-91-thread-4] pick event Id=3, eMBMSSessionId=39 current size: 4995
[pool-91-thread-5] pick event Id=4, eMBMSSessionId=61 current size: 4994
[pool-91-thread-6] pick event Id=5, eMBMSSessionId=14 current size: 4993
[pool-91-thread-7] pick event Id=6, eMBMSSessionId=45 current size: 4992
[pool-91-thread-9] pick event Id=7, eMBMSSessionId=43 current size: 4991
[pool-91-thread-10] pick event Id=8, eMBMSSessionId=36 current size: 4990
[pool-91-thread-11] pick event Id=9, eMBMSSessionId=50 current size: 4989
[pool-91-thread-8] pick event Id=10, eMBMSSessionId=67 current size: 4988
[pool-91-thread-12] pick event Id=11, eMBMSSessionId=68 current size: 4987
[pool-91-thread-13] pick event Id=12, eMBMSSessionId=18 current size: 4986
[pool-91-thread-14] pick event Id=13, eMBMSSessionId=0 current size: 4985
[pool-91-thread-15] pick event Id=14, eMBMSSessionId=30 current size: 4984
[pool-91-thread-16] pick event Id=15, eMBMSSessionId=90 current size: 4983
[pool-91-thread-17] pick event Id=16, eMBMSSessionId=78 current size: 4982
[pool-91-thread-18] pick event Id=17, eMBMSSessionId=64 current size: 4981
[pool-91-thread-19] pick event Id=18, eMBMSSessionId=24 current size: 4980
[pool-91-thread-20] adds event Id=19, eMBMSSessionId=39 current size: 4980
[pool-91-thread-20] pick event Id=20, eMBMSSessionId=81 current size: 4979
event queue is full, will clear all data!
NbiEventCache is cleared with total events removed: 5029
testFull end.
10 times run start
testEventSequence begin.
testEventSequence end.
testSendRadomEmbmsSessionEvents begin.
testSendRadomEmbmsSessionEvents end.
testSendSameEmbmsSessionEvents begin.
testSendSameEmbmsSessionEvents end.
testSendNoSameEmbmsSessionEvents begin.
testSendNoSameEmbmsSessionEvents end.
testSendNoEmbmsSessionIdEvents begin.
testSendNoEmbmsSessionIdEvents end.
testOverload begin.
[pool-99-thread-1] pick event Id=0, eMBMSSessionId=36 current size: 4019
[pool-99-thread-2] pick event Id=1, eMBMSSessionId=28 current size: 4018
[pool-99-thread-4] pick event Id=2, eMBMSSessionId=10 current size: 4017
[pool-99-thread-3] pick event Id=3, eMBMSSessionId=31 current size: 4016
pool-99-thread-1 Discard NBI event &apos; Id=0, eMBMSSessionId=36&apos;, current queue size: 4017
pool-99-thread-2 Discard NBI event &apos; Id=1, eMBMSSessionId=28&apos;, current queue size: 4016
[pool-99-thread-5] pick event Id=4, eMBMSSessionId=80 current size: 4015
pool-99-thread-4 Discard NBI event &apos; Id=2, eMBMSSessionId=10&apos;, current queue size: 4015
[pool-99-thread-6] pick event Id=5, eMBMSSessionId=64 current size: 4014
[pool-99-thread-7] pick event Id=6, eMBMSSessionId=43 current size: 4013
pool-99-thread-3 Discard NBI event &apos; Id=3, eMBMSSessionId=31&apos;, current queue size: 4013
pool-99-thread-5 Discard NBI event &apos; Id=4, eMBMSSessionId=80&apos;, current queue size: 4013
pool-99-thread-6 Discard NBI event &apos; Id=5, eMBMSSessionId=64&apos;, current queue size: 4013
[pool-99-thread-8] adds event Id=7, eMBMSSessionId=31 current size: 4013
pool-99-thread-7 Discard NBI event &apos; Id=6, eMBMSSessionId=43&apos;, current queue size: 4013
[pool-99-thread-9] pick event Id=8, eMBMSSessionId=89 current size: 4012
pool-99-thread-3 reduces to 4011
[pool-99-thread-10] pick event Id=9, eMBMSSessionId=18 current size: 4010
pool-99-thread-3 Discard NBI event &apos; Id=7, eMBMSSessionId=31&apos;, current queue size: 4011
pool-99-thread-10 Discard NBI event &apos; Id=9, eMBMSSessionId=18&apos;, current queue size: 4010
pool-99-thread-9 Discard NBI event &apos; Id=8, eMBMSSessionId=89&apos;, current queue size: 4010
[pool-99-thread-11] pick event Id=10, eMBMSSessionId=44 current size: 4009
[pool-99-thread-12] pick event Id=11, eMBMSSessionId=98 current size: 4008
pool-99-thread-11 Discard NBI event &apos; Id=10, eMBMSSessionId=44&apos;, current queue size: 4008
[pool-99-thread-13] pick event Id=12, eMBMSSessionId=42 current size: 4007
pool-99-thread-12 Discard NBI event &apos; Id=11, eMBMSSessionId=98&apos;, current queue size: 4007
[pool-99-thread-14] pick event Id=13, eMBMSSessionId=94 current size: 4006
[pool-99-thread-19] pick event Id=14, eMBMSSessionId=8 current size: 4005
pool-99-thread-13 Discard NBI event &apos; Id=12, eMBMSSessionId=42&apos;, current queue size: 4005
pool-99-thread-14 Discard NBI event &apos; Id=13, eMBMSSessionId=94&apos;, current queue size: 4005
[pool-99-thread-15] pick event Id=15, eMBMSSessionId=11 current size: 4004
pool-99-thread-19 Discard NBI event &apos; Id=14, eMBMSSessionId=8&apos;, current queue size: 4004
pool-99-thread-15 Discard NBI event &apos; Id=15, eMBMSSessionId=11&apos;, current queue size: 4004
[pool-99-thread-16] pick event Id=16, eMBMSSessionId=27 current size: 4003
[pool-99-thread-17] pick event Id=17, eMBMSSessionId=59 current size: 4002
[pool-99-thread-18] pick event Id=18, eMBMSSessionId=73 current size: 4001
pool-99-thread-16 Discard NBI event &apos; Id=16, eMBMSSessionId=27&apos;, current queue size: 4001
[pool-99-thread-20] pick event Id=19, eMBMSSessionId=52 current size: 4000
pool-99-thread-18 Discard NBI event &apos; Id=18, eMBMSSessionId=73&apos;, current queue size: 4000
[pool-99-thread-2] pick event Id=20, eMBMSSessionId=36 current size: 3999
pool-99-thread-20 Discard NBI event &apos; Id=19, eMBMSSessionId=52&apos;, current queue size: 4000
pool-99-thread-17 Discard NBI event &apos; Id=17, eMBMSSessionId=59&apos;, current queue size: 3999
[pool-99-thread-1] pick event Id=21, eMBMSSessionId=75 current size: 3998
[pool-99-thread-4] pick event Id=22, eMBMSSessionId=55 current size: 3997
[pool-99-thread-8] pick event Id=23, eMBMSSessionId=33 current size: 3996
[pool-99-thread-5] pick event Id=24, eMBMSSessionId=19 current size: 3995
[pool-99-thread-6] pick event Id=25, eMBMSSessionId=54 current size: 3994
[pool-99-thread-7] pick event Id=26, eMBMSSessionId=50 current size: 3993
[pool-99-thread-3] pick event Id=27, eMBMSSessionId=24 current size: 3992
[pool-99-thread-10] pick event Id=28, eMBMSSessionId=17 current size: 3991
[pool-99-thread-9] pick event Id=29, eMBMSSessionId=35 current size: 3990
[pool-99-thread-11] pick event Id=30, eMBMSSessionId=41 current size: 3989
[pool-99-thread-18] pick event Id=31, eMBMSSessionId=64 current size: 3988
[pool-99-thread-12] pick event Id=32, eMBMSSessionId=47 current size: 3987
[pool-99-thread-14] pick event Id=33, eMBMSSessionId=45 current size: 3986
[pool-99-thread-13] pick event Id=34, eMBMSSessionId=27 current size: 3985
[pool-99-thread-15] pick event Id=35, eMBMSSessionId=96 current size: 3984
[pool-99-thread-19] pick event Id=36, eMBMSSessionId=31 current size: 3983
[pool-99-thread-16] pick event Id=37, eMBMSSessionId=97 current size: 3982
[pool-99-thread-5] pick event Id=38, eMBMSSessionId=92 current size: 3981
[pool-99-thread-20] pick event Id=39, eMBMSSessionId=81 current size: 3980
[pool-99-thread-2] pick event Id=40, eMBMSSessionId=32 current size: 3979
[pool-99-thread-17] pick event Id=41, eMBMSSessionId=66 current size: 3978
[pool-99-thread-4] pick event Id=42, eMBMSSessionId=16 current size: 3977
[pool-99-thread-1] pick event Id=43, eMBMSSessionId=68 current size: 3976
[pool-99-thread-6] pick event Id=44, eMBMSSessionId=20 current size: 3975
[pool-99-thread-8] pick event Id=45, eMBMSSessionId=57 current size: 3974
[pool-99-thread-7] pick event Id=46, eMBMSSessionId=23 current size: 3973
[pool-99-thread-3] pick event Id=47, eMBMSSessionId=31 current size: 3972
[pool-99-thread-9] pick event Id=48, eMBMSSessionId=46 current size: 3971
[pool-99-thread-10] pick event Id=49, eMBMSSessionId=86 current size: 3970
[pool-99-thread-11] pick event Id=50, eMBMSSessionId=21 current size: 3969
[pool-99-thread-18] pick event Id=51, eMBMSSessionId=22 current size: 3968
[pool-99-thread-12] adds event Id=52, eMBMSSessionId=31 current size: 3968
[pool-99-thread-15] adds event Id=53, eMBMSSessionId=46 current size: 3968
[pool-99-thread-14] pick event Id=54, eMBMSSessionId=26 current size: 3967
[pool-99-thread-13] pick event Id=55, eMBMSSessionId=70 current size: 3966
[pool-99-thread-19] pick event Id=56, eMBMSSessionId=87 current size: 3965
[pool-99-thread-4] pick event Id=57, eMBMSSessionId=59 current size: 3964
[pool-99-thread-5] adds event Id=58, eMBMSSessionId=46 current size: 3964
[pool-99-thread-16] adds event Id=59, eMBMSSessionId=22 current size: 3964
pool-99-thread-3 reduces to 3963
pool-99-thread-9 reduces to 3962
pool-99-thread-18 reduces to 3961
[pool-99-thread-20] pick event Id=60, eMBMSSessionId=68 current size: 3960
[pool-99-thread-12] pick event Id=61, eMBMSSessionId=3 current size: 3959
[pool-99-thread-2] pick event Id=62, eMBMSSessionId=75 current size: 3958
[pool-99-thread-15] pick event Id=63, eMBMSSessionId=38 current size: 3957
[pool-99-thread-6] pick event Id=64, eMBMSSessionId=67 current size: 3956
[pool-99-thread-7] pick event Id=65, eMBMSSessionId=27 current size: 3955
[pool-99-thread-17] pick event Id=66, eMBMSSessionId=92 current size: 3954
[pool-99-thread-8] pick event Id=67, eMBMSSessionId=33 current size: 3953
[pool-99-thread-1] pick event Id=68, eMBMSSessionId=99 current size: 3952
[pool-99-thread-5] pick event Id=69, eMBMSSessionId=11 current size: 3951
[pool-99-thread-16] pick event Id=70, eMBMSSessionId=14 current size: 3950
[pool-99-thread-10] pick event Id=71, eMBMSSessionId=82 current size: 3949
pool-99-thread-9 reduces to 3948
[pool-99-thread-11] pick event Id=72, eMBMSSessionId=6 current size: 3947
[pool-99-thread-14] pick event Id=73, eMBMSSessionId=48 current size: 3946
[pool-99-thread-13] pick event Id=74, eMBMSSessionId=5 current size: 3945
[pool-99-thread-19] pick event Id=75, eMBMSSessionId=75 current size: 3944
[pool-99-thread-3] pick event Id=76, eMBMSSessionId=40 current size: 3943
[pool-99-thread-4] pick event Id=77, eMBMSSessionId=95 current size: 3942
[pool-99-thread-10] pick event Id=78, eMBMSSessionId=45 current size: 3941
[pool-99-thread-2] pick event Id=79, eMBMSSessionId=83 current size: 3940
[pool-99-thread-18] pick event Id=80, eMBMSSessionId=39 current size: 3939
[pool-99-thread-20] pick event Id=81, eMBMSSessionId=54 current size: 3938
[pool-99-thread-15] pick event Id=82, eMBMSSessionId=79 current size: 3937
[pool-99-thread-12] pick event Id=83, eMBMSSessionId=63 current size: 3936
[pool-99-thread-6] pick event Id=84, eMBMSSessionId=98 current size: 3935
[pool-99-thread-8] pick event Id=85, eMBMSSessionId=28 current size: 3934
[pool-99-thread-17] pick event Id=86, eMBMSSessionId=31 current size: 3933
[pool-99-thread-7] pick event Id=87, eMBMSSessionId=92 current size: 3932
[pool-99-thread-1] pick event Id=88, eMBMSSessionId=46 current size: 3931
[pool-99-thread-5] adds event Id=89, eMBMSSessionId=28 current size: 3931
[pool-99-thread-16] pick event Id=90, eMBMSSessionId=74 current size: 3930
[pool-99-thread-3] pick event Id=91, eMBMSSessionId=99 current size: 3929
[pool-99-thread-9] pick event Id=92, eMBMSSessionId=50 current size: 3928
[pool-99-thread-11] pick event Id=93, eMBMSSessionId=30 current size: 3927
[pool-99-thread-14] pick event Id=94, eMBMSSessionId=36 current size: 3926
[pool-99-thread-13] pick event Id=95, eMBMSSessionId=37 current size: 3925
[pool-99-thread-12] pick event Id=96, eMBMSSessionId=91 current size: 3924
pool-99-thread-8 reduces to 3923
[pool-99-thread-5] pick event Id=97, eMBMSSessionId=52 current size: 3922
[pool-99-thread-17] pick event Id=98, eMBMSSessionId=24 current size: 3921
[pool-99-thread-19] pick event Id=99, eMBMSSessionId=38 current size: 3920
[pool-99-thread-4] pick event Id=100, eMBMSSessionId=48 current size: 3919
[pool-99-thread-10] pick event Id=101, eMBMSSessionId=13 current size: 3918
[pool-99-thread-18] pick event Id=102, eMBMSSessionId=60 current size: 3917
[pool-99-thread-20] adds event Id=103, eMBMSSessionId=50 current size: 3917
[pool-99-thread-20] pick event Id=104, eMBMSSessionId=77 current size: 3916
[pool-99-thread-20] adds event Id=105, eMBMSSessionId=37 current size: 3916
[pool-99-thread-2] pick event Id=106, eMBMSSessionId=76 current size: 3915
pool-99-thread-9 reduces to 3914
[pool-99-thread-6] pick event Id=107, eMBMSSessionId=63 current size: 3913
[pool-99-thread-15] adds event Id=108, eMBMSSessionId=38 current size: 3913
[pool-99-thread-7] pick event Id=109, eMBMSSessionId=61 current size: 3912
[pool-99-thread-11] pick event Id=110, eMBMSSessionId=99 current size: 3911
pool-99-thread-13 reduces to 3910
[pool-99-thread-1] pick event Id=111, eMBMSSessionId=15 current size: 3909
[pool-99-thread-16] pick event Id=112, eMBMSSessionId=51 current size: 3908
pool-99-thread-19 reduces to 3907
[pool-99-thread-3] pick event Id=113, eMBMSSessionId=33 current size: 3906
[pool-99-thread-4] adds event Id=114, eMBMSSessionId=51 current size: 3906
[pool-99-thread-10] pick event Id=115, eMBMSSessionId=73 current size: 3905
[pool-99-thread-20] adds event Id=116, eMBMSSessionId=63 current size: 3905
[pool-99-thread-14] pick event Id=117, eMBMSSessionId=52 current size: 3904
[pool-99-thread-15] pick event Id=118, eMBMSSessionId=27 current size: 3903
pool-99-thread-6 reduces to 3902
[pool-99-thread-12] pick event Id=119, eMBMSSessionId=50 current size: 3901
[pool-99-thread-8] pick event Id=120, eMBMSSessionId=1 current size: 3900
[pool-99-thread-5] pick event Id=121, eMBMSSessionId=66 current size: 3899
[pool-99-thread-17] pick event Id=122, eMBMSSessionId=80 current size: 3898
pool-99-thread-16 reduces to 3897
[pool-99-thread-4] pick event Id=123, eMBMSSessionId=31 current size: 3896
[pool-99-thread-18] pick event Id=124, eMBMSSessionId=81 current size: 3895
[pool-99-thread-20] adds event Id=125, eMBMSSessionId=73 current size: 3895
pool-99-thread-10 reduces to 3894
[pool-99-thread-2] pick event Id=126, eMBMSSessionId=13 current size: 3893
[pool-99-thread-9] pick event Id=127, eMBMSSessionId=46 current size: 3892
[pool-99-thread-13] pick event Id=128, eMBMSSessionId=4 current size: 3891
[pool-99-thread-7] pick event Id=129, eMBMSSessionId=23 current size: 3890
[pool-99-thread-12] pick event Id=130, eMBMSSessionId=40 current size: 3889
[pool-99-thread-11] pick event Id=131, eMBMSSessionId=75 current size: 3888
[pool-99-thread-1] adds event Id=132, eMBMSSessionId=66 current size: 3888
pool-99-thread-5 reduces to 3887
[pool-99-thread-19] pick event Id=133, eMBMSSessionId=72 current size: 3886
[pool-99-thread-3] pick event Id=134, eMBMSSessionId=62 current size: 3885
[pool-99-thread-20] pick event Id=135, eMBMSSessionId=88 current size: 3884
[pool-99-thread-4] pick event Id=136, eMBMSSessionId=81 current size: 3883
[pool-99-thread-14] pick event Id=137, eMBMSSessionId=1 current size: 3882
[pool-99-thread-15] adds event Id=138, eMBMSSessionId=62 current size: 3882
[pool-99-thread-6] adds event Id=139, eMBMSSessionId=81 current size: 3882
[pool-99-thread-8] pick event Id=140, eMBMSSessionId=54 current size: 3881
[pool-99-thread-1] pick event Id=141, eMBMSSessionId=49 current size: 3880
[pool-99-thread-17] pick event Id=142, eMBMSSessionId=39 current size: 3879
[pool-99-thread-16] pick event Id=143, eMBMSSessionId=14 current size: 3878
[pool-99-thread-18] adds event Id=144, eMBMSSessionId=14 current size: 3878
pool-99-thread-3 reduces to 3877
pool-99-thread-4 reduces to 3876
[pool-99-thread-10] pick event Id=145, eMBMSSessionId=8 current size: 3875
[pool-99-thread-2] pick event Id=146, eMBMSSessionId=41 current size: 3874
[pool-99-thread-15] pick event Id=147, eMBMSSessionId=26 current size: 3873
[pool-99-thread-6] pick event Id=148, eMBMSSessionId=87 current size: 3872
[pool-99-thread-9] pick event Id=149, eMBMSSessionId=90 current size: 3871
[pool-99-thread-7] pick event Id=150, eMBMSSessionId=9 current size: 3870
[pool-99-thread-13] pick event Id=151, eMBMSSessionId=38 current size: 3869
[pool-99-thread-12] pick event Id=152, eMBMSSessionId=72 current size: 3868
[pool-99-thread-11] pick event Id=153, eMBMSSessionId=49 current size: 3867
[pool-99-thread-5] pick event Id=154, eMBMSSessionId=0 current size: 3866
[pool-99-thread-19] pick event Id=155, eMBMSSessionId=95 current size: 3865
[pool-99-thread-18] pick event Id=156, eMBMSSessionId=40 current size: 3864
pool-99-thread-16 reduces to 3863
[pool-99-thread-20] pick event Id=157, eMBMSSessionId=75 current size: 3862
[pool-99-thread-14] pick event Id=158, eMBMSSessionId=57 current size: 3861
[pool-99-thread-15] pick event Id=159, eMBMSSessionId=60 current size: 3860
[pool-99-thread-9] pick event Id=160, eMBMSSessionId=21 current size: 3859
[pool-99-thread-8] pick event Id=161, eMBMSSessionId=39 current size: 3858
[pool-99-thread-1] pick event Id=162, eMBMSSessionId=68 current size: 3857
[pool-99-thread-17] pick event Id=163, eMBMSSessionId=96 current size: 3856
[pool-99-thread-5] pick event Id=164, eMBMSSessionId=38 current size: 3855
[pool-99-thread-3] pick event Id=165, eMBMSSessionId=43 current size: 3854
[pool-99-thread-4] pick event Id=166, eMBMSSessionId=12 current size: 3853
[pool-99-thread-10] pick event Id=167, eMBMSSessionId=9 current size: 3852
[pool-99-thread-2] pick event Id=168, eMBMSSessionId=99 current size: 3851
[pool-99-thread-7] pick event Id=169, eMBMSSessionId=0 current size: 3850
[pool-99-thread-6] pick event Id=170, eMBMSSessionId=54 current size: 3849
[pool-99-thread-13] pick event Id=171, eMBMSSessionId=27 current size: 3848
[pool-99-thread-12] pick event Id=172, eMBMSSessionId=13 current size: 3847
[pool-99-thread-11] adds event Id=173, eMBMSSessionId=54 current size: 3847
[pool-99-thread-19] pick event Id=174, eMBMSSessionId=28 current size: 3846
[pool-99-thread-16] pick event Id=175, eMBMSSessionId=57 current size: 3845
[pool-99-thread-20] pick event Id=176, eMBMSSessionId=10 current size: 3844
[pool-99-thread-18] adds event Id=177, eMBMSSessionId=43 current size: 3844
pool-99-thread-3 reduces to 3843
[pool-99-thread-5] pick event Id=178, eMBMSSessionId=60 current size: 3842
[pool-99-thread-14] pick event Id=179, eMBMSSessionId=73 current size: 3841
[pool-99-thread-9] pick event Id=180, eMBMSSessionId=6 current size: 3840
[pool-99-thread-15] adds event Id=181, eMBMSSessionId=99 current size: 3840
pool-99-thread-2 reduces to 3839
pool-99-thread-6 reduces to 3838
[pool-99-thread-8] pick event Id=182, eMBMSSessionId=25 current size: 3837
[pool-99-thread-11] pick event Id=183, eMBMSSessionId=1 current size: 3836
[pool-99-thread-1] adds event Id=184, eMBMSSessionId=54 current size: 3836
[pool-99-thread-17] pick event Id=185, eMBMSSessionId=93 current size: 3835
[pool-99-thread-18] pick event Id=186, eMBMSSessionId=68 current size: 3834
[pool-99-thread-4] pick event Id=187, eMBMSSessionId=37 current size: 3833
[pool-99-thread-10] pick event Id=188, eMBMSSessionId=22 current size: 3832
[pool-99-thread-15] pick event Id=189, eMBMSSessionId=73 current size: 3831
[pool-99-thread-7] pick event Id=190, eMBMSSessionId=28 current size: 3830
[pool-99-thread-13] pick event Id=191, eMBMSSessionId=29 current size: 3829
pool-99-thread-6 reduces to 3828
[pool-99-thread-12] pick event Id=192, eMBMSSessionId=55 current size: 3827
[pool-99-thread-1] pick event Id=193, eMBMSSessionId=98 current size: 3826
[pool-99-thread-19] pick event Id=194, eMBMSSessionId=8 current size: 3825
[pool-99-thread-11] pick event Id=195, eMBMSSessionId=46 current size: 3824
[pool-99-thread-16] pick event Id=196, eMBMSSessionId=82 current size: 3823
[pool-99-thread-18] pick event Id=197, eMBMSSessionId=91 current size: 3822
[pool-99-thread-3] adds event Id=198, eMBMSSessionId=91 current size: 3822
[pool-99-thread-20] pick event Id=199, eMBMSSessionId=53 current size: 3821
[pool-99-thread-14] pick event Id=200, eMBMSSessionId=58 current size: 3820
[pool-99-thread-5] pick event Id=201, eMBMSSessionId=43 current size: 3819
[pool-99-thread-9] pick event Id=202, eMBMSSessionId=26 current size: 3818
[pool-99-thread-2] pick event Id=203, eMBMSSessionId=95 current size: 3817
[pool-99-thread-8] pick event Id=204, eMBMSSessionId=65 current size: 3816
[pool-99-thread-17] pick event Id=205, eMBMSSessionId=61 current size: 3815
[pool-99-thread-16] pick event Id=206, eMBMSSessionId=54 current size: 3814
[pool-99-thread-3] pick event Id=207, eMBMSSessionId=71 current size: 3813
[pool-99-thread-10] pick event Id=208, eMBMSSessionId=66 current size: 3812
pool-99-thread-18 reduces to 3811
[pool-99-thread-4] pick event Id=209, eMBMSSessionId=46 current size: 3810
[pool-99-thread-15] pick event Id=210, eMBMSSessionId=57 current size: 3809
[pool-99-thread-7] pick event Id=211, eMBMSSessionId=14 current size: 3808
[pool-99-thread-14] pick event Id=212, eMBMSSessionId=73 current size: 3807
[pool-99-thread-13] adds event Id=213, eMBMSSessionId=54 current size: 3807
[pool-99-thread-9] pick event Id=214, eMBMSSessionId=75 current size: 3806
[pool-99-thread-6] adds event Id=215, eMBMSSessionId=54 current size: 3806
[pool-99-thread-12] pick event Id=216, eMBMSSessionId=92 current size: 3805
[pool-99-thread-1] pick event Id=217, eMBMSSessionId=78 current size: 3804
[pool-99-thread-19] pick event Id=218, eMBMSSessionId=82 current size: 3803
[pool-99-thread-11] pick event Id=219, eMBMSSessionId=87 current size: 3802
pool-99-thread-16 reduces to 3801
[pool-99-thread-20] pick event Id=220, eMBMSSessionId=41 current size: 3800
[pool-99-thread-5] adds event Id=221, eMBMSSessionId=78 current size: 3800
[pool-99-thread-2] pick event Id=222, eMBMSSessionId=59 current size: 3799
[pool-99-thread-13] pick event Id=223, eMBMSSessionId=98 current size: 3798
[pool-99-thread-6] pick event Id=224, eMBMSSessionId=17 current size: 3797
[pool-99-thread-8] pick event Id=225, eMBMSSessionId=18 current size: 3796
[pool-99-thread-17] pick event Id=226, eMBMSSessionId=28 current size: 3795
pool-99-thread-1 reduces to 3794
[pool-99-thread-3] pick event Id=227, eMBMSSessionId=0 current size: 3793
pool-99-thread-16 reduces to 3792
[pool-99-thread-4] pick event Id=228, eMBMSSessionId=35 current size: 3791
[pool-99-thread-10] pick event Id=229, eMBMSSessionId=79 current size: 3790
[pool-99-thread-5] pick event Id=230, eMBMSSessionId=62 current size: 3789
[pool-99-thread-15] pick event Id=231, eMBMSSessionId=39 current size: 3788
[pool-99-thread-18] pick event Id=232, eMBMSSessionId=83 current size: 3787
[pool-99-thread-7] adds event Id=233, eMBMSSessionId=59 current size: 3787
[pool-99-thread-14] pick event Id=234, eMBMSSessionId=16 current size: 3786
pool-99-thread-2 reduces to 3785
[pool-99-thread-9] pick event Id=235, eMBMSSessionId=52 current size: 3784
[pool-99-thread-12] pick event Id=236, eMBMSSessionId=91 current size: 3783
[pool-99-thread-6] pick event Id=237, eMBMSSessionId=13 current size: 3782
[pool-99-thread-19] pick event Id=238, eMBMSSessionId=2 current size: 3781
[pool-99-thread-11] pick event Id=239, eMBMSSessionId=9 current size: 3780
[pool-99-thread-20] pick event Id=240, eMBMSSessionId=96 current size: 3779
[pool-99-thread-4] pick event Id=241, eMBMSSessionId=8 current size: 3778
[pool-99-thread-7] pick event Id=242, eMBMSSessionId=24 current size: 3777
[pool-99-thread-13] pick event Id=243, eMBMSSessionId=93 current size: 3776
[pool-99-thread-8] pick event Id=244, eMBMSSessionId=46 current size: 3775
[pool-99-thread-17] pick event Id=245, eMBMSSessionId=60 current size: 3774
[pool-99-thread-1] pick event Id=246, eMBMSSessionId=71 current size: 3773
[pool-99-thread-3] pick event Id=247, eMBMSSessionId=15 current size: 3772
[pool-99-thread-16] pick event Id=248, eMBMSSessionId=29 current size: 3771
[pool-99-thread-10] adds event Id=249, eMBMSSessionId=96 current size: 3771
[pool-99-thread-10] pick event Id=250, eMBMSSessionId=31 current size: 3770
[pool-99-thread-5] adds event Id=251, eMBMSSessionId=24 current size: 3770
[pool-99-thread-15] pick event Id=252, eMBMSSessionId=36 current size: 3769
[pool-99-thread-4] pick event Id=253, eMBMSSessionId=78 current size: 3768
pool-99-thread-20 reduces to 3767
[pool-99-thread-18] pick event Id=254, eMBMSSessionId=16 current size: 3766
pool-99-thread-7 reduces to 3765
[pool-99-thread-14] pick event Id=255, eMBMSSessionId=6 current size: 3764
[pool-99-thread-9] pick event Id=256, eMBMSSessionId=32 current size: 3763
[pool-99-thread-12] adds event Id=257, eMBMSSessionId=16 current size: 3763
[pool-99-thread-12] pick event Id=258, eMBMSSessionId=51 current size: 3762
[pool-99-thread-2] adds event Id=259, eMBMSSessionId=29 current size: 3762
[pool-99-thread-6] pick event Id=260, eMBMSSessionId=14 current size: 3761
[pool-99-thread-13] pick event Id=261, eMBMSSessionId=83 current size: 3760
[pool-99-thread-8] pick event Id=262, eMBMSSessionId=93 current size: 3759
[pool-99-thread-8] pick event Id=263, eMBMSSessionId=88 current size: 3758
[pool-99-thread-8] pick event Id=264, eMBMSSessionId=62 current size: 3757
[pool-99-thread-8] pick event Id=265, eMBMSSessionId=27 current size: 3756
[pool-99-thread-8] pick event Id=266, eMBMSSessionId=90 current size: 3755
[pool-99-thread-1] adds event Id=267, eMBMSSessionId=14 current size: 3755
[pool-99-thread-1] pick event Id=268, eMBMSSessionId=79 current size: 3754
[pool-99-thread-19] pick event Id=269, eMBMSSessionId=55 current size: 3753
[pool-99-thread-3] adds event Id=270, eMBMSSessionId=55 current size: 3753
[pool-99-thread-3] pick event Id=271, eMBMSSessionId=15 current size: 3752
[pool-99-thread-3] pick event Id=272, eMBMSSessionId=76 current size: 3751
[pool-99-thread-11] pick event Id=273, eMBMSSessionId=15 current size: 3750
[pool-99-thread-5] pick event Id=274, eMBMSSessionId=77 current size: 3749
[pool-99-thread-10] pick event Id=275, eMBMSSessionId=71 current size: 3748
pool-99-thread-16 reduces to 3747
pool-99-thread-18 reduces to 3746
[pool-99-thread-4] adds event Id=276, eMBMSSessionId=14 current size: 3746
[pool-99-thread-2] pick event Id=277, eMBMSSessionId=60 current size: 3745
[pool-99-thread-12] pick event Id=278, eMBMSSessionId=10 current size: 3744
pool-99-thread-6 reduces to 3743
[pool-99-thread-1] pick event Id=279, eMBMSSessionId=85 current size: 3742
[pool-99-thread-17] pick event Id=280, eMBMSSessionId=42 current size: 3741
[pool-99-thread-1] pick event Id=281, eMBMSSessionId=91 current size: 3740
[pool-99-thread-1] pick event Id=282, eMBMSSessionId=23 current size: 3739
[pool-99-thread-1] pick event Id=283, eMBMSSessionId=88 current size: 3738
[pool-99-thread-1] pick event Id=284, eMBMSSessionId=66 current size: 3737
[pool-99-thread-3] pick event Id=285, eMBMSSessionId=46 current size: 3736
pool-99-thread-19 reduces to 3735
[pool-99-thread-19] pick event Id=286, eMBMSSessionId=85 current size: 3734
[pool-99-thread-16] pick event Id=287, eMBMSSessionId=99 current size: 3733
[pool-99-thread-15] pick event Id=288, eMBMSSessionId=63 current size: 3732
[pool-99-thread-20] pick event Id=289, eMBMSSessionId=88 current size: 3731
[pool-99-thread-15] pick event Id=290, eMBMSSessionId=19 current size: 3730
[pool-99-thread-4] pick event Id=291, eMBMSSessionId=15 current size: 3729
[pool-99-thread-7] pick event Id=292, eMBMSSessionId=61 current size: 3728
[pool-99-thread-9] pick event Id=293, eMBMSSessionId=72 current size: 3727
[pool-99-thread-14] adds event Id=294, eMBMSSessionId=88 current size: 3727
[pool-99-thread-13] pick event Id=295, eMBMSSessionId=36 current size: 3726
pool-99-thread-6 reduces to 3725
[pool-99-thread-11] pick event Id=296, eMBMSSessionId=74 current size: 3724
[pool-99-thread-8] pick event Id=297, eMBMSSessionId=22 current size: 3723
[pool-99-thread-3] pick event Id=298, eMBMSSessionId=8 current size: 3722
[pool-99-thread-10] pick event Id=299, eMBMSSessionId=97 current size: 3721
[pool-99-thread-16] pick event Id=300, eMBMSSessionId=54 current size: 3720
[pool-99-thread-16] pick event Id=301, eMBMSSessionId=62 current size: 3719
[pool-99-thread-5] pick event Id=302, eMBMSSessionId=25 current size: 3718
[pool-99-thread-18] pick event Id=303, eMBMSSessionId=60 current size: 3717
[pool-99-thread-15] pick event Id=304, eMBMSSessionId=87 current size: 3716
[pool-99-thread-15] pick event Id=305, eMBMSSessionId=26 current size: 3715
[pool-99-thread-15] pick event Id=306, eMBMSSessionId=12 current size: 3714
[pool-99-thread-15] pick event Id=307, eMBMSSessionId=98 current size: 3713
pool-99-thread-20 reduces to 3712
[pool-99-thread-4] pick event Id=308, eMBMSSessionId=86 current size: 3711
[pool-99-thread-14] adds event Id=309, eMBMSSessionId=14 current size: 3711
[pool-99-thread-2] pick event Id=310, eMBMSSessionId=79 current size: 3710
[pool-99-thread-12] pick event Id=311, eMBMSSessionId=19 current size: 3709
[pool-99-thread-17] pick event Id=312, eMBMSSessionId=26 current size: 3708
pool-99-thread-6 reduces to 3707
[pool-99-thread-1] pick event Id=313, eMBMSSessionId=59 current size: 3706
[pool-99-thread-3] pick event Id=314, eMBMSSessionId=78 current size: 3705
[pool-99-thread-16] pick event Id=315, eMBMSSessionId=67 current size: 3704
[pool-99-thread-11] pick event Id=316, eMBMSSessionId=41 current size: 3703
[pool-99-thread-10] pick event Id=317, eMBMSSessionId=73 current size: 3702
[pool-99-thread-19] pick event Id=318, eMBMSSessionId=54 current size: 3701
[pool-99-thread-5] pick event Id=319, eMBMSSessionId=10 current size: 3700
[pool-99-thread-7] adds event Id=320, eMBMSSessionId=79 current size: 3700
[pool-99-thread-7] adds event Id=321, eMBMSSessionId=14 current size: 3700
[pool-99-thread-7] pick event Id=322, eMBMSSessionId=58 current size: 3699
[pool-99-thread-15] adds event Id=323, eMBMSSessionId=78 current size: 3699
[pool-99-thread-15] pick event Id=324, eMBMSSessionId=65 current size: 3698
[pool-99-thread-14] pick event Id=325, eMBMSSessionId=17 current size: 3697
[pool-99-thread-9] pick event Id=326, eMBMSSessionId=80 current size: 3696
[pool-99-thread-20] pick event Id=327, eMBMSSessionId=38 current size: 3695
[pool-99-thread-12] pick event Id=328, eMBMSSessionId=31 current size: 3694
[pool-99-thread-13] pick event Id=329, eMBMSSessionId=28 current size: 3693
[pool-99-thread-13] pick event Id=330, eMBMSSessionId=84 current size: 3692
[pool-99-thread-13] pick event Id=331, eMBMSSessionId=77 current size: 3691
[pool-99-thread-13] pick event Id=332, eMBMSSessionId=82 current size: 3690
[pool-99-thread-13] pick event Id=333, eMBMSSessionId=90 current size: 3689
[pool-99-thread-13] pick event Id=334, eMBMSSessionId=40 current size: 3688
pool-99-thread-2 reduces to 3687
[pool-99-thread-2] adds event Id=335, eMBMSSessionId=17 current size: 3687
[pool-99-thread-2] pick event Id=336, eMBMSSessionId=9 current size: 3686
[pool-99-thread-2] pick event Id=337, eMBMSSessionId=56 current size: 3685
pool-99-thread-14 reduces to 3684
pool-99-thread-6 reduces to 3683
pool-99-thread-3 reduces to 3682
[pool-99-thread-8] pick event Id=338, eMBMSSessionId=28 current size: 3681
[pool-99-thread-4] pick event Id=339, eMBMSSessionId=84 current size: 3680
[pool-99-thread-18] pick event Id=340, eMBMSSessionId=44 current size: 3679
[pool-99-thread-17] pick event Id=341, eMBMSSessionId=27 current size: 3678
[pool-99-thread-1] pick event Id=342, eMBMSSessionId=87 current size: 3677
[pool-99-thread-14] pick event Id=343, eMBMSSessionId=18 current size: 3676
[pool-99-thread-16] pick event Id=344, eMBMSSessionId=30 current size: 3675
[pool-99-thread-11] pick event Id=345, eMBMSSessionId=79 current size: 3674
[pool-99-thread-10] pick event Id=346, eMBMSSessionId=75 current size: 3673
[pool-99-thread-19] pick event Id=347, eMBMSSessionId=2 current size: 3672
[pool-99-thread-5] pick event Id=348, eMBMSSessionId=56 current size: 3671
[pool-99-thread-15] pick event Id=349, eMBMSSessionId=68 current size: 3670
[pool-99-thread-7] pick event Id=350, eMBMSSessionId=13 current size: 3669
[pool-99-thread-9] pick event Id=351, eMBMSSessionId=78 current size: 3668
[pool-99-thread-20] pick event Id=352, eMBMSSessionId=39 current size: 3667
[pool-99-thread-12] pick event Id=353, eMBMSSessionId=34 current size: 3666
[pool-99-thread-2] pick event Id=354, eMBMSSessionId=72 current size: 3665
[pool-99-thread-13] pick event Id=355, eMBMSSessionId=4 current size: 3664
[pool-99-thread-6] adds event Id=356, eMBMSSessionId=87 current size: 3664
pool-99-thread-1 reduces to 3663
[pool-99-thread-3] pick event Id=357, eMBMSSessionId=71 current size: 3662
[pool-99-thread-8] pick event Id=358, eMBMSSessionId=48 current size: 3661
[pool-99-thread-10] pick event Id=359, eMBMSSessionId=91 current size: 3660
[pool-99-thread-4] pick event Id=360, eMBMSSessionId=23 current size: 3659
[pool-99-thread-18] adds event Id=361, eMBMSSessionId=4 current size: 3659
[pool-99-thread-17] pick event Id=362, eMBMSSessionId=80 current size: 3658
pool-99-thread-13 reduces to 3657
[pool-99-thread-6] pick event Id=363, eMBMSSessionId=27 current size: 3656
[pool-99-thread-14] pick event Id=364, eMBMSSessionId=28 current size: 3655
[pool-99-thread-11] pick event Id=365, eMBMSSessionId=20 current size: 3654
[pool-99-thread-16] pick event Id=366, eMBMSSessionId=17 current size: 3653
[pool-99-thread-19] pick event Id=367, eMBMSSessionId=66 current size: 3652
[pool-99-thread-5] pick event Id=368, eMBMSSessionId=97 current size: 3651
[pool-99-thread-18] adds event Id=369, eMBMSSessionId=27 current size: 3651
[pool-99-thread-15] pick event Id=370, eMBMSSessionId=54 current size: 3650
[pool-99-thread-7] pick event Id=371, eMBMSSessionId=24 current size: 3649
[pool-99-thread-20] pick event Id=372, eMBMSSessionId=82 current size: 3648
[pool-99-thread-9] pick event Id=373, eMBMSSessionId=98 current size: 3647
[pool-99-thread-12] adds event Id=374, eMBMSSessionId=28 current size: 3647
[pool-99-thread-2] pick event Id=375, eMBMSSessionId=34 current size: 3646
[pool-99-thread-3] pick event Id=376, eMBMSSessionId=41 current size: 3645
pool-99-thread-6 reduces to 3644
[pool-99-thread-8] pick event Id=377, eMBMSSessionId=77 current size: 3643
[pool-99-thread-1] pick event Id=378, eMBMSSessionId=40 current size: 3642
pool-99-thread-14 reduces to 3641
[pool-99-thread-10] pick event Id=379, eMBMSSessionId=31 current size: 3640
[pool-99-thread-8] pick event Id=380, eMBMSSessionId=19 current size: 3639
[pool-99-thread-18] pick event Id=381, eMBMSSessionId=66 current size: 3638
[pool-99-thread-4] pick event Id=382, eMBMSSessionId=4 current size: 3637
[pool-99-thread-13] pick event Id=383, eMBMSSessionId=52 current size: 3636
[pool-99-thread-12] pick event Id=384, eMBMSSessionId=20 current size: 3635
[pool-99-thread-17] pick event Id=385, eMBMSSessionId=76 current size: 3634
[pool-99-thread-3] pick event Id=386, eMBMSSessionId=87 current size: 3633
[pool-99-thread-11] pick event Id=387, eMBMSSessionId=98 current size: 3632
[pool-99-thread-16] pick event Id=388, eMBMSSessionId=33 current size: 3631
[pool-99-thread-19] pick event Id=389, eMBMSSessionId=25 current size: 3630
[pool-99-thread-5] pick event Id=390, eMBMSSessionId=36 current size: 3629
[pool-99-thread-7] pick event Id=391, eMBMSSessionId=39 current size: 3628
[pool-99-thread-15] pick event Id=392, eMBMSSessionId=83 current size: 3627
[pool-99-thread-9] pick event Id=393, eMBMSSessionId=32 current size: 3626
[pool-99-thread-20] pick event Id=394, eMBMSSessionId=1 current size: 3625
[pool-99-thread-12] pick event Id=395, eMBMSSessionId=93 current size: 3624
[pool-99-thread-2] pick event Id=396, eMBMSSessionId=89 current size: 3623
[pool-99-thread-6] pick event Id=397, eMBMSSessionId=51 current size: 3622
[pool-99-thread-14] pick event Id=398, eMBMSSessionId=47 current size: 3621
[pool-99-thread-1] pick event Id=399, eMBMSSessionId=27 current size: 3620
[pool-99-thread-10] pick event Id=400, eMBMSSessionId=72 current size: 3619
[pool-99-thread-8] pick event Id=401, eMBMSSessionId=17 current size: 3618
[pool-99-thread-18] pick event Id=402, eMBMSSessionId=58 current size: 3617
[pool-99-thread-19] pick event Id=403, eMBMSSessionId=50 current size: 3616
[pool-99-thread-4] pick event Id=404, eMBMSSessionId=10 current size: 3615
[pool-99-thread-13] pick event Id=405, eMBMSSessionId=80 current size: 3614
[pool-99-thread-17] pick event Id=406, eMBMSSessionId=68 current size: 3613
[pool-99-thread-3] pick event Id=407, eMBMSSessionId=79 current size: 3612
[pool-99-thread-11] pick event Id=408, eMBMSSessionId=64 current size: 3611
[pool-99-thread-16] pick event Id=409, eMBMSSessionId=55 current size: 3610
[pool-99-thread-5] pick event Id=410, eMBMSSessionId=71 current size: 3609
[pool-99-thread-7] pick event Id=411, eMBMSSessionId=52 current size: 3608
[pool-99-thread-15] pick event Id=412, eMBMSSessionId=62 current size: 3607
[pool-99-thread-9] pick event Id=413, eMBMSSessionId=67 current size: 3606
[pool-99-thread-20] pick event Id=414, eMBMSSessionId=98 current size: 3605
[pool-99-thread-12] pick event Id=415, eMBMSSessionId=0 current size: 3604
[pool-99-thread-2] pick event Id=416, eMBMSSessionId=13 current size: 3603
[pool-99-thread-6] pick event Id=417, eMBMSSessionId=4 current size: 3602
[pool-99-thread-14] pick event Id=418, eMBMSSessionId=53 current size: 3601
[pool-99-thread-17] pick event Id=419, eMBMSSessionId=29 current size: 3600
[pool-99-thread-10] pick event Id=420, eMBMSSessionId=57 current size: 3599
[pool-99-thread-18] pick event Id=421, eMBMSSessionId=75 current size: 3598
[pool-99-thread-1] pick event Id=422, eMBMSSessionId=65 current size: 3597
[pool-99-thread-8] pick event Id=423, eMBMSSessionId=81 current size: 3596
[pool-99-thread-19] pick event Id=424, eMBMSSessionId=5 current size: 3595
[pool-99-thread-4] pick event Id=425, eMBMSSessionId=10 current size: 3594
[pool-99-thread-13] pick event Id=426, eMBMSSessionId=43 current size: 3593
[pool-99-thread-3] pick event Id=427, eMBMSSessionId=77 current size: 3592
[pool-99-thread-6] pick event Id=428, eMBMSSessionId=87 current size: 3591
[pool-99-thread-11] pick event Id=429, eMBMSSessionId=64 current size: 3590
[pool-99-thread-16] pick event Id=430, eMBMSSessionId=14 current size: 3589
[pool-99-thread-5] pick event Id=431, eMBMSSessionId=15 current size: 3588
[pool-99-thread-7] pick event Id=432, eMBMSSessionId=29 current size: 3587
[pool-99-thread-9] pick event Id=433, eMBMSSessionId=55 current size: 3586
[pool-99-thread-12] pick event Id=434, eMBMSSessionId=20 current size: 3585
[pool-99-thread-20] pick event Id=435, eMBMSSessionId=2 current size: 3584
[pool-99-thread-15] pick event Id=436, eMBMSSessionId=10 current size: 3583
[pool-99-thread-14] pick event Id=437, eMBMSSessionId=36 current size: 3582
[pool-99-thread-17] pick event Id=438, eMBMSSessionId=66 current size: 3581
[pool-99-thread-2] pick event Id=439, eMBMSSessionId=0 current size: 3580
[pool-99-thread-10] pick event Id=440, eMBMSSessionId=59 current size: 3579
[pool-99-thread-18] pick event Id=441, eMBMSSessionId=54 current size: 3578
[pool-99-thread-1] pick event Id=442, eMBMSSessionId=84 current size: 3577
[pool-99-thread-8] pick event Id=443, eMBMSSessionId=68 current size: 3576
[pool-99-thread-11] pick event Id=444, eMBMSSessionId=1 current size: 3575
[pool-99-thread-19] pick event Id=445, eMBMSSessionId=72 current size: 3574
[pool-99-thread-4] pick event Id=446, eMBMSSessionId=64 current size: 3573
[pool-99-thread-13] pick event Id=447, eMBMSSessionId=89 current size: 3572
[pool-99-thread-20] pick event Id=448, eMBMSSessionId=11 current size: 3571
[pool-99-thread-3] adds event Id=449, eMBMSSessionId=1 current size: 3571
[pool-99-thread-17] pick event Id=450, eMBMSSessionId=27 current size: 3570
[pool-99-thread-6] pick event Id=451, eMBMSSessionId=0 current size: 3569
[pool-99-thread-16] pick event Id=452, eMBMSSessionId=45 current size: 3568
pool-99-thread-11 reduces to 3567
[pool-99-thread-5] pick event Id=453, eMBMSSessionId=38 current size: 3566
[pool-99-thread-7] pick event Id=454, eMBMSSessionId=74 current size: 3565
[pool-99-thread-9] pick event Id=455, eMBMSSessionId=86 current size: 3564
[pool-99-thread-12] pick event Id=456, eMBMSSessionId=81 current size: 3563
[pool-99-thread-15] pick event Id=457, eMBMSSessionId=59 current size: 3562
[pool-99-thread-14] pick event Id=458, eMBMSSessionId=18 current size: 3561
[pool-99-thread-3] adds event Id=459, eMBMSSessionId=86 current size: 3561
[pool-99-thread-2] pick event Id=460, eMBMSSessionId=71 current size: 3560
[pool-99-thread-10] pick event Id=461, eMBMSSessionId=78 current size: 3559
[pool-99-thread-18] pick event Id=462, eMBMSSessionId=67 current size: 3558
[pool-99-thread-17] pick event Id=463, eMBMSSessionId=50 current size: 3557
[pool-99-thread-1] pick event Id=464, eMBMSSessionId=9 current size: 3556
[pool-99-thread-8] pick event Id=465, eMBMSSessionId=65 current size: 3555
[pool-99-thread-19] pick event Id=466, eMBMSSessionId=0 current size: 3554
[pool-99-thread-16] pick event Id=467, eMBMSSessionId=20 current size: 3553
[pool-99-thread-4] pick event Id=468, eMBMSSessionId=44 current size: 3552
pool-99-thread-9 reduces to 3551
[pool-99-thread-13] pick event Id=469, eMBMSSessionId=19 current size: 3550
[pool-99-thread-3] adds event Id=470, eMBMSSessionId=19 current size: 3550
[pool-99-thread-3] pick event Id=471, eMBMSSessionId=26 current size: 3549
[pool-99-thread-20] pick event Id=472, eMBMSSessionId=5 current size: 3548
[pool-99-thread-6] pick event Id=473, eMBMSSessionId=87 current size: 3547
[pool-99-thread-5] pick event Id=474, eMBMSSessionId=53 current size: 3546
[pool-99-thread-11] pick event Id=475, eMBMSSessionId=11 current size: 3545
[pool-99-thread-7] pick event Id=476, eMBMSSessionId=56 current size: 3544
[pool-99-thread-12] adds event Id=477, eMBMSSessionId=56 current size: 3544
[pool-99-thread-9] pick event Id=478, eMBMSSessionId=0 current size: 3543
pool-99-thread-13 reduces to 3542
[pool-99-thread-14] pick event Id=479, eMBMSSessionId=44 current size: 3541
[pool-99-thread-15] pick event Id=480, eMBMSSessionId=58 current size: 3540
[pool-99-thread-2] pick event Id=481, eMBMSSessionId=85 current size: 3539
[pool-99-thread-10] adds event Id=482, eMBMSSessionId=53 current size: 3539
[pool-99-thread-18] pick event Id=483, eMBMSSessionId=50 current size: 3538
[pool-99-thread-3] pick event Id=484, eMBMSSessionId=31 current size: 3537
[pool-99-thread-17] adds event Id=485, eMBMSSessionId=53 current size: 3537
[pool-99-thread-1] pick event Id=486, eMBMSSessionId=59 current size: 3536
pool-99-thread-5 reduces to 3535
[pool-99-thread-19] pick event Id=487, eMBMSSessionId=97 current size: 3534
[pool-99-thread-8] pick event Id=488, eMBMSSessionId=94 current size: 3533
pool-99-thread-7 reduces to 3532
[pool-99-thread-16] pick event Id=489, eMBMSSessionId=71 current size: 3531
[pool-99-thread-4] pick event Id=490, eMBMSSessionId=78 current size: 3530
[pool-99-thread-12] pick event Id=491, eMBMSSessionId=84 current size: 3529
[pool-99-thread-20] adds event Id=492, eMBMSSessionId=94 current size: 3529
[pool-99-thread-10] pick event Id=493, eMBMSSessionId=9 current size: 3528
[pool-99-thread-17] pick event Id=494, eMBMSSessionId=89 current size: 3527
[pool-99-thread-3] adds event Id=495, eMBMSSessionId=78 current size: 3527
[pool-99-thread-6] pick event Id=496, eMBMSSessionId=39 current size: 3526
[pool-99-thread-11] pick event Id=497, eMBMSSessionId=87 current size: 3525
pool-99-thread-5 reduces to 3524
pool-99-thread-8 reduces to 3523
pool-99-thread-4 reduces to 3522
[pool-99-thread-9] pick event Id=498, eMBMSSessionId=57 current size: 3521
[pool-99-thread-13] pick event Id=499, eMBMSSessionId=17 current size: 3520
[pool-99-thread-2] pick event Id=500, eMBMSSessionId=10 current size: 3519
[pool-99-thread-20] pick event Id=501, eMBMSSessionId=12 current size: 3518
[pool-99-thread-14] pick event Id=502, eMBMSSessionId=86 current size: 3517
[pool-99-thread-15] pick event Id=503, eMBMSSessionId=8 current size: 3516
[pool-99-thread-18] pick event Id=504, eMBMSSessionId=50 current size: 3515
[pool-99-thread-10] pick event Id=505, eMBMSSessionId=4 current size: 3514
[pool-99-thread-3] pick event Id=506, eMBMSSessionId=64 current size: 3513
[pool-99-thread-1] pick event Id=507, eMBMSSessionId=85 current size: 3512
[pool-99-thread-19] pick event Id=508, eMBMSSessionId=19 current size: 3511
[pool-99-thread-7] pick event Id=509, eMBMSSessionId=44 current size: 3510
[pool-99-thread-16] pick event Id=510, eMBMSSessionId=92 current size: 3509
[pool-99-thread-12] pick event Id=511, eMBMSSessionId=61 current size: 3508
[pool-99-thread-2] pick event Id=512, eMBMSSessionId=57 current size: 3507
[pool-99-thread-17] pick event Id=513, eMBMSSessionId=98 current size: 3506
[pool-99-thread-6] pick event Id=514, eMBMSSessionId=63 current size: 3505
[pool-99-thread-11] pick event Id=515, eMBMSSessionId=58 current size: 3504
[pool-99-thread-8] pick event Id=516, eMBMSSessionId=54 current size: 3503
[pool-99-thread-5] pick event Id=517, eMBMSSessionId=45 current size: 3502
[pool-99-thread-9] pick event Id=518, eMBMSSessionId=8 current size: 3501
testOverload end.
testFull begin.
[pool-100-thread-1] pick event Id=0, eMBMSSessionId=92 current size: 4998
[pool-100-thread-2] pick event Id=1, eMBMSSessionId=26 current size: 4997
[pool-100-thread-4] pick event Id=2, eMBMSSessionId=71 current size: 4996
[pool-100-thread-5] pick event Id=3, eMBMSSessionId=90 current size: 4995
[pool-100-thread-3] pick event Id=4, eMBMSSessionId=42 current size: 4994
[pool-100-thread-6] pick event Id=5, eMBMSSessionId=61 current size: 4993
[pool-100-thread-7] pick event Id=6, eMBMSSessionId=83 current size: 4992
[pool-100-thread-8] pick event Id=7, eMBMSSessionId=97 current size: 4991
[pool-100-thread-9] pick event Id=8, eMBMSSessionId=33 current size: 4990
[pool-100-thread-10] pick event Id=9, eMBMSSessionId=47 current size: 4989
[pool-100-thread-11] pick event Id=10, eMBMSSessionId=19 current size: 4988
[pool-100-thread-12] pick event Id=11, eMBMSSessionId=31 current size: 4987
[pool-100-thread-13] pick event Id=12, eMBMSSessionId=63 current size: 4986
[pool-100-thread-14] pick event Id=13, eMBMSSessionId=53 current size: 4985
[pool-100-thread-15] pick event Id=14, eMBMSSessionId=6 current size: 4984
[pool-100-thread-16] pick event Id=15, eMBMSSessionId=69 current size: 4983
[pool-100-thread-17] pick event Id=16, eMBMSSessionId=50 current size: 4982
[pool-100-thread-18] pick event Id=17, eMBMSSessionId=34 current size: 4981
[pool-100-thread-19] pick event Id=18, eMBMSSessionId=18 current size: 4980
[pool-100-thread-20] pick event Id=19, eMBMSSessionId=54 current size: 4979
event queue is full, will clear all data!
NbiEventCache is cleared with total events removed: 5029
testFull end.
11 times run start
testEventSequence begin.
testEventSequence end.
testSendRadomEmbmsSessionEvents begin.
testSendRadomEmbmsSessionEvents end.
testSendSameEmbmsSessionEvents begin.
testSendSameEmbmsSessionEvents end.
testSendNoSameEmbmsSessionEvents begin.
testSendNoSameEmbmsSessionEvents end.
testSendNoEmbmsSessionIdEvents begin.
testSendNoEmbmsSessionIdEvents end.
testOverload begin.
[pool-108-thread-1] pick event Id=0, eMBMSSessionId=49 current size: 4019
[pool-108-thread-2] pick event Id=1, eMBMSSessionId=43 current size: 4018
[pool-108-thread-4] pick event Id=2, eMBMSSessionId=53 current size: 4017
pool-108-thread-4 Discard NBI event &apos; Id=2, eMBMSSessionId=53&apos;, current queue size: 4017
pool-108-thread-2 Discard NBI event &apos; Id=1, eMBMSSessionId=43&apos;, current queue size: 4017
[pool-108-thread-3] pick event Id=3, eMBMSSessionId=8 current size: 4016
[pool-108-thread-7] pick event Id=4, eMBMSSessionId=35 current size: 4015
[pool-108-thread-6] pick event Id=5, eMBMSSessionId=66 current size: 4014
pool-108-thread-3 Discard NBI event &apos; Id=3, eMBMSSessionId=8&apos;, current queue size: 4014
pool-108-thread-1 Discard NBI event &apos; Id=0, eMBMSSessionId=49&apos;, current queue size: 4014
[pool-108-thread-5] pick event Id=6, eMBMSSessionId=27 current size: 4013
[pool-108-thread-8] pick event Id=7, eMBMSSessionId=34 current size: 4012
pool-108-thread-6 Discard NBI event &apos; Id=5, eMBMSSessionId=66&apos;, current queue size: 4012
pool-108-thread-7 Discard NBI event &apos; Id=4, eMBMSSessionId=35&apos;, current queue size: 4012
[pool-108-thread-9] pick event Id=8, eMBMSSessionId=36 current size: 4011
pool-108-thread-5 Discard NBI event &apos; Id=6, eMBMSSessionId=27&apos;, current queue size: 4011
pool-108-thread-8 Discard NBI event &apos; Id=7, eMBMSSessionId=34&apos;, current queue size: 4011
[pool-108-thread-10] pick event Id=9, eMBMSSessionId=41 current size: 4010
pool-108-thread-9 Discard NBI event &apos; Id=8, eMBMSSessionId=36&apos;, current queue size: 4010
pool-108-thread-10 Discard NBI event &apos; Id=9, eMBMSSessionId=41&apos;, current queue size: 4010
[pool-108-thread-11] pick event Id=10, eMBMSSessionId=26 current size: 4009
pool-108-thread-11 Discard NBI event &apos; Id=10, eMBMSSessionId=26&apos;, current queue size: 4009
[pool-108-thread-12] pick event Id=11, eMBMSSessionId=18 current size: 4008
[pool-108-thread-13] adds event Id=12, eMBMSSessionId=26 current size: 4008
pool-108-thread-12 Discard NBI event &apos; Id=11, eMBMSSessionId=18&apos;, current queue size: 4008
[pool-108-thread-14] pick event Id=13, eMBMSSessionId=58 current size: 4007
[pool-108-thread-3] pick event Id=14, eMBMSSessionId=25 current size: 4006
pool-108-thread-14 Discard NBI event &apos; Id=13, eMBMSSessionId=58&apos;, current queue size: 4006
[pool-108-thread-15] pick event Id=15, eMBMSSessionId=54 current size: 4005
[pool-108-thread-16] adds event Id=16, eMBMSSessionId=54 current size: 4005
pool-108-thread-15 Discard NBI event &apos; Id=15, eMBMSSessionId=54&apos;, current queue size: 4005
[pool-108-thread-17] pick event Id=17, eMBMSSessionId=19 current size: 4004
[pool-108-thread-18] pick event Id=18, eMBMSSessionId=61 current size: 4003
pool-108-thread-17 Discard NBI event &apos; Id=17, eMBMSSessionId=19&apos;, current queue size: 4003
pool-108-thread-3 Discard NBI event &apos; Id=14, eMBMSSessionId=25&apos;, current queue size: 4003
[pool-108-thread-19] pick event Id=19, eMBMSSessionId=31 current size: 4002
pool-108-thread-18 Discard NBI event &apos; Id=18, eMBMSSessionId=61&apos;, current queue size: 4003
[pool-108-thread-2] pick event Id=20, eMBMSSessionId=14 current size: 4001
pool-108-thread-19 Discard NBI event &apos; Id=19, eMBMSSessionId=31&apos;, current queue size: 4001
[pool-108-thread-8] pick event Id=21, eMBMSSessionId=28 current size: 4000
pool-108-thread-2 Discard NBI event &apos; Id=20, eMBMSSessionId=14&apos;, current queue size: 4000
[pool-108-thread-20] pick event Id=22, eMBMSSessionId=20 current size: 3999
pool-108-thread-8 Discard NBI event &apos; Id=21, eMBMSSessionId=28&apos;, current queue size: 3999
pool-108-thread-11 reduces to 3998
[pool-108-thread-4] pick event Id=23, eMBMSSessionId=75 current size: 3997
[pool-108-thread-1] pick event Id=24, eMBMSSessionId=33 current size: 3996
[pool-108-thread-6] pick event Id=25, eMBMSSessionId=35 current size: 3995
[pool-108-thread-7] pick event Id=26, eMBMSSessionId=12 current size: 3994
pool-108-thread-15 reduces to 3993
[pool-108-thread-10] pick event Id=27, eMBMSSessionId=45 current size: 3992
[pool-108-thread-5] pick event Id=28, eMBMSSessionId=88 current size: 3991
[pool-108-thread-13] adds event Id=29, eMBMSSessionId=54 current size: 3991
[pool-108-thread-17] pick event Id=30, eMBMSSessionId=70 current size: 3990
[pool-108-thread-16] pick event Id=31, eMBMSSessionId=94 current size: 3989
[pool-108-thread-9] pick event Id=32, eMBMSSessionId=6 current size: 3988
[pool-108-thread-12] pick event Id=33, eMBMSSessionId=89 current size: 3987
[pool-108-thread-20] adds event Id=34, eMBMSSessionId=88 current size: 3987
[pool-108-thread-8] pick event Id=35, eMBMSSessionId=27 current size: 3986
[pool-108-thread-4] pick event Id=36, eMBMSSessionId=41 current size: 3985
[pool-108-thread-14] pick event Id=37, eMBMSSessionId=80 current size: 3984
pool-108-thread-15 reduces to 3983
[pool-108-thread-18] pick event Id=38, eMBMSSessionId=43 current size: 3982
[pool-108-thread-7] pick event Id=39, eMBMSSessionId=32 current size: 3981
pool-108-thread-5 reduces to 3980
[pool-108-thread-13] pick event Id=40, eMBMSSessionId=44 current size: 3979
[pool-108-thread-3] pick event Id=41, eMBMSSessionId=26 current size: 3978
[pool-108-thread-19] pick event Id=42, eMBMSSessionId=63 current size: 3977
[pool-108-thread-2] pick event Id=43, eMBMSSessionId=31 current size: 3976
[pool-108-thread-20] pick event Id=44, eMBMSSessionId=8 current size: 3975
[pool-108-thread-11] pick event Id=45, eMBMSSessionId=49 current size: 3974
[pool-108-thread-12] pick event Id=46, eMBMSSessionId=17 current size: 3973
[pool-108-thread-8] pick event Id=47, eMBMSSessionId=10 current size: 3972
[pool-108-thread-4] pick event Id=48, eMBMSSessionId=3 current size: 3971
[pool-108-thread-1] adds event Id=49, eMBMSSessionId=8 current size: 3971
[pool-108-thread-1] pick event Id=50, eMBMSSessionId=14 current size: 3970
[pool-108-thread-6] pick event Id=51, eMBMSSessionId=60 current size: 3969
[pool-108-thread-10] pick event Id=52, eMBMSSessionId=65 current size: 3968
[pool-108-thread-16] pick event Id=53, eMBMSSessionId=91 current size: 3967
[pool-108-thread-17] pick event Id=54, eMBMSSessionId=2 current size: 3966
[pool-108-thread-2] pick event Id=55, eMBMSSessionId=74 current size: 3965
[pool-108-thread-9] pick event Id=56, eMBMSSessionId=26 current size: 3964
pool-108-thread-20 reduces to 3963
[pool-108-thread-15] pick event Id=57, eMBMSSessionId=9 current size: 3962
[pool-108-thread-11] pick event Id=58, eMBMSSessionId=20 current size: 3961
[pool-108-thread-14] pick event Id=59, eMBMSSessionId=95 current size: 3960
[pool-108-thread-18] pick event Id=60, eMBMSSessionId=50 current size: 3959
[pool-108-thread-7] pick event Id=61, eMBMSSessionId=61 current size: 3958
[pool-108-thread-13] pick event Id=62, eMBMSSessionId=54 current size: 3957
[pool-108-thread-5] pick event Id=63, eMBMSSessionId=5 current size: 3956
[pool-108-thread-3] pick event Id=64, eMBMSSessionId=3 current size: 3955
[pool-108-thread-19] pick event Id=65, eMBMSSessionId=11 current size: 3954
[pool-108-thread-12] pick event Id=66, eMBMSSessionId=49 current size: 3953
[pool-108-thread-2] pick event Id=67, eMBMSSessionId=99 current size: 3952
[pool-108-thread-8] pick event Id=68, eMBMSSessionId=32 current size: 3951
[pool-108-thread-4] pick event Id=69, eMBMSSessionId=81 current size: 3950
[pool-108-thread-15] pick event Id=70, eMBMSSessionId=41 current size: 3949
[pool-108-thread-6] pick event Id=71, eMBMSSessionId=48 current size: 3948
[pool-108-thread-1] pick event Id=72, eMBMSSessionId=51 current size: 3947
[pool-108-thread-16] pick event Id=73, eMBMSSessionId=38 current size: 3946
[pool-108-thread-17] pick event Id=74, eMBMSSessionId=83 current size: 3945
[pool-108-thread-10] pick event Id=75, eMBMSSessionId=22 current size: 3944
[pool-108-thread-9] pick event Id=76, eMBMSSessionId=33 current size: 3943
[pool-108-thread-20] pick event Id=77, eMBMSSessionId=36 current size: 3942
[pool-108-thread-11] pick event Id=78, eMBMSSessionId=1 current size: 3941
[pool-108-thread-18] pick event Id=79, eMBMSSessionId=29 current size: 3940
[pool-108-thread-14] pick event Id=80, eMBMSSessionId=11 current size: 3939
[pool-108-thread-15] pick event Id=81, eMBMSSessionId=96 current size: 3938
[pool-108-thread-5] pick event Id=82, eMBMSSessionId=72 current size: 3937
[pool-108-thread-13] pick event Id=83, eMBMSSessionId=74 current size: 3936
[pool-108-thread-7] adds event Id=84, eMBMSSessionId=1 current size: 3936
[pool-108-thread-3] pick event Id=85, eMBMSSessionId=46 current size: 3935
[pool-108-thread-19] pick event Id=86, eMBMSSessionId=34 current size: 3934
[pool-108-thread-8] pick event Id=87, eMBMSSessionId=21 current size: 3933
[pool-108-thread-12] pick event Id=88, eMBMSSessionId=15 current size: 3932
[pool-108-thread-2] pick event Id=89, eMBMSSessionId=25 current size: 3931
[pool-108-thread-4] pick event Id=90, eMBMSSessionId=86 current size: 3930
[pool-108-thread-18] pick event Id=91, eMBMSSessionId=99 current size: 3929
[pool-108-thread-6] pick event Id=92, eMBMSSessionId=4 current size: 3928
[pool-108-thread-1] pick event Id=93, eMBMSSessionId=33 current size: 3927
pool-108-thread-11 reduces to 3926
[pool-108-thread-14] pick event Id=94, eMBMSSessionId=51 current size: 3925
[pool-108-thread-7] pick event Id=95, eMBMSSessionId=69 current size: 3924
[pool-108-thread-3] pick event Id=96, eMBMSSessionId=42 current size: 3923
[pool-108-thread-16] pick event Id=97, eMBMSSessionId=68 current size: 3922
[pool-108-thread-10] pick event Id=98, eMBMSSessionId=44 current size: 3921
[pool-108-thread-17] pick event Id=99, eMBMSSessionId=78 current size: 3920
[pool-108-thread-20] pick event Id=100, eMBMSSessionId=29 current size: 3919
[pool-108-thread-9] pick event Id=101, eMBMSSessionId=28 current size: 3918
[pool-108-thread-18] pick event Id=102, eMBMSSessionId=43 current size: 3917
[pool-108-thread-18] pick event Id=103, eMBMSSessionId=67 current size: 3916
[pool-108-thread-18] pick event Id=104, eMBMSSessionId=96 current size: 3915
[pool-108-thread-18] pick event Id=105, eMBMSSessionId=20 current size: 3914
[pool-108-thread-15] pick event Id=106, eMBMSSessionId=71 current size: 3913
[pool-108-thread-5] pick event Id=107, eMBMSSessionId=97 current size: 3912
[pool-108-thread-13] pick event Id=108, eMBMSSessionId=61 current size: 3911
[pool-108-thread-8] pick event Id=109, eMBMSSessionId=1 current size: 3910
[pool-108-thread-19] pick event Id=110, eMBMSSessionId=5 current size: 3909
[pool-108-thread-17] pick event Id=111, eMBMSSessionId=47 current size: 3908
[pool-108-thread-12] pick event Id=112, eMBMSSessionId=30 current size: 3907
[pool-108-thread-2] pick event Id=113, eMBMSSessionId=0 current size: 3906
[pool-108-thread-1] pick event Id=114, eMBMSSessionId=15 current size: 3905
[pool-108-thread-6] pick event Id=115, eMBMSSessionId=75 current size: 3904
[pool-108-thread-4] pick event Id=116, eMBMSSessionId=48 current size: 3903
[pool-108-thread-11] pick event Id=117, eMBMSSessionId=46 current size: 3902
[pool-108-thread-14] pick event Id=118, eMBMSSessionId=62 current size: 3901
[pool-108-thread-7] pick event Id=119, eMBMSSessionId=84 current size: 3900
[pool-108-thread-18] pick event Id=120, eMBMSSessionId=21 current size: 3899
[pool-108-thread-15] pick event Id=121, eMBMSSessionId=93 current size: 3898
[pool-108-thread-3] pick event Id=122, eMBMSSessionId=33 current size: 3897
[pool-108-thread-16] pick event Id=123, eMBMSSessionId=39 current size: 3896
[pool-108-thread-10] adds event Id=124, eMBMSSessionId=47 current size: 3896
pool-108-thread-17 reduces to 3895
[pool-108-thread-9] adds event Id=125, eMBMSSessionId=93 current size: 3895
[pool-108-thread-20] pick event Id=126, eMBMSSessionId=22 current size: 3894
[pool-108-thread-5] pick event Id=127, eMBMSSessionId=66 current size: 3893
pool-108-thread-15 reduces to 3892
[pool-108-thread-3] pick event Id=128, eMBMSSessionId=95 current size: 3891
[pool-108-thread-3] pick event Id=129, eMBMSSessionId=62 current size: 3890
[pool-108-thread-3] pick event Id=130, eMBMSSessionId=11 current size: 3889
[pool-108-thread-3] pick event Id=131, eMBMSSessionId=5 current size: 3888
[pool-108-thread-13] pick event Id=132, eMBMSSessionId=20 current size: 3887
[pool-108-thread-16] pick event Id=133, eMBMSSessionId=33 current size: 3886
[pool-108-thread-10] pick event Id=134, eMBMSSessionId=55 current size: 3885
[pool-108-thread-8] pick event Id=135, eMBMSSessionId=52 current size: 3884
[pool-108-thread-19] pick event Id=136, eMBMSSessionId=7 current size: 3883
[pool-108-thread-2] pick event Id=137, eMBMSSessionId=62 current size: 3882
[pool-108-thread-9] pick event Id=138, eMBMSSessionId=3 current size: 3881
[pool-108-thread-12] pick event Id=139, eMBMSSessionId=34 current size: 3880
[pool-108-thread-1] pick event Id=140, eMBMSSessionId=68 current size: 3879
[pool-108-thread-6] pick event Id=141, eMBMSSessionId=50 current size: 3878
[pool-108-thread-4] pick event Id=142, eMBMSSessionId=61 current size: 3877
[pool-108-thread-14] pick event Id=143, eMBMSSessionId=77 current size: 3876
[pool-108-thread-18] adds event Id=144, eMBMSSessionId=68 current size: 3876
[pool-108-thread-18] pick event Id=145, eMBMSSessionId=11 current size: 3875
[pool-108-thread-11] adds event Id=146, eMBMSSessionId=33 current size: 3875
[pool-108-thread-11] pick event Id=147, eMBMSSessionId=54 current size: 3874
[pool-108-thread-11] pick event Id=148, eMBMSSessionId=23 current size: 3873
[pool-108-thread-15] pick event Id=149, eMBMSSessionId=42 current size: 3872
[pool-108-thread-5] pick event Id=150, eMBMSSessionId=8 current size: 3871
[pool-108-thread-7] pick event Id=151, eMBMSSessionId=96 current size: 3870
pool-108-thread-16 reduces to 3869
[pool-108-thread-13] adds event Id=152, eMBMSSessionId=7 current size: 3869
[pool-108-thread-2] pick event Id=153, eMBMSSessionId=78 current size: 3868
[pool-108-thread-13] pick event Id=154, eMBMSSessionId=9 current size: 3867
pool-108-thread-19 reduces to 3866
[pool-108-thread-17] pick event Id=155, eMBMSSessionId=49 current size: 3865
[pool-108-thread-20] pick event Id=156, eMBMSSessionId=18 current size: 3864
pool-108-thread-1 reduces to 3863
[pool-108-thread-15] pick event Id=157, eMBMSSessionId=55 current size: 3862
[pool-108-thread-3] pick event Id=158, eMBMSSessionId=36 current size: 3861
[pool-108-thread-10] pick event Id=159, eMBMSSessionId=81 current size: 3860
[pool-108-thread-6] pick event Id=160, eMBMSSessionId=96 current size: 3859
[pool-108-thread-8] pick event Id=161, eMBMSSessionId=70 current size: 3858
[pool-108-thread-9] pick event Id=162, eMBMSSessionId=47 current size: 3857
[pool-108-thread-12] pick event Id=163, eMBMSSessionId=92 current size: 3856
[pool-108-thread-4] adds event Id=164, eMBMSSessionId=92 current size: 3856
[pool-108-thread-4] pick event Id=165, eMBMSSessionId=5 current size: 3855
[pool-108-thread-14] pick event Id=166, eMBMSSessionId=91 current size: 3854
[pool-108-thread-18] pick event Id=167, eMBMSSessionId=39 current size: 3853
[pool-108-thread-11] pick event Id=168, eMBMSSessionId=1 current size: 3852
[pool-108-thread-5] adds event Id=169, eMBMSSessionId=1 current size: 3852
[pool-108-thread-7] pick event Id=170, eMBMSSessionId=66 current size: 3851
[pool-108-thread-16] pick event Id=171, eMBMSSessionId=95 current size: 3850
[pool-108-thread-2] pick event Id=172, eMBMSSessionId=86 current size: 3849
[pool-108-thread-17] pick event Id=173, eMBMSSessionId=2 current size: 3848
[pool-108-thread-19] pick event Id=174, eMBMSSessionId=77 current size: 3847
[pool-108-thread-13] adds event Id=175, eMBMSSessionId=66 current size: 3847
[pool-108-thread-6] pick event Id=176, eMBMSSessionId=42 current size: 3846
[pool-108-thread-17] pick event Id=177, eMBMSSessionId=3 current size: 3845
[pool-108-thread-8] pick event Id=178, eMBMSSessionId=93 current size: 3844
[pool-108-thread-4] pick event Id=179, eMBMSSessionId=58 current size: 3843
pool-108-thread-12 reduces to 3842
[pool-108-thread-20] pick event Id=180, eMBMSSessionId=26 current size: 3841
[pool-108-thread-1] pick event Id=181, eMBMSSessionId=34 current size: 3840
[pool-108-thread-5] adds event Id=182, eMBMSSessionId=42 current size: 3840
pool-108-thread-11 reduces to 3839
[pool-108-thread-14] pick event Id=183, eMBMSSessionId=88 current size: 3838
[pool-108-thread-18] pick event Id=184, eMBMSSessionId=33 current size: 3837
[pool-108-thread-15] pick event Id=185, eMBMSSessionId=43 current size: 3836
pool-108-thread-7 reduces to 3835
[pool-108-thread-16] pick event Id=186, eMBMSSessionId=52 current size: 3834
[pool-108-thread-10] adds event Id=187, eMBMSSessionId=34 current size: 3834
[pool-108-thread-3] pick event Id=188, eMBMSSessionId=35 current size: 3833
[pool-108-thread-13] adds event Id=189, eMBMSSessionId=42 current size: 3833
pool-108-thread-6 reduces to 3832
[pool-108-thread-9] pick event Id=190, eMBMSSessionId=75 current size: 3831
[pool-108-thread-17] pick event Id=191, eMBMSSessionId=50 current size: 3830
pool-108-thread-1 reduces to 3829
[pool-108-thread-5] pick event Id=192, eMBMSSessionId=7 current size: 3828
[pool-108-thread-10] pick event Id=193, eMBMSSessionId=91 current size: 3827
[pool-108-thread-2] pick event Id=194, eMBMSSessionId=11 current size: 3826
[pool-108-thread-19] pick event Id=195, eMBMSSessionId=67 current size: 3825
[pool-108-thread-13] pick event Id=196, eMBMSSessionId=6 current size: 3824
pool-108-thread-6 reduces to 3823
[pool-108-thread-8] pick event Id=197, eMBMSSessionId=74 current size: 3822
[pool-108-thread-4] pick event Id=198, eMBMSSessionId=18 current size: 3821
[pool-108-thread-20] pick event Id=199, eMBMSSessionId=9 current size: 3820
[pool-108-thread-12] pick event Id=200, eMBMSSessionId=72 current size: 3819
[pool-108-thread-11] adds event Id=201, eMBMSSessionId=72 current size: 3819
[pool-108-thread-1] pick event Id=202, eMBMSSessionId=8 current size: 3818
[pool-108-thread-18] pick event Id=203, eMBMSSessionId=85 current size: 3817
[pool-108-thread-14] pick event Id=204, eMBMSSessionId=78 current size: 3816
[pool-108-thread-15] pick event Id=205, eMBMSSessionId=77 current size: 3815
[pool-108-thread-7] pick event Id=206, eMBMSSessionId=13 current size: 3814
[pool-108-thread-3] pick event Id=207, eMBMSSessionId=95 current size: 3813
[pool-108-thread-16] pick event Id=208, eMBMSSessionId=63 current size: 3812
[pool-108-thread-9] pick event Id=209, eMBMSSessionId=96 current size: 3811
[pool-108-thread-17] pick event Id=210, eMBMSSessionId=33 current size: 3810
pool-108-thread-12 reduces to 3809
[pool-108-thread-11] pick event Id=211, eMBMSSessionId=1 current size: 3808
[pool-108-thread-5] pick event Id=212, eMBMSSessionId=89 current size: 3807
[pool-108-thread-18] pick event Id=213, eMBMSSessionId=74 current size: 3806
[pool-108-thread-10] pick event Id=214, eMBMSSessionId=86 current size: 3805
[pool-108-thread-15] adds event Id=215, eMBMSSessionId=89 current size: 3805
[pool-108-thread-2] pick event Id=216, eMBMSSessionId=79 current size: 3804
[pool-108-thread-7] pick event Id=217, eMBMSSessionId=90 current size: 3803
[pool-108-thread-19] pick event Id=218, eMBMSSessionId=92 current size: 3802
[pool-108-thread-6] pick event Id=219, eMBMSSessionId=26 current size: 3801
[pool-108-thread-13] pick event Id=220, eMBMSSessionId=68 current size: 3800
[pool-108-thread-8] adds event Id=221, eMBMSSessionId=74 current size: 3800
[pool-108-thread-8] pick event Id=222, eMBMSSessionId=49 current size: 3799
[pool-108-thread-4] pick event Id=223, eMBMSSessionId=48 current size: 3798
[pool-108-thread-20] pick event Id=224, eMBMSSessionId=91 current size: 3797
[pool-108-thread-8] pick event Id=225, eMBMSSessionId=95 current size: 3796
[pool-108-thread-1] pick event Id=226, eMBMSSessionId=28 current size: 3795
pool-108-thread-5 reduces to 3794
[pool-108-thread-14] pick event Id=227, eMBMSSessionId=2 current size: 3793
[pool-108-thread-15] pick event Id=228, eMBMSSessionId=18 current size: 3792
pool-108-thread-18 reduces to 3791
[pool-108-thread-3] pick event Id=229, eMBMSSessionId=82 current size: 3790
[pool-108-thread-16] pick event Id=230, eMBMSSessionId=15 current size: 3789
[pool-108-thread-9] pick event Id=231, eMBMSSessionId=66 current size: 3788
[pool-108-thread-12] pick event Id=232, eMBMSSessionId=42 current size: 3787
[pool-108-thread-17] pick event Id=233, eMBMSSessionId=32 current size: 3786
[pool-108-thread-11] pick event Id=234, eMBMSSessionId=62 current size: 3785
[pool-108-thread-10] pick event Id=235, eMBMSSessionId=52 current size: 3784
[pool-108-thread-7] pick event Id=236, eMBMSSessionId=41 current size: 3783
[pool-108-thread-16] pick event Id=237, eMBMSSessionId=48 current size: 3782
[pool-108-thread-6] pick event Id=238, eMBMSSessionId=53 current size: 3781
[pool-108-thread-2] pick event Id=239, eMBMSSessionId=67 current size: 3780
[pool-108-thread-4] adds event Id=240, eMBMSSessionId=67 current size: 3780
[pool-108-thread-19] pick event Id=241, eMBMSSessionId=24 current size: 3779
[pool-108-thread-20] adds event Id=242, eMBMSSessionId=41 current size: 3779
[pool-108-thread-15] pick event Id=243, eMBMSSessionId=85 current size: 3778
[pool-108-thread-13] pick event Id=244, eMBMSSessionId=51 current size: 3777
[pool-108-thread-1] pick event Id=245, eMBMSSessionId=94 current size: 3776
[pool-108-thread-11] pick event Id=246, eMBMSSessionId=18 current size: 3775
[pool-108-thread-8] pick event Id=247, eMBMSSessionId=2 current size: 3774
[pool-108-thread-5] pick event Id=248, eMBMSSessionId=34 current size: 3773
[pool-108-thread-14] pick event Id=249, eMBMSSessionId=4 current size: 3772
pool-108-thread-7 reduces to 3771
pool-108-thread-2 reduces to 3770
[pool-108-thread-18] pick event Id=250, eMBMSSessionId=77 current size: 3769
[pool-108-thread-4] pick event Id=251, eMBMSSessionId=89 current size: 3768
[pool-108-thread-9] pick event Id=252, eMBMSSessionId=10 current size: 3767
[pool-108-thread-20] pick event Id=253, eMBMSSessionId=72 current size: 3766
[pool-108-thread-19] pick event Id=254, eMBMSSessionId=36 current size: 3765
[pool-108-thread-17] pick event Id=255, eMBMSSessionId=3 current size: 3764
[pool-108-thread-3] pick event Id=256, eMBMSSessionId=81 current size: 3763
[pool-108-thread-11] pick event Id=257, eMBMSSessionId=30 current size: 3762
[pool-108-thread-12] pick event Id=258, eMBMSSessionId=85 current size: 3761
[pool-108-thread-10] pick event Id=259, eMBMSSessionId=9 current size: 3760
[pool-108-thread-16] pick event Id=260, eMBMSSessionId=12 current size: 3759
[pool-108-thread-7] pick event Id=261, eMBMSSessionId=92 current size: 3758
[pool-108-thread-18] pick event Id=262, eMBMSSessionId=20 current size: 3757
[pool-108-thread-6] pick event Id=263, eMBMSSessionId=24 current size: 3756
[pool-108-thread-4] pick event Id=264, eMBMSSessionId=7 current size: 3755
[pool-108-thread-9] pick event Id=265, eMBMSSessionId=33 current size: 3754
[pool-108-thread-9] pick event Id=266, eMBMSSessionId=80 current size: 3753
[pool-108-thread-9] pick event Id=267, eMBMSSessionId=0 current size: 3752
[pool-108-thread-9] pick event Id=268, eMBMSSessionId=31 current size: 3751
[pool-108-thread-9] pick event Id=269, eMBMSSessionId=33 current size: 3750
[pool-108-thread-9] pick event Id=270, eMBMSSessionId=41 current size: 3749
[pool-108-thread-15] pick event Id=271, eMBMSSessionId=42 current size: 3748
[pool-108-thread-15] pick event Id=272, eMBMSSessionId=19 current size: 3747
[pool-108-thread-15] pick event Id=273, eMBMSSessionId=17 current size: 3746
[pool-108-thread-15] pick event Id=274, eMBMSSessionId=15 current size: 3745
[pool-108-thread-15] adds event Id=275, eMBMSSessionId=36 current size: 3745
[pool-108-thread-15] pick event Id=276, eMBMSSessionId=78 current size: 3744
[pool-108-thread-15] pick event Id=277, eMBMSSessionId=74 current size: 3743
[pool-108-thread-15] pick event Id=278, eMBMSSessionId=76 current size: 3742
[pool-108-thread-15] pick event Id=279, eMBMSSessionId=43 current size: 3741
[pool-108-thread-15] pick event Id=280, eMBMSSessionId=5 current size: 3740
[pool-108-thread-15] pick event Id=281, eMBMSSessionId=33 current size: 3739
[pool-108-thread-15] pick event Id=282, eMBMSSessionId=60 current size: 3738
[pool-108-thread-13] pick event Id=283, eMBMSSessionId=99 current size: 3737
[pool-108-thread-13] pick event Id=284, eMBMSSessionId=1 current size: 3736
[pool-108-thread-13] pick event Id=285, eMBMSSessionId=6 current size: 3735
pool-108-thread-19 reduces to 3734
[pool-108-thread-3] adds event Id=286, eMBMSSessionId=6 current size: 3734
[pool-108-thread-3] adds event Id=287, eMBMSSessionId=92 current size: 3734
[pool-108-thread-12] pick event Id=288, eMBMSSessionId=47 current size: 3733
[pool-108-thread-1] pick event Id=289, eMBMSSessionId=86 current size: 3732
[pool-108-thread-5] pick event Id=290, eMBMSSessionId=72 current size: 3731
[pool-108-thread-14] pick event Id=291, eMBMSSessionId=48 current size: 3730
[pool-108-thread-8] pick event Id=292, eMBMSSessionId=76 current size: 3729
[pool-108-thread-16] pick event Id=293, eMBMSSessionId=80 current size: 3728
[pool-108-thread-2] pick event Id=294, eMBMSSessionId=16 current size: 3727
pool-108-thread-7 reduces to 3726
[pool-108-thread-20] pick event Id=295, eMBMSSessionId=61 current size: 3725
[pool-108-thread-20] adds event Id=296, eMBMSSessionId=41 current size: 3725
[pool-108-thread-20] pick event Id=297, eMBMSSessionId=66 current size: 3724
[pool-108-thread-20] pick event Id=298, eMBMSSessionId=57 current size: 3723
[pool-108-thread-20] pick event Id=299, eMBMSSessionId=93 current size: 3722
[pool-108-thread-4] pick event Id=300, eMBMSSessionId=32 current size: 3721
[pool-108-thread-17] pick event Id=301, eMBMSSessionId=2 current size: 3720
[pool-108-thread-15] pick event Id=302, eMBMSSessionId=57 current size: 3719
[pool-108-thread-15] pick event Id=303, eMBMSSessionId=61 current size: 3718
pool-108-thread-9 reduces to 3717
pool-108-thread-13 reduces to 3716
[pool-108-thread-3] pick event Id=304, eMBMSSessionId=98 current size: 3715
[pool-108-thread-11] pick event Id=305, eMBMSSessionId=55 current size: 3714
[pool-108-thread-10] pick event Id=306, eMBMSSessionId=36 current size: 3713
[pool-108-thread-6] pick event Id=307, eMBMSSessionId=40 current size: 3712
[pool-108-thread-18] pick event Id=308, eMBMSSessionId=16 current size: 3711
[pool-108-thread-19] pick event Id=309, eMBMSSessionId=87 current size: 3710
[pool-108-thread-12] pick event Id=310, eMBMSSessionId=31 current size: 3709
[pool-108-thread-1] pick event Id=311, eMBMSSessionId=73 current size: 3708
[pool-108-thread-15] pick event Id=312, eMBMSSessionId=76 current size: 3707
[pool-108-thread-8] pick event Id=313, eMBMSSessionId=32 current size: 3706
[pool-108-thread-13] pick event Id=314, eMBMSSessionId=88 current size: 3705
[pool-108-thread-14] pick event Id=315, eMBMSSessionId=72 current size: 3704
[pool-108-thread-2] adds event Id=316, eMBMSSessionId=16 current size: 3704
[pool-108-thread-16] pick event Id=317, eMBMSSessionId=94 current size: 3703
[pool-108-thread-5] pick event Id=318, eMBMSSessionId=57 current size: 3702
[pool-108-thread-4] pick event Id=319, eMBMSSessionId=58 current size: 3701
pool-108-thread-18 reduces to 3700
[pool-108-thread-7] pick event Id=320, eMBMSSessionId=7 current size: 3699
[pool-108-thread-20] pick event Id=321, eMBMSSessionId=5 current size: 3698
[pool-108-thread-17] pick event Id=322, eMBMSSessionId=1 current size: 3697
[pool-108-thread-3] pick event Id=323, eMBMSSessionId=6 current size: 3696
[pool-108-thread-9] pick event Id=324, eMBMSSessionId=17 current size: 3695
[pool-108-thread-10] pick event Id=325, eMBMSSessionId=90 current size: 3694
[pool-108-thread-8] pick event Id=326, eMBMSSessionId=26 current size: 3693
[pool-108-thread-11] pick event Id=327, eMBMSSessionId=73 current size: 3692
[pool-108-thread-6] pick event Id=328, eMBMSSessionId=2 current size: 3691
[pool-108-thread-2] pick event Id=329, eMBMSSessionId=72 current size: 3690
[pool-108-thread-5] pick event Id=330, eMBMSSessionId=21 current size: 3689
[pool-108-thread-19] pick event Id=331, eMBMSSessionId=66 current size: 3688
[pool-108-thread-1] pick event Id=332, eMBMSSessionId=11 current size: 3687
[pool-108-thread-12] pick event Id=333, eMBMSSessionId=22 current size: 3686
[pool-108-thread-15] pick event Id=334, eMBMSSessionId=45 current size: 3685
[pool-108-thread-13] pick event Id=335, eMBMSSessionId=63 current size: 3684
[pool-108-thread-14] pick event Id=336, eMBMSSessionId=40 current size: 3683
[pool-108-thread-16] pick event Id=337, eMBMSSessionId=0 current size: 3682
[pool-108-thread-20] pick event Id=338, eMBMSSessionId=58 current size: 3681
[pool-108-thread-7] pick event Id=339, eMBMSSessionId=34 current size: 3680
[pool-108-thread-17] pick event Id=340, eMBMSSessionId=37 current size: 3679
[pool-108-thread-3] pick event Id=341, eMBMSSessionId=35 current size: 3678
[pool-108-thread-18] adds event Id=342, eMBMSSessionId=63 current size: 3678
[pool-108-thread-18] pick event Id=343, eMBMSSessionId=79 current size: 3677
[pool-108-thread-9] pick event Id=344, eMBMSSessionId=64 current size: 3676
[pool-108-thread-4] pick event Id=345, eMBMSSessionId=2 current size: 3675
pool-108-thread-13 reduces to 3674
[pool-108-thread-10] pick event Id=346, eMBMSSessionId=66 current size: 3673
[pool-108-thread-8] pick event Id=347, eMBMSSessionId=71 current size: 3672
[pool-108-thread-11] pick event Id=348, eMBMSSessionId=45 current size: 3671
[pool-108-thread-6] pick event Id=349, eMBMSSessionId=39 current size: 3670
[pool-108-thread-5] pick event Id=350, eMBMSSessionId=67 current size: 3669
[pool-108-thread-2] pick event Id=351, eMBMSSessionId=21 current size: 3668
[pool-108-thread-19] pick event Id=352, eMBMSSessionId=88 current size: 3667
[pool-108-thread-4] pick event Id=353, eMBMSSessionId=7 current size: 3666
[pool-108-thread-1] adds event Id=354, eMBMSSessionId=45 current size: 3666
[pool-108-thread-12] pick event Id=355, eMBMSSessionId=57 current size: 3665
[pool-108-thread-15] pick event Id=356, eMBMSSessionId=60 current size: 3664
[pool-108-thread-8] pick event Id=357, eMBMSSessionId=6 current size: 3663
pool-108-thread-11 reduces to 3662
[pool-108-thread-14] pick event Id=358, eMBMSSessionId=48 current size: 3661
[pool-108-thread-16] pick event Id=359, eMBMSSessionId=87 current size: 3660
[pool-108-thread-20] pick event Id=360, eMBMSSessionId=50 current size: 3659
[pool-108-thread-7] pick event Id=361, eMBMSSessionId=39 current size: 3658
[pool-108-thread-3] pick event Id=362, eMBMSSessionId=54 current size: 3657
[pool-108-thread-17] pick event Id=363, eMBMSSessionId=41 current size: 3656
[pool-108-thread-18] pick event Id=364, eMBMSSessionId=77 current size: 3655
[pool-108-thread-9] pick event Id=365, eMBMSSessionId=69 current size: 3654
[pool-108-thread-1] pick event Id=366, eMBMSSessionId=5 current size: 3653
[pool-108-thread-13] pick event Id=367, eMBMSSessionId=81 current size: 3652
[pool-108-thread-10] adds event Id=368, eMBMSSessionId=81 current size: 3652
[pool-108-thread-6] pick event Id=369, eMBMSSessionId=26 current size: 3651
[pool-108-thread-2] pick event Id=370, eMBMSSessionId=85 current size: 3650
[pool-108-thread-5] pick event Id=371, eMBMSSessionId=14 current size: 3649
[pool-108-thread-19] pick event Id=372, eMBMSSessionId=11 current size: 3648
[pool-108-thread-17] pick event Id=373, eMBMSSessionId=60 current size: 3647
[pool-108-thread-9] pick event Id=374, eMBMSSessionId=95 current size: 3646
[pool-108-thread-4] pick event Id=375, eMBMSSessionId=46 current size: 3645
[pool-108-thread-10] pick event Id=376, eMBMSSessionId=44 current size: 3644
[pool-108-thread-12] pick event Id=377, eMBMSSessionId=18 current size: 3643
[pool-108-thread-8] pick event Id=378, eMBMSSessionId=13 current size: 3642
pool-108-thread-13 reduces to 3641
[pool-108-thread-15] pick event Id=379, eMBMSSessionId=70 current size: 3640
[pool-108-thread-11] pick event Id=380, eMBMSSessionId=66 current size: 3639
[pool-108-thread-14] pick event Id=381, eMBMSSessionId=33 current size: 3638
[pool-108-thread-16] pick event Id=382, eMBMSSessionId=91 current size: 3637
[pool-108-thread-7] pick event Id=383, eMBMSSessionId=2 current size: 3636
[pool-108-thread-20] pick event Id=384, eMBMSSessionId=83 current size: 3635
[pool-108-thread-3] pick event Id=385, eMBMSSessionId=26 current size: 3634
[pool-108-thread-18] pick event Id=386, eMBMSSessionId=31 current size: 3633
[pool-108-thread-1] pick event Id=387, eMBMSSessionId=79 current size: 3632
[pool-108-thread-8] pick event Id=388, eMBMSSessionId=53 current size: 3631
[pool-108-thread-2] pick event Id=389, eMBMSSessionId=8 current size: 3630
[pool-108-thread-6] pick event Id=390, eMBMSSessionId=81 current size: 3629
[pool-108-thread-5] pick event Id=391, eMBMSSessionId=7 current size: 3628
[pool-108-thread-19] pick event Id=392, eMBMSSessionId=43 current size: 3627
[pool-108-thread-17] pick event Id=393, eMBMSSessionId=54 current size: 3626
[pool-108-thread-9] pick event Id=394, eMBMSSessionId=65 current size: 3625
[pool-108-thread-12] pick event Id=395, eMBMSSessionId=29 current size: 3624
[pool-108-thread-4] pick event Id=396, eMBMSSessionId=63 current size: 3623
[pool-108-thread-13] pick event Id=397, eMBMSSessionId=31 current size: 3622
[pool-108-thread-10] pick event Id=398, eMBMSSessionId=21 current size: 3621
[pool-108-thread-11] pick event Id=399, eMBMSSessionId=58 current size: 3620
[pool-108-thread-14] pick event Id=400, eMBMSSessionId=74 current size: 3619
[pool-108-thread-15] pick event Id=401, eMBMSSessionId=37 current size: 3618
[pool-108-thread-16] pick event Id=402, eMBMSSessionId=52 current size: 3617
[pool-108-thread-6] pick event Id=403, eMBMSSessionId=44 current size: 3616
[pool-108-thread-3] pick event Id=404, eMBMSSessionId=32 current size: 3615
[pool-108-thread-20] pick event Id=405, eMBMSSessionId=5 current size: 3614
[pool-108-thread-7] pick event Id=406, eMBMSSessionId=41 current size: 3613
[pool-108-thread-18] adds event Id=407, eMBMSSessionId=37 current size: 3613
[pool-108-thread-19] pick event Id=408, eMBMSSessionId=96 current size: 3612
[pool-108-thread-1] pick event Id=409, eMBMSSessionId=78 current size: 3611
[pool-108-thread-8] pick event Id=410, eMBMSSessionId=6 current size: 3610
pool-108-thread-15 reduces to 3609
[pool-108-thread-2] pick event Id=411, eMBMSSessionId=84 current size: 3608
[pool-108-thread-5] pick event Id=412, eMBMSSessionId=48 current size: 3607
[pool-108-thread-18] pick event Id=413, eMBMSSessionId=40 current size: 3606
[pool-108-thread-20] pick event Id=414, eMBMSSessionId=56 current size: 3605
[pool-108-thread-17] adds event Id=415, eMBMSSessionId=84 current size: 3605
[pool-108-thread-18] pick event Id=416, eMBMSSessionId=3 current size: 3604
[pool-108-thread-12] pick event Id=417, eMBMSSessionId=28 current size: 3603
[pool-108-thread-9] pick event Id=418, eMBMSSessionId=72 current size: 3602
[pool-108-thread-4] pick event Id=419, eMBMSSessionId=94 current size: 3601
[pool-108-thread-10] pick event Id=420, eMBMSSessionId=60 current size: 3600
[pool-108-thread-1] pick event Id=421, eMBMSSessionId=85 current size: 3599
[pool-108-thread-11] pick event Id=422, eMBMSSessionId=1 current size: 3598
[pool-108-thread-14] pick event Id=423, eMBMSSessionId=90 current size: 3597
[pool-108-thread-13] pick event Id=424, eMBMSSessionId=75 current size: 3596
[pool-108-thread-16] pick event Id=425, eMBMSSessionId=70 current size: 3595
[pool-108-thread-3] pick event Id=426, eMBMSSessionId=21 current size: 3594
[pool-108-thread-6] pick event Id=427, eMBMSSessionId=53 current size: 3593
pool-108-thread-2 reduces to 3592
[pool-108-thread-7] pick event Id=428, eMBMSSessionId=42 current size: 3591
[pool-108-thread-17] pick event Id=429, eMBMSSessionId=24 current size: 3590
[pool-108-thread-20] adds event Id=430, eMBMSSessionId=53 current size: 3590
[pool-108-thread-19] pick event Id=431, eMBMSSessionId=23 current size: 3589
[pool-108-thread-9] pick event Id=432, eMBMSSessionId=98 current size: 3588
[pool-108-thread-8] pick event Id=433, eMBMSSessionId=91 current size: 3587
[pool-108-thread-15] pick event Id=434, eMBMSSessionId=88 current size: 3586
[pool-108-thread-5] pick event Id=435, eMBMSSessionId=68 current size: 3585
pool-108-thread-6 reduces to 3584
[pool-108-thread-20] pick event Id=436, eMBMSSessionId=73 current size: 3583
[pool-108-thread-18] pick event Id=437, eMBMSSessionId=82 current size: 3582
[pool-108-thread-4] pick event Id=438, eMBMSSessionId=0 current size: 3581
[pool-108-thread-12] pick event Id=439, eMBMSSessionId=16 current size: 3580
[pool-108-thread-10] adds event Id=440, eMBMSSessionId=16 current size: 3580
[pool-108-thread-1] pick event Id=441, eMBMSSessionId=79 current size: 3579
[pool-108-thread-11] pick event Id=442, eMBMSSessionId=1 current size: 3578
[pool-108-thread-14] pick event Id=443, eMBMSSessionId=0 current size: 3577
[pool-108-thread-13] adds event Id=444, eMBMSSessionId=79 current size: 3577
[pool-108-thread-9] pick event Id=445, eMBMSSessionId=36 current size: 3576
[pool-108-thread-16] pick event Id=446, eMBMSSessionId=96 current size: 3575
[pool-108-thread-3] pick event Id=447, eMBMSSessionId=52 current size: 3574
[pool-108-thread-7] pick event Id=448, eMBMSSessionId=32 current size: 3573
[pool-108-thread-5] pick event Id=449, eMBMSSessionId=13 current size: 3572
[pool-108-thread-2] adds event Id=450, eMBMSSessionId=96 current size: 3572
[pool-108-thread-6] pick event Id=451, eMBMSSessionId=80 current size: 3571
[pool-108-thread-17] pick event Id=452, eMBMSSessionId=25 current size: 3570
[pool-108-thread-19] adds event Id=453, eMBMSSessionId=36 current size: 3570
pool-108-thread-12 reduces to 3569
[pool-108-thread-10] adds event Id=454, eMBMSSessionId=79 current size: 3569
[pool-108-thread-4] pick event Id=455, eMBMSSessionId=51 current size: 3568
pool-108-thread-1 reduces to 3567
[pool-108-thread-18] pick event Id=456, eMBMSSessionId=77 current size: 3566
[pool-108-thread-13] pick event Id=457, eMBMSSessionId=75 current size: 3565
[pool-108-thread-15] pick event Id=458, eMBMSSessionId=67 current size: 3564
pool-108-thread-9 reduces to 3563
[pool-108-thread-8] adds event Id=459, eMBMSSessionId=51 current size: 3563
pool-108-thread-16 reduces to 3562
[pool-108-thread-2] adds event Id=460, eMBMSSessionId=25 current size: 3562
[pool-108-thread-20] pick event Id=461, eMBMSSessionId=0 current size: 3561
pool-108-thread-17 reduces to 3560
[pool-108-thread-19] pick event Id=462, eMBMSSessionId=73 current size: 3559
[pool-108-thread-10] pick event Id=463, eMBMSSessionId=83 current size: 3558
[pool-108-thread-11] pick event Id=464, eMBMSSessionId=85 current size: 3557
pool-108-thread-4 reduces to 3556
[pool-108-thread-14] pick event Id=465, eMBMSSessionId=42 current size: 3555
pool-108-thread-1 reduces to 3554
[pool-108-thread-8] pick event Id=466, eMBMSSessionId=44 current size: 3553
[pool-108-thread-3] adds event Id=467, eMBMSSessionId=85 current size: 3553
[pool-108-thread-7] pick event Id=468, eMBMSSessionId=22 current size: 3552
[pool-108-thread-2] pick event Id=469, eMBMSSessionId=56 current size: 3551
[pool-108-thread-16] pick event Id=470, eMBMSSessionId=64 current size: 3550
[pool-108-thread-5] pick event Id=471, eMBMSSessionId=20 current size: 3549
[pool-108-thread-6] adds event Id=472, eMBMSSessionId=85 current size: 3549
[pool-108-thread-12] pick event Id=473, eMBMSSessionId=12 current size: 3548
pool-108-thread-11 reduces to 3547
[pool-108-thread-18] pick event Id=474, eMBMSSessionId=1 current size: 3546
[pool-108-thread-13] pick event Id=475, eMBMSSessionId=95 current size: 3545
[pool-108-thread-15] pick event Id=476, eMBMSSessionId=54 current size: 3544
[pool-108-thread-3] pick event Id=477, eMBMSSessionId=10 current size: 3543
[pool-108-thread-9] adds event Id=478, eMBMSSessionId=54 current size: 3543
[pool-108-thread-20] pick event Id=479, eMBMSSessionId=65 current size: 3542
[pool-108-thread-6] pick event Id=480, eMBMSSessionId=74 current size: 3541
[pool-108-thread-7] pick event Id=481, eMBMSSessionId=62 current size: 3540
[pool-108-thread-17] pick event Id=482, eMBMSSessionId=94 current size: 3539
[pool-108-thread-19] pick event Id=483, eMBMSSessionId=6 current size: 3538
[pool-108-thread-10] pick event Id=484, eMBMSSessionId=15 current size: 3537
[pool-108-thread-4] pick event Id=485, eMBMSSessionId=69 current size: 3536
pool-108-thread-11 reduces to 3535
[pool-108-thread-1] pick event Id=486, eMBMSSessionId=53 current size: 3534
[pool-108-thread-14] pick event Id=487, eMBMSSessionId=23 current size: 3533
[pool-108-thread-9] pick event Id=488, eMBMSSessionId=1 current size: 3532
pool-108-thread-15 reduces to 3531
[pool-108-thread-8] pick event Id=489, eMBMSSessionId=36 current size: 3530
[pool-108-thread-5] adds event Id=490, eMBMSSessionId=94 current size: 3530
[pool-108-thread-2] pick event Id=491, eMBMSSessionId=49 current size: 3529
[pool-108-thread-16] pick event Id=492, eMBMSSessionId=86 current size: 3528
pool-108-thread-17 reduces to 3527
[pool-108-thread-12] pick event Id=493, eMBMSSessionId=68 current size: 3526
[pool-108-thread-18] pick event Id=494, eMBMSSessionId=58 current size: 3525
[pool-108-thread-13] pick event Id=495, eMBMSSessionId=34 current size: 3524
[pool-108-thread-11] pick event Id=496, eMBMSSessionId=76 current size: 3523
[pool-108-thread-3] adds event Id=497, eMBMSSessionId=58 current size: 3523
[pool-108-thread-14] pick event Id=498, eMBMSSessionId=65 current size: 3522
[pool-108-thread-5] pick event Id=499, eMBMSSessionId=89 current size: 3521
[pool-108-thread-20] pick event Id=500, eMBMSSessionId=19 current size: 3520
[pool-108-thread-8] pick event Id=501, eMBMSSessionId=81 current size: 3519
[pool-108-thread-7] pick event Id=502, eMBMSSessionId=49 current size: 3518
[pool-108-thread-10] pick event Id=503, eMBMSSessionId=77 current size: 3517
[pool-108-thread-16] pick event Id=504, eMBMSSessionId=10 current size: 3516
[pool-108-thread-6] pick event Id=505, eMBMSSessionId=83 current size: 3515
[pool-108-thread-19] adds event Id=506, eMBMSSessionId=58 current size: 3515
[pool-108-thread-4] pick event Id=507, eMBMSSessionId=94 current size: 3514
[pool-108-thread-1] pick event Id=508, eMBMSSessionId=86 current size: 3513
pool-108-thread-18 reduces to 3512
[pool-108-thread-9] pick event Id=509, eMBMSSessionId=85 current size: 3511
[pool-108-thread-3] pick event Id=510, eMBMSSessionId=2 current size: 3510
[pool-108-thread-15] pick event Id=511, eMBMSSessionId=43 current size: 3509
[pool-108-thread-2] pick event Id=512, eMBMSSessionId=42 current size: 3508
[pool-108-thread-17] pick event Id=513, eMBMSSessionId=27 current size: 3507
[pool-108-thread-16] adds event Id=514, eMBMSSessionId=58 current size: 3507
[pool-108-thread-19] pick event Id=515, eMBMSSessionId=72 current size: 3506
[pool-108-thread-12] pick event Id=516, eMBMSSessionId=31 current size: 3505
[pool-108-thread-13] pick event Id=517, eMBMSSessionId=48 current size: 3504
pool-108-thread-18 reduces to 3503
[pool-108-thread-11] pick event Id=518, eMBMSSessionId=34 current size: 3502
[pool-108-thread-14] pick event Id=519, eMBMSSessionId=33 current size: 3501
testOverload end.
testFull begin.
[pool-109-thread-1] pick event Id=0, eMBMSSessionId=18 current size: 4998
[pool-109-thread-4] pick event Id=1, eMBMSSessionId=42 current size: 4997
[pool-109-thread-2] pick event Id=2, eMBMSSessionId=43 current size: 4996
[pool-109-thread-5] pick event Id=3, eMBMSSessionId=48 current size: 4995
[pool-109-thread-3] pick event Id=4, eMBMSSessionId=15 current size: 4994
[pool-109-thread-6] pick event Id=5, eMBMSSessionId=34 current size: 4993
[pool-109-thread-7] pick event Id=6, eMBMSSessionId=94 current size: 4992
[pool-109-thread-8] pick event Id=7, eMBMSSessionId=23 current size: 4991
[pool-109-thread-9] pick event Id=8, eMBMSSessionId=73 current size: 4990
[pool-109-thread-10] pick event Id=9, eMBMSSessionId=69 current size: 4989
[pool-109-thread-11] pick event Id=10, eMBMSSessionId=46 current size: 4988
[pool-109-thread-12] pick event Id=11, eMBMSSessionId=29 current size: 4987
[pool-109-thread-13] pick event Id=12, eMBMSSessionId=91 current size: 4986
[pool-109-thread-14] pick event Id=13, eMBMSSessionId=1 current size: 4985
[pool-109-thread-15] adds event Id=14, eMBMSSessionId=91 current size: 4985
[pool-109-thread-16] pick event Id=15, eMBMSSessionId=61 current size: 4984
[pool-109-thread-18] pick event Id=16, eMBMSSessionId=26 current size: 4983
[pool-109-thread-17] pick event Id=17, eMBMSSessionId=53 current size: 4982
[pool-109-thread-15] pick event Id=18, eMBMSSessionId=40 current size: 4981
[pool-109-thread-19] pick event Id=19, eMBMSSessionId=88 current size: 4980
[pool-109-thread-20] pick event Id=20, eMBMSSessionId=41 current size: 4979
event queue is full, will clear all data!
NbiEventCache is cleared with total events removed: 5029
testFull end.
12 times run start
testEventSequence begin.
testEventSequence end.
testSendRadomEmbmsSessionEvents begin.
testSendRadomEmbmsSessionEvents end.
testSendSameEmbmsSessionEvents begin.
testSendSameEmbmsSessionEvents end.
testSendNoSameEmbmsSessionEvents begin.
testSendNoSameEmbmsSessionEvents end.
testSendNoEmbmsSessionIdEvents begin.
testSendNoEmbmsSessionIdEvents end.
testOverload begin.
[pool-117-thread-1] pick event Id=0, eMBMSSessionId=71 current size: 4019
[pool-117-thread-2] pick event Id=1, eMBMSSessionId=50 current size: 4018
[pool-117-thread-3] pick event Id=2, eMBMSSessionId=58 current size: 4017
pool-117-thread-3 Discard NBI event &apos; Id=2, eMBMSSessionId=58&apos;, current queue size: 4017
pool-117-thread-1 Discard NBI event &apos; Id=0, eMBMSSessionId=71&apos;, current queue size: 4017
[pool-117-thread-5] pick event Id=3, eMBMSSessionId=45 current size: 4016
pool-117-thread-2 Discard NBI event &apos; Id=1, eMBMSSessionId=50&apos;, current queue size: 4016
pool-117-thread-5 Discard NBI event &apos; Id=3, eMBMSSessionId=45&apos;, current queue size: 4016
[pool-117-thread-6] pick event Id=4, eMBMSSessionId=63 current size: 4015
[pool-117-thread-7] pick event Id=5, eMBMSSessionId=67 current size: 4014
[pool-117-thread-4] pick event Id=6, eMBMSSessionId=40 current size: 4013
pool-117-thread-6 Discard NBI event &apos; Id=4, eMBMSSessionId=63&apos;, current queue size: 4013
pool-117-thread-7 Discard NBI event &apos; Id=5, eMBMSSessionId=67&apos;, current queue size: 4013
pool-117-thread-4 Discard NBI event &apos; Id=6, eMBMSSessionId=40&apos;, current queue size: 4013
[pool-117-thread-8] pick event Id=7, eMBMSSessionId=99 current size: 4012
pool-117-thread-8 Discard NBI event &apos; Id=7, eMBMSSessionId=99&apos;, current queue size: 4012
[pool-117-thread-9] pick event Id=8, eMBMSSessionId=80 current size: 4011
[pool-117-thread-14] pick event Id=9, eMBMSSessionId=78 current size: 4010
pool-117-thread-9 Discard NBI event &apos; Id=8, eMBMSSessionId=80&apos;, current queue size: 4010
pool-117-thread-14 Discard NBI event &apos; Id=9, eMBMSSessionId=78&apos;, current queue size: 4010
[pool-117-thread-15] pick event Id=10, eMBMSSessionId=52 current size: 4009
pool-117-thread-15 Discard NBI event &apos; Id=10, eMBMSSessionId=52&apos;, current queue size: 4009
[pool-117-thread-10] pick event Id=11, eMBMSSessionId=46 current size: 4008
[pool-117-thread-11] pick event Id=12, eMBMSSessionId=22 current size: 4007
[pool-117-thread-12] pick event Id=13, eMBMSSessionId=44 current size: 4006
pool-117-thread-10 Discard NBI event &apos; Id=11, eMBMSSessionId=46&apos;, current queue size: 4007
pool-117-thread-12 Discard NBI event &apos; Id=13, eMBMSSessionId=44&apos;, current queue size: 4006
[pool-117-thread-13] pick event Id=14, eMBMSSessionId=11 current size: 4005
pool-117-thread-13 Discard NBI event &apos; Id=14, eMBMSSessionId=11&apos;, current queue size: 4005
pool-117-thread-11 Discard NBI event &apos; Id=12, eMBMSSessionId=22&apos;, current queue size: 4005
[pool-117-thread-17] pick event Id=15, eMBMSSessionId=79 current size: 4004
[pool-117-thread-16] pick event Id=16, eMBMSSessionId=17 current size: 4003
pool-117-thread-17 Discard NBI event &apos; Id=15, eMBMSSessionId=79&apos;, current queue size: 4003
[pool-117-thread-19] pick event Id=17, eMBMSSessionId=80 current size: 4002
pool-117-thread-16 Discard NBI event &apos; Id=16, eMBMSSessionId=17&apos;, current queue size: 4002
[pool-117-thread-18] pick event Id=18, eMBMSSessionId=43 current size: 4001
[pool-117-thread-15] pick event Id=19, eMBMSSessionId=81 current size: 4000
[pool-117-thread-20] pick event Id=20, eMBMSSessionId=82 current size: 3999
pool-117-thread-15 Discard NBI event &apos; Id=19, eMBMSSessionId=81&apos;, current queue size: 3999
pool-117-thread-18 Discard NBI event &apos; Id=18, eMBMSSessionId=43&apos;, current queue size: 3999
[pool-117-thread-3] pick event Id=21, eMBMSSessionId=15 current size: 3998
pool-117-thread-19 Discard NBI event &apos; Id=17, eMBMSSessionId=80&apos;, current queue size: 3998
[pool-117-thread-1] pick event Id=22, eMBMSSessionId=47 current size: 3997
[pool-117-thread-2] pick event Id=23, eMBMSSessionId=55 current size: 3996
[pool-117-thread-5] pick event Id=24, eMBMSSessionId=37 current size: 3995
[pool-117-thread-6] pick event Id=25, eMBMSSessionId=42 current size: 3994
[pool-117-thread-7] pick event Id=26, eMBMSSessionId=88 current size: 3993
[pool-117-thread-4] pick event Id=27, eMBMSSessionId=46 current size: 3992
[pool-117-thread-9] pick event Id=28, eMBMSSessionId=49 current size: 3991
[pool-117-thread-8] pick event Id=29, eMBMSSessionId=9 current size: 3990
[pool-117-thread-14] pick event Id=30, eMBMSSessionId=65 current size: 3989
[pool-117-thread-17] pick event Id=31, eMBMSSessionId=30 current size: 3988
[pool-117-thread-12] pick event Id=32, eMBMSSessionId=90 current size: 3987
[pool-117-thread-10] pick event Id=33, eMBMSSessionId=79 current size: 3986
[pool-117-thread-11] pick event Id=34, eMBMSSessionId=26 current size: 3985
[pool-117-thread-13] pick event Id=35, eMBMSSessionId=29 current size: 3984
[pool-117-thread-15] pick event Id=36, eMBMSSessionId=82 current size: 3983
[pool-117-thread-18] pick event Id=37, eMBMSSessionId=13 current size: 3982
[pool-117-thread-16] pick event Id=38, eMBMSSessionId=80 current size: 3981
[pool-117-thread-20] pick event Id=39, eMBMSSessionId=9 current size: 3980
[pool-117-thread-3] pick event Id=40, eMBMSSessionId=84 current size: 3979
[pool-117-thread-19] pick event Id=41, eMBMSSessionId=37 current size: 3978
[pool-117-thread-1] pick event Id=42, eMBMSSessionId=33 current size: 3977
[pool-117-thread-2] pick event Id=43, eMBMSSessionId=79 current size: 3976
[pool-117-thread-6] pick event Id=44, eMBMSSessionId=57 current size: 3975
[pool-117-thread-5] pick event Id=45, eMBMSSessionId=91 current size: 3974
[pool-117-thread-7] pick event Id=46, eMBMSSessionId=74 current size: 3973
[pool-117-thread-4] pick event Id=47, eMBMSSessionId=52 current size: 3972
[pool-117-thread-9] pick event Id=48, eMBMSSessionId=77 current size: 3971
[pool-117-thread-8] pick event Id=49, eMBMSSessionId=71 current size: 3970
[pool-117-thread-14] pick event Id=50, eMBMSSessionId=99 current size: 3969
[pool-117-thread-17] adds event Id=51, eMBMSSessionId=9 current size: 3969
[pool-117-thread-15] pick event Id=52, eMBMSSessionId=98 current size: 3968
[pool-117-thread-12] pick event Id=53, eMBMSSessionId=50 current size: 3967
pool-117-thread-20 reduces to 3966
[pool-117-thread-10] pick event Id=54, eMBMSSessionId=18 current size: 3965
[pool-117-thread-11] pick event Id=55, eMBMSSessionId=7 current size: 3964
[pool-117-thread-13] pick event Id=56, eMBMSSessionId=51 current size: 3963
[pool-117-thread-17] pick event Id=57, eMBMSSessionId=92 current size: 3962
[pool-117-thread-18] pick event Id=58, eMBMSSessionId=16 current size: 3961
[pool-117-thread-16] pick event Id=59, eMBMSSessionId=76 current size: 3960
[pool-117-thread-3] pick event Id=60, eMBMSSessionId=36 current size: 3959
[pool-117-thread-15] pick event Id=61, eMBMSSessionId=71 current size: 3958
[pool-117-thread-12] pick event Id=62, eMBMSSessionId=13 current size: 3957
[pool-117-thread-19] pick event Id=63, eMBMSSessionId=30 current size: 3956
[pool-117-thread-1] pick event Id=64, eMBMSSessionId=98 current size: 3955
[pool-117-thread-2] pick event Id=65, eMBMSSessionId=69 current size: 3954
[pool-117-thread-7] pick event Id=66, eMBMSSessionId=11 current size: 3953
[pool-117-thread-6] pick event Id=67, eMBMSSessionId=61 current size: 3952
[pool-117-thread-4] pick event Id=68, eMBMSSessionId=8 current size: 3951
[pool-117-thread-5] pick event Id=69, eMBMSSessionId=63 current size: 3950
[pool-117-thread-9] pick event Id=70, eMBMSSessionId=78 current size: 3949
[pool-117-thread-8] pick event Id=71, eMBMSSessionId=25 current size: 3948
[pool-117-thread-14] adds event Id=72, eMBMSSessionId=61 current size: 3948
[pool-117-thread-20] adds event Id=73, eMBMSSessionId=78 current size: 3948
[pool-117-thread-16] pick event Id=74, eMBMSSessionId=48 current size: 3947
[pool-117-thread-10] pick event Id=75, eMBMSSessionId=70 current size: 3946
[pool-117-thread-11] pick event Id=76, eMBMSSessionId=80 current size: 3945
[pool-117-thread-13] pick event Id=77, eMBMSSessionId=1 current size: 3944
pool-117-thread-6 reduces to 3943
pool-117-thread-9 reduces to 3942
[pool-117-thread-14] pick event Id=78, eMBMSSessionId=68 current size: 3941
[pool-117-thread-17] pick event Id=79, eMBMSSessionId=79 current size: 3940
[pool-117-thread-18] pick event Id=80, eMBMSSessionId=54 current size: 3939
[pool-117-thread-8] pick event Id=81, eMBMSSessionId=41 current size: 3938
[pool-117-thread-3] pick event Id=82, eMBMSSessionId=65 current size: 3937
[pool-117-thread-20] pick event Id=83, eMBMSSessionId=27 current size: 3936
[pool-117-thread-15] pick event Id=84, eMBMSSessionId=38 current size: 3935
[pool-117-thread-19] pick event Id=85, eMBMSSessionId=5 current size: 3934
[pool-117-thread-16] adds event Id=86, eMBMSSessionId=65 current size: 3934
[pool-117-thread-12] pick event Id=87, eMBMSSessionId=59 current size: 3933
[pool-117-thread-2] pick event Id=88, eMBMSSessionId=72 current size: 3932
[pool-117-thread-1] pick event Id=89, eMBMSSessionId=77 current size: 3931
[pool-117-thread-7] pick event Id=90, eMBMSSessionId=11 current size: 3930
[pool-117-thread-5] pick event Id=91, eMBMSSessionId=29 current size: 3929
[pool-117-thread-4] adds event Id=92, eMBMSSessionId=41 current size: 3929
pool-117-thread-3 reduces to 3928
pool-117-thread-8 reduces to 3927
[pool-117-thread-16] pick event Id=93, eMBMSSessionId=37 current size: 3926
[pool-117-thread-10] pick event Id=94, eMBMSSessionId=83 current size: 3925
[pool-117-thread-13] pick event Id=95, eMBMSSessionId=10 current size: 3924
[pool-117-thread-11] pick event Id=96, eMBMSSessionId=6 current size: 3923
[pool-117-thread-6] pick event Id=97, eMBMSSessionId=92 current size: 3922
[pool-117-thread-1] pick event Id=98, eMBMSSessionId=32 current size: 3921
[pool-117-thread-4] pick event Id=99, eMBMSSessionId=78 current size: 3920
[pool-117-thread-7] pick event Id=100, eMBMSSessionId=88 current size: 3919
[pool-117-thread-9] pick event Id=101, eMBMSSessionId=84 current size: 3918
[pool-117-thread-14] pick event Id=102, eMBMSSessionId=24 current size: 3917
[pool-117-thread-17] pick event Id=103, eMBMSSessionId=9 current size: 3916
[pool-117-thread-18] pick event Id=104, eMBMSSessionId=11 current size: 3915
[pool-117-thread-20] pick event Id=105, eMBMSSessionId=33 current size: 3914
[pool-117-thread-15] pick event Id=106, eMBMSSessionId=4 current size: 3913
[pool-117-thread-19] pick event Id=107, eMBMSSessionId=70 current size: 3912
[pool-117-thread-12] pick event Id=108, eMBMSSessionId=71 current size: 3911
[pool-117-thread-2] pick event Id=109, eMBMSSessionId=61 current size: 3910
[pool-117-thread-5] pick event Id=110, eMBMSSessionId=18 current size: 3909
[pool-117-thread-3] adds event Id=111, eMBMSSessionId=61 current size: 3909
[pool-117-thread-8] pick event Id=112, eMBMSSessionId=97 current size: 3908
[pool-117-thread-15] pick event Id=113, eMBMSSessionId=30 current size: 3907
[pool-117-thread-16] adds event Id=114, eMBMSSessionId=30 current size: 3907
[pool-117-thread-10] pick event Id=115, eMBMSSessionId=27 current size: 3906
pool-117-thread-2 reduces to 3905
[pool-117-thread-13] pick event Id=116, eMBMSSessionId=79 current size: 3904
[pool-117-thread-6] pick event Id=117, eMBMSSessionId=88 current size: 3903
[pool-117-thread-4] pick event Id=118, eMBMSSessionId=9 current size: 3902
[pool-117-thread-11] pick event Id=119, eMBMSSessionId=5 current size: 3901
[pool-117-thread-1] pick event Id=120, eMBMSSessionId=96 current size: 3900
[pool-117-thread-9] pick event Id=121, eMBMSSessionId=63 current size: 3899
[pool-117-thread-7] pick event Id=122, eMBMSSessionId=13 current size: 3898
[pool-117-thread-18] pick event Id=123, eMBMSSessionId=86 current size: 3897
[pool-117-thread-14] pick event Id=124, eMBMSSessionId=19 current size: 3896
[pool-117-thread-3] pick event Id=125, eMBMSSessionId=16 current size: 3895
[pool-117-thread-17] pick event Id=126, eMBMSSessionId=22 current size: 3894
[pool-117-thread-20] pick event Id=127, eMBMSSessionId=53 current size: 3893
[pool-117-thread-19] pick event Id=128, eMBMSSessionId=42 current size: 3892
[pool-117-thread-16] pick event Id=129, eMBMSSessionId=0 current size: 3891
pool-117-thread-15 reduces to 3890
[pool-117-thread-12] pick event Id=130, eMBMSSessionId=33 current size: 3889
[pool-117-thread-5] pick event Id=131, eMBMSSessionId=67 current size: 3888
[pool-117-thread-8] pick event Id=132, eMBMSSessionId=26 current size: 3887
[pool-117-thread-10] adds event Id=133, eMBMSSessionId=26 current size: 3887
pool-117-thread-8 reduces to 3886
[pool-117-thread-2] pick event Id=134, eMBMSSessionId=68 current size: 3885
[pool-117-thread-13] pick event Id=135, eMBMSSessionId=70 current size: 3884
[pool-117-thread-20] pick event Id=136, eMBMSSessionId=78 current size: 3883
[pool-117-thread-4] pick event Id=137, eMBMSSessionId=86 current size: 3882
[pool-117-thread-6] pick event Id=138, eMBMSSessionId=45 current size: 3881
[pool-117-thread-11] pick event Id=139, eMBMSSessionId=92 current size: 3880
[pool-117-thread-1] adds event Id=140, eMBMSSessionId=26 current size: 3880
[pool-117-thread-9] pick event Id=141, eMBMSSessionId=0 current size: 3879
[pool-117-thread-18] pick event Id=142, eMBMSSessionId=41 current size: 3878
[pool-117-thread-7] pick event Id=143, eMBMSSessionId=31 current size: 3877
[pool-117-thread-14] pick event Id=144, eMBMSSessionId=83 current size: 3876
[pool-117-thread-3] pick event Id=145, eMBMSSessionId=2 current size: 3875
[pool-117-thread-17] pick event Id=146, eMBMSSessionId=93 current size: 3874
[pool-117-thread-15] pick event Id=147, eMBMSSessionId=9 current size: 3873
[pool-117-thread-10] pick event Id=148, eMBMSSessionId=88 current size: 3872
[pool-117-thread-12] pick event Id=149, eMBMSSessionId=58 current size: 3871
pool-117-thread-8 reduces to 3870
[pool-117-thread-16] pick event Id=150, eMBMSSessionId=3 current size: 3869
[pool-117-thread-19] adds event Id=151, eMBMSSessionId=26 current size: 3869
[pool-117-thread-1] pick event Id=152, eMBMSSessionId=40 current size: 3868
[pool-117-thread-4] pick event Id=153, eMBMSSessionId=4 current size: 3867
[pool-117-thread-5] pick event Id=154, eMBMSSessionId=43 current size: 3866
[pool-117-thread-18] pick event Id=155, eMBMSSessionId=41 current size: 3865
[pool-117-thread-13] pick event Id=156, eMBMSSessionId=7 current size: 3864
[pool-117-thread-2] pick event Id=157, eMBMSSessionId=28 current size: 3863
pool-117-thread-8 reduces to 3862
[pool-117-thread-19] adds event Id=158, eMBMSSessionId=28 current size: 3862
[pool-117-thread-16] pick event Id=159, eMBMSSessionId=52 current size: 3861
[pool-117-thread-20] pick event Id=160, eMBMSSessionId=98 current size: 3860
[pool-117-thread-6] pick event Id=161, eMBMSSessionId=25 current size: 3859
[pool-117-thread-11] pick event Id=162, eMBMSSessionId=79 current size: 3858
[pool-117-thread-9] pick event Id=163, eMBMSSessionId=16 current size: 3857
[pool-117-thread-14] pick event Id=164, eMBMSSessionId=12 current size: 3856
[pool-117-thread-7] pick event Id=165, eMBMSSessionId=93 current size: 3855
[pool-117-thread-10] pick event Id=166, eMBMSSessionId=67 current size: 3854
[pool-117-thread-3] pick event Id=167, eMBMSSessionId=36 current size: 3853
[pool-117-thread-15] pick event Id=168, eMBMSSessionId=99 current size: 3852
[pool-117-thread-12] pick event Id=169, eMBMSSessionId=21 current size: 3851
[pool-117-thread-17] pick event Id=170, eMBMSSessionId=88 current size: 3850
pool-117-thread-2 reduces to 3849
[pool-117-thread-19] pick event Id=171, eMBMSSessionId=62 current size: 3848
[pool-117-thread-1] pick event Id=172, eMBMSSessionId=20 current size: 3847
[pool-117-thread-5] pick event Id=173, eMBMSSessionId=81 current size: 3846
[pool-117-thread-4] pick event Id=174, eMBMSSessionId=15 current size: 3845
[pool-117-thread-14] adds event Id=175, eMBMSSessionId=36 current size: 3845
pool-117-thread-3 reduces to 3844
[pool-117-thread-18] pick event Id=176, eMBMSSessionId=75 current size: 3843
[pool-117-thread-13] pick event Id=177, eMBMSSessionId=86 current size: 3842
[pool-117-thread-16] pick event Id=178, eMBMSSessionId=2 current size: 3841
[pool-117-thread-20] pick event Id=179, eMBMSSessionId=34 current size: 3840
[pool-117-thread-11] pick event Id=180, eMBMSSessionId=83 current size: 3839
[pool-117-thread-8] pick event Id=181, eMBMSSessionId=56 current size: 3838
[pool-117-thread-9] pick event Id=182, eMBMSSessionId=69 current size: 3837
[pool-117-thread-6] pick event Id=183, eMBMSSessionId=46 current size: 3836
[pool-117-thread-1] pick event Id=184, eMBMSSessionId=6 current size: 3835
[pool-117-thread-10] pick event Id=185, eMBMSSessionId=42 current size: 3834
[pool-117-thread-14] pick event Id=186, eMBMSSessionId=20 current size: 3833
[pool-117-thread-7] pick event Id=187, eMBMSSessionId=92 current size: 3832
[pool-117-thread-15] pick event Id=188, eMBMSSessionId=16 current size: 3831
[pool-117-thread-12] pick event Id=189, eMBMSSessionId=8 current size: 3830
[pool-117-thread-2] pick event Id=190, eMBMSSessionId=15 current size: 3829
[pool-117-thread-13] pick event Id=191, eMBMSSessionId=59 current size: 3828
[pool-117-thread-17] adds event Id=192, eMBMSSessionId=83 current size: 3828
[pool-117-thread-19] adds event Id=193, eMBMSSessionId=56 current size: 3828
[pool-117-thread-4] pick event Id=194, eMBMSSessionId=9 current size: 3827
pool-117-thread-11 reduces to 3826
pool-117-thread-8 reduces to 3825
[pool-117-thread-5] pick event Id=195, eMBMSSessionId=29 current size: 3824
[pool-117-thread-10] pick event Id=196, eMBMSSessionId=52 current size: 3823
[pool-117-thread-15] pick event Id=197, eMBMSSessionId=18 current size: 3822
[pool-117-thread-7] pick event Id=198, eMBMSSessionId=1 current size: 3821
[pool-117-thread-3] pick event Id=199, eMBMSSessionId=95 current size: 3820
[pool-117-thread-18] adds event Id=200, eMBMSSessionId=52 current size: 3820
[pool-117-thread-12] pick event Id=201, eMBMSSessionId=99 current size: 3819
[pool-117-thread-17] pick event Id=202, eMBMSSessionId=57 current size: 3818
[pool-117-thread-19] pick event Id=203, eMBMSSessionId=54 current size: 3817
[pool-117-thread-16] pick event Id=204, eMBMSSessionId=42 current size: 3816
[pool-117-thread-20] pick event Id=205, eMBMSSessionId=13 current size: 3815
[pool-117-thread-9] pick event Id=206, eMBMSSessionId=69 current size: 3814
[pool-117-thread-4] pick event Id=207, eMBMSSessionId=75 current size: 3813
[pool-117-thread-1] pick event Id=208, eMBMSSessionId=37 current size: 3812
[pool-117-thread-6] pick event Id=209, eMBMSSessionId=68 current size: 3811
[pool-117-thread-8] pick event Id=210, eMBMSSessionId=50 current size: 3810
[pool-117-thread-14] adds event Id=211, eMBMSSessionId=57 current size: 3810
pool-117-thread-10 reduces to 3809
[pool-117-thread-18] pick event Id=212, eMBMSSessionId=9 current size: 3808
[pool-117-thread-2] pick event Id=213, eMBMSSessionId=49 current size: 3807
[pool-117-thread-13] pick event Id=214, eMBMSSessionId=76 current size: 3806
pool-117-thread-17 reduces to 3805
[pool-117-thread-11] pick event Id=215, eMBMSSessionId=80 current size: 3804
[pool-117-thread-19] pick event Id=216, eMBMSSessionId=36 current size: 3803
[pool-117-thread-5] pick event Id=217, eMBMSSessionId=96 current size: 3802
[pool-117-thread-9] adds event Id=218, eMBMSSessionId=49 current size: 3802
[pool-117-thread-14] pick event Id=219, eMBMSSessionId=66 current size: 3801
[pool-117-thread-7] pick event Id=220, eMBMSSessionId=35 current size: 3800
[pool-117-thread-3] pick event Id=221, eMBMSSessionId=37 current size: 3799
[pool-117-thread-15] pick event Id=222, eMBMSSessionId=5 current size: 3798
pool-117-thread-2 reduces to 3797
[pool-117-thread-12] pick event Id=223, eMBMSSessionId=50 current size: 3796
[pool-117-thread-16] pick event Id=224, eMBMSSessionId=19 current size: 3795
[pool-117-thread-20] pick event Id=225, eMBMSSessionId=67 current size: 3794
[pool-117-thread-17] pick event Id=226, eMBMSSessionId=32 current size: 3793
[pool-117-thread-4] pick event Id=227, eMBMSSessionId=51 current size: 3792
[pool-117-thread-9] pick event Id=228, eMBMSSessionId=10 current size: 3791
[pool-117-thread-1] pick event Id=229, eMBMSSessionId=4 current size: 3790
[pool-117-thread-6] pick event Id=230, eMBMSSessionId=34 current size: 3789
[pool-117-thread-8] pick event Id=231, eMBMSSessionId=62 current size: 3788
[pool-117-thread-10] pick event Id=232, eMBMSSessionId=83 current size: 3787
[pool-117-thread-18] pick event Id=233, eMBMSSessionId=46 current size: 3786
[pool-117-thread-13] adds event Id=234, eMBMSSessionId=83 current size: 3786
[pool-117-thread-13] pick event Id=235, eMBMSSessionId=88 current size: 3785
[pool-117-thread-11] pick event Id=236, eMBMSSessionId=23 current size: 3784
[pool-117-thread-5] pick event Id=237, eMBMSSessionId=84 current size: 3783
[pool-117-thread-19] adds event Id=238, eMBMSSessionId=10 current size: 3783
pool-117-thread-9 reduces to 3782
[pool-117-thread-14] adds event Id=239, eMBMSSessionId=23 current size: 3782
[pool-117-thread-3] pick event Id=240, eMBMSSessionId=33 current size: 3781
[pool-117-thread-7] pick event Id=241, eMBMSSessionId=21 current size: 3780
pool-117-thread-10 reduces to 3779
[pool-117-thread-15] pick event Id=242, eMBMSSessionId=48 current size: 3778
[pool-117-thread-18] pick event Id=243, eMBMSSessionId=42 current size: 3777
[pool-117-thread-2] pick event Id=244, eMBMSSessionId=69 current size: 3776
[pool-117-thread-12] pick event Id=245, eMBMSSessionId=93 current size: 3775
[pool-117-thread-16] adds event Id=246, eMBMSSessionId=84 current size: 3775
[pool-117-thread-20] pick event Id=247, eMBMSSessionId=49 current size: 3774
[pool-117-thread-17] pick event Id=248, eMBMSSessionId=68 current size: 3773
[pool-117-thread-4] pick event Id=249, eMBMSSessionId=65 current size: 3772
pool-117-thread-11 reduces to 3771
[pool-117-thread-19] pick event Id=250, eMBMSSessionId=17 current size: 3770
pool-117-thread-5 reduces to 3769
[pool-117-thread-1] pick event Id=251, eMBMSSessionId=40 current size: 3768
[pool-117-thread-6] adds event Id=252, eMBMSSessionId=48 current size: 3768
[pool-117-thread-6] pick event Id=253, eMBMSSessionId=62 current size: 3767
[pool-117-thread-14] pick event Id=254, eMBMSSessionId=12 current size: 3766
[pool-117-thread-8] pick event Id=255, eMBMSSessionId=53 current size: 3765
pool-117-thread-15 reduces to 3764
[pool-117-thread-13] pick event Id=256, eMBMSSessionId=80 current size: 3763
[pool-117-thread-16] pick event Id=257, eMBMSSessionId=95 current size: 3762
[pool-117-thread-17] pick event Id=258, eMBMSSessionId=74 current size: 3761
[pool-117-thread-10] pick event Id=259, eMBMSSessionId=52 current size: 3760
[pool-117-thread-10] pick event Id=260, eMBMSSessionId=92 current size: 3759
[pool-117-thread-10] pick event Id=261, eMBMSSessionId=20 current size: 3758
[pool-117-thread-10] pick event Id=262, eMBMSSessionId=22 current size: 3757
[pool-117-thread-10] pick event Id=263, eMBMSSessionId=58 current size: 3756
[pool-117-thread-12] pick event Id=264, eMBMSSessionId=39 current size: 3755
[pool-117-thread-9] pick event Id=265, eMBMSSessionId=47 current size: 3754
[pool-117-thread-19] pick event Id=266, eMBMSSessionId=50 current size: 3753
[pool-117-thread-14] pick event Id=267, eMBMSSessionId=94 current size: 3752
[pool-117-thread-3] pick event Id=268, eMBMSSessionId=68 current size: 3751
[pool-117-thread-7] pick event Id=269, eMBMSSessionId=49 current size: 3750
[pool-117-thread-18] pick event Id=270, eMBMSSessionId=40 current size: 3749
[pool-117-thread-16] pick event Id=271, eMBMSSessionId=45 current size: 3748
[pool-117-thread-2] pick event Id=272, eMBMSSessionId=83 current size: 3747
[pool-117-thread-4] adds event Id=273, eMBMSSessionId=94 current size: 3747
[pool-117-thread-4] pick event Id=274, eMBMSSessionId=89 current size: 3746
[pool-117-thread-12] pick event Id=275, eMBMSSessionId=10 current size: 3745
[pool-117-thread-20] pick event Id=276, eMBMSSessionId=29 current size: 3744
[pool-117-thread-11] pick event Id=277, eMBMSSessionId=98 current size: 3743
[pool-117-thread-1] pick event Id=278, eMBMSSessionId=21 current size: 3742
[pool-117-thread-5] pick event Id=279, eMBMSSessionId=54 current size: 3741
[pool-117-thread-9] adds event Id=280, eMBMSSessionId=40 current size: 3741
[pool-117-thread-6] pick event Id=281, eMBMSSessionId=23 current size: 3740
[pool-117-thread-8] pick event Id=282, eMBMSSessionId=4 current size: 3739
[pool-117-thread-8] pick event Id=283, eMBMSSessionId=88 current size: 3738
[pool-117-thread-8] pick event Id=284, eMBMSSessionId=91 current size: 3737
[pool-117-thread-8] pick event Id=285, eMBMSSessionId=44 current size: 3736
pool-117-thread-14 reduces to 3735
[pool-117-thread-14] pick event Id=286, eMBMSSessionId=37 current size: 3734
[pool-117-thread-14] pick event Id=287, eMBMSSessionId=35 current size: 3733
[pool-117-thread-14] adds event Id=288, eMBMSSessionId=49 current size: 3733
[pool-117-thread-14] adds event Id=289, eMBMSSessionId=45 current size: 3733
[pool-117-thread-14] pick event Id=290, eMBMSSessionId=70 current size: 3732
pool-117-thread-7 reduces to 3731
[pool-117-thread-10] pick event Id=291, eMBMSSessionId=3 current size: 3730
[pool-117-thread-17] pick event Id=292, eMBMSSessionId=64 current size: 3729
[pool-117-thread-15] adds event Id=293, eMBMSSessionId=10 current size: 3729
[pool-117-thread-15] pick event Id=294, eMBMSSessionId=97 current size: 3728
[pool-117-thread-13] pick event Id=295, eMBMSSessionId=15 current size: 3727
pool-117-thread-18 reduces to 3726
pool-117-thread-16 reduces to 3725
[pool-117-thread-11] pick event Id=296, eMBMSSessionId=20 current size: 3724
pool-117-thread-12 reduces to 3723
[pool-117-thread-19] adds event Id=297, eMBMSSessionId=70 current size: 3723
[pool-117-thread-19] adds event Id=298, eMBMSSessionId=54 current size: 3723
[pool-117-thread-9] pick event Id=299, eMBMSSessionId=26 current size: 3722
pool-117-thread-5 reduces to 3721
[pool-117-thread-3] pick event Id=300, eMBMSSessionId=1 current size: 3720
[pool-117-thread-18] pick event Id=301, eMBMSSessionId=96 current size: 3719
[pool-117-thread-7] adds event Id=302, eMBMSSessionId=70 current size: 3719
[pool-117-thread-7] adds event Id=303, eMBMSSessionId=1 current size: 3719
[pool-117-thread-7] adds event Id=304, eMBMSSessionId=3 current size: 3719
[pool-117-thread-7] pick event Id=305, eMBMSSessionId=73 current size: 3718
[pool-117-thread-7] pick event Id=306, eMBMSSessionId=80 current size: 3717
pool-117-thread-14 reduces to 3716
[pool-117-thread-4] pick event Id=307, eMBMSSessionId=44 current size: 3715
[pool-117-thread-15] pick event Id=308, eMBMSSessionId=74 current size: 3714
[pool-117-thread-2] pick event Id=309, eMBMSSessionId=77 current size: 3713
[pool-117-thread-20] adds event Id=310, eMBMSSessionId=74 current size: 3713
[pool-117-thread-13] adds event Id=311, eMBMSSessionId=44 current size: 3713
[pool-117-thread-13] pick event Id=312, eMBMSSessionId=11 current size: 3712
[pool-117-thread-1] pick event Id=313, eMBMSSessionId=17 current size: 3711
[pool-117-thread-19] pick event Id=314, eMBMSSessionId=83 current size: 3710
pool-117-thread-10 reduces to 3709
[pool-117-thread-8] pick event Id=315, eMBMSSessionId=64 current size: 3708
pool-117-thread-3 reduces to 3707
pool-117-thread-14 reduces to 3706
[pool-117-thread-7] pick event Id=316, eMBMSSessionId=51 current size: 3705
[pool-117-thread-11] pick event Id=317, eMBMSSessionId=22 current size: 3704
pool-117-thread-15 reduces to 3703
pool-117-thread-4 reduces to 3702
[pool-117-thread-20] pick event Id=318, eMBMSSessionId=24 current size: 3701
[pool-117-thread-16] pick event Id=319, eMBMSSessionId=66 current size: 3700
[pool-117-thread-6] adds event Id=320, eMBMSSessionId=66 current size: 3700
[pool-117-thread-17] pick event Id=321, eMBMSSessionId=75 current size: 3699
[pool-117-thread-9] pick event Id=322, eMBMSSessionId=50 current size: 3698
[pool-117-thread-1] pick event Id=323, eMBMSSessionId=37 current size: 3697
[pool-117-thread-12] pick event Id=324, eMBMSSessionId=2 current size: 3696
[pool-117-thread-5] pick event Id=325, eMBMSSessionId=21 current size: 3695
[pool-117-thread-10] pick event Id=326, eMBMSSessionId=43 current size: 3694
[pool-117-thread-18] pick event Id=327, eMBMSSessionId=29 current size: 3693
[pool-117-thread-14] pick event Id=328, eMBMSSessionId=6 current size: 3692
[pool-117-thread-2] pick event Id=329, eMBMSSessionId=39 current size: 3691
[pool-117-thread-11] pick event Id=330, eMBMSSessionId=96 current size: 3690
[pool-117-thread-13] pick event Id=331, eMBMSSessionId=63 current size: 3689
[pool-117-thread-6] pick event Id=332, eMBMSSessionId=14 current size: 3688
pool-117-thread-16 reduces to 3687
[pool-117-thread-19] pick event Id=333, eMBMSSessionId=90 current size: 3686
[pool-117-thread-3] pick event Id=334, eMBMSSessionId=31 current size: 3685
[pool-117-thread-8] pick event Id=335, eMBMSSessionId=62 current size: 3684
[pool-117-thread-18] pick event Id=336, eMBMSSessionId=10 current size: 3683
[pool-117-thread-7] pick event Id=337, eMBMSSessionId=67 current size: 3682
[pool-117-thread-4] pick event Id=338, eMBMSSessionId=41 current size: 3681
[pool-117-thread-11] pick event Id=339, eMBMSSessionId=56 current size: 3680
[pool-117-thread-15] pick event Id=340, eMBMSSessionId=83 current size: 3679
[pool-117-thread-20] pick event Id=341, eMBMSSessionId=49 current size: 3678
[pool-117-thread-17] pick event Id=342, eMBMSSessionId=25 current size: 3677
[pool-117-thread-9] pick event Id=343, eMBMSSessionId=54 current size: 3676
[pool-117-thread-10] pick event Id=344, eMBMSSessionId=26 current size: 3675
[pool-117-thread-1] pick event Id=345, eMBMSSessionId=71 current size: 3674
[pool-117-thread-12] pick event Id=346, eMBMSSessionId=97 current size: 3673
[pool-117-thread-5] pick event Id=347, eMBMSSessionId=76 current size: 3672
[pool-117-thread-14] pick event Id=348, eMBMSSessionId=48 current size: 3671
[pool-117-thread-18] pick event Id=349, eMBMSSessionId=37 current size: 3670
[pool-117-thread-2] pick event Id=350, eMBMSSessionId=65 current size: 3669
[pool-117-thread-13] pick event Id=351, eMBMSSessionId=68 current size: 3668
[pool-117-thread-6] pick event Id=352, eMBMSSessionId=67 current size: 3667
[pool-117-thread-16] pick event Id=353, eMBMSSessionId=27 current size: 3666
[pool-117-thread-3] pick event Id=354, eMBMSSessionId=86 current size: 3665
[pool-117-thread-19] adds event Id=355, eMBMSSessionId=48 current size: 3665
[pool-117-thread-8] pick event Id=356, eMBMSSessionId=12 current size: 3664
[pool-117-thread-12] pick event Id=357, eMBMSSessionId=26 current size: 3663
[pool-117-thread-7] pick event Id=358, eMBMSSessionId=64 current size: 3662
pool-117-thread-14 reduces to 3661
[pool-117-thread-4] pick event Id=359, eMBMSSessionId=24 current size: 3660
[pool-117-thread-11] pick event Id=360, eMBMSSessionId=21 current size: 3659
[pool-117-thread-15] pick event Id=361, eMBMSSessionId=75 current size: 3658
[pool-117-thread-20] pick event Id=362, eMBMSSessionId=60 current size: 3657
[pool-117-thread-17] pick event Id=363, eMBMSSessionId=6 current size: 3656
[pool-117-thread-9] pick event Id=364, eMBMSSessionId=70 current size: 3655
[pool-117-thread-10] pick event Id=365, eMBMSSessionId=51 current size: 3654
[pool-117-thread-19] pick event Id=366, eMBMSSessionId=81 current size: 3653
[pool-117-thread-1] pick event Id=367, eMBMSSessionId=22 current size: 3652
[pool-117-thread-5] pick event Id=368, eMBMSSessionId=95 current size: 3651
[pool-117-thread-18] pick event Id=369, eMBMSSessionId=61 current size: 3650
[pool-117-thread-2] pick event Id=370, eMBMSSessionId=53 current size: 3649
[pool-117-thread-14] pick event Id=371, eMBMSSessionId=46 current size: 3648
[pool-117-thread-13] adds event Id=372, eMBMSSessionId=53 current size: 3648
[pool-117-thread-6] pick event Id=373, eMBMSSessionId=52 current size: 3647
[pool-117-thread-16] pick event Id=374, eMBMSSessionId=89 current size: 3646
[pool-117-thread-3] pick event Id=375, eMBMSSessionId=87 current size: 3645
[pool-117-thread-17] pick event Id=376, eMBMSSessionId=23 current size: 3644
[pool-117-thread-8] pick event Id=377, eMBMSSessionId=92 current size: 3643
[pool-117-thread-12] pick event Id=378, eMBMSSessionId=91 current size: 3642
[pool-117-thread-7] pick event Id=379, eMBMSSessionId=34 current size: 3641
[pool-117-thread-4] pick event Id=380, eMBMSSessionId=36 current size: 3640
[pool-117-thread-11] pick event Id=381, eMBMSSessionId=96 current size: 3639
pool-117-thread-2 reduces to 3638
[pool-117-thread-13] pick event Id=382, eMBMSSessionId=24 current size: 3637
[pool-117-thread-15] pick event Id=383, eMBMSSessionId=5 current size: 3636
[pool-117-thread-20] pick event Id=384, eMBMSSessionId=44 current size: 3635
[pool-117-thread-9] pick event Id=385, eMBMSSessionId=67 current size: 3634
[pool-117-thread-19] pick event Id=386, eMBMSSessionId=74 current size: 3633
[pool-117-thread-10] adds event Id=387, eMBMSSessionId=91 current size: 3633
[pool-117-thread-1] pick event Id=388, eMBMSSessionId=8 current size: 3632
[pool-117-thread-5] pick event Id=389, eMBMSSessionId=20 current size: 3631
pool-117-thread-12 reduces to 3630
[pool-117-thread-18] pick event Id=390, eMBMSSessionId=43 current size: 3629
[pool-117-thread-14] pick event Id=391, eMBMSSessionId=35 current size: 3628
[pool-117-thread-2] pick event Id=392, eMBMSSessionId=46 current size: 3627
[pool-117-thread-6] pick event Id=393, eMBMSSessionId=56 current size: 3626
[pool-117-thread-16] pick event Id=394, eMBMSSessionId=61 current size: 3625
[pool-117-thread-10] pick event Id=395, eMBMSSessionId=86 current size: 3624
[pool-117-thread-3] adds event Id=396, eMBMSSessionId=61 current size: 3624
[pool-117-thread-17] pick event Id=397, eMBMSSessionId=82 current size: 3623
[pool-117-thread-8] pick event Id=398, eMBMSSessionId=2 current size: 3622
[pool-117-thread-7] pick event Id=399, eMBMSSessionId=11 current size: 3621
[pool-117-thread-7] pick event Id=400, eMBMSSessionId=69 current size: 3620
[pool-117-thread-4] pick event Id=401, eMBMSSessionId=89 current size: 3619
[pool-117-thread-11] pick event Id=402, eMBMSSessionId=80 current size: 3618
[pool-117-thread-13] pick event Id=403, eMBMSSessionId=23 current size: 3617
[pool-117-thread-15] pick event Id=404, eMBMSSessionId=16 current size: 3616
[pool-117-thread-20] adds event Id=405, eMBMSSessionId=86 current size: 3616
[pool-117-thread-9] pick event Id=406, eMBMSSessionId=49 current size: 3615
pool-117-thread-16 reduces to 3614
[pool-117-thread-19] pick event Id=407, eMBMSSessionId=62 current size: 3613
pool-117-thread-10 reduces to 3612
[pool-117-thread-3] pick event Id=408, eMBMSSessionId=63 current size: 3611
[pool-117-thread-1] pick event Id=409, eMBMSSessionId=70 current size: 3610
[pool-117-thread-18] pick event Id=410, eMBMSSessionId=88 current size: 3609
[pool-117-thread-12] pick event Id=411, eMBMSSessionId=40 current size: 3608
[pool-117-thread-5] pick event Id=412, eMBMSSessionId=65 current size: 3607
[pool-117-thread-14] pick event Id=413, eMBMSSessionId=56 current size: 3606
[pool-117-thread-11] pick event Id=414, eMBMSSessionId=9 current size: 3605
[pool-117-thread-20] adds event Id=415, eMBMSSessionId=23 current size: 3605
pool-117-thread-13 reduces to 3604
[pool-117-thread-2] pick event Id=416, eMBMSSessionId=45 current size: 3603
[pool-117-thread-6] adds event Id=417, eMBMSSessionId=88 current size: 3603
[pool-117-thread-19] pick event Id=418, eMBMSSessionId=71 current size: 3602
[pool-117-thread-16] pick event Id=419, eMBMSSessionId=58 current size: 3601
[pool-117-thread-17] pick event Id=420, eMBMSSessionId=2 current size: 3600
[pool-117-thread-7] pick event Id=421, eMBMSSessionId=83 current size: 3599
[pool-117-thread-8] pick event Id=422, eMBMSSessionId=26 current size: 3598
pool-117-thread-18 reduces to 3597
[pool-117-thread-4] pick event Id=423, eMBMSSessionId=99 current size: 3596
[pool-117-thread-20] adds event Id=424, eMBMSSessionId=71 current size: 3596
[pool-117-thread-9] adds event Id=425, eMBMSSessionId=99 current size: 3596
[pool-117-thread-15] pick event Id=426, eMBMSSessionId=31 current size: 3595
[pool-117-thread-6] pick event Id=427, eMBMSSessionId=95 current size: 3594
pool-117-thread-19 reduces to 3593
[pool-117-thread-3] pick event Id=428, eMBMSSessionId=25 current size: 3592
[pool-117-thread-10] pick event Id=429, eMBMSSessionId=48 current size: 3591
[pool-117-thread-1] pick event Id=430, eMBMSSessionId=92 current size: 3590
[pool-117-thread-5] pick event Id=431, eMBMSSessionId=6 current size: 3589
[pool-117-thread-12] pick event Id=432, eMBMSSessionId=2 current size: 3588
[pool-117-thread-17] pick event Id=433, eMBMSSessionId=37 current size: 3587
[pool-117-thread-14] pick event Id=434, eMBMSSessionId=24 current size: 3586
[pool-117-thread-20] pick event Id=435, eMBMSSessionId=78 current size: 3585
pool-117-thread-4 reduces to 3584
[pool-117-thread-13] pick event Id=436, eMBMSSessionId=20 current size: 3583
[pool-117-thread-2] pick event Id=437, eMBMSSessionId=16 current size: 3582
[pool-117-thread-11] pick event Id=438, eMBMSSessionId=11 current size: 3581
[pool-117-thread-9] adds event Id=439, eMBMSSessionId=20 current size: 3581
[pool-117-thread-16] pick event Id=440, eMBMSSessionId=59 current size: 3580
[pool-117-thread-10] adds event Id=441, eMBMSSessionId=92 current size: 3580
pool-117-thread-1 reduces to 3579
[pool-117-thread-7] adds event Id=442, eMBMSSessionId=92 current size: 3579
[pool-117-thread-8] pick event Id=443, eMBMSSessionId=9 current size: 3578
[pool-117-thread-18] pick event Id=444, eMBMSSessionId=8 current size: 3577
pool-117-thread-1 reduces to 3576
[pool-117-thread-9] pick event Id=445, eMBMSSessionId=57 current size: 3575
pool-117-thread-13 reduces to 3574
[pool-117-thread-15] pick event Id=446, eMBMSSessionId=52 current size: 3573
[pool-117-thread-6] pick event Id=447, eMBMSSessionId=44 current size: 3572
[pool-117-thread-11] pick event Id=448, eMBMSSessionId=11 current size: 3571
[pool-117-thread-19] pick event Id=449, eMBMSSessionId=23 current size: 3570
[pool-117-thread-3] pick event Id=450, eMBMSSessionId=25 current size: 3569
[pool-117-thread-5] pick event Id=451, eMBMSSessionId=70 current size: 3568
[pool-117-thread-10] pick event Id=452, eMBMSSessionId=75 current size: 3567
[pool-117-thread-12] pick event Id=453, eMBMSSessionId=84 current size: 3566
[pool-117-thread-7] pick event Id=454, eMBMSSessionId=59 current size: 3565
[pool-117-thread-17] adds event Id=455, eMBMSSessionId=44 current size: 3565
[pool-117-thread-18] pick event Id=456, eMBMSSessionId=78 current size: 3564
[pool-117-thread-14] pick event Id=457, eMBMSSessionId=77 current size: 3563
[pool-117-thread-4] pick event Id=458, eMBMSSessionId=74 current size: 3562
[pool-117-thread-20] pick event Id=459, eMBMSSessionId=53 current size: 3561
[pool-117-thread-2] pick event Id=460, eMBMSSessionId=64 current size: 3560
[pool-117-thread-16] adds event Id=461, eMBMSSessionId=84 current size: 3560
pool-117-thread-6 reduces to 3559
pool-117-thread-12 reduces to 3558
[pool-117-thread-17] pick event Id=462, eMBMSSessionId=9 current size: 3557
[pool-117-thread-1] pick event Id=463, eMBMSSessionId=95 current size: 3556
[pool-117-thread-8] pick event Id=464, eMBMSSessionId=86 current size: 3555
[pool-117-thread-9] pick event Id=465, eMBMSSessionId=39 current size: 3554
[pool-117-thread-15] pick event Id=466, eMBMSSessionId=87 current size: 3553
[pool-117-thread-13] pick event Id=467, eMBMSSessionId=47 current size: 3552
[pool-117-thread-16] pick event Id=468, eMBMSSessionId=68 current size: 3551
[pool-117-thread-3] pick event Id=469, eMBMSSessionId=77 current size: 3550
[pool-117-thread-11] pick event Id=470, eMBMSSessionId=25 current size: 3549
[pool-117-thread-19] pick event Id=471, eMBMSSessionId=73 current size: 3548
[pool-117-thread-5] pick event Id=472, eMBMSSessionId=26 current size: 3547
[pool-117-thread-10] pick event Id=473, eMBMSSessionId=90 current size: 3546
[pool-117-thread-7] pick event Id=474, eMBMSSessionId=48 current size: 3545
[pool-117-thread-14] pick event Id=475, eMBMSSessionId=82 current size: 3544
[pool-117-thread-18] pick event Id=476, eMBMSSessionId=28 current size: 3543
[pool-117-thread-4] pick event Id=477, eMBMSSessionId=2 current size: 3542
[pool-117-thread-20] pick event Id=478, eMBMSSessionId=53 current size: 3541
[pool-117-thread-2] pick event Id=479, eMBMSSessionId=93 current size: 3540
[pool-117-thread-13] pick event Id=480, eMBMSSessionId=41 current size: 3539
[pool-117-thread-6] pick event Id=481, eMBMSSessionId=99 current size: 3538
[pool-117-thread-12] pick event Id=482, eMBMSSessionId=51 current size: 3537
[pool-117-thread-17] pick event Id=483, eMBMSSessionId=18 current size: 3536
[pool-117-thread-1] pick event Id=484, eMBMSSessionId=63 current size: 3535
[pool-117-thread-8] pick event Id=485, eMBMSSessionId=67 current size: 3534
[pool-117-thread-15] pick event Id=486, eMBMSSessionId=11 current size: 3533
[pool-117-thread-9] pick event Id=487, eMBMSSessionId=54 current size: 3532
[pool-117-thread-16] pick event Id=488, eMBMSSessionId=30 current size: 3531
[pool-117-thread-3] pick event Id=489, eMBMSSessionId=32 current size: 3530
[pool-117-thread-11] adds event Id=490, eMBMSSessionId=11 current size: 3530
[pool-117-thread-6] pick event Id=491, eMBMSSessionId=20 current size: 3529
[pool-117-thread-10] pick event Id=492, eMBMSSessionId=71 current size: 3528
[pool-117-thread-5] pick event Id=493, eMBMSSessionId=99 current size: 3527
[pool-117-thread-7] pick event Id=494, eMBMSSessionId=50 current size: 3526
[pool-117-thread-19] pick event Id=495, eMBMSSessionId=41 current size: 3525
[pool-117-thread-14] pick event Id=496, eMBMSSessionId=19 current size: 3524
[pool-117-thread-18] adds event Id=497, eMBMSSessionId=41 current size: 3524
[pool-117-thread-12] pick event Id=498, eMBMSSessionId=89 current size: 3523
[pool-117-thread-4] adds event Id=499, eMBMSSessionId=54 current size: 3523
[pool-117-thread-20] pick event Id=500, eMBMSSessionId=93 current size: 3522
[pool-117-thread-2] pick event Id=501, eMBMSSessionId=66 current size: 3521
pool-117-thread-15 reduces to 3520
pool-117-thread-9 reduces to 3519
[pool-117-thread-13] pick event Id=502, eMBMSSessionId=44 current size: 3518
[pool-117-thread-11] pick event Id=503, eMBMSSessionId=24 current size: 3517
[pool-117-thread-6] pick event Id=504, eMBMSSessionId=88 current size: 3516
pool-117-thread-19 reduces to 3515
[pool-117-thread-17] pick event Id=505, eMBMSSessionId=64 current size: 3514
[pool-117-thread-1] pick event Id=506, eMBMSSessionId=31 current size: 3513
[pool-117-thread-18] pick event Id=507, eMBMSSessionId=5 current size: 3512
[pool-117-thread-4] pick event Id=508, eMBMSSessionId=30 current size: 3511
[pool-117-thread-14] pick event Id=509, eMBMSSessionId=59 current size: 3510
[pool-117-thread-8] pick event Id=510, eMBMSSessionId=15 current size: 3509
[pool-117-thread-3] pick event Id=511, eMBMSSessionId=26 current size: 3508
[pool-117-thread-10] pick event Id=512, eMBMSSessionId=39 current size: 3507
[pool-117-thread-16] pick event Id=513, eMBMSSessionId=75 current size: 3506
[pool-117-thread-7] pick event Id=514, eMBMSSessionId=69 current size: 3505
[pool-117-thread-5] pick event Id=515, eMBMSSessionId=2 current size: 3504
[pool-117-thread-12] adds event Id=516, eMBMSSessionId=26 current size: 3504
[pool-117-thread-18] pick event Id=517, eMBMSSessionId=83 current size: 3503
[pool-117-thread-17] pick event Id=518, eMBMSSessionId=22 current size: 3502
[pool-117-thread-20] pick event Id=519, eMBMSSessionId=0 current size: 3501
testOverload end.
testFull begin.
[pool-118-thread-2] pick event Id=0, eMBMSSessionId=7 current size: 4998
[pool-118-thread-6] pick event Id=1, eMBMSSessionId=81 current size: 4997
[pool-118-thread-1] pick event Id=2, eMBMSSessionId=49 current size: 4996
[pool-118-thread-5] pick event Id=3, eMBMSSessionId=47 current size: 4995
[pool-118-thread-9] pick event Id=4, eMBMSSessionId=32 current size: 4994
[pool-118-thread-7] pick event Id=5, eMBMSSessionId=62 current size: 4993
[pool-118-thread-4] pick event Id=6, eMBMSSessionId=27 current size: 4992
[pool-118-thread-8] pick event Id=7, eMBMSSessionId=86 current size: 4991
[pool-118-thread-10] pick event Id=8, eMBMSSessionId=35 current size: 4990
[pool-118-thread-3] pick event Id=9, eMBMSSessionId=48 current size: 4989
[pool-118-thread-11] pick event Id=10, eMBMSSessionId=65 current size: 4988
[pool-118-thread-12] pick event Id=11, eMBMSSessionId=25 current size: 4987
[pool-118-thread-13] pick event Id=12, eMBMSSessionId=57 current size: 4986
[pool-118-thread-14] pick event Id=13, eMBMSSessionId=22 current size: 4985
[pool-118-thread-15] pick event Id=14, eMBMSSessionId=68 current size: 4984
[pool-118-thread-16] pick event Id=15, eMBMSSessionId=10 current size: 4983
[pool-118-thread-17] pick event Id=16, eMBMSSessionId=87 current size: 4982
[pool-118-thread-18] pick event Id=17, eMBMSSessionId=52 current size: 4981
[pool-118-thread-19] pick event Id=18, eMBMSSessionId=13 current size: 4980
[pool-118-thread-20] adds event Id=19, eMBMSSessionId=49 current size: 4980
[pool-118-thread-20] adds event Id=20, eMBMSSessionId=68 current size: 4980
[pool-118-thread-20] pick event Id=21, eMBMSSessionId=85 current size: 4979
event queue is full, will clear all data!
NbiEventCache is cleared with total events removed: 5029
testFull end.
13 times run start
testEventSequence begin.
testEventSequence end.
testSendRadomEmbmsSessionEvents begin.
testSendRadomEmbmsSessionEvents end.
testSendSameEmbmsSessionEvents begin.
testSendSameEmbmsSessionEvents end.
testSendNoSameEmbmsSessionEvents begin.
testSendNoSameEmbmsSessionEvents end.
testSendNoEmbmsSessionIdEvents begin.
testSendNoEmbmsSessionIdEvents end.
testOverload begin.
[pool-126-thread-1] pick event Id=0, eMBMSSessionId=91 current size: 4019
[pool-126-thread-4] pick event Id=1, eMBMSSessionId=86 current size: 4018
[pool-126-thread-2] pick event Id=2, eMBMSSessionId=39 current size: 4017
[pool-126-thread-3] pick event Id=3, eMBMSSessionId=83 current size: 4016
[pool-126-thread-6] pick event Id=4, eMBMSSessionId=56 current size: 4015
[pool-126-thread-7] pick event Id=5, eMBMSSessionId=19 current size: 4014
pool-126-thread-1 Discard NBI event &apos; Id=0, eMBMSSessionId=91&apos;, current queue size: 4014
pool-126-thread-4 Discard NBI event &apos; Id=1, eMBMSSessionId=86&apos;, current queue size: 4014
pool-126-thread-3 Discard NBI event &apos; Id=3, eMBMSSessionId=83&apos;, current queue size: 4014
[pool-126-thread-5] pick event Id=6, eMBMSSessionId=59 current size: 4013
pool-126-thread-6 Discard NBI event &apos; Id=4, eMBMSSessionId=56&apos;, current queue size: 4013
pool-126-thread-2 Discard NBI event &apos; Id=2, eMBMSSessionId=39&apos;, current queue size: 4013
[pool-126-thread-8] pick event Id=7, eMBMSSessionId=4 current size: 4012
pool-126-thread-7 Discard NBI event &apos; Id=5, eMBMSSessionId=19&apos;, current queue size: 4012
pool-126-thread-8 Discard NBI event &apos; Id=7, eMBMSSessionId=4&apos;, current queue size: 4012
[pool-126-thread-9] pick event Id=8, eMBMSSessionId=22 current size: 4011
pool-126-thread-5 Discard NBI event &apos; Id=6, eMBMSSessionId=59&apos;, current queue size: 4012
[pool-126-thread-10] pick event Id=9, eMBMSSessionId=17 current size: 4010
[pool-126-thread-12] pick event Id=10, eMBMSSessionId=49 current size: 4009
[pool-126-thread-11] pick event Id=11, eMBMSSessionId=70 current size: 4008
[pool-126-thread-13] pick event Id=12, eMBMSSessionId=48 current size: 4007
pool-126-thread-9 Discard NBI event &apos; Id=8, eMBMSSessionId=22&apos;, current queue size: 4007
pool-126-thread-12 Discard NBI event &apos; Id=10, eMBMSSessionId=49&apos;, current queue size: 4007
pool-126-thread-10 Discard NBI event &apos; Id=9, eMBMSSessionId=17&apos;, current queue size: 4007
pool-126-thread-11 Discard NBI event &apos; Id=11, eMBMSSessionId=70&apos;, current queue size: 4007
[pool-126-thread-14] pick event Id=13, eMBMSSessionId=36 current size: 4006
pool-126-thread-13 Discard NBI event &apos; Id=12, eMBMSSessionId=48&apos;, current queue size: 4006
[pool-126-thread-15] pick event Id=14, eMBMSSessionId=1 current size: 4005
pool-126-thread-14 Discard NBI event &apos; Id=13, eMBMSSessionId=36&apos;, current queue size: 4005
pool-126-thread-15 Discard NBI event &apos; Id=14, eMBMSSessionId=1&apos;, current queue size: 4005
[pool-126-thread-16] pick event Id=15, eMBMSSessionId=97 current size: 4004
[pool-126-thread-17] pick event Id=16, eMBMSSessionId=68 current size: 4003
pool-126-thread-16 Discard NBI event &apos; Id=15, eMBMSSessionId=97&apos;, current queue size: 4003
[pool-126-thread-18] pick event Id=17, eMBMSSessionId=42 current size: 4002
pool-126-thread-17 Discard NBI event &apos; Id=16, eMBMSSessionId=68&apos;, current queue size: 4002
[pool-126-thread-9] pick event Id=18, eMBMSSessionId=76 current size: 4001
pool-126-thread-18 Discard NBI event &apos; Id=17, eMBMSSessionId=42&apos;, current queue size: 4002
pool-126-thread-9 Discard NBI event &apos; Id=18, eMBMSSessionId=76&apos;, current queue size: 4001
[pool-126-thread-19] pick event Id=19, eMBMSSessionId=78 current size: 4000
[pool-126-thread-20] pick event Id=20, eMBMSSessionId=63 current size: 3999
[pool-126-thread-1] pick event Id=21, eMBMSSessionId=29 current size: 3998
[pool-126-thread-4] pick event Id=22, eMBMSSessionId=5 current size: 3997
pool-126-thread-19 Discard NBI event &apos; Id=19, eMBMSSessionId=78&apos;, current queue size: 3997
[pool-126-thread-3] pick event Id=23, eMBMSSessionId=18 current size: 3996
[pool-126-thread-19] pick event Id=24, eMBMSSessionId=23 current size: 3995
[pool-126-thread-6] pick event Id=25, eMBMSSessionId=65 current size: 3994
[pool-126-thread-2] pick event Id=26, eMBMSSessionId=3 current size: 3993
[pool-126-thread-5] pick event Id=27, eMBMSSessionId=7 current size: 3992
[pool-126-thread-8] pick event Id=28, eMBMSSessionId=44 current size: 3991
[pool-126-thread-7] pick event Id=29, eMBMSSessionId=4 current size: 3990
[pool-126-thread-13] pick event Id=30, eMBMSSessionId=56 current size: 3989
[pool-126-thread-12] adds event Id=31, eMBMSSessionId=65 current size: 3989
[pool-126-thread-11] pick event Id=32, eMBMSSessionId=52 current size: 3988
[pool-126-thread-10] pick event Id=33, eMBMSSessionId=19 current size: 3987
[pool-126-thread-15] pick event Id=34, eMBMSSessionId=87 current size: 3986
[pool-126-thread-14] pick event Id=35, eMBMSSessionId=26 current size: 3985
[pool-126-thread-16] pick event Id=36, eMBMSSessionId=73 current size: 3984
pool-126-thread-6 reduces to 3983
[pool-126-thread-17] pick event Id=37, eMBMSSessionId=32 current size: 3982
[pool-126-thread-18] pick event Id=38, eMBMSSessionId=64 current size: 3981
[pool-126-thread-12] pick event Id=39, eMBMSSessionId=4 current size: 3980
[pool-126-thread-9] pick event Id=40, eMBMSSessionId=77 current size: 3979
[pool-126-thread-1] pick event Id=41, eMBMSSessionId=13 current size: 3978
[pool-126-thread-20] adds event Id=42, eMBMSSessionId=64 current size: 3978
[pool-126-thread-4] pick event Id=43, eMBMSSessionId=80 current size: 3977
[pool-126-thread-3] pick event Id=44, eMBMSSessionId=74 current size: 3976
[pool-126-thread-8] pick event Id=45, eMBMSSessionId=24 current size: 3975
[pool-126-thread-7] adds event Id=46, eMBMSSessionId=80 current size: 3975
[pool-126-thread-5] pick event Id=47, eMBMSSessionId=25 current size: 3974
[pool-126-thread-19] adds event Id=48, eMBMSSessionId=24 current size: 3974
[pool-126-thread-2] pick event Id=49, eMBMSSessionId=26 current size: 3973
pool-126-thread-18 reduces to 3972
[pool-126-thread-13] pick event Id=50, eMBMSSessionId=45 current size: 3971
[pool-126-thread-20] pick event Id=51, eMBMSSessionId=38 current size: 3970
[pool-126-thread-12] adds event Id=52, eMBMSSessionId=74 current size: 3970
[pool-126-thread-11] adds event Id=53, eMBMSSessionId=64 current size: 3970
[pool-126-thread-10] pick event Id=54, eMBMSSessionId=90 current size: 3969
[pool-126-thread-14] pick event Id=55, eMBMSSessionId=62 current size: 3968
pool-126-thread-4 reduces to 3967
[pool-126-thread-15] pick event Id=56, eMBMSSessionId=73 current size: 3966
pool-126-thread-3 reduces to 3965
pool-126-thread-8 reduces to 3964
[pool-126-thread-7] pick event Id=57, eMBMSSessionId=87 current size: 3963
[pool-126-thread-15] pick event Id=58, eMBMSSessionId=4 current size: 3962
[pool-126-thread-16] pick event Id=59, eMBMSSessionId=97 current size: 3961
[pool-126-thread-6] pick event Id=60, eMBMSSessionId=53 current size: 3960
[pool-126-thread-19] pick event Id=61, eMBMSSessionId=72 current size: 3959
[pool-126-thread-5] pick event Id=62, eMBMSSessionId=44 current size: 3958
[pool-126-thread-17] pick event Id=63, eMBMSSessionId=55 current size: 3957
[pool-126-thread-2] pick event Id=64, eMBMSSessionId=99 current size: 3956
[pool-126-thread-12] pick event Id=65, eMBMSSessionId=91 current size: 3955
[pool-126-thread-11] pick event Id=66, eMBMSSessionId=56 current size: 3954
[pool-126-thread-1] pick event Id=67, eMBMSSessionId=37 current size: 3953
pool-126-thread-18 reduces to 3952
[pool-126-thread-9] adds event Id=68, eMBMSSessionId=64 current size: 3952
[pool-126-thread-3] pick event Id=69, eMBMSSessionId=66 current size: 3951
[pool-126-thread-10] pick event Id=70, eMBMSSessionId=34 current size: 3950
[pool-126-thread-13] pick event Id=71, eMBMSSessionId=84 current size: 3949
[pool-126-thread-20] pick event Id=72, eMBMSSessionId=91 current size: 3948
pool-126-thread-18 reduces to 3947
[pool-126-thread-9] pick event Id=73, eMBMSSessionId=69 current size: 3946
[pool-126-thread-14] pick event Id=74, eMBMSSessionId=56 current size: 3945
[pool-126-thread-4] pick event Id=75, eMBMSSessionId=12 current size: 3944
[pool-126-thread-15] pick event Id=76, eMBMSSessionId=30 current size: 3943
[pool-126-thread-8] pick event Id=77, eMBMSSessionId=74 current size: 3942
[pool-126-thread-7] pick event Id=78, eMBMSSessionId=77 current size: 3941
[pool-126-thread-16] pick event Id=79, eMBMSSessionId=46 current size: 3940
[pool-126-thread-6] pick event Id=80, eMBMSSessionId=43 current size: 3939
[pool-126-thread-19] pick event Id=81, eMBMSSessionId=79 current size: 3938
[pool-126-thread-5] pick event Id=82, eMBMSSessionId=50 current size: 3937
[pool-126-thread-17] adds event Id=83, eMBMSSessionId=34 current size: 3937
[pool-126-thread-11] pick event Id=84, eMBMSSessionId=26 current size: 3936
[pool-126-thread-1] pick event Id=85, eMBMSSessionId=67 current size: 3935
pool-126-thread-10 reduces to 3934
[pool-126-thread-12] pick event Id=86, eMBMSSessionId=70 current size: 3933
[pool-126-thread-2] pick event Id=87, eMBMSSessionId=11 current size: 3932
[pool-126-thread-3] pick event Id=88, eMBMSSessionId=40 current size: 3931
[pool-126-thread-17] pick event Id=89, eMBMSSessionId=6 current size: 3930
[pool-126-thread-13] pick event Id=90, eMBMSSessionId=29 current size: 3929
[pool-126-thread-18] pick event Id=91, eMBMSSessionId=96 current size: 3928
[pool-126-thread-20] pick event Id=92, eMBMSSessionId=90 current size: 3927
[pool-126-thread-9] pick event Id=93, eMBMSSessionId=84 current size: 3926
[pool-126-thread-14] pick event Id=94, eMBMSSessionId=7 current size: 3925
[pool-126-thread-4] pick event Id=95, eMBMSSessionId=60 current size: 3924
[pool-126-thread-2] pick event Id=96, eMBMSSessionId=4 current size: 3923
[pool-126-thread-15] pick event Id=97, eMBMSSessionId=98 current size: 3922
[pool-126-thread-8] pick event Id=98, eMBMSSessionId=93 current size: 3921
[pool-126-thread-16] pick event Id=99, eMBMSSessionId=34 current size: 3920
[pool-126-thread-7] adds event Id=100, eMBMSSessionId=93 current size: 3920
[pool-126-thread-6] pick event Id=101, eMBMSSessionId=42 current size: 3919
[pool-126-thread-19] adds event Id=102, eMBMSSessionId=29 current size: 3919
[pool-126-thread-5] pick event Id=103, eMBMSSessionId=88 current size: 3918
[pool-126-thread-11] pick event Id=104, eMBMSSessionId=63 current size: 3917
[pool-126-thread-1] pick event Id=105, eMBMSSessionId=5 current size: 3916
[pool-126-thread-10] adds event Id=106, eMBMSSessionId=34 current size: 3916
pool-126-thread-13 reduces to 3915
[pool-126-thread-12] pick event Id=107, eMBMSSessionId=50 current size: 3914
[pool-126-thread-18] adds event Id=108, eMBMSSessionId=5 current size: 3914
pool-126-thread-8 reduces to 3913
[pool-126-thread-3] pick event Id=109, eMBMSSessionId=14 current size: 3912
[pool-126-thread-7] pick event Id=110, eMBMSSessionId=0 current size: 3911
pool-126-thread-16 reduces to 3910
[pool-126-thread-19] pick event Id=111, eMBMSSessionId=64 current size: 3909
[pool-126-thread-17] pick event Id=112, eMBMSSessionId=22 current size: 3908
[pool-126-thread-10] pick event Id=113, eMBMSSessionId=85 current size: 3907
pool-126-thread-1 reduces to 3906
[pool-126-thread-5] adds event Id=114, eMBMSSessionId=93 current size: 3906
[pool-126-thread-11] pick event Id=115, eMBMSSessionId=24 current size: 3905
[pool-126-thread-20] pick event Id=116, eMBMSSessionId=42 current size: 3904
[pool-126-thread-18] pick event Id=117, eMBMSSessionId=1 current size: 3903
[pool-126-thread-14] pick event Id=118, eMBMSSessionId=82 current size: 3902
[pool-126-thread-9] pick event Id=119, eMBMSSessionId=69 current size: 3901
[pool-126-thread-4] pick event Id=120, eMBMSSessionId=75 current size: 3900
[pool-126-thread-2] pick event Id=121, eMBMSSessionId=47 current size: 3899
[pool-126-thread-15] pick event Id=122, eMBMSSessionId=25 current size: 3898
pool-126-thread-8 reduces to 3897
[pool-126-thread-6] pick event Id=123, eMBMSSessionId=98 current size: 3896
[pool-126-thread-5] pick event Id=124, eMBMSSessionId=52 current size: 3895
[pool-126-thread-13] adds event Id=125, eMBMSSessionId=1 current size: 3895
[pool-126-thread-1] pick event Id=126, eMBMSSessionId=43 current size: 3894
[pool-126-thread-12] pick event Id=127, eMBMSSessionId=63 current size: 3893
pool-126-thread-18 reduces to 3892
[pool-126-thread-7] pick event Id=128, eMBMSSessionId=38 current size: 3891
[pool-126-thread-3] pick event Id=129, eMBMSSessionId=12 current size: 3890
[pool-126-thread-19] pick event Id=130, eMBMSSessionId=75 current size: 3889
[pool-126-thread-16] pick event Id=131, eMBMSSessionId=64 current size: 3888
[pool-126-thread-17] pick event Id=132, eMBMSSessionId=72 current size: 3887
[pool-126-thread-10] pick event Id=133, eMBMSSessionId=3 current size: 3886
[pool-126-thread-13] pick event Id=134, eMBMSSessionId=94 current size: 3885
[pool-126-thread-11] adds event Id=135, eMBMSSessionId=3 current size: 3885
[pool-126-thread-11] pick event Id=136, eMBMSSessionId=98 current size: 3884
[pool-126-thread-20] pick event Id=137, eMBMSSessionId=29 current size: 3883
[pool-126-thread-14] adds event Id=138, eMBMSSessionId=94 current size: 3883
[pool-126-thread-9] pick event Id=139, eMBMSSessionId=66 current size: 3882
[pool-126-thread-4] pick event Id=140, eMBMSSessionId=4 current size: 3881
[pool-126-thread-2] pick event Id=141, eMBMSSessionId=25 current size: 3880
[pool-126-thread-15] pick event Id=142, eMBMSSessionId=97 current size: 3879
[pool-126-thread-8] pick event Id=143, eMBMSSessionId=78 current size: 3878
[pool-126-thread-6] pick event Id=144, eMBMSSessionId=36 current size: 3877
pool-126-thread-10 reduces to 3876
[pool-126-thread-16] pick event Id=145, eMBMSSessionId=20 current size: 3875
pool-126-thread-13 reduces to 3874
[pool-126-thread-5] pick event Id=146, eMBMSSessionId=39 current size: 3873
[pool-126-thread-1] pick event Id=147, eMBMSSessionId=30 current size: 3872
[pool-126-thread-12] adds event Id=148, eMBMSSessionId=78 current size: 3872
[pool-126-thread-12] pick event Id=149, eMBMSSessionId=86 current size: 3871
[pool-126-thread-20] pick event Id=150, eMBMSSessionId=77 current size: 3870
[pool-126-thread-14] pick event Id=151, eMBMSSessionId=82 current size: 3869
[pool-126-thread-18] pick event Id=152, eMBMSSessionId=31 current size: 3868
[pool-126-thread-4] pick event Id=153, eMBMSSessionId=99 current size: 3867
pool-126-thread-8 reduces to 3866
[pool-126-thread-7] adds event Id=154, eMBMSSessionId=94 current size: 3866
[pool-126-thread-3] pick event Id=155, eMBMSSessionId=37 current size: 3865
[pool-126-thread-19] pick event Id=156, eMBMSSessionId=52 current size: 3864
[pool-126-thread-17] pick event Id=157, eMBMSSessionId=35 current size: 3863
pool-126-thread-13 reduces to 3862
[pool-126-thread-11] pick event Id=158, eMBMSSessionId=87 current size: 3861
[pool-126-thread-9] pick event Id=159, eMBMSSessionId=29 current size: 3860
[pool-126-thread-2] pick event Id=160, eMBMSSessionId=33 current size: 3859
[pool-126-thread-15] adds event Id=161, eMBMSSessionId=33 current size: 3859
[pool-126-thread-15] pick event Id=162, eMBMSSessionId=38 current size: 3858
[pool-126-thread-7] pick event Id=163, eMBMSSessionId=51 current size: 3857
[pool-126-thread-6] pick event Id=164, eMBMSSessionId=54 current size: 3856
[pool-126-thread-4] pick event Id=165, eMBMSSessionId=42 current size: 3855
[pool-126-thread-10] adds event Id=166, eMBMSSessionId=51 current size: 3855
[pool-126-thread-10] pick event Id=167, eMBMSSessionId=5 current size: 3854
[pool-126-thread-16] pick event Id=168, eMBMSSessionId=28 current size: 3853
[pool-126-thread-19] pick event Id=169, eMBMSSessionId=96 current size: 3852
[pool-126-thread-20] pick event Id=170, eMBMSSessionId=8 current size: 3851
[pool-126-thread-5] pick event Id=171, eMBMSSessionId=73 current size: 3850
[pool-126-thread-1] pick event Id=172, eMBMSSessionId=81 current size: 3849
[pool-126-thread-12] pick event Id=173, eMBMSSessionId=26 current size: 3848
[pool-126-thread-14] pick event Id=174, eMBMSSessionId=37 current size: 3847
[pool-126-thread-18] pick event Id=175, eMBMSSessionId=89 current size: 3846
pool-126-thread-2 reduces to 3845
[pool-126-thread-8] pick event Id=176, eMBMSSessionId=66 current size: 3844
pool-126-thread-7 reduces to 3843
[pool-126-thread-3] pick event Id=177, eMBMSSessionId=7 current size: 3842
[pool-126-thread-17] pick event Id=178, eMBMSSessionId=60 current size: 3841
[pool-126-thread-13] pick event Id=179, eMBMSSessionId=95 current size: 3840
[pool-126-thread-11] pick event Id=180, eMBMSSessionId=65 current size: 3839
[pool-126-thread-9] pick event Id=181, eMBMSSessionId=39 current size: 3838
[pool-126-thread-14] pick event Id=182, eMBMSSessionId=63 current size: 3837
[pool-126-thread-15] pick event Id=183, eMBMSSessionId=96 current size: 3836
[pool-126-thread-6] adds event Id=184, eMBMSSessionId=39 current size: 3836
[pool-126-thread-10] pick event Id=185, eMBMSSessionId=52 current size: 3835
[pool-126-thread-8] pick event Id=186, eMBMSSessionId=10 current size: 3834
[pool-126-thread-4] pick event Id=187, eMBMSSessionId=64 current size: 3833
[pool-126-thread-16] pick event Id=188, eMBMSSessionId=28 current size: 3832
[pool-126-thread-19] pick event Id=189, eMBMSSessionId=4 current size: 3831
[pool-126-thread-20] pick event Id=190, eMBMSSessionId=44 current size: 3830
[pool-126-thread-5] pick event Id=191, eMBMSSessionId=42 current size: 3829
[pool-126-thread-1] pick event Id=192, eMBMSSessionId=30 current size: 3828
[pool-126-thread-12] pick event Id=193, eMBMSSessionId=85 current size: 3827
pool-126-thread-9 reduces to 3826
[pool-126-thread-18] adds event Id=194, eMBMSSessionId=42 current size: 3826
[pool-126-thread-6] pick event Id=195, eMBMSSessionId=35 current size: 3825
[pool-126-thread-2] pick event Id=196, eMBMSSessionId=5 current size: 3824
[pool-126-thread-3] pick event Id=197, eMBMSSessionId=6 current size: 3823
[pool-126-thread-7] pick event Id=198, eMBMSSessionId=43 current size: 3822
[pool-126-thread-17] pick event Id=199, eMBMSSessionId=80 current size: 3821
[pool-126-thread-13] pick event Id=200, eMBMSSessionId=56 current size: 3820
pool-126-thread-5 reduces to 3819
[pool-126-thread-11] pick event Id=201, eMBMSSessionId=0 current size: 3818
[pool-126-thread-14] pick event Id=202, eMBMSSessionId=84 current size: 3817
[pool-126-thread-18] pick event Id=203, eMBMSSessionId=89 current size: 3816
[pool-126-thread-15] pick event Id=204, eMBMSSessionId=81 current size: 3815
[pool-126-thread-10] pick event Id=205, eMBMSSessionId=41 current size: 3814
[pool-126-thread-8] pick event Id=206, eMBMSSessionId=67 current size: 3813
[pool-126-thread-19] pick event Id=207, eMBMSSessionId=48 current size: 3812
[pool-126-thread-4] pick event Id=208, eMBMSSessionId=51 current size: 3811
[pool-126-thread-16] adds event Id=209, eMBMSSessionId=56 current size: 3811
pool-126-thread-13 reduces to 3810
[pool-126-thread-20] pick event Id=210, eMBMSSessionId=68 current size: 3809
[pool-126-thread-1] pick event Id=211, eMBMSSessionId=72 current size: 3808
[pool-126-thread-12] pick event Id=212, eMBMSSessionId=97 current size: 3807
[pool-126-thread-9] pick event Id=213, eMBMSSessionId=35 current size: 3806
[pool-126-thread-11] pick event Id=214, eMBMSSessionId=88 current size: 3805
[pool-126-thread-6] pick event Id=215, eMBMSSessionId=20 current size: 3804
[pool-126-thread-2] adds event Id=216, eMBMSSessionId=88 current size: 3804
[pool-126-thread-3] pick event Id=217, eMBMSSessionId=47 current size: 3803
[pool-126-thread-7] pick event Id=218, eMBMSSessionId=2 current size: 3802
[pool-126-thread-16] pick event Id=219, eMBMSSessionId=79 current size: 3801
[pool-126-thread-17] pick event Id=220, eMBMSSessionId=18 current size: 3800
[pool-126-thread-5] pick event Id=221, eMBMSSessionId=90 current size: 3799
[pool-126-thread-13] pick event Id=222, eMBMSSessionId=92 current size: 3798
[pool-126-thread-18] pick event Id=223, eMBMSSessionId=5 current size: 3797
[pool-126-thread-15] pick event Id=224, eMBMSSessionId=61 current size: 3796
[pool-126-thread-14] pick event Id=225, eMBMSSessionId=87 current size: 3795
pool-126-thread-11 reduces to 3794
[pool-126-thread-2] pick event Id=226, eMBMSSessionId=91 current size: 3793
[pool-126-thread-10] pick event Id=227, eMBMSSessionId=16 current size: 3792
[pool-126-thread-8] pick event Id=228, eMBMSSessionId=30 current size: 3791
[pool-126-thread-19] pick event Id=229, eMBMSSessionId=35 current size: 3790
[pool-126-thread-7] pick event Id=230, eMBMSSessionId=71 current size: 3789
[pool-126-thread-4] pick event Id=231, eMBMSSessionId=26 current size: 3788
[pool-126-thread-20] pick event Id=232, eMBMSSessionId=19 current size: 3787
[pool-126-thread-17] pick event Id=233, eMBMSSessionId=63 current size: 3786
[pool-126-thread-1] pick event Id=234, eMBMSSessionId=9 current size: 3785
[pool-126-thread-9] pick event Id=235, eMBMSSessionId=84 current size: 3784
[pool-126-thread-12] adds event Id=236, eMBMSSessionId=9 current size: 3784
[pool-126-thread-6] pick event Id=237, eMBMSSessionId=7 current size: 3783
[pool-126-thread-2] pick event Id=238, eMBMSSessionId=4 current size: 3782
[pool-126-thread-3] pick event Id=239, eMBMSSessionId=92 current size: 3781
[pool-126-thread-16] pick event Id=240, eMBMSSessionId=76 current size: 3780
[pool-126-thread-8] pick event Id=241, eMBMSSessionId=74 current size: 3779
[pool-126-thread-5] pick event Id=242, eMBMSSessionId=26 current size: 3778
pool-126-thread-1 reduces to 3777
[pool-126-thread-12] pick event Id=243, eMBMSSessionId=47 current size: 3776
[pool-126-thread-13] pick event Id=244, eMBMSSessionId=21 current size: 3775
[pool-126-thread-18] pick event Id=245, eMBMSSessionId=99 current size: 3774
[pool-126-thread-15] pick event Id=246, eMBMSSessionId=56 current size: 3773
[pool-126-thread-14] pick event Id=247, eMBMSSessionId=65 current size: 3772
[pool-126-thread-11] pick event Id=248, eMBMSSessionId=69 current size: 3771
[pool-126-thread-19] adds event Id=249, eMBMSSessionId=92 current size: 3771
[pool-126-thread-10] pick event Id=250, eMBMSSessionId=90 current size: 3770
[pool-126-thread-4] pick event Id=251, eMBMSSessionId=75 current size: 3769
[pool-126-thread-4] pick event Id=252, eMBMSSessionId=28 current size: 3768
[pool-126-thread-4] pick event Id=253, eMBMSSessionId=33 current size: 3767
[pool-126-thread-4] pick event Id=254, eMBMSSessionId=61 current size: 3766
[pool-126-thread-4] pick event Id=255, eMBMSSessionId=79 current size: 3765
[pool-126-thread-4] pick event Id=256, eMBMSSessionId=57 current size: 3764
[pool-126-thread-4] pick event Id=257, eMBMSSessionId=29 current size: 3763
[pool-126-thread-10] adds event Id=258, eMBMSSessionId=76 current size: 3763
[pool-126-thread-10] pick event Id=259, eMBMSSessionId=59 current size: 3762
[pool-126-thread-10] adds event Id=260, eMBMSSessionId=26 current size: 3762
[pool-126-thread-10] pick event Id=261, eMBMSSessionId=30 current size: 3761
[pool-126-thread-10] adds event Id=262, eMBMSSessionId=29 current size: 3761
[pool-126-thread-10] pick event Id=263, eMBMSSessionId=96 current size: 3760
[pool-126-thread-10] pick event Id=264, eMBMSSessionId=12 current size: 3759
[pool-126-thread-10] pick event Id=265, eMBMSSessionId=27 current size: 3758
[pool-126-thread-10] pick event Id=266, eMBMSSessionId=60 current size: 3757
[pool-126-thread-10] adds event Id=267, eMBMSSessionId=29 current size: 3757
[pool-126-thread-10] pick event Id=268, eMBMSSessionId=59 current size: 3756
[pool-126-thread-10] adds event Id=269, eMBMSSessionId=99 current size: 3756
[pool-126-thread-10] pick event Id=270, eMBMSSessionId=58 current size: 3755
[pool-126-thread-10] pick event Id=271, eMBMSSessionId=17 current size: 3754
[pool-126-thread-10] pick event Id=272, eMBMSSessionId=68 current size: 3753
[pool-126-thread-10] pick event Id=273, eMBMSSessionId=12 current size: 3752
[pool-126-thread-10] pick event Id=274, eMBMSSessionId=96 current size: 3751
[pool-126-thread-10] pick event Id=275, eMBMSSessionId=78 current size: 3750
[pool-126-thread-10] pick event Id=276, eMBMSSessionId=73 current size: 3749
[pool-126-thread-10] pick event Id=277, eMBMSSessionId=78 current size: 3748
[pool-126-thread-10] pick event Id=278, eMBMSSessionId=80 current size: 3747
[pool-126-thread-10] pick event Id=279, eMBMSSessionId=44 current size: 3746
[pool-126-thread-10] pick event Id=280, eMBMSSessionId=51 current size: 3745
[pool-126-thread-10] pick event Id=281, eMBMSSessionId=51 current size: 3744
[pool-126-thread-10] pick event Id=282, eMBMSSessionId=85 current size: 3743
[pool-126-thread-10] adds event Id=283, eMBMSSessionId=26 current size: 3743
[pool-126-thread-10] pick event Id=284, eMBMSSessionId=43 current size: 3742
[pool-126-thread-10] pick event Id=285, eMBMSSessionId=20 current size: 3741
[pool-126-thread-10] adds event Id=286, eMBMSSessionId=99 current size: 3741
[pool-126-thread-10] pick event Id=287, eMBMSSessionId=28 current size: 3740
[pool-126-thread-10] pick event Id=288, eMBMSSessionId=19 current size: 3739
[pool-126-thread-10] pick event Id=289, eMBMSSessionId=17 current size: 3738
[pool-126-thread-10] pick event Id=290, eMBMSSessionId=46 current size: 3737
[pool-126-thread-10] pick event Id=291, eMBMSSessionId=70 current size: 3736
[pool-126-thread-10] pick event Id=292, eMBMSSessionId=27 current size: 3735
[pool-126-thread-10] pick event Id=293, eMBMSSessionId=82 current size: 3734
[pool-126-thread-10] adds event Id=294, eMBMSSessionId=92 current size: 3734
[pool-126-thread-10] pick event Id=295, eMBMSSessionId=97 current size: 3733
[pool-126-thread-10] pick event Id=296, eMBMSSessionId=39 current size: 3732
[pool-126-thread-10] pick event Id=297, eMBMSSessionId=90 current size: 3731
[pool-126-thread-10] pick event Id=298, eMBMSSessionId=37 current size: 3730
[pool-126-thread-10] pick event Id=299, eMBMSSessionId=36 current size: 3729
[pool-126-thread-10] pick event Id=300, eMBMSSessionId=85 current size: 3728
[pool-126-thread-10] adds event Id=301, eMBMSSessionId=26 current size: 3728
[pool-126-thread-10] pick event Id=302, eMBMSSessionId=15 current size: 3727
[pool-126-thread-10] pick event Id=303, eMBMSSessionId=79 current size: 3726
[pool-126-thread-10] pick event Id=304, eMBMSSessionId=20 current size: 3725
[pool-126-thread-10] pick event Id=305, eMBMSSessionId=20 current size: 3724
[pool-126-thread-10] pick event Id=306, eMBMSSessionId=64 current size: 3723
[pool-126-thread-10] pick event Id=307, eMBMSSessionId=75 current size: 3722
[pool-126-thread-10] pick event Id=308, eMBMSSessionId=45 current size: 3721
[pool-126-thread-10] pick event Id=309, eMBMSSessionId=24 current size: 3720
[pool-126-thread-10] pick event Id=310, eMBMSSessionId=7 current size: 3719
[pool-126-thread-10] pick event Id=311, eMBMSSessionId=93 current size: 3718
[pool-126-thread-10] pick event Id=312, eMBMSSessionId=33 current size: 3717
[pool-126-thread-10] pick event Id=313, eMBMSSessionId=87 current size: 3716
[pool-126-thread-10] pick event Id=314, eMBMSSessionId=17 current size: 3715
[pool-126-thread-10] pick event Id=315, eMBMSSessionId=18 current size: 3714
[pool-126-thread-10] pick event Id=316, eMBMSSessionId=96 current size: 3713
[pool-126-thread-10] pick event Id=317, eMBMSSessionId=95 current size: 3712
pool-126-thread-4 reduces to 3711
pool-126-thread-4 reduces to 3710
[pool-126-thread-4] adds event Id=318, eMBMSSessionId=92 current size: 3710
[pool-126-thread-4] pick event Id=319, eMBMSSessionId=7 current size: 3709
[pool-126-thread-4] pick event Id=320, eMBMSSessionId=46 current size: 3708
[pool-126-thread-4] pick event Id=321, eMBMSSessionId=77 current size: 3707
[pool-126-thread-4] pick event Id=322, eMBMSSessionId=81 current size: 3706
[pool-126-thread-4] pick event Id=323, eMBMSSessionId=43 current size: 3705
[pool-126-thread-4] pick event Id=324, eMBMSSessionId=50 current size: 3704
[pool-126-thread-4] pick event Id=325, eMBMSSessionId=72 current size: 3703
[pool-126-thread-4] pick event Id=326, eMBMSSessionId=44 current size: 3702
[pool-126-thread-4] pick event Id=327, eMBMSSessionId=50 current size: 3701
[pool-126-thread-4] pick event Id=328, eMBMSSessionId=78 current size: 3700
[pool-126-thread-4] pick event Id=329, eMBMSSessionId=13 current size: 3699
[pool-126-thread-4] pick event Id=330, eMBMSSessionId=32 current size: 3698
[pool-126-thread-4] pick event Id=331, eMBMSSessionId=17 current size: 3697
[pool-126-thread-4] pick event Id=332, eMBMSSessionId=17 current size: 3696
[pool-126-thread-4] pick event Id=333, eMBMSSessionId=67 current size: 3695
[pool-126-thread-4] pick event Id=334, eMBMSSessionId=75 current size: 3694
[pool-126-thread-4] pick event Id=335, eMBMSSessionId=89 current size: 3693
[pool-126-thread-4] pick event Id=336, eMBMSSessionId=48 current size: 3692
[pool-126-thread-4] pick event Id=337, eMBMSSessionId=44 current size: 3691
[pool-126-thread-4] adds event Id=338, eMBMSSessionId=95 current size: 3691
[pool-126-thread-4] pick event Id=339, eMBMSSessionId=36 current size: 3690
[pool-126-thread-4] pick event Id=340, eMBMSSessionId=49 current size: 3689
[pool-126-thread-7] pick event Id=341, eMBMSSessionId=10 current size: 3688
[pool-126-thread-20] pick event Id=342, eMBMSSessionId=50 current size: 3687
pool-126-thread-16 reduces to 3686
[pool-126-thread-4] pick event Id=343, eMBMSSessionId=3 current size: 3685
[pool-126-thread-4] pick event Id=344, eMBMSSessionId=96 current size: 3684
[pool-126-thread-4] pick event Id=345, eMBMSSessionId=70 current size: 3683
[pool-126-thread-4] adds event Id=346, eMBMSSessionId=92 current size: 3683
[pool-126-thread-4] pick event Id=347, eMBMSSessionId=41 current size: 3682
[pool-126-thread-4] pick event Id=348, eMBMSSessionId=94 current size: 3681
pool-126-thread-3 reduces to 3680
[pool-126-thread-8] adds event Id=349, eMBMSSessionId=95 current size: 3680
[pool-126-thread-17] pick event Id=350, eMBMSSessionId=18 current size: 3679
pool-126-thread-5 reduces to 3678
[pool-126-thread-13] pick event Id=351, eMBMSSessionId=61 current size: 3677
[pool-126-thread-12] pick event Id=352, eMBMSSessionId=74 current size: 3676
[pool-126-thread-9] pick event Id=353, eMBMSSessionId=79 current size: 3675
pool-126-thread-18 reduces to 3674
pool-126-thread-18 reduces to 3673
[pool-126-thread-18] pick event Id=354, eMBMSSessionId=5 current size: 3672
[pool-126-thread-18] pick event Id=355, eMBMSSessionId=49 current size: 3671
[pool-126-thread-18] pick event Id=356, eMBMSSessionId=8 current size: 3670
[pool-126-thread-18] pick event Id=357, eMBMSSessionId=43 current size: 3669
[pool-126-thread-11] pick event Id=358, eMBMSSessionId=6 current size: 3668
[pool-126-thread-15] pick event Id=359, eMBMSSessionId=63 current size: 3667
[pool-126-thread-6] pick event Id=360, eMBMSSessionId=46 current size: 3666
[pool-126-thread-19] pick event Id=361, eMBMSSessionId=68 current size: 3665
[pool-126-thread-2] pick event Id=362, eMBMSSessionId=60 current size: 3664
[pool-126-thread-2] pick event Id=363, eMBMSSessionId=44 current size: 3663
pool-126-thread-10 reduces to 3662
[pool-126-thread-16] pick event Id=364, eMBMSSessionId=17 current size: 3661
[pool-126-thread-8] pick event Id=365, eMBMSSessionId=31 current size: 3660
pool-126-thread-3 reduces to 3659
[pool-126-thread-17] adds event Id=366, eMBMSSessionId=92 current size: 3659
[pool-126-thread-17] pick event Id=367, eMBMSSessionId=51 current size: 3658
pool-126-thread-5 reduces to 3657
[pool-126-thread-9] pick event Id=368, eMBMSSessionId=3 current size: 3656
[pool-126-thread-1] pick event Id=369, eMBMSSessionId=93 current size: 3655
[pool-126-thread-14] pick event Id=370, eMBMSSessionId=24 current size: 3654
[pool-126-thread-6] pick event Id=371, eMBMSSessionId=48 current size: 3653
[pool-126-thread-6] pick event Id=372, eMBMSSessionId=93 current size: 3652
[pool-126-thread-6] adds event Id=373, eMBMSSessionId=31 current size: 3652
[pool-126-thread-6] pick event Id=374, eMBMSSessionId=36 current size: 3651
[pool-126-thread-6] adds event Id=375, eMBMSSessionId=95 current size: 3651
[pool-126-thread-6] pick event Id=376, eMBMSSessionId=8 current size: 3650
[pool-126-thread-6] adds event Id=377, eMBMSSessionId=31 current size: 3650
[pool-126-thread-6] pick event Id=378, eMBMSSessionId=15 current size: 3649
[pool-126-thread-6] pick event Id=379, eMBMSSessionId=85 current size: 3648
[pool-126-thread-2] pick event Id=380, eMBMSSessionId=64 current size: 3647
[pool-126-thread-19] pick event Id=381, eMBMSSessionId=87 current size: 3646
[pool-126-thread-19] pick event Id=382, eMBMSSessionId=32 current size: 3645
[pool-126-thread-6] pick event Id=383, eMBMSSessionId=54 current size: 3644
pool-126-thread-10 reduces to 3643
pool-126-thread-10 reduces to 3642
[pool-126-thread-18] pick event Id=384, eMBMSSessionId=73 current size: 3641
[pool-126-thread-18] pick event Id=385, eMBMSSessionId=12 current size: 3640
[pool-126-thread-7] pick event Id=386, eMBMSSessionId=93 current size: 3639
[pool-126-thread-20] adds event Id=387, eMBMSSessionId=24 current size: 3639
[pool-126-thread-20] adds event Id=388, eMBMSSessionId=31 current size: 3639
[pool-126-thread-20] pick event Id=389, eMBMSSessionId=55 current size: 3638
pool-126-thread-3 reduces to 3637
pool-126-thread-8 reduces to 3636
[pool-126-thread-4] pick event Id=390, eMBMSSessionId=4 current size: 3635
pool-126-thread-5 reduces to 3634
[pool-126-thread-13] adds event Id=391, eMBMSSessionId=31 current size: 3634
[pool-126-thread-13] pick event Id=392, eMBMSSessionId=22 current size: 3633
[pool-126-thread-12] adds event Id=393, eMBMSSessionId=31 current size: 3633
pool-126-thread-14 reduces to 3632
[pool-126-thread-9] pick event Id=394, eMBMSSessionId=87 current size: 3631
[pool-126-thread-1] pick event Id=395, eMBMSSessionId=6 current size: 3630
[pool-126-thread-11] pick event Id=396, eMBMSSessionId=40 current size: 3629
[pool-126-thread-19] pick event Id=397, eMBMSSessionId=84 current size: 3628
[pool-126-thread-15] pick event Id=398, eMBMSSessionId=16 current size: 3627
[pool-126-thread-10] pick event Id=399, eMBMSSessionId=79 current size: 3626
[pool-126-thread-16] pick event Id=400, eMBMSSessionId=77 current size: 3625
[pool-126-thread-16] adds event Id=401, eMBMSSessionId=87 current size: 3625
[pool-126-thread-16] pick event Id=402, eMBMSSessionId=32 current size: 3624
[pool-126-thread-17] pick event Id=403, eMBMSSessionId=15 current size: 3623
pool-126-thread-8 reduces to 3622
pool-126-thread-8 reduces to 3621
pool-126-thread-8 reduces to 3620
pool-126-thread-8 reduces to 3619
[pool-126-thread-8] adds event Id=404, eMBMSSessionId=16 current size: 3619
[pool-126-thread-8] pick event Id=405, eMBMSSessionId=12 current size: 3618
[pool-126-thread-8] pick event Id=406, eMBMSSessionId=93 current size: 3617
[pool-126-thread-8] pick event Id=407, eMBMSSessionId=25 current size: 3616
[pool-126-thread-8] adds event Id=408, eMBMSSessionId=24 current size: 3616
[pool-126-thread-8] pick event Id=409, eMBMSSessionId=25 current size: 3615
[pool-126-thread-8] pick event Id=410, eMBMSSessionId=9 current size: 3614
[pool-126-thread-8] pick event Id=411, eMBMSSessionId=57 current size: 3613
pool-126-thread-3 reduces to 3612
[pool-126-thread-20] adds event Id=412, eMBMSSessionId=84 current size: 3612
[pool-126-thread-20] pick event Id=413, eMBMSSessionId=60 current size: 3611
[pool-126-thread-20] pick event Id=414, eMBMSSessionId=71 current size: 3610
[pool-126-thread-20] pick event Id=415, eMBMSSessionId=69 current size: 3609
[pool-126-thread-20] pick event Id=416, eMBMSSessionId=12 current size: 3608
[pool-126-thread-20] pick event Id=417, eMBMSSessionId=44 current size: 3607
[pool-126-thread-20] pick event Id=418, eMBMSSessionId=22 current size: 3606
[pool-126-thread-4] pick event Id=419, eMBMSSessionId=36 current size: 3605
[pool-126-thread-12] pick event Id=420, eMBMSSessionId=21 current size: 3604
pool-126-thread-9 reduces to 3603
pool-126-thread-14 reduces to 3602
[pool-126-thread-13] pick event Id=421, eMBMSSessionId=81 current size: 3601
[pool-126-thread-18] adds event Id=422, eMBMSSessionId=57 current size: 3601
[pool-126-thread-18] pick event Id=423, eMBMSSessionId=31 current size: 3600
[pool-126-thread-2] adds event Id=424, eMBMSSessionId=87 current size: 3600
[pool-126-thread-7] pick event Id=425, eMBMSSessionId=6 current size: 3599
pool-126-thread-19 reduces to 3598
[pool-126-thread-6] pick event Id=426, eMBMSSessionId=47 current size: 3597
[pool-126-thread-16] pick event Id=427, eMBMSSessionId=26 current size: 3596
pool-126-thread-8 reduces to 3595
pool-126-thread-15 reduces to 3594
[pool-126-thread-5] pick event Id=428, eMBMSSessionId=85 current size: 3593
pool-126-thread-3 reduces to 3592
[pool-126-thread-1] pick event Id=429, eMBMSSessionId=61 current size: 3591
[pool-126-thread-4] pick event Id=430, eMBMSSessionId=94 current size: 3590
pool-126-thread-9 reduces to 3589
[pool-126-thread-2] pick event Id=431, eMBMSSessionId=95 current size: 3588
[pool-126-thread-11] pick event Id=432, eMBMSSessionId=23 current size: 3587
[pool-126-thread-13] pick event Id=433, eMBMSSessionId=62 current size: 3586
[pool-126-thread-17] pick event Id=434, eMBMSSessionId=88 current size: 3585
[pool-126-thread-10] pick event Id=435, eMBMSSessionId=17 current size: 3584
[pool-126-thread-6] pick event Id=436, eMBMSSessionId=96 current size: 3583
[pool-126-thread-20] pick event Id=437, eMBMSSessionId=36 current size: 3582
[pool-126-thread-12] pick event Id=438, eMBMSSessionId=77 current size: 3581
[pool-126-thread-14] pick event Id=439, eMBMSSessionId=44 current size: 3580
[pool-126-thread-19] pick event Id=440, eMBMSSessionId=64 current size: 3579
[pool-126-thread-18] pick event Id=441, eMBMSSessionId=13 current size: 3578
[pool-126-thread-7] pick event Id=442, eMBMSSessionId=16 current size: 3577
[pool-126-thread-16] pick event Id=443, eMBMSSessionId=93 current size: 3576
[pool-126-thread-8] pick event Id=444, eMBMSSessionId=0 current size: 3575
[pool-126-thread-15] adds event Id=445, eMBMSSessionId=13 current size: 3575
[pool-126-thread-1] pick event Id=446, eMBMSSessionId=6 current size: 3574
[pool-126-thread-3] pick event Id=447, eMBMSSessionId=91 current size: 3573
[pool-126-thread-4] pick event Id=448, eMBMSSessionId=82 current size: 3572
[pool-126-thread-5] pick event Id=449, eMBMSSessionId=71 current size: 3571
[pool-126-thread-11] pick event Id=450, eMBMSSessionId=24 current size: 3570
[pool-126-thread-9] pick event Id=451, eMBMSSessionId=2 current size: 3569
[pool-126-thread-2] pick event Id=452, eMBMSSessionId=40 current size: 3568
[pool-126-thread-19] pick event Id=453, eMBMSSessionId=56 current size: 3567
pool-126-thread-18 reduces to 3566
[pool-126-thread-17] pick event Id=454, eMBMSSessionId=26 current size: 3565
[pool-126-thread-6] pick event Id=455, eMBMSSessionId=35 current size: 3564
[pool-126-thread-13] adds event Id=456, eMBMSSessionId=24 current size: 3564
[pool-126-thread-10] pick event Id=457, eMBMSSessionId=73 current size: 3563
[pool-126-thread-20] pick event Id=458, eMBMSSessionId=77 current size: 3562
[pool-126-thread-15] adds event Id=459, eMBMSSessionId=91 current size: 3562
[pool-126-thread-12] pick event Id=460, eMBMSSessionId=42 current size: 3561
pool-126-thread-3 reduces to 3560
pool-126-thread-11 reduces to 3559
[pool-126-thread-14] pick event Id=461, eMBMSSessionId=67 current size: 3558
[pool-126-thread-5] pick event Id=462, eMBMSSessionId=14 current size: 3557
[pool-126-thread-7] pick event Id=463, eMBMSSessionId=32 current size: 3556
[pool-126-thread-16] pick event Id=464, eMBMSSessionId=93 current size: 3555
[pool-126-thread-13] pick event Id=465, eMBMSSessionId=34 current size: 3554
[pool-126-thread-19] pick event Id=466, eMBMSSessionId=89 current size: 3553
[pool-126-thread-8] pick event Id=467, eMBMSSessionId=47 current size: 3552
[pool-126-thread-15] pick event Id=468, eMBMSSessionId=97 current size: 3551
[pool-126-thread-1] pick event Id=469, eMBMSSessionId=43 current size: 3550
[pool-126-thread-4] pick event Id=470, eMBMSSessionId=76 current size: 3549
[pool-126-thread-9] adds event Id=471, eMBMSSessionId=93 current size: 3549
[pool-126-thread-14] pick event Id=472, eMBMSSessionId=74 current size: 3548
[pool-126-thread-18] pick event Id=473, eMBMSSessionId=88 current size: 3547
[pool-126-thread-2] pick event Id=474, eMBMSSessionId=46 current size: 3546
[pool-126-thread-17] adds event Id=475, eMBMSSessionId=46 current size: 3546
pool-126-thread-16 reduces to 3545
[pool-126-thread-6] pick event Id=476, eMBMSSessionId=78 current size: 3544
[pool-126-thread-10] adds event Id=477, eMBMSSessionId=78 current size: 3544
[pool-126-thread-20] pick event Id=478, eMBMSSessionId=81 current size: 3543
[pool-126-thread-12] pick event Id=479, eMBMSSessionId=3 current size: 3542
[pool-126-thread-3] pick event Id=480, eMBMSSessionId=29 current size: 3541
[pool-126-thread-15] pick event Id=481, eMBMSSessionId=97 current size: 3540
[pool-126-thread-15] pick event Id=482, eMBMSSessionId=59 current size: 3539
[pool-126-thread-15] pick event Id=483, eMBMSSessionId=84 current size: 3538
[pool-126-thread-11] pick event Id=484, eMBMSSessionId=98 current size: 3537
[pool-126-thread-9] pick event Id=485, eMBMSSessionId=37 current size: 3536
[pool-126-thread-5] pick event Id=486, eMBMSSessionId=41 current size: 3535
[pool-126-thread-17] pick event Id=487, eMBMSSessionId=66 current size: 3534
[pool-126-thread-7] pick event Id=488, eMBMSSessionId=58 current size: 3533
pool-126-thread-2 reduces to 3532
[pool-126-thread-14] pick event Id=489, eMBMSSessionId=40 current size: 3531
[pool-126-thread-13] pick event Id=490, eMBMSSessionId=88 current size: 3530
[pool-126-thread-10] pick event Id=491, eMBMSSessionId=75 current size: 3529
pool-126-thread-6 reduces to 3528
[pool-126-thread-19] pick event Id=492, eMBMSSessionId=85 current size: 3527
[pool-126-thread-1] pick event Id=493, eMBMSSessionId=21 current size: 3526
[pool-126-thread-4] pick event Id=494, eMBMSSessionId=13 current size: 3525
[pool-126-thread-8] pick event Id=495, eMBMSSessionId=53 current size: 3524
[pool-126-thread-9] pick event Id=496, eMBMSSessionId=6 current size: 3523
[pool-126-thread-15] pick event Id=497, eMBMSSessionId=51 current size: 3522
[pool-126-thread-18] pick event Id=498, eMBMSSessionId=22 current size: 3521
[pool-126-thread-17] pick event Id=499, eMBMSSessionId=20 current size: 3520
[pool-126-thread-5] pick event Id=500, eMBMSSessionId=33 current size: 3519
[pool-126-thread-16] pick event Id=501, eMBMSSessionId=90 current size: 3518
[pool-126-thread-20] pick event Id=502, eMBMSSessionId=11 current size: 3517
[pool-126-thread-12] pick event Id=503, eMBMSSessionId=4 current size: 3516
[pool-126-thread-3] adds event Id=504, eMBMSSessionId=51 current size: 3516
[pool-126-thread-11] pick event Id=505, eMBMSSessionId=8 current size: 3515
[pool-126-thread-7] pick event Id=506, eMBMSSessionId=40 current size: 3514
[pool-126-thread-14] pick event Id=507, eMBMSSessionId=54 current size: 3513
[pool-126-thread-2] pick event Id=508, eMBMSSessionId=77 current size: 3512
[pool-126-thread-18] pick event Id=509, eMBMSSessionId=76 current size: 3511
pool-126-thread-15 reduces to 3510
[pool-126-thread-13] pick event Id=510, eMBMSSessionId=56 current size: 3509
[pool-126-thread-10] pick event Id=511, eMBMSSessionId=67 current size: 3508
[pool-126-thread-6] pick event Id=512, eMBMSSessionId=97 current size: 3507
[pool-126-thread-19] pick event Id=513, eMBMSSessionId=14 current size: 3506
[pool-126-thread-4] pick event Id=514, eMBMSSessionId=75 current size: 3505
[pool-126-thread-1] adds event Id=515, eMBMSSessionId=40 current size: 3505
[pool-126-thread-8] pick event Id=516, eMBMSSessionId=21 current size: 3504
[pool-126-thread-3] pick event Id=517, eMBMSSessionId=63 current size: 3503
[pool-126-thread-9] pick event Id=518, eMBMSSessionId=65 current size: 3502
pool-126-thread-7 reduces to 3501
testOverload end.
testFull begin.
[pool-127-thread-1] pick event Id=0, eMBMSSessionId=96 current size: 4998
[pool-127-thread-2] pick event Id=1, eMBMSSessionId=46 current size: 4997
[pool-127-thread-3] pick event Id=2, eMBMSSessionId=13 current size: 4996
[pool-127-thread-4] pick event Id=3, eMBMSSessionId=88 current size: 4995
[pool-127-thread-7] pick event Id=4, eMBMSSessionId=56 current size: 4994
[pool-127-thread-5] pick event Id=5, eMBMSSessionId=8 current size: 4993
[pool-127-thread-6] pick event Id=6, eMBMSSessionId=26 current size: 4992
[pool-127-thread-9] pick event Id=7, eMBMSSessionId=28 current size: 4991
[pool-127-thread-10] pick event Id=8, eMBMSSessionId=11 current size: 4990
[pool-127-thread-8] pick event Id=9, eMBMSSessionId=18 current size: 4989
[pool-127-thread-11] pick event Id=10, eMBMSSessionId=23 current size: 4988
[pool-127-thread-12] pick event Id=11, eMBMSSessionId=67 current size: 4987
[pool-127-thread-16] adds event Id=12, eMBMSSessionId=8 current size: 4987
[pool-127-thread-13] pick event Id=13, eMBMSSessionId=45 current size: 4986
[pool-127-thread-14] pick event Id=14, eMBMSSessionId=75 current size: 4985
[pool-127-thread-17] pick event Id=15, eMBMSSessionId=36 current size: 4984
[pool-127-thread-19] pick event Id=16, eMBMSSessionId=76 current size: 4983
[pool-127-thread-18] pick event Id=17, eMBMSSessionId=59 current size: 4982
[pool-127-thread-15] pick event Id=18, eMBMSSessionId=70 current size: 4981
[pool-127-thread-20] pick event Id=19, eMBMSSessionId=44 current size: 4980
[pool-127-thread-16] pick event Id=20, eMBMSSessionId=98 current size: 4979
event queue is full, will clear all data!
NbiEventCache is cleared with total events removed: 5029
testFull end.
14 times run start
testEventSequence begin.
testEventSequence end.
testSendRadomEmbmsSessionEvents begin.
testSendRadomEmbmsSessionEvents end.
testSendSameEmbmsSessionEvents begin.
testSendSameEmbmsSessionEvents end.
testSendNoSameEmbmsSessionEvents begin.
testSendNoSameEmbmsSessionEvents end.
testSendNoEmbmsSessionIdEvents begin.
testSendNoEmbmsSessionIdEvents end.
testOverload begin.
[pool-135-thread-1] pick event Id=0, eMBMSSessionId=67 current size: 4019
[pool-135-thread-4] pick event Id=1, eMBMSSessionId=49 current size: 4018
[pool-135-thread-2] pick event Id=2, eMBMSSessionId=35 current size: 4017
pool-135-thread-1 Discard NBI event &apos; Id=0, eMBMSSessionId=67&apos;, current queue size: 4017
[pool-135-thread-3] pick event Id=3, eMBMSSessionId=27 current size: 4016
[pool-135-thread-5] pick event Id=4, eMBMSSessionId=83 current size: 4015
pool-135-thread-4 Discard NBI event &apos; Id=1, eMBMSSessionId=49&apos;, current queue size: 4015
[pool-135-thread-6] pick event Id=5, eMBMSSessionId=96 current size: 4014
pool-135-thread-5 Discard NBI event &apos; Id=4, eMBMSSessionId=83&apos;, current queue size: 4015
[pool-135-thread-7] pick event Id=6, eMBMSSessionId=58 current size: 4013
pool-135-thread-2 Discard NBI event &apos; Id=2, eMBMSSessionId=35&apos;, current queue size: 4013
pool-135-thread-6 Discard NBI event &apos; Id=5, eMBMSSessionId=96&apos;, current queue size: 4013
pool-135-thread-7 Discard NBI event &apos; Id=6, eMBMSSessionId=58&apos;, current queue size: 4013
[pool-135-thread-8] pick event Id=7, eMBMSSessionId=61 current size: 4012
[pool-135-thread-9] pick event Id=8, eMBMSSessionId=72 current size: 4011
pool-135-thread-8 Discard NBI event &apos; Id=7, eMBMSSessionId=61&apos;, current queue size: 4011
pool-135-thread-3 Discard NBI event &apos; Id=3, eMBMSSessionId=27&apos;, current queue size: 4012
pool-135-thread-9 Discard NBI event &apos; Id=8, eMBMSSessionId=72&apos;, current queue size: 4011
[pool-135-thread-10] pick event Id=9, eMBMSSessionId=48 current size: 4010
[pool-135-thread-11] pick event Id=10, eMBMSSessionId=60 current size: 4009
[pool-135-thread-12] pick event Id=11, eMBMSSessionId=55 current size: 4008
pool-135-thread-10 Discard NBI event &apos; Id=9, eMBMSSessionId=48&apos;, current queue size: 4009
[pool-135-thread-13] pick event Id=12, eMBMSSessionId=44 current size: 4007
pool-135-thread-11 Discard NBI event &apos; Id=10, eMBMSSessionId=60&apos;, current queue size: 4008
pool-135-thread-12 Discard NBI event &apos; Id=11, eMBMSSessionId=55&apos;, current queue size: 4007
[pool-135-thread-14] pick event Id=13, eMBMSSessionId=71 current size: 4006
pool-135-thread-13 Discard NBI event &apos; Id=12, eMBMSSessionId=44&apos;, current queue size: 4006
pool-135-thread-14 Discard NBI event &apos; Id=13, eMBMSSessionId=71&apos;, current queue size: 4006
[pool-135-thread-15] pick event Id=14, eMBMSSessionId=7 current size: 4005
[pool-135-thread-16] pick event Id=15, eMBMSSessionId=96 current size: 4004
pool-135-thread-15 Discard NBI event &apos; Id=14, eMBMSSessionId=7&apos;, current queue size: 4005
[pool-135-thread-17] pick event Id=16, eMBMSSessionId=63 current size: 4003
pool-135-thread-16 Discard NBI event &apos; Id=15, eMBMSSessionId=96&apos;, current queue size: 4003
[pool-135-thread-18] pick event Id=17, eMBMSSessionId=74 current size: 4002
[pool-135-thread-19] pick event Id=18, eMBMSSessionId=69 current size: 4001
pool-135-thread-17 Discard NBI event &apos; Id=16, eMBMSSessionId=63&apos;, current queue size: 4002
[pool-135-thread-20] pick event Id=19, eMBMSSessionId=52 current size: 4000
[pool-135-thread-4] pick event Id=20, eMBMSSessionId=73 current size: 3999
pool-135-thread-18 Discard NBI event &apos; Id=17, eMBMSSessionId=74&apos;, current queue size: 4000
pool-135-thread-19 Discard NBI event &apos; Id=18, eMBMSSessionId=69&apos;, current queue size: 3999
pool-135-thread-20 Discard NBI event &apos; Id=19, eMBMSSessionId=52&apos;, current queue size: 3999
[pool-135-thread-1] adds event Id=21, eMBMSSessionId=52 current size: 3999
[pool-135-thread-5] pick event Id=22, eMBMSSessionId=20 current size: 3998
[pool-135-thread-11] pick event Id=23, eMBMSSessionId=29 current size: 3997
[pool-135-thread-2] pick event Id=24, eMBMSSessionId=58 current size: 3996
[pool-135-thread-6] pick event Id=25, eMBMSSessionId=86 current size: 3995
[pool-135-thread-7] pick event Id=26, eMBMSSessionId=25 current size: 3994
[pool-135-thread-8] pick event Id=27, eMBMSSessionId=9 current size: 3993
[pool-135-thread-3] pick event Id=28, eMBMSSessionId=34 current size: 3992
[pool-135-thread-9] pick event Id=29, eMBMSSessionId=44 current size: 3991
[pool-135-thread-12] pick event Id=30, eMBMSSessionId=62 current size: 3990
[pool-135-thread-10] pick event Id=31, eMBMSSessionId=85 current size: 3989
pool-135-thread-20 reduces to 3988
[pool-135-thread-1] adds event Id=32, eMBMSSessionId=58 current size: 3988
[pool-135-thread-13] pick event Id=33, eMBMSSessionId=46 current size: 3987
pool-135-thread-2 reduces to 3986
[pool-135-thread-14] pick event Id=34, eMBMSSessionId=74 current size: 3985
[pool-135-thread-15] pick event Id=35, eMBMSSessionId=27 current size: 3984
[pool-135-thread-16] pick event Id=36, eMBMSSessionId=31 current size: 3983
[pool-135-thread-17] pick event Id=37, eMBMSSessionId=49 current size: 3982
[pool-135-thread-7] pick event Id=38, eMBMSSessionId=65 current size: 3981
[pool-135-thread-18] pick event Id=39, eMBMSSessionId=86 current size: 3980
[pool-135-thread-19] pick event Id=40, eMBMSSessionId=55 current size: 3979
[pool-135-thread-4] pick event Id=41, eMBMSSessionId=5 current size: 3978
[pool-135-thread-1] pick event Id=42, eMBMSSessionId=62 current size: 3977
[pool-135-thread-11] pick event Id=43, eMBMSSessionId=98 current size: 3976
[pool-135-thread-5] pick event Id=44, eMBMSSessionId=33 current size: 3975
[pool-135-thread-6] pick event Id=45, eMBMSSessionId=17 current size: 3974
[pool-135-thread-8] pick event Id=46, eMBMSSessionId=18 current size: 3973
[pool-135-thread-9] pick event Id=47, eMBMSSessionId=87 current size: 3972
[pool-135-thread-3] pick event Id=48, eMBMSSessionId=26 current size: 3971
[pool-135-thread-12] pick event Id=49, eMBMSSessionId=13 current size: 3970
[pool-135-thread-7] pick event Id=50, eMBMSSessionId=49 current size: 3969
[pool-135-thread-10] pick event Id=51, eMBMSSessionId=52 current size: 3968
[pool-135-thread-18] adds event Id=52, eMBMSSessionId=18 current size: 3968
[pool-135-thread-18] pick event Id=53, eMBMSSessionId=61 current size: 3967
[pool-135-thread-20] pick event Id=54, eMBMSSessionId=99 current size: 3966
[pool-135-thread-13] pick event Id=55, eMBMSSessionId=37 current size: 3965
[pool-135-thread-2] pick event Id=56, eMBMSSessionId=36 current size: 3964
[pool-135-thread-14] pick event Id=57, eMBMSSessionId=22 current size: 3963
[pool-135-thread-16] pick event Id=58, eMBMSSessionId=2 current size: 3962
[pool-135-thread-15] pick event Id=59, eMBMSSessionId=74 current size: 3961
[pool-135-thread-17] pick event Id=60, eMBMSSessionId=44 current size: 3960
pool-135-thread-8 reduces to 3959
[pool-135-thread-4] pick event Id=61, eMBMSSessionId=90 current size: 3958
[pool-135-thread-19] pick event Id=62, eMBMSSessionId=27 current size: 3957
[pool-135-thread-1] pick event Id=63, eMBMSSessionId=83 current size: 3956
[pool-135-thread-11] pick event Id=64, eMBMSSessionId=95 current size: 3955
[pool-135-thread-5] pick event Id=65, eMBMSSessionId=1 current size: 3954
[pool-135-thread-6] pick event Id=66, eMBMSSessionId=68 current size: 3953
[pool-135-thread-9] pick event Id=67, eMBMSSessionId=64 current size: 3952
[pool-135-thread-12] pick event Id=68, eMBMSSessionId=36 current size: 3951
[pool-135-thread-3] adds event Id=69, eMBMSSessionId=27 current size: 3951
[pool-135-thread-7] pick event Id=70, eMBMSSessionId=33 current size: 3950
[pool-135-thread-18] adds event Id=71, eMBMSSessionId=90 current size: 3950
[pool-135-thread-10] pick event Id=72, eMBMSSessionId=13 current size: 3949
[pool-135-thread-20] pick event Id=73, eMBMSSessionId=73 current size: 3948
pool-135-thread-4 reduces to 3947
pool-135-thread-19 reduces to 3946
[pool-135-thread-13] pick event Id=74, eMBMSSessionId=51 current size: 3945
[pool-135-thread-2] pick event Id=75, eMBMSSessionId=65 current size: 3944
[pool-135-thread-14] adds event Id=76, eMBMSSessionId=36 current size: 3944
[pool-135-thread-16] pick event Id=77, eMBMSSessionId=3 current size: 3943
[pool-135-thread-15] pick event Id=78, eMBMSSessionId=70 current size: 3942
[pool-135-thread-8] pick event Id=79, eMBMSSessionId=17 current size: 3941
[pool-135-thread-17] pick event Id=80, eMBMSSessionId=25 current size: 3940
[pool-135-thread-3] pick event Id=81, eMBMSSessionId=21 current size: 3939
pool-135-thread-12 reduces to 3938
[pool-135-thread-18] adds event Id=82, eMBMSSessionId=90 current size: 3938
[pool-135-thread-1] pick event Id=83, eMBMSSessionId=96 current size: 3937
pool-135-thread-4 reduces to 3936
[pool-135-thread-11] pick event Id=84, eMBMSSessionId=43 current size: 3935
[pool-135-thread-13] pick event Id=85, eMBMSSessionId=87 current size: 3934
[pool-135-thread-5] pick event Id=86, eMBMSSessionId=10 current size: 3933
[pool-135-thread-14] pick event Id=87, eMBMSSessionId=42 current size: 3932
[pool-135-thread-6] pick event Id=88, eMBMSSessionId=20 current size: 3931
[pool-135-thread-9] pick event Id=89, eMBMSSessionId=32 current size: 3930
[pool-135-thread-18] pick event Id=90, eMBMSSessionId=55 current size: 3929
[pool-135-thread-7] pick event Id=91, eMBMSSessionId=67 current size: 3928
[pool-135-thread-20] pick event Id=92, eMBMSSessionId=1 current size: 3927
[pool-135-thread-10] pick event Id=93, eMBMSSessionId=66 current size: 3926
[pool-135-thread-19] adds event Id=94, eMBMSSessionId=1 current size: 3926
[pool-135-thread-19] pick event Id=95, eMBMSSessionId=51 current size: 3925
[pool-135-thread-2] pick event Id=96, eMBMSSessionId=17 current size: 3924
[pool-135-thread-16] adds event Id=97, eMBMSSessionId=55 current size: 3924
[pool-135-thread-15] pick event Id=98, eMBMSSessionId=49 current size: 3923
[pool-135-thread-17] pick event Id=99, eMBMSSessionId=80 current size: 3922
[pool-135-thread-8] pick event Id=100, eMBMSSessionId=5 current size: 3921
[pool-135-thread-3] pick event Id=101, eMBMSSessionId=15 current size: 3920
pool-135-thread-18 reduces to 3919
[pool-135-thread-12] pick event Id=102, eMBMSSessionId=38 current size: 3918
[pool-135-thread-1] pick event Id=103, eMBMSSessionId=45 current size: 3917
pool-135-thread-20 reduces to 3916
[pool-135-thread-4] pick event Id=104, eMBMSSessionId=14 current size: 3915
[pool-135-thread-13] pick event Id=105, eMBMSSessionId=66 current size: 3914
[pool-135-thread-11] pick event Id=106, eMBMSSessionId=11 current size: 3913
[pool-135-thread-5] pick event Id=107, eMBMSSessionId=51 current size: 3912
[pool-135-thread-16] pick event Id=108, eMBMSSessionId=76 current size: 3911
[pool-135-thread-6] adds event Id=109, eMBMSSessionId=15 current size: 3911
[pool-135-thread-14] pick event Id=110, eMBMSSessionId=81 current size: 3910
[pool-135-thread-17] pick event Id=111, eMBMSSessionId=91 current size: 3909
[pool-135-thread-9] pick event Id=112, eMBMSSessionId=5 current size: 3908
pool-135-thread-3 reduces to 3907
[pool-135-thread-7] pick event Id=113, eMBMSSessionId=78 current size: 3906
[pool-135-thread-10] pick event Id=114, eMBMSSessionId=71 current size: 3905
[pool-135-thread-19] pick event Id=115, eMBMSSessionId=80 current size: 3904
[pool-135-thread-6] pick event Id=116, eMBMSSessionId=38 current size: 3903
[pool-135-thread-2] pick event Id=117, eMBMSSessionId=35 current size: 3902
[pool-135-thread-15] pick event Id=118, eMBMSSessionId=39 current size: 3901
[pool-135-thread-8] pick event Id=119, eMBMSSessionId=23 current size: 3900
[pool-135-thread-12] pick event Id=120, eMBMSSessionId=4 current size: 3899
[pool-135-thread-18] pick event Id=121, eMBMSSessionId=32 current size: 3898
[pool-135-thread-1] pick event Id=122, eMBMSSessionId=27 current size: 3897
[pool-135-thread-20] pick event Id=123, eMBMSSessionId=18 current size: 3896
[pool-135-thread-4] pick event Id=124, eMBMSSessionId=26 current size: 3895
[pool-135-thread-13] pick event Id=125, eMBMSSessionId=41 current size: 3894
[pool-135-thread-5] pick event Id=126, eMBMSSessionId=69 current size: 3893
[pool-135-thread-11] pick event Id=127, eMBMSSessionId=12 current size: 3892
[pool-135-thread-16] pick event Id=128, eMBMSSessionId=46 current size: 3891
[pool-135-thread-14] pick event Id=129, eMBMSSessionId=44 current size: 3890
[pool-135-thread-17] pick event Id=130, eMBMSSessionId=40 current size: 3889
[pool-135-thread-9] pick event Id=131, eMBMSSessionId=98 current size: 3888
[pool-135-thread-7] adds event Id=132, eMBMSSessionId=27 current size: 3888
[pool-135-thread-3] adds event Id=133, eMBMSSessionId=27 current size: 3888
pool-135-thread-1 reduces to 3887
[pool-135-thread-10] pick event Id=134, eMBMSSessionId=25 current size: 3886
[pool-135-thread-19] pick event Id=135, eMBMSSessionId=50 current size: 3885
[pool-135-thread-6] pick event Id=136, eMBMSSessionId=3 current size: 3884
[pool-135-thread-2] pick event Id=137, eMBMSSessionId=67 current size: 3883
[pool-135-thread-15] adds event Id=138, eMBMSSessionId=50 current size: 3883
[pool-135-thread-8] pick event Id=139, eMBMSSessionId=8 current size: 3882
[pool-135-thread-7] pick event Id=140, eMBMSSessionId=51 current size: 3881
[pool-135-thread-3] pick event Id=141, eMBMSSessionId=6 current size: 3880
[pool-135-thread-12] pick event Id=142, eMBMSSessionId=37 current size: 3879
[pool-135-thread-18] pick event Id=143, eMBMSSessionId=89 current size: 3878
[pool-135-thread-20] pick event Id=144, eMBMSSessionId=8 current size: 3877
pool-135-thread-1 reduces to 3876
[pool-135-thread-4] pick event Id=145, eMBMSSessionId=97 current size: 3875
[pool-135-thread-13] pick event Id=146, eMBMSSessionId=1 current size: 3874
[pool-135-thread-5] pick event Id=147, eMBMSSessionId=5 current size: 3873
pool-135-thread-19 reduces to 3872
[pool-135-thread-11] pick event Id=148, eMBMSSessionId=87 current size: 3871
[pool-135-thread-16] pick event Id=149, eMBMSSessionId=85 current size: 3870
[pool-135-thread-14] adds event Id=150, eMBMSSessionId=3 current size: 3870
pool-135-thread-6 reduces to 3869
[pool-135-thread-15] pick event Id=151, eMBMSSessionId=22 current size: 3868
[pool-135-thread-17] pick event Id=152, eMBMSSessionId=34 current size: 3867
[pool-135-thread-9] pick event Id=153, eMBMSSessionId=2 current size: 3866
[pool-135-thread-8] pick event Id=154, eMBMSSessionId=32 current size: 3865
[pool-135-thread-20] pick event Id=155, eMBMSSessionId=55 current size: 3864
[pool-135-thread-18] pick event Id=156, eMBMSSessionId=58 current size: 3863
[pool-135-thread-12] pick event Id=157, eMBMSSessionId=95 current size: 3862
[pool-135-thread-10] pick event Id=158, eMBMSSessionId=18 current size: 3861
[pool-135-thread-14] pick event Id=159, eMBMSSessionId=19 current size: 3860
[pool-135-thread-2] pick event Id=160, eMBMSSessionId=17 current size: 3859
[pool-135-thread-7] pick event Id=161, eMBMSSessionId=45 current size: 3858
[pool-135-thread-3] pick event Id=162, eMBMSSessionId=57 current size: 3857
[pool-135-thread-1] pick event Id=163, eMBMSSessionId=58 current size: 3856
[pool-135-thread-4] pick event Id=164, eMBMSSessionId=29 current size: 3855
[pool-135-thread-13] pick event Id=165, eMBMSSessionId=39 current size: 3854
[pool-135-thread-5] pick event Id=166, eMBMSSessionId=91 current size: 3853
[pool-135-thread-16] pick event Id=167, eMBMSSessionId=75 current size: 3852
[pool-135-thread-11] adds event Id=168, eMBMSSessionId=19 current size: 3852
[pool-135-thread-19] pick event Id=169, eMBMSSessionId=95 current size: 3851
[pool-135-thread-15] adds event Id=170, eMBMSSessionId=57 current size: 3851
pool-135-thread-14 reduces to 3850
[pool-135-thread-6] pick event Id=171, eMBMSSessionId=84 current size: 3849
[pool-135-thread-17] pick event Id=172, eMBMSSessionId=42 current size: 3848
[pool-135-thread-9] pick event Id=173, eMBMSSessionId=47 current size: 3847
[pool-135-thread-8] pick event Id=174, eMBMSSessionId=63 current size: 3846
pool-135-thread-3 reduces to 3845
[pool-135-thread-12] pick event Id=175, eMBMSSessionId=15 current size: 3844
[pool-135-thread-18] pick event Id=176, eMBMSSessionId=32 current size: 3843
[pool-135-thread-20] pick event Id=177, eMBMSSessionId=12 current size: 3842
[pool-135-thread-1] pick event Id=178, eMBMSSessionId=3 current size: 3841
[pool-135-thread-10] pick event Id=179, eMBMSSessionId=2 current size: 3840
[pool-135-thread-11] pick event Id=180, eMBMSSessionId=0 current size: 3839
[pool-135-thread-15] pick event Id=181, eMBMSSessionId=60 current size: 3838
[pool-135-thread-2] pick event Id=182, eMBMSSessionId=98 current size: 3837
[pool-135-thread-7] pick event Id=183, eMBMSSessionId=13 current size: 3836
[pool-135-thread-8] pick event Id=184, eMBMSSessionId=5 current size: 3835
[pool-135-thread-13] pick event Id=185, eMBMSSessionId=50 current size: 3834
[pool-135-thread-4] pick event Id=186, eMBMSSessionId=54 current size: 3833
[pool-135-thread-16] pick event Id=187, eMBMSSessionId=68 current size: 3832
[pool-135-thread-5] adds event Id=188, eMBMSSessionId=54 current size: 3832
[pool-135-thread-19] pick event Id=189, eMBMSSessionId=31 current size: 3831
[pool-135-thread-6] pick event Id=190, eMBMSSessionId=55 current size: 3830
[pool-135-thread-14] pick event Id=191, eMBMSSessionId=12 current size: 3829
[pool-135-thread-9] pick event Id=192, eMBMSSessionId=87 current size: 3828
[pool-135-thread-17] pick event Id=193, eMBMSSessionId=80 current size: 3827
[pool-135-thread-18] pick event Id=194, eMBMSSessionId=21 current size: 3826
[pool-135-thread-20] pick event Id=195, eMBMSSessionId=76 current size: 3825
[pool-135-thread-3] pick event Id=196, eMBMSSessionId=37 current size: 3824
[pool-135-thread-12] pick event Id=197, eMBMSSessionId=2 current size: 3823
[pool-135-thread-1] pick event Id=198, eMBMSSessionId=15 current size: 3822
[pool-135-thread-10] pick event Id=199, eMBMSSessionId=38 current size: 3821
[pool-135-thread-5] pick event Id=200, eMBMSSessionId=90 current size: 3820
pool-135-thread-4 reduces to 3819
[pool-135-thread-11] pick event Id=201, eMBMSSessionId=84 current size: 3818
[pool-135-thread-15] pick event Id=202, eMBMSSessionId=44 current size: 3817
[pool-135-thread-7] pick event Id=203, eMBMSSessionId=0 current size: 3816
[pool-135-thread-2] pick event Id=204, eMBMSSessionId=8 current size: 3815
[pool-135-thread-7] pick event Id=205, eMBMSSessionId=75 current size: 3814
[pool-135-thread-9] pick event Id=206, eMBMSSessionId=72 current size: 3813
[pool-135-thread-8] pick event Id=207, eMBMSSessionId=12 current size: 3812
[pool-135-thread-13] pick event Id=208, eMBMSSessionId=4 current size: 3811
[pool-135-thread-16] pick event Id=209, eMBMSSessionId=64 current size: 3810
[pool-135-thread-19] pick event Id=210, eMBMSSessionId=53 current size: 3809
[pool-135-thread-4] pick event Id=211, eMBMSSessionId=99 current size: 3808
[pool-135-thread-6] pick event Id=212, eMBMSSessionId=31 current size: 3807
[pool-135-thread-14] pick event Id=213, eMBMSSessionId=48 current size: 3806
[pool-135-thread-17] pick event Id=214, eMBMSSessionId=27 current size: 3805
[pool-135-thread-18] adds event Id=215, eMBMSSessionId=53 current size: 3805
[pool-135-thread-20] pick event Id=216, eMBMSSessionId=49 current size: 3804
[pool-135-thread-3] pick event Id=217, eMBMSSessionId=61 current size: 3803
[pool-135-thread-12] pick event Id=218, eMBMSSessionId=37 current size: 3802
[pool-135-thread-10] pick event Id=219, eMBMSSessionId=3 current size: 3801
[pool-135-thread-1] pick event Id=220, eMBMSSessionId=58 current size: 3800
[pool-135-thread-5] pick event Id=221, eMBMSSessionId=13 current size: 3799
[pool-135-thread-11] pick event Id=222, eMBMSSessionId=16 current size: 3798
[pool-135-thread-15] pick event Id=223, eMBMSSessionId=11 current size: 3797
pool-135-thread-19 reduces to 3796
[pool-135-thread-18] adds event Id=224, eMBMSSessionId=58 current size: 3796
[pool-135-thread-2] pick event Id=225, eMBMSSessionId=14 current size: 3795
[pool-135-thread-9] pick event Id=226, eMBMSSessionId=35 current size: 3794
[pool-135-thread-7] pick event Id=227, eMBMSSessionId=29 current size: 3793
[pool-135-thread-8] pick event Id=228, eMBMSSessionId=64 current size: 3792
[pool-135-thread-13] pick event Id=229, eMBMSSessionId=77 current size: 3791
[pool-135-thread-16] pick event Id=230, eMBMSSessionId=92 current size: 3790
pool-135-thread-1 reduces to 3789
[pool-135-thread-4] pick event Id=231, eMBMSSessionId=56 current size: 3788
[pool-135-thread-18] adds event Id=232, eMBMSSessionId=92 current size: 3788
[pool-135-thread-6] adds event Id=233, eMBMSSessionId=77 current size: 3788
[pool-135-thread-17] pick event Id=234, eMBMSSessionId=89 current size: 3787
[pool-135-thread-14] pick event Id=235, eMBMSSessionId=31 current size: 3786
[pool-135-thread-20] adds event Id=236, eMBMSSessionId=31 current size: 3786
[pool-135-thread-3] pick event Id=237, eMBMSSessionId=49 current size: 3785
[pool-135-thread-12] pick event Id=238, eMBMSSessionId=2 current size: 3784
pool-135-thread-13 reduces to 3783
[pool-135-thread-10] pick event Id=239, eMBMSSessionId=85 current size: 3782
[pool-135-thread-5] pick event Id=240, eMBMSSessionId=52 current size: 3781
[pool-135-thread-15] pick event Id=241, eMBMSSessionId=6 current size: 3780
[pool-135-thread-11] pick event Id=242, eMBMSSessionId=72 current size: 3779
pool-135-thread-16 reduces to 3778
[pool-135-thread-18] pick event Id=243, eMBMSSessionId=68 current size: 3777
[pool-135-thread-6] adds event Id=244, eMBMSSessionId=52 current size: 3777
[pool-135-thread-19] pick event Id=245, eMBMSSessionId=50 current size: 3776
[pool-135-thread-20] adds event Id=246, eMBMSSessionId=72 current size: 3776
[pool-135-thread-2] pick event Id=247, eMBMSSessionId=94 current size: 3775
[pool-135-thread-9] adds event Id=248, eMBMSSessionId=94 current size: 3775
pool-135-thread-14 reduces to 3774
[pool-135-thread-7] pick event Id=249, eMBMSSessionId=21 current size: 3773
[pool-135-thread-8] pick event Id=250, eMBMSSessionId=90 current size: 3772
pool-135-thread-5 reduces to 3771
[pool-135-thread-1] pick event Id=251, eMBMSSessionId=11 current size: 3770
pool-135-thread-11 reduces to 3769
[pool-135-thread-4] pick event Id=252, eMBMSSessionId=57 current size: 3768
[pool-135-thread-6] pick event Id=253, eMBMSSessionId=62 current size: 3767
[pool-135-thread-6] pick event Id=254, eMBMSSessionId=20 current size: 3766
[pool-135-thread-20] pick event Id=255, eMBMSSessionId=92 current size: 3765
[pool-135-thread-17] pick event Id=256, eMBMSSessionId=91 current size: 3764
[pool-135-thread-9] pick event Id=257, eMBMSSessionId=40 current size: 3763
pool-135-thread-2 reduces to 3762
[pool-135-thread-3] pick event Id=258, eMBMSSessionId=79 current size: 3761
[pool-135-thread-12] pick event Id=259, eMBMSSessionId=32 current size: 3760
[pool-135-thread-13] pick event Id=260, eMBMSSessionId=45 current size: 3759
[pool-135-thread-8] pick event Id=261, eMBMSSessionId=3 current size: 3758
[pool-135-thread-8] pick event Id=262, eMBMSSessionId=2 current size: 3757
[pool-135-thread-8] adds event Id=263, eMBMSSessionId=92 current size: 3757
[pool-135-thread-8] pick event Id=264, eMBMSSessionId=5 current size: 3756
[pool-135-thread-8] pick event Id=265, eMBMSSessionId=22 current size: 3755
[pool-135-thread-8] pick event Id=266, eMBMSSessionId=23 current size: 3754
[pool-135-thread-10] pick event Id=267, eMBMSSessionId=65 current size: 3753
[pool-135-thread-11] pick event Id=268, eMBMSSessionId=48 current size: 3752
[pool-135-thread-13] pick event Id=269, eMBMSSessionId=70 current size: 3751
[pool-135-thread-15] pick event Id=270, eMBMSSessionId=38 current size: 3750
[pool-135-thread-7] adds event Id=271, eMBMSSessionId=70 current size: 3750
[pool-135-thread-7] pick event Id=272, eMBMSSessionId=8 current size: 3749
[pool-135-thread-4] adds event Id=273, eMBMSSessionId=32 current size: 3749
[pool-135-thread-16] pick event Id=274, eMBMSSessionId=43 current size: 3748
[pool-135-thread-18] adds event Id=275, eMBMSSessionId=38 current size: 3748
pool-135-thread-20 reduces to 3747
[pool-135-thread-19] pick event Id=276, eMBMSSessionId=93 current size: 3746
[pool-135-thread-17] pick event Id=277, eMBMSSessionId=74 current size: 3745
[pool-135-thread-2] pick event Id=278, eMBMSSessionId=56 current size: 3744
[pool-135-thread-14] pick event Id=279, eMBMSSessionId=59 current size: 3743
pool-135-thread-12 reduces to 3742
[pool-135-thread-5] adds event Id=280, eMBMSSessionId=92 current size: 3742
[pool-135-thread-5] pick event Id=281, eMBMSSessionId=55 current size: 3741
[pool-135-thread-10] adds event Id=282, eMBMSSessionId=93 current size: 3741
[pool-135-thread-10] pick event Id=283, eMBMSSessionId=97 current size: 3740
[pool-135-thread-1] pick event Id=284, eMBMSSessionId=20 current size: 3739
pool-135-thread-15 reduces to 3738
[pool-135-thread-4] adds event Id=285, eMBMSSessionId=70 current size: 3738
pool-135-thread-13 reduces to 3737
[pool-135-thread-6] pick event Id=286, eMBMSSessionId=65 current size: 3736
[pool-135-thread-16] pick event Id=287, eMBMSSessionId=18 current size: 3735
[pool-135-thread-16] pick event Id=288, eMBMSSessionId=15 current size: 3734
[pool-135-thread-16] adds event Id=289, eMBMSSessionId=56 current size: 3734
[pool-135-thread-16] pick event Id=290, eMBMSSessionId=94 current size: 3733
[pool-135-thread-16] pick event Id=291, eMBMSSessionId=22 current size: 3732
[pool-135-thread-16] pick event Id=292, eMBMSSessionId=34 current size: 3731
[pool-135-thread-16] pick event Id=293, eMBMSSessionId=77 current size: 3730
[pool-135-thread-16] pick event Id=294, eMBMSSessionId=52 current size: 3729
[pool-135-thread-16] adds event Id=295, eMBMSSessionId=20 current size: 3729
[pool-135-thread-16] pick event Id=296, eMBMSSessionId=85 current size: 3728
[pool-135-thread-16] pick event Id=297, eMBMSSessionId=26 current size: 3727
[pool-135-thread-18] pick event Id=298, eMBMSSessionId=87 current size: 3726
pool-135-thread-20 reduces to 3725
pool-135-thread-19 reduces to 3724
[pool-135-thread-17] pick event Id=299, eMBMSSessionId=67 current size: 3723
pool-135-thread-2 reduces to 3722
[pool-135-thread-3] pick event Id=300, eMBMSSessionId=30 current size: 3721
[pool-135-thread-9] pick event Id=301, eMBMSSessionId=33 current size: 3720
[pool-135-thread-14] pick event Id=302, eMBMSSessionId=96 current size: 3719
[pool-135-thread-8] adds event Id=303, eMBMSSessionId=55 current size: 3719
pool-135-thread-5 reduces to 3718
pool-135-thread-1 reduces to 3717
[pool-135-thread-11] pick event Id=304, eMBMSSessionId=36 current size: 3716
[pool-135-thread-11] pick event Id=305, eMBMSSessionId=16 current size: 3715
[pool-135-thread-11] pick event Id=306, eMBMSSessionId=11 current size: 3714
[pool-135-thread-4] pick event Id=307, eMBMSSessionId=16 current size: 3713
pool-135-thread-13 reduces to 3712
[pool-135-thread-7] pick event Id=308, eMBMSSessionId=48 current size: 3711
[pool-135-thread-13] pick event Id=309, eMBMSSessionId=7 current size: 3710
[pool-135-thread-13] pick event Id=310, eMBMSSessionId=90 current size: 3709
[pool-135-thread-13] pick event Id=311, eMBMSSessionId=50 current size: 3708
[pool-135-thread-13] pick event Id=312, eMBMSSessionId=15 current size: 3707
[pool-135-thread-13] pick event Id=313, eMBMSSessionId=84 current size: 3706
[pool-135-thread-13] pick event Id=314, eMBMSSessionId=45 current size: 3705
[pool-135-thread-13] pick event Id=315, eMBMSSessionId=60 current size: 3704
[pool-135-thread-16] pick event Id=316, eMBMSSessionId=3 current size: 3703
[pool-135-thread-19] pick event Id=317, eMBMSSessionId=44 current size: 3702
[pool-135-thread-20] pick event Id=318, eMBMSSessionId=73 current size: 3701
[pool-135-thread-8] pick event Id=319, eMBMSSessionId=78 current size: 3700
[pool-135-thread-14] pick event Id=320, eMBMSSessionId=17 current size: 3699
[pool-135-thread-10] pick event Id=321, eMBMSSessionId=64 current size: 3698
[pool-135-thread-12] pick event Id=322, eMBMSSessionId=99 current size: 3697
[pool-135-thread-15] pick event Id=323, eMBMSSessionId=37 current size: 3696
[pool-135-thread-5] pick event Id=324, eMBMSSessionId=32 current size: 3695
[pool-135-thread-4] pick event Id=325, eMBMSSessionId=63 current size: 3694
[pool-135-thread-6] pick event Id=326, eMBMSSessionId=60 current size: 3693
[pool-135-thread-6] pick event Id=327, eMBMSSessionId=18 current size: 3692
[pool-135-thread-6] pick event Id=328, eMBMSSessionId=61 current size: 3691
[pool-135-thread-16] pick event Id=329, eMBMSSessionId=43 current size: 3690
[pool-135-thread-18] pick event Id=330, eMBMSSessionId=59 current size: 3689
[pool-135-thread-3] pick event Id=331, eMBMSSessionId=80 current size: 3688
[pool-135-thread-2] pick event Id=332, eMBMSSessionId=10 current size: 3687
[pool-135-thread-17] adds event Id=333, eMBMSSessionId=64 current size: 3687
[pool-135-thread-9] pick event Id=334, eMBMSSessionId=72 current size: 3686
pool-135-thread-10 reduces to 3685
[pool-135-thread-14] adds event Id=335, eMBMSSessionId=64 current size: 3685
pool-135-thread-10 reduces to 3684
[pool-135-thread-1] pick event Id=336, eMBMSSessionId=61 current size: 3683
[pool-135-thread-11] pick event Id=337, eMBMSSessionId=56 current size: 3682
[pool-135-thread-13] pick event Id=338, eMBMSSessionId=87 current size: 3681
[pool-135-thread-7] pick event Id=339, eMBMSSessionId=26 current size: 3680
[pool-135-thread-4] pick event Id=340, eMBMSSessionId=9 current size: 3679
[pool-135-thread-20] pick event Id=341, eMBMSSessionId=77 current size: 3678
[pool-135-thread-6] pick event Id=342, eMBMSSessionId=8 current size: 3677
[pool-135-thread-17] pick event Id=343, eMBMSSessionId=13 current size: 3676
[pool-135-thread-3] pick event Id=344, eMBMSSessionId=52 current size: 3675
[pool-135-thread-19] adds event Id=345, eMBMSSessionId=26 current size: 3675
[pool-135-thread-9] pick event Id=346, eMBMSSessionId=90 current size: 3674
[pool-135-thread-19] pick event Id=347, eMBMSSessionId=32 current size: 3673
[pool-135-thread-12] pick event Id=348, eMBMSSessionId=10 current size: 3672
[pool-135-thread-14] pick event Id=349, eMBMSSessionId=97 current size: 3671
[pool-135-thread-8] adds event Id=350, eMBMSSessionId=77 current size: 3671
[pool-135-thread-5] pick event Id=351, eMBMSSessionId=56 current size: 3670
pool-135-thread-20 reduces to 3669
pool-135-thread-7 reduces to 3668
[pool-135-thread-16] pick event Id=352, eMBMSSessionId=65 current size: 3667
[pool-135-thread-15] pick event Id=353, eMBMSSessionId=30 current size: 3666
[pool-135-thread-18] pick event Id=354, eMBMSSessionId=59 current size: 3665
[pool-135-thread-2] pick event Id=355, eMBMSSessionId=71 current size: 3664
[pool-135-thread-17] pick event Id=356, eMBMSSessionId=54 current size: 3663
[pool-135-thread-10] pick event Id=357, eMBMSSessionId=24 current size: 3662
[pool-135-thread-19] pick event Id=358, eMBMSSessionId=84 current size: 3661
[pool-135-thread-8] pick event Id=359, eMBMSSessionId=67 current size: 3660
[pool-135-thread-11] pick event Id=360, eMBMSSessionId=63 current size: 3659
[pool-135-thread-1] pick event Id=361, eMBMSSessionId=88 current size: 3658
[pool-135-thread-13] pick event Id=362, eMBMSSessionId=55 current size: 3657
[pool-135-thread-4] adds event Id=363, eMBMSSessionId=24 current size: 3657
[pool-135-thread-20] pick event Id=364, eMBMSSessionId=36 current size: 3656
[pool-135-thread-6] pick event Id=365, eMBMSSessionId=31 current size: 3655
[pool-135-thread-7] pick event Id=366, eMBMSSessionId=37 current size: 3654
[pool-135-thread-18] pick event Id=367, eMBMSSessionId=48 current size: 3653
[pool-135-thread-9] pick event Id=368, eMBMSSessionId=5 current size: 3652
[pool-135-thread-3] pick event Id=369, eMBMSSessionId=26 current size: 3651
[pool-135-thread-14] pick event Id=370, eMBMSSessionId=51 current size: 3650
pool-135-thread-10 reduces to 3649
[pool-135-thread-12] pick event Id=371, eMBMSSessionId=77 current size: 3648
[pool-135-thread-5] pick event Id=372, eMBMSSessionId=33 current size: 3647
[pool-135-thread-4] pick event Id=373, eMBMSSessionId=46 current size: 3646
[pool-135-thread-16] pick event Id=374, eMBMSSessionId=96 current size: 3645
[pool-135-thread-15] pick event Id=375, eMBMSSessionId=81 current size: 3644
[pool-135-thread-2] pick event Id=376, eMBMSSessionId=34 current size: 3643
[pool-135-thread-17] pick event Id=377, eMBMSSessionId=42 current size: 3642
[pool-135-thread-8] pick event Id=378, eMBMSSessionId=28 current size: 3641
[pool-135-thread-11] pick event Id=379, eMBMSSessionId=17 current size: 3640
[pool-135-thread-19] pick event Id=380, eMBMSSessionId=52 current size: 3639
[pool-135-thread-1] pick event Id=381, eMBMSSessionId=24 current size: 3638
[pool-135-thread-4] pick event Id=382, eMBMSSessionId=6 current size: 3637
[pool-135-thread-20] pick event Id=383, eMBMSSessionId=20 current size: 3636
[pool-135-thread-13] pick event Id=384, eMBMSSessionId=39 current size: 3635
[pool-135-thread-7] pick event Id=385, eMBMSSessionId=16 current size: 3634
[pool-135-thread-6] pick event Id=386, eMBMSSessionId=1 current size: 3633
[pool-135-thread-20] pick event Id=387, eMBMSSessionId=0 current size: 3632
[pool-135-thread-5] pick event Id=388, eMBMSSessionId=69 current size: 3631
[pool-135-thread-18] pick event Id=389, eMBMSSessionId=80 current size: 3630
[pool-135-thread-9] adds event Id=390, eMBMSSessionId=6 current size: 3630
[pool-135-thread-3] pick event Id=391, eMBMSSessionId=3 current size: 3629
[pool-135-thread-14] pick event Id=392, eMBMSSessionId=89 current size: 3628
[pool-135-thread-10] adds event Id=393, eMBMSSessionId=69 current size: 3628
[pool-135-thread-12] pick event Id=394, eMBMSSessionId=77 current size: 3627
[pool-135-thread-15] pick event Id=395, eMBMSSessionId=75 current size: 3626
pool-135-thread-4 reduces to 3625
[pool-135-thread-16] pick event Id=396, eMBMSSessionId=87 current size: 3624
pool-135-thread-5 reduces to 3623
[pool-135-thread-2] pick event Id=397, eMBMSSessionId=43 current size: 3622
[pool-135-thread-9] pick event Id=398, eMBMSSessionId=1 current size: 3621
[pool-135-thread-17] pick event Id=399, eMBMSSessionId=60 current size: 3620
[pool-135-thread-10] pick event Id=400, eMBMSSessionId=94 current size: 3619
[pool-135-thread-8] pick event Id=401, eMBMSSessionId=84 current size: 3618
[pool-135-thread-14] pick event Id=402, eMBMSSessionId=4 current size: 3617
[pool-135-thread-11] pick event Id=403, eMBMSSessionId=68 current size: 3616
[pool-135-thread-1] pick event Id=404, eMBMSSessionId=24 current size: 3615
[pool-135-thread-19] pick event Id=405, eMBMSSessionId=95 current size: 3614
[pool-135-thread-7] pick event Id=406, eMBMSSessionId=55 current size: 3613
[pool-135-thread-13] pick event Id=407, eMBMSSessionId=73 current size: 3612
[pool-135-thread-6] pick event Id=408, eMBMSSessionId=21 current size: 3611
[pool-135-thread-20] pick event Id=409, eMBMSSessionId=69 current size: 3610
[pool-135-thread-18] pick event Id=410, eMBMSSessionId=88 current size: 3609
[pool-135-thread-3] pick event Id=411, eMBMSSessionId=75 current size: 3608
[pool-135-thread-12] adds event Id=412, eMBMSSessionId=69 current size: 3608
[pool-135-thread-8] pick event Id=413, eMBMSSessionId=37 current size: 3607
[pool-135-thread-15] pick event Id=414, eMBMSSessionId=54 current size: 3606
[pool-135-thread-4] pick event Id=415, eMBMSSessionId=57 current size: 3605
[pool-135-thread-16] pick event Id=416, eMBMSSessionId=84 current size: 3604
[pool-135-thread-7] pick event Id=417, eMBMSSessionId=40 current size: 3603
[pool-135-thread-5] pick event Id=418, eMBMSSessionId=22 current size: 3602
[pool-135-thread-2] pick event Id=419, eMBMSSessionId=90 current size: 3601
[pool-135-thread-6] pick event Id=420, eMBMSSessionId=53 current size: 3600
[pool-135-thread-17] pick event Id=421, eMBMSSessionId=36 current size: 3599
pool-135-thread-20 reduces to 3598
[pool-135-thread-9] pick event Id=422, eMBMSSessionId=76 current size: 3597
[pool-135-thread-1] pick event Id=423, eMBMSSessionId=9 current size: 3596
[pool-135-thread-12] pick event Id=424, eMBMSSessionId=26 current size: 3595
[pool-135-thread-3] pick event Id=425, eMBMSSessionId=70 current size: 3594
[pool-135-thread-10] pick event Id=426, eMBMSSessionId=0 current size: 3593
[pool-135-thread-11] pick event Id=427, eMBMSSessionId=58 current size: 3592
[pool-135-thread-14] pick event Id=428, eMBMSSessionId=72 current size: 3591
[pool-135-thread-19] pick event Id=429, eMBMSSessionId=16 current size: 3590
[pool-135-thread-13] pick event Id=430, eMBMSSessionId=27 current size: 3589
[pool-135-thread-18] pick event Id=431, eMBMSSessionId=12 current size: 3588
[pool-135-thread-8] pick event Id=432, eMBMSSessionId=59 current size: 3587
[pool-135-thread-15] pick event Id=433, eMBMSSessionId=44 current size: 3586
[pool-135-thread-4] pick event Id=434, eMBMSSessionId=1 current size: 3585
[pool-135-thread-16] pick event Id=435, eMBMSSessionId=95 current size: 3584
[pool-135-thread-7] pick event Id=436, eMBMSSessionId=94 current size: 3583
[pool-135-thread-5] pick event Id=437, eMBMSSessionId=51 current size: 3582
[pool-135-thread-2] pick event Id=438, eMBMSSessionId=45 current size: 3581
[pool-135-thread-17] pick event Id=439, eMBMSSessionId=87 current size: 3580
[pool-135-thread-6] pick event Id=440, eMBMSSessionId=49 current size: 3579
[pool-135-thread-3] pick event Id=441, eMBMSSessionId=37 current size: 3578
[pool-135-thread-20] pick event Id=442, eMBMSSessionId=98 current size: 3577
[pool-135-thread-1] adds event Id=443, eMBMSSessionId=95 current size: 3577
[pool-135-thread-9] pick event Id=444, eMBMSSessionId=67 current size: 3576
[pool-135-thread-1] pick event Id=445, eMBMSSessionId=22 current size: 3575
[pool-135-thread-12] pick event Id=446, eMBMSSessionId=62 current size: 3574
[pool-135-thread-10] adds event Id=447, eMBMSSessionId=49 current size: 3574
[pool-135-thread-18] pick event Id=448, eMBMSSessionId=86 current size: 3573
[pool-135-thread-11] adds event Id=449, eMBMSSessionId=44 current size: 3573
pool-135-thread-15 reduces to 3572
[pool-135-thread-14] pick event Id=450, eMBMSSessionId=21 current size: 3571
[pool-135-thread-19] pick event Id=451, eMBMSSessionId=91 current size: 3570
[pool-135-thread-13] pick event Id=452, eMBMSSessionId=93 current size: 3569
pool-135-thread-16 reduces to 3568
pool-135-thread-6 reduces to 3567
[pool-135-thread-10] pick event Id=453, eMBMSSessionId=83 current size: 3566
[pool-135-thread-8] pick event Id=454, eMBMSSessionId=39 current size: 3565
[pool-135-thread-11] pick event Id=455, eMBMSSessionId=59 current size: 3564
[pool-135-thread-4] pick event Id=456, eMBMSSessionId=70 current size: 3563
[pool-135-thread-7] pick event Id=457, eMBMSSessionId=31 current size: 3562
[pool-135-thread-17] pick event Id=458, eMBMSSessionId=49 current size: 3561
[pool-135-thread-5] pick event Id=459, eMBMSSessionId=16 current size: 3560
[pool-135-thread-2] pick event Id=460, eMBMSSessionId=75 current size: 3559
[pool-135-thread-20] pick event Id=461, eMBMSSessionId=81 current size: 3558
[pool-135-thread-3] pick event Id=462, eMBMSSessionId=94 current size: 3557
[pool-135-thread-12] pick event Id=463, eMBMSSessionId=76 current size: 3556
[pool-135-thread-1] pick event Id=464, eMBMSSessionId=96 current size: 3555
[pool-135-thread-6] pick event Id=465, eMBMSSessionId=44 current size: 3554
[pool-135-thread-9] pick event Id=466, eMBMSSessionId=67 current size: 3553
[pool-135-thread-10] pick event Id=467, eMBMSSessionId=90 current size: 3552
[pool-135-thread-18] adds event Id=468, eMBMSSessionId=90 current size: 3552
[pool-135-thread-14] adds event Id=469, eMBMSSessionId=31 current size: 3552
[pool-135-thread-15] pick event Id=470, eMBMSSessionId=91 current size: 3551
[pool-135-thread-19] pick event Id=471, eMBMSSessionId=25 current size: 3550
[pool-135-thread-13] pick event Id=472, eMBMSSessionId=98 current size: 3549
pool-135-thread-7 reduces to 3548
[pool-135-thread-16] pick event Id=473, eMBMSSessionId=32 current size: 3547
[pool-135-thread-20] pick event Id=474, eMBMSSessionId=21 current size: 3546
[pool-135-thread-12] pick event Id=475, eMBMSSessionId=36 current size: 3545
[pool-135-thread-8] pick event Id=476, eMBMSSessionId=72 current size: 3544
[pool-135-thread-18] pick event Id=477, eMBMSSessionId=52 current size: 3543
pool-135-thread-10 reduces to 3542
[pool-135-thread-11] pick event Id=478, eMBMSSessionId=82 current size: 3541
[pool-135-thread-4] pick event Id=479, eMBMSSessionId=58 current size: 3540
[pool-135-thread-14] pick event Id=480, eMBMSSessionId=83 current size: 3539
[pool-135-thread-17] pick event Id=481, eMBMSSessionId=46 current size: 3538
[pool-135-thread-5] pick event Id=482, eMBMSSessionId=62 current size: 3537
[pool-135-thread-2] pick event Id=483, eMBMSSessionId=42 current size: 3536
[pool-135-thread-3] pick event Id=484, eMBMSSessionId=75 current size: 3535
[pool-135-thread-1] adds event Id=485, eMBMSSessionId=75 current size: 3535
[pool-135-thread-6] pick event Id=486, eMBMSSessionId=31 current size: 3534
[pool-135-thread-9] pick event Id=487, eMBMSSessionId=7 current size: 3533
[pool-135-thread-12] adds event Id=488, eMBMSSessionId=62 current size: 3533
[pool-135-thread-12] pick event Id=489, eMBMSSessionId=72 current size: 3532
[pool-135-thread-19] pick event Id=490, eMBMSSessionId=34 current size: 3531
[pool-135-thread-4] pick event Id=491, eMBMSSessionId=69 current size: 3530
[pool-135-thread-15] pick event Id=492, eMBMSSessionId=39 current size: 3529
[pool-135-thread-13] pick event Id=493, eMBMSSessionId=14 current size: 3528
[pool-135-thread-7] pick event Id=494, eMBMSSessionId=91 current size: 3527
[pool-135-thread-16] adds event Id=495, eMBMSSessionId=7 current size: 3527
[pool-135-thread-17] pick event Id=496, eMBMSSessionId=61 current size: 3526
pool-135-thread-5 reduces to 3525
pool-135-thread-3 reduces to 3524
[pool-135-thread-1] pick event Id=497, eMBMSSessionId=90 current size: 3523
[pool-135-thread-20] pick event Id=498, eMBMSSessionId=17 current size: 3522
pool-135-thread-9 reduces to 3521
[pool-135-thread-8] pick event Id=499, eMBMSSessionId=6 current size: 3520
[pool-135-thread-18] pick event Id=500, eMBMSSessionId=13 current size: 3519
[pool-135-thread-10] pick event Id=501, eMBMSSessionId=38 current size: 3518
[pool-135-thread-11] pick event Id=502, eMBMSSessionId=95 current size: 3517
[pool-135-thread-14] pick event Id=503, eMBMSSessionId=76 current size: 3516
[pool-135-thread-16] pick event Id=504, eMBMSSessionId=28 current size: 3515
[pool-135-thread-2] pick event Id=505, eMBMSSessionId=40 current size: 3514
[pool-135-thread-15] pick event Id=506, eMBMSSessionId=29 current size: 3513
[pool-135-thread-6] pick event Id=507, eMBMSSessionId=91 current size: 3512
[pool-135-thread-20] pick event Id=508, eMBMSSessionId=48 current size: 3511
[pool-135-thread-12] pick event Id=509, eMBMSSessionId=86 current size: 3510
[pool-135-thread-4] pick event Id=510, eMBMSSessionId=34 current size: 3509
[pool-135-thread-19] pick event Id=511, eMBMSSessionId=9 current size: 3508
[pool-135-thread-10] pick event Id=512, eMBMSSessionId=65 current size: 3507
[pool-135-thread-7] pick event Id=513, eMBMSSessionId=4 current size: 3506
[pool-135-thread-3] pick event Id=514, eMBMSSessionId=54 current size: 3505
[pool-135-thread-13] pick event Id=515, eMBMSSessionId=75 current size: 3504
[pool-135-thread-17] pick event Id=516, eMBMSSessionId=56 current size: 3503
[pool-135-thread-5] pick event Id=517, eMBMSSessionId=85 current size: 3502
[pool-135-thread-1] pick event Id=518, eMBMSSessionId=16 current size: 3501
[pool-135-thread-9] adds event Id=519, eMBMSSessionId=86 current size: 3501
[pool-135-thread-20] adds event Id=520, eMBMSSessionId=4 current size: 3501
testOverload end.
testFull begin.
[pool-136-thread-1] pick event Id=0, eMBMSSessionId=38 current size: 4998
[pool-136-thread-3] pick event Id=1, eMBMSSessionId=95 current size: 4997
[pool-136-thread-2] adds event Id=2, eMBMSSessionId=38 current size: 4997
[pool-136-thread-4] pick event Id=3, eMBMSSessionId=74 current size: 4996
[pool-136-thread-5] pick event Id=4, eMBMSSessionId=69 current size: 4995
[pool-136-thread-6] pick event Id=5, eMBMSSessionId=93 current size: 4994
[pool-136-thread-7] pick event Id=6, eMBMSSessionId=35 current size: 4993
[pool-136-thread-10] pick event Id=7, eMBMSSessionId=63 current size: 4992
[pool-136-thread-9] pick event Id=8, eMBMSSessionId=49 current size: 4991
[pool-136-thread-8] pick event Id=9, eMBMSSessionId=16 current size: 4990
[pool-136-thread-11] pick event Id=10, eMBMSSessionId=91 current size: 4989
[pool-136-thread-12] adds event Id=11, eMBMSSessionId=91 current size: 4989
[pool-136-thread-13] pick event Id=12, eMBMSSessionId=87 current size: 4988
[pool-136-thread-14] pick event Id=13, eMBMSSessionId=47 current size: 4987
[pool-136-thread-15] pick event Id=14, eMBMSSessionId=24 current size: 4986
[pool-136-thread-16] pick event Id=15, eMBMSSessionId=4 current size: 4985
[pool-136-thread-17] pick event Id=16, eMBMSSessionId=5 current size: 4984
[pool-136-thread-20] pick event Id=17, eMBMSSessionId=6 current size: 4983
[pool-136-thread-18] adds event Id=18, eMBMSSessionId=93 current size: 4983
[pool-136-thread-19] pick event Id=19, eMBMSSessionId=40 current size: 4982
[pool-136-thread-2] pick event Id=20, eMBMSSessionId=54 current size: 4981
[pool-136-thread-12] pick event Id=21, eMBMSSessionId=33 current size: 4980
[pool-136-thread-18] pick event Id=22, eMBMSSessionId=31 current size: 4979
event queue is full, will clear all data!
NbiEventCache is cleared with total events removed: 5029
testFull end.
15 times run start
testEventSequence begin.
testEventSequence end.
testSendRadomEmbmsSessionEvents begin.
testSendRadomEmbmsSessionEvents end.
testSendSameEmbmsSessionEvents begin.
testSendSameEmbmsSessionEvents end.
testSendNoSameEmbmsSessionEvents begin.
testSendNoSameEmbmsSessionEvents end.
testSendNoEmbmsSessionIdEvents begin.
testSendNoEmbmsSessionIdEvents end.
testOverload begin.
[pool-144-thread-1] pick event Id=0, eMBMSSessionId=50 current size: 4019
[pool-144-thread-4] pick event Id=1, eMBMSSessionId=71 current size: 4018
[pool-144-thread-2] pick event Id=2, eMBMSSessionId=47 current size: 4017
[pool-144-thread-3] pick event Id=3, eMBMSSessionId=30 current size: 4016
pool-144-thread-1 Discard NBI event &apos; Id=0, eMBMSSessionId=50&apos;, current queue size: 4016
[pool-144-thread-5] pick event Id=4, eMBMSSessionId=83 current size: 4015
pool-144-thread-3 Discard NBI event &apos; Id=3, eMBMSSessionId=30&apos;, current queue size: 4015
[pool-144-thread-6] pick event Id=5, eMBMSSessionId=80 current size: 4014
pool-144-thread-4 Discard NBI event &apos; Id=1, eMBMSSessionId=71&apos;, current queue size: 4015
pool-144-thread-2 Discard NBI event &apos; Id=2, eMBMSSessionId=47&apos;, current queue size: 4014
[pool-144-thread-8] pick event Id=6, eMBMSSessionId=63 current size: 4013
pool-144-thread-5 Discard NBI event &apos; Id=4, eMBMSSessionId=83&apos;, current queue size: 4014
[pool-144-thread-9] adds event Id=7, eMBMSSessionId=71 current size: 4013
[pool-144-thread-7] pick event Id=8, eMBMSSessionId=33 current size: 4012
pool-144-thread-6 Discard NBI event &apos; Id=5, eMBMSSessionId=80&apos;, current queue size: 4012
pool-144-thread-8 Discard NBI event &apos; Id=6, eMBMSSessionId=63&apos;, current queue size: 4012
[pool-144-thread-19] pick event Id=9, eMBMSSessionId=39 current size: 4011
[pool-144-thread-11] pick event Id=10, eMBMSSessionId=19 current size: 4010
[pool-144-thread-9] adds event Id=11, eMBMSSessionId=19 current size: 4010
pool-144-thread-19 Discard NBI event &apos; Id=9, eMBMSSessionId=39&apos;, current queue size: 4010
[pool-144-thread-14] pick event Id=12, eMBMSSessionId=99 current size: 4009
pool-144-thread-7 Discard NBI event &apos; Id=8, eMBMSSessionId=33&apos;, current queue size: 4009
[pool-144-thread-13] pick event Id=13, eMBMSSessionId=36 current size: 4008
[pool-144-thread-10] pick event Id=14, eMBMSSessionId=44 current size: 4007
pool-144-thread-11 Discard NBI event &apos; Id=10, eMBMSSessionId=19&apos;, current queue size: 4008
[pool-144-thread-12] pick event Id=15, eMBMSSessionId=72 current size: 4006
pool-144-thread-14 Discard NBI event &apos; Id=12, eMBMSSessionId=99&apos;, current queue size: 4007
[pool-144-thread-15] pick event Id=16, eMBMSSessionId=48 current size: 4005
pool-144-thread-10 Discard NBI event &apos; Id=14, eMBMSSessionId=44&apos;, current queue size: 4006
pool-144-thread-13 Discard NBI event &apos; Id=13, eMBMSSessionId=36&apos;, current queue size: 4005
pool-144-thread-4 reduces to 4004
[pool-144-thread-16] pick event Id=17, eMBMSSessionId=68 current size: 4003
pool-144-thread-12 Discard NBI event &apos; Id=15, eMBMSSessionId=72&apos;, current queue size: 4004
pool-144-thread-4 Discard NBI event &apos; Id=7, eMBMSSessionId=71&apos;, current queue size: 4003
[pool-144-thread-17] pick event Id=18, eMBMSSessionId=78 current size: 4002
pool-144-thread-15 Discard NBI event &apos; Id=16, eMBMSSessionId=48&apos;, current queue size: 4002
[pool-144-thread-18] pick event Id=19, eMBMSSessionId=47 current size: 4001
pool-144-thread-17 Discard NBI event &apos; Id=18, eMBMSSessionId=78&apos;, current queue size: 4001
pool-144-thread-16 Discard NBI event &apos; Id=17, eMBMSSessionId=68&apos;, current queue size: 4001
[pool-144-thread-20] pick event Id=20, eMBMSSessionId=23 current size: 4000
pool-144-thread-18 Discard NBI event &apos; Id=19, eMBMSSessionId=47&apos;, current queue size: 4001
[pool-144-thread-3] pick event Id=21, eMBMSSessionId=26 current size: 3999
[pool-144-thread-1] pick event Id=22, eMBMSSessionId=9 current size: 3998
[pool-144-thread-9] pick event Id=23, eMBMSSessionId=66 current size: 3997
pool-144-thread-20 Discard NBI event &apos; Id=20, eMBMSSessionId=23&apos;, current queue size: 3998
pool-144-thread-11 reduces to 3996
[pool-144-thread-5] pick event Id=24, eMBMSSessionId=70 current size: 3995
[pool-144-thread-13] pick event Id=25, eMBMSSessionId=99 current size: 3994
[pool-144-thread-2] pick event Id=26, eMBMSSessionId=1 current size: 3993
[pool-144-thread-8] pick event Id=27, eMBMSSessionId=15 current size: 3992
[pool-144-thread-6] pick event Id=28, eMBMSSessionId=96 current size: 3991
[pool-144-thread-7] pick event Id=29, eMBMSSessionId=64 current size: 3990
[pool-144-thread-19] pick event Id=30, eMBMSSessionId=62 current size: 3989
[pool-144-thread-14] pick event Id=31, eMBMSSessionId=5 current size: 3988
[pool-144-thread-10] pick event Id=32, eMBMSSessionId=48 current size: 3987
[pool-144-thread-4] pick event Id=33, eMBMSSessionId=13 current size: 3986
[pool-144-thread-12] pick event Id=34, eMBMSSessionId=42 current size: 3985
[pool-144-thread-15] pick event Id=35, eMBMSSessionId=40 current size: 3984
[pool-144-thread-17] pick event Id=36, eMBMSSessionId=7 current size: 3983
[pool-144-thread-16] pick event Id=37, eMBMSSessionId=59 current size: 3982
[pool-144-thread-20] pick event Id=38, eMBMSSessionId=49 current size: 3981
[pool-144-thread-18] pick event Id=39, eMBMSSessionId=81 current size: 3980
[pool-144-thread-3] pick event Id=40, eMBMSSessionId=18 current size: 3979
[pool-144-thread-1] pick event Id=41, eMBMSSessionId=82 current size: 3978
[pool-144-thread-9] pick event Id=42, eMBMSSessionId=47 current size: 3977
[pool-144-thread-11] pick event Id=43, eMBMSSessionId=68 current size: 3976
[pool-144-thread-2] pick event Id=44, eMBMSSessionId=32 current size: 3975
[pool-144-thread-13] pick event Id=45, eMBMSSessionId=6 current size: 3974
[pool-144-thread-5] pick event Id=46, eMBMSSessionId=84 current size: 3973
[pool-144-thread-8] pick event Id=47, eMBMSSessionId=51 current size: 3972
[pool-144-thread-6] pick event Id=48, eMBMSSessionId=54 current size: 3971
[pool-144-thread-19] adds event Id=49, eMBMSSessionId=68 current size: 3971
[pool-144-thread-3] pick event Id=50, eMBMSSessionId=50 current size: 3970
[pool-144-thread-7] pick event Id=51, eMBMSSessionId=0 current size: 3969
[pool-144-thread-1] pick event Id=52, eMBMSSessionId=38 current size: 3968
[pool-144-thread-14] pick event Id=53, eMBMSSessionId=34 current size: 3967
[pool-144-thread-10] pick event Id=54, eMBMSSessionId=93 current size: 3966
[pool-144-thread-12] pick event Id=55, eMBMSSessionId=98 current size: 3965
pool-144-thread-11 reduces to 3964
[pool-144-thread-4] pick event Id=56, eMBMSSessionId=48 current size: 3963
[pool-144-thread-17] pick event Id=57, eMBMSSessionId=15 current size: 3962
[pool-144-thread-16] pick event Id=58, eMBMSSessionId=71 current size: 3961
[pool-144-thread-15] pick event Id=59, eMBMSSessionId=96 current size: 3960
[pool-144-thread-20] pick event Id=60, eMBMSSessionId=72 current size: 3959
[pool-144-thread-18] adds event Id=61, eMBMSSessionId=0 current size: 3959
[pool-144-thread-19] pick event Id=62, eMBMSSessionId=63 current size: 3958
pool-144-thread-7 reduces to 3957
[pool-144-thread-9] pick event Id=63, eMBMSSessionId=60 current size: 3956
[pool-144-thread-14] adds event Id=64, eMBMSSessionId=68 current size: 3956
pool-144-thread-11 reduces to 3955
[pool-144-thread-2] pick event Id=65, eMBMSSessionId=12 current size: 3954
[pool-144-thread-13] pick event Id=66, eMBMSSessionId=11 current size: 3953
[pool-144-thread-8] pick event Id=67, eMBMSSessionId=44 current size: 3952
[pool-144-thread-6] pick event Id=68, eMBMSSessionId=37 current size: 3951
[pool-144-thread-5] pick event Id=69, eMBMSSessionId=71 current size: 3950
[pool-144-thread-18] pick event Id=70, eMBMSSessionId=95 current size: 3949
[pool-144-thread-3] adds event Id=71, eMBMSSessionId=44 current size: 3949
[pool-144-thread-1] pick event Id=72, eMBMSSessionId=17 current size: 3948
[pool-144-thread-10] pick event Id=73, eMBMSSessionId=52 current size: 3947
[pool-144-thread-12] pick event Id=74, eMBMSSessionId=43 current size: 3946
[pool-144-thread-14] pick event Id=75, eMBMSSessionId=96 current size: 3945
[pool-144-thread-4] pick event Id=76, eMBMSSessionId=40 current size: 3944
[pool-144-thread-17] pick event Id=77, eMBMSSessionId=21 current size: 3943
pool-144-thread-8 reduces to 3942
[pool-144-thread-16] pick event Id=78, eMBMSSessionId=41 current size: 3941
[pool-144-thread-20] pick event Id=79, eMBMSSessionId=35 current size: 3940
[pool-144-thread-15] pick event Id=80, eMBMSSessionId=97 current size: 3939
[pool-144-thread-6] pick event Id=81, eMBMSSessionId=16 current size: 3938
[pool-144-thread-3] pick event Id=82, eMBMSSessionId=98 current size: 3937
[pool-144-thread-19] pick event Id=83, eMBMSSessionId=93 current size: 3936
[pool-144-thread-7] adds event Id=84, eMBMSSessionId=21 current size: 3936
[pool-144-thread-9] pick event Id=85, eMBMSSessionId=8 current size: 3935
[pool-144-thread-2] adds event Id=86, eMBMSSessionId=98 current size: 3935
[pool-144-thread-11] pick event Id=87, eMBMSSessionId=81 current size: 3934
[pool-144-thread-13] pick event Id=88, eMBMSSessionId=62 current size: 3933
pool-144-thread-17 reduces to 3932
[pool-144-thread-5] pick event Id=89, eMBMSSessionId=40 current size: 3931
[pool-144-thread-20] pick event Id=90, eMBMSSessionId=2 current size: 3930
[pool-144-thread-18] pick event Id=91, eMBMSSessionId=68 current size: 3929
pool-144-thread-3 reduces to 3928
[pool-144-thread-7] pick event Id=92, eMBMSSessionId=17 current size: 3927
[pool-144-thread-1] adds event Id=93, eMBMSSessionId=40 current size: 3927
[pool-144-thread-10] pick event Id=94, eMBMSSessionId=72 current size: 3926
[pool-144-thread-12] pick event Id=95, eMBMSSessionId=27 current size: 3925
[pool-144-thread-2] pick event Id=96, eMBMSSessionId=66 current size: 3924
[pool-144-thread-14] pick event Id=97, eMBMSSessionId=54 current size: 3923
[pool-144-thread-11] pick event Id=98, eMBMSSessionId=92 current size: 3922
[pool-144-thread-4] pick event Id=99, eMBMSSessionId=99 current size: 3921
[pool-144-thread-8] pick event Id=100, eMBMSSessionId=45 current size: 3920
[pool-144-thread-15] pick event Id=101, eMBMSSessionId=44 current size: 3919
[pool-144-thread-6] pick event Id=102, eMBMSSessionId=81 current size: 3918
[pool-144-thread-16] pick event Id=103, eMBMSSessionId=32 current size: 3917
pool-144-thread-5 reduces to 3916
[pool-144-thread-19] pick event Id=104, eMBMSSessionId=31 current size: 3915
[pool-144-thread-20] pick event Id=105, eMBMSSessionId=34 current size: 3914
[pool-144-thread-1] pick event Id=106, eMBMSSessionId=63 current size: 3913
[pool-144-thread-3] pick event Id=107, eMBMSSessionId=55 current size: 3912
[pool-144-thread-9] pick event Id=108, eMBMSSessionId=28 current size: 3911
[pool-144-thread-2] pick event Id=109, eMBMSSessionId=62 current size: 3910
[pool-144-thread-13] pick event Id=110, eMBMSSessionId=14 current size: 3909
[pool-144-thread-17] pick event Id=111, eMBMSSessionId=5 current size: 3908
[pool-144-thread-16] pick event Id=112, eMBMSSessionId=19 current size: 3907
[pool-144-thread-18] pick event Id=113, eMBMSSessionId=80 current size: 3906
[pool-144-thread-7] adds event Id=114, eMBMSSessionId=80 current size: 3906
[pool-144-thread-10] pick event Id=115, eMBMSSessionId=18 current size: 3905
[pool-144-thread-12] pick event Id=116, eMBMSSessionId=8 current size: 3904
[pool-144-thread-11] adds event Id=117, eMBMSSessionId=80 current size: 3904
[pool-144-thread-14] adds event Id=118, eMBMSSessionId=5 current size: 3904
[pool-144-thread-4] pick event Id=119, eMBMSSessionId=15 current size: 3903
[pool-144-thread-8] pick event Id=120, eMBMSSessionId=0 current size: 3902
pool-144-thread-17 reduces to 3901
[pool-144-thread-15] adds event Id=121, eMBMSSessionId=15 current size: 3901
[pool-144-thread-6] pick event Id=122, eMBMSSessionId=56 current size: 3900
[pool-144-thread-13] pick event Id=123, eMBMSSessionId=68 current size: 3899
[pool-144-thread-5] pick event Id=124, eMBMSSessionId=48 current size: 3898
[pool-144-thread-19] pick event Id=125, eMBMSSessionId=59 current size: 3897
[pool-144-thread-1] pick event Id=126, eMBMSSessionId=27 current size: 3896
[pool-144-thread-20] pick event Id=127, eMBMSSessionId=1 current size: 3895
pool-144-thread-18 reduces to 3894
[pool-144-thread-7] pick event Id=128, eMBMSSessionId=25 current size: 3893
[pool-144-thread-3] pick event Id=129, eMBMSSessionId=26 current size: 3892
[pool-144-thread-9] pick event Id=130, eMBMSSessionId=20 current size: 3891
[pool-144-thread-11] adds event Id=131, eMBMSSessionId=8 current size: 3891
pool-144-thread-12 reduces to 3890
[pool-144-thread-14] pick event Id=132, eMBMSSessionId=52 current size: 3889
[pool-144-thread-2] pick event Id=133, eMBMSSessionId=78 current size: 3888
pool-144-thread-4 reduces to 3887
[pool-144-thread-15] pick event Id=134, eMBMSSessionId=90 current size: 3886
[pool-144-thread-17] pick event Id=135, eMBMSSessionId=97 current size: 3885
[pool-144-thread-16] pick event Id=136, eMBMSSessionId=11 current size: 3884
pool-144-thread-18 reduces to 3883
[pool-144-thread-10] pick event Id=137, eMBMSSessionId=74 current size: 3882
[pool-144-thread-7] pick event Id=138, eMBMSSessionId=55 current size: 3881
[pool-144-thread-11] pick event Id=139, eMBMSSessionId=70 current size: 3880
[pool-144-thread-8] pick event Id=140, eMBMSSessionId=94 current size: 3879
[pool-144-thread-2] pick event Id=141, eMBMSSessionId=5 current size: 3878
[pool-144-thread-6] adds event Id=142, eMBMSSessionId=11 current size: 3878
[pool-144-thread-13] adds event Id=143, eMBMSSessionId=74 current size: 3878
[pool-144-thread-19] pick event Id=144, eMBMSSessionId=85 current size: 3877
[pool-144-thread-5] pick event Id=145, eMBMSSessionId=89 current size: 3876
[pool-144-thread-1] pick event Id=146, eMBMSSessionId=15 current size: 3875
pool-144-thread-16 reduces to 3874
[pool-144-thread-20] pick event Id=147, eMBMSSessionId=72 current size: 3873
[pool-144-thread-3] pick event Id=148, eMBMSSessionId=3 current size: 3872
[pool-144-thread-9] adds event Id=149, eMBMSSessionId=55 current size: 3872
pool-144-thread-10 reduces to 3871
[pool-144-thread-12] pick event Id=150, eMBMSSessionId=73 current size: 3870
[pool-144-thread-11] pick event Id=151, eMBMSSessionId=24 current size: 3869
pool-144-thread-7 reduces to 3868
[pool-144-thread-14] pick event Id=152, eMBMSSessionId=40 current size: 3867
[pool-144-thread-4] pick event Id=153, eMBMSSessionId=66 current size: 3866
[pool-144-thread-6] pick event Id=154, eMBMSSessionId=0 current size: 3865
[pool-144-thread-17] pick event Id=155, eMBMSSessionId=62 current size: 3864
[pool-144-thread-15] pick event Id=156, eMBMSSessionId=36 current size: 3863
[pool-144-thread-13] adds event Id=157, eMBMSSessionId=66 current size: 3863
[pool-144-thread-5] pick event Id=158, eMBMSSessionId=48 current size: 3862
[pool-144-thread-18] pick event Id=159, eMBMSSessionId=8 current size: 3861
[pool-144-thread-16] pick event Id=160, eMBMSSessionId=59 current size: 3860
[pool-144-thread-9] pick event Id=161, eMBMSSessionId=44 current size: 3859
[pool-144-thread-8] pick event Id=162, eMBMSSessionId=26 current size: 3858
[pool-144-thread-2] pick event Id=163, eMBMSSessionId=20 current size: 3857
[pool-144-thread-12] pick event Id=164, eMBMSSessionId=77 current size: 3856
pool-144-thread-4 reduces to 3855
[pool-144-thread-13] adds event Id=165, eMBMSSessionId=8 current size: 3855
[pool-144-thread-19] pick event Id=166, eMBMSSessionId=99 current size: 3854
[pool-144-thread-1] pick event Id=167, eMBMSSessionId=78 current size: 3853
[pool-144-thread-20] pick event Id=168, eMBMSSessionId=11 current size: 3852
pool-144-thread-18 reduces to 3851
[pool-144-thread-3] pick event Id=169, eMBMSSessionId=94 current size: 3850
[pool-144-thread-10] pick event Id=170, eMBMSSessionId=55 current size: 3849
[pool-144-thread-11] adds event Id=171, eMBMSSessionId=8 current size: 3849
[pool-144-thread-7] pick event Id=172, eMBMSSessionId=72 current size: 3848
[pool-144-thread-14] pick event Id=173, eMBMSSessionId=5 current size: 3847
[pool-144-thread-17] pick event Id=174, eMBMSSessionId=29 current size: 3846
[pool-144-thread-13] pick event Id=175, eMBMSSessionId=88 current size: 3845
[pool-144-thread-15] pick event Id=176, eMBMSSessionId=19 current size: 3844
[pool-144-thread-6] pick event Id=177, eMBMSSessionId=46 current size: 3843
[pool-144-thread-5] pick event Id=178, eMBMSSessionId=59 current size: 3842
pool-144-thread-18 reduces to 3841
[pool-144-thread-20] pick event Id=179, eMBMSSessionId=82 current size: 3840
[pool-144-thread-16] pick event Id=180, eMBMSSessionId=42 current size: 3839
[pool-144-thread-11] pick event Id=181, eMBMSSessionId=41 current size: 3838
[pool-144-thread-9] pick event Id=182, eMBMSSessionId=99 current size: 3837
[pool-144-thread-2] pick event Id=183, eMBMSSessionId=83 current size: 3836
[pool-144-thread-12] pick event Id=184, eMBMSSessionId=12 current size: 3835
[pool-144-thread-4] pick event Id=185, eMBMSSessionId=47 current size: 3834
[pool-144-thread-8] pick event Id=186, eMBMSSessionId=29 current size: 3833
[pool-144-thread-19] pick event Id=187, eMBMSSessionId=70 current size: 3832
[pool-144-thread-1] pick event Id=188, eMBMSSessionId=17 current size: 3831
[pool-144-thread-3] pick event Id=189, eMBMSSessionId=21 current size: 3830
[pool-144-thread-10] pick event Id=190, eMBMSSessionId=56 current size: 3829
[pool-144-thread-7] pick event Id=191, eMBMSSessionId=63 current size: 3828
[pool-144-thread-14] pick event Id=192, eMBMSSessionId=6 current size: 3827
[pool-144-thread-9] pick event Id=193, eMBMSSessionId=20 current size: 3826
[pool-144-thread-17] pick event Id=194, eMBMSSessionId=68 current size: 3825
[pool-144-thread-12] pick event Id=195, eMBMSSessionId=10 current size: 3824
[pool-144-thread-13] pick event Id=196, eMBMSSessionId=60 current size: 3823
[pool-144-thread-15] pick event Id=197, eMBMSSessionId=58 current size: 3822
[pool-144-thread-6] pick event Id=198, eMBMSSessionId=91 current size: 3821
[pool-144-thread-5] pick event Id=199, eMBMSSessionId=13 current size: 3820
[pool-144-thread-18] pick event Id=200, eMBMSSessionId=61 current size: 3819
[pool-144-thread-20] pick event Id=201, eMBMSSessionId=85 current size: 3818
[pool-144-thread-16] pick event Id=202, eMBMSSessionId=19 current size: 3817
[pool-144-thread-16] pick event Id=203, eMBMSSessionId=82 current size: 3816
[pool-144-thread-11] pick event Id=204, eMBMSSessionId=38 current size: 3815
[pool-144-thread-10] pick event Id=205, eMBMSSessionId=79 current size: 3814
[pool-144-thread-14] pick event Id=206, eMBMSSessionId=36 current size: 3813
[pool-144-thread-2] pick event Id=207, eMBMSSessionId=76 current size: 3812
[pool-144-thread-4] pick event Id=208, eMBMSSessionId=89 current size: 3811
[pool-144-thread-19] pick event Id=209, eMBMSSessionId=63 current size: 3810
[pool-144-thread-8] pick event Id=210, eMBMSSessionId=43 current size: 3809
[pool-144-thread-1] pick event Id=211, eMBMSSessionId=41 current size: 3808
[pool-144-thread-3] pick event Id=212, eMBMSSessionId=10 current size: 3807
[pool-144-thread-6] pick event Id=213, eMBMSSessionId=34 current size: 3806
[pool-144-thread-7] pick event Id=214, eMBMSSessionId=38 current size: 3805
[pool-144-thread-9] pick event Id=215, eMBMSSessionId=2 current size: 3804
[pool-144-thread-17] pick event Id=216, eMBMSSessionId=93 current size: 3803
[pool-144-thread-13] pick event Id=217, eMBMSSessionId=97 current size: 3802
[pool-144-thread-12] pick event Id=218, eMBMSSessionId=57 current size: 3801
[pool-144-thread-15] pick event Id=219, eMBMSSessionId=75 current size: 3800
[pool-144-thread-5] pick event Id=220, eMBMSSessionId=52 current size: 3799
[pool-144-thread-18] pick event Id=221, eMBMSSessionId=15 current size: 3798
[pool-144-thread-20] pick event Id=222, eMBMSSessionId=26 current size: 3797
[pool-144-thread-16] pick event Id=223, eMBMSSessionId=29 current size: 3796
[pool-144-thread-11] pick event Id=224, eMBMSSessionId=99 current size: 3795
[pool-144-thread-10] pick event Id=225, eMBMSSessionId=67 current size: 3794
[pool-144-thread-14] pick event Id=226, eMBMSSessionId=53 current size: 3793
[pool-144-thread-7] adds event Id=227, eMBMSSessionId=2 current size: 3793
[pool-144-thread-7] pick event Id=228, eMBMSSessionId=66 current size: 3792
pool-144-thread-9 reduces to 3791
[pool-144-thread-9] pick event Id=229, eMBMSSessionId=86 current size: 3790
[pool-144-thread-9] pick event Id=230, eMBMSSessionId=98 current size: 3789
[pool-144-thread-9] adds event Id=231, eMBMSSessionId=93 current size: 3789
[pool-144-thread-9] pick event Id=232, eMBMSSessionId=30 current size: 3788
[pool-144-thread-9] pick event Id=233, eMBMSSessionId=71 current size: 3787
[pool-144-thread-9] pick event Id=234, eMBMSSessionId=3 current size: 3786
[pool-144-thread-2] adds event Id=235, eMBMSSessionId=3 current size: 3786
pool-144-thread-17 reduces to 3785
[pool-144-thread-4] pick event Id=236, eMBMSSessionId=51 current size: 3784
[pool-144-thread-4] pick event Id=237, eMBMSSessionId=27 current size: 3783
[pool-144-thread-4] pick event Id=238, eMBMSSessionId=11 current size: 3782
[pool-144-thread-19] pick event Id=239, eMBMSSessionId=14 current size: 3781
[pool-144-thread-8] pick event Id=240, eMBMSSessionId=18 current size: 3780
[pool-144-thread-1] pick event Id=241, eMBMSSessionId=36 current size: 3779
[pool-144-thread-3] pick event Id=242, eMBMSSessionId=9 current size: 3778
[pool-144-thread-16] pick event Id=243, eMBMSSessionId=16 current size: 3777
[pool-144-thread-6] pick event Id=244, eMBMSSessionId=94 current size: 3776
[pool-144-thread-6] pick event Id=245, eMBMSSessionId=13 current size: 3775
pool-144-thread-9 reduces to 3774
[pool-144-thread-14] pick event Id=246, eMBMSSessionId=75 current size: 3773
[pool-144-thread-7] pick event Id=247, eMBMSSessionId=79 current size: 3772
[pool-144-thread-2] adds event Id=248, eMBMSSessionId=3 current size: 3772
[pool-144-thread-13] pick event Id=249, eMBMSSessionId=68 current size: 3771
[pool-144-thread-4] pick event Id=250, eMBMSSessionId=62 current size: 3770
[pool-144-thread-12] pick event Id=251, eMBMSSessionId=53 current size: 3769
[pool-144-thread-15] pick event Id=252, eMBMSSessionId=27 current size: 3768
[pool-144-thread-19] adds event Id=253, eMBMSSessionId=53 current size: 3768
[pool-144-thread-19] pick event Id=254, eMBMSSessionId=63 current size: 3767
[pool-144-thread-5] pick event Id=255, eMBMSSessionId=23 current size: 3766
[pool-144-thread-8] pick event Id=256, eMBMSSessionId=42 current size: 3765
[pool-144-thread-18] pick event Id=257, eMBMSSessionId=59 current size: 3764
[pool-144-thread-20] pick event Id=258, eMBMSSessionId=25 current size: 3763
[pool-144-thread-3] adds event Id=259, eMBMSSessionId=13 current size: 3763
pool-144-thread-6 reduces to 3762
[pool-144-thread-16] adds event Id=260, eMBMSSessionId=53 current size: 3762
[pool-144-thread-16] pick event Id=261, eMBMSSessionId=98 current size: 3761
pool-144-thread-9 reduces to 3760
[pool-144-thread-11] adds event Id=262, eMBMSSessionId=62 current size: 3760
[pool-144-thread-11] pick event Id=263, eMBMSSessionId=33 current size: 3759
[pool-144-thread-14] adds event Id=264, eMBMSSessionId=62 current size: 3759
[pool-144-thread-17] pick event Id=265, eMBMSSessionId=72 current size: 3758
[pool-144-thread-10] adds event Id=266, eMBMSSessionId=3 current size: 3758
[pool-144-thread-10] pick event Id=267, eMBMSSessionId=71 current size: 3757
[pool-144-thread-2] pick event Id=268, eMBMSSessionId=38 current size: 3756
pool-144-thread-12 reduces to 3755
pool-144-thread-4 reduces to 3754
[pool-144-thread-1] pick event Id=269, eMBMSSessionId=40 current size: 3753
[pool-144-thread-3] pick event Id=270, eMBMSSessionId=91 current size: 3752
[pool-144-thread-20] pick event Id=271, eMBMSSessionId=29 current size: 3751
[pool-144-thread-6] pick event Id=272, eMBMSSessionId=95 current size: 3750
pool-144-thread-9 reduces to 3749
[pool-144-thread-6] pick event Id=273, eMBMSSessionId=9 current size: 3748
[pool-144-thread-6] pick event Id=274, eMBMSSessionId=20 current size: 3747
[pool-144-thread-14] pick event Id=275, eMBMSSessionId=43 current size: 3746
[pool-144-thread-7] pick event Id=276, eMBMSSessionId=87 current size: 3745
[pool-144-thread-13] pick event Id=277, eMBMSSessionId=67 current size: 3744
pool-144-thread-12 reduces to 3743
[pool-144-thread-13] pick event Id=278, eMBMSSessionId=74 current size: 3742
[pool-144-thread-15] pick event Id=279, eMBMSSessionId=72 current size: 3741
[pool-144-thread-19] pick event Id=280, eMBMSSessionId=30 current size: 3740
[pool-144-thread-19] pick event Id=281, eMBMSSessionId=69 current size: 3739
[pool-144-thread-19] adds event Id=282, eMBMSSessionId=62 current size: 3739
[pool-144-thread-19] pick event Id=283, eMBMSSessionId=97 current size: 3738
pool-144-thread-4 reduces to 3737
[pool-144-thread-8] pick event Id=284, eMBMSSessionId=4 current size: 3736
[pool-144-thread-5] pick event Id=285, eMBMSSessionId=47 current size: 3735
[pool-144-thread-1] adds event Id=286, eMBMSSessionId=87 current size: 3735
[pool-144-thread-1] adds event Id=287, eMBMSSessionId=74 current size: 3735
[pool-144-thread-1] pick event Id=288, eMBMSSessionId=38 current size: 3734
[pool-144-thread-1] pick event Id=289, eMBMSSessionId=38 current size: 3733
[pool-144-thread-1] pick event Id=290, eMBMSSessionId=28 current size: 3732
[pool-144-thread-1] pick event Id=291, eMBMSSessionId=98 current size: 3731
[pool-144-thread-1] pick event Id=292, eMBMSSessionId=95 current size: 3730
[pool-144-thread-1] pick event Id=293, eMBMSSessionId=70 current size: 3729
[pool-144-thread-1] pick event Id=294, eMBMSSessionId=12 current size: 3728
[pool-144-thread-1] pick event Id=295, eMBMSSessionId=34 current size: 3727
[pool-144-thread-18] pick event Id=296, eMBMSSessionId=9 current size: 3726
[pool-144-thread-16] adds event Id=297, eMBMSSessionId=9 current size: 3726
[pool-144-thread-16] pick event Id=298, eMBMSSessionId=96 current size: 3725
[pool-144-thread-6] adds event Id=299, eMBMSSessionId=3 current size: 3725
[pool-144-thread-11] adds event Id=300, eMBMSSessionId=62 current size: 3725
[pool-144-thread-11] pick event Id=301, eMBMSSessionId=71 current size: 3724
[pool-144-thread-20] pick event Id=302, eMBMSSessionId=67 current size: 3723
[pool-144-thread-14] pick event Id=303, eMBMSSessionId=43 current size: 3722
[pool-144-thread-10] pick event Id=304, eMBMSSessionId=68 current size: 3721
pool-144-thread-9 reduces to 3720
pool-144-thread-7 reduces to 3719
[pool-144-thread-17] pick event Id=305, eMBMSSessionId=14 current size: 3718
pool-144-thread-13 reduces to 3717
[pool-144-thread-2] pick event Id=306, eMBMSSessionId=60 current size: 3716
[pool-144-thread-15] pick event Id=307, eMBMSSessionId=31 current size: 3715
pool-144-thread-4 reduces to 3714
[pool-144-thread-1] pick event Id=308, eMBMSSessionId=11 current size: 3713
pool-144-thread-18 reduces to 3712
[pool-144-thread-3] pick event Id=309, eMBMSSessionId=91 current size: 3711
[pool-144-thread-3] pick event Id=310, eMBMSSessionId=66 current size: 3710
[pool-144-thread-6] pick event Id=311, eMBMSSessionId=19 current size: 3709
[pool-144-thread-9] adds event Id=312, eMBMSSessionId=62 current size: 3709
[pool-144-thread-9] pick event Id=313, eMBMSSessionId=54 current size: 3708
[pool-144-thread-13] pick event Id=314, eMBMSSessionId=32 current size: 3707
[pool-144-thread-13] pick event Id=315, eMBMSSessionId=46 current size: 3706
[pool-144-thread-13] pick event Id=316, eMBMSSessionId=75 current size: 3705
[pool-144-thread-13] pick event Id=317, eMBMSSessionId=4 current size: 3704
[pool-144-thread-13] pick event Id=318, eMBMSSessionId=81 current size: 3703
[pool-144-thread-13] pick event Id=319, eMBMSSessionId=88 current size: 3702
[pool-144-thread-12] pick event Id=320, eMBMSSessionId=21 current size: 3701
[pool-144-thread-19] adds event Id=321, eMBMSSessionId=11 current size: 3701
[pool-144-thread-19] pick event Id=322, eMBMSSessionId=69 current size: 3700
[pool-144-thread-8] pick event Id=323, eMBMSSessionId=14 current size: 3699
pool-144-thread-4 reduces to 3698
[pool-144-thread-16] pick event Id=324, eMBMSSessionId=4 current size: 3697
[pool-144-thread-5] pick event Id=325, eMBMSSessionId=56 current size: 3696
pool-144-thread-1 reduces to 3695
[pool-144-thread-20] pick event Id=326, eMBMSSessionId=91 current size: 3694
[pool-144-thread-11] pick event Id=327, eMBMSSessionId=97 current size: 3693
[pool-144-thread-17] adds event Id=328, eMBMSSessionId=14 current size: 3693
[pool-144-thread-7] pick event Id=329, eMBMSSessionId=28 current size: 3692
[pool-144-thread-14] pick event Id=330, eMBMSSessionId=24 current size: 3691
[pool-144-thread-10] pick event Id=331, eMBMSSessionId=7 current size: 3690
[pool-144-thread-2] pick event Id=332, eMBMSSessionId=64 current size: 3689
[pool-144-thread-9] adds event Id=333, eMBMSSessionId=24 current size: 3689
pool-144-thread-8 reduces to 3688
pool-144-thread-4 reduces to 3687
[pool-144-thread-15] pick event Id=334, eMBMSSessionId=84 current size: 3686
[pool-144-thread-18] pick event Id=335, eMBMSSessionId=35 current size: 3685
[pool-144-thread-6] pick event Id=336, eMBMSSessionId=69 current size: 3684
[pool-144-thread-3] pick event Id=337, eMBMSSessionId=47 current size: 3683
[pool-144-thread-17] pick event Id=338, eMBMSSessionId=13 current size: 3682
[pool-144-thread-13] pick event Id=339, eMBMSSessionId=43 current size: 3681
pool-144-thread-14 reduces to 3680
[pool-144-thread-9] pick event Id=340, eMBMSSessionId=12 current size: 3679
[pool-144-thread-2] pick event Id=341, eMBMSSessionId=54 current size: 3678
[pool-144-thread-19] pick event Id=342, eMBMSSessionId=27 current size: 3677
[pool-144-thread-12] pick event Id=343, eMBMSSessionId=93 current size: 3676
[pool-144-thread-1] pick event Id=344, eMBMSSessionId=14 current size: 3675
[pool-144-thread-16] pick event Id=345, eMBMSSessionId=65 current size: 3674
[pool-144-thread-5] pick event Id=346, eMBMSSessionId=16 current size: 3673
[pool-144-thread-20] pick event Id=347, eMBMSSessionId=20 current size: 3672
[pool-144-thread-11] pick event Id=348, eMBMSSessionId=46 current size: 3671
[pool-144-thread-10] pick event Id=349, eMBMSSessionId=37 current size: 3670
[pool-144-thread-7] pick event Id=350, eMBMSSessionId=73 current size: 3669
[pool-144-thread-9] pick event Id=351, eMBMSSessionId=22 current size: 3668
[pool-144-thread-15] pick event Id=352, eMBMSSessionId=29 current size: 3667
[pool-144-thread-8] pick event Id=353, eMBMSSessionId=94 current size: 3666
[pool-144-thread-4] pick event Id=354, eMBMSSessionId=42 current size: 3665
[pool-144-thread-18] pick event Id=355, eMBMSSessionId=95 current size: 3664
[pool-144-thread-3] pick event Id=356, eMBMSSessionId=2 current size: 3663
[pool-144-thread-20] pick event Id=357, eMBMSSessionId=10 current size: 3662
[pool-144-thread-6] pick event Id=358, eMBMSSessionId=68 current size: 3661
[pool-144-thread-13] pick event Id=359, eMBMSSessionId=32 current size: 3660
[pool-144-thread-17] pick event Id=360, eMBMSSessionId=70 current size: 3659
[pool-144-thread-14] pick event Id=361, eMBMSSessionId=63 current size: 3658
[pool-144-thread-2] pick event Id=362, eMBMSSessionId=0 current size: 3657
[pool-144-thread-19] pick event Id=363, eMBMSSessionId=53 current size: 3656
[pool-144-thread-12] adds event Id=364, eMBMSSessionId=10 current size: 3656
[pool-144-thread-12] adds event Id=365, eMBMSSessionId=2 current size: 3656
[pool-144-thread-5] pick event Id=366, eMBMSSessionId=5 current size: 3655
[pool-144-thread-16] pick event Id=367, eMBMSSessionId=40 current size: 3654
[pool-144-thread-1] pick event Id=368, eMBMSSessionId=45 current size: 3653
pool-144-thread-3 reduces to 3652
[pool-144-thread-11] pick event Id=369, eMBMSSessionId=77 current size: 3651
pool-144-thread-20 reduces to 3650
[pool-144-thread-7] pick event Id=370, eMBMSSessionId=67 current size: 3649
[pool-144-thread-7] pick event Id=371, eMBMSSessionId=4 current size: 3648
[pool-144-thread-10] pick event Id=372, eMBMSSessionId=66 current size: 3647
[pool-144-thread-2] pick event Id=373, eMBMSSessionId=56 current size: 3646
[pool-144-thread-9] pick event Id=374, eMBMSSessionId=34 current size: 3645
[pool-144-thread-15] pick event Id=375, eMBMSSessionId=98 current size: 3644
[pool-144-thread-8] pick event Id=376, eMBMSSessionId=91 current size: 3643
[pool-144-thread-12] adds event Id=377, eMBMSSessionId=53 current size: 3643
pool-144-thread-19 reduces to 3642
[pool-144-thread-18] pick event Id=378, eMBMSSessionId=17 current size: 3641
[pool-144-thread-1] pick event Id=379, eMBMSSessionId=64 current size: 3640
[pool-144-thread-4] adds event Id=380, eMBMSSessionId=91 current size: 3640
[pool-144-thread-4] pick event Id=381, eMBMSSessionId=13 current size: 3639
[pool-144-thread-7] pick event Id=382, eMBMSSessionId=12 current size: 3638
[pool-144-thread-6] pick event Id=383, eMBMSSessionId=88 current size: 3637
[pool-144-thread-4] pick event Id=384, eMBMSSessionId=31 current size: 3636
[pool-144-thread-14] pick event Id=385, eMBMSSessionId=11 current size: 3635
[pool-144-thread-13] pick event Id=386, eMBMSSessionId=14 current size: 3634
[pool-144-thread-17] pick event Id=387, eMBMSSessionId=76 current size: 3633
pool-144-thread-8 reduces to 3632
[pool-144-thread-12] adds event Id=388, eMBMSSessionId=11 current size: 3632
[pool-144-thread-2] pick event Id=389, eMBMSSessionId=68 current size: 3631
[pool-144-thread-16] adds event Id=390, eMBMSSessionId=14 current size: 3631
[pool-144-thread-5] pick event Id=391, eMBMSSessionId=40 current size: 3630
[pool-144-thread-16] pick event Id=392, eMBMSSessionId=21 current size: 3629
[pool-144-thread-3] pick event Id=393, eMBMSSessionId=9 current size: 3628
[pool-144-thread-11] pick event Id=394, eMBMSSessionId=84 current size: 3627
[pool-144-thread-20] pick event Id=395, eMBMSSessionId=19 current size: 3626
[pool-144-thread-7] pick event Id=396, eMBMSSessionId=95 current size: 3625
pool-144-thread-14 reduces to 3624
[pool-144-thread-9] pick event Id=397, eMBMSSessionId=2 current size: 3623
[pool-144-thread-10] pick event Id=398, eMBMSSessionId=27 current size: 3622
pool-144-thread-13 reduces to 3621
[pool-144-thread-15] pick event Id=399, eMBMSSessionId=92 current size: 3620
[pool-144-thread-12] pick event Id=400, eMBMSSessionId=97 current size: 3619
[pool-144-thread-8] adds event Id=401, eMBMSSessionId=95 current size: 3619
[pool-144-thread-19] pick event Id=402, eMBMSSessionId=22 current size: 3618
[pool-144-thread-18] pick event Id=403, eMBMSSessionId=69 current size: 3617
[pool-144-thread-1] pick event Id=404, eMBMSSessionId=47 current size: 3616
[pool-144-thread-5] pick event Id=405, eMBMSSessionId=37 current size: 3615
[pool-144-thread-16] pick event Id=406, eMBMSSessionId=15 current size: 3614
[pool-144-thread-4] pick event Id=407, eMBMSSessionId=46 current size: 3613
[pool-144-thread-6] pick event Id=408, eMBMSSessionId=45 current size: 3612
pool-144-thread-7 reduces to 3611
[pool-144-thread-17] pick event Id=409, eMBMSSessionId=30 current size: 3610
[pool-144-thread-2] pick event Id=410, eMBMSSessionId=89 current size: 3609
[pool-144-thread-8] pick event Id=411, eMBMSSessionId=81 current size: 3608
[pool-144-thread-3] pick event Id=412, eMBMSSessionId=86 current size: 3607
[pool-144-thread-11] pick event Id=413, eMBMSSessionId=22 current size: 3606
[pool-144-thread-20] pick event Id=414, eMBMSSessionId=42 current size: 3605
[pool-144-thread-16] pick event Id=415, eMBMSSessionId=98 current size: 3604
[pool-144-thread-14] pick event Id=416, eMBMSSessionId=10 current size: 3603
[pool-144-thread-9] pick event Id=417, eMBMSSessionId=79 current size: 3602
[pool-144-thread-10] pick event Id=418, eMBMSSessionId=53 current size: 3601
[pool-144-thread-13] pick event Id=419, eMBMSSessionId=43 current size: 3600
[pool-144-thread-15] pick event Id=420, eMBMSSessionId=74 current size: 3599
[pool-144-thread-18] pick event Id=421, eMBMSSessionId=68 current size: 3598
[pool-144-thread-12] pick event Id=422, eMBMSSessionId=19 current size: 3597
[pool-144-thread-19] pick event Id=423, eMBMSSessionId=61 current size: 3596
[pool-144-thread-1] pick event Id=424, eMBMSSessionId=11 current size: 3595
[pool-144-thread-5] pick event Id=425, eMBMSSessionId=90 current size: 3594
[pool-144-thread-6] pick event Id=426, eMBMSSessionId=97 current size: 3593
[pool-144-thread-4] adds event Id=427, eMBMSSessionId=53 current size: 3593
[pool-144-thread-7] pick event Id=428, eMBMSSessionId=59 current size: 3592
[pool-144-thread-17] pick event Id=429, eMBMSSessionId=35 current size: 3591
[pool-144-thread-2] pick event Id=430, eMBMSSessionId=86 current size: 3590
pool-144-thread-10 reduces to 3589
[pool-144-thread-8] pick event Id=431, eMBMSSessionId=77 current size: 3588
[pool-144-thread-3] pick event Id=432, eMBMSSessionId=41 current size: 3587
[pool-144-thread-4] pick event Id=433, eMBMSSessionId=29 current size: 3586
[pool-144-thread-11] pick event Id=434, eMBMSSessionId=62 current size: 3585
[pool-144-thread-20] pick event Id=435, eMBMSSessionId=91 current size: 3584
[pool-144-thread-16] pick event Id=436, eMBMSSessionId=69 current size: 3583
[pool-144-thread-14] pick event Id=437, eMBMSSessionId=32 current size: 3582
[pool-144-thread-9] pick event Id=438, eMBMSSessionId=25 current size: 3581
[pool-144-thread-13] pick event Id=439, eMBMSSessionId=89 current size: 3580
[pool-144-thread-15] pick event Id=440, eMBMSSessionId=83 current size: 3579
[pool-144-thread-10] pick event Id=441, eMBMSSessionId=84 current size: 3578
[pool-144-thread-18] pick event Id=442, eMBMSSessionId=55 current size: 3577
[pool-144-thread-12] pick event Id=443, eMBMSSessionId=44 current size: 3576
[pool-144-thread-1] pick event Id=444, eMBMSSessionId=45 current size: 3575
[pool-144-thread-19] adds event Id=445, eMBMSSessionId=89 current size: 3575
[pool-144-thread-5] pick event Id=446, eMBMSSessionId=54 current size: 3574
[pool-144-thread-6] pick event Id=447, eMBMSSessionId=72 current size: 3573
[pool-144-thread-7] pick event Id=448, eMBMSSessionId=44 current size: 3572
[pool-144-thread-17] pick event Id=449, eMBMSSessionId=40 current size: 3571
[pool-144-thread-2] adds event Id=450, eMBMSSessionId=55 current size: 3571
pool-144-thread-13 reduces to 3570
[pool-144-thread-8] pick event Id=451, eMBMSSessionId=20 current size: 3569
[pool-144-thread-19] pick event Id=452, eMBMSSessionId=0 current size: 3568
[pool-144-thread-10] pick event Id=453, eMBMSSessionId=27 current size: 3567
pool-144-thread-18 reduces to 3566
[pool-144-thread-3] pick event Id=454, eMBMSSessionId=3 current size: 3565
[pool-144-thread-12] pick event Id=455, eMBMSSessionId=59 current size: 3564
[pool-144-thread-4] pick event Id=456, eMBMSSessionId=71 current size: 3563
[pool-144-thread-11] pick event Id=457, eMBMSSessionId=98 current size: 3562
[pool-144-thread-20] pick event Id=458, eMBMSSessionId=1 current size: 3561
[pool-144-thread-16] adds event Id=459, eMBMSSessionId=98 current size: 3561
[pool-144-thread-14] pick event Id=460, eMBMSSessionId=15 current size: 3560
[pool-144-thread-9] pick event Id=461, eMBMSSessionId=7 current size: 3559
pool-144-thread-11 reduces to 3558
[pool-144-thread-2] pick event Id=462, eMBMSSessionId=48 current size: 3557
[pool-144-thread-15] pick event Id=463, eMBMSSessionId=92 current size: 3556
[pool-144-thread-1] pick event Id=464, eMBMSSessionId=77 current size: 3555
[pool-144-thread-10] pick event Id=465, eMBMSSessionId=75 current size: 3554
[pool-144-thread-5] adds event Id=466, eMBMSSessionId=15 current size: 3554
[pool-144-thread-5] pick event Id=467, eMBMSSessionId=17 current size: 3553
[pool-144-thread-6] pick event Id=468, eMBMSSessionId=87 current size: 3552
[pool-144-thread-16] pick event Id=469, eMBMSSessionId=85 current size: 3551
[pool-144-thread-7] adds event Id=470, eMBMSSessionId=77 current size: 3551
[pool-144-thread-17] pick event Id=471, eMBMSSessionId=63 current size: 3550
[pool-144-thread-13] adds event Id=472, eMBMSSessionId=15 current size: 3550
[pool-144-thread-11] pick event Id=473, eMBMSSessionId=67 current size: 3549
pool-144-thread-14 reduces to 3548
[pool-144-thread-8] pick event Id=474, eMBMSSessionId=79 current size: 3547
[pool-144-thread-2] pick event Id=475, eMBMSSessionId=80 current size: 3546
[pool-144-thread-19] pick event Id=476, eMBMSSessionId=50 current size: 3545
pool-144-thread-1 reduces to 3544
[pool-144-thread-18] pick event Id=477, eMBMSSessionId=5 current size: 3543
[pool-144-thread-12] pick event Id=478, eMBMSSessionId=1 current size: 3542
[pool-144-thread-3] pick event Id=479, eMBMSSessionId=21 current size: 3541
[pool-144-thread-4] pick event Id=480, eMBMSSessionId=23 current size: 3540
[pool-144-thread-20] pick event Id=481, eMBMSSessionId=4 current size: 3539
[pool-144-thread-9] pick event Id=482, eMBMSSessionId=0 current size: 3538
[pool-144-thread-6] pick event Id=483, eMBMSSessionId=3 current size: 3537
[pool-144-thread-7] pick event Id=484, eMBMSSessionId=52 current size: 3536
[pool-144-thread-13] adds event Id=485, eMBMSSessionId=4 current size: 3536
pool-144-thread-14 reduces to 3535
[pool-144-thread-15] pick event Id=486, eMBMSSessionId=43 current size: 3534
[pool-144-thread-1] pick event Id=487, eMBMSSessionId=30 current size: 3533
[pool-144-thread-10] pick event Id=488, eMBMSSessionId=71 current size: 3532
[pool-144-thread-5] pick event Id=489, eMBMSSessionId=57 current size: 3531
pool-144-thread-20 reduces to 3530
[pool-144-thread-16] pick event Id=490, eMBMSSessionId=66 current size: 3529
[pool-144-thread-13] pick event Id=491, eMBMSSessionId=34 current size: 3528
[pool-144-thread-17] pick event Id=492, eMBMSSessionId=82 current size: 3527
[pool-144-thread-11] pick event Id=493, eMBMSSessionId=31 current size: 3526
[pool-144-thread-8] pick event Id=494, eMBMSSessionId=20 current size: 3525
[pool-144-thread-19] pick event Id=495, eMBMSSessionId=17 current size: 3524
[pool-144-thread-18] pick event Id=496, eMBMSSessionId=69 current size: 3523
[pool-144-thread-2] pick event Id=497, eMBMSSessionId=29 current size: 3522
[pool-144-thread-12] pick event Id=498, eMBMSSessionId=1 current size: 3521
[pool-144-thread-3] pick event Id=499, eMBMSSessionId=15 current size: 3520
[pool-144-thread-4] adds event Id=500, eMBMSSessionId=17 current size: 3520
[pool-144-thread-9] pick event Id=501, eMBMSSessionId=98 current size: 3519
[pool-144-thread-6] pick event Id=502, eMBMSSessionId=86 current size: 3518
[pool-144-thread-7] pick event Id=503, eMBMSSessionId=0 current size: 3517
[pool-144-thread-14] pick event Id=504, eMBMSSessionId=95 current size: 3516
[pool-144-thread-15] pick event Id=505, eMBMSSessionId=75 current size: 3515
pool-144-thread-19 reduces to 3514
[pool-144-thread-18] pick event Id=506, eMBMSSessionId=13 current size: 3513
[pool-144-thread-1] pick event Id=507, eMBMSSessionId=42 current size: 3512
[pool-144-thread-4] pick event Id=508, eMBMSSessionId=96 current size: 3511
[pool-144-thread-3] pick event Id=509, eMBMSSessionId=44 current size: 3510
[pool-144-thread-10] pick event Id=510, eMBMSSessionId=82 current size: 3509
[pool-144-thread-12] adds event Id=511, eMBMSSessionId=95 current size: 3509
[pool-144-thread-12] pick event Id=512, eMBMSSessionId=36 current size: 3508
[pool-144-thread-5] pick event Id=513, eMBMSSessionId=14 current size: 3507
[pool-144-thread-20] pick event Id=514, eMBMSSessionId=32 current size: 3506
[pool-144-thread-16] adds event Id=515, eMBMSSessionId=17 current size: 3506
[pool-144-thread-16] pick event Id=516, eMBMSSessionId=34 current size: 3505
[pool-144-thread-13] pick event Id=517, eMBMSSessionId=93 current size: 3504
[pool-144-thread-17] pick event Id=518, eMBMSSessionId=67 current size: 3503
[pool-144-thread-11] pick event Id=519, eMBMSSessionId=33 current size: 3502
[pool-144-thread-6] adds event Id=520, eMBMSSessionId=17 current size: 3502
[pool-144-thread-8] pick event Id=521, eMBMSSessionId=60 current size: 3501
testOverload end.
testFull begin.
[pool-145-thread-1] pick event Id=0, eMBMSSessionId=59 current size: 4998
[pool-145-thread-2] pick event Id=1, eMBMSSessionId=31 current size: 4997
[pool-145-thread-3] pick event Id=2, eMBMSSessionId=90 current size: 4996
[pool-145-thread-5] pick event Id=3, eMBMSSessionId=86 current size: 4995
[pool-145-thread-4] pick event Id=4, eMBMSSessionId=23 current size: 4994
[pool-145-thread-6] pick event Id=5, eMBMSSessionId=48 current size: 4993
[pool-145-thread-7] pick event Id=6, eMBMSSessionId=89 current size: 4992
[pool-145-thread-8] pick event Id=7, eMBMSSessionId=56 current size: 4991
[pool-145-thread-10] pick event Id=8, eMBMSSessionId=83 current size: 4990
[pool-145-thread-9] pick event Id=9, eMBMSSessionId=17 current size: 4989
[pool-145-thread-11] pick event Id=10, eMBMSSessionId=95 current size: 4988
[pool-145-thread-12] pick event Id=11, eMBMSSessionId=98 current size: 4987
[pool-145-thread-13] pick event Id=12, eMBMSSessionId=92 current size: 4986
[pool-145-thread-14] pick event Id=13, eMBMSSessionId=13 current size: 4985
[pool-145-thread-15] pick event Id=14, eMBMSSessionId=51 current size: 4984
[pool-145-thread-16] pick event Id=15, eMBMSSessionId=11 current size: 4983
[pool-145-thread-17] pick event Id=16, eMBMSSessionId=4 current size: 4982
[pool-145-thread-18] pick event Id=17, eMBMSSessionId=15 current size: 4981
[pool-145-thread-19] pick event Id=18, eMBMSSessionId=36 current size: 4980
[pool-145-thread-20] pick event Id=19, eMBMSSessionId=63 current size: 4979
event queue is full, will clear all data!
NbiEventCache is cleared with total events removed: 5029
testFull end.
16 times run start
testEventSequence begin.
testEventSequence end.
testSendRadomEmbmsSessionEvents begin.
testSendRadomEmbmsSessionEvents end.
testSendSameEmbmsSessionEvents begin.
testSendSameEmbmsSessionEvents end.
testSendNoSameEmbmsSessionEvents begin.
testSendNoSameEmbmsSessionEvents end.
testSendNoEmbmsSessionIdEvents begin.
testSendNoEmbmsSessionIdEvents end.
testOverload begin.
[pool-153-thread-1] pick event Id=0, eMBMSSessionId=77 current size: 4019
[pool-153-thread-3] pick event Id=1, eMBMSSessionId=66 current size: 4018
[pool-153-thread-2] pick event Id=2, eMBMSSessionId=15 current size: 4017
[pool-153-thread-4] pick event Id=3, eMBMSSessionId=69 current size: 4016
pool-153-thread-4 Discard NBI event &apos; Id=3, eMBMSSessionId=69&apos;, current queue size: 4016
[pool-153-thread-6] pick event Id=4, eMBMSSessionId=37 current size: 4015
pool-153-thread-3 Discard NBI event &apos; Id=1, eMBMSSessionId=66&apos;, current queue size: 4016
pool-153-thread-2 Discard NBI event &apos; Id=2, eMBMSSessionId=15&apos;, current queue size: 4015
pool-153-thread-6 Discard NBI event &apos; Id=4, eMBMSSessionId=37&apos;, current queue size: 4015
[pool-153-thread-5] pick event Id=5, eMBMSSessionId=9 current size: 4014
[pool-153-thread-7] pick event Id=6, eMBMSSessionId=5 current size: 4013
pool-153-thread-1 Discard NBI event &apos; Id=0, eMBMSSessionId=77&apos;, current queue size: 4014
[pool-153-thread-8] pick event Id=7, eMBMSSessionId=74 current size: 4012
pool-153-thread-5 Discard NBI event &apos; Id=5, eMBMSSessionId=9&apos;, current queue size: 4012
pool-153-thread-7 Discard NBI event &apos; Id=6, eMBMSSessionId=5&apos;, current queue size: 4012
[pool-153-thread-9] pick event Id=8, eMBMSSessionId=46 current size: 4011
pool-153-thread-9 Discard NBI event &apos; Id=8, eMBMSSessionId=46&apos;, current queue size: 4011
pool-153-thread-8 Discard NBI event &apos; Id=7, eMBMSSessionId=74&apos;, current queue size: 4011
[pool-153-thread-12] adds event Id=9, eMBMSSessionId=46 current size: 4011
[pool-153-thread-11] pick event Id=10, eMBMSSessionId=33 current size: 4010
[pool-153-thread-10] pick event Id=11, eMBMSSessionId=72 current size: 4009
pool-153-thread-9 reduces to 4008
[pool-153-thread-13] pick event Id=12, eMBMSSessionId=93 current size: 4007
pool-153-thread-9 Discard NBI event &apos; Id=9, eMBMSSessionId=46&apos;, current queue size: 4008
pool-153-thread-10 Discard NBI event &apos; Id=11, eMBMSSessionId=72&apos;, current queue size: 4007
[pool-153-thread-14] pick event Id=13, eMBMSSessionId=90 current size: 4006
pool-153-thread-14 Discard NBI event &apos; Id=13, eMBMSSessionId=90&apos;, current queue size: 4006
[pool-153-thread-15] pick event Id=14, eMBMSSessionId=50 current size: 4005
[pool-153-thread-17] pick event Id=15, eMBMSSessionId=15 current size: 4004
pool-153-thread-11 Discard NBI event &apos; Id=10, eMBMSSessionId=33&apos;, current queue size: 4004
[pool-153-thread-16] pick event Id=16, eMBMSSessionId=7 current size: 4003
pool-153-thread-13 Discard NBI event &apos; Id=12, eMBMSSessionId=93&apos;, current queue size: 4003
pool-153-thread-17 Discard NBI event &apos; Id=15, eMBMSSessionId=15&apos;, current queue size: 4003
pool-153-thread-15 Discard NBI event &apos; Id=14, eMBMSSessionId=50&apos;, current queue size: 4003
[pool-153-thread-18] pick event Id=17, eMBMSSessionId=20 current size: 4002
pool-153-thread-16 Discard NBI event &apos; Id=16, eMBMSSessionId=7&apos;, current queue size: 4002
pool-153-thread-18 Discard NBI event &apos; Id=17, eMBMSSessionId=20&apos;, current queue size: 4002
[pool-153-thread-19] pick event Id=18, eMBMSSessionId=56 current size: 4001
[pool-153-thread-20] pick event Id=19, eMBMSSessionId=43 current size: 4000
pool-153-thread-20 Discard NBI event &apos; Id=19, eMBMSSessionId=43&apos;, current queue size: 4000
[pool-153-thread-6] pick event Id=20, eMBMSSessionId=16 current size: 3999
[pool-153-thread-4] adds event Id=21, eMBMSSessionId=20 current size: 3999
pool-153-thread-19 Discard NBI event &apos; Id=18, eMBMSSessionId=56&apos;, current queue size: 3999
[pool-153-thread-2] pick event Id=22, eMBMSSessionId=72 current size: 3998
pool-153-thread-18 reduces to 3997
[pool-153-thread-3] pick event Id=23, eMBMSSessionId=55 current size: 3996
[pool-153-thread-12] pick event Id=24, eMBMSSessionId=61 current size: 3995
[pool-153-thread-1] pick event Id=25, eMBMSSessionId=94 current size: 3994
[pool-153-thread-5] pick event Id=26, eMBMSSessionId=58 current size: 3993
[pool-153-thread-7] pick event Id=27, eMBMSSessionId=95 current size: 3992
[pool-153-thread-8] pick event Id=28, eMBMSSessionId=70 current size: 3991
[pool-153-thread-10] pick event Id=29, eMBMSSessionId=9 current size: 3990
[pool-153-thread-9] adds event Id=30, eMBMSSessionId=94 current size: 3990
[pool-153-thread-9] pick event Id=31, eMBMSSessionId=11 current size: 3989
[pool-153-thread-13] pick event Id=32, eMBMSSessionId=37 current size: 3988
[pool-153-thread-14] adds event Id=33, eMBMSSessionId=20 current size: 3988
[pool-153-thread-11] pick event Id=34, eMBMSSessionId=32 current size: 3987
pool-153-thread-18 reduces to 3986
[pool-153-thread-17] pick event Id=35, eMBMSSessionId=51 current size: 3985
pool-153-thread-1 reduces to 3984
[pool-153-thread-15] pick event Id=36, eMBMSSessionId=90 current size: 3983
[pool-153-thread-4] pick event Id=37, eMBMSSessionId=67 current size: 3982
[pool-153-thread-16] adds event Id=38, eMBMSSessionId=9 current size: 3982
[pool-153-thread-20] pick event Id=39, eMBMSSessionId=2 current size: 3981
[pool-153-thread-19] pick event Id=40, eMBMSSessionId=52 current size: 3980
pool-153-thread-10 reduces to 3979
[pool-153-thread-8] adds event Id=41, eMBMSSessionId=11 current size: 3979
[pool-153-thread-6] pick event Id=42, eMBMSSessionId=87 current size: 3978
[pool-153-thread-14] adds event Id=43, eMBMSSessionId=94 current size: 3978
pool-153-thread-9 reduces to 3977
[pool-153-thread-3] pick event Id=44, eMBMSSessionId=61 current size: 3976
[pool-153-thread-5] pick event Id=45, eMBMSSessionId=19 current size: 3975
[pool-153-thread-12] pick event Id=46, eMBMSSessionId=5 current size: 3974
[pool-153-thread-13] pick event Id=47, eMBMSSessionId=98 current size: 3973
pool-153-thread-1 reduces to 3972
[pool-153-thread-2] pick event Id=48, eMBMSSessionId=38 current size: 3971
[pool-153-thread-16] pick event Id=49, eMBMSSessionId=74 current size: 3970
[pool-153-thread-7] pick event Id=50, eMBMSSessionId=13 current size: 3969
[pool-153-thread-8] pick event Id=51, eMBMSSessionId=14 current size: 3968
[pool-153-thread-14] pick event Id=52, eMBMSSessionId=2 current size: 3967
[pool-153-thread-11] pick event Id=53, eMBMSSessionId=47 current size: 3966
[pool-153-thread-18] pick event Id=54, eMBMSSessionId=71 current size: 3965
[pool-153-thread-17] pick event Id=55, eMBMSSessionId=24 current size: 3964
[pool-153-thread-4] pick event Id=56, eMBMSSessionId=62 current size: 3963
[pool-153-thread-15] pick event Id=57, eMBMSSessionId=36 current size: 3962
[pool-153-thread-16] pick event Id=58, eMBMSSessionId=27 current size: 3961
[pool-153-thread-20] pick event Id=59, eMBMSSessionId=8 current size: 3960
[pool-153-thread-6] pick event Id=60, eMBMSSessionId=41 current size: 3959
[pool-153-thread-10] pick event Id=61, eMBMSSessionId=52 current size: 3958
[pool-153-thread-19] pick event Id=62, eMBMSSessionId=58 current size: 3957
[pool-153-thread-3] pick event Id=63, eMBMSSessionId=59 current size: 3956
[pool-153-thread-9] pick event Id=64, eMBMSSessionId=78 current size: 3955
[pool-153-thread-12] pick event Id=65, eMBMSSessionId=40 current size: 3954
[pool-153-thread-5] pick event Id=66, eMBMSSessionId=6 current size: 3953
[pool-153-thread-1] pick event Id=67, eMBMSSessionId=77 current size: 3952
[pool-153-thread-13] pick event Id=68, eMBMSSessionId=63 current size: 3951
[pool-153-thread-2] pick event Id=69, eMBMSSessionId=31 current size: 3950
[pool-153-thread-7] pick event Id=70, eMBMSSessionId=36 current size: 3949
[pool-153-thread-16] pick event Id=71, eMBMSSessionId=93 current size: 3948
[pool-153-thread-8] pick event Id=72, eMBMSSessionId=60 current size: 3947
[pool-153-thread-14] pick event Id=73, eMBMSSessionId=3 current size: 3946
[pool-153-thread-11] pick event Id=74, eMBMSSessionId=24 current size: 3945
[pool-153-thread-18] pick event Id=75, eMBMSSessionId=46 current size: 3944
[pool-153-thread-17] pick event Id=76, eMBMSSessionId=85 current size: 3943
[pool-153-thread-4] pick event Id=77, eMBMSSessionId=12 current size: 3942
[pool-153-thread-15] pick event Id=78, eMBMSSessionId=0 current size: 3941
[pool-153-thread-20] pick event Id=79, eMBMSSessionId=67 current size: 3940
[pool-153-thread-10] pick event Id=80, eMBMSSessionId=65 current size: 3939
[pool-153-thread-6] pick event Id=81, eMBMSSessionId=45 current size: 3938
[pool-153-thread-19] adds event Id=82, eMBMSSessionId=46 current size: 3938
[pool-153-thread-8] adds event Id=83, eMBMSSessionId=45 current size: 3938
[pool-153-thread-3] pick event Id=84, eMBMSSessionId=90 current size: 3937
[pool-153-thread-12] pick event Id=85, eMBMSSessionId=98 current size: 3936
[pool-153-thread-9] adds event Id=86, eMBMSSessionId=24 current size: 3936
pool-153-thread-11 reduces to 3935
pool-153-thread-18 reduces to 3934
[pool-153-thread-1] pick event Id=87, eMBMSSessionId=17 current size: 3933
[pool-153-thread-5] adds event Id=88, eMBMSSessionId=90 current size: 3933
[pool-153-thread-13] pick event Id=89, eMBMSSessionId=35 current size: 3932
[pool-153-thread-2] adds event Id=90, eMBMSSessionId=17 current size: 3932
[pool-153-thread-2] pick event Id=91, eMBMSSessionId=1 current size: 3931
pool-153-thread-6 reduces to 3930
[pool-153-thread-16] pick event Id=92, eMBMSSessionId=16 current size: 3929
[pool-153-thread-7] pick event Id=93, eMBMSSessionId=96 current size: 3928
[pool-153-thread-19] pick event Id=94, eMBMSSessionId=6 current size: 3927
[pool-153-thread-8] pick event Id=95, eMBMSSessionId=48 current size: 3926
[pool-153-thread-14] pick event Id=96, eMBMSSessionId=15 current size: 3925
pool-153-thread-3 reduces to 3924
[pool-153-thread-9] pick event Id=97, eMBMSSessionId=62 current size: 3923
[pool-153-thread-5] pick event Id=98, eMBMSSessionId=34 current size: 3922
pool-153-thread-1 reduces to 3921
[pool-153-thread-17] pick event Id=99, eMBMSSessionId=57 current size: 3920
[pool-153-thread-4] pick event Id=100, eMBMSSessionId=27 current size: 3919
[pool-153-thread-15] pick event Id=101, eMBMSSessionId=50 current size: 3918
[pool-153-thread-20] pick event Id=102, eMBMSSessionId=11 current size: 3917
[pool-153-thread-10] adds event Id=103, eMBMSSessionId=45 current size: 3917
[pool-153-thread-2] pick event Id=104, eMBMSSessionId=70 current size: 3916
pool-153-thread-6 reduces to 3915
[pool-153-thread-12] pick event Id=105, eMBMSSessionId=14 current size: 3914
[pool-153-thread-18] pick event Id=106, eMBMSSessionId=59 current size: 3913
[pool-153-thread-8] pick event Id=107, eMBMSSessionId=69 current size: 3912
[pool-153-thread-11] pick event Id=108, eMBMSSessionId=15 current size: 3911
[pool-153-thread-13] pick event Id=109, eMBMSSessionId=56 current size: 3910
[pool-153-thread-20] pick event Id=110, eMBMSSessionId=37 current size: 3909
[pool-153-thread-10] pick event Id=111, eMBMSSessionId=72 current size: 3908
[pool-153-thread-7] pick event Id=112, eMBMSSessionId=87 current size: 3907
[pool-153-thread-16] pick event Id=113, eMBMSSessionId=91 current size: 3906
[pool-153-thread-14] pick event Id=114, eMBMSSessionId=2 current size: 3905
[pool-153-thread-2] pick event Id=115, eMBMSSessionId=43 current size: 3904
[pool-153-thread-3] pick event Id=116, eMBMSSessionId=52 current size: 3903
[pool-153-thread-19] pick event Id=117, eMBMSSessionId=77 current size: 3902
[pool-153-thread-6] pick event Id=118, eMBMSSessionId=86 current size: 3901
[pool-153-thread-9] pick event Id=119, eMBMSSessionId=74 current size: 3900
[pool-153-thread-5] pick event Id=120, eMBMSSessionId=99 current size: 3899
[pool-153-thread-4] pick event Id=121, eMBMSSessionId=76 current size: 3898
[pool-153-thread-1] pick event Id=122, eMBMSSessionId=39 current size: 3897
[pool-153-thread-17] pick event Id=123, eMBMSSessionId=3 current size: 3896
[pool-153-thread-15] pick event Id=124, eMBMSSessionId=69 current size: 3895
[pool-153-thread-2] pick event Id=125, eMBMSSessionId=45 current size: 3894
[pool-153-thread-12] pick event Id=126, eMBMSSessionId=16 current size: 3893
[pool-153-thread-18] pick event Id=127, eMBMSSessionId=9 current size: 3892
[pool-153-thread-8] pick event Id=128, eMBMSSessionId=59 current size: 3891
[pool-153-thread-11] pick event Id=129, eMBMSSessionId=22 current size: 3890
[pool-153-thread-13] pick event Id=130, eMBMSSessionId=43 current size: 3889
[pool-153-thread-17] pick event Id=131, eMBMSSessionId=71 current size: 3888
[pool-153-thread-20] pick event Id=132, eMBMSSessionId=11 current size: 3887
[pool-153-thread-10] pick event Id=133, eMBMSSessionId=19 current size: 3886
[pool-153-thread-7] pick event Id=134, eMBMSSessionId=35 current size: 3885
[pool-153-thread-16] adds event Id=135, eMBMSSessionId=35 current size: 3885
[pool-153-thread-14] pick event Id=136, eMBMSSessionId=51 current size: 3884
[pool-153-thread-3] pick event Id=137, eMBMSSessionId=52 current size: 3883
[pool-153-thread-2] pick event Id=138, eMBMSSessionId=37 current size: 3882
[pool-153-thread-19] pick event Id=139, eMBMSSessionId=14 current size: 3881
[pool-153-thread-6] pick event Id=140, eMBMSSessionId=49 current size: 3880
[pool-153-thread-9] adds event Id=141, eMBMSSessionId=51 current size: 3880
[pool-153-thread-5] pick event Id=142, eMBMSSessionId=70 current size: 3879
[pool-153-thread-4] adds event Id=143, eMBMSSessionId=35 current size: 3879
[pool-153-thread-1] pick event Id=144, eMBMSSessionId=28 current size: 3878
[pool-153-thread-13] pick event Id=145, eMBMSSessionId=50 current size: 3877
[pool-153-thread-15] pick event Id=146, eMBMSSessionId=13 current size: 3876
[pool-153-thread-20] pick event Id=147, eMBMSSessionId=16 current size: 3875
[pool-153-thread-16] pick event Id=148, eMBMSSessionId=39 current size: 3874
pool-153-thread-7 reduces to 3873
pool-153-thread-14 reduces to 3872
[pool-153-thread-18] pick event Id=149, eMBMSSessionId=41 current size: 3871
[pool-153-thread-12] pick event Id=150, eMBMSSessionId=99 current size: 3870
[pool-153-thread-8] pick event Id=151, eMBMSSessionId=62 current size: 3869
[pool-153-thread-9] pick event Id=152, eMBMSSessionId=68 current size: 3868
[pool-153-thread-5] pick event Id=153, eMBMSSessionId=1 current size: 3867
[pool-153-thread-11] pick event Id=154, eMBMSSessionId=73 current size: 3866
[pool-153-thread-6] pick event Id=155, eMBMSSessionId=17 current size: 3865
[pool-153-thread-4] pick event Id=156, eMBMSSessionId=93 current size: 3864
[pool-153-thread-1] pick event Id=157, eMBMSSessionId=88 current size: 3863
[pool-153-thread-17] pick event Id=158, eMBMSSessionId=9 current size: 3862
pool-153-thread-7 reduces to 3861
[pool-153-thread-10] adds event Id=159, eMBMSSessionId=99 current size: 3861
[pool-153-thread-3] pick event Id=160, eMBMSSessionId=7 current size: 3860
pool-153-thread-12 reduces to 3859
[pool-153-thread-19] pick event Id=161, eMBMSSessionId=76 current size: 3858
[pool-153-thread-2] pick event Id=162, eMBMSSessionId=14 current size: 3857
[pool-153-thread-13] pick event Id=163, eMBMSSessionId=85 current size: 3856
[pool-153-thread-6] pick event Id=164, eMBMSSessionId=30 current size: 3855
[pool-153-thread-16] adds event Id=165, eMBMSSessionId=99 current size: 3855
[pool-153-thread-20] pick event Id=166, eMBMSSessionId=34 current size: 3854
[pool-153-thread-15] adds event Id=167, eMBMSSessionId=99 current size: 3854
[pool-153-thread-18] adds event Id=168, eMBMSSessionId=14 current size: 3854
[pool-153-thread-10] pick event Id=169, eMBMSSessionId=69 current size: 3853
[pool-153-thread-14] adds event Id=170, eMBMSSessionId=85 current size: 3853
[pool-153-thread-3] adds event Id=171, eMBMSSessionId=34 current size: 3853
[pool-153-thread-8] pick event Id=172, eMBMSSessionId=95 current size: 3852
pool-153-thread-12 reduces to 3851
[pool-153-thread-5] pick event Id=173, eMBMSSessionId=90 current size: 3850
pool-153-thread-2 reduces to 3849
[pool-153-thread-9] pick event Id=174, eMBMSSessionId=92 current size: 3848
[pool-153-thread-4] pick event Id=175, eMBMSSessionId=25 current size: 3847
[pool-153-thread-11] pick event Id=176, eMBMSSessionId=77 current size: 3846
pool-153-thread-13 reduces to 3845
[pool-153-thread-16] pick event Id=177, eMBMSSessionId=21 current size: 3844
[pool-153-thread-7] pick event Id=178, eMBMSSessionId=0 current size: 3843
[pool-153-thread-1] adds event Id=179, eMBMSSessionId=25 current size: 3843
[pool-153-thread-17] pick event Id=180, eMBMSSessionId=12 current size: 3842
[pool-153-thread-15] pick event Id=181, eMBMSSessionId=66 current size: 3841
pool-153-thread-20 reduces to 3840
[pool-153-thread-18] pick event Id=182, eMBMSSessionId=78 current size: 3839
[pool-153-thread-14] adds event Id=183, eMBMSSessionId=95 current size: 3839
[pool-153-thread-3] pick event Id=184, eMBMSSessionId=57 current size: 3838
[pool-153-thread-19] pick event Id=185, eMBMSSessionId=47 current size: 3837
pool-153-thread-12 reduces to 3836
pool-153-thread-8 reduces to 3835
pool-153-thread-4 reduces to 3834
[pool-153-thread-6] pick event Id=186, eMBMSSessionId=64 current size: 3833
[pool-153-thread-1] adds event Id=187, eMBMSSessionId=99 current size: 3833
[pool-153-thread-1] adds event Id=188, eMBMSSessionId=95 current size: 3833
[pool-153-thread-16] pick event Id=189, eMBMSSessionId=44 current size: 3832
[pool-153-thread-15] pick event Id=190, eMBMSSessionId=41 current size: 3831
[pool-153-thread-14] pick event Id=191, eMBMSSessionId=74 current size: 3830
[pool-153-thread-10] pick event Id=192, eMBMSSessionId=32 current size: 3829
[pool-153-thread-5] pick event Id=193, eMBMSSessionId=40 current size: 3828
[pool-153-thread-9] pick event Id=194, eMBMSSessionId=34 current size: 3827
pool-153-thread-8 reduces to 3826
pool-153-thread-12 reduces to 3825
[pool-153-thread-2] pick event Id=195, eMBMSSessionId=33 current size: 3824
[pool-153-thread-11] pick event Id=196, eMBMSSessionId=57 current size: 3823
[pool-153-thread-13] adds event Id=197, eMBMSSessionId=74 current size: 3823
[pool-153-thread-7] pick event Id=198, eMBMSSessionId=93 current size: 3822
[pool-153-thread-1] adds event Id=199, eMBMSSessionId=33 current size: 3822
[pool-153-thread-17] pick event Id=200, eMBMSSessionId=22 current size: 3821
[pool-153-thread-20] adds event Id=201, eMBMSSessionId=34 current size: 3821
pool-153-thread-14 reduces to 3820
[pool-153-thread-18] pick event Id=202, eMBMSSessionId=88 current size: 3819
[pool-153-thread-3] pick event Id=203, eMBMSSessionId=47 current size: 3818
[pool-153-thread-19] pick event Id=204, eMBMSSessionId=90 current size: 3817
pool-153-thread-9 reduces to 3816
[pool-153-thread-4] adds event Id=205, eMBMSSessionId=57 current size: 3816
pool-153-thread-11 reduces to 3815
pool-153-thread-2 reduces to 3814
[pool-153-thread-13] pick event Id=206, eMBMSSessionId=23 current size: 3813
[pool-153-thread-6] adds event Id=207, eMBMSSessionId=34 current size: 3813
[pool-153-thread-1] pick event Id=208, eMBMSSessionId=52 current size: 3812
[pool-153-thread-16] pick event Id=209, eMBMSSessionId=83 current size: 3811
[pool-153-thread-15] pick event Id=210, eMBMSSessionId=94 current size: 3810
[pool-153-thread-20] pick event Id=211, eMBMSSessionId=1 current size: 3809
[pool-153-thread-10] pick event Id=212, eMBMSSessionId=78 current size: 3808
[pool-153-thread-20] pick event Id=213, eMBMSSessionId=71 current size: 3807
[pool-153-thread-5] pick event Id=214, eMBMSSessionId=22 current size: 3806
[pool-153-thread-8] pick event Id=215, eMBMSSessionId=15 current size: 3805
[pool-153-thread-12] adds event Id=216, eMBMSSessionId=15 current size: 3805
[pool-153-thread-12] pick event Id=217, eMBMSSessionId=50 current size: 3804
[pool-153-thread-4] pick event Id=218, eMBMSSessionId=75 current size: 3803
pool-153-thread-9 reduces to 3802
[pool-153-thread-6] pick event Id=219, eMBMSSessionId=45 current size: 3801
[pool-153-thread-7] pick event Id=220, eMBMSSessionId=80 current size: 3800
[pool-153-thread-16] pick event Id=221, eMBMSSessionId=70 current size: 3799
[pool-153-thread-17] pick event Id=222, eMBMSSessionId=81 current size: 3798
[pool-153-thread-18] pick event Id=223, eMBMSSessionId=97 current size: 3797
[pool-153-thread-14] pick event Id=224, eMBMSSessionId=11 current size: 3796
[pool-153-thread-3] pick event Id=225, eMBMSSessionId=94 current size: 3795
pool-153-thread-8 reduces to 3794
[pool-153-thread-19] pick event Id=226, eMBMSSessionId=87 current size: 3793
[pool-153-thread-11] pick event Id=227, eMBMSSessionId=38 current size: 3792
[pool-153-thread-2] pick event Id=228, eMBMSSessionId=12 current size: 3791
[pool-153-thread-13] adds event Id=229, eMBMSSessionId=11 current size: 3791
[pool-153-thread-1] pick event Id=230, eMBMSSessionId=56 current size: 3790
[pool-153-thread-15] pick event Id=231, eMBMSSessionId=77 current size: 3789
[pool-153-thread-10] adds event Id=232, eMBMSSessionId=77 current size: 3789
[pool-153-thread-20] pick event Id=233, eMBMSSessionId=5 current size: 3788
pool-153-thread-14 reduces to 3787
[pool-153-thread-5] pick event Id=234, eMBMSSessionId=20 current size: 3786
[pool-153-thread-12] pick event Id=235, eMBMSSessionId=23 current size: 3785
[pool-153-thread-4] pick event Id=236, eMBMSSessionId=34 current size: 3784
[pool-153-thread-9] adds event Id=237, eMBMSSessionId=11 current size: 3784
[pool-153-thread-6] pick event Id=238, eMBMSSessionId=3 current size: 3783
[pool-153-thread-7] pick event Id=239, eMBMSSessionId=17 current size: 3782
[pool-153-thread-13] pick event Id=240, eMBMSSessionId=15 current size: 3781
[pool-153-thread-10] pick event Id=241, eMBMSSessionId=82 current size: 3780
[pool-153-thread-16] adds event Id=242, eMBMSSessionId=23 current size: 3780
pool-153-thread-15 reduces to 3779
[pool-153-thread-17] pick event Id=243, eMBMSSessionId=64 current size: 3778
[pool-153-thread-18] pick event Id=244, eMBMSSessionId=6 current size: 3777
pool-153-thread-14 reduces to 3776
[pool-153-thread-3] pick event Id=245, eMBMSSessionId=57 current size: 3775
[pool-153-thread-9] adds event Id=246, eMBMSSessionId=77 current size: 3775
pool-153-thread-12 reduces to 3774
[pool-153-thread-19] pick event Id=247, eMBMSSessionId=43 current size: 3773
[pool-153-thread-11] pick event Id=248, eMBMSSessionId=40 current size: 3772
[pool-153-thread-8] pick event Id=249, eMBMSSessionId=2 current size: 3771
[pool-153-thread-2] pick event Id=250, eMBMSSessionId=50 current size: 3770
[pool-153-thread-1] pick event Id=251, eMBMSSessionId=4 current size: 3769
[pool-153-thread-16] pick event Id=252, eMBMSSessionId=48 current size: 3768
[pool-153-thread-10] pick event Id=253, eMBMSSessionId=34 current size: 3767
pool-153-thread-15 reduces to 3766
[pool-153-thread-20] pick event Id=254, eMBMSSessionId=27 current size: 3765
[pool-153-thread-5] pick event Id=255, eMBMSSessionId=98 current size: 3764
[pool-153-thread-9] pick event Id=256, eMBMSSessionId=82 current size: 3763
[pool-153-thread-4] pick event Id=257, eMBMSSessionId=54 current size: 3762
[pool-153-thread-6] pick event Id=258, eMBMSSessionId=18 current size: 3761
[pool-153-thread-4] pick event Id=259, eMBMSSessionId=32 current size: 3760
[pool-153-thread-13] pick event Id=260, eMBMSSessionId=35 current size: 3759
[pool-153-thread-7] pick event Id=261, eMBMSSessionId=6 current size: 3758
[pool-153-thread-7] pick event Id=262, eMBMSSessionId=43 current size: 3757
[pool-153-thread-7] pick event Id=263, eMBMSSessionId=62 current size: 3756
[pool-153-thread-7] pick event Id=264, eMBMSSessionId=50 current size: 3755
[pool-153-thread-7] pick event Id=265, eMBMSSessionId=43 current size: 3754
[pool-153-thread-7] adds event Id=266, eMBMSSessionId=48 current size: 3754
[pool-153-thread-7] pick event Id=267, eMBMSSessionId=10 current size: 3753
[pool-153-thread-7] pick event Id=268, eMBMSSessionId=15 current size: 3752
[pool-153-thread-7] pick event Id=269, eMBMSSessionId=45 current size: 3751
[pool-153-thread-7] pick event Id=270, eMBMSSessionId=80 current size: 3750
[pool-153-thread-7] pick event Id=271, eMBMSSessionId=88 current size: 3749
[pool-153-thread-7] pick event Id=272, eMBMSSessionId=76 current size: 3748
[pool-153-thread-7] pick event Id=273, eMBMSSessionId=89 current size: 3747
[pool-153-thread-7] pick event Id=274, eMBMSSessionId=28 current size: 3746
[pool-153-thread-7] pick event Id=275, eMBMSSessionId=66 current size: 3745
[pool-153-thread-1] pick event Id=276, eMBMSSessionId=60 current size: 3744
[pool-153-thread-1] adds event Id=277, eMBMSSessionId=27 current size: 3744
[pool-153-thread-1] pick event Id=278, eMBMSSessionId=13 current size: 3743
[pool-153-thread-1] adds event Id=279, eMBMSSessionId=34 current size: 3743
[pool-153-thread-1] pick event Id=280, eMBMSSessionId=6 current size: 3742
[pool-153-thread-1] pick event Id=281, eMBMSSessionId=20 current size: 3741
[pool-153-thread-1] pick event Id=282, eMBMSSessionId=62 current size: 3740
[pool-153-thread-1] pick event Id=283, eMBMSSessionId=50 current size: 3739
[pool-153-thread-1] pick event Id=284, eMBMSSessionId=22 current size: 3738
[pool-153-thread-1] pick event Id=285, eMBMSSessionId=86 current size: 3737
[pool-153-thread-1] pick event Id=286, eMBMSSessionId=67 current size: 3736
[pool-153-thread-1] pick event Id=287, eMBMSSessionId=19 current size: 3735
[pool-153-thread-1] pick event Id=288, eMBMSSessionId=55 current size: 3734
[pool-153-thread-1] pick event Id=289, eMBMSSessionId=97 current size: 3733
[pool-153-thread-1] pick event Id=290, eMBMSSessionId=14 current size: 3732
[pool-153-thread-1] pick event Id=291, eMBMSSessionId=72 current size: 3731
[pool-153-thread-1] pick event Id=292, eMBMSSessionId=93 current size: 3730
[pool-153-thread-1] pick event Id=293, eMBMSSessionId=76 current size: 3729
[pool-153-thread-1] pick event Id=294, eMBMSSessionId=93 current size: 3728
[pool-153-thread-1] pick event Id=295, eMBMSSessionId=57 current size: 3727
[pool-153-thread-1] adds event Id=296, eMBMSSessionId=18 current size: 3727
[pool-153-thread-1] pick event Id=297, eMBMSSessionId=81 current size: 3726
[pool-153-thread-1] pick event Id=298, eMBMSSessionId=61 current size: 3725
[pool-153-thread-1] pick event Id=299, eMBMSSessionId=70 current size: 3724
[pool-153-thread-1] pick event Id=300, eMBMSSessionId=44 current size: 3723
[pool-153-thread-1] pick event Id=301, eMBMSSessionId=46 current size: 3722
[pool-153-thread-1] pick event Id=302, eMBMSSessionId=46 current size: 3721
[pool-153-thread-1] pick event Id=303, eMBMSSessionId=17 current size: 3720
[pool-153-thread-1] pick event Id=304, eMBMSSessionId=25 current size: 3719
[pool-153-thread-1] pick event Id=305, eMBMSSessionId=47 current size: 3718
[pool-153-thread-1] pick event Id=306, eMBMSSessionId=21 current size: 3717
[pool-153-thread-1] pick event Id=307, eMBMSSessionId=72 current size: 3716
[pool-153-thread-1] pick event Id=308, eMBMSSessionId=44 current size: 3715
[pool-153-thread-1] pick event Id=309, eMBMSSessionId=90 current size: 3714
[pool-153-thread-1] pick event Id=310, eMBMSSessionId=79 current size: 3713
[pool-153-thread-1] adds event Id=311, eMBMSSessionId=98 current size: 3713
[pool-153-thread-1] pick event Id=312, eMBMSSessionId=0 current size: 3712
[pool-153-thread-1] pick event Id=313, eMBMSSessionId=62 current size: 3711
[pool-153-thread-1] pick event Id=314, eMBMSSessionId=11 current size: 3710
[pool-153-thread-1] pick event Id=315, eMBMSSessionId=74 current size: 3709
[pool-153-thread-1] pick event Id=316, eMBMSSessionId=55 current size: 3708
[pool-153-thread-1] pick event Id=317, eMBMSSessionId=13 current size: 3707
[pool-153-thread-1] pick event Id=318, eMBMSSessionId=75 current size: 3706
[pool-153-thread-1] pick event Id=319, eMBMSSessionId=69 current size: 3705
[pool-153-thread-1] pick event Id=320, eMBMSSessionId=61 current size: 3704
[pool-153-thread-1] pick event Id=321, eMBMSSessionId=57 current size: 3703
[pool-153-thread-1] pick event Id=322, eMBMSSessionId=88 current size: 3702
[pool-153-thread-1] pick event Id=323, eMBMSSessionId=5 current size: 3701
[pool-153-thread-1] pick event Id=324, eMBMSSessionId=71 current size: 3700
[pool-153-thread-1] pick event Id=325, eMBMSSessionId=89 current size: 3699
pool-153-thread-16 reduces to 3698
pool-153-thread-10 reduces to 3697
[pool-153-thread-17] pick event Id=326, eMBMSSessionId=20 current size: 3696
[pool-153-thread-18] pick event Id=327, eMBMSSessionId=6 current size: 3695
pool-153-thread-20 reduces to 3694
[pool-153-thread-14] pick event Id=328, eMBMSSessionId=87 current size: 3693
[pool-153-thread-3] pick event Id=329, eMBMSSessionId=61 current size: 3692
pool-153-thread-5 reduces to 3691
[pool-153-thread-5] pick event Id=330, eMBMSSessionId=65 current size: 3690
[pool-153-thread-5] pick event Id=331, eMBMSSessionId=77 current size: 3689
[pool-153-thread-5] pick event Id=332, eMBMSSessionId=90 current size: 3688
[pool-153-thread-5] pick event Id=333, eMBMSSessionId=67 current size: 3687
[pool-153-thread-12] pick event Id=334, eMBMSSessionId=97 current size: 3686
[pool-153-thread-11] adds event Id=335, eMBMSSessionId=89 current size: 3686
[pool-153-thread-11] pick event Id=336, eMBMSSessionId=81 current size: 3685
[pool-153-thread-8] pick event Id=337, eMBMSSessionId=98 current size: 3684
[pool-153-thread-19] pick event Id=338, eMBMSSessionId=37 current size: 3683
[pool-153-thread-2] adds event Id=339, eMBMSSessionId=81 current size: 3683
pool-153-thread-6 reduces to 3682
pool-153-thread-1 reduces to 3681
[pool-153-thread-15] pick event Id=340, eMBMSSessionId=69 current size: 3680
[pool-153-thread-10] pick event Id=341, eMBMSSessionId=45 current size: 3679
[pool-153-thread-9] adds event Id=342, eMBMSSessionId=67 current size: 3679
pool-153-thread-5 reduces to 3678
pool-153-thread-11 reduces to 3677
[pool-153-thread-4] adds event Id=343, eMBMSSessionId=37 current size: 3677
pool-153-thread-19 reduces to 3676
[pool-153-thread-2] pick event Id=344, eMBMSSessionId=2 current size: 3675
[pool-153-thread-17] pick event Id=345, eMBMSSessionId=74 current size: 3674
[pool-153-thread-13] pick event Id=346, eMBMSSessionId=68 current size: 3673
[pool-153-thread-7] adds event Id=347, eMBMSSessionId=89 current size: 3673
pool-153-thread-1 reduces to 3672
[pool-153-thread-16] pick event Id=348, eMBMSSessionId=47 current size: 3671
[pool-153-thread-14] pick event Id=349, eMBMSSessionId=29 current size: 3670
[pool-153-thread-18] pick event Id=350, eMBMSSessionId=90 current size: 3669
[pool-153-thread-20] pick event Id=351, eMBMSSessionId=96 current size: 3668
[pool-153-thread-3] pick event Id=352, eMBMSSessionId=76 current size: 3667
[pool-153-thread-9] pick event Id=353, eMBMSSessionId=87 current size: 3666
[pool-153-thread-4] pick event Id=354, eMBMSSessionId=71 current size: 3665
[pool-153-thread-12] pick event Id=355, eMBMSSessionId=27 current size: 3664
[pool-153-thread-8] pick event Id=356, eMBMSSessionId=28 current size: 3663
[pool-153-thread-6] pick event Id=357, eMBMSSessionId=88 current size: 3662
[pool-153-thread-7] pick event Id=358, eMBMSSessionId=39 current size: 3661
[pool-153-thread-10] pick event Id=359, eMBMSSessionId=24 current size: 3660
[pool-153-thread-16] pick event Id=360, eMBMSSessionId=74 current size: 3659
[pool-153-thread-15] pick event Id=361, eMBMSSessionId=12 current size: 3658
[pool-153-thread-5] pick event Id=362, eMBMSSessionId=80 current size: 3657
[pool-153-thread-11] pick event Id=363, eMBMSSessionId=42 current size: 3656
[pool-153-thread-19] adds event Id=364, eMBMSSessionId=80 current size: 3656
[pool-153-thread-4] pick event Id=365, eMBMSSessionId=79 current size: 3655
[pool-153-thread-2] pick event Id=366, eMBMSSessionId=53 current size: 3654
[pool-153-thread-8] pick event Id=367, eMBMSSessionId=63 current size: 3653
[pool-153-thread-13] pick event Id=368, eMBMSSessionId=32 current size: 3652
[pool-153-thread-17] pick event Id=369, eMBMSSessionId=61 current size: 3651
[pool-153-thread-1] pick event Id=370, eMBMSSessionId=76 current size: 3650
[pool-153-thread-10] pick event Id=371, eMBMSSessionId=14 current size: 3649
[pool-153-thread-14] pick event Id=372, eMBMSSessionId=95 current size: 3648
[pool-153-thread-18] pick event Id=373, eMBMSSessionId=33 current size: 3647
[pool-153-thread-20] pick event Id=374, eMBMSSessionId=29 current size: 3646
[pool-153-thread-9] pick event Id=375, eMBMSSessionId=84 current size: 3645
pool-153-thread-5 reduces to 3644
[pool-153-thread-19] pick event Id=376, eMBMSSessionId=56 current size: 3643
[pool-153-thread-3] pick event Id=377, eMBMSSessionId=14 current size: 3642
[pool-153-thread-6] pick event Id=378, eMBMSSessionId=25 current size: 3641
[pool-153-thread-12] pick event Id=379, eMBMSSessionId=1 current size: 3640
[pool-153-thread-7] pick event Id=380, eMBMSSessionId=93 current size: 3639
[pool-153-thread-16] pick event Id=381, eMBMSSessionId=95 current size: 3638
[pool-153-thread-17] pick event Id=382, eMBMSSessionId=92 current size: 3637
[pool-153-thread-15] pick event Id=383, eMBMSSessionId=83 current size: 3636
[pool-153-thread-10] pick event Id=384, eMBMSSessionId=64 current size: 3635
[pool-153-thread-11] pick event Id=385, eMBMSSessionId=43 current size: 3634
[pool-153-thread-9] pick event Id=386, eMBMSSessionId=47 current size: 3633
[pool-153-thread-19] pick event Id=387, eMBMSSessionId=90 current size: 3632
[pool-153-thread-4] pick event Id=388, eMBMSSessionId=5 current size: 3631
[pool-153-thread-12] pick event Id=389, eMBMSSessionId=65 current size: 3630
[pool-153-thread-8] pick event Id=390, eMBMSSessionId=21 current size: 3629
[pool-153-thread-2] pick event Id=391, eMBMSSessionId=45 current size: 3628
[pool-153-thread-13] pick event Id=392, eMBMSSessionId=76 current size: 3627
[pool-153-thread-14] pick event Id=393, eMBMSSessionId=27 current size: 3626
[pool-153-thread-1] adds event Id=394, eMBMSSessionId=45 current size: 3626
[pool-153-thread-18] pick event Id=395, eMBMSSessionId=30 current size: 3625
[pool-153-thread-20] adds event Id=396, eMBMSSessionId=27 current size: 3625
[pool-153-thread-5] pick event Id=397, eMBMSSessionId=87 current size: 3624
[pool-153-thread-3] pick event Id=398, eMBMSSessionId=73 current size: 3623
[pool-153-thread-6] pick event Id=399, eMBMSSessionId=97 current size: 3622
[pool-153-thread-7] pick event Id=400, eMBMSSessionId=95 current size: 3621
pool-153-thread-2 reduces to 3620
[pool-153-thread-1] pick event Id=401, eMBMSSessionId=20 current size: 3619
[pool-153-thread-16] pick event Id=402, eMBMSSessionId=46 current size: 3618
[pool-153-thread-20] pick event Id=403, eMBMSSessionId=61 current size: 3617
pool-153-thread-14 reduces to 3616
[pool-153-thread-17] pick event Id=404, eMBMSSessionId=24 current size: 3615
[pool-153-thread-15] adds event Id=405, eMBMSSessionId=45 current size: 3615
[pool-153-thread-15] pick event Id=406, eMBMSSessionId=41 current size: 3614
[pool-153-thread-10] pick event Id=407, eMBMSSessionId=75 current size: 3613
[pool-153-thread-11] pick event Id=408, eMBMSSessionId=58 current size: 3612
[pool-153-thread-9] pick event Id=409, eMBMSSessionId=15 current size: 3611
[pool-153-thread-19] pick event Id=410, eMBMSSessionId=90 current size: 3610
[pool-153-thread-4] pick event Id=411, eMBMSSessionId=1 current size: 3609
[pool-153-thread-12] pick event Id=412, eMBMSSessionId=22 current size: 3608
[pool-153-thread-8] pick event Id=413, eMBMSSessionId=42 current size: 3607
pool-153-thread-2 reduces to 3606
[pool-153-thread-13] pick event Id=414, eMBMSSessionId=8 current size: 3605
[pool-153-thread-16] pick event Id=415, eMBMSSessionId=68 current size: 3604
[pool-153-thread-18] pick event Id=416, eMBMSSessionId=74 current size: 3603
[pool-153-thread-5] pick event Id=417, eMBMSSessionId=54 current size: 3602
[pool-153-thread-3] pick event Id=418, eMBMSSessionId=13 current size: 3601
[pool-153-thread-19] pick event Id=419, eMBMSSessionId=11 current size: 3600
[pool-153-thread-6] pick event Id=420, eMBMSSessionId=94 current size: 3599
[pool-153-thread-7] pick event Id=421, eMBMSSessionId=57 current size: 3598
[pool-153-thread-1] adds event Id=422, eMBMSSessionId=8 current size: 3598
[pool-153-thread-14] pick event Id=423, eMBMSSessionId=3 current size: 3597
[pool-153-thread-20] pick event Id=424, eMBMSSessionId=76 current size: 3596
pool-153-thread-13 reduces to 3595
[pool-153-thread-17] adds event Id=425, eMBMSSessionId=68 current size: 3595
[pool-153-thread-15] pick event Id=426, eMBMSSessionId=92 current size: 3594
pool-153-thread-16 reduces to 3593
[pool-153-thread-10] pick event Id=427, eMBMSSessionId=83 current size: 3592
[pool-153-thread-11] pick event Id=428, eMBMSSessionId=91 current size: 3591
[pool-153-thread-18] adds event Id=429, eMBMSSessionId=83 current size: 3591
[pool-153-thread-9] pick event Id=430, eMBMSSessionId=43 current size: 3590
[pool-153-thread-4] pick event Id=431, eMBMSSessionId=69 current size: 3589
[pool-153-thread-12] pick event Id=432, eMBMSSessionId=0 current size: 3588
[pool-153-thread-19] pick event Id=433, eMBMSSessionId=10 current size: 3587
[pool-153-thread-8] adds event Id=434, eMBMSSessionId=76 current size: 3587
[pool-153-thread-1] pick event Id=435, eMBMSSessionId=96 current size: 3586
[pool-153-thread-8] pick event Id=436, eMBMSSessionId=78 current size: 3585
[pool-153-thread-7] pick event Id=437, eMBMSSessionId=22 current size: 3584
[pool-153-thread-6] pick event Id=438, eMBMSSessionId=95 current size: 3583
[pool-153-thread-2] pick event Id=439, eMBMSSessionId=61 current size: 3582
[pool-153-thread-17] pick event Id=440, eMBMSSessionId=93 current size: 3581
pool-153-thread-20 reduces to 3580
[pool-153-thread-13] pick event Id=441, eMBMSSessionId=82 current size: 3579
pool-153-thread-10 reduces to 3578
[pool-153-thread-18] adds event Id=442, eMBMSSessionId=68 current size: 3578
pool-153-thread-16 reduces to 3577
[pool-153-thread-5] adds event Id=443, eMBMSSessionId=61 current size: 3577
[pool-153-thread-3] pick event Id=444, eMBMSSessionId=25 current size: 3576
[pool-153-thread-14] pick event Id=445, eMBMSSessionId=54 current size: 3575
pool-153-thread-2 reduces to 3574
[pool-153-thread-18] pick event Id=446, eMBMSSessionId=20 current size: 3573
[pool-153-thread-15] pick event Id=447, eMBMSSessionId=13 current size: 3572
[pool-153-thread-9] adds event Id=448, eMBMSSessionId=13 current size: 3572
[pool-153-thread-11] pick event Id=449, eMBMSSessionId=90 current size: 3571
pool-153-thread-15 reduces to 3570
[pool-153-thread-13] pick event Id=450, eMBMSSessionId=4 current size: 3569
[pool-153-thread-5] pick event Id=451, eMBMSSessionId=77 current size: 3568
[pool-153-thread-4] pick event Id=452, eMBMSSessionId=6 current size: 3567
[pool-153-thread-12] pick event Id=453, eMBMSSessionId=16 current size: 3566
[pool-153-thread-19] pick event Id=454, eMBMSSessionId=94 current size: 3565
[pool-153-thread-6] pick event Id=455, eMBMSSessionId=95 current size: 3564
[pool-153-thread-8] pick event Id=456, eMBMSSessionId=78 current size: 3563
[pool-153-thread-1] pick event Id=457, eMBMSSessionId=93 current size: 3562
[pool-153-thread-7] pick event Id=458, eMBMSSessionId=26 current size: 3561
[pool-153-thread-17] pick event Id=459, eMBMSSessionId=3 current size: 3560
[pool-153-thread-20] pick event Id=460, eMBMSSessionId=31 current size: 3559
[pool-153-thread-2] pick event Id=461, eMBMSSessionId=58 current size: 3558
[pool-153-thread-9] pick event Id=462, eMBMSSessionId=17 current size: 3557
[pool-153-thread-10] pick event Id=463, eMBMSSessionId=64 current size: 3556
[pool-153-thread-16] pick event Id=464, eMBMSSessionId=65 current size: 3555
[pool-153-thread-3] pick event Id=465, eMBMSSessionId=61 current size: 3554
[pool-153-thread-14] pick event Id=466, eMBMSSessionId=98 current size: 3553
[pool-153-thread-1] adds event Id=467, eMBMSSessionId=26 current size: 3553
[pool-153-thread-1] pick event Id=468, eMBMSSessionId=86 current size: 3552
pool-153-thread-7 reduces to 3551
[pool-153-thread-18] pick event Id=469, eMBMSSessionId=28 current size: 3550
[pool-153-thread-13] pick event Id=470, eMBMSSessionId=31 current size: 3549
[pool-153-thread-11] pick event Id=471, eMBMSSessionId=48 current size: 3548
[pool-153-thread-5] pick event Id=472, eMBMSSessionId=43 current size: 3547
[pool-153-thread-15] adds event Id=473, eMBMSSessionId=61 current size: 3547
pool-153-thread-3 reduces to 3546
[pool-153-thread-4] pick event Id=474, eMBMSSessionId=63 current size: 3545
[pool-153-thread-12] pick event Id=475, eMBMSSessionId=14 current size: 3544
[pool-153-thread-19] adds event Id=476, eMBMSSessionId=48 current size: 3544
[pool-153-thread-6] pick event Id=477, eMBMSSessionId=77 current size: 3543
[pool-153-thread-8] pick event Id=478, eMBMSSessionId=46 current size: 3542
[pool-153-thread-17] pick event Id=479, eMBMSSessionId=15 current size: 3541
[pool-153-thread-18] pick event Id=480, eMBMSSessionId=76 current size: 3540
[pool-153-thread-20] pick event Id=481, eMBMSSessionId=25 current size: 3539
[pool-153-thread-2] pick event Id=482, eMBMSSessionId=29 current size: 3538
[pool-153-thread-9] pick event Id=483, eMBMSSessionId=28 current size: 3537
[pool-153-thread-10] pick event Id=484, eMBMSSessionId=2 current size: 3536
pool-153-thread-11 reduces to 3535
[pool-153-thread-15] pick event Id=485, eMBMSSessionId=33 current size: 3534
[pool-153-thread-16] adds event Id=486, eMBMSSessionId=48 current size: 3534
[pool-153-thread-5] pick event Id=487, eMBMSSessionId=8 current size: 3533
[pool-153-thread-19] pick event Id=488, eMBMSSessionId=90 current size: 3532
[pool-153-thread-14] pick event Id=489, eMBMSSessionId=60 current size: 3531
[pool-153-thread-6] pick event Id=490, eMBMSSessionId=70 current size: 3530
[pool-153-thread-1] adds event Id=491, eMBMSSessionId=25 current size: 3530
[pool-153-thread-7] pick event Id=492, eMBMSSessionId=45 current size: 3529
[pool-153-thread-13] pick event Id=493, eMBMSSessionId=4 current size: 3528
pool-153-thread-20 reduces to 3527
pool-153-thread-11 reduces to 3526
[pool-153-thread-16] pick event Id=494, eMBMSSessionId=24 current size: 3525
[pool-153-thread-9] pick event Id=495, eMBMSSessionId=58 current size: 3524
[pool-153-thread-3] pick event Id=496, eMBMSSessionId=81 current size: 3523
[pool-153-thread-4] pick event Id=497, eMBMSSessionId=28 current size: 3522
[pool-153-thread-12] pick event Id=498, eMBMSSessionId=43 current size: 3521
[pool-153-thread-1] pick event Id=499, eMBMSSessionId=84 current size: 3520
[pool-153-thread-14] pick event Id=500, eMBMSSessionId=91 current size: 3519
[pool-153-thread-8] pick event Id=501, eMBMSSessionId=9 current size: 3518
[pool-153-thread-19] pick event Id=502, eMBMSSessionId=88 current size: 3517
[pool-153-thread-18] pick event Id=503, eMBMSSessionId=38 current size: 3516
[pool-153-thread-17] pick event Id=504, eMBMSSessionId=94 current size: 3515
[pool-153-thread-7] pick event Id=505, eMBMSSessionId=14 current size: 3514
[pool-153-thread-2] pick event Id=506, eMBMSSessionId=1 current size: 3513
[pool-153-thread-10] pick event Id=507, eMBMSSessionId=79 current size: 3512
[pool-153-thread-15] pick event Id=508, eMBMSSessionId=25 current size: 3511
[pool-153-thread-5] pick event Id=509, eMBMSSessionId=56 current size: 3510
[pool-153-thread-3] pick event Id=510, eMBMSSessionId=15 current size: 3509
[pool-153-thread-6] adds event Id=511, eMBMSSessionId=25 current size: 3509
[pool-153-thread-13] pick event Id=512, eMBMSSessionId=97 current size: 3508
[pool-153-thread-20] pick event Id=513, eMBMSSessionId=17 current size: 3507
pool-153-thread-15 reduces to 3506
[pool-153-thread-16] pick event Id=514, eMBMSSessionId=3 current size: 3505
[pool-153-thread-11] pick event Id=515, eMBMSSessionId=73 current size: 3504
[pool-153-thread-9] pick event Id=516, eMBMSSessionId=66 current size: 3503
[pool-153-thread-4] adds event Id=517, eMBMSSessionId=97 current size: 3503
[pool-153-thread-6] pick event Id=518, eMBMSSessionId=74 current size: 3502
[pool-153-thread-12] pick event Id=519, eMBMSSessionId=24 current size: 3501
testOverload end.
testFull begin.
[pool-154-thread-1] pick event Id=0, eMBMSSessionId=34 current size: 4998
[pool-154-thread-2] pick event Id=1, eMBMSSessionId=24 current size: 4997
[pool-154-thread-3] pick event Id=2, eMBMSSessionId=86 current size: 4996
[pool-154-thread-4] pick event Id=3, eMBMSSessionId=3 current size: 4995
[pool-154-thread-5] pick event Id=4, eMBMSSessionId=85 current size: 4994
[pool-154-thread-6] pick event Id=5, eMBMSSessionId=53 current size: 4993
[pool-154-thread-7] pick event Id=6, eMBMSSessionId=47 current size: 4992
[pool-154-thread-8] pick event Id=7, eMBMSSessionId=20 current size: 4991
[pool-154-thread-9] pick event Id=8, eMBMSSessionId=26 current size: 4990
[pool-154-thread-10] pick event Id=9, eMBMSSessionId=33 current size: 4989
[pool-154-thread-11] pick event Id=10, eMBMSSessionId=57 current size: 4988
[pool-154-thread-12] pick event Id=11, eMBMSSessionId=39 current size: 4987
[pool-154-thread-13] pick event Id=12, eMBMSSessionId=78 current size: 4986
[pool-154-thread-14] pick event Id=13, eMBMSSessionId=12 current size: 4985
[pool-154-thread-15] pick event Id=14, eMBMSSessionId=15 current size: 4984
[pool-154-thread-17] pick event Id=15, eMBMSSessionId=67 current size: 4983
[pool-154-thread-16] pick event Id=16, eMBMSSessionId=40 current size: 4982
[pool-154-thread-18] pick event Id=17, eMBMSSessionId=92 current size: 4981
[pool-154-thread-19] pick event Id=18, eMBMSSessionId=11 current size: 4980
[pool-154-thread-20] adds event Id=19, eMBMSSessionId=12 current size: 4980
[pool-154-thread-20] pick event Id=20, eMBMSSessionId=37 current size: 4979
event queue is full, will clear all data!
NbiEventCache is cleared with total events removed: 5029
testFull end.
17 times run start
testEventSequence begin.
testEventSequence end.
testSendRadomEmbmsSessionEvents begin.
testSendRadomEmbmsSessionEvents end.
testSendSameEmbmsSessionEvents begin.
testSendSameEmbmsSessionEvents end.
testSendNoSameEmbmsSessionEvents begin.
testSendNoSameEmbmsSessionEvents end.
testSendNoEmbmsSessionIdEvents begin.
testSendNoEmbmsSessionIdEvents end.
testOverload begin.
[pool-162-thread-1] pick event Id=0, eMBMSSessionId=18 current size: 4019
[pool-162-thread-2] pick event Id=1, eMBMSSessionId=48 current size: 4018
[pool-162-thread-5] pick event Id=2, eMBMSSessionId=16 current size: 4017
[pool-162-thread-3] pick event Id=3, eMBMSSessionId=27 current size: 4016
pool-162-thread-2 Discard NBI event &apos; Id=1, eMBMSSessionId=48&apos;, current queue size: 4016
pool-162-thread-3 Discard NBI event &apos; Id=3, eMBMSSessionId=27&apos;, current queue size: 4016
[pool-162-thread-4] pick event Id=4, eMBMSSessionId=82 current size: 4015
pool-162-thread-1 Discard NBI event &apos; Id=0, eMBMSSessionId=18&apos;, current queue size: 4015
pool-162-thread-4 Discard NBI event &apos; Id=4, eMBMSSessionId=82&apos;, current queue size: 4015
[pool-162-thread-6] pick event Id=5, eMBMSSessionId=74 current size: 4014
pool-162-thread-5 Discard NBI event &apos; Id=2, eMBMSSessionId=16&apos;, current queue size: 4014
[pool-162-thread-7] pick event Id=6, eMBMSSessionId=71 current size: 4013
pool-162-thread-6 Discard NBI event &apos; Id=5, eMBMSSessionId=74&apos;, current queue size: 4013
[pool-162-thread-8] pick event Id=7, eMBMSSessionId=37 current size: 4012
[pool-162-thread-9] pick event Id=8, eMBMSSessionId=21 current size: 4011
pool-162-thread-7 Discard NBI event &apos; Id=6, eMBMSSessionId=71&apos;, current queue size: 4011
pool-162-thread-8 Discard NBI event &apos; Id=7, eMBMSSessionId=37&apos;, current queue size: 4011
[pool-162-thread-10] pick event Id=9, eMBMSSessionId=97 current size: 4010
pool-162-thread-9 Discard NBI event &apos; Id=8, eMBMSSessionId=21&apos;, current queue size: 4010
[pool-162-thread-11] pick event Id=10, eMBMSSessionId=90 current size: 4009
pool-162-thread-10 Discard NBI event &apos; Id=9, eMBMSSessionId=97&apos;, current queue size: 4009
[pool-162-thread-12] pick event Id=11, eMBMSSessionId=66 current size: 4008
[pool-162-thread-13] pick event Id=12, eMBMSSessionId=11 current size: 4007
pool-162-thread-11 Discard NBI event &apos; Id=10, eMBMSSessionId=90&apos;, current queue size: 4008
pool-162-thread-13 Discard NBI event &apos; Id=12, eMBMSSessionId=11&apos;, current queue size: 4007
[pool-162-thread-14] pick event Id=13, eMBMSSessionId=77 current size: 4006
[pool-162-thread-15] pick event Id=14, eMBMSSessionId=20 current size: 4005
[pool-162-thread-16] pick event Id=15, eMBMSSessionId=9 current size: 4004
pool-162-thread-14 Discard NBI event &apos; Id=13, eMBMSSessionId=77&apos;, current queue size: 4004
pool-162-thread-12 Discard NBI event &apos; Id=11, eMBMSSessionId=66&apos;, current queue size: 4005
pool-162-thread-15 Discard NBI event &apos; Id=14, eMBMSSessionId=20&apos;, current queue size: 4004
pool-162-thread-16 Discard NBI event &apos; Id=15, eMBMSSessionId=9&apos;, current queue size: 4004
[pool-162-thread-17] pick event Id=16, eMBMSSessionId=91 current size: 4003
pool-162-thread-17 Discard NBI event &apos; Id=16, eMBMSSessionId=91&apos;, current queue size: 4003
[pool-162-thread-18] pick event Id=17, eMBMSSessionId=92 current size: 4002
[pool-162-thread-19] adds event Id=18, eMBMSSessionId=92 current size: 4002
pool-162-thread-18 Discard NBI event &apos; Id=17, eMBMSSessionId=92&apos;, current queue size: 4002
[pool-162-thread-20] pick event Id=19, eMBMSSessionId=80 current size: 4001
[pool-162-thread-2] pick event Id=20, eMBMSSessionId=63 current size: 4000
pool-162-thread-20 Discard NBI event &apos; Id=19, eMBMSSessionId=80&apos;, current queue size: 4000
[pool-162-thread-3] pick event Id=21, eMBMSSessionId=31 current size: 3999
pool-162-thread-2 Discard NBI event &apos; Id=20, eMBMSSessionId=63&apos;, current queue size: 3999
[pool-162-thread-8] pick event Id=22, eMBMSSessionId=88 current size: 3998
[pool-162-thread-5] pick event Id=23, eMBMSSessionId=34 current size: 3997
[pool-162-thread-10] pick event Id=24, eMBMSSessionId=99 current size: 3996
[pool-162-thread-6] pick event Id=25, eMBMSSessionId=46 current size: 3995
[pool-162-thread-4] pick event Id=26, eMBMSSessionId=5 current size: 3994
[pool-162-thread-7] pick event Id=27, eMBMSSessionId=27 current size: 3993
[pool-162-thread-9] pick event Id=28, eMBMSSessionId=66 current size: 3992
[pool-162-thread-1] pick event Id=29, eMBMSSessionId=32 current size: 3991
[pool-162-thread-17] pick event Id=30, eMBMSSessionId=67 current size: 3990
[pool-162-thread-13] pick event Id=31, eMBMSSessionId=59 current size: 3989
[pool-162-thread-19] pick event Id=32, eMBMSSessionId=10 current size: 3988
[pool-162-thread-14] pick event Id=33, eMBMSSessionId=64 current size: 3987
[pool-162-thread-12] adds event Id=34, eMBMSSessionId=10 current size: 3987
pool-162-thread-18 reduces to 3986
[pool-162-thread-11] pick event Id=35, eMBMSSessionId=73 current size: 3985
[pool-162-thread-16] pick event Id=36, eMBMSSessionId=4 current size: 3984
[pool-162-thread-6] pick event Id=37, eMBMSSessionId=98 current size: 3983
[pool-162-thread-15] adds event Id=38, eMBMSSessionId=67 current size: 3983
[pool-162-thread-5] pick event Id=39, eMBMSSessionId=49 current size: 3982
pool-162-thread-17 reduces to 3981
pool-162-thread-19 reduces to 3980
[pool-162-thread-12] pick event Id=40, eMBMSSessionId=39 current size: 3979
[pool-162-thread-20] pick event Id=41, eMBMSSessionId=34 current size: 3978
[pool-162-thread-2] pick event Id=42, eMBMSSessionId=36 current size: 3977
[pool-162-thread-3] pick event Id=43, eMBMSSessionId=85 current size: 3976
[pool-162-thread-8] pick event Id=44, eMBMSSessionId=89 current size: 3975
[pool-162-thread-10] pick event Id=45, eMBMSSessionId=81 current size: 3974
[pool-162-thread-4] pick event Id=46, eMBMSSessionId=7 current size: 3973
[pool-162-thread-7] pick event Id=47, eMBMSSessionId=86 current size: 3972
[pool-162-thread-9] pick event Id=48, eMBMSSessionId=41 current size: 3971
[pool-162-thread-15] adds event Id=49, eMBMSSessionId=81 current size: 3971
[pool-162-thread-1] pick event Id=50, eMBMSSessionId=70 current size: 3970
[pool-162-thread-13] pick event Id=51, eMBMSSessionId=13 current size: 3969
[pool-162-thread-14] pick event Id=52, eMBMSSessionId=73 current size: 3968
[pool-162-thread-11] pick event Id=53, eMBMSSessionId=78 current size: 3967
[pool-162-thread-2] pick event Id=54, eMBMSSessionId=92 current size: 3966
[pool-162-thread-18] pick event Id=55, eMBMSSessionId=80 current size: 3965
pool-162-thread-10 reduces to 3964
[pool-162-thread-16] pick event Id=56, eMBMSSessionId=12 current size: 3963
[pool-162-thread-4] pick event Id=57, eMBMSSessionId=90 current size: 3962
[pool-162-thread-15] pick event Id=58, eMBMSSessionId=33 current size: 3961
[pool-162-thread-6] pick event Id=59, eMBMSSessionId=72 current size: 3960
[pool-162-thread-5] pick event Id=60, eMBMSSessionId=61 current size: 3959
[pool-162-thread-17] pick event Id=61, eMBMSSessionId=53 current size: 3958
[pool-162-thread-19] pick event Id=62, eMBMSSessionId=47 current size: 3957
[pool-162-thread-12] pick event Id=63, eMBMSSessionId=73 current size: 3956
[pool-162-thread-20] pick event Id=64, eMBMSSessionId=54 current size: 3955
[pool-162-thread-8] pick event Id=65, eMBMSSessionId=44 current size: 3954
[pool-162-thread-3] pick event Id=66, eMBMSSessionId=97 current size: 3953
[pool-162-thread-2] pick event Id=67, eMBMSSessionId=35 current size: 3952
[pool-162-thread-7] pick event Id=68, eMBMSSessionId=67 current size: 3951
[pool-162-thread-9] pick event Id=69, eMBMSSessionId=88 current size: 3950
[pool-162-thread-1] adds event Id=70, eMBMSSessionId=61 current size: 3950
pool-162-thread-5 reduces to 3949
[pool-162-thread-13] pick event Id=71, eMBMSSessionId=3 current size: 3948
[pool-162-thread-14] pick event Id=72, eMBMSSessionId=15 current size: 3947
[pool-162-thread-11] adds event Id=73, eMBMSSessionId=88 current size: 3947
[pool-162-thread-18] pick event Id=74, eMBMSSessionId=94 current size: 3946
[pool-162-thread-10] pick event Id=75, eMBMSSessionId=62 current size: 3945
[pool-162-thread-16] pick event Id=76, eMBMSSessionId=54 current size: 3944
[pool-162-thread-15] pick event Id=77, eMBMSSessionId=16 current size: 3943
[pool-162-thread-4] pick event Id=78, eMBMSSessionId=50 current size: 3942
[pool-162-thread-1] pick event Id=79, eMBMSSessionId=58 current size: 3941
[pool-162-thread-6] adds event Id=80, eMBMSSessionId=54 current size: 3941
pool-162-thread-9 reduces to 3940
[pool-162-thread-17] pick event Id=81, eMBMSSessionId=24 current size: 3939
[pool-162-thread-11] pick event Id=82, eMBMSSessionId=52 current size: 3938
[pool-162-thread-19] pick event Id=83, eMBMSSessionId=81 current size: 3937
[pool-162-thread-12] pick event Id=84, eMBMSSessionId=43 current size: 3936
[pool-162-thread-20] pick event Id=85, eMBMSSessionId=1 current size: 3935
[pool-162-thread-8] pick event Id=86, eMBMSSessionId=66 current size: 3934
[pool-162-thread-3] pick event Id=87, eMBMSSessionId=8 current size: 3933
pool-162-thread-16 reduces to 3932
[pool-162-thread-2] pick event Id=88, eMBMSSessionId=21 current size: 3931
[pool-162-thread-7] pick event Id=89, eMBMSSessionId=26 current size: 3930
[pool-162-thread-6] pick event Id=90, eMBMSSessionId=82 current size: 3929
[pool-162-thread-13] pick event Id=91, eMBMSSessionId=44 current size: 3928
[pool-162-thread-5] pick event Id=92, eMBMSSessionId=60 current size: 3927
[pool-162-thread-14] pick event Id=93, eMBMSSessionId=83 current size: 3926
[pool-162-thread-18] pick event Id=94, eMBMSSessionId=50 current size: 3925
[pool-162-thread-10] pick event Id=95, eMBMSSessionId=69 current size: 3924
[pool-162-thread-15] pick event Id=96, eMBMSSessionId=84 current size: 3923
[pool-162-thread-1] pick event Id=97, eMBMSSessionId=47 current size: 3922
[pool-162-thread-4] adds event Id=98, eMBMSSessionId=60 current size: 3922
pool-162-thread-5 reduces to 3921
[pool-162-thread-9] pick event Id=99, eMBMSSessionId=81 current size: 3920
[pool-162-thread-11] pick event Id=100, eMBMSSessionId=37 current size: 3919
[pool-162-thread-17] adds event Id=101, eMBMSSessionId=69 current size: 3919
[pool-162-thread-19] pick event Id=102, eMBMSSessionId=59 current size: 3918
[pool-162-thread-12] adds event Id=103, eMBMSSessionId=84 current size: 3918
[pool-162-thread-8] pick event Id=104, eMBMSSessionId=14 current size: 3917
[pool-162-thread-20] pick event Id=105, eMBMSSessionId=99 current size: 3916
[pool-162-thread-3] pick event Id=106, eMBMSSessionId=72 current size: 3915
pool-162-thread-10 reduces to 3914
pool-162-thread-15 reduces to 3913
[pool-162-thread-16] pick event Id=107, eMBMSSessionId=43 current size: 3912
[pool-162-thread-7] pick event Id=108, eMBMSSessionId=85 current size: 3911
[pool-162-thread-2] pick event Id=109, eMBMSSessionId=50 current size: 3910
[pool-162-thread-6] pick event Id=110, eMBMSSessionId=25 current size: 3909
[pool-162-thread-4] pick event Id=111, eMBMSSessionId=49 current size: 3908
[pool-162-thread-13] pick event Id=112, eMBMSSessionId=2 current size: 3907
[pool-162-thread-17] adds event Id=113, eMBMSSessionId=37 current size: 3907
pool-162-thread-11 reduces to 3906
[pool-162-thread-12] pick event Id=114, eMBMSSessionId=63 current size: 3905
[pool-162-thread-14] pick event Id=115, eMBMSSessionId=26 current size: 3904
[pool-162-thread-18] pick event Id=116, eMBMSSessionId=5 current size: 3903
[pool-162-thread-3] pick event Id=117, eMBMSSessionId=8 current size: 3902
[pool-162-thread-1] pick event Id=118, eMBMSSessionId=85 current size: 3901
[pool-162-thread-5] pick event Id=119, eMBMSSessionId=35 current size: 3900
[pool-162-thread-6] pick event Id=120, eMBMSSessionId=39 current size: 3899
[pool-162-thread-17] pick event Id=121, eMBMSSessionId=88 current size: 3898
[pool-162-thread-9] pick event Id=122, eMBMSSessionId=9 current size: 3897
[pool-162-thread-19] pick event Id=123, eMBMSSessionId=83 current size: 3896
[pool-162-thread-12] pick event Id=124, eMBMSSessionId=53 current size: 3895
[pool-162-thread-8] pick event Id=125, eMBMSSessionId=94 current size: 3894
[pool-162-thread-20] pick event Id=126, eMBMSSessionId=26 current size: 3893
[pool-162-thread-15] pick event Id=127, eMBMSSessionId=74 current size: 3892
[pool-162-thread-7] pick event Id=128, eMBMSSessionId=27 current size: 3891
[pool-162-thread-10] adds event Id=129, eMBMSSessionId=94 current size: 3891
[pool-162-thread-16] pick event Id=130, eMBMSSessionId=12 current size: 3890
[pool-162-thread-2] pick event Id=131, eMBMSSessionId=7 current size: 3889
[pool-162-thread-4] pick event Id=132, eMBMSSessionId=4 current size: 3888
[pool-162-thread-5] pick event Id=133, eMBMSSessionId=96 current size: 3887
[pool-162-thread-13] pick event Id=134, eMBMSSessionId=99 current size: 3886
[pool-162-thread-11] pick event Id=135, eMBMSSessionId=75 current size: 3885
[pool-162-thread-14] pick event Id=136, eMBMSSessionId=59 current size: 3884
pool-162-thread-8 reduces to 3883
[pool-162-thread-18] pick event Id=137, eMBMSSessionId=10 current size: 3882
[pool-162-thread-10] pick event Id=138, eMBMSSessionId=49 current size: 3881
[pool-162-thread-3] adds event Id=139, eMBMSSessionId=49 current size: 3881
[pool-162-thread-1] pick event Id=140, eMBMSSessionId=91 current size: 3880
[pool-162-thread-6] adds event Id=141, eMBMSSessionId=59 current size: 3880
[pool-162-thread-9] pick event Id=142, eMBMSSessionId=72 current size: 3879
[pool-162-thread-17] pick event Id=143, eMBMSSessionId=4 current size: 3878
[pool-162-thread-4] pick event Id=144, eMBMSSessionId=57 current size: 3877
[pool-162-thread-19] pick event Id=145, eMBMSSessionId=87 current size: 3876
[pool-162-thread-5] pick event Id=146, eMBMSSessionId=95 current size: 3875
[pool-162-thread-12] pick event Id=147, eMBMSSessionId=82 current size: 3874
pool-162-thread-14 reduces to 3873
[pool-162-thread-20] pick event Id=148, eMBMSSessionId=98 current size: 3872
[pool-162-thread-15] adds event Id=149, eMBMSSessionId=59 current size: 3872
[pool-162-thread-8] pick event Id=150, eMBMSSessionId=80 current size: 3871
[pool-162-thread-7] pick event Id=151, eMBMSSessionId=27 current size: 3870
[pool-162-thread-3] pick event Id=152, eMBMSSessionId=52 current size: 3869
pool-162-thread-10 reduces to 3868
[pool-162-thread-16] pick event Id=153, eMBMSSessionId=33 current size: 3867
[pool-162-thread-2] adds event Id=154, eMBMSSessionId=49 current size: 3867
[pool-162-thread-6] pick event Id=155, eMBMSSessionId=45 current size: 3866
[pool-162-thread-9] pick event Id=156, eMBMSSessionId=26 current size: 3865
[pool-162-thread-19] pick event Id=157, eMBMSSessionId=99 current size: 3864
[pool-162-thread-5] pick event Id=158, eMBMSSessionId=53 current size: 3863
[pool-162-thread-13] pick event Id=159, eMBMSSessionId=32 current size: 3862
[pool-162-thread-13] pick event Id=160, eMBMSSessionId=95 current size: 3861
[pool-162-thread-11] pick event Id=161, eMBMSSessionId=77 current size: 3860
pool-162-thread-14 reduces to 3859
[pool-162-thread-15] pick event Id=162, eMBMSSessionId=72 current size: 3858
[pool-162-thread-18] pick event Id=163, eMBMSSessionId=25 current size: 3857
[pool-162-thread-3] pick event Id=164, eMBMSSessionId=17 current size: 3856
[pool-162-thread-3] pick event Id=165, eMBMSSessionId=76 current size: 3855
[pool-162-thread-3] pick event Id=166, eMBMSSessionId=91 current size: 3854
[pool-162-thread-8] pick event Id=167, eMBMSSessionId=61 current size: 3853
pool-162-thread-10 reduces to 3852
[pool-162-thread-2] pick event Id=168, eMBMSSessionId=58 current size: 3851
[pool-162-thread-1] adds event Id=169, eMBMSSessionId=53 current size: 3851
[pool-162-thread-1] adds event Id=170, eMBMSSessionId=49 current size: 3851
[pool-162-thread-1] pick event Id=171, eMBMSSessionId=20 current size: 3850
[pool-162-thread-17] pick event Id=172, eMBMSSessionId=48 current size: 3849
[pool-162-thread-4] pick event Id=173, eMBMSSessionId=0 current size: 3848
[pool-162-thread-9] pick event Id=174, eMBMSSessionId=55 current size: 3847
pool-162-thread-5 reduces to 3846
[pool-162-thread-12] pick event Id=175, eMBMSSessionId=67 current size: 3845
[pool-162-thread-7] adds event Id=176, eMBMSSessionId=67 current size: 3845
[pool-162-thread-20] pick event Id=177, eMBMSSessionId=79 current size: 3844
[pool-162-thread-3] pick event Id=178, eMBMSSessionId=91 current size: 3843
pool-162-thread-10 reduces to 3842
[pool-162-thread-16] pick event Id=179, eMBMSSessionId=59 current size: 3841
[pool-162-thread-6] pick event Id=180, eMBMSSessionId=19 current size: 3840
[pool-162-thread-19] pick event Id=181, eMBMSSessionId=30 current size: 3839
[pool-162-thread-13] pick event Id=182, eMBMSSessionId=57 current size: 3838
[pool-162-thread-11] pick event Id=183, eMBMSSessionId=56 current size: 3837
pool-162-thread-12 reduces to 3836
[pool-162-thread-14] pick event Id=184, eMBMSSessionId=58 current size: 3835
[pool-162-thread-7] pick event Id=185, eMBMSSessionId=69 current size: 3834
[pool-162-thread-15] adds event Id=186, eMBMSSessionId=59 current size: 3834
[pool-162-thread-18] pick event Id=187, eMBMSSessionId=98 current size: 3833
[pool-162-thread-8] pick event Id=188, eMBMSSessionId=3 current size: 3832
[pool-162-thread-2] pick event Id=189, eMBMSSessionId=4 current size: 3831
[pool-162-thread-1] pick event Id=190, eMBMSSessionId=17 current size: 3830
[pool-162-thread-17] adds event Id=191, eMBMSSessionId=4 current size: 3830
pool-162-thread-16 reduces to 3829
[pool-162-thread-4] adds event Id=192, eMBMSSessionId=69 current size: 3829
[pool-162-thread-5] pick event Id=193, eMBMSSessionId=59 current size: 3828
[pool-162-thread-9] pick event Id=194, eMBMSSessionId=1 current size: 3827
[pool-162-thread-15] pick event Id=195, eMBMSSessionId=23 current size: 3826
[pool-162-thread-20] pick event Id=196, eMBMSSessionId=91 current size: 3825
pool-162-thread-7 reduces to 3824
pool-162-thread-2 reduces to 3823
[pool-162-thread-10] pick event Id=197, eMBMSSessionId=31 current size: 3822
[pool-162-thread-3] pick event Id=198, eMBMSSessionId=18 current size: 3821
[pool-162-thread-17] pick event Id=199, eMBMSSessionId=49 current size: 3820
[pool-162-thread-4] pick event Id=200, eMBMSSessionId=72 current size: 3819
[pool-162-thread-6] pick event Id=201, eMBMSSessionId=82 current size: 3818
[pool-162-thread-16] pick event Id=202, eMBMSSessionId=70 current size: 3817
[pool-162-thread-19] pick event Id=203, eMBMSSessionId=67 current size: 3816
[pool-162-thread-13] pick event Id=204, eMBMSSessionId=88 current size: 3815
[pool-162-thread-11] adds event Id=205, eMBMSSessionId=67 current size: 3815
[pool-162-thread-12] pick event Id=206, eMBMSSessionId=94 current size: 3814
[pool-162-thread-14] pick event Id=207, eMBMSSessionId=41 current size: 3813
[pool-162-thread-14] pick event Id=208, eMBMSSessionId=17 current size: 3812
[pool-162-thread-20] pick event Id=209, eMBMSSessionId=41 current size: 3811
[pool-162-thread-8] pick event Id=210, eMBMSSessionId=52 current size: 3810
[pool-162-thread-18] pick event Id=211, eMBMSSessionId=22 current size: 3809
[pool-162-thread-10] pick event Id=212, eMBMSSessionId=84 current size: 3808
[pool-162-thread-1] pick event Id=213, eMBMSSessionId=46 current size: 3807
[pool-162-thread-9] pick event Id=214, eMBMSSessionId=47 current size: 3806
pool-162-thread-19 reduces to 3805
[pool-162-thread-5] pick event Id=215, eMBMSSessionId=36 current size: 3804
[pool-162-thread-11] pick event Id=216, eMBMSSessionId=89 current size: 3803
[pool-162-thread-15] pick event Id=217, eMBMSSessionId=83 current size: 3802
[pool-162-thread-7] pick event Id=218, eMBMSSessionId=90 current size: 3801
[pool-162-thread-2] pick event Id=219, eMBMSSessionId=70 current size: 3800
[pool-162-thread-14] pick event Id=220, eMBMSSessionId=62 current size: 3799
[pool-162-thread-8] pick event Id=221, eMBMSSessionId=99 current size: 3798
[pool-162-thread-3] pick event Id=222, eMBMSSessionId=24 current size: 3797
[pool-162-thread-10] pick event Id=223, eMBMSSessionId=69 current size: 3796
[pool-162-thread-3] pick event Id=224, eMBMSSessionId=28 current size: 3795
[pool-162-thread-17] pick event Id=225, eMBMSSessionId=33 current size: 3794
[pool-162-thread-4] pick event Id=226, eMBMSSessionId=18 current size: 3793
[pool-162-thread-6] adds event Id=227, eMBMSSessionId=36 current size: 3793
[pool-162-thread-16] pick event Id=228, eMBMSSessionId=48 current size: 3792
pool-162-thread-5 reduces to 3791
[pool-162-thread-19] pick event Id=229, eMBMSSessionId=12 current size: 3790
[pool-162-thread-13] pick event Id=230, eMBMSSessionId=96 current size: 3789
[pool-162-thread-12] adds event Id=231, eMBMSSessionId=96 current size: 3789
[pool-162-thread-20] adds event Id=232, eMBMSSessionId=36 current size: 3789
[pool-162-thread-18] pick event Id=233, eMBMSSessionId=67 current size: 3788
[pool-162-thread-1] pick event Id=234, eMBMSSessionId=93 current size: 3787
[pool-162-thread-6] pick event Id=235, eMBMSSessionId=76 current size: 3786
[pool-162-thread-9] pick event Id=236, eMBMSSessionId=10 current size: 3785
[pool-162-thread-4] pick event Id=237, eMBMSSessionId=38 current size: 3784
[pool-162-thread-11] pick event Id=238, eMBMSSessionId=37 current size: 3783
pool-162-thread-5 reduces to 3782
[pool-162-thread-12] pick event Id=239, eMBMSSessionId=58 current size: 3781
pool-162-thread-13 reduces to 3780
[pool-162-thread-19] pick event Id=240, eMBMSSessionId=26 current size: 3779
[pool-162-thread-20] pick event Id=241, eMBMSSessionId=12 current size: 3778
[pool-162-thread-2] pick event Id=242, eMBMSSessionId=69 current size: 3777
[pool-162-thread-15] pick event Id=243, eMBMSSessionId=35 current size: 3776
[pool-162-thread-14] pick event Id=244, eMBMSSessionId=1 current size: 3775
[pool-162-thread-3] pick event Id=245, eMBMSSessionId=70 current size: 3774
[pool-162-thread-7] pick event Id=246, eMBMSSessionId=81 current size: 3773
[pool-162-thread-8] pick event Id=247, eMBMSSessionId=46 current size: 3772
[pool-162-thread-10] pick event Id=248, eMBMSSessionId=83 current size: 3771
[pool-162-thread-17] pick event Id=249, eMBMSSessionId=32 current size: 3770
[pool-162-thread-6] pick event Id=250, eMBMSSessionId=3 current size: 3769
[pool-162-thread-6] pick event Id=251, eMBMSSessionId=73 current size: 3768
[pool-162-thread-16] pick event Id=252, eMBMSSessionId=13 current size: 3767
[pool-162-thread-9] pick event Id=253, eMBMSSessionId=23 current size: 3766
[pool-162-thread-4] pick event Id=254, eMBMSSessionId=61 current size: 3765
[pool-162-thread-4] adds event Id=255, eMBMSSessionId=83 current size: 3765
[pool-162-thread-4] pick event Id=256, eMBMSSessionId=76 current size: 3764
[pool-162-thread-4] pick event Id=257, eMBMSSessionId=43 current size: 3763
[pool-162-thread-4] pick event Id=258, eMBMSSessionId=33 current size: 3762
[pool-162-thread-4] pick event Id=259, eMBMSSessionId=94 current size: 3761
[pool-162-thread-4] pick event Id=260, eMBMSSessionId=62 current size: 3760
[pool-162-thread-4] pick event Id=261, eMBMSSessionId=60 current size: 3759
[pool-162-thread-4] pick event Id=262, eMBMSSessionId=68 current size: 3758
[pool-162-thread-4] pick event Id=263, eMBMSSessionId=41 current size: 3757
[pool-162-thread-4] pick event Id=264, eMBMSSessionId=98 current size: 3756
[pool-162-thread-4] pick event Id=265, eMBMSSessionId=52 current size: 3755
[pool-162-thread-11] pick event Id=266, eMBMSSessionId=20 current size: 3754
[pool-162-thread-20] pick event Id=267, eMBMSSessionId=66 current size: 3753
[pool-162-thread-20] pick event Id=268, eMBMSSessionId=40 current size: 3752
[pool-162-thread-20] pick event Id=269, eMBMSSessionId=68 current size: 3751
[pool-162-thread-20] pick event Id=270, eMBMSSessionId=88 current size: 3750
[pool-162-thread-3] adds event Id=271, eMBMSSessionId=23 current size: 3750
[pool-162-thread-3] pick event Id=272, eMBMSSessionId=79 current size: 3749
[pool-162-thread-2] pick event Id=273, eMBMSSessionId=53 current size: 3748
[pool-162-thread-15] pick event Id=274, eMBMSSessionId=94 current size: 3747
[pool-162-thread-7] adds event Id=275, eMBMSSessionId=94 current size: 3747
[pool-162-thread-7] pick event Id=276, eMBMSSessionId=58 current size: 3746
[pool-162-thread-7] pick event Id=277, eMBMSSessionId=93 current size: 3745
[pool-162-thread-7] pick event Id=278, eMBMSSessionId=69 current size: 3744
[pool-162-thread-7] pick event Id=279, eMBMSSessionId=47 current size: 3743
[pool-162-thread-7] adds event Id=280, eMBMSSessionId=94 current size: 3743
[pool-162-thread-7] pick event Id=281, eMBMSSessionId=67 current size: 3742
[pool-162-thread-7] adds event Id=282, eMBMSSessionId=13 current size: 3742
[pool-162-thread-14] pick event Id=283, eMBMSSessionId=90 current size: 3741
pool-162-thread-10 reduces to 3740
[pool-162-thread-8] pick event Id=284, eMBMSSessionId=62 current size: 3739
[pool-162-thread-18] pick event Id=285, eMBMSSessionId=40 current size: 3738
pool-162-thread-16 reduces to 3737
[pool-162-thread-1] pick event Id=286, eMBMSSessionId=75 current size: 3736
pool-162-thread-9 reduces to 3735
[pool-162-thread-5] pick event Id=287, eMBMSSessionId=95 current size: 3734
[pool-162-thread-12] pick event Id=288, eMBMSSessionId=30 current size: 3733
[pool-162-thread-19] pick event Id=289, eMBMSSessionId=0 current size: 3732
[pool-162-thread-13] adds event Id=290, eMBMSSessionId=30 current size: 3732
[pool-162-thread-13] pick event Id=291, eMBMSSessionId=35 current size: 3731
[pool-162-thread-7] pick event Id=292, eMBMSSessionId=54 current size: 3730
[pool-162-thread-2] pick event Id=293, eMBMSSessionId=5 current size: 3729
pool-162-thread-15 reduces to 3728
[pool-162-thread-20] pick event Id=294, eMBMSSessionId=24 current size: 3727
[pool-162-thread-20] pick event Id=295, eMBMSSessionId=60 current size: 3726
[pool-162-thread-20] pick event Id=296, eMBMSSessionId=43 current size: 3725
[pool-162-thread-8] pick event Id=297, eMBMSSessionId=39 current size: 3724
[pool-162-thread-8] pick event Id=298, eMBMSSessionId=31 current size: 3723
[pool-162-thread-18] pick event Id=299, eMBMSSessionId=36 current size: 3722
[pool-162-thread-18] pick event Id=300, eMBMSSessionId=36 current size: 3721
[pool-162-thread-18] pick event Id=301, eMBMSSessionId=45 current size: 3720
[pool-162-thread-18] pick event Id=302, eMBMSSessionId=83 current size: 3719
[pool-162-thread-17] pick event Id=303, eMBMSSessionId=3 current size: 3718
[pool-162-thread-6] pick event Id=304, eMBMSSessionId=34 current size: 3717
[pool-162-thread-4] pick event Id=305, eMBMSSessionId=72 current size: 3716
[pool-162-thread-11] pick event Id=306, eMBMSSessionId=29 current size: 3715
pool-162-thread-12 reduces to 3714
[pool-162-thread-3] adds event Id=307, eMBMSSessionId=43 current size: 3714
[pool-162-thread-2] pick event Id=308, eMBMSSessionId=14 current size: 3713
pool-162-thread-15 reduces to 3712
[pool-162-thread-10] pick event Id=309, eMBMSSessionId=57 current size: 3711
[pool-162-thread-8] pick event Id=310, eMBMSSessionId=82 current size: 3710
[pool-162-thread-14] pick event Id=311, eMBMSSessionId=1 current size: 3709
pool-162-thread-20 reduces to 3708
[pool-162-thread-6] pick event Id=312, eMBMSSessionId=37 current size: 3707
[pool-162-thread-16] pick event Id=313, eMBMSSessionId=66 current size: 3706
[pool-162-thread-1] pick event Id=314, eMBMSSessionId=85 current size: 3705
[pool-162-thread-9] pick event Id=315, eMBMSSessionId=67 current size: 3704
[pool-162-thread-5] pick event Id=316, eMBMSSessionId=22 current size: 3703
[pool-162-thread-3] adds event Id=317, eMBMSSessionId=94 current size: 3703
[pool-162-thread-19] pick event Id=318, eMBMSSessionId=32 current size: 3702
[pool-162-thread-13] pick event Id=319, eMBMSSessionId=12 current size: 3701
[pool-162-thread-7] pick event Id=320, eMBMSSessionId=25 current size: 3700
pool-162-thread-15 reduces to 3699
[pool-162-thread-10] pick event Id=321, eMBMSSessionId=17 current size: 3698
[pool-162-thread-10] pick event Id=322, eMBMSSessionId=2 current size: 3697
[pool-162-thread-10] pick event Id=323, eMBMSSessionId=97 current size: 3696
[pool-162-thread-10] pick event Id=324, eMBMSSessionId=40 current size: 3695
[pool-162-thread-10] pick event Id=325, eMBMSSessionId=77 current size: 3694
[pool-162-thread-17] adds event Id=326, eMBMSSessionId=67 current size: 3694
[pool-162-thread-18] pick event Id=327, eMBMSSessionId=78 current size: 3693
[pool-162-thread-4] pick event Id=328, eMBMSSessionId=29 current size: 3692
pool-162-thread-9 reduces to 3691
[pool-162-thread-11] pick event Id=329, eMBMSSessionId=98 current size: 3690
[pool-162-thread-12] pick event Id=330, eMBMSSessionId=9 current size: 3689
[pool-162-thread-16] pick event Id=331, eMBMSSessionId=36 current size: 3688
[pool-162-thread-3] pick event Id=332, eMBMSSessionId=22 current size: 3687
[pool-162-thread-2] pick event Id=333, eMBMSSessionId=45 current size: 3686
[pool-162-thread-7] pick event Id=334, eMBMSSessionId=82 current size: 3685
[pool-162-thread-14] adds event Id=335, eMBMSSessionId=22 current size: 3685
[pool-162-thread-8] adds event Id=336, eMBMSSessionId=29 current size: 3685
[pool-162-thread-17] pick event Id=337, eMBMSSessionId=28 current size: 3684
[pool-162-thread-20] pick event Id=338, eMBMSSessionId=51 current size: 3683
[pool-162-thread-6] adds event Id=339, eMBMSSessionId=82 current size: 3683
pool-162-thread-4 reduces to 3682
[pool-162-thread-1] pick event Id=340, eMBMSSessionId=74 current size: 3681
[pool-162-thread-5] pick event Id=341, eMBMSSessionId=6 current size: 3680
[pool-162-thread-19] pick event Id=342, eMBMSSessionId=56 current size: 3679
[pool-162-thread-13] pick event Id=343, eMBMSSessionId=48 current size: 3678
pool-162-thread-3 reduces to 3677
[pool-162-thread-15] pick event Id=344, eMBMSSessionId=76 current size: 3676
[pool-162-thread-14] pick event Id=345, eMBMSSessionId=58 current size: 3675
[pool-162-thread-2] pick event Id=346, eMBMSSessionId=87 current size: 3674
[pool-162-thread-8] adds event Id=347, eMBMSSessionId=22 current size: 3674
pool-162-thread-7 reduces to 3673
[pool-162-thread-10] pick event Id=348, eMBMSSessionId=12 current size: 3672
[pool-162-thread-18] pick event Id=349, eMBMSSessionId=97 current size: 3671
[pool-162-thread-6] pick event Id=350, eMBMSSessionId=59 current size: 3670
[pool-162-thread-17] pick event Id=351, eMBMSSessionId=63 current size: 3669
[pool-162-thread-9] pick event Id=352, eMBMSSessionId=49 current size: 3668
[pool-162-thread-11] pick event Id=353, eMBMSSessionId=86 current size: 3667
[pool-162-thread-12] pick event Id=354, eMBMSSessionId=1 current size: 3666
[pool-162-thread-5] pick event Id=355, eMBMSSessionId=10 current size: 3665
[pool-162-thread-16] pick event Id=356, eMBMSSessionId=23 current size: 3664
[pool-162-thread-12] pick event Id=357, eMBMSSessionId=42 current size: 3663
[pool-162-thread-12] pick event Id=358, eMBMSSessionId=77 current size: 3662
pool-162-thread-3 reduces to 3661
[pool-162-thread-8] pick event Id=359, eMBMSSessionId=70 current size: 3660
[pool-162-thread-20] pick event Id=360, eMBMSSessionId=79 current size: 3659
[pool-162-thread-18] pick event Id=361, eMBMSSessionId=90 current size: 3658
[pool-162-thread-10] pick event Id=362, eMBMSSessionId=51 current size: 3657
[pool-162-thread-4] pick event Id=363, eMBMSSessionId=8 current size: 3656
[pool-162-thread-1] pick event Id=364, eMBMSSessionId=60 current size: 3655
[pool-162-thread-19] pick event Id=365, eMBMSSessionId=33 current size: 3654
[pool-162-thread-13] pick event Id=366, eMBMSSessionId=85 current size: 3653
[pool-162-thread-14] pick event Id=367, eMBMSSessionId=29 current size: 3652
[pool-162-thread-2] pick event Id=368, eMBMSSessionId=68 current size: 3651
[pool-162-thread-15] pick event Id=369, eMBMSSessionId=34 current size: 3650
[pool-162-thread-7] pick event Id=370, eMBMSSessionId=75 current size: 3649
[pool-162-thread-8] adds event Id=371, eMBMSSessionId=79 current size: 3649
pool-162-thread-20 reduces to 3648
[pool-162-thread-6] pick event Id=372, eMBMSSessionId=54 current size: 3647
[pool-162-thread-9] pick event Id=373, eMBMSSessionId=10 current size: 3646
[pool-162-thread-17] pick event Id=374, eMBMSSessionId=35 current size: 3645
[pool-162-thread-11] pick event Id=375, eMBMSSessionId=7 current size: 3644
[pool-162-thread-4] pick event Id=376, eMBMSSessionId=64 current size: 3643
[pool-162-thread-16] pick event Id=377, eMBMSSessionId=14 current size: 3642
[pool-162-thread-5] adds event Id=378, eMBMSSessionId=14 current size: 3642
[pool-162-thread-19] pick event Id=379, eMBMSSessionId=16 current size: 3641
[pool-162-thread-12] pick event Id=380, eMBMSSessionId=55 current size: 3640
[pool-162-thread-3] pick event Id=381, eMBMSSessionId=78 current size: 3639
[pool-162-thread-8] pick event Id=382, eMBMSSessionId=31 current size: 3638
[pool-162-thread-15] adds event Id=383, eMBMSSessionId=35 current size: 3638
[pool-162-thread-10] pick event Id=384, eMBMSSessionId=98 current size: 3637
[pool-162-thread-18] pick event Id=385, eMBMSSessionId=22 current size: 3636
[pool-162-thread-6] pick event Id=386, eMBMSSessionId=70 current size: 3635
pool-162-thread-17 reduces to 3634
[pool-162-thread-9] pick event Id=387, eMBMSSessionId=83 current size: 3633
[pool-162-thread-1] pick event Id=388, eMBMSSessionId=48 current size: 3632
[pool-162-thread-5] pick event Id=389, eMBMSSessionId=6 current size: 3631
pool-162-thread-16 reduces to 3630
[pool-162-thread-4] pick event Id=390, eMBMSSessionId=26 current size: 3629
[pool-162-thread-14] pick event Id=391, eMBMSSessionId=68 current size: 3628
[pool-162-thread-13] pick event Id=392, eMBMSSessionId=66 current size: 3627
[pool-162-thread-2] pick event Id=393, eMBMSSessionId=94 current size: 3626
[pool-162-thread-15] pick event Id=394, eMBMSSessionId=96 current size: 3625
[pool-162-thread-7] pick event Id=395, eMBMSSessionId=53 current size: 3624
[pool-162-thread-20] pick event Id=396, eMBMSSessionId=32 current size: 3623
[pool-162-thread-11] pick event Id=397, eMBMSSessionId=31 current size: 3622
[pool-162-thread-17] pick event Id=398, eMBMSSessionId=81 current size: 3621
[pool-162-thread-19] pick event Id=399, eMBMSSessionId=63 current size: 3620
[pool-162-thread-12] pick event Id=400, eMBMSSessionId=25 current size: 3619
[pool-162-thread-3] pick event Id=401, eMBMSSessionId=49 current size: 3618
[pool-162-thread-8] pick event Id=402, eMBMSSessionId=26 current size: 3617
[pool-162-thread-10] adds event Id=403, eMBMSSessionId=49 current size: 3617
[pool-162-thread-18] pick event Id=404, eMBMSSessionId=22 current size: 3616
[pool-162-thread-6] pick event Id=405, eMBMSSessionId=6 current size: 3615
[pool-162-thread-9] pick event Id=406, eMBMSSessionId=86 current size: 3614
[pool-162-thread-5] pick event Id=407, eMBMSSessionId=46 current size: 3613
[pool-162-thread-1] pick event Id=408, eMBMSSessionId=8 current size: 3612
[pool-162-thread-13] pick event Id=409, eMBMSSessionId=60 current size: 3611
[pool-162-thread-16] pick event Id=410, eMBMSSessionId=18 current size: 3610
[pool-162-thread-14] pick event Id=411, eMBMSSessionId=54 current size: 3609
[pool-162-thread-4] pick event Id=412, eMBMSSessionId=74 current size: 3608
[pool-162-thread-2] pick event Id=413, eMBMSSessionId=95 current size: 3607
[pool-162-thread-7] adds event Id=414, eMBMSSessionId=6 current size: 3607
[pool-162-thread-15] pick event Id=415, eMBMSSessionId=37 current size: 3606
pool-162-thread-3 reduces to 3605
[pool-162-thread-10] pick event Id=416, eMBMSSessionId=1 current size: 3604
[pool-162-thread-20] pick event Id=417, eMBMSSessionId=58 current size: 3603
[pool-162-thread-8] pick event Id=418, eMBMSSessionId=25 current size: 3602
[pool-162-thread-18] pick event Id=419, eMBMSSessionId=40 current size: 3601
[pool-162-thread-11] pick event Id=420, eMBMSSessionId=43 current size: 3600
[pool-162-thread-17] pick event Id=421, eMBMSSessionId=48 current size: 3599
pool-162-thread-6 reduces to 3598
[pool-162-thread-19] pick event Id=422, eMBMSSessionId=73 current size: 3597
[pool-162-thread-7] adds event Id=423, eMBMSSessionId=73 current size: 3597
[pool-162-thread-12] pick event Id=424, eMBMSSessionId=23 current size: 3596
[pool-162-thread-9] pick event Id=425, eMBMSSessionId=7 current size: 3595
[pool-162-thread-20] pick event Id=426, eMBMSSessionId=69 current size: 3594
[pool-162-thread-5] pick event Id=427, eMBMSSessionId=40 current size: 3593
[pool-162-thread-1] pick event Id=428, eMBMSSessionId=44 current size: 3592
[pool-162-thread-13] pick event Id=429, eMBMSSessionId=25 current size: 3591
[pool-162-thread-16] pick event Id=430, eMBMSSessionId=24 current size: 3590
[pool-162-thread-14] pick event Id=431, eMBMSSessionId=21 current size: 3589
[pool-162-thread-4] pick event Id=432, eMBMSSessionId=70 current size: 3588
[pool-162-thread-7] adds event Id=433, eMBMSSessionId=23 current size: 3588
pool-162-thread-19 reduces to 3587
[pool-162-thread-2] pick event Id=434, eMBMSSessionId=67 current size: 3586
pool-162-thread-12 reduces to 3585
[pool-162-thread-10] pick event Id=435, eMBMSSessionId=38 current size: 3584
[pool-162-thread-15] pick event Id=436, eMBMSSessionId=41 current size: 3583
[pool-162-thread-3] pick event Id=437, eMBMSSessionId=35 current size: 3582
[pool-162-thread-8] adds event Id=438, eMBMSSessionId=23 current size: 3582
[pool-162-thread-18] pick event Id=439, eMBMSSessionId=46 current size: 3581
[pool-162-thread-11] pick event Id=440, eMBMSSessionId=32 current size: 3580
[pool-162-thread-17] adds event Id=441, eMBMSSessionId=21 current size: 3580
[pool-162-thread-1] pick event Id=442, eMBMSSessionId=49 current size: 3579
[pool-162-thread-6] pick event Id=443, eMBMSSessionId=14 current size: 3578
pool-162-thread-14 reduces to 3577
[pool-162-thread-7] pick event Id=444, eMBMSSessionId=74 current size: 3576
pool-162-thread-12 reduces to 3575
[pool-162-thread-8] pick event Id=445, eMBMSSessionId=66 current size: 3574
[pool-162-thread-9] pick event Id=446, eMBMSSessionId=27 current size: 3573
[pool-162-thread-20] pick event Id=447, eMBMSSessionId=99 current size: 3572
[pool-162-thread-17] adds event Id=448, eMBMSSessionId=21 current size: 3572
[pool-162-thread-13] pick event Id=449, eMBMSSessionId=34 current size: 3571
[pool-162-thread-5] pick event Id=450, eMBMSSessionId=19 current size: 3570
[pool-162-thread-16] pick event Id=451, eMBMSSessionId=93 current size: 3569
[pool-162-thread-4] pick event Id=452, eMBMSSessionId=12 current size: 3568
pool-162-thread-14 reduces to 3567
[pool-162-thread-19] pick event Id=453, eMBMSSessionId=13 current size: 3566
[pool-162-thread-2] pick event Id=454, eMBMSSessionId=80 current size: 3565
[pool-162-thread-3] pick event Id=455, eMBMSSessionId=29 current size: 3564
[pool-162-thread-15] pick event Id=456, eMBMSSessionId=23 current size: 3563
[pool-162-thread-10] pick event Id=457, eMBMSSessionId=44 current size: 3562
[pool-162-thread-18] pick event Id=458, eMBMSSessionId=69 current size: 3561
[pool-162-thread-17] pick event Id=459, eMBMSSessionId=63 current size: 3560
[pool-162-thread-11] pick event Id=460, eMBMSSessionId=98 current size: 3559
[pool-162-thread-1] pick event Id=461, eMBMSSessionId=78 current size: 3558
[pool-162-thread-6] pick event Id=462, eMBMSSessionId=31 current size: 3557
[pool-162-thread-7] pick event Id=463, eMBMSSessionId=46 current size: 3556
[pool-162-thread-12] pick event Id=464, eMBMSSessionId=86 current size: 3555
[pool-162-thread-14] pick event Id=465, eMBMSSessionId=74 current size: 3554
[pool-162-thread-8] pick event Id=466, eMBMSSessionId=36 current size: 3553
[pool-162-thread-9] pick event Id=467, eMBMSSessionId=8 current size: 3552
[pool-162-thread-20] pick event Id=468, eMBMSSessionId=49 current size: 3551
[pool-162-thread-16] pick event Id=469, eMBMSSessionId=40 current size: 3550
[pool-162-thread-11] pick event Id=470, eMBMSSessionId=69 current size: 3549
[pool-162-thread-13] pick event Id=471, eMBMSSessionId=2 current size: 3548
[pool-162-thread-5] pick event Id=472, eMBMSSessionId=81 current size: 3547
[pool-162-thread-19] pick event Id=473, eMBMSSessionId=32 current size: 3546
[pool-162-thread-4] adds event Id=474, eMBMSSessionId=8 current size: 3546
[pool-162-thread-2] pick event Id=475, eMBMSSessionId=33 current size: 3545
[pool-162-thread-3] pick event Id=476, eMBMSSessionId=67 current size: 3544
[pool-162-thread-15] pick event Id=477, eMBMSSessionId=62 current size: 3543
[pool-162-thread-10] pick event Id=478, eMBMSSessionId=34 current size: 3542
[pool-162-thread-12] pick event Id=479, eMBMSSessionId=96 current size: 3541
pool-162-thread-9 reduces to 3540
[pool-162-thread-18] pick event Id=480, eMBMSSessionId=22 current size: 3539
[pool-162-thread-17] pick event Id=481, eMBMSSessionId=73 current size: 3538
[pool-162-thread-6] pick event Id=482, eMBMSSessionId=20 current size: 3537
[pool-162-thread-1] pick event Id=483, eMBMSSessionId=10 current size: 3536
[pool-162-thread-4] pick event Id=484, eMBMSSessionId=91 current size: 3535
[pool-162-thread-7] pick event Id=485, eMBMSSessionId=35 current size: 3534
[pool-162-thread-14] pick event Id=486, eMBMSSessionId=42 current size: 3533
[pool-162-thread-15] pick event Id=487, eMBMSSessionId=15 current size: 3532
[pool-162-thread-8] pick event Id=488, eMBMSSessionId=93 current size: 3531
[pool-162-thread-20] pick event Id=489, eMBMSSessionId=11 current size: 3530
[pool-162-thread-11] pick event Id=490, eMBMSSessionId=5 current size: 3529
[pool-162-thread-16] pick event Id=491, eMBMSSessionId=55 current size: 3528
[pool-162-thread-13] pick event Id=492, eMBMSSessionId=82 current size: 3527
[pool-162-thread-1] pick event Id=493, eMBMSSessionId=98 current size: 3526
[pool-162-thread-5] pick event Id=494, eMBMSSessionId=59 current size: 3525
[pool-162-thread-19] pick event Id=495, eMBMSSessionId=31 current size: 3524
[pool-162-thread-3] pick event Id=496, eMBMSSessionId=1 current size: 3523
[pool-162-thread-2] pick event Id=497, eMBMSSessionId=10 current size: 3522
[pool-162-thread-12] pick event Id=498, eMBMSSessionId=69 current size: 3521
[pool-162-thread-10] pick event Id=499, eMBMSSessionId=37 current size: 3520
[pool-162-thread-18] pick event Id=500, eMBMSSessionId=8 current size: 3519
[pool-162-thread-9] pick event Id=501, eMBMSSessionId=29 current size: 3518
[pool-162-thread-17] adds event Id=502, eMBMSSessionId=8 current size: 3518
[pool-162-thread-8] pick event Id=503, eMBMSSessionId=30 current size: 3517
[pool-162-thread-6] pick event Id=504, eMBMSSessionId=18 current size: 3516
[pool-162-thread-4] adds event Id=505, eMBMSSessionId=82 current size: 3516
pool-162-thread-13 reduces to 3515
[pool-162-thread-7] pick event Id=506, eMBMSSessionId=13 current size: 3514
[pool-162-thread-14] pick event Id=507, eMBMSSessionId=63 current size: 3513
[pool-162-thread-15] pick event Id=508, eMBMSSessionId=0 current size: 3512
[pool-162-thread-20] adds event Id=509, eMBMSSessionId=63 current size: 3512
[pool-162-thread-17] pick event Id=510, eMBMSSessionId=55 current size: 3511
pool-162-thread-18 reduces to 3510
[pool-162-thread-11] pick event Id=511, eMBMSSessionId=45 current size: 3509
[pool-162-thread-16] pick event Id=512, eMBMSSessionId=17 current size: 3508
[pool-162-thread-4] pick event Id=513, eMBMSSessionId=76 current size: 3507
[pool-162-thread-1] pick event Id=514, eMBMSSessionId=87 current size: 3506
[pool-162-thread-5] adds event Id=515, eMBMSSessionId=87 current size: 3506
[pool-162-thread-2] adds event Id=516, eMBMSSessionId=87 current size: 3506
[pool-162-thread-3] pick event Id=517, eMBMSSessionId=79 current size: 3505
[pool-162-thread-19] pick event Id=518, eMBMSSessionId=95 current size: 3504
pool-162-thread-14 reduces to 3503
[pool-162-thread-20] pick event Id=519, eMBMSSessionId=27 current size: 3502
[pool-162-thread-12] pick event Id=520, eMBMSSessionId=70 current size: 3501
testOverload end.
testFull begin.
[pool-163-thread-1] pick event Id=0, eMBMSSessionId=90 current size: 4998
[pool-163-thread-3] pick event Id=1, eMBMSSessionId=15 current size: 4997
[pool-163-thread-2] pick event Id=2, eMBMSSessionId=65 current size: 4996
[pool-163-thread-4] pick event Id=3, eMBMSSessionId=6 current size: 4995
[pool-163-thread-5] adds event Id=4, eMBMSSessionId=65 current size: 4995
[pool-163-thread-6] pick event Id=5, eMBMSSessionId=36 current size: 4994
[pool-163-thread-7] pick event Id=6, eMBMSSessionId=45 current size: 4993
[pool-163-thread-8] pick event Id=7, eMBMSSessionId=74 current size: 4992
[pool-163-thread-9] pick event Id=8, eMBMSSessionId=16 current size: 4991
[pool-163-thread-10] adds event Id=9, eMBMSSessionId=74 current size: 4991
[pool-163-thread-11] pick event Id=10, eMBMSSessionId=62 current size: 4990
[pool-163-thread-12] pick event Id=11, eMBMSSessionId=25 current size: 4989
[pool-163-thread-13] pick event Id=12, eMBMSSessionId=18 current size: 4988
[pool-163-thread-14] pick event Id=13, eMBMSSessionId=30 current size: 4987
[pool-163-thread-15] pick event Id=14, eMBMSSessionId=34 current size: 4986
[pool-163-thread-16] adds event Id=15, eMBMSSessionId=15 current size: 4986
[pool-163-thread-19] pick event Id=16, eMBMSSessionId=64 current size: 4985
[pool-163-thread-18] pick event Id=17, eMBMSSessionId=81 current size: 4984
[pool-163-thread-17] pick event Id=18, eMBMSSessionId=40 current size: 4983
[pool-163-thread-5] pick event Id=19, eMBMSSessionId=89 current size: 4982
[pool-163-thread-20] pick event Id=20, eMBMSSessionId=93 current size: 4981
[pool-163-thread-10] adds event Id=21, eMBMSSessionId=6 current size: 4981
[pool-163-thread-16] pick event Id=22, eMBMSSessionId=84 current size: 4980
[pool-163-thread-10] pick event Id=23, eMBMSSessionId=82 current size: 4979
event queue is full, will clear all data!
NbiEventCache is cleared with total events removed: 5029
testFull end.
18 times run start
testEventSequence begin.
testEventSequence end.
testSendRadomEmbmsSessionEvents begin.
testSendRadomEmbmsSessionEvents end.
testSendSameEmbmsSessionEvents begin.
testSendSameEmbmsSessionEvents end.
testSendNoSameEmbmsSessionEvents begin.
testSendNoSameEmbmsSessionEvents end.
testSendNoEmbmsSessionIdEvents begin.
testSendNoEmbmsSessionIdEvents end.
testOverload begin.
[pool-171-thread-1] pick event Id=0, eMBMSSessionId=45 current size: 4019
[pool-171-thread-2] pick event Id=1, eMBMSSessionId=84 current size: 4018
[pool-171-thread-3] pick event Id=2, eMBMSSessionId=14 current size: 4017
pool-171-thread-2 Discard NBI event &apos; Id=1, eMBMSSessionId=84&apos;, current queue size: 4017
pool-171-thread-3 Discard NBI event &apos; Id=2, eMBMSSessionId=14&apos;, current queue size: 4017
[pool-171-thread-5] pick event Id=3, eMBMSSessionId=20 current size: 4016
[pool-171-thread-4] pick event Id=4, eMBMSSessionId=92 current size: 4015
pool-171-thread-1 Discard NBI event &apos; Id=0, eMBMSSessionId=45&apos;, current queue size: 4016
[pool-171-thread-6] pick event Id=5, eMBMSSessionId=81 current size: 4014
[pool-171-thread-7] pick event Id=6, eMBMSSessionId=27 current size: 4013
pool-171-thread-5 Discard NBI event &apos; Id=3, eMBMSSessionId=20&apos;, current queue size: 4013
pool-171-thread-4 Discard NBI event &apos; Id=4, eMBMSSessionId=92&apos;, current queue size: 4013
pool-171-thread-6 Discard NBI event &apos; Id=5, eMBMSSessionId=81&apos;, current queue size: 4013
pool-171-thread-7 Discard NBI event &apos; Id=6, eMBMSSessionId=27&apos;, current queue size: 4013
[pool-171-thread-8] pick event Id=7, eMBMSSessionId=39 current size: 4012
pool-171-thread-8 Discard NBI event &apos; Id=7, eMBMSSessionId=39&apos;, current queue size: 4012
[pool-171-thread-9] pick event Id=8, eMBMSSessionId=66 current size: 4011
[pool-171-thread-10] pick event Id=9, eMBMSSessionId=34 current size: 4010
pool-171-thread-9 Discard NBI event &apos; Id=8, eMBMSSessionId=66&apos;, current queue size: 4010
pool-171-thread-10 Discard NBI event &apos; Id=9, eMBMSSessionId=34&apos;, current queue size: 4010
[pool-171-thread-11] pick event Id=10, eMBMSSessionId=27 current size: 4009
[pool-171-thread-12] pick event Id=11, eMBMSSessionId=76 current size: 4008
pool-171-thread-11 Discard NBI event &apos; Id=10, eMBMSSessionId=27&apos;, current queue size: 4008
[pool-171-thread-13] pick event Id=12, eMBMSSessionId=1 current size: 4007
pool-171-thread-12 Discard NBI event &apos; Id=11, eMBMSSessionId=76&apos;, current queue size: 4007
[pool-171-thread-14] pick event Id=13, eMBMSSessionId=50 current size: 4006
[pool-171-thread-15] pick event Id=14, eMBMSSessionId=36 current size: 4005
[pool-171-thread-16] pick event Id=15, eMBMSSessionId=69 current size: 4004
pool-171-thread-14 Discard NBI event &apos; Id=13, eMBMSSessionId=50&apos;, current queue size: 4005
pool-171-thread-13 Discard NBI event &apos; Id=12, eMBMSSessionId=1&apos;, current queue size: 4005
[pool-171-thread-20] pick event Id=16, eMBMSSessionId=65 current size: 4003
pool-171-thread-15 Discard NBI event &apos; Id=14, eMBMSSessionId=36&apos;, current queue size: 4004
[pool-171-thread-1] pick event Id=17, eMBMSSessionId=10 current size: 4002
pool-171-thread-16 Discard NBI event &apos; Id=15, eMBMSSessionId=69&apos;, current queue size: 4002
pool-171-thread-20 Discard NBI event &apos; Id=16, eMBMSSessionId=65&apos;, current queue size: 4002
[pool-171-thread-19] pick event Id=18, eMBMSSessionId=98 current size: 4001
pool-171-thread-1 Discard NBI event &apos; Id=17, eMBMSSessionId=10&apos;, current queue size: 4001
[pool-171-thread-18] pick event Id=19, eMBMSSessionId=70 current size: 4000
[pool-171-thread-17] pick event Id=20, eMBMSSessionId=24 current size: 3999
pool-171-thread-19 Discard NBI event &apos; Id=18, eMBMSSessionId=98&apos;, current queue size: 3999
pool-171-thread-18 Discard NBI event &apos; Id=19, eMBMSSessionId=70&apos;, current queue size: 3999
[pool-171-thread-2] pick event Id=21, eMBMSSessionId=86 current size: 3998
[pool-171-thread-3] pick event Id=22, eMBMSSessionId=5 current size: 3997
[pool-171-thread-7] pick event Id=23, eMBMSSessionId=2 current size: 3996
[pool-171-thread-5] pick event Id=24, eMBMSSessionId=60 current size: 3995
[pool-171-thread-6] pick event Id=25, eMBMSSessionId=62 current size: 3994
[pool-171-thread-4] adds event Id=26, eMBMSSessionId=60 current size: 3994
[pool-171-thread-8] pick event Id=27, eMBMSSessionId=30 current size: 3993
pool-171-thread-5 reduces to 3992
[pool-171-thread-15] pick event Id=28, eMBMSSessionId=31 current size: 3991
[pool-171-thread-13] pick event Id=29, eMBMSSessionId=88 current size: 3990
[pool-171-thread-10] pick event Id=30, eMBMSSessionId=36 current size: 3989
[pool-171-thread-17] pick event Id=31, eMBMSSessionId=49 current size: 3988
[pool-171-thread-9] pick event Id=32, eMBMSSessionId=77 current size: 3987
[pool-171-thread-4] pick event Id=33, eMBMSSessionId=43 current size: 3986
[pool-171-thread-14] pick event Id=34, eMBMSSessionId=82 current size: 3985
[pool-171-thread-12] pick event Id=35, eMBMSSessionId=73 current size: 3984
[pool-171-thread-11] pick event Id=36, eMBMSSessionId=15 current size: 3983
[pool-171-thread-20] pick event Id=37, eMBMSSessionId=40 current size: 3982
[pool-171-thread-16] pick event Id=38, eMBMSSessionId=86 current size: 3981
[pool-171-thread-1] pick event Id=39, eMBMSSessionId=79 current size: 3980
[pool-171-thread-13] pick event Id=40, eMBMSSessionId=51 current size: 3979
[pool-171-thread-19] pick event Id=41, eMBMSSessionId=93 current size: 3978
[pool-171-thread-18] adds event Id=42, eMBMSSessionId=73 current size: 3978
[pool-171-thread-2] pick event Id=43, eMBMSSessionId=5 current size: 3977
[pool-171-thread-3] pick event Id=44, eMBMSSessionId=13 current size: 3976
[pool-171-thread-7] pick event Id=45, eMBMSSessionId=3 current size: 3975
pool-171-thread-12 reduces to 3974
[pool-171-thread-4] pick event Id=46, eMBMSSessionId=94 current size: 3973
[pool-171-thread-8] pick event Id=47, eMBMSSessionId=33 current size: 3972
[pool-171-thread-6] pick event Id=48, eMBMSSessionId=49 current size: 3971
[pool-171-thread-15] pick event Id=49, eMBMSSessionId=48 current size: 3970
[pool-171-thread-5] pick event Id=50, eMBMSSessionId=89 current size: 3969
[pool-171-thread-18] pick event Id=51, eMBMSSessionId=43 current size: 3968
[pool-171-thread-9] pick event Id=52, eMBMSSessionId=14 current size: 3967
[pool-171-thread-17] pick event Id=53, eMBMSSessionId=2 current size: 3966
[pool-171-thread-10] pick event Id=54, eMBMSSessionId=0 current size: 3965
[pool-171-thread-14] pick event Id=55, eMBMSSessionId=18 current size: 3964
[pool-171-thread-11] pick event Id=56, eMBMSSessionId=87 current size: 3963
[pool-171-thread-4] pick event Id=57, eMBMSSessionId=12 current size: 3962
[pool-171-thread-20] pick event Id=58, eMBMSSessionId=4 current size: 3961
[pool-171-thread-6] pick event Id=59, eMBMSSessionId=51 current size: 3960
[pool-171-thread-16] pick event Id=60, eMBMSSessionId=1 current size: 3959
[pool-171-thread-16] pick event Id=61, eMBMSSessionId=50 current size: 3958
[pool-171-thread-16] adds event Id=62, eMBMSSessionId=0 current size: 3958
[pool-171-thread-16] adds event Id=63, eMBMSSessionId=18 current size: 3958
[pool-171-thread-16] pick event Id=64, eMBMSSessionId=22 current size: 3957
[pool-171-thread-16] pick event Id=65, eMBMSSessionId=97 current size: 3956
[pool-171-thread-16] pick event Id=66, eMBMSSessionId=29 current size: 3955
[pool-171-thread-16] pick event Id=67, eMBMSSessionId=22 current size: 3954
[pool-171-thread-16] adds event Id=68, eMBMSSessionId=89 current size: 3954
[pool-171-thread-16] pick event Id=69, eMBMSSessionId=30 current size: 3953
[pool-171-thread-16] pick event Id=70, eMBMSSessionId=7 current size: 3952
[pool-171-thread-16] pick event Id=71, eMBMSSessionId=19 current size: 3951
[pool-171-thread-16] pick event Id=72, eMBMSSessionId=98 current size: 3950
[pool-171-thread-1] pick event Id=73, eMBMSSessionId=19 current size: 3949
[pool-171-thread-13] pick event Id=74, eMBMSSessionId=79 current size: 3948
[pool-171-thread-19] adds event Id=75, eMBMSSessionId=12 current size: 3948
pool-171-thread-5 reduces to 3947
[pool-171-thread-2] pick event Id=76, eMBMSSessionId=65 current size: 3946
[pool-171-thread-3] pick event Id=77, eMBMSSessionId=48 current size: 3945
pool-171-thread-10 reduces to 3944
pool-171-thread-14 reduces to 3943
[pool-171-thread-7] pick event Id=78, eMBMSSessionId=50 current size: 3942
[pool-171-thread-12] pick event Id=79, eMBMSSessionId=15 current size: 3941
[pool-171-thread-8] pick event Id=80, eMBMSSessionId=95 current size: 3940
pool-171-thread-4 reduces to 3939
[pool-171-thread-15] pick event Id=81, eMBMSSessionId=23 current size: 3938
[pool-171-thread-16] pick event Id=82, eMBMSSessionId=73 current size: 3937
[pool-171-thread-19] adds event Id=83, eMBMSSessionId=50 current size: 3937
[pool-171-thread-18] pick event Id=84, eMBMSSessionId=37 current size: 3936
[pool-171-thread-9] pick event Id=85, eMBMSSessionId=67 current size: 3935
[pool-171-thread-5] pick event Id=86, eMBMSSessionId=63 current size: 3934
[pool-171-thread-17] pick event Id=87, eMBMSSessionId=68 current size: 3933
pool-171-thread-7 reduces to 3932
[pool-171-thread-11] pick event Id=88, eMBMSSessionId=26 current size: 3931
[pool-171-thread-6] pick event Id=89, eMBMSSessionId=91 current size: 3930
[pool-171-thread-4] pick event Id=90, eMBMSSessionId=21 current size: 3929
[pool-171-thread-20] pick event Id=91, eMBMSSessionId=36 current size: 3928
[pool-171-thread-1] pick event Id=92, eMBMSSessionId=56 current size: 3927
[pool-171-thread-19] adds event Id=93, eMBMSSessionId=91 current size: 3927
[pool-171-thread-13] adds event Id=94, eMBMSSessionId=21 current size: 3927
[pool-171-thread-2] pick event Id=95, eMBMSSessionId=54 current size: 3926
[pool-171-thread-3] pick event Id=96, eMBMSSessionId=11 current size: 3925
[pool-171-thread-10] pick event Id=97, eMBMSSessionId=62 current size: 3924
[pool-171-thread-14] pick event Id=98, eMBMSSessionId=3 current size: 3923
[pool-171-thread-8] pick event Id=99, eMBMSSessionId=27 current size: 3922
[pool-171-thread-12] pick event Id=100, eMBMSSessionId=42 current size: 3921
[pool-171-thread-15] adds event Id=101, eMBMSSessionId=54 current size: 3921
[pool-171-thread-16] pick event Id=102, eMBMSSessionId=33 current size: 3920
pool-171-thread-4 reduces to 3919
pool-171-thread-6 reduces to 3918
[pool-171-thread-19] pick event Id=103, eMBMSSessionId=20 current size: 3917
[pool-171-thread-13] pick event Id=104, eMBMSSessionId=99 current size: 3916
[pool-171-thread-18] pick event Id=105, eMBMSSessionId=69 current size: 3915
[pool-171-thread-9] pick event Id=106, eMBMSSessionId=77 current size: 3914
pool-171-thread-2 reduces to 3913
[pool-171-thread-17] pick event Id=107, eMBMSSessionId=36 current size: 3912
[pool-171-thread-5] pick event Id=108, eMBMSSessionId=9 current size: 3911
[pool-171-thread-7] pick event Id=109, eMBMSSessionId=17 current size: 3910
[pool-171-thread-14] adds event Id=110, eMBMSSessionId=21 current size: 3910
[pool-171-thread-15] adds event Id=111, eMBMSSessionId=91 current size: 3910
[pool-171-thread-11] adds event Id=112, eMBMSSessionId=36 current size: 3910
pool-171-thread-6 reduces to 3909
pool-171-thread-4 reduces to 3908
[pool-171-thread-1] pick event Id=113, eMBMSSessionId=7 current size: 3907
[pool-171-thread-20] pick event Id=114, eMBMSSessionId=22 current size: 3906
[pool-171-thread-10] pick event Id=115, eMBMSSessionId=54 current size: 3905
pool-171-thread-17 reduces to 3904
[pool-171-thread-3] pick event Id=116, eMBMSSessionId=86 current size: 3903
[pool-171-thread-8] pick event Id=117, eMBMSSessionId=85 current size: 3902
[pool-171-thread-12] pick event Id=118, eMBMSSessionId=66 current size: 3901
[pool-171-thread-14] pick event Id=119, eMBMSSessionId=48 current size: 3900
[pool-171-thread-15] pick event Id=120, eMBMSSessionId=18 current size: 3899
[pool-171-thread-11] pick event Id=121, eMBMSSessionId=41 current size: 3898
[pool-171-thread-16] pick event Id=122, eMBMSSessionId=77 current size: 3897
[pool-171-thread-19] pick event Id=123, eMBMSSessionId=32 current size: 3896
[pool-171-thread-18] pick event Id=124, eMBMSSessionId=42 current size: 3895
[pool-171-thread-13] pick event Id=125, eMBMSSessionId=10 current size: 3894
[pool-171-thread-9] pick event Id=126, eMBMSSessionId=91 current size: 3893
[pool-171-thread-2] pick event Id=127, eMBMSSessionId=22 current size: 3892
[pool-171-thread-5] adds event Id=128, eMBMSSessionId=85 current size: 3892
pool-171-thread-8 reduces to 3891
[pool-171-thread-7] pick event Id=129, eMBMSSessionId=81 current size: 3890
[pool-171-thread-12] pick event Id=130, eMBMSSessionId=49 current size: 3889
[pool-171-thread-4] pick event Id=131, eMBMSSessionId=56 current size: 3888
[pool-171-thread-20] pick event Id=132, eMBMSSessionId=39 current size: 3887
[pool-171-thread-1] pick event Id=133, eMBMSSessionId=55 current size: 3886
[pool-171-thread-6] pick event Id=134, eMBMSSessionId=89 current size: 3885
[pool-171-thread-10] pick event Id=135, eMBMSSessionId=41 current size: 3884
[pool-171-thread-5] pick event Id=136, eMBMSSessionId=1 current size: 3883
[pool-171-thread-14] pick event Id=137, eMBMSSessionId=95 current size: 3882
[pool-171-thread-17] pick event Id=138, eMBMSSessionId=24 current size: 3881
[pool-171-thread-3] adds event Id=139, eMBMSSessionId=49 current size: 3881
[pool-171-thread-8] pick event Id=140, eMBMSSessionId=98 current size: 3880
pool-171-thread-12 reduces to 3879
[pool-171-thread-16] pick event Id=141, eMBMSSessionId=75 current size: 3878
[pool-171-thread-11] pick event Id=142, eMBMSSessionId=86 current size: 3877
[pool-171-thread-15] pick event Id=143, eMBMSSessionId=68 current size: 3876
[pool-171-thread-18] pick event Id=144, eMBMSSessionId=85 current size: 3875
[pool-171-thread-19] pick event Id=145, eMBMSSessionId=91 current size: 3874
[pool-171-thread-9] pick event Id=146, eMBMSSessionId=97 current size: 3873
[pool-171-thread-13] pick event Id=147, eMBMSSessionId=89 current size: 3872
[pool-171-thread-20] pick event Id=148, eMBMSSessionId=80 current size: 3871
[pool-171-thread-3] pick event Id=149, eMBMSSessionId=84 current size: 3870
[pool-171-thread-14] pick event Id=150, eMBMSSessionId=4 current size: 3869
[pool-171-thread-2] pick event Id=151, eMBMSSessionId=43 current size: 3868
[pool-171-thread-7] pick event Id=152, eMBMSSessionId=69 current size: 3867
[pool-171-thread-4] pick event Id=153, eMBMSSessionId=24 current size: 3866
[pool-171-thread-8] pick event Id=154, eMBMSSessionId=23 current size: 3865
[pool-171-thread-1] pick event Id=155, eMBMSSessionId=39 current size: 3864
[pool-171-thread-6] adds event Id=156, eMBMSSessionId=43 current size: 3864
[pool-171-thread-10] pick event Id=157, eMBMSSessionId=3 current size: 3863
[pool-171-thread-5] pick event Id=158, eMBMSSessionId=57 current size: 3862
[pool-171-thread-17] pick event Id=159, eMBMSSessionId=65 current size: 3861
pool-171-thread-2 reduces to 3860
[pool-171-thread-12] adds event Id=160, eMBMSSessionId=57 current size: 3860
[pool-171-thread-11] pick event Id=161, eMBMSSessionId=12 current size: 3859
[pool-171-thread-16] pick event Id=162, eMBMSSessionId=5 current size: 3858
[pool-171-thread-18] pick event Id=163, eMBMSSessionId=85 current size: 3857
[pool-171-thread-9] pick event Id=164, eMBMSSessionId=87 current size: 3856
[pool-171-thread-15] pick event Id=165, eMBMSSessionId=2 current size: 3855
[pool-171-thread-19] pick event Id=166, eMBMSSessionId=26 current size: 3854
[pool-171-thread-6] pick event Id=167, eMBMSSessionId=47 current size: 3853
[pool-171-thread-20] pick event Id=168, eMBMSSessionId=54 current size: 3852
pool-171-thread-5 reduces to 3851
[pool-171-thread-3] pick event Id=169, eMBMSSessionId=41 current size: 3850
[pool-171-thread-14] pick event Id=170, eMBMSSessionId=6 current size: 3849
[pool-171-thread-7] pick event Id=171, eMBMSSessionId=99 current size: 3848
[pool-171-thread-8] pick event Id=172, eMBMSSessionId=35 current size: 3847
[pool-171-thread-13] pick event Id=173, eMBMSSessionId=17 current size: 3846
[pool-171-thread-12] pick event Id=174, eMBMSSessionId=34 current size: 3845
[pool-171-thread-4] adds event Id=175, eMBMSSessionId=54 current size: 3845
[pool-171-thread-1] pick event Id=176, eMBMSSessionId=64 current size: 3844
[pool-171-thread-18] pick event Id=177, eMBMSSessionId=12 current size: 3843
pool-171-thread-20 reduces to 3842
[pool-171-thread-10] pick event Id=178, eMBMSSessionId=93 current size: 3841
[pool-171-thread-6] pick event Id=179, eMBMSSessionId=62 current size: 3840
[pool-171-thread-17] pick event Id=180, eMBMSSessionId=80 current size: 3839
[pool-171-thread-5] adds event Id=181, eMBMSSessionId=17 current size: 3839
[pool-171-thread-2] adds event Id=182, eMBMSSessionId=34 current size: 3839
[pool-171-thread-14] pick event Id=183, eMBMSSessionId=53 current size: 3838
[pool-171-thread-14] pick event Id=184, eMBMSSessionId=88 current size: 3837
[pool-171-thread-14] pick event Id=185, eMBMSSessionId=61 current size: 3836
[pool-171-thread-14] pick event Id=186, eMBMSSessionId=87 current size: 3835
[pool-171-thread-3] pick event Id=187, eMBMSSessionId=1 current size: 3834
[pool-171-thread-4] pick event Id=188, eMBMSSessionId=38 current size: 3833
pool-171-thread-13 reduces to 3832
[pool-171-thread-7] pick event Id=189, eMBMSSessionId=31 current size: 3831
[pool-171-thread-16] pick event Id=190, eMBMSSessionId=56 current size: 3830
pool-171-thread-12 reduces to 3829
[pool-171-thread-11] adds event Id=191, eMBMSSessionId=12 current size: 3829
[pool-171-thread-9] pick event Id=192, eMBMSSessionId=37 current size: 3828
pool-171-thread-18 reduces to 3827
[pool-171-thread-15] pick event Id=193, eMBMSSessionId=85 current size: 3826
[pool-171-thread-19] adds event Id=194, eMBMSSessionId=1 current size: 3826
[pool-171-thread-19] pick event Id=195, eMBMSSessionId=95 current size: 3825
[pool-171-thread-10] pick event Id=196, eMBMSSessionId=75 current size: 3824
[pool-171-thread-5] pick event Id=197, eMBMSSessionId=45 current size: 3823
[pool-171-thread-2] pick event Id=198, eMBMSSessionId=82 current size: 3822
[pool-171-thread-14] pick event Id=199, eMBMSSessionId=25 current size: 3821
[pool-171-thread-8] adds event Id=200, eMBMSSessionId=45 current size: 3821
pool-171-thread-3 reduces to 3820
[pool-171-thread-11] pick event Id=201, eMBMSSessionId=58 current size: 3819
[pool-171-thread-1] adds event Id=202, eMBMSSessionId=37 current size: 3819
pool-171-thread-9 reduces to 3818
[pool-171-thread-20] pick event Id=203, eMBMSSessionId=26 current size: 3817
[pool-171-thread-6] pick event Id=204, eMBMSSessionId=81 current size: 3816
[pool-171-thread-19] pick event Id=205, eMBMSSessionId=23 current size: 3815
pool-171-thread-5 reduces to 3814
[pool-171-thread-17] adds event Id=206, eMBMSSessionId=45 current size: 3814
[pool-171-thread-8] pick event Id=207, eMBMSSessionId=35 current size: 3813
[pool-171-thread-4] pick event Id=208, eMBMSSessionId=34 current size: 3812
[pool-171-thread-13] pick event Id=209, eMBMSSessionId=82 current size: 3811
[pool-171-thread-7] pick event Id=210, eMBMSSessionId=13 current size: 3810
[pool-171-thread-16] pick event Id=211, eMBMSSessionId=69 current size: 3809
[pool-171-thread-12] pick event Id=212, eMBMSSessionId=68 current size: 3808
[pool-171-thread-1] pick event Id=213, eMBMSSessionId=15 current size: 3807
[pool-171-thread-18] pick event Id=214, eMBMSSessionId=0 current size: 3806
[pool-171-thread-15] pick event Id=215, eMBMSSessionId=93 current size: 3805
[pool-171-thread-20] adds event Id=216, eMBMSSessionId=35 current size: 3805
[pool-171-thread-10] pick event Id=217, eMBMSSessionId=16 current size: 3804
[pool-171-thread-2] pick event Id=218, eMBMSSessionId=37 current size: 3803
pool-171-thread-5 reduces to 3802
[pool-171-thread-17] pick event Id=219, eMBMSSessionId=46 current size: 3801
[pool-171-thread-14] adds event Id=220, eMBMSSessionId=15 current size: 3801
[pool-171-thread-3] pick event Id=221, eMBMSSessionId=13 current size: 3800
pool-171-thread-8 reduces to 3799
[pool-171-thread-11] pick event Id=222, eMBMSSessionId=56 current size: 3798
[pool-171-thread-7] pick event Id=223, eMBMSSessionId=26 current size: 3797
pool-171-thread-1 reduces to 3796
[pool-171-thread-9] pick event Id=224, eMBMSSessionId=50 current size: 3795
[pool-171-thread-6] pick event Id=225, eMBMSSessionId=69 current size: 3794
[pool-171-thread-19] pick event Id=226, eMBMSSessionId=64 current size: 3793
[pool-171-thread-20] adds event Id=227, eMBMSSessionId=16 current size: 3793
pool-171-thread-10 reduces to 3792
[pool-171-thread-14] pick event Id=228, eMBMSSessionId=18 current size: 3791
[pool-171-thread-4] adds event Id=229, eMBMSSessionId=35 current size: 3791
[pool-171-thread-13] adds event Id=230, eMBMSSessionId=15 current size: 3791
[pool-171-thread-16] adds event Id=231, eMBMSSessionId=56 current size: 3791
pool-171-thread-8 reduces to 3790
pool-171-thread-11 reduces to 3789
[pool-171-thread-12] pick event Id=232, eMBMSSessionId=9 current size: 3788
pool-171-thread-1 reduces to 3787
[pool-171-thread-18] pick event Id=233, eMBMSSessionId=72 current size: 3786
[pool-171-thread-20] pick event Id=234, eMBMSSessionId=27 current size: 3785
[pool-171-thread-15] pick event Id=235, eMBMSSessionId=62 current size: 3784
[pool-171-thread-2] pick event Id=236, eMBMSSessionId=43 current size: 3783
[pool-171-thread-5] pick event Id=237, eMBMSSessionId=93 current size: 3782
[pool-171-thread-17] pick event Id=238, eMBMSSessionId=87 current size: 3781
[pool-171-thread-4] pick event Id=239, eMBMSSessionId=16 current size: 3780
[pool-171-thread-13] pick event Id=240, eMBMSSessionId=63 current size: 3779
[pool-171-thread-14] pick event Id=241, eMBMSSessionId=97 current size: 3778
[pool-171-thread-3] pick event Id=242, eMBMSSessionId=3 current size: 3777
[pool-171-thread-16] pick event Id=243, eMBMSSessionId=26 current size: 3776
[pool-171-thread-7] adds event Id=244, eMBMSSessionId=15 current size: 3776
[pool-171-thread-9] pick event Id=245, eMBMSSessionId=82 current size: 3775
pool-171-thread-1 reduces to 3774
[pool-171-thread-6] pick event Id=246, eMBMSSessionId=33 current size: 3773
[pool-171-thread-19] pick event Id=247, eMBMSSessionId=51 current size: 3772
[pool-171-thread-10] pick event Id=248, eMBMSSessionId=46 current size: 3771
[pool-171-thread-12] pick event Id=249, eMBMSSessionId=73 current size: 3770
[pool-171-thread-8] pick event Id=250, eMBMSSessionId=10 current size: 3769
[pool-171-thread-11] pick event Id=251, eMBMSSessionId=14 current size: 3768
[pool-171-thread-7] pick event Id=252, eMBMSSessionId=39 current size: 3767
[pool-171-thread-18] pick event Id=253, eMBMSSessionId=21 current size: 3766
[pool-171-thread-15] pick event Id=254, eMBMSSessionId=12 current size: 3765
[pool-171-thread-20] pick event Id=255, eMBMSSessionId=4 current size: 3764
[pool-171-thread-2] pick event Id=256, eMBMSSessionId=20 current size: 3763
[pool-171-thread-5] pick event Id=257, eMBMSSessionId=24 current size: 3762
[pool-171-thread-17] pick event Id=258, eMBMSSessionId=18 current size: 3761
[pool-171-thread-4] pick event Id=259, eMBMSSessionId=41 current size: 3760
[pool-171-thread-13] pick event Id=260, eMBMSSessionId=85 current size: 3759
[pool-171-thread-16] pick event Id=261, eMBMSSessionId=40 current size: 3758
[pool-171-thread-14] pick event Id=262, eMBMSSessionId=5 current size: 3757
[pool-171-thread-3] pick event Id=263, eMBMSSessionId=79 current size: 3756
[pool-171-thread-1] adds event Id=264, eMBMSSessionId=79 current size: 3756
[pool-171-thread-1] pick event Id=265, eMBMSSessionId=37 current size: 3755
[pool-171-thread-6] pick event Id=266, eMBMSSessionId=90 current size: 3754
[pool-171-thread-9] pick event Id=267, eMBMSSessionId=67 current size: 3753
[pool-171-thread-19] adds event Id=268, eMBMSSessionId=18 current size: 3753
[pool-171-thread-10] pick event Id=269, eMBMSSessionId=88 current size: 3752
[pool-171-thread-5] pick event Id=270, eMBMSSessionId=3 current size: 3751
[pool-171-thread-16] pick event Id=271, eMBMSSessionId=23 current size: 3750
[pool-171-thread-8] adds event Id=272, eMBMSSessionId=67 current size: 3750
[pool-171-thread-8] pick event Id=273, eMBMSSessionId=1 current size: 3749
pool-171-thread-17 reduces to 3748
[pool-171-thread-12] pick event Id=274, eMBMSSessionId=86 current size: 3747
[pool-171-thread-11] pick event Id=275, eMBMSSessionId=4 current size: 3746
[pool-171-thread-18] pick event Id=276, eMBMSSessionId=58 current size: 3745
pool-171-thread-3 reduces to 3744
[pool-171-thread-7] pick event Id=277, eMBMSSessionId=35 current size: 3743
[pool-171-thread-19] pick event Id=278, eMBMSSessionId=50 current size: 3742
[pool-171-thread-15] pick event Id=279, eMBMSSessionId=69 current size: 3741
pool-171-thread-9 reduces to 3740
[pool-171-thread-2] pick event Id=280, eMBMSSessionId=17 current size: 3739
[pool-171-thread-20] adds event Id=281, eMBMSSessionId=79 current size: 3739
[pool-171-thread-4] pick event Id=282, eMBMSSessionId=64 current size: 3738
[pool-171-thread-13] pick event Id=283, eMBMSSessionId=97 current size: 3737
[pool-171-thread-17] pick event Id=284, eMBMSSessionId=37 current size: 3736
[pool-171-thread-8] adds event Id=285, eMBMSSessionId=64 current size: 3736
[pool-171-thread-14] pick event Id=286, eMBMSSessionId=85 current size: 3735
pool-171-thread-3 reduces to 3734
[pool-171-thread-1] pick event Id=287, eMBMSSessionId=78 current size: 3733
[pool-171-thread-6] pick event Id=288, eMBMSSessionId=31 current size: 3732
[pool-171-thread-19] pick event Id=289, eMBMSSessionId=89 current size: 3731
[pool-171-thread-9] pick event Id=290, eMBMSSessionId=47 current size: 3730
[pool-171-thread-20] pick event Id=291, eMBMSSessionId=23 current size: 3729
[pool-171-thread-10] pick event Id=292, eMBMSSessionId=71 current size: 3728
[pool-171-thread-5] pick event Id=293, eMBMSSessionId=29 current size: 3727
pool-171-thread-4 reduces to 3726
[pool-171-thread-16] pick event Id=294, eMBMSSessionId=21 current size: 3725
[pool-171-thread-8] pick event Id=295, eMBMSSessionId=39 current size: 3724
[pool-171-thread-11] pick event Id=296, eMBMSSessionId=20 current size: 3723
[pool-171-thread-12] pick event Id=297, eMBMSSessionId=13 current size: 3722
[pool-171-thread-7] pick event Id=298, eMBMSSessionId=45 current size: 3721
[pool-171-thread-18] pick event Id=299, eMBMSSessionId=1 current size: 3720
[pool-171-thread-2] adds event Id=300, eMBMSSessionId=89 current size: 3720
[pool-171-thread-15] adds event Id=301, eMBMSSessionId=47 current size: 3720
[pool-171-thread-6] pick event Id=302, eMBMSSessionId=50 current size: 3719
pool-171-thread-19 reduces to 3718
pool-171-thread-9 reduces to 3717
[pool-171-thread-13] pick event Id=303, eMBMSSessionId=16 current size: 3716
[pool-171-thread-14] pick event Id=304, eMBMSSessionId=14 current size: 3715
[pool-171-thread-17] adds event Id=305, eMBMSSessionId=89 current size: 3715
[pool-171-thread-17] pick event Id=306, eMBMSSessionId=35 current size: 3714
[pool-171-thread-3] pick event Id=307, eMBMSSessionId=57 current size: 3713
[pool-171-thread-8] pick event Id=308, eMBMSSessionId=36 current size: 3712
[pool-171-thread-12] pick event Id=309, eMBMSSessionId=92 current size: 3711
[pool-171-thread-1] pick event Id=310, eMBMSSessionId=10 current size: 3710
[pool-171-thread-2] adds event Id=311, eMBMSSessionId=92 current size: 3710
pool-171-thread-12 reduces to 3709
[pool-171-thread-15] pick event Id=312, eMBMSSessionId=19 current size: 3708
[pool-171-thread-20] pick event Id=313, eMBMSSessionId=28 current size: 3707
[pool-171-thread-10] pick event Id=314, eMBMSSessionId=61 current size: 3706
pool-171-thread-19 reduces to 3705
[pool-171-thread-4] pick event Id=315, eMBMSSessionId=99 current size: 3704
[pool-171-thread-9] pick event Id=316, eMBMSSessionId=50 current size: 3703
[pool-171-thread-5] adds event Id=317, eMBMSSessionId=36 current size: 3703
[pool-171-thread-16] pick event Id=318, eMBMSSessionId=15 current size: 3702
[pool-171-thread-11] pick event Id=319, eMBMSSessionId=3 current size: 3701
pool-171-thread-8 reduces to 3700
[pool-171-thread-18] adds event Id=320, eMBMSSessionId=19 current size: 3700
[pool-171-thread-7] pick event Id=321, eMBMSSessionId=49 current size: 3699
[pool-171-thread-18] pick event Id=322, eMBMSSessionId=95 current size: 3698
[pool-171-thread-2] pick event Id=323, eMBMSSessionId=80 current size: 3697
[pool-171-thread-6] pick event Id=324, eMBMSSessionId=4 current size: 3696
pool-171-thread-15 reduces to 3695
[pool-171-thread-5] pick event Id=325, eMBMSSessionId=9 current size: 3694
[pool-171-thread-13] pick event Id=326, eMBMSSessionId=99 current size: 3693
[pool-171-thread-4] pick event Id=327, eMBMSSessionId=0 current size: 3692
[pool-171-thread-14] pick event Id=328, eMBMSSessionId=74 current size: 3691
[pool-171-thread-17] pick event Id=329, eMBMSSessionId=2 current size: 3690
[pool-171-thread-3] pick event Id=330, eMBMSSessionId=37 current size: 3689
[pool-171-thread-8] pick event Id=331, eMBMSSessionId=16 current size: 3688
[pool-171-thread-8] pick event Id=332, eMBMSSessionId=60 current size: 3687
[pool-171-thread-8] adds event Id=333, eMBMSSessionId=99 current size: 3687
[pool-171-thread-18] pick event Id=334, eMBMSSessionId=35 current size: 3686
[pool-171-thread-1] pick event Id=335, eMBMSSessionId=6 current size: 3685
[pool-171-thread-12] pick event Id=336, eMBMSSessionId=40 current size: 3684
[pool-171-thread-10] pick event Id=337, eMBMSSessionId=62 current size: 3683
[pool-171-thread-20] adds event Id=338, eMBMSSessionId=40 current size: 3683
[pool-171-thread-9] pick event Id=339, eMBMSSessionId=16 current size: 3682
[pool-171-thread-19] pick event Id=340, eMBMSSessionId=26 current size: 3681
[pool-171-thread-5] pick event Id=341, eMBMSSessionId=19 current size: 3680
pool-171-thread-13 reduces to 3679
[pool-171-thread-16] pick event Id=342, eMBMSSessionId=75 current size: 3678
[pool-171-thread-11] pick event Id=343, eMBMSSessionId=82 current size: 3677
[pool-171-thread-8] pick event Id=344, eMBMSSessionId=30 current size: 3676
[pool-171-thread-2] pick event Id=345, eMBMSSessionId=94 current size: 3675
[pool-171-thread-7] pick event Id=346, eMBMSSessionId=60 current size: 3674
pool-171-thread-12 reduces to 3673
[pool-171-thread-15] pick event Id=347, eMBMSSessionId=28 current size: 3672
[pool-171-thread-18] pick event Id=348, eMBMSSessionId=69 current size: 3671
[pool-171-thread-20] pick event Id=349, eMBMSSessionId=71 current size: 3670
[pool-171-thread-6] pick event Id=350, eMBMSSessionId=17 current size: 3669
[pool-171-thread-4] pick event Id=351, eMBMSSessionId=11 current size: 3668
[pool-171-thread-5] pick event Id=352, eMBMSSessionId=75 current size: 3667
[pool-171-thread-14] pick event Id=353, eMBMSSessionId=33 current size: 3666
[pool-171-thread-3] pick event Id=354, eMBMSSessionId=91 current size: 3665
[pool-171-thread-16] pick event Id=355, eMBMSSessionId=54 current size: 3664
[pool-171-thread-17] pick event Id=356, eMBMSSessionId=9 current size: 3663
[pool-171-thread-1] pick event Id=357, eMBMSSessionId=84 current size: 3662
[pool-171-thread-18] adds event Id=358, eMBMSSessionId=11 current size: 3662
[pool-171-thread-10] pick event Id=359, eMBMSSessionId=53 current size: 3661
[pool-171-thread-9] pick event Id=360, eMBMSSessionId=70 current size: 3660
[pool-171-thread-13] pick event Id=361, eMBMSSessionId=6 current size: 3659
[pool-171-thread-20] pick event Id=362, eMBMSSessionId=96 current size: 3658
pool-171-thread-4 reduces to 3657
[pool-171-thread-19] pick event Id=363, eMBMSSessionId=0 current size: 3656
[pool-171-thread-11] adds event Id=364, eMBMSSessionId=0 current size: 3656
[pool-171-thread-11] pick event Id=365, eMBMSSessionId=18 current size: 3655
[pool-171-thread-8] adds event Id=366, eMBMSSessionId=11 current size: 3655
[pool-171-thread-8] pick event Id=367, eMBMSSessionId=54 current size: 3654
[pool-171-thread-2] pick event Id=368, eMBMSSessionId=80 current size: 3653
[pool-171-thread-7] pick event Id=369, eMBMSSessionId=52 current size: 3652
[pool-171-thread-12] pick event Id=370, eMBMSSessionId=59 current size: 3651
[pool-171-thread-15] pick event Id=371, eMBMSSessionId=5 current size: 3650
[pool-171-thread-18] pick event Id=372, eMBMSSessionId=82 current size: 3649
[pool-171-thread-6] pick event Id=373, eMBMSSessionId=48 current size: 3648
[pool-171-thread-10] adds event Id=374, eMBMSSessionId=70 current size: 3648
[pool-171-thread-5] pick event Id=375, eMBMSSessionId=55 current size: 3647
pool-171-thread-9 reduces to 3646
[pool-171-thread-14] adds event Id=376, eMBMSSessionId=80 current size: 3646
pool-171-thread-4 reduces to 3645
pool-171-thread-19 reduces to 3644
[pool-171-thread-3] pick event Id=377, eMBMSSessionId=61 current size: 3643
[pool-171-thread-16] pick event Id=378, eMBMSSessionId=81 current size: 3642
[pool-171-thread-17] pick event Id=379, eMBMSSessionId=32 current size: 3641
[pool-171-thread-1] pick event Id=380, eMBMSSessionId=18 current size: 3640
pool-171-thread-2 reduces to 3639
[pool-171-thread-13] pick event Id=381, eMBMSSessionId=89 current size: 3638
[pool-171-thread-18] pick event Id=382, eMBMSSessionId=36 current size: 3637
[pool-171-thread-10] pick event Id=383, eMBMSSessionId=47 current size: 3636
[pool-171-thread-14] pick event Id=384, eMBMSSessionId=53 current size: 3635
[pool-171-thread-20] pick event Id=385, eMBMSSessionId=94 current size: 3634
[pool-171-thread-11] pick event Id=386, eMBMSSessionId=54 current size: 3633
[pool-171-thread-8] pick event Id=387, eMBMSSessionId=75 current size: 3632
[pool-171-thread-17] pick event Id=388, eMBMSSessionId=97 current size: 3631
[pool-171-thread-12] pick event Id=389, eMBMSSessionId=7 current size: 3630
[pool-171-thread-7] pick event Id=390, eMBMSSessionId=20 current size: 3629
[pool-171-thread-15] pick event Id=391, eMBMSSessionId=42 current size: 3628
[pool-171-thread-1] pick event Id=392, eMBMSSessionId=44 current size: 3627
[pool-171-thread-6] pick event Id=393, eMBMSSessionId=79 current size: 3626
[pool-171-thread-9] adds event Id=394, eMBMSSessionId=36 current size: 3626
pool-171-thread-18 reduces to 3625
[pool-171-thread-5] pick event Id=395, eMBMSSessionId=81 current size: 3624
[pool-171-thread-4] pick event Id=396, eMBMSSessionId=68 current size: 3623
[pool-171-thread-19] pick event Id=397, eMBMSSessionId=74 current size: 3622
[pool-171-thread-3] pick event Id=398, eMBMSSessionId=46 current size: 3621
[pool-171-thread-16] pick event Id=399, eMBMSSessionId=55 current size: 3620
[pool-171-thread-2] pick event Id=400, eMBMSSessionId=64 current size: 3619
[pool-171-thread-13] pick event Id=401, eMBMSSessionId=35 current size: 3618
[pool-171-thread-9] pick event Id=402, eMBMSSessionId=18 current size: 3617
[pool-171-thread-14] adds event Id=403, eMBMSSessionId=64 current size: 3617
[pool-171-thread-20] pick event Id=404, eMBMSSessionId=83 current size: 3616
[pool-171-thread-10] pick event Id=405, eMBMSSessionId=25 current size: 3615
[pool-171-thread-11] pick event Id=406, eMBMSSessionId=14 current size: 3614
[pool-171-thread-8] pick event Id=407, eMBMSSessionId=66 current size: 3613
[pool-171-thread-17] pick event Id=408, eMBMSSessionId=27 current size: 3612
[pool-171-thread-7] pick event Id=409, eMBMSSessionId=75 current size: 3611
[pool-171-thread-12] pick event Id=410, eMBMSSessionId=52 current size: 3610
pool-171-thread-2 reduces to 3609
[pool-171-thread-14] pick event Id=411, eMBMSSessionId=39 current size: 3608
[pool-171-thread-6] pick event Id=412, eMBMSSessionId=18 current size: 3607
[pool-171-thread-15] adds event Id=413, eMBMSSessionId=52 current size: 3607
[pool-171-thread-1] pick event Id=414, eMBMSSessionId=3 current size: 3606
[pool-171-thread-18] pick event Id=415, eMBMSSessionId=67 current size: 3605
[pool-171-thread-5] pick event Id=416, eMBMSSessionId=24 current size: 3604
[pool-171-thread-4] pick event Id=417, eMBMSSessionId=71 current size: 3603
[pool-171-thread-19] pick event Id=418, eMBMSSessionId=11 current size: 3602
[pool-171-thread-3] pick event Id=419, eMBMSSessionId=13 current size: 3601
[pool-171-thread-16] adds event Id=420, eMBMSSessionId=52 current size: 3601
[pool-171-thread-13] pick event Id=421, eMBMSSessionId=8 current size: 3600
pool-171-thread-12 reduces to 3599
[pool-171-thread-9] pick event Id=422, eMBMSSessionId=35 current size: 3598
[pool-171-thread-15] pick event Id=423, eMBMSSessionId=36 current size: 3597
[pool-171-thread-20] pick event Id=424, eMBMSSessionId=40 current size: 3596
[pool-171-thread-10] pick event Id=425, eMBMSSessionId=67 current size: 3595
[pool-171-thread-17] pick event Id=426, eMBMSSessionId=79 current size: 3594
[pool-171-thread-16] pick event Id=427, eMBMSSessionId=91 current size: 3593
[pool-171-thread-11] adds event Id=428, eMBMSSessionId=8 current size: 3593
[pool-171-thread-8] pick event Id=429, eMBMSSessionId=7 current size: 3592
[pool-171-thread-2] pick event Id=430, eMBMSSessionId=31 current size: 3591
[pool-171-thread-7] pick event Id=431, eMBMSSessionId=46 current size: 3590
pool-171-thread-13 reduces to 3589
pool-171-thread-12 reduces to 3588
[pool-171-thread-6] pick event Id=432, eMBMSSessionId=66 current size: 3587
[pool-171-thread-14] adds event Id=433, eMBMSSessionId=31 current size: 3587
[pool-171-thread-1] pick event Id=434, eMBMSSessionId=83 current size: 3586
[pool-171-thread-18] pick event Id=435, eMBMSSessionId=89 current size: 3585
[pool-171-thread-5] pick event Id=436, eMBMSSessionId=30 current size: 3584
[pool-171-thread-20] pick event Id=437, eMBMSSessionId=24 current size: 3583
[pool-171-thread-4] adds event Id=438, eMBMSSessionId=89 current size: 3583
[pool-171-thread-19] pick event Id=439, eMBMSSessionId=44 current size: 3582
[pool-171-thread-3] adds event Id=440, eMBMSSessionId=89 current size: 3582
[pool-171-thread-11] pick event Id=441, eMBMSSessionId=58 current size: 3581
pool-171-thread-2 reduces to 3580
[pool-171-thread-9] pick event Id=442, eMBMSSessionId=61 current size: 3579
[pool-171-thread-14] pick event Id=443, eMBMSSessionId=97 current size: 3578
[pool-171-thread-12] pick event Id=444, eMBMSSessionId=80 current size: 3577
[pool-171-thread-7] pick event Id=445, eMBMSSessionId=78 current size: 3576
[pool-171-thread-15] pick event Id=446, eMBMSSessionId=20 current size: 3575
pool-171-thread-18 reduces to 3574
[pool-171-thread-4] adds event Id=447, eMBMSSessionId=78 current size: 3574
[pool-171-thread-10] pick event Id=448, eMBMSSessionId=15 current size: 3573
pool-171-thread-18 reduces to 3572
[pool-171-thread-17] pick event Id=449, eMBMSSessionId=30 current size: 3571
[pool-171-thread-3] adds event Id=450, eMBMSSessionId=20 current size: 3571
[pool-171-thread-16] pick event Id=451, eMBMSSessionId=94 current size: 3570
[pool-171-thread-8] adds event Id=452, eMBMSSessionId=15 current size: 3570
[pool-171-thread-13] pick event Id=453, eMBMSSessionId=18 current size: 3569
[pool-171-thread-2] pick event Id=454, eMBMSSessionId=63 current size: 3568
[pool-171-thread-6] pick event Id=455, eMBMSSessionId=55 current size: 3567
pool-171-thread-7 reduces to 3566
[pool-171-thread-1] pick event Id=456, eMBMSSessionId=9 current size: 3565
pool-171-thread-15 reduces to 3564
[pool-171-thread-4] adds event Id=457, eMBMSSessionId=78 current size: 3564
[pool-171-thread-5] adds event Id=458, eMBMSSessionId=15 current size: 3564
[pool-171-thread-20] pick event Id=459, eMBMSSessionId=86 current size: 3563
pool-171-thread-10 reduces to 3562
[pool-171-thread-3] pick event Id=460, eMBMSSessionId=65 current size: 3561
[pool-171-thread-19] pick event Id=461, eMBMSSessionId=19 current size: 3560
[pool-171-thread-8] pick event Id=462, eMBMSSessionId=47 current size: 3559
[pool-171-thread-11] pick event Id=463, eMBMSSessionId=82 current size: 3558
[pool-171-thread-9] pick event Id=464, eMBMSSessionId=88 current size: 3557
[pool-171-thread-14] pick event Id=465, eMBMSSessionId=51 current size: 3556
[pool-171-thread-12] pick event Id=466, eMBMSSessionId=1 current size: 3555
pool-171-thread-7 reduces to 3554
[pool-171-thread-4] pick event Id=467, eMBMSSessionId=92 current size: 3553
[pool-171-thread-5] pick event Id=468, eMBMSSessionId=98 current size: 3552
[pool-171-thread-18] pick event Id=469, eMBMSSessionId=33 current size: 3551
[pool-171-thread-17] pick event Id=470, eMBMSSessionId=28 current size: 3550
pool-171-thread-10 reduces to 3549
[pool-171-thread-13] pick event Id=471, eMBMSSessionId=17 current size: 3548
[pool-171-thread-2] pick event Id=472, eMBMSSessionId=59 current size: 3547
[pool-171-thread-8] pick event Id=473, eMBMSSessionId=11 current size: 3546
[pool-171-thread-16] pick event Id=474, eMBMSSessionId=44 current size: 3545
[pool-171-thread-6] pick event Id=475, eMBMSSessionId=86 current size: 3544
[pool-171-thread-1] pick event Id=476, eMBMSSessionId=37 current size: 3543
[pool-171-thread-15] pick event Id=477, eMBMSSessionId=6 current size: 3542
[pool-171-thread-3] adds event Id=478, eMBMSSessionId=44 current size: 3542
[pool-171-thread-1] pick event Id=479, eMBMSSessionId=72 current size: 3541
[pool-171-thread-20] pick event Id=480, eMBMSSessionId=87 current size: 3540
[pool-171-thread-19] pick event Id=481, eMBMSSessionId=89 current size: 3539
[pool-171-thread-11] pick event Id=482, eMBMSSessionId=93 current size: 3538
[pool-171-thread-9] pick event Id=483, eMBMSSessionId=20 current size: 3537
[pool-171-thread-14] pick event Id=484, eMBMSSessionId=54 current size: 3536
pool-171-thread-16 reduces to 3535
[pool-171-thread-12] pick event Id=485, eMBMSSessionId=62 current size: 3534
[pool-171-thread-5] pick event Id=486, eMBMSSessionId=34 current size: 3533
[pool-171-thread-4] adds event Id=487, eMBMSSessionId=54 current size: 3533
[pool-171-thread-3] pick event Id=488, eMBMSSessionId=29 current size: 3532
[pool-171-thread-7] pick event Id=489, eMBMSSessionId=10 current size: 3531
[pool-171-thread-18] pick event Id=490, eMBMSSessionId=59 current size: 3530
[pool-171-thread-17] pick event Id=491, eMBMSSessionId=22 current size: 3529
[pool-171-thread-20] adds event Id=492, eMBMSSessionId=34 current size: 3529
[pool-171-thread-20] pick event Id=493, eMBMSSessionId=24 current size: 3528
[pool-171-thread-10] pick event Id=494, eMBMSSessionId=18 current size: 3527
[pool-171-thread-2] pick event Id=495, eMBMSSessionId=60 current size: 3526
[pool-171-thread-13] pick event Id=496, eMBMSSessionId=80 current size: 3525
[pool-171-thread-11] pick event Id=497, eMBMSSessionId=8 current size: 3524
[pool-171-thread-8] pick event Id=498, eMBMSSessionId=96 current size: 3523
[pool-171-thread-6] pick event Id=499, eMBMSSessionId=5 current size: 3522
pool-171-thread-14 reduces to 3521
[pool-171-thread-4] pick event Id=500, eMBMSSessionId=44 current size: 3520
pool-171-thread-5 reduces to 3519
[pool-171-thread-15] pick event Id=501, eMBMSSessionId=14 current size: 3518
[pool-171-thread-1] pick event Id=502, eMBMSSessionId=6 current size: 3517
[pool-171-thread-19] adds event Id=503, eMBMSSessionId=59 current size: 3517
pool-171-thread-18 reduces to 3516
[pool-171-thread-9] pick event Id=504, eMBMSSessionId=33 current size: 3515
[pool-171-thread-16] pick event Id=505, eMBMSSessionId=90 current size: 3514
[pool-171-thread-12] pick event Id=506, eMBMSSessionId=38 current size: 3513
[pool-171-thread-3] pick event Id=507, eMBMSSessionId=50 current size: 3512
[pool-171-thread-7] pick event Id=508, eMBMSSessionId=16 current size: 3511
[pool-171-thread-19] pick event Id=509, eMBMSSessionId=1 current size: 3510
[pool-171-thread-17] pick event Id=510, eMBMSSessionId=42 current size: 3509
[pool-171-thread-20] pick event Id=511, eMBMSSessionId=70 current size: 3508
[pool-171-thread-10] pick event Id=512, eMBMSSessionId=29 current size: 3507
[pool-171-thread-13] pick event Id=513, eMBMSSessionId=74 current size: 3506
[pool-171-thread-2] adds event Id=514, eMBMSSessionId=16 current size: 3506
[pool-171-thread-11] pick event Id=515, eMBMSSessionId=77 current size: 3505
[pool-171-thread-8] pick event Id=516, eMBMSSessionId=67 current size: 3504
[pool-171-thread-14] adds event Id=517, eMBMSSessionId=1 current size: 3504
[pool-171-thread-6] pick event Id=518, eMBMSSessionId=97 current size: 3503
[pool-171-thread-5] pick event Id=519, eMBMSSessionId=66 current size: 3502
[pool-171-thread-4] pick event Id=520, eMBMSSessionId=7 current size: 3501
testOverload end.
testFull begin.
[pool-172-thread-1] pick event Id=0, eMBMSSessionId=36 current size: 4998
[pool-172-thread-3] pick event Id=1, eMBMSSessionId=28 current size: 4997
[pool-172-thread-2] pick event Id=2, eMBMSSessionId=26 current size: 4996
[pool-172-thread-5] pick event Id=3, eMBMSSessionId=25 current size: 4995
[pool-172-thread-4] pick event Id=4, eMBMSSessionId=89 current size: 4994
[pool-172-thread-6] pick event Id=5, eMBMSSessionId=56 current size: 4993
[pool-172-thread-8] pick event Id=6, eMBMSSessionId=78 current size: 4992
[pool-172-thread-7] pick event Id=7, eMBMSSessionId=99 current size: 4991
[pool-172-thread-10] pick event Id=8, eMBMSSessionId=30 current size: 4990
[pool-172-thread-9] pick event Id=9, eMBMSSessionId=13 current size: 4989
[pool-172-thread-11] pick event Id=10, eMBMSSessionId=85 current size: 4988
[pool-172-thread-12] pick event Id=11, eMBMSSessionId=79 current size: 4987
[pool-172-thread-13] pick event Id=12, eMBMSSessionId=44 current size: 4986
[pool-172-thread-14] pick event Id=13, eMBMSSessionId=17 current size: 4985
[pool-172-thread-15] pick event Id=14, eMBMSSessionId=12 current size: 4984
[pool-172-thread-16] pick event Id=15, eMBMSSessionId=86 current size: 4983
[pool-172-thread-17] pick event Id=16, eMBMSSessionId=41 current size: 4982
[pool-172-thread-19] pick event Id=17, eMBMSSessionId=34 current size: 4981
[pool-172-thread-18] pick event Id=18, eMBMSSessionId=84 current size: 4980
[pool-172-thread-20] pick event Id=19, eMBMSSessionId=93 current size: 4979
event queue is full, will clear all data!
NbiEventCache is cleared with total events removed: 5029
testFull end.
19 times run start
testEventSequence begin.
testEventSequence end.
testSendRadomEmbmsSessionEvents begin.
testSendRadomEmbmsSessionEvents end.
testSendSameEmbmsSessionEvents begin.
testSendSameEmbmsSessionEvents end.
testSendNoSameEmbmsSessionEvents begin.
testSendNoSameEmbmsSessionEvents end.
testSendNoEmbmsSessionIdEvents begin.
testSendNoEmbmsSessionIdEvents end.
testOverload begin.
[pool-180-thread-1] pick event Id=0, eMBMSSessionId=29 current size: 4019
[pool-180-thread-3] pick event Id=1, eMBMSSessionId=8 current size: 4018
[pool-180-thread-2] pick event Id=2, eMBMSSessionId=79 current size: 4017
[pool-180-thread-4] pick event Id=3, eMBMSSessionId=44 current size: 4016
pool-180-thread-3 Discard NBI event &apos; Id=1, eMBMSSessionId=8&apos;, current queue size: 4016
pool-180-thread-1 Discard NBI event &apos; Id=0, eMBMSSessionId=29&apos;, current queue size: 4017
[pool-180-thread-5] pick event Id=4, eMBMSSessionId=85 current size: 4015
pool-180-thread-2 Discard NBI event &apos; Id=2, eMBMSSessionId=79&apos;, current queue size: 4015
pool-180-thread-4 Discard NBI event &apos; Id=3, eMBMSSessionId=44&apos;, current queue size: 4015
[pool-180-thread-6] pick event Id=5, eMBMSSessionId=60 current size: 4014
[pool-180-thread-7] pick event Id=6, eMBMSSessionId=86 current size: 4013
[pool-180-thread-8] pick event Id=7, eMBMSSessionId=14 current size: 4012
pool-180-thread-6 Discard NBI event &apos; Id=5, eMBMSSessionId=60&apos;, current queue size: 4012
pool-180-thread-8 Discard NBI event &apos; Id=7, eMBMSSessionId=14&apos;, current queue size: 4012
pool-180-thread-7 Discard NBI event &apos; Id=6, eMBMSSessionId=86&apos;, current queue size: 4013
pool-180-thread-5 Discard NBI event &apos; Id=4, eMBMSSessionId=85&apos;, current queue size: 4012
[pool-180-thread-13] pick event Id=8, eMBMSSessionId=3 current size: 4011
pool-180-thread-13 Discard NBI event &apos; Id=8, eMBMSSessionId=3&apos;, current queue size: 4011
[pool-180-thread-9] pick event Id=9, eMBMSSessionId=52 current size: 4010
pool-180-thread-9 Discard NBI event &apos; Id=9, eMBMSSessionId=52&apos;, current queue size: 4010
[pool-180-thread-10] pick event Id=10, eMBMSSessionId=34 current size: 4009
[pool-180-thread-16] pick event Id=11, eMBMSSessionId=17 current size: 4008
[pool-180-thread-11] pick event Id=12, eMBMSSessionId=38 current size: 4007
pool-180-thread-16 Discard NBI event &apos; Id=11, eMBMSSessionId=17&apos;, current queue size: 4007
pool-180-thread-11 Discard NBI event &apos; Id=12, eMBMSSessionId=38&apos;, current queue size: 4007
[pool-180-thread-12] pick event Id=13, eMBMSSessionId=23 current size: 4006
pool-180-thread-10 Discard NBI event &apos; Id=10, eMBMSSessionId=34&apos;, current queue size: 4006
[pool-180-thread-14] pick event Id=14, eMBMSSessionId=75 current size: 4005
[pool-180-thread-15] pick event Id=15, eMBMSSessionId=10 current size: 4004
pool-180-thread-12 Discard NBI event &apos; Id=13, eMBMSSessionId=23&apos;, current queue size: 4004
[pool-180-thread-17] pick event Id=16, eMBMSSessionId=77 current size: 4003
pool-180-thread-15 Discard NBI event &apos; Id=15, eMBMSSessionId=10&apos;, current queue size: 4003
pool-180-thread-14 Discard NBI event &apos; Id=14, eMBMSSessionId=75&apos;, current queue size: 4003
[pool-180-thread-18] pick event Id=17, eMBMSSessionId=74 current size: 4002
pool-180-thread-17 Discard NBI event &apos; Id=16, eMBMSSessionId=77&apos;, current queue size: 4002
[pool-180-thread-20] pick event Id=18, eMBMSSessionId=47 current size: 4001
pool-180-thread-18 Discard NBI event &apos; Id=17, eMBMSSessionId=74&apos;, current queue size: 4001
[pool-180-thread-19] pick event Id=19, eMBMSSessionId=83 current size: 4000
pool-180-thread-20 Discard NBI event &apos; Id=18, eMBMSSessionId=47&apos;, current queue size: 4000
[pool-180-thread-3] pick event Id=20, eMBMSSessionId=97 current size: 3999
pool-180-thread-19 Discard NBI event &apos; Id=19, eMBMSSessionId=83&apos;, current queue size: 3999
[pool-180-thread-4] pick event Id=21, eMBMSSessionId=15 current size: 3998
[pool-180-thread-12] pick event Id=22, eMBMSSessionId=25 current size: 3997
[pool-180-thread-2] pick event Id=23, eMBMSSessionId=64 current size: 3996
[pool-180-thread-5] pick event Id=24, eMBMSSessionId=87 current size: 3995
[pool-180-thread-15] pick event Id=25, eMBMSSessionId=29 current size: 3994
[pool-180-thread-1] pick event Id=26, eMBMSSessionId=44 current size: 3993
[pool-180-thread-8] pick event Id=27, eMBMSSessionId=1 current size: 3992
[pool-180-thread-7] pick event Id=28, eMBMSSessionId=10 current size: 3991
[pool-180-thread-11] pick event Id=29, eMBMSSessionId=37 current size: 3990
[pool-180-thread-13] pick event Id=30, eMBMSSessionId=42 current size: 3989
[pool-180-thread-6] pick event Id=31, eMBMSSessionId=98 current size: 3988
[pool-180-thread-10] pick event Id=32, eMBMSSessionId=65 current size: 3987
[pool-180-thread-9] pick event Id=33, eMBMSSessionId=34 current size: 3986
[pool-180-thread-16] pick event Id=34, eMBMSSessionId=8 current size: 3985
[pool-180-thread-14] pick event Id=35, eMBMSSessionId=33 current size: 3984
[pool-180-thread-17] pick event Id=36, eMBMSSessionId=57 current size: 3983
[pool-180-thread-5] pick event Id=37, eMBMSSessionId=41 current size: 3982
[pool-180-thread-18] pick event Id=38, eMBMSSessionId=45 current size: 3981
[pool-180-thread-20] pick event Id=39, eMBMSSessionId=7 current size: 3980
[pool-180-thread-19] pick event Id=40, eMBMSSessionId=61 current size: 3979
[pool-180-thread-3] pick event Id=41, eMBMSSessionId=16 current size: 3978
[pool-180-thread-4] pick event Id=42, eMBMSSessionId=9 current size: 3977
[pool-180-thread-12] pick event Id=43, eMBMSSessionId=90 current size: 3976
[pool-180-thread-2] adds event Id=44, eMBMSSessionId=9 current size: 3976
[pool-180-thread-8] adds event Id=45, eMBMSSessionId=45 current size: 3976
[pool-180-thread-15] pick event Id=46, eMBMSSessionId=15 current size: 3975
[pool-180-thread-14] pick event Id=47, eMBMSSessionId=47 current size: 3974
[pool-180-thread-1] pick event Id=48, eMBMSSessionId=35 current size: 3973
[pool-180-thread-7] adds event Id=49, eMBMSSessionId=35 current size: 3973
pool-180-thread-18 reduces to 3972
[pool-180-thread-11] pick event Id=50, eMBMSSessionId=84 current size: 3971
[pool-180-thread-13] pick event Id=51, eMBMSSessionId=85 current size: 3970
[pool-180-thread-6] adds event Id=52, eMBMSSessionId=84 current size: 3970
[pool-180-thread-9] pick event Id=53, eMBMSSessionId=57 current size: 3969
[pool-180-thread-10] pick event Id=54, eMBMSSessionId=5 current size: 3968
[pool-180-thread-16] pick event Id=55, eMBMSSessionId=66 current size: 3967
[pool-180-thread-2] pick event Id=56, eMBMSSessionId=24 current size: 3966
[pool-180-thread-8] pick event Id=57, eMBMSSessionId=2 current size: 3965
[pool-180-thread-8] pick event Id=58, eMBMSSessionId=45 current size: 3964
pool-180-thread-4 reduces to 3963
[pool-180-thread-17] pick event Id=59, eMBMSSessionId=58 current size: 3962
[pool-180-thread-14] adds event Id=60, eMBMSSessionId=5 current size: 3962
[pool-180-thread-5] pick event Id=61, eMBMSSessionId=54 current size: 3961
[pool-180-thread-7] pick event Id=62, eMBMSSessionId=95 current size: 3960
pool-180-thread-1 reduces to 3959
[pool-180-thread-6] adds event Id=63, eMBMSSessionId=5 current size: 3959
[pool-180-thread-20] pick event Id=64, eMBMSSessionId=46 current size: 3958
pool-180-thread-11 reduces to 3957
[pool-180-thread-18] adds event Id=65, eMBMSSessionId=35 current size: 3957
[pool-180-thread-19] pick event Id=66, eMBMSSessionId=62 current size: 3956
[pool-180-thread-13] pick event Id=67, eMBMSSessionId=77 current size: 3955
[pool-180-thread-3] pick event Id=68, eMBMSSessionId=17 current size: 3954
[pool-180-thread-12] pick event Id=69, eMBMSSessionId=44 current size: 3953
pool-180-thread-10 reduces to 3952
[pool-180-thread-15] pick event Id=70, eMBMSSessionId=38 current size: 3951
pool-180-thread-10 reduces to 3950
[pool-180-thread-14] adds event Id=71, eMBMSSessionId=54 current size: 3950
[pool-180-thread-2] pick event Id=72, eMBMSSessionId=53 current size: 3949
pool-180-thread-5 reduces to 3948
[pool-180-thread-17] pick event Id=73, eMBMSSessionId=91 current size: 3947
[pool-180-thread-6] pick event Id=74, eMBMSSessionId=99 current size: 3946
pool-180-thread-1 reduces to 3945
[pool-180-thread-18] adds event Id=75, eMBMSSessionId=91 current size: 3945
[pool-180-thread-9] adds event Id=76, eMBMSSessionId=38 current size: 3945
[pool-180-thread-13] pick event Id=77, eMBMSSessionId=18 current size: 3944
[pool-180-thread-16] pick event Id=78, eMBMSSessionId=66 current size: 3943
pool-180-thread-15 reduces to 3942
[pool-180-thread-8] pick event Id=79, eMBMSSessionId=99 current size: 3941
[pool-180-thread-4] pick event Id=80, eMBMSSessionId=67 current size: 3940
[pool-180-thread-14] pick event Id=81, eMBMSSessionId=17 current size: 3939
[pool-180-thread-7] pick event Id=82, eMBMSSessionId=17 current size: 3938
pool-180-thread-17 reduces to 3937
[pool-180-thread-18] pick event Id=83, eMBMSSessionId=0 current size: 3936
[pool-180-thread-20] pick event Id=84, eMBMSSessionId=10 current size: 3935
[pool-180-thread-11] adds event Id=85, eMBMSSessionId=66 current size: 3935
[pool-180-thread-6] pick event Id=86, eMBMSSessionId=44 current size: 3934
[pool-180-thread-11] pick event Id=87, eMBMSSessionId=23 current size: 3933
[pool-180-thread-19] pick event Id=88, eMBMSSessionId=8 current size: 3932
[pool-180-thread-9] pick event Id=89, eMBMSSessionId=57 current size: 3931
[pool-180-thread-3] adds event Id=90, eMBMSSessionId=18 current size: 3931
pool-180-thread-13 reduces to 3930
pool-180-thread-16 reduces to 3929
[pool-180-thread-12] pick event Id=91, eMBMSSessionId=28 current size: 3928
[pool-180-thread-2] pick event Id=92, eMBMSSessionId=5 current size: 3927
[pool-180-thread-10] pick event Id=93, eMBMSSessionId=59 current size: 3926
[pool-180-thread-14] pick event Id=94, eMBMSSessionId=93 current size: 3925
[pool-180-thread-5] pick event Id=95, eMBMSSessionId=13 current size: 3924
[pool-180-thread-1] pick event Id=96, eMBMSSessionId=34 current size: 3923
[pool-180-thread-3] pick event Id=97, eMBMSSessionId=95 current size: 3922
[pool-180-thread-18] pick event Id=98, eMBMSSessionId=73 current size: 3921
[pool-180-thread-20] pick event Id=99, eMBMSSessionId=60 current size: 3920
[pool-180-thread-19] pick event Id=100, eMBMSSessionId=46 current size: 3919
[pool-180-thread-15] pick event Id=101, eMBMSSessionId=16 current size: 3918
[pool-180-thread-8] pick event Id=102, eMBMSSessionId=52 current size: 3917
[pool-180-thread-4] pick event Id=103, eMBMSSessionId=70 current size: 3916
[pool-180-thread-17] pick event Id=104, eMBMSSessionId=62 current size: 3915
[pool-180-thread-7] pick event Id=105, eMBMSSessionId=74 current size: 3914
[pool-180-thread-5] pick event Id=106, eMBMSSessionId=92 current size: 3913
[pool-180-thread-6] pick event Id=107, eMBMSSessionId=68 current size: 3912
[pool-180-thread-11] pick event Id=108, eMBMSSessionId=29 current size: 3911
[pool-180-thread-13] pick event Id=109, eMBMSSessionId=88 current size: 3910
[pool-180-thread-9] pick event Id=110, eMBMSSessionId=8 current size: 3909
[pool-180-thread-16] pick event Id=111, eMBMSSessionId=40 current size: 3908
[pool-180-thread-12] pick event Id=112, eMBMSSessionId=77 current size: 3907
[pool-180-thread-2] pick event Id=113, eMBMSSessionId=75 current size: 3906
[pool-180-thread-10] pick event Id=114, eMBMSSessionId=60 current size: 3905
[pool-180-thread-14] adds event Id=115, eMBMSSessionId=8 current size: 3905
[pool-180-thread-1] pick event Id=116, eMBMSSessionId=59 current size: 3904
[pool-180-thread-3] pick event Id=117, eMBMSSessionId=62 current size: 3903
[pool-180-thread-18] adds event Id=118, eMBMSSessionId=75 current size: 3903
[pool-180-thread-20] pick event Id=119, eMBMSSessionId=47 current size: 3902
pool-180-thread-9 reduces to 3901
[pool-180-thread-19] pick event Id=120, eMBMSSessionId=84 current size: 3900
[pool-180-thread-15] pick event Id=121, eMBMSSessionId=34 current size: 3899
[pool-180-thread-8] pick event Id=122, eMBMSSessionId=99 current size: 3898
[pool-180-thread-4] pick event Id=123, eMBMSSessionId=49 current size: 3897
pool-180-thread-2 reduces to 3896
[pool-180-thread-14] pick event Id=124, eMBMSSessionId=76 current size: 3895
[pool-180-thread-7] pick event Id=125, eMBMSSessionId=52 current size: 3894
[pool-180-thread-17] pick event Id=126, eMBMSSessionId=96 current size: 3893
[pool-180-thread-5] pick event Id=127, eMBMSSessionId=86 current size: 3892
[pool-180-thread-18] adds event Id=128, eMBMSSessionId=99 current size: 3892
[pool-180-thread-18] pick event Id=129, eMBMSSessionId=5 current size: 3891
[pool-180-thread-6] adds event Id=130, eMBMSSessionId=86 current size: 3891
[pool-180-thread-11] pick event Id=131, eMBMSSessionId=78 current size: 3890
[pool-180-thread-13] pick event Id=132, eMBMSSessionId=51 current size: 3889
[pool-180-thread-16] pick event Id=133, eMBMSSessionId=81 current size: 3888
[pool-180-thread-12] pick event Id=134, eMBMSSessionId=97 current size: 3887
[pool-180-thread-9] pick event Id=135, eMBMSSessionId=12 current size: 3886
pool-180-thread-8 reduces to 3885
[pool-180-thread-17] pick event Id=136, eMBMSSessionId=41 current size: 3884
pool-180-thread-5 reduces to 3883
[pool-180-thread-1] pick event Id=137, eMBMSSessionId=89 current size: 3882
[pool-180-thread-10] pick event Id=138, eMBMSSessionId=95 current size: 3881
[pool-180-thread-3] pick event Id=139, eMBMSSessionId=85 current size: 3880
[pool-180-thread-6] pick event Id=140, eMBMSSessionId=33 current size: 3879
[pool-180-thread-13] pick event Id=141, eMBMSSessionId=36 current size: 3878
[pool-180-thread-20] pick event Id=142, eMBMSSessionId=61 current size: 3877
[pool-180-thread-15] pick event Id=143, eMBMSSessionId=57 current size: 3876
[pool-180-thread-19] pick event Id=144, eMBMSSessionId=5 current size: 3875
[pool-180-thread-14] pick event Id=145, eMBMSSessionId=22 current size: 3874
[pool-180-thread-4] pick event Id=146, eMBMSSessionId=92 current size: 3873
[pool-180-thread-2] pick event Id=147, eMBMSSessionId=21 current size: 3872
[pool-180-thread-7] pick event Id=148, eMBMSSessionId=71 current size: 3871
[pool-180-thread-18] pick event Id=149, eMBMSSessionId=45 current size: 3870
[pool-180-thread-11] pick event Id=150, eMBMSSessionId=3 current size: 3869
[pool-180-thread-16] pick event Id=151, eMBMSSessionId=99 current size: 3868
[pool-180-thread-13] pick event Id=152, eMBMSSessionId=98 current size: 3867
[pool-180-thread-9] pick event Id=153, eMBMSSessionId=8 current size: 3866
[pool-180-thread-12] pick event Id=154, eMBMSSessionId=89 current size: 3865
[pool-180-thread-8] pick event Id=155, eMBMSSessionId=35 current size: 3864
[pool-180-thread-17] pick event Id=156, eMBMSSessionId=18 current size: 3863
[pool-180-thread-14] pick event Id=157, eMBMSSessionId=17 current size: 3862
[pool-180-thread-5] pick event Id=158, eMBMSSessionId=44 current size: 3861
[pool-180-thread-7] adds event Id=159, eMBMSSessionId=35 current size: 3861
[pool-180-thread-1] pick event Id=160, eMBMSSessionId=72 current size: 3860
[pool-180-thread-10] pick event Id=161, eMBMSSessionId=42 current size: 3859
[pool-180-thread-3] pick event Id=162, eMBMSSessionId=17 current size: 3858
[pool-180-thread-14] pick event Id=163, eMBMSSessionId=63 current size: 3857
[pool-180-thread-6] pick event Id=164, eMBMSSessionId=66 current size: 3856
[pool-180-thread-20] pick event Id=165, eMBMSSessionId=3 current size: 3855
[pool-180-thread-16] pick event Id=166, eMBMSSessionId=12 current size: 3854
[pool-180-thread-15] pick event Id=167, eMBMSSessionId=75 current size: 3853
[pool-180-thread-19] adds event Id=168, eMBMSSessionId=17 current size: 3853
pool-180-thread-8 reduces to 3852
[pool-180-thread-17] pick event Id=169, eMBMSSessionId=32 current size: 3851
[pool-180-thread-4] pick event Id=170, eMBMSSessionId=21 current size: 3850
[pool-180-thread-2] pick event Id=171, eMBMSSessionId=54 current size: 3849
[pool-180-thread-7] pick event Id=172, eMBMSSessionId=64 current size: 3848
pool-180-thread-3 reduces to 3847
[pool-180-thread-10] pick event Id=173, eMBMSSessionId=95 current size: 3846
[pool-180-thread-18] pick event Id=174, eMBMSSessionId=37 current size: 3845
[pool-180-thread-11] pick event Id=175, eMBMSSessionId=23 current size: 3844
[pool-180-thread-13] pick event Id=176, eMBMSSessionId=0 current size: 3843
[pool-180-thread-6] pick event Id=177, eMBMSSessionId=46 current size: 3842
[pool-180-thread-19] pick event Id=178, eMBMSSessionId=47 current size: 3841
[pool-180-thread-9] pick event Id=179, eMBMSSessionId=71 current size: 3840
[pool-180-thread-16] pick event Id=180, eMBMSSessionId=97 current size: 3839
[pool-180-thread-12] pick event Id=181, eMBMSSessionId=87 current size: 3838
[pool-180-thread-5] adds event Id=182, eMBMSSessionId=46 current size: 3838
[pool-180-thread-1] pick event Id=183, eMBMSSessionId=55 current size: 3837
[pool-180-thread-14] pick event Id=184, eMBMSSessionId=56 current size: 3836
[pool-180-thread-20] pick event Id=185, eMBMSSessionId=92 current size: 3835
[pool-180-thread-15] adds event Id=186, eMBMSSessionId=55 current size: 3835
[pool-180-thread-15] pick event Id=187, eMBMSSessionId=43 current size: 3834
pool-180-thread-6 reduces to 3833
[pool-180-thread-8] pick event Id=188, eMBMSSessionId=33 current size: 3832
[pool-180-thread-4] pick event Id=189, eMBMSSessionId=26 current size: 3831
[pool-180-thread-16] pick event Id=190, eMBMSSessionId=89 current size: 3830
[pool-180-thread-17] pick event Id=191, eMBMSSessionId=0 current size: 3829
[pool-180-thread-2] pick event Id=192, eMBMSSessionId=97 current size: 3828
[pool-180-thread-5] adds event Id=193, eMBMSSessionId=89 current size: 3828
[pool-180-thread-7] adds event Id=194, eMBMSSessionId=97 current size: 3828
[pool-180-thread-3] pick event Id=195, eMBMSSessionId=11 current size: 3827
[pool-180-thread-10] pick event Id=196, eMBMSSessionId=29 current size: 3826
pool-180-thread-1 reduces to 3825
[pool-180-thread-18] pick event Id=197, eMBMSSessionId=87 current size: 3824
[pool-180-thread-11] pick event Id=198, eMBMSSessionId=65 current size: 3823
[pool-180-thread-13] pick event Id=199, eMBMSSessionId=44 current size: 3822
[pool-180-thread-19] pick event Id=200, eMBMSSessionId=90 current size: 3821
[pool-180-thread-9] pick event Id=201, eMBMSSessionId=66 current size: 3820
[pool-180-thread-12] pick event Id=202, eMBMSSessionId=41 current size: 3819
pool-180-thread-16 reduces to 3818
[pool-180-thread-17] pick event Id=203, eMBMSSessionId=10 current size: 3817
[pool-180-thread-5] pick event Id=204, eMBMSSessionId=20 current size: 3816
[pool-180-thread-7] pick event Id=205, eMBMSSessionId=72 current size: 3815
pool-180-thread-2 reduces to 3814
[pool-180-thread-14] pick event Id=206, eMBMSSessionId=60 current size: 3813
[pool-180-thread-15] pick event Id=207, eMBMSSessionId=52 current size: 3812
[pool-180-thread-20] pick event Id=208, eMBMSSessionId=17 current size: 3811
[pool-180-thread-6] pick event Id=209, eMBMSSessionId=30 current size: 3810
[pool-180-thread-8] pick event Id=210, eMBMSSessionId=93 current size: 3809
[pool-180-thread-4] pick event Id=211, eMBMSSessionId=49 current size: 3808
[pool-180-thread-3] pick event Id=212, eMBMSSessionId=38 current size: 3807
[pool-180-thread-10] pick event Id=213, eMBMSSessionId=81 current size: 3806
[pool-180-thread-1] pick event Id=214, eMBMSSessionId=86 current size: 3805
[pool-180-thread-18] pick event Id=215, eMBMSSessionId=77 current size: 3804
[pool-180-thread-11] pick event Id=216, eMBMSSessionId=73 current size: 3803
[pool-180-thread-13] pick event Id=217, eMBMSSessionId=5 current size: 3802
[pool-180-thread-19] pick event Id=218, eMBMSSessionId=70 current size: 3801
[pool-180-thread-9] pick event Id=219, eMBMSSessionId=45 current size: 3800
[pool-180-thread-12] pick event Id=220, eMBMSSessionId=67 current size: 3799
[pool-180-thread-8] pick event Id=221, eMBMSSessionId=99 current size: 3798
[pool-180-thread-16] pick event Id=222, eMBMSSessionId=31 current size: 3797
[pool-180-thread-4] pick event Id=223, eMBMSSessionId=78 current size: 3796
[pool-180-thread-17] pick event Id=224, eMBMSSessionId=27 current size: 3795
[pool-180-thread-2] pick event Id=225, eMBMSSessionId=23 current size: 3794
[pool-180-thread-5] pick event Id=226, eMBMSSessionId=63 current size: 3793
[pool-180-thread-7] pick event Id=227, eMBMSSessionId=29 current size: 3792
[pool-180-thread-14] pick event Id=228, eMBMSSessionId=21 current size: 3791
[pool-180-thread-15] adds event Id=229, eMBMSSessionId=23 current size: 3791
[pool-180-thread-20] pick event Id=230, eMBMSSessionId=40 current size: 3790
[pool-180-thread-11] pick event Id=231, eMBMSSessionId=46 current size: 3789
[pool-180-thread-6] pick event Id=232, eMBMSSessionId=80 current size: 3788
[pool-180-thread-19] adds event Id=233, eMBMSSessionId=80 current size: 3788
pool-180-thread-2 reduces to 3787
[pool-180-thread-3] pick event Id=234, eMBMSSessionId=4 current size: 3786
[pool-180-thread-10] pick event Id=235, eMBMSSessionId=99 current size: 3785
[pool-180-thread-1] pick event Id=236, eMBMSSessionId=5 current size: 3784
[pool-180-thread-18] pick event Id=237, eMBMSSessionId=67 current size: 3783
[pool-180-thread-15] pick event Id=238, eMBMSSessionId=2 current size: 3782
[pool-180-thread-13] pick event Id=239, eMBMSSessionId=88 current size: 3781
[pool-180-thread-9] pick event Id=240, eMBMSSessionId=52 current size: 3780
[pool-180-thread-19] pick event Id=241, eMBMSSessionId=7 current size: 3779
pool-180-thread-6 reduces to 3778
[pool-180-thread-8] pick event Id=242, eMBMSSessionId=15 current size: 3777
[pool-180-thread-12] pick event Id=243, eMBMSSessionId=97 current size: 3776
[pool-180-thread-16] adds event Id=244, eMBMSSessionId=2 current size: 3776
[pool-180-thread-4] adds event Id=245, eMBMSSessionId=97 current size: 3776
[pool-180-thread-17] pick event Id=246, eMBMSSessionId=9 current size: 3775
[pool-180-thread-7] adds event Id=247, eMBMSSessionId=23 current size: 3775
pool-180-thread-2 reduces to 3774
[pool-180-thread-7] pick event Id=248, eMBMSSessionId=66 current size: 3773
[pool-180-thread-5] pick event Id=249, eMBMSSessionId=41 current size: 3772
[pool-180-thread-14] pick event Id=250, eMBMSSessionId=94 current size: 3771
pool-180-thread-15 reduces to 3770
[pool-180-thread-18] pick event Id=251, eMBMSSessionId=93 current size: 3769
[pool-180-thread-11] adds event Id=252, eMBMSSessionId=66 current size: 3769
[pool-180-thread-20] pick event Id=253, eMBMSSessionId=25 current size: 3768
[pool-180-thread-19] pick event Id=254, eMBMSSessionId=50 current size: 3767
[pool-180-thread-6] pick event Id=255, eMBMSSessionId=80 current size: 3766
pool-180-thread-12 reduces to 3765
[pool-180-thread-12] pick event Id=256, eMBMSSessionId=1 current size: 3764
[pool-180-thread-12] pick event Id=257, eMBMSSessionId=24 current size: 3763
[pool-180-thread-12] pick event Id=258, eMBMSSessionId=82 current size: 3762
[pool-180-thread-12] pick event Id=259, eMBMSSessionId=35 current size: 3761
[pool-180-thread-12] pick event Id=260, eMBMSSessionId=34 current size: 3760
[pool-180-thread-8] pick event Id=261, eMBMSSessionId=65 current size: 3759
[pool-180-thread-8] pick event Id=262, eMBMSSessionId=57 current size: 3758
[pool-180-thread-8] pick event Id=263, eMBMSSessionId=1 current size: 3757
[pool-180-thread-8] pick event Id=264, eMBMSSessionId=16 current size: 3756
[pool-180-thread-8] adds event Id=265, eMBMSSessionId=94 current size: 3756
[pool-180-thread-16] pick event Id=266, eMBMSSessionId=69 current size: 3755
[pool-180-thread-4] pick event Id=267, eMBMSSessionId=31 current size: 3754
[pool-180-thread-4] pick event Id=268, eMBMSSessionId=61 current size: 3753
[pool-180-thread-4] pick event Id=269, eMBMSSessionId=44 current size: 3752
[pool-180-thread-4] pick event Id=270, eMBMSSessionId=3 current size: 3751
[pool-180-thread-10] adds event Id=271, eMBMSSessionId=69 current size: 3751
[pool-180-thread-10] pick event Id=272, eMBMSSessionId=86 current size: 3750
[pool-180-thread-3] pick event Id=273, eMBMSSessionId=0 current size: 3749
pool-180-thread-7 reduces to 3748
[pool-180-thread-1] pick event Id=274, eMBMSSessionId=97 current size: 3747
[pool-180-thread-5] pick event Id=275, eMBMSSessionId=41 current size: 3746
[pool-180-thread-5] pick event Id=276, eMBMSSessionId=17 current size: 3745
[pool-180-thread-5] pick event Id=277, eMBMSSessionId=33 current size: 3744
[pool-180-thread-5] pick event Id=278, eMBMSSessionId=5 current size: 3743
[pool-180-thread-5] pick event Id=279, eMBMSSessionId=49 current size: 3742
[pool-180-thread-11] pick event Id=280, eMBMSSessionId=62 current size: 3741
pool-180-thread-14 reduces to 3740
[pool-180-thread-15] adds event Id=281, eMBMSSessionId=97 current size: 3740
[pool-180-thread-15] pick event Id=282, eMBMSSessionId=54 current size: 3739
[pool-180-thread-13] pick event Id=283, eMBMSSessionId=15 current size: 3738
[pool-180-thread-19] pick event Id=284, eMBMSSessionId=28 current size: 3737
[pool-180-thread-19] pick event Id=285, eMBMSSessionId=83 current size: 3736
[pool-180-thread-9] pick event Id=286, eMBMSSessionId=18 current size: 3735
[pool-180-thread-6] adds event Id=287, eMBMSSessionId=18 current size: 3735
[pool-180-thread-6] pick event Id=288, eMBMSSessionId=71 current size: 3734
[pool-180-thread-6] pick event Id=289, eMBMSSessionId=11 current size: 3733
[pool-180-thread-8] pick event Id=290, eMBMSSessionId=95 current size: 3732
pool-180-thread-16 reduces to 3731
[pool-180-thread-17] pick event Id=291, eMBMSSessionId=75 current size: 3730
[pool-180-thread-11] pick event Id=292, eMBMSSessionId=35 current size: 3729
[pool-180-thread-2] adds event Id=293, eMBMSSessionId=0 current size: 3729
[pool-180-thread-7] pick event Id=294, eMBMSSessionId=48 current size: 3728
[pool-180-thread-2] adds event Id=295, eMBMSSessionId=94 current size: 3728
[pool-180-thread-2] pick event Id=296, eMBMSSessionId=37 current size: 3727
pool-180-thread-1 reduces to 3726
pool-180-thread-14 reduces to 3725
[pool-180-thread-20] pick event Id=297, eMBMSSessionId=79 current size: 3724
pool-180-thread-9 reduces to 3723
[pool-180-thread-18] pick event Id=298, eMBMSSessionId=21 current size: 3722
pool-180-thread-3 reduces to 3721
[pool-180-thread-12] pick event Id=299, eMBMSSessionId=67 current size: 3720
[pool-180-thread-10] pick event Id=300, eMBMSSessionId=30 current size: 3719
[pool-180-thread-4] adds event Id=301, eMBMSSessionId=75 current size: 3719
pool-180-thread-17 reduces to 3718
[pool-180-thread-16] pick event Id=302, eMBMSSessionId=39 current size: 3717
[pool-180-thread-5] pick event Id=303, eMBMSSessionId=62 current size: 3716
[pool-180-thread-13] pick event Id=304, eMBMSSessionId=86 current size: 3715
[pool-180-thread-6] adds event Id=305, eMBMSSessionId=39 current size: 3715
[pool-180-thread-15] pick event Id=306, eMBMSSessionId=90 current size: 3714
[pool-180-thread-19] pick event Id=307, eMBMSSessionId=99 current size: 3713
[pool-180-thread-8] pick event Id=308, eMBMSSessionId=94 current size: 3712
[pool-180-thread-4] pick event Id=309, eMBMSSessionId=28 current size: 3711
[pool-180-thread-11] pick event Id=310, eMBMSSessionId=72 current size: 3710
[pool-180-thread-2] pick event Id=311, eMBMSSessionId=34 current size: 3709
pool-180-thread-16 reduces to 3708
[pool-180-thread-7] pick event Id=312, eMBMSSessionId=73 current size: 3707
[pool-180-thread-1] pick event Id=313, eMBMSSessionId=68 current size: 3706
[pool-180-thread-14] pick event Id=314, eMBMSSessionId=38 current size: 3705
[pool-180-thread-20] pick event Id=315, eMBMSSessionId=87 current size: 3704
[pool-180-thread-6] pick event Id=316, eMBMSSessionId=89 current size: 3703
[pool-180-thread-9] pick event Id=317, eMBMSSessionId=37 current size: 3702
[pool-180-thread-18] pick event Id=318, eMBMSSessionId=95 current size: 3701
[pool-180-thread-3] pick event Id=319, eMBMSSessionId=17 current size: 3700
[pool-180-thread-8] pick event Id=320, eMBMSSessionId=18 current size: 3699
[pool-180-thread-12] pick event Id=321, eMBMSSessionId=53 current size: 3698
[pool-180-thread-10] pick event Id=322, eMBMSSessionId=25 current size: 3697
[pool-180-thread-17] pick event Id=323, eMBMSSessionId=19 current size: 3696
[pool-180-thread-4] pick event Id=324, eMBMSSessionId=93 current size: 3695
[pool-180-thread-2] pick event Id=325, eMBMSSessionId=72 current size: 3694
[pool-180-thread-5] pick event Id=326, eMBMSSessionId=45 current size: 3693
[pool-180-thread-13] pick event Id=327, eMBMSSessionId=84 current size: 3692
[pool-180-thread-15] pick event Id=328, eMBMSSessionId=63 current size: 3691
[pool-180-thread-19] pick event Id=329, eMBMSSessionId=68 current size: 3690
[pool-180-thread-11] pick event Id=330, eMBMSSessionId=79 current size: 3689
[pool-180-thread-7] pick event Id=331, eMBMSSessionId=4 current size: 3688
[pool-180-thread-16] pick event Id=332, eMBMSSessionId=85 current size: 3687
[pool-180-thread-2] pick event Id=333, eMBMSSessionId=21 current size: 3686
[pool-180-thread-1] pick event Id=334, eMBMSSessionId=47 current size: 3685
[pool-180-thread-14] pick event Id=335, eMBMSSessionId=28 current size: 3684
[pool-180-thread-9] pick event Id=336, eMBMSSessionId=96 current size: 3683
[pool-180-thread-6] pick event Id=337, eMBMSSessionId=38 current size: 3682
[pool-180-thread-20] pick event Id=338, eMBMSSessionId=2 current size: 3681
[pool-180-thread-18] pick event Id=339, eMBMSSessionId=53 current size: 3680
[pool-180-thread-8] pick event Id=340, eMBMSSessionId=58 current size: 3679
[pool-180-thread-12] pick event Id=341, eMBMSSessionId=62 current size: 3678
[pool-180-thread-3] adds event Id=342, eMBMSSessionId=68 current size: 3678
[pool-180-thread-17] pick event Id=343, eMBMSSessionId=42 current size: 3677
pool-180-thread-19 reduces to 3676
[pool-180-thread-10] pick event Id=344, eMBMSSessionId=59 current size: 3675
[pool-180-thread-4] pick event Id=345, eMBMSSessionId=12 current size: 3674
[pool-180-thread-5] pick event Id=346, eMBMSSessionId=52 current size: 3673
[pool-180-thread-9] adds event Id=347, eMBMSSessionId=53 current size: 3673
[pool-180-thread-13] pick event Id=348, eMBMSSessionId=63 current size: 3672
[pool-180-thread-15] pick event Id=349, eMBMSSessionId=27 current size: 3671
pool-180-thread-18 reduces to 3670
[pool-180-thread-3] pick event Id=350, eMBMSSessionId=54 current size: 3669
[pool-180-thread-11] pick event Id=351, eMBMSSessionId=81 current size: 3668
[pool-180-thread-16] pick event Id=352, eMBMSSessionId=97 current size: 3667
[pool-180-thread-7] pick event Id=353, eMBMSSessionId=62 current size: 3666
[pool-180-thread-2] pick event Id=354, eMBMSSessionId=45 current size: 3665
[pool-180-thread-20] pick event Id=355, eMBMSSessionId=93 current size: 3664
[pool-180-thread-14] pick event Id=356, eMBMSSessionId=13 current size: 3663
[pool-180-thread-6] pick event Id=357, eMBMSSessionId=61 current size: 3662
[pool-180-thread-9] pick event Id=358, eMBMSSessionId=44 current size: 3661
[pool-180-thread-1] pick event Id=359, eMBMSSessionId=76 current size: 3660
[pool-180-thread-8] pick event Id=360, eMBMSSessionId=54 current size: 3659
[pool-180-thread-17] pick event Id=361, eMBMSSessionId=48 current size: 3658
[pool-180-thread-12] pick event Id=362, eMBMSSessionId=96 current size: 3657
[pool-180-thread-19] pick event Id=363, eMBMSSessionId=92 current size: 3656
[pool-180-thread-3] pick event Id=364, eMBMSSessionId=94 current size: 3655
[pool-180-thread-10] pick event Id=365, eMBMSSessionId=56 current size: 3654
[pool-180-thread-11] pick event Id=366, eMBMSSessionId=21 current size: 3653
[pool-180-thread-4] pick event Id=367, eMBMSSessionId=33 current size: 3652
[pool-180-thread-5] pick event Id=368, eMBMSSessionId=0 current size: 3651
[pool-180-thread-13] pick event Id=369, eMBMSSessionId=37 current size: 3650
[pool-180-thread-15] pick event Id=370, eMBMSSessionId=19 current size: 3649
[pool-180-thread-18] pick event Id=371, eMBMSSessionId=12 current size: 3648
[pool-180-thread-7] pick event Id=372, eMBMSSessionId=77 current size: 3647
[pool-180-thread-16] pick event Id=373, eMBMSSessionId=80 current size: 3646
[pool-180-thread-2] pick event Id=374, eMBMSSessionId=55 current size: 3645
[pool-180-thread-4] pick event Id=375, eMBMSSessionId=70 current size: 3644
[pool-180-thread-14] pick event Id=376, eMBMSSessionId=25 current size: 3643
[pool-180-thread-20] pick event Id=377, eMBMSSessionId=82 current size: 3642
[pool-180-thread-9] pick event Id=378, eMBMSSessionId=45 current size: 3641
[pool-180-thread-6] pick event Id=379, eMBMSSessionId=56 current size: 3640
[pool-180-thread-8] pick event Id=380, eMBMSSessionId=32 current size: 3639
[pool-180-thread-1] adds event Id=381, eMBMSSessionId=77 current size: 3639
[pool-180-thread-17] pick event Id=382, eMBMSSessionId=1 current size: 3638
[pool-180-thread-12] pick event Id=383, eMBMSSessionId=4 current size: 3637
[pool-180-thread-19] pick event Id=384, eMBMSSessionId=96 current size: 3636
[pool-180-thread-3] pick event Id=385, eMBMSSessionId=33 current size: 3635
[pool-180-thread-10] pick event Id=386, eMBMSSessionId=7 current size: 3634
pool-180-thread-7 reduces to 3633
[pool-180-thread-11] pick event Id=387, eMBMSSessionId=50 current size: 3632
[pool-180-thread-5] adds event Id=388, eMBMSSessionId=4 current size: 3632
[pool-180-thread-4] pick event Id=389, eMBMSSessionId=52 current size: 3631
[pool-180-thread-13] pick event Id=390, eMBMSSessionId=65 current size: 3630
[pool-180-thread-15] pick event Id=391, eMBMSSessionId=40 current size: 3629
[pool-180-thread-20] pick event Id=392, eMBMSSessionId=11 current size: 3628
[pool-180-thread-1] pick event Id=393, eMBMSSessionId=24 current size: 3627
[pool-180-thread-18] pick event Id=394, eMBMSSessionId=59 current size: 3626
pool-180-thread-12 reduces to 3625
[pool-180-thread-16] pick event Id=395, eMBMSSessionId=32 current size: 3624
[pool-180-thread-5] pick event Id=396, eMBMSSessionId=61 current size: 3623
[pool-180-thread-10] pick event Id=397, eMBMSSessionId=94 current size: 3622
[pool-180-thread-2] pick event Id=398, eMBMSSessionId=78 current size: 3621
[pool-180-thread-14] pick event Id=399, eMBMSSessionId=81 current size: 3620
[pool-180-thread-9] pick event Id=400, eMBMSSessionId=79 current size: 3619
[pool-180-thread-6] pick event Id=401, eMBMSSessionId=93 current size: 3618
[pool-180-thread-8] pick event Id=402, eMBMSSessionId=26 current size: 3617
[pool-180-thread-17] pick event Id=403, eMBMSSessionId=1 current size: 3616
[pool-180-thread-11] pick event Id=404, eMBMSSessionId=91 current size: 3615
[pool-180-thread-19] pick event Id=405, eMBMSSessionId=96 current size: 3614
[pool-180-thread-1] pick event Id=406, eMBMSSessionId=19 current size: 3613
[pool-180-thread-7] adds event Id=407, eMBMSSessionId=81 current size: 3613
[pool-180-thread-3] pick event Id=408, eMBMSSessionId=66 current size: 3612
[pool-180-thread-7] pick event Id=409, eMBMSSessionId=73 current size: 3611
[pool-180-thread-13] pick event Id=410, eMBMSSessionId=47 current size: 3610
pool-180-thread-14 reduces to 3609
[pool-180-thread-15] pick event Id=411, eMBMSSessionId=70 current size: 3608
[pool-180-thread-4] adds event Id=412, eMBMSSessionId=73 current size: 3608
[pool-180-thread-20] pick event Id=413, eMBMSSessionId=51 current size: 3607
[pool-180-thread-18] pick event Id=414, eMBMSSessionId=53 current size: 3606
[pool-180-thread-8] pick event Id=415, eMBMSSessionId=41 current size: 3605
[pool-180-thread-12] pick event Id=416, eMBMSSessionId=63 current size: 3604
[pool-180-thread-16] pick event Id=417, eMBMSSessionId=3 current size: 3603
pool-180-thread-7 reduces to 3602
[pool-180-thread-2] pick event Id=418, eMBMSSessionId=74 current size: 3601
[pool-180-thread-5] pick event Id=419, eMBMSSessionId=38 current size: 3600
[pool-180-thread-10] pick event Id=420, eMBMSSessionId=13 current size: 3599
[pool-180-thread-9] pick event Id=421, eMBMSSessionId=43 current size: 3598
[pool-180-thread-4] pick event Id=422, eMBMSSessionId=96 current size: 3597
[pool-180-thread-6] adds event Id=423, eMBMSSessionId=51 current size: 3597
[pool-180-thread-17] pick event Id=424, eMBMSSessionId=85 current size: 3596
pool-180-thread-20 reduces to 3595
[pool-180-thread-11] pick event Id=425, eMBMSSessionId=72 current size: 3594
[pool-180-thread-1] pick event Id=426, eMBMSSessionId=21 current size: 3593
[pool-180-thread-19] pick event Id=427, eMBMSSessionId=20 current size: 3592
[pool-180-thread-3] pick event Id=428, eMBMSSessionId=29 current size: 3591
[pool-180-thread-7] pick event Id=429, eMBMSSessionId=14 current size: 3590
[pool-180-thread-13] pick event Id=430, eMBMSSessionId=54 current size: 3589
[pool-180-thread-6] adds event Id=431, eMBMSSessionId=51 current size: 3589
[pool-180-thread-14] pick event Id=432, eMBMSSessionId=8 current size: 3588
[pool-180-thread-15] pick event Id=433, eMBMSSessionId=50 current size: 3587
[pool-180-thread-18] pick event Id=434, eMBMSSessionId=81 current size: 3586
pool-180-thread-20 reduces to 3585
[pool-180-thread-8] pick event Id=435, eMBMSSessionId=94 current size: 3584
[pool-180-thread-12] pick event Id=436, eMBMSSessionId=67 current size: 3583
[pool-180-thread-16] pick event Id=437, eMBMSSessionId=68 current size: 3582
[pool-180-thread-2] adds event Id=438, eMBMSSessionId=67 current size: 3582
[pool-180-thread-10] pick event Id=439, eMBMSSessionId=52 current size: 3581
[pool-180-thread-4] pick event Id=440, eMBMSSessionId=18 current size: 3580
[pool-180-thread-5] pick event Id=441, eMBMSSessionId=47 current size: 3579
[pool-180-thread-9] pick event Id=442, eMBMSSessionId=2 current size: 3578
[pool-180-thread-6] pick event Id=443, eMBMSSessionId=53 current size: 3577
[pool-180-thread-18] pick event Id=444, eMBMSSessionId=82 current size: 3576
[pool-180-thread-17] pick event Id=445, eMBMSSessionId=34 current size: 3575
[pool-180-thread-11] pick event Id=446, eMBMSSessionId=38 current size: 3574
pool-180-thread-12 reduces to 3573
[pool-180-thread-2] pick event Id=447, eMBMSSessionId=9 current size: 3572
[pool-180-thread-1] pick event Id=448, eMBMSSessionId=43 current size: 3571
[pool-180-thread-19] pick event Id=449, eMBMSSessionId=88 current size: 3570
[pool-180-thread-13] pick event Id=450, eMBMSSessionId=26 current size: 3569
[pool-180-thread-3] pick event Id=451, eMBMSSessionId=89 current size: 3568
[pool-180-thread-7] pick event Id=452, eMBMSSessionId=10 current size: 3567
[pool-180-thread-14] pick event Id=453, eMBMSSessionId=32 current size: 3566
[pool-180-thread-15] pick event Id=454, eMBMSSessionId=90 current size: 3565
[pool-180-thread-20] pick event Id=455, eMBMSSessionId=51 current size: 3564
[pool-180-thread-8] pick event Id=456, eMBMSSessionId=76 current size: 3563
[pool-180-thread-16] pick event Id=457, eMBMSSessionId=71 current size: 3562
[pool-180-thread-17] pick event Id=458, eMBMSSessionId=78 current size: 3561
[pool-180-thread-10] pick event Id=459, eMBMSSessionId=28 current size: 3560
[pool-180-thread-18] pick event Id=460, eMBMSSessionId=24 current size: 3559
[pool-180-thread-6] pick event Id=461, eMBMSSessionId=20 current size: 3558
[pool-180-thread-4] pick event Id=462, eMBMSSessionId=6 current size: 3557
[pool-180-thread-9] pick event Id=463, eMBMSSessionId=3 current size: 3556
[pool-180-thread-5] pick event Id=464, eMBMSSessionId=87 current size: 3555
[pool-180-thread-11] pick event Id=465, eMBMSSessionId=60 current size: 3554
[pool-180-thread-1] pick event Id=466, eMBMSSessionId=92 current size: 3553
[pool-180-thread-2] pick event Id=467, eMBMSSessionId=36 current size: 3552
[pool-180-thread-12] pick event Id=468, eMBMSSessionId=95 current size: 3551
[pool-180-thread-19] pick event Id=469, eMBMSSessionId=66 current size: 3550
[pool-180-thread-13] pick event Id=470, eMBMSSessionId=86 current size: 3549
[pool-180-thread-14] pick event Id=471, eMBMSSessionId=34 current size: 3548
[pool-180-thread-3] pick event Id=472, eMBMSSessionId=21 current size: 3547
[pool-180-thread-7] pick event Id=473, eMBMSSessionId=65 current size: 3546
[pool-180-thread-15] pick event Id=474, eMBMSSessionId=5 current size: 3545
[pool-180-thread-20] pick event Id=475, eMBMSSessionId=38 current size: 3544
[pool-180-thread-8] pick event Id=476, eMBMSSessionId=63 current size: 3543
[pool-180-thread-16] pick event Id=477, eMBMSSessionId=56 current size: 3542
[pool-180-thread-17] pick event Id=478, eMBMSSessionId=29 current size: 3541
[pool-180-thread-10] pick event Id=479, eMBMSSessionId=50 current size: 3540
[pool-180-thread-19] pick event Id=480, eMBMSSessionId=78 current size: 3539
[pool-180-thread-18] pick event Id=481, eMBMSSessionId=83 current size: 3538
[pool-180-thread-6] pick event Id=482, eMBMSSessionId=28 current size: 3537
[pool-180-thread-9] pick event Id=483, eMBMSSessionId=23 current size: 3536
[pool-180-thread-1] pick event Id=484, eMBMSSessionId=33 current size: 3535
[pool-180-thread-5] pick event Id=485, eMBMSSessionId=70 current size: 3534
[pool-180-thread-11] pick event Id=486, eMBMSSessionId=17 current size: 3533
[pool-180-thread-4] adds event Id=487, eMBMSSessionId=56 current size: 3533
[pool-180-thread-2] adds event Id=488, eMBMSSessionId=33 current size: 3533
pool-180-thread-16 reduces to 3532
[pool-180-thread-12] pick event Id=489, eMBMSSessionId=15 current size: 3531
[pool-180-thread-3] pick event Id=490, eMBMSSessionId=97 current size: 3530
[pool-180-thread-14] pick event Id=491, eMBMSSessionId=99 current size: 3529
[pool-180-thread-13] pick event Id=492, eMBMSSessionId=60 current size: 3528
[pool-180-thread-7] pick event Id=493, eMBMSSessionId=4 current size: 3527
[pool-180-thread-15] pick event Id=494, eMBMSSessionId=48 current size: 3526
[pool-180-thread-8] pick event Id=495, eMBMSSessionId=77 current size: 3525
pool-180-thread-1 reduces to 3524
[pool-180-thread-20] pick event Id=496, eMBMSSessionId=45 current size: 3523
[pool-180-thread-4] pick event Id=497, eMBMSSessionId=66 current size: 3522
[pool-180-thread-2] pick event Id=498, eMBMSSessionId=26 current size: 3521
[pool-180-thread-17] adds event Id=499, eMBMSSessionId=66 current size: 3521
[pool-180-thread-19] pick event Id=500, eMBMSSessionId=41 current size: 3520
[pool-180-thread-10] pick event Id=501, eMBMSSessionId=92 current size: 3519
[pool-180-thread-6] pick event Id=502, eMBMSSessionId=14 current size: 3518
[pool-180-thread-18] pick event Id=503, eMBMSSessionId=79 current size: 3517
[pool-180-thread-9] pick event Id=504, eMBMSSessionId=8 current size: 3516
[pool-180-thread-11] pick event Id=505, eMBMSSessionId=94 current size: 3515
[pool-180-thread-5] pick event Id=506, eMBMSSessionId=5 current size: 3514
[pool-180-thread-16] pick event Id=507, eMBMSSessionId=98 current size: 3513
[pool-180-thread-17] pick event Id=508, eMBMSSessionId=23 current size: 3512
pool-180-thread-4 reduces to 3511
[pool-180-thread-12] pick event Id=509, eMBMSSessionId=87 current size: 3510
[pool-180-thread-3] pick event Id=510, eMBMSSessionId=60 current size: 3509
[pool-180-thread-14] pick event Id=511, eMBMSSessionId=31 current size: 3508
[pool-180-thread-13] pick event Id=512, eMBMSSessionId=91 current size: 3507
[pool-180-thread-7] pick event Id=513, eMBMSSessionId=1 current size: 3506
[pool-180-thread-15] pick event Id=514, eMBMSSessionId=36 current size: 3505
[pool-180-thread-8] pick event Id=515, eMBMSSessionId=48 current size: 3504
[pool-180-thread-1] pick event Id=516, eMBMSSessionId=96 current size: 3503
[pool-180-thread-20] pick event Id=517, eMBMSSessionId=21 current size: 3502
[pool-180-thread-2] pick event Id=518, eMBMSSessionId=58 current size: 3501
testOverload end.
testFull begin.
[pool-181-thread-1] pick event Id=0, eMBMSSessionId=74 current size: 4998
[pool-181-thread-2] pick event Id=1, eMBMSSessionId=14 current size: 4997
[pool-181-thread-3] pick event Id=2, eMBMSSessionId=11 current size: 4996
[pool-181-thread-4] pick event Id=3, eMBMSSessionId=40 current size: 4995
[pool-181-thread-5] pick event Id=4, eMBMSSessionId=43 current size: 4994
[pool-181-thread-6] pick event Id=5, eMBMSSessionId=0 current size: 4993
[pool-181-thread-7] pick event Id=6, eMBMSSessionId=67 current size: 4992
[pool-181-thread-8] pick event Id=7, eMBMSSessionId=35 current size: 4991
[pool-181-thread-10] pick event Id=8, eMBMSSessionId=92 current size: 4990
[pool-181-thread-11] pick event Id=9, eMBMSSessionId=79 current size: 4989
[pool-181-thread-9] pick event Id=10, eMBMSSessionId=52 current size: 4988
[pool-181-thread-12] pick event Id=11, eMBMSSessionId=96 current size: 4987
[pool-181-thread-13] pick event Id=12, eMBMSSessionId=60 current size: 4986
[pool-181-thread-14] pick event Id=13, eMBMSSessionId=3 current size: 4985
[pool-181-thread-15] pick event Id=14, eMBMSSessionId=24 current size: 4984
[pool-181-thread-16] pick event Id=15, eMBMSSessionId=38 current size: 4983
[pool-181-thread-17] pick event Id=16, eMBMSSessionId=6 current size: 4982
[pool-181-thread-18] pick event Id=17, eMBMSSessionId=56 current size: 4981
[pool-181-thread-19] pick event Id=18, eMBMSSessionId=53 current size: 4980
[pool-181-thread-20] adds event Id=19, eMBMSSessionId=38 current size: 4980
[pool-181-thread-20] pick event Id=20, eMBMSSessionId=80 current size: 4979
event queue is full, will clear all data!
NbiEventCache is cleared with total events removed: 5029
testFull end.
20 times run start
testEventSequence begin.
testEventSequence end.
testSendRadomEmbmsSessionEvents begin.
testSendRadomEmbmsSessionEvents end.
testSendSameEmbmsSessionEvents begin.
testSendSameEmbmsSessionEvents end.
testSendNoSameEmbmsSessionEvents begin.
testSendNoSameEmbmsSessionEvents end.
testSendNoEmbmsSessionIdEvents begin.
testSendNoEmbmsSessionIdEvents end.
testOverload begin.
[pool-189-thread-1] pick event Id=0, eMBMSSessionId=93 current size: 4019
[pool-189-thread-2] pick event Id=1, eMBMSSessionId=7 current size: 4018
pool-189-thread-1 Discard NBI event &apos; Id=0, eMBMSSessionId=93&apos;, current queue size: 4018
[pool-189-thread-3] pick event Id=2, eMBMSSessionId=29 current size: 4017
pool-189-thread-2 Discard NBI event &apos; Id=1, eMBMSSessionId=7&apos;, current queue size: 4017
[pool-189-thread-4] pick event Id=3, eMBMSSessionId=3 current size: 4016
pool-189-thread-4 Discard NBI event &apos; Id=3, eMBMSSessionId=3&apos;, current queue size: 4016
pool-189-thread-3 Discard NBI event &apos; Id=2, eMBMSSessionId=29&apos;, current queue size: 4016
[pool-189-thread-5] pick event Id=4, eMBMSSessionId=68 current size: 4015
[pool-189-thread-6] pick event Id=5, eMBMSSessionId=54 current size: 4014
pool-189-thread-5 Discard NBI event &apos; Id=4, eMBMSSessionId=68&apos;, current queue size: 4014
pool-189-thread-6 Discard NBI event &apos; Id=5, eMBMSSessionId=54&apos;, current queue size: 4014
[pool-189-thread-11] pick event Id=6, eMBMSSessionId=82 current size: 4013
pool-189-thread-11 Discard NBI event &apos; Id=6, eMBMSSessionId=82&apos;, current queue size: 4013
[pool-189-thread-7] pick event Id=7, eMBMSSessionId=20 current size: 4012
[pool-189-thread-8] pick event Id=8, eMBMSSessionId=66 current size: 4011
pool-189-thread-8 Discard NBI event &apos; Id=8, eMBMSSessionId=66&apos;, current queue size: 4011
[pool-189-thread-9] pick event Id=9, eMBMSSessionId=10 current size: 4010
pool-189-thread-7 Discard NBI event &apos; Id=7, eMBMSSessionId=20&apos;, current queue size: 4010
pool-189-thread-9 Discard NBI event &apos; Id=9, eMBMSSessionId=10&apos;, current queue size: 4010
[pool-189-thread-10] pick event Id=10, eMBMSSessionId=43 current size: 4009
[pool-189-thread-18] pick event Id=11, eMBMSSessionId=95 current size: 4008
pool-189-thread-10 Discard NBI event &apos; Id=10, eMBMSSessionId=43&apos;, current queue size: 4008
[pool-189-thread-12] pick event Id=12, eMBMSSessionId=24 current size: 4007
[pool-189-thread-14] pick event Id=13, eMBMSSessionId=92 current size: 4006
[pool-189-thread-13] pick event Id=14, eMBMSSessionId=16 current size: 4005
pool-189-thread-12 Discard NBI event &apos; Id=12, eMBMSSessionId=24&apos;, current queue size: 4005
pool-189-thread-14 Discard NBI event &apos; Id=13, eMBMSSessionId=92&apos;, current queue size: 4005
pool-189-thread-18 Discard NBI event &apos; Id=11, eMBMSSessionId=95&apos;, current queue size: 4005
pool-189-thread-13 Discard NBI event &apos; Id=14, eMBMSSessionId=16&apos;, current queue size: 4005
[pool-189-thread-15] pick event Id=15, eMBMSSessionId=98 current size: 4004
[pool-189-thread-16] pick event Id=16, eMBMSSessionId=31 current size: 4003
pool-189-thread-15 Discard NBI event &apos; Id=15, eMBMSSessionId=98&apos;, current queue size: 4003
[pool-189-thread-8] pick event Id=17, eMBMSSessionId=8 current size: 4002
pool-189-thread-16 Discard NBI event &apos; Id=16, eMBMSSessionId=31&apos;, current queue size: 4002
pool-189-thread-8 Discard NBI event &apos; Id=17, eMBMSSessionId=8&apos;, current queue size: 4002
[pool-189-thread-17] pick event Id=18, eMBMSSessionId=45 current size: 4001
[pool-189-thread-19] pick event Id=19, eMBMSSessionId=17 current size: 4000
[pool-189-thread-3] pick event Id=20, eMBMSSessionId=60 current size: 3999
pool-189-thread-17 Discard NBI event &apos; Id=18, eMBMSSessionId=45&apos;, current queue size: 4000
[pool-189-thread-1] pick event Id=21, eMBMSSessionId=34 current size: 3998
pool-189-thread-19 Discard NBI event &apos; Id=19, eMBMSSessionId=17&apos;, current queue size: 3998
[pool-189-thread-2] pick event Id=22, eMBMSSessionId=57 current size: 3997
[pool-189-thread-20] pick event Id=23, eMBMSSessionId=93 current size: 3996
[pool-189-thread-4] pick event Id=24, eMBMSSessionId=69 current size: 3995
[pool-189-thread-6] pick event Id=25, eMBMSSessionId=75 current size: 3994
[pool-189-thread-5] pick event Id=26, eMBMSSessionId=39 current size: 3993
[pool-189-thread-11] pick event Id=27, eMBMSSessionId=7 current size: 3992
[pool-189-thread-9] pick event Id=28, eMBMSSessionId=4 current size: 3991
[pool-189-thread-15] pick event Id=29, eMBMSSessionId=90 current size: 3990
[pool-189-thread-7] pick event Id=30, eMBMSSessionId=40 current size: 3989
[pool-189-thread-3] pick event Id=31, eMBMSSessionId=41 current size: 3988
[pool-189-thread-12] pick event Id=32, eMBMSSessionId=99 current size: 3987
[pool-189-thread-10] pick event Id=33, eMBMSSessionId=78 current size: 3986
[pool-189-thread-14] pick event Id=34, eMBMSSessionId=9 current size: 3985
[pool-189-thread-13] pick event Id=35, eMBMSSessionId=45 current size: 3984
[pool-189-thread-11] pick event Id=36, eMBMSSessionId=52 current size: 3983
[pool-189-thread-18] pick event Id=37, eMBMSSessionId=65 current size: 3982
[pool-189-thread-16] pick event Id=38, eMBMSSessionId=6 current size: 3981
[pool-189-thread-8] pick event Id=39, eMBMSSessionId=39 current size: 3980
[pool-189-thread-17] pick event Id=40, eMBMSSessionId=32 current size: 3979
[pool-189-thread-1] pick event Id=41, eMBMSSessionId=79 current size: 3978
[pool-189-thread-19] pick event Id=42, eMBMSSessionId=88 current size: 3977
[pool-189-thread-2] pick event Id=43, eMBMSSessionId=72 current size: 3976
[pool-189-thread-20] pick event Id=44, eMBMSSessionId=92 current size: 3975
[pool-189-thread-4] pick event Id=45, eMBMSSessionId=69 current size: 3974
[pool-189-thread-6] adds event Id=46, eMBMSSessionId=92 current size: 3974
[pool-189-thread-9] pick event Id=47, eMBMSSessionId=5 current size: 3973
[pool-189-thread-5] pick event Id=48, eMBMSSessionId=2 current size: 3972
[pool-189-thread-7] pick event Id=49, eMBMSSessionId=93 current size: 3971
[pool-189-thread-15] pick event Id=50, eMBMSSessionId=22 current size: 3970
[pool-189-thread-3] pick event Id=51, eMBMSSessionId=23 current size: 3969
[pool-189-thread-17] pick event Id=52, eMBMSSessionId=55 current size: 3968
[pool-189-thread-12] pick event Id=53, eMBMSSessionId=58 current size: 3967
pool-189-thread-20 reduces to 3966
[pool-189-thread-10] pick event Id=54, eMBMSSessionId=65 current size: 3965
[pool-189-thread-6] pick event Id=55, eMBMSSessionId=37 current size: 3964
[pool-189-thread-14] pick event Id=56, eMBMSSessionId=81 current size: 3963
[pool-189-thread-13] pick event Id=57, eMBMSSessionId=38 current size: 3962
[pool-189-thread-11] pick event Id=58, eMBMSSessionId=12 current size: 3961
[pool-189-thread-16] pick event Id=59, eMBMSSessionId=76 current size: 3960
[pool-189-thread-18] pick event Id=60, eMBMSSessionId=89 current size: 3959
[pool-189-thread-8] pick event Id=61, eMBMSSessionId=1 current size: 3958
[pool-189-thread-1] adds event Id=62, eMBMSSessionId=38 current size: 3958
[pool-189-thread-2] pick event Id=63, eMBMSSessionId=30 current size: 3957
[pool-189-thread-19] pick event Id=64, eMBMSSessionId=56 current size: 3956
[pool-189-thread-17] pick event Id=65, eMBMSSessionId=2 current size: 3955
[pool-189-thread-4] pick event Id=66, eMBMSSessionId=27 current size: 3954
pool-189-thread-13 reduces to 3953
[pool-189-thread-9] pick event Id=67, eMBMSSessionId=58 current size: 3952
[pool-189-thread-5] pick event Id=68, eMBMSSessionId=42 current size: 3951
[pool-189-thread-1] adds event Id=69, eMBMSSessionId=56 current size: 3951
[pool-189-thread-7] pick event Id=70, eMBMSSessionId=80 current size: 3950
[pool-189-thread-3] pick event Id=71, eMBMSSessionId=61 current size: 3949
[pool-189-thread-15] pick event Id=72, eMBMSSessionId=21 current size: 3948
pool-189-thread-19 reduces to 3947
[pool-189-thread-20] pick event Id=73, eMBMSSessionId=49 current size: 3946
[pool-189-thread-10] pick event Id=74, eMBMSSessionId=46 current size: 3945
[pool-189-thread-6] pick event Id=75, eMBMSSessionId=70 current size: 3944
[pool-189-thread-12] pick event Id=76, eMBMSSessionId=30 current size: 3943
[pool-189-thread-14] pick event Id=77, eMBMSSessionId=18 current size: 3942
[pool-189-thread-11] pick event Id=78, eMBMSSessionId=86 current size: 3941
[pool-189-thread-16] pick event Id=79, eMBMSSessionId=13 current size: 3940
[pool-189-thread-18] pick event Id=80, eMBMSSessionId=79 current size: 3939
[pool-189-thread-6] pick event Id=81, eMBMSSessionId=16 current size: 3938
[pool-189-thread-8] pick event Id=82, eMBMSSessionId=76 current size: 3937
[pool-189-thread-1] adds event Id=83, eMBMSSessionId=13 current size: 3937
[pool-189-thread-2] pick event Id=84, eMBMSSessionId=29 current size: 3936
[pool-189-thread-17] pick event Id=85, eMBMSSessionId=33 current size: 3935
[pool-189-thread-19] pick event Id=86, eMBMSSessionId=38 current size: 3934
[pool-189-thread-15] pick event Id=87, eMBMSSessionId=51 current size: 3933
[pool-189-thread-4] pick event Id=88, eMBMSSessionId=12 current size: 3932
[pool-189-thread-10] pick event Id=89, eMBMSSessionId=36 current size: 3931
[pool-189-thread-14] pick event Id=90, eMBMSSessionId=48 current size: 3930
pool-189-thread-16 reduces to 3929
[pool-189-thread-13] pick event Id=91, eMBMSSessionId=7 current size: 3928
[pool-189-thread-9] pick event Id=92, eMBMSSessionId=73 current size: 3927
[pool-189-thread-5] pick event Id=93, eMBMSSessionId=15 current size: 3926
[pool-189-thread-1] pick event Id=94, eMBMSSessionId=18 current size: 3925
[pool-189-thread-6] adds event Id=95, eMBMSSessionId=18 current size: 3925
[pool-189-thread-3] adds event Id=96, eMBMSSessionId=73 current size: 3925
[pool-189-thread-7] pick event Id=97, eMBMSSessionId=21 current size: 3924
[pool-189-thread-20] pick event Id=98, eMBMSSessionId=74 current size: 3923
[pool-189-thread-11] pick event Id=99, eMBMSSessionId=63 current size: 3922
[pool-189-thread-12] pick event Id=100, eMBMSSessionId=25 current size: 3921
[pool-189-thread-18] pick event Id=101, eMBMSSessionId=19 current size: 3920
[pool-189-thread-8] pick event Id=102, eMBMSSessionId=84 current size: 3919
pool-189-thread-9 reduces to 3918
[pool-189-thread-6] pick event Id=103, eMBMSSessionId=95 current size: 3917
pool-189-thread-1 reduces to 3916
[pool-189-thread-3] pick event Id=104, eMBMSSessionId=6 current size: 3915
[pool-189-thread-2] pick event Id=105, eMBMSSessionId=28 current size: 3914
[pool-189-thread-19] pick event Id=106, eMBMSSessionId=24 current size: 3913
[pool-189-thread-15] pick event Id=107, eMBMSSessionId=20 current size: 3912
[pool-189-thread-17] pick event Id=108, eMBMSSessionId=98 current size: 3911
[pool-189-thread-4] pick event Id=109, eMBMSSessionId=34 current size: 3910
[pool-189-thread-14] pick event Id=110, eMBMSSessionId=72 current size: 3909
[pool-189-thread-10] pick event Id=111, eMBMSSessionId=5 current size: 3908
[pool-189-thread-12] pick event Id=112, eMBMSSessionId=69 current size: 3907
[pool-189-thread-16] adds event Id=113, eMBMSSessionId=5 current size: 3907
[pool-189-thread-13] pick event Id=114, eMBMSSessionId=39 current size: 3906
[pool-189-thread-5] pick event Id=115, eMBMSSessionId=36 current size: 3905
[pool-189-thread-18] pick event Id=116, eMBMSSessionId=50 current size: 3904
[pool-189-thread-7] adds event Id=117, eMBMSSessionId=98 current size: 3904
[pool-189-thread-20] pick event Id=118, eMBMSSessionId=22 current size: 3903
[pool-189-thread-11] pick event Id=119, eMBMSSessionId=27 current size: 3902
[pool-189-thread-4] adds event Id=120, eMBMSSessionId=22 current size: 3902
[pool-189-thread-16] pick event Id=121, eMBMSSessionId=70 current size: 3901
pool-189-thread-10 reduces to 3900
pool-189-thread-17 reduces to 3899
[pool-189-thread-8] pick event Id=122, eMBMSSessionId=13 current size: 3898
[pool-189-thread-13] pick event Id=123, eMBMSSessionId=77 current size: 3897
[pool-189-thread-9] pick event Id=124, eMBMSSessionId=31 current size: 3896
[pool-189-thread-1] pick event Id=125, eMBMSSessionId=16 current size: 3895
[pool-189-thread-6] pick event Id=126, eMBMSSessionId=27 current size: 3894
[pool-189-thread-3] pick event Id=127, eMBMSSessionId=28 current size: 3893
[pool-189-thread-7] pick event Id=128, eMBMSSessionId=73 current size: 3892
[pool-189-thread-2] pick event Id=129, eMBMSSessionId=49 current size: 3891
[pool-189-thread-19] pick event Id=130, eMBMSSessionId=3 current size: 3890
[pool-189-thread-6] pick event Id=131, eMBMSSessionId=39 current size: 3889
pool-189-thread-20 reduces to 3888
[pool-189-thread-15] pick event Id=132, eMBMSSessionId=18 current size: 3887
[pool-189-thread-4] pick event Id=133, eMBMSSessionId=23 current size: 3886
[pool-189-thread-11] pick event Id=134, eMBMSSessionId=94 current size: 3885
[pool-189-thread-14] pick event Id=135, eMBMSSessionId=89 current size: 3884
[pool-189-thread-12] pick event Id=136, eMBMSSessionId=36 current size: 3883
[pool-189-thread-5] pick event Id=137, eMBMSSessionId=37 current size: 3882
[pool-189-thread-18] pick event Id=138, eMBMSSessionId=62 current size: 3881
[pool-189-thread-8] pick event Id=139, eMBMSSessionId=78 current size: 3880
[pool-189-thread-13] pick event Id=140, eMBMSSessionId=42 current size: 3879
[pool-189-thread-9] pick event Id=141, eMBMSSessionId=46 current size: 3878
[pool-189-thread-19] pick event Id=142, eMBMSSessionId=88 current size: 3877
[pool-189-thread-2] pick event Id=143, eMBMSSessionId=31 current size: 3876
[pool-189-thread-4] pick event Id=144, eMBMSSessionId=60 current size: 3875
[pool-189-thread-16] pick event Id=145, eMBMSSessionId=92 current size: 3874
[pool-189-thread-17] pick event Id=146, eMBMSSessionId=52 current size: 3873
[pool-189-thread-10] pick event Id=147, eMBMSSessionId=77 current size: 3872
[pool-189-thread-1] pick event Id=148, eMBMSSessionId=47 current size: 3871
[pool-189-thread-7] pick event Id=149, eMBMSSessionId=90 current size: 3870
[pool-189-thread-3] pick event Id=150, eMBMSSessionId=55 current size: 3869
[pool-189-thread-8] pick event Id=151, eMBMSSessionId=8 current size: 3868
[pool-189-thread-6] pick event Id=152, eMBMSSessionId=89 current size: 3867
[pool-189-thread-20] pick event Id=153, eMBMSSessionId=26 current size: 3866
[pool-189-thread-15] pick event Id=154, eMBMSSessionId=10 current size: 3865
[pool-189-thread-11] pick event Id=155, eMBMSSessionId=21 current size: 3864
[pool-189-thread-14] pick event Id=156, eMBMSSessionId=1 current size: 3863
[pool-189-thread-5] pick event Id=157, eMBMSSessionId=93 current size: 3862
[pool-189-thread-12] pick event Id=158, eMBMSSessionId=0 current size: 3861
[pool-189-thread-18] pick event Id=159, eMBMSSessionId=50 current size: 3860
[pool-189-thread-13] pick event Id=160, eMBMSSessionId=80 current size: 3859
[pool-189-thread-9] pick event Id=161, eMBMSSessionId=24 current size: 3858
[pool-189-thread-19] pick event Id=162, eMBMSSessionId=68 current size: 3857
[pool-189-thread-2] pick event Id=163, eMBMSSessionId=38 current size: 3856
[pool-189-thread-15] adds event Id=164, eMBMSSessionId=24 current size: 3856
[pool-189-thread-4] pick event Id=165, eMBMSSessionId=40 current size: 3855
[pool-189-thread-17] pick event Id=166, eMBMSSessionId=14 current size: 3854
[pool-189-thread-14] pick event Id=167, eMBMSSessionId=99 current size: 3853
[pool-189-thread-16] pick event Id=168, eMBMSSessionId=86 current size: 3852
[pool-189-thread-10] pick event Id=169, eMBMSSessionId=26 current size: 3851
[pool-189-thread-7] pick event Id=170, eMBMSSessionId=37 current size: 3850
[pool-189-thread-8] pick event Id=171, eMBMSSessionId=81 current size: 3849
[pool-189-thread-1] pick event Id=172, eMBMSSessionId=48 current size: 3848
[pool-189-thread-3] pick event Id=173, eMBMSSessionId=25 current size: 3847
pool-189-thread-9 reduces to 3846
[pool-189-thread-6] adds event Id=174, eMBMSSessionId=24 current size: 3846
[pool-189-thread-20] pick event Id=175, eMBMSSessionId=73 current size: 3845
pool-189-thread-9 reduces to 3844
[pool-189-thread-11] adds event Id=176, eMBMSSessionId=40 current size: 3844
[pool-189-thread-15] pick event Id=177, eMBMSSessionId=57 current size: 3843
pool-189-thread-4 reduces to 3842
[pool-189-thread-5] adds event Id=178, eMBMSSessionId=14 current size: 3842
pool-189-thread-17 reduces to 3841
[pool-189-thread-12] pick event Id=179, eMBMSSessionId=16 current size: 3840
[pool-189-thread-14] pick event Id=180, eMBMSSessionId=68 current size: 3839
[pool-189-thread-18] pick event Id=181, eMBMSSessionId=13 current size: 3838
[pool-189-thread-13] pick event Id=182, eMBMSSessionId=11 current size: 3837
[pool-189-thread-6] pick event Id=183, eMBMSSessionId=23 current size: 3836
[pool-189-thread-19] pick event Id=184, eMBMSSessionId=94 current size: 3835
[pool-189-thread-2] pick event Id=185, eMBMSSessionId=9 current size: 3834
[pool-189-thread-11] pick event Id=186, eMBMSSessionId=84 current size: 3833
[pool-189-thread-5] pick event Id=187, eMBMSSessionId=43 current size: 3832
[pool-189-thread-10] pick event Id=188, eMBMSSessionId=92 current size: 3831
[pool-189-thread-16] pick event Id=189, eMBMSSessionId=82 current size: 3830
[pool-189-thread-8] pick event Id=190, eMBMSSessionId=14 current size: 3829
[pool-189-thread-7] adds event Id=191, eMBMSSessionId=82 current size: 3829
[pool-189-thread-1] pick event Id=192, eMBMSSessionId=50 current size: 3828
[pool-189-thread-3] pick event Id=193, eMBMSSessionId=12 current size: 3827
[pool-189-thread-20] pick event Id=194, eMBMSSessionId=64 current size: 3826
[pool-189-thread-9] pick event Id=195, eMBMSSessionId=68 current size: 3825
[pool-189-thread-15] pick event Id=196, eMBMSSessionId=33 current size: 3824
[pool-189-thread-19] pick event Id=197, eMBMSSessionId=5 current size: 3823
[pool-189-thread-4] pick event Id=198, eMBMSSessionId=80 current size: 3822
[pool-189-thread-17] pick event Id=199, eMBMSSessionId=37 current size: 3821
[pool-189-thread-10] pick event Id=200, eMBMSSessionId=40 current size: 3820
[pool-189-thread-12] pick event Id=201, eMBMSSessionId=28 current size: 3819
pool-189-thread-16 reduces to 3818
[pool-189-thread-14] adds event Id=202, eMBMSSessionId=37 current size: 3818
[pool-189-thread-7] pick event Id=203, eMBMSSessionId=3 current size: 3817
[pool-189-thread-18] pick event Id=204, eMBMSSessionId=93 current size: 3816
[pool-189-thread-13] pick event Id=205, eMBMSSessionId=9 current size: 3815
[pool-189-thread-6] pick event Id=206, eMBMSSessionId=70 current size: 3814
[pool-189-thread-11] pick event Id=207, eMBMSSessionId=96 current size: 3813
[pool-189-thread-2] pick event Id=208, eMBMSSessionId=97 current size: 3812
[pool-189-thread-5] pick event Id=209, eMBMSSessionId=24 current size: 3811
pool-189-thread-17 reduces to 3810
[pool-189-thread-14] adds event Id=210, eMBMSSessionId=70 current size: 3810
[pool-189-thread-8] pick event Id=211, eMBMSSessionId=43 current size: 3809
[pool-189-thread-12] pick event Id=212, eMBMSSessionId=17 current size: 3808
[pool-189-thread-1] pick event Id=213, eMBMSSessionId=65 current size: 3807
[pool-189-thread-3] pick event Id=214, eMBMSSessionId=19 current size: 3806
[pool-189-thread-20] pick event Id=215, eMBMSSessionId=48 current size: 3805
pool-189-thread-6 reduces to 3804
[pool-189-thread-15] pick event Id=216, eMBMSSessionId=98 current size: 3803
[pool-189-thread-9] pick event Id=217, eMBMSSessionId=87 current size: 3802
[pool-189-thread-19] pick event Id=218, eMBMSSessionId=93 current size: 3801
[pool-189-thread-4] adds event Id=219, eMBMSSessionId=19 current size: 3801
[pool-189-thread-14] pick event Id=220, eMBMSSessionId=44 current size: 3800
[pool-189-thread-10] pick event Id=221, eMBMSSessionId=22 current size: 3799
[pool-189-thread-16] pick event Id=222, eMBMSSessionId=66 current size: 3798
[pool-189-thread-7] pick event Id=223, eMBMSSessionId=41 current size: 3797
[pool-189-thread-18] adds event Id=224, eMBMSSessionId=19 current size: 3797
[pool-189-thread-13] pick event Id=225, eMBMSSessionId=0 current size: 3796
pool-189-thread-3 reduces to 3795
[pool-189-thread-11] pick event Id=226, eMBMSSessionId=36 current size: 3794
[pool-189-thread-4] pick event Id=227, eMBMSSessionId=70 current size: 3793
[pool-189-thread-9] pick event Id=228, eMBMSSessionId=62 current size: 3792
[pool-189-thread-2] pick event Id=229, eMBMSSessionId=59 current size: 3791
[pool-189-thread-5] pick event Id=230, eMBMSSessionId=3 current size: 3790
[pool-189-thread-17] adds event Id=231, eMBMSSessionId=62 current size: 3790
[pool-189-thread-18] pick event Id=232, eMBMSSessionId=6 current size: 3789
[pool-189-thread-10] pick event Id=233, eMBMSSessionId=43 current size: 3788
[pool-189-thread-8] pick event Id=234, eMBMSSessionId=68 current size: 3787
[pool-189-thread-12] pick event Id=235, eMBMSSessionId=58 current size: 3786
[pool-189-thread-1] pick event Id=236, eMBMSSessionId=32 current size: 3785
[pool-189-thread-20] adds event Id=237, eMBMSSessionId=62 current size: 3785
[pool-189-thread-20] pick event Id=238, eMBMSSessionId=67 current size: 3784
pool-189-thread-3 reduces to 3783
[pool-189-thread-6] pick event Id=239, eMBMSSessionId=56 current size: 3782
[pool-189-thread-15] pick event Id=240, eMBMSSessionId=11 current size: 3781
[pool-189-thread-19] pick event Id=241, eMBMSSessionId=98 current size: 3780
[pool-189-thread-14] pick event Id=242, eMBMSSessionId=63 current size: 3779
pool-189-thread-9 reduces to 3778
[pool-189-thread-17] pick event Id=243, eMBMSSessionId=20 current size: 3777
[pool-189-thread-16] pick event Id=244, eMBMSSessionId=77 current size: 3776
[pool-189-thread-7] pick event Id=245, eMBMSSessionId=65 current size: 3775
[pool-189-thread-13] pick event Id=246, eMBMSSessionId=3 current size: 3774
[pool-189-thread-11] pick event Id=247, eMBMSSessionId=43 current size: 3773
[pool-189-thread-6] pick event Id=248, eMBMSSessionId=60 current size: 3772
[pool-189-thread-4] pick event Id=249, eMBMSSessionId=4 current size: 3771
pool-189-thread-9 reduces to 3770
[pool-189-thread-5] pick event Id=250, eMBMSSessionId=37 current size: 3769
[pool-189-thread-2] pick event Id=251, eMBMSSessionId=98 current size: 3768
[pool-189-thread-18] pick event Id=252, eMBMSSessionId=36 current size: 3767
[pool-189-thread-10] pick event Id=253, eMBMSSessionId=97 current size: 3766
[pool-189-thread-8] pick event Id=254, eMBMSSessionId=86 current size: 3765
[pool-189-thread-1] pick event Id=255, eMBMSSessionId=27 current size: 3764
[pool-189-thread-12] pick event Id=256, eMBMSSessionId=76 current size: 3763
[pool-189-thread-3] pick event Id=257, eMBMSSessionId=67 current size: 3762
[pool-189-thread-20] pick event Id=258, eMBMSSessionId=63 current size: 3761
[pool-189-thread-19] pick event Id=259, eMBMSSessionId=70 current size: 3760
[pool-189-thread-11] adds event Id=260, eMBMSSessionId=62 current size: 3760
[pool-189-thread-15] pick event Id=261, eMBMSSessionId=5 current size: 3759
[pool-189-thread-14] pick event Id=262, eMBMSSessionId=1 current size: 3758
pool-189-thread-9 reduces to 3757
[pool-189-thread-17] pick event Id=263, eMBMSSessionId=7 current size: 3756
[pool-189-thread-2] pick event Id=264, eMBMSSessionId=21 current size: 3755
[pool-189-thread-7] adds event Id=265, eMBMSSessionId=63 current size: 3755
[pool-189-thread-7] pick event Id=266, eMBMSSessionId=77 current size: 3754
[pool-189-thread-16] pick event Id=267, eMBMSSessionId=78 current size: 3753
[pool-189-thread-8] pick event Id=268, eMBMSSessionId=50 current size: 3752
[pool-189-thread-13] pick event Id=269, eMBMSSessionId=89 current size: 3751
[pool-189-thread-1] pick event Id=270, eMBMSSessionId=95 current size: 3750
pool-189-thread-20 reduces to 3749
[pool-189-thread-19] pick event Id=271, eMBMSSessionId=85 current size: 3748
[pool-189-thread-12] pick event Id=272, eMBMSSessionId=87 current size: 3747
[pool-189-thread-14] pick event Id=273, eMBMSSessionId=33 current size: 3746
[pool-189-thread-11] adds event Id=274, eMBMSSessionId=85 current size: 3746
[pool-189-thread-4] pick event Id=275, eMBMSSessionId=66 current size: 3745
[pool-189-thread-11] pick event Id=276, eMBMSSessionId=57 current size: 3744
[pool-189-thread-6] pick event Id=277, eMBMSSessionId=11 current size: 3743
[pool-189-thread-10] pick event Id=278, eMBMSSessionId=75 current size: 3742
[pool-189-thread-10] adds event Id=279, eMBMSSessionId=63 current size: 3742
[pool-189-thread-10] pick event Id=280, eMBMSSessionId=20 current size: 3741
[pool-189-thread-10] pick event Id=281, eMBMSSessionId=81 current size: 3740
[pool-189-thread-10] pick event Id=282, eMBMSSessionId=43 current size: 3739
[pool-189-thread-10] pick event Id=283, eMBMSSessionId=67 current size: 3738
[pool-189-thread-10] pick event Id=284, eMBMSSessionId=9 current size: 3737
[pool-189-thread-18] pick event Id=285, eMBMSSessionId=1 current size: 3736
[pool-189-thread-5] pick event Id=286, eMBMSSessionId=15 current size: 3735
[pool-189-thread-3] pick event Id=287, eMBMSSessionId=83 current size: 3734
[pool-189-thread-8] pick event Id=288, eMBMSSessionId=71 current size: 3733
pool-189-thread-19 reduces to 3732
pool-189-thread-20 reduces to 3731
[pool-189-thread-15] pick event Id=289, eMBMSSessionId=31 current size: 3730
[pool-189-thread-15] pick event Id=290, eMBMSSessionId=6 current size: 3729
[pool-189-thread-15] adds event Id=291, eMBMSSessionId=83 current size: 3729
[pool-189-thread-15] adds event Id=292, eMBMSSessionId=71 current size: 3729
[pool-189-thread-15] pick event Id=293, eMBMSSessionId=23 current size: 3728
[pool-189-thread-11] pick event Id=294, eMBMSSessionId=88 current size: 3727
[pool-189-thread-9] pick event Id=295, eMBMSSessionId=48 current size: 3726
[pool-189-thread-6] pick event Id=296, eMBMSSessionId=27 current size: 3725
[pool-189-thread-2] pick event Id=297, eMBMSSessionId=21 current size: 3724
[pool-189-thread-17] pick event Id=298, eMBMSSessionId=93 current size: 3723
[pool-189-thread-7] adds event Id=299, eMBMSSessionId=93 current size: 3723
[pool-189-thread-7] adds event Id=300, eMBMSSessionId=63 current size: 3723
[pool-189-thread-10] pick event Id=301, eMBMSSessionId=13 current size: 3722
[pool-189-thread-10] pick event Id=302, eMBMSSessionId=98 current size: 3721
[pool-189-thread-10] pick event Id=303, eMBMSSessionId=34 current size: 3720
[pool-189-thread-10] adds event Id=304, eMBMSSessionId=71 current size: 3720
[pool-189-thread-10] pick event Id=305, eMBMSSessionId=46 current size: 3719
[pool-189-thread-16] pick event Id=306, eMBMSSessionId=89 current size: 3718
pool-189-thread-8 reduces to 3717
[pool-189-thread-5] pick event Id=307, eMBMSSessionId=81 current size: 3716
[pool-189-thread-13] pick event Id=308, eMBMSSessionId=28 current size: 3715
[pool-189-thread-1] pick event Id=309, eMBMSSessionId=75 current size: 3714
[pool-189-thread-12] pick event Id=310, eMBMSSessionId=79 current size: 3713
[pool-189-thread-14] pick event Id=311, eMBMSSessionId=45 current size: 3712
pool-189-thread-3 reduces to 3711
[pool-189-thread-15] pick event Id=312, eMBMSSessionId=50 current size: 3710
pool-189-thread-20 reduces to 3709
[pool-189-thread-4] pick event Id=313, eMBMSSessionId=8 current size: 3708
[pool-189-thread-18] adds event Id=314, eMBMSSessionId=71 current size: 3708
[pool-189-thread-7] pick event Id=315, eMBMSSessionId=62 current size: 3707
pool-189-thread-17 reduces to 3706
pool-189-thread-8 reduces to 3705
[pool-189-thread-14] pick event Id=316, eMBMSSessionId=22 current size: 3704
[pool-189-thread-5] pick event Id=317, eMBMSSessionId=3 current size: 3703
[pool-189-thread-19] pick event Id=318, eMBMSSessionId=21 current size: 3702
[pool-189-thread-11] pick event Id=319, eMBMSSessionId=87 current size: 3701
[pool-189-thread-9] pick event Id=320, eMBMSSessionId=46 current size: 3700
[pool-189-thread-6] pick event Id=321, eMBMSSessionId=11 current size: 3699
[pool-189-thread-18] pick event Id=322, eMBMSSessionId=12 current size: 3698
[pool-189-thread-2] pick event Id=323, eMBMSSessionId=78 current size: 3697
[pool-189-thread-16] adds event Id=324, eMBMSSessionId=62 current size: 3697
[pool-189-thread-10] adds event Id=325, eMBMSSessionId=87 current size: 3697
[pool-189-thread-10] pick event Id=326, eMBMSSessionId=33 current size: 3696
[pool-189-thread-1] pick event Id=327, eMBMSSessionId=41 current size: 3695
pool-189-thread-7 reduces to 3694
[pool-189-thread-13] pick event Id=328, eMBMSSessionId=54 current size: 3693
pool-189-thread-8 reduces to 3692
[pool-189-thread-12] pick event Id=329, eMBMSSessionId=75 current size: 3691
[pool-189-thread-3] pick event Id=330, eMBMSSessionId=62 current size: 3690
pool-189-thread-11 reduces to 3689
[pool-189-thread-15] pick event Id=331, eMBMSSessionId=5 current size: 3688
[pool-189-thread-20] pick event Id=332, eMBMSSessionId=50 current size: 3687
[pool-189-thread-4] pick event Id=333, eMBMSSessionId=51 current size: 3686
[pool-189-thread-16] pick event Id=334, eMBMSSessionId=40 current size: 3685
[pool-189-thread-10] pick event Id=335, eMBMSSessionId=0 current size: 3684
[pool-189-thread-17] pick event Id=336, eMBMSSessionId=21 current size: 3683
[pool-189-thread-1] pick event Id=337, eMBMSSessionId=65 current size: 3682
[pool-189-thread-7] pick event Id=338, eMBMSSessionId=90 current size: 3681
[pool-189-thread-14] pick event Id=339, eMBMSSessionId=78 current size: 3680
[pool-189-thread-5] pick event Id=340, eMBMSSessionId=27 current size: 3679
[pool-189-thread-19] pick event Id=341, eMBMSSessionId=70 current size: 3678
[pool-189-thread-9] pick event Id=342, eMBMSSessionId=19 current size: 3677
[pool-189-thread-6] adds event Id=343, eMBMSSessionId=70 current size: 3677
[pool-189-thread-18] pick event Id=344, eMBMSSessionId=82 current size: 3676
[pool-189-thread-2] pick event Id=345, eMBMSSessionId=98 current size: 3675
[pool-189-thread-4] adds event Id=346, eMBMSSessionId=65 current size: 3675
[pool-189-thread-13] pick event Id=347, eMBMSSessionId=84 current size: 3674
[pool-189-thread-8] pick event Id=348, eMBMSSessionId=4 current size: 3673
pool-189-thread-1 reduces to 3672
[pool-189-thread-3] adds event Id=349, eMBMSSessionId=82 current size: 3672
[pool-189-thread-1] pick event Id=350, eMBMSSessionId=28 current size: 3671
[pool-189-thread-12] pick event Id=351, eMBMSSessionId=61 current size: 3670
[pool-189-thread-11] pick event Id=352, eMBMSSessionId=48 current size: 3669
[pool-189-thread-15] pick event Id=353, eMBMSSessionId=34 current size: 3668
pool-189-thread-19 reduces to 3667
[pool-189-thread-6] pick event Id=354, eMBMSSessionId=97 current size: 3666
[pool-189-thread-20] pick event Id=355, eMBMSSessionId=1 current size: 3665
pool-189-thread-18 reduces to 3664
[pool-189-thread-4] adds event Id=356, eMBMSSessionId=98 current size: 3664
pool-189-thread-2 reduces to 3663
[pool-189-thread-16] pick event Id=357, eMBMSSessionId=22 current size: 3662
[pool-189-thread-10] pick event Id=358, eMBMSSessionId=69 current size: 3661
[pool-189-thread-17] pick event Id=359, eMBMSSessionId=33 current size: 3660
[pool-189-thread-4] pick event Id=360, eMBMSSessionId=5 current size: 3659
[pool-189-thread-3] adds event Id=361, eMBMSSessionId=22 current size: 3659
[pool-189-thread-7] pick event Id=362, eMBMSSessionId=23 current size: 3658
[pool-189-thread-5] pick event Id=363, eMBMSSessionId=89 current size: 3657
[pool-189-thread-14] pick event Id=364, eMBMSSessionId=16 current size: 3656
[pool-189-thread-9] pick event Id=365, eMBMSSessionId=31 current size: 3655
[pool-189-thread-13] adds event Id=366, eMBMSSessionId=69 current size: 3655
pool-189-thread-10 reduces to 3654
pool-189-thread-16 reduces to 3653
[pool-189-thread-3] pick event Id=367, eMBMSSessionId=55 current size: 3652
[pool-189-thread-8] pick event Id=368, eMBMSSessionId=48 current size: 3651
[pool-189-thread-12] pick event Id=369, eMBMSSessionId=70 current size: 3650
[pool-189-thread-1] pick event Id=370, eMBMSSessionId=44 current size: 3649
[pool-189-thread-11] pick event Id=371, eMBMSSessionId=84 current size: 3648
[pool-189-thread-15] pick event Id=372, eMBMSSessionId=6 current size: 3647
[pool-189-thread-6] pick event Id=373, eMBMSSessionId=16 current size: 3646
[pool-189-thread-19] pick event Id=374, eMBMSSessionId=82 current size: 3645
[pool-189-thread-20] pick event Id=375, eMBMSSessionId=95 current size: 3644
[pool-189-thread-18] pick event Id=376, eMBMSSessionId=60 current size: 3643
[pool-189-thread-13] pick event Id=377, eMBMSSessionId=64 current size: 3642
[pool-189-thread-17] pick event Id=378, eMBMSSessionId=87 current size: 3641
[pool-189-thread-2] pick event Id=379, eMBMSSessionId=75 current size: 3640
[pool-189-thread-4] pick event Id=380, eMBMSSessionId=35 current size: 3639
[pool-189-thread-7] pick event Id=381, eMBMSSessionId=83 current size: 3638
[pool-189-thread-3] pick event Id=382, eMBMSSessionId=31 current size: 3637
[pool-189-thread-5] pick event Id=383, eMBMSSessionId=26 current size: 3636
[pool-189-thread-14] pick event Id=384, eMBMSSessionId=13 current size: 3635
[pool-189-thread-9] pick event Id=385, eMBMSSessionId=58 current size: 3634
[pool-189-thread-15] pick event Id=386, eMBMSSessionId=94 current size: 3633
[pool-189-thread-10] pick event Id=387, eMBMSSessionId=15 current size: 3632
[pool-189-thread-16] pick event Id=388, eMBMSSessionId=48 current size: 3631
[pool-189-thread-8] pick event Id=389, eMBMSSessionId=51 current size: 3630
[pool-189-thread-3] pick event Id=390, eMBMSSessionId=46 current size: 3629
[pool-189-thread-12] pick event Id=391, eMBMSSessionId=25 current size: 3628
[pool-189-thread-1] pick event Id=392, eMBMSSessionId=56 current size: 3627
[pool-189-thread-11] pick event Id=393, eMBMSSessionId=67 current size: 3626
[pool-189-thread-6] pick event Id=394, eMBMSSessionId=85 current size: 3625
[pool-189-thread-20] adds event Id=395, eMBMSSessionId=46 current size: 3625
[pool-189-thread-19] pick event Id=396, eMBMSSessionId=69 current size: 3624
[pool-189-thread-18] pick event Id=397, eMBMSSessionId=72 current size: 3623
[pool-189-thread-13] pick event Id=398, eMBMSSessionId=93 current size: 3622
[pool-189-thread-2] adds event Id=399, eMBMSSessionId=15 current size: 3622
[pool-189-thread-17] pick event Id=400, eMBMSSessionId=20 current size: 3621
pool-189-thread-10 reduces to 3620
[pool-189-thread-4] pick event Id=401, eMBMSSessionId=74 current size: 3619
[pool-189-thread-7] pick event Id=402, eMBMSSessionId=52 current size: 3618
pool-189-thread-3 reduces to 3617
[pool-189-thread-5] pick event Id=403, eMBMSSessionId=35 current size: 3616
[pool-189-thread-14] pick event Id=404, eMBMSSessionId=0 current size: 3615
[pool-189-thread-12] pick event Id=405, eMBMSSessionId=36 current size: 3614
[pool-189-thread-9] pick event Id=406, eMBMSSessionId=30 current size: 3613
[pool-189-thread-20] pick event Id=407, eMBMSSessionId=79 current size: 3612
[pool-189-thread-2] pick event Id=408, eMBMSSessionId=49 current size: 3611
[pool-189-thread-15] adds event Id=409, eMBMSSessionId=0 current size: 3611
[pool-189-thread-16] pick event Id=410, eMBMSSessionId=26 current size: 3610
[pool-189-thread-8] pick event Id=411, eMBMSSessionId=85 current size: 3609
[pool-189-thread-1] pick event Id=412, eMBMSSessionId=23 current size: 3608
pool-189-thread-14 reduces to 3607
[pool-189-thread-11] pick event Id=413, eMBMSSessionId=97 current size: 3606
[pool-189-thread-19] pick event Id=414, eMBMSSessionId=80 current size: 3605
[pool-189-thread-6] pick event Id=415, eMBMSSessionId=37 current size: 3604
[pool-189-thread-13] pick event Id=416, eMBMSSessionId=81 current size: 3603
[pool-189-thread-15] pick event Id=417, eMBMSSessionId=74 current size: 3602
[pool-189-thread-17] pick event Id=418, eMBMSSessionId=10 current size: 3601
[pool-189-thread-18] pick event Id=419, eMBMSSessionId=32 current size: 3600
[pool-189-thread-10] pick event Id=420, eMBMSSessionId=88 current size: 3599
[pool-189-thread-7] pick event Id=421, eMBMSSessionId=55 current size: 3598
[pool-189-thread-4] pick event Id=422, eMBMSSessionId=69 current size: 3597
[pool-189-thread-16] pick event Id=423, eMBMSSessionId=93 current size: 3596
[pool-189-thread-3] pick event Id=424, eMBMSSessionId=63 current size: 3595
[pool-189-thread-5] pick event Id=425, eMBMSSessionId=32 current size: 3594
[pool-189-thread-4] adds event Id=426, eMBMSSessionId=63 current size: 3594
[pool-189-thread-4] pick event Id=427, eMBMSSessionId=95 current size: 3593
[pool-189-thread-12] pick event Id=428, eMBMSSessionId=20 current size: 3592
[pool-189-thread-9] pick event Id=429, eMBMSSessionId=90 current size: 3591
[pool-189-thread-20] pick event Id=430, eMBMSSessionId=67 current size: 3590
[pool-189-thread-2] pick event Id=431, eMBMSSessionId=48 current size: 3589
[pool-189-thread-8] pick event Id=432, eMBMSSessionId=34 current size: 3588
[pool-189-thread-18] pick event Id=433, eMBMSSessionId=83 current size: 3587
[pool-189-thread-7] pick event Id=434, eMBMSSessionId=98 current size: 3586
[pool-189-thread-14] pick event Id=435, eMBMSSessionId=3 current size: 3585
[pool-189-thread-1] pick event Id=436, eMBMSSessionId=86 current size: 3584
[pool-189-thread-11] pick event Id=437, eMBMSSessionId=66 current size: 3583
[pool-189-thread-19] pick event Id=438, eMBMSSessionId=37 current size: 3582
pool-189-thread-3 reduces to 3581
[pool-189-thread-6] pick event Id=439, eMBMSSessionId=4 current size: 3580
[pool-189-thread-13] pick event Id=440, eMBMSSessionId=80 current size: 3579
[pool-189-thread-15] pick event Id=441, eMBMSSessionId=76 current size: 3578
[pool-189-thread-17] pick event Id=442, eMBMSSessionId=12 current size: 3577
[pool-189-thread-10] pick event Id=443, eMBMSSessionId=50 current size: 3576
[pool-189-thread-16] adds event Id=444, eMBMSSessionId=63 current size: 3576
[pool-189-thread-1] pick event Id=445, eMBMSSessionId=58 current size: 3575
[pool-189-thread-5] pick event Id=446, eMBMSSessionId=2 current size: 3574
[pool-189-thread-4] pick event Id=447, eMBMSSessionId=44 current size: 3573
[pool-189-thread-12] pick event Id=448, eMBMSSessionId=96 current size: 3572
[pool-189-thread-9] pick event Id=449, eMBMSSessionId=78 current size: 3571
pool-189-thread-3 reduces to 3570
[pool-189-thread-20] pick event Id=450, eMBMSSessionId=10 current size: 3569
[pool-189-thread-2] pick event Id=451, eMBMSSessionId=33 current size: 3568
[pool-189-thread-16] adds event Id=452, eMBMSSessionId=2 current size: 3568
[pool-189-thread-7] pick event Id=453, eMBMSSessionId=25 current size: 3567
[pool-189-thread-14] pick event Id=454, eMBMSSessionId=70 current size: 3566
[pool-189-thread-8] pick event Id=455, eMBMSSessionId=37 current size: 3565
[pool-189-thread-18] adds event Id=456, eMBMSSessionId=78 current size: 3565
[pool-189-thread-11] pick event Id=457, eMBMSSessionId=43 current size: 3564
pool-189-thread-5 reduces to 3563
pool-189-thread-9 reduces to 3562
[pool-189-thread-6] pick event Id=458, eMBMSSessionId=38 current size: 3561
[pool-189-thread-13] pick event Id=459, eMBMSSessionId=52 current size: 3560
[pool-189-thread-19] pick event Id=460, eMBMSSessionId=30 current size: 3559
[pool-189-thread-15] pick event Id=461, eMBMSSessionId=95 current size: 3558
[pool-189-thread-16] pick event Id=462, eMBMSSessionId=13 current size: 3557
[pool-189-thread-10] adds event Id=463, eMBMSSessionId=37 current size: 3557
[pool-189-thread-17] pick event Id=464, eMBMSSessionId=40 current size: 3556
[pool-189-thread-7] pick event Id=465, eMBMSSessionId=66 current size: 3555
[pool-189-thread-18] pick event Id=466, eMBMSSessionId=65 current size: 3554
pool-189-thread-8 reduces to 3553
[pool-189-thread-1] pick event Id=467, eMBMSSessionId=1 current size: 3552
[pool-189-thread-4] pick event Id=468, eMBMSSessionId=60 current size: 3551
[pool-189-thread-12] adds event Id=469, eMBMSSessionId=95 current size: 3551
[pool-189-thread-11] pick event Id=470, eMBMSSessionId=29 current size: 3550
[pool-189-thread-3] adds event Id=471, eMBMSSessionId=95 current size: 3550
[pool-189-thread-20] pick event Id=472, eMBMSSessionId=8 current size: 3549
[pool-189-thread-13] pick event Id=473, eMBMSSessionId=42 current size: 3548
[pool-189-thread-2] pick event Id=474, eMBMSSessionId=0 current size: 3547
pool-189-thread-15 reduces to 3546
[pool-189-thread-10] pick event Id=475, eMBMSSessionId=21 current size: 3545
[pool-189-thread-14] pick event Id=476, eMBMSSessionId=20 current size: 3544
[pool-189-thread-12] pick event Id=477, eMBMSSessionId=26 current size: 3543
[pool-189-thread-5] pick event Id=478, eMBMSSessionId=28 current size: 3542
[pool-189-thread-9] pick event Id=479, eMBMSSessionId=33 current size: 3541
[pool-189-thread-3] pick event Id=480, eMBMSSessionId=63 current size: 3540
[pool-189-thread-6] pick event Id=481, eMBMSSessionId=41 current size: 3539
[pool-189-thread-19] pick event Id=482, eMBMSSessionId=5 current size: 3538
[pool-189-thread-16] pick event Id=483, eMBMSSessionId=65 current size: 3537
pool-189-thread-15 reduces to 3536
[pool-189-thread-7] pick event Id=484, eMBMSSessionId=13 current size: 3535
[pool-189-thread-17] pick event Id=485, eMBMSSessionId=35 current size: 3534
[pool-189-thread-18] pick event Id=486, eMBMSSessionId=97 current size: 3533
[pool-189-thread-8] pick event Id=487, eMBMSSessionId=32 current size: 3532
[pool-189-thread-1] pick event Id=488, eMBMSSessionId=25 current size: 3531
[pool-189-thread-4] pick event Id=489, eMBMSSessionId=74 current size: 3530
[pool-189-thread-11] pick event Id=490, eMBMSSessionId=93 current size: 3529
[pool-189-thread-9] pick event Id=491, eMBMSSessionId=53 current size: 3528
[pool-189-thread-20] pick event Id=492, eMBMSSessionId=98 current size: 3527
[pool-189-thread-2] pick event Id=493, eMBMSSessionId=56 current size: 3526
[pool-189-thread-13] adds event Id=494, eMBMSSessionId=65 current size: 3526
[pool-189-thread-19] pick event Id=495, eMBMSSessionId=31 current size: 3525
pool-189-thread-16 reduces to 3524
[pool-189-thread-10] pick event Id=496, eMBMSSessionId=8 current size: 3523
[pool-189-thread-14] pick event Id=497, eMBMSSessionId=96 current size: 3522
[pool-189-thread-5] pick event Id=498, eMBMSSessionId=21 current size: 3521
[pool-189-thread-12] pick event Id=499, eMBMSSessionId=0 current size: 3520
[pool-189-thread-3] pick event Id=500, eMBMSSessionId=58 current size: 3519
[pool-189-thread-6] pick event Id=501, eMBMSSessionId=43 current size: 3518
[pool-189-thread-13] pick event Id=502, eMBMSSessionId=72 current size: 3517
[pool-189-thread-7] pick event Id=503, eMBMSSessionId=12 current size: 3516
[pool-189-thread-15] pick event Id=504, eMBMSSessionId=51 current size: 3515
[pool-189-thread-18] pick event Id=505, eMBMSSessionId=16 current size: 3514
[pool-189-thread-17] adds event Id=506, eMBMSSessionId=43 current size: 3514
[pool-189-thread-8] pick event Id=507, eMBMSSessionId=5 current size: 3513
[pool-189-thread-5] pick event Id=508, eMBMSSessionId=85 current size: 3512
[pool-189-thread-4] pick event Id=509, eMBMSSessionId=46 current size: 3511
[pool-189-thread-1] pick event Id=510, eMBMSSessionId=15 current size: 3510
[pool-189-thread-11] pick event Id=511, eMBMSSessionId=9 current size: 3509
[pool-189-thread-9] pick event Id=512, eMBMSSessionId=57 current size: 3508
[pool-189-thread-2] pick event Id=513, eMBMSSessionId=73 current size: 3507
pool-189-thread-6 reduces to 3506
[pool-189-thread-20] pick event Id=514, eMBMSSessionId=19 current size: 3505
[pool-189-thread-16] pick event Id=515, eMBMSSessionId=72 current size: 3504
[pool-189-thread-10] pick event Id=516, eMBMSSessionId=77 current size: 3503
[pool-189-thread-19] pick event Id=517, eMBMSSessionId=53 current size: 3502
[pool-189-thread-17] adds event Id=518, eMBMSSessionId=53 current size: 3502
[pool-189-thread-14] pick event Id=519, eMBMSSessionId=44 current size: 3501
testOverload end.
testFull begin.
[pool-190-thread-1] pick event Id=0, eMBMSSessionId=28 current size: 4998
[pool-190-thread-3] pick event Id=1, eMBMSSessionId=94 current size: 4997
[pool-190-thread-2] pick event Id=2, eMBMSSessionId=49 current size: 4996
[pool-190-thread-5] pick event Id=3, eMBMSSessionId=59 current size: 4995
[pool-190-thread-4] pick event Id=4, eMBMSSessionId=71 current size: 4994
[pool-190-thread-6] pick event Id=5, eMBMSSessionId=39 current size: 4993
[pool-190-thread-7] pick event Id=6, eMBMSSessionId=85 current size: 4992
[pool-190-thread-8] pick event Id=7, eMBMSSessionId=83 current size: 4991
[pool-190-thread-9] pick event Id=8, eMBMSSessionId=37 current size: 4990
[pool-190-thread-10] pick event Id=9, eMBMSSessionId=79 current size: 4989
[pool-190-thread-11] pick event Id=10, eMBMSSessionId=32 current size: 4988
[pool-190-thread-12] pick event Id=11, eMBMSSessionId=80 current size: 4987
[pool-190-thread-13] pick event Id=12, eMBMSSessionId=34 current size: 4986
[pool-190-thread-16] pick event Id=13, eMBMSSessionId=43 current size: 4985
[pool-190-thread-15] pick event Id=14, eMBMSSessionId=61 current size: 4984
[pool-190-thread-14] pick event Id=15, eMBMSSessionId=6 current size: 4983
[pool-190-thread-17] pick event Id=16, eMBMSSessionId=86 current size: 4982
[pool-190-thread-18] pick event Id=17, eMBMSSessionId=91 current size: 4981
[pool-190-thread-19] adds event Id=18, eMBMSSessionId=39 current size: 4981
[pool-190-thread-19] pick event Id=19, eMBMSSessionId=16 current size: 4980
[pool-190-thread-20] pick event Id=20, eMBMSSessionId=60 current size: 4979
event queue is full, will clear all data!
NbiEventCache is cleared with total events removed: 5029
testFull end.
21 times run start
testEventSequence begin.
testEventSequence end.
testSendRadomEmbmsSessionEvents begin.
testSendRadomEmbmsSessionEvents end.
testSendSameEmbmsSessionEvents begin.
testSendSameEmbmsSessionEvents end.
testSendNoSameEmbmsSessionEvents begin.
testSendNoSameEmbmsSessionEvents end.
testSendNoEmbmsSessionIdEvents begin.
testSendNoEmbmsSessionIdEvents end.
testOverload begin.
[pool-198-thread-1] pick event Id=0, eMBMSSessionId=96 current size: 4019
[pool-198-thread-2] pick event Id=1, eMBMSSessionId=3 current size: 4018
[pool-198-thread-3] pick event Id=2, eMBMSSessionId=45 current size: 4017
pool-198-thread-1 Discard NBI event &apos; Id=0, eMBMSSessionId=96&apos;, current queue size: 4017
[pool-198-thread-4] pick event Id=3, eMBMSSessionId=21 current size: 4016
pool-198-thread-2 Discard NBI event &apos; Id=1, eMBMSSessionId=3&apos;, current queue size: 4016
pool-198-thread-3 Discard NBI event &apos; Id=2, eMBMSSessionId=45&apos;, current queue size: 4016
[pool-198-thread-5] pick event Id=4, eMBMSSessionId=32 current size: 4015
pool-198-thread-4 Discard NBI event &apos; Id=3, eMBMSSessionId=21&apos;, current queue size: 4015
[pool-198-thread-6] pick event Id=5, eMBMSSessionId=64 current size: 4014
[pool-198-thread-7] pick event Id=6, eMBMSSessionId=20 current size: 4013
[pool-198-thread-12] pick event Id=7, eMBMSSessionId=6 current size: 4012
pool-198-thread-7 Discard NBI event &apos; Id=6, eMBMSSessionId=20&apos;, current queue size: 4012
pool-198-thread-6 Discard NBI event &apos; Id=5, eMBMSSessionId=64&apos;, current queue size: 4012
[pool-198-thread-8] pick event Id=8, eMBMSSessionId=38 current size: 4011
pool-198-thread-12 Discard NBI event &apos; Id=7, eMBMSSessionId=6&apos;, current queue size: 4011
pool-198-thread-5 Discard NBI event &apos; Id=4, eMBMSSessionId=32&apos;, current queue size: 4012
[pool-198-thread-9] pick event Id=9, eMBMSSessionId=65 current size: 4010
pool-198-thread-8 Discard NBI event &apos; Id=8, eMBMSSessionId=38&apos;, current queue size: 4010
[pool-198-thread-10] pick event Id=10, eMBMSSessionId=34 current size: 4009
pool-198-thread-9 Discard NBI event &apos; Id=9, eMBMSSessionId=65&apos;, current queue size: 4009
[pool-198-thread-11] pick event Id=11, eMBMSSessionId=47 current size: 4008
[pool-198-thread-13] pick event Id=12, eMBMSSessionId=42 current size: 4007
[pool-198-thread-14] pick event Id=13, eMBMSSessionId=28 current size: 4006
pool-198-thread-11 Discard NBI event &apos; Id=11, eMBMSSessionId=47&apos;, current queue size: 4006
pool-198-thread-10 Discard NBI event &apos; Id=10, eMBMSSessionId=34&apos;, current queue size: 4006
pool-198-thread-14 Discard NBI event &apos; Id=13, eMBMSSessionId=28&apos;, current queue size: 4006
pool-198-thread-13 Discard NBI event &apos; Id=12, eMBMSSessionId=42&apos;, current queue size: 4006
[pool-198-thread-15] pick event Id=14, eMBMSSessionId=88 current size: 4005
[pool-198-thread-16] pick event Id=15, eMBMSSessionId=51 current size: 4004
[pool-198-thread-17] pick event Id=16, eMBMSSessionId=1 current size: 4003
pool-198-thread-17 Discard NBI event &apos; Id=16, eMBMSSessionId=1&apos;, current queue size: 4003
pool-198-thread-15 Discard NBI event &apos; Id=14, eMBMSSessionId=88&apos;, current queue size: 4003
[pool-198-thread-20] pick event Id=17, eMBMSSessionId=11 current size: 4002
[pool-198-thread-19] pick event Id=18, eMBMSSessionId=29 current size: 4001
pool-198-thread-16 Discard NBI event &apos; Id=15, eMBMSSessionId=51&apos;, current queue size: 4001
[pool-198-thread-18] pick event Id=19, eMBMSSessionId=48 current size: 4000
[pool-198-thread-1] pick event Id=20, eMBMSSessionId=66 current size: 3999
pool-198-thread-19 Discard NBI event &apos; Id=18, eMBMSSessionId=29&apos;, current queue size: 3999
[pool-198-thread-2] pick event Id=21, eMBMSSessionId=33 current size: 3998
pool-198-thread-20 Discard NBI event &apos; Id=17, eMBMSSessionId=11&apos;, current queue size: 3998
[pool-198-thread-3] pick event Id=22, eMBMSSessionId=9 current size: 3997
pool-198-thread-18 Discard NBI event &apos; Id=19, eMBMSSessionId=48&apos;, current queue size: 3997
[pool-198-thread-4] pick event Id=23, eMBMSSessionId=61 current size: 3996
[pool-198-thread-8] pick event Id=24, eMBMSSessionId=64 current size: 3995
[pool-198-thread-13] pick event Id=25, eMBMSSessionId=40 current size: 3994
[pool-198-thread-6] pick event Id=26, eMBMSSessionId=94 current size: 3993
[pool-198-thread-7] pick event Id=27, eMBMSSessionId=99 current size: 3992
[pool-198-thread-12] pick event Id=28, eMBMSSessionId=12 current size: 3991
[pool-198-thread-5] pick event Id=29, eMBMSSessionId=82 current size: 3990
[pool-198-thread-9] pick event Id=30, eMBMSSessionId=23 current size: 3989
[pool-198-thread-11] pick event Id=31, eMBMSSessionId=68 current size: 3988
[pool-198-thread-14] pick event Id=32, eMBMSSessionId=1 current size: 3987
[pool-198-thread-10] pick event Id=33, eMBMSSessionId=37 current size: 3986
[pool-198-thread-3] pick event Id=34, eMBMSSessionId=61 current size: 3985
[pool-198-thread-1] pick event Id=35, eMBMSSessionId=53 current size: 3984
[pool-198-thread-8] pick event Id=36, eMBMSSessionId=47 current size: 3983
[pool-198-thread-15] pick event Id=37, eMBMSSessionId=99 current size: 3982
[pool-198-thread-17] pick event Id=38, eMBMSSessionId=38 current size: 3981
[pool-198-thread-16] pick event Id=39, eMBMSSessionId=86 current size: 3980
[pool-198-thread-20] pick event Id=40, eMBMSSessionId=80 current size: 3979
[pool-198-thread-9] pick event Id=41, eMBMSSessionId=94 current size: 3978
[pool-198-thread-19] pick event Id=42, eMBMSSessionId=4 current size: 3977
[pool-198-thread-18] pick event Id=43, eMBMSSessionId=0 current size: 3976
[pool-198-thread-2] pick event Id=44, eMBMSSessionId=50 current size: 3975
[pool-198-thread-4] pick event Id=45, eMBMSSessionId=69 current size: 3974
[pool-198-thread-10] adds event Id=46, eMBMSSessionId=94 current size: 3974
[pool-198-thread-13] pick event Id=47, eMBMSSessionId=74 current size: 3973
[pool-198-thread-6] adds event Id=48, eMBMSSessionId=38 current size: 3973
[pool-198-thread-7] pick event Id=49, eMBMSSessionId=25 current size: 3972
[pool-198-thread-12] pick event Id=50, eMBMSSessionId=62 current size: 3971
[pool-198-thread-1] pick event Id=51, eMBMSSessionId=61 current size: 3970
[pool-198-thread-5] pick event Id=52, eMBMSSessionId=99 current size: 3969
pool-198-thread-17 reduces to 3968
pool-198-thread-9 reduces to 3967
[pool-198-thread-11] pick event Id=53, eMBMSSessionId=12 current size: 3966
[pool-198-thread-10] pick event Id=54, eMBMSSessionId=47 current size: 3965
[pool-198-thread-18] pick event Id=55, eMBMSSessionId=43 current size: 3964
[pool-198-thread-14] pick event Id=56, eMBMSSessionId=19 current size: 3963
[pool-198-thread-6] pick event Id=57, eMBMSSessionId=20 current size: 3962
[pool-198-thread-3] pick event Id=58, eMBMSSessionId=71 current size: 3961
[pool-198-thread-7] pick event Id=59, eMBMSSessionId=91 current size: 3960
[pool-198-thread-15] pick event Id=60, eMBMSSessionId=18 current size: 3959
[pool-198-thread-12] pick event Id=61, eMBMSSessionId=84 current size: 3958
[pool-198-thread-12] pick event Id=62, eMBMSSessionId=10 current size: 3957
[pool-198-thread-16] pick event Id=63, eMBMSSessionId=88 current size: 3956
[pool-198-thread-8] pick event Id=64, eMBMSSessionId=0 current size: 3955
[pool-198-thread-19] pick event Id=65, eMBMSSessionId=80 current size: 3954
[pool-198-thread-20] pick event Id=66, eMBMSSessionId=10 current size: 3953
[pool-198-thread-2] pick event Id=67, eMBMSSessionId=52 current size: 3952
[pool-198-thread-4] pick event Id=68, eMBMSSessionId=81 current size: 3951
[pool-198-thread-13] pick event Id=69, eMBMSSessionId=26 current size: 3950
[pool-198-thread-12] pick event Id=70, eMBMSSessionId=58 current size: 3949
[pool-198-thread-1] pick event Id=71, eMBMSSessionId=91 current size: 3948
[pool-198-thread-5] pick event Id=72, eMBMSSessionId=45 current size: 3947
[pool-198-thread-17] pick event Id=73, eMBMSSessionId=18 current size: 3946
[pool-198-thread-9] adds event Id=74, eMBMSSessionId=81 current size: 3946
[pool-198-thread-10] pick event Id=75, eMBMSSessionId=5 current size: 3945
[pool-198-thread-11] pick event Id=76, eMBMSSessionId=7 current size: 3944
[pool-198-thread-18] pick event Id=77, eMBMSSessionId=50 current size: 3943
[pool-198-thread-14] pick event Id=78, eMBMSSessionId=67 current size: 3942
pool-198-thread-4 reduces to 3941
[pool-198-thread-3] pick event Id=79, eMBMSSessionId=60 current size: 3940
[pool-198-thread-15] pick event Id=80, eMBMSSessionId=79 current size: 3939
[pool-198-thread-7] adds event Id=81, eMBMSSessionId=91 current size: 3939
[pool-198-thread-7] pick event Id=82, eMBMSSessionId=51 current size: 3938
[pool-198-thread-8] adds event Id=83, eMBMSSessionId=51 current size: 3938
[pool-198-thread-6] pick event Id=84, eMBMSSessionId=3 current size: 3937
[pool-198-thread-16] pick event Id=85, eMBMSSessionId=53 current size: 3936
pool-198-thread-1 reduces to 3935
[pool-198-thread-20] pick event Id=86, eMBMSSessionId=73 current size: 3934
[pool-198-thread-2] pick event Id=87, eMBMSSessionId=89 current size: 3933
[pool-198-thread-19] pick event Id=88, eMBMSSessionId=31 current size: 3932
[pool-198-thread-9] pick event Id=89, eMBMSSessionId=21 current size: 3931
[pool-198-thread-13] pick event Id=90, eMBMSSessionId=1 current size: 3930
[pool-198-thread-12] pick event Id=91, eMBMSSessionId=22 current size: 3929
[pool-198-thread-8] pick event Id=92, eMBMSSessionId=5 current size: 3928
pool-198-thread-7 reduces to 3927
[pool-198-thread-5] pick event Id=93, eMBMSSessionId=26 current size: 3926
[pool-198-thread-16] pick event Id=94, eMBMSSessionId=34 current size: 3925
[pool-198-thread-17] pick event Id=95, eMBMSSessionId=41 current size: 3924
[pool-198-thread-10] pick event Id=96, eMBMSSessionId=88 current size: 3923
[pool-198-thread-11] pick event Id=97, eMBMSSessionId=89 current size: 3922
[pool-198-thread-14] pick event Id=98, eMBMSSessionId=24 current size: 3921
[pool-198-thread-18] pick event Id=99, eMBMSSessionId=18 current size: 3920
[pool-198-thread-4] pick event Id=100, eMBMSSessionId=94 current size: 3919
[pool-198-thread-3] pick event Id=101, eMBMSSessionId=50 current size: 3918
[pool-198-thread-15] pick event Id=102, eMBMSSessionId=91 current size: 3917
[pool-198-thread-6] adds event Id=103, eMBMSSessionId=51 current size: 3917
[pool-198-thread-6] pick event Id=104, eMBMSSessionId=49 current size: 3916
[pool-198-thread-1] pick event Id=105, eMBMSSessionId=72 current size: 3915
pool-198-thread-7 reduces to 3914
[pool-198-thread-2] pick event Id=106, eMBMSSessionId=60 current size: 3913
[pool-198-thread-20] pick event Id=107, eMBMSSessionId=10 current size: 3912
[pool-198-thread-19] adds event Id=108, eMBMSSessionId=18 current size: 3912
[pool-198-thread-9] pick event Id=109, eMBMSSessionId=81 current size: 3911
pool-198-thread-18 reduces to 3910
[pool-198-thread-13] pick event Id=110, eMBMSSessionId=39 current size: 3909
[pool-198-thread-12] pick event Id=111, eMBMSSessionId=30 current size: 3908
[pool-198-thread-8] pick event Id=112, eMBMSSessionId=76 current size: 3907
[pool-198-thread-5] pick event Id=113, eMBMSSessionId=88 current size: 3906
[pool-198-thread-16] pick event Id=114, eMBMSSessionId=3 current size: 3905
[pool-198-thread-19] pick event Id=115, eMBMSSessionId=75 current size: 3904
[pool-198-thread-10] pick event Id=116, eMBMSSessionId=17 current size: 3903
[pool-198-thread-17] pick event Id=117, eMBMSSessionId=48 current size: 3902
[pool-198-thread-14] adds event Id=118, eMBMSSessionId=3 current size: 3902
[pool-198-thread-11] pick event Id=119, eMBMSSessionId=7 current size: 3901
[pool-198-thread-3] pick event Id=120, eMBMSSessionId=44 current size: 3900
[pool-198-thread-15] pick event Id=121, eMBMSSessionId=90 current size: 3899
[pool-198-thread-4] pick event Id=122, eMBMSSessionId=2 current size: 3898
[pool-198-thread-6] pick event Id=123, eMBMSSessionId=68 current size: 3897
[pool-198-thread-1] pick event Id=124, eMBMSSessionId=34 current size: 3896
[pool-198-thread-7] pick event Id=125, eMBMSSessionId=82 current size: 3895
[pool-198-thread-2] adds event Id=126, eMBMSSessionId=90 current size: 3895
[pool-198-thread-20] pick event Id=127, eMBMSSessionId=76 current size: 3894
pool-198-thread-16 reduces to 3893
[pool-198-thread-19] pick event Id=128, eMBMSSessionId=23 current size: 3892
[pool-198-thread-9] pick event Id=129, eMBMSSessionId=59 current size: 3891
[pool-198-thread-14] pick event Id=130, eMBMSSessionId=83 current size: 3890
[pool-198-thread-18] pick event Id=131, eMBMSSessionId=56 current size: 3889
pool-198-thread-15 reduces to 3888
[pool-198-thread-13] pick event Id=132, eMBMSSessionId=97 current size: 3887
[pool-198-thread-12] pick event Id=133, eMBMSSessionId=29 current size: 3886
[pool-198-thread-8] pick event Id=134, eMBMSSessionId=38 current size: 3885
[pool-198-thread-2] pick event Id=135, eMBMSSessionId=25 current size: 3884
[pool-198-thread-5] pick event Id=136, eMBMSSessionId=4 current size: 3883
[pool-198-thread-17] pick event Id=137, eMBMSSessionId=5 current size: 3882
[pool-198-thread-10] pick event Id=138, eMBMSSessionId=41 current size: 3881
[pool-198-thread-11] pick event Id=139, eMBMSSessionId=77 current size: 3880
[pool-198-thread-3] adds event Id=140, eMBMSSessionId=38 current size: 3880
[pool-198-thread-15] pick event Id=141, eMBMSSessionId=96 current size: 3879
[pool-198-thread-13] adds event Id=142, eMBMSSessionId=77 current size: 3879
[pool-198-thread-4] pick event Id=143, eMBMSSessionId=6 current size: 3878
[pool-198-thread-1] pick event Id=144, eMBMSSessionId=73 current size: 3877
[pool-198-thread-6] pick event Id=145, eMBMSSessionId=80 current size: 3876
[pool-198-thread-12] pick event Id=146, eMBMSSessionId=63 current size: 3875
[pool-198-thread-12] pick event Id=147, eMBMSSessionId=85 current size: 3874
[pool-198-thread-12] pick event Id=148, eMBMSSessionId=34 current size: 3873
[pool-198-thread-12] pick event Id=149, eMBMSSessionId=28 current size: 3872
[pool-198-thread-12] pick event Id=150, eMBMSSessionId=81 current size: 3871
[pool-198-thread-12] pick event Id=151, eMBMSSessionId=14 current size: 3870
[pool-198-thread-12] pick event Id=152, eMBMSSessionId=54 current size: 3869
[pool-198-thread-12] pick event Id=153, eMBMSSessionId=39 current size: 3868
[pool-198-thread-12] pick event Id=154, eMBMSSessionId=72 current size: 3867
[pool-198-thread-12] pick event Id=155, eMBMSSessionId=8 current size: 3866
[pool-198-thread-12] pick event Id=156, eMBMSSessionId=21 current size: 3865
[pool-198-thread-12] pick event Id=157, eMBMSSessionId=37 current size: 3864
[pool-198-thread-12] pick event Id=158, eMBMSSessionId=64 current size: 3863
[pool-198-thread-12] pick event Id=159, eMBMSSessionId=87 current size: 3862
[pool-198-thread-12] pick event Id=160, eMBMSSessionId=20 current size: 3861
[pool-198-thread-12] pick event Id=161, eMBMSSessionId=66 current size: 3860
[pool-198-thread-12] pick event Id=162, eMBMSSessionId=32 current size: 3859
[pool-198-thread-12] pick event Id=163, eMBMSSessionId=86 current size: 3858
[pool-198-thread-7] pick event Id=164, eMBMSSessionId=26 current size: 3857
pool-198-thread-8 reduces to 3856
[pool-198-thread-20] pick event Id=165, eMBMSSessionId=0 current size: 3855
[pool-198-thread-17] pick event Id=166, eMBMSSessionId=40 current size: 3854
[pool-198-thread-9] pick event Id=167, eMBMSSessionId=13 current size: 3853
[pool-198-thread-19] pick event Id=168, eMBMSSessionId=82 current size: 3852
[pool-198-thread-3] pick event Id=169, eMBMSSessionId=16 current size: 3851
pool-198-thread-11 reduces to 3850
[pool-198-thread-14] pick event Id=170, eMBMSSessionId=25 current size: 3849
[pool-198-thread-16] pick event Id=171, eMBMSSessionId=72 current size: 3848
[pool-198-thread-16] pick event Id=172, eMBMSSessionId=41 current size: 3847
[pool-198-thread-18] pick event Id=173, eMBMSSessionId=76 current size: 3846
[pool-198-thread-13] pick event Id=174, eMBMSSessionId=46 current size: 3845
[pool-198-thread-12] pick event Id=175, eMBMSSessionId=86 current size: 3844
[pool-198-thread-2] pick event Id=176, eMBMSSessionId=27 current size: 3843
[pool-198-thread-5] adds event Id=177, eMBMSSessionId=40 current size: 3843
[pool-198-thread-10] pick event Id=178, eMBMSSessionId=34 current size: 3842
[pool-198-thread-9] pick event Id=179, eMBMSSessionId=68 current size: 3841
pool-198-thread-17 reduces to 3840
[pool-198-thread-15] pick event Id=180, eMBMSSessionId=61 current size: 3839
[pool-198-thread-18] pick event Id=181, eMBMSSessionId=15 current size: 3838
[pool-198-thread-1] pick event Id=182, eMBMSSessionId=95 current size: 3837
[pool-198-thread-4] pick event Id=183, eMBMSSessionId=4 current size: 3836
[pool-198-thread-7] pick event Id=184, eMBMSSessionId=1 current size: 3835
[pool-198-thread-8] pick event Id=185, eMBMSSessionId=77 current size: 3834
[pool-198-thread-6] pick event Id=186, eMBMSSessionId=63 current size: 3833
[pool-198-thread-5] pick event Id=187, eMBMSSessionId=67 current size: 3832
[pool-198-thread-20] pick event Id=188, eMBMSSessionId=33 current size: 3831
[pool-198-thread-11] pick event Id=189, eMBMSSessionId=43 current size: 3830
[pool-198-thread-19] adds event Id=190, eMBMSSessionId=34 current size: 3830
[pool-198-thread-3] adds event Id=191, eMBMSSessionId=40 current size: 3830
pool-198-thread-17 reduces to 3829
[pool-198-thread-2] adds event Id=192, eMBMSSessionId=67 current size: 3829
pool-198-thread-10 reduces to 3828
[pool-198-thread-14] pick event Id=193, eMBMSSessionId=11 current size: 3827
[pool-198-thread-16] pick event Id=194, eMBMSSessionId=6 current size: 3826
[pool-198-thread-13] pick event Id=195, eMBMSSessionId=48 current size: 3825
[pool-198-thread-4] pick event Id=196, eMBMSSessionId=38 current size: 3824
[pool-198-thread-12] pick event Id=197, eMBMSSessionId=39 current size: 3823
[pool-198-thread-9] pick event Id=198, eMBMSSessionId=46 current size: 3822
pool-198-thread-5 reduces to 3821
[pool-198-thread-19] pick event Id=199, eMBMSSessionId=95 current size: 3820
[pool-198-thread-3] pick event Id=200, eMBMSSessionId=31 current size: 3819
[pool-198-thread-2] pick event Id=201, eMBMSSessionId=85 current size: 3818
[pool-198-thread-18] pick event Id=202, eMBMSSessionId=35 current size: 3817
[pool-198-thread-15] pick event Id=203, eMBMSSessionId=99 current size: 3816
[pool-198-thread-1] pick event Id=204, eMBMSSessionId=55 current size: 3815
[pool-198-thread-7] pick event Id=205, eMBMSSessionId=69 current size: 3814
[pool-198-thread-8] pick event Id=206, eMBMSSessionId=2 current size: 3813
[pool-198-thread-16] pick event Id=207, eMBMSSessionId=81 current size: 3812
[pool-198-thread-6] pick event Id=208, eMBMSSessionId=36 current size: 3811
[pool-198-thread-4] pick event Id=209, eMBMSSessionId=7 current size: 3810
[pool-198-thread-20] pick event Id=210, eMBMSSessionId=20 current size: 3809
[pool-198-thread-11] pick event Id=211, eMBMSSessionId=97 current size: 3808
[pool-198-thread-17] adds event Id=212, eMBMSSessionId=99 current size: 3808
[pool-198-thread-10] pick event Id=213, eMBMSSessionId=63 current size: 3807
[pool-198-thread-18] pick event Id=214, eMBMSSessionId=52 current size: 3806
[pool-198-thread-14] pick event Id=215, eMBMSSessionId=51 current size: 3805
pool-198-thread-15 reduces to 3804
[pool-198-thread-13] adds event Id=216, eMBMSSessionId=52 current size: 3804
[pool-198-thread-12] pick event Id=217, eMBMSSessionId=19 current size: 3803
[pool-198-thread-7] pick event Id=218, eMBMSSessionId=93 current size: 3802
[pool-198-thread-16] pick event Id=219, eMBMSSessionId=8 current size: 3801
[pool-198-thread-9] pick event Id=220, eMBMSSessionId=59 current size: 3800
[pool-198-thread-5] pick event Id=221, eMBMSSessionId=44 current size: 3799
[pool-198-thread-19] pick event Id=222, eMBMSSessionId=4 current size: 3798
[pool-198-thread-3] pick event Id=223, eMBMSSessionId=94 current size: 3797
[pool-198-thread-20] pick event Id=224, eMBMSSessionId=7 current size: 3796
[pool-198-thread-17] pick event Id=225, eMBMSSessionId=61 current size: 3795
[pool-198-thread-2] pick event Id=226, eMBMSSessionId=53 current size: 3794
pool-198-thread-18 reduces to 3793
[pool-198-thread-1] pick event Id=227, eMBMSSessionId=77 current size: 3792
[pool-198-thread-13] pick event Id=228, eMBMSSessionId=17 current size: 3791
[pool-198-thread-8] pick event Id=229, eMBMSSessionId=10 current size: 3790
[pool-198-thread-6] pick event Id=230, eMBMSSessionId=15 current size: 3789
[pool-198-thread-4] pick event Id=231, eMBMSSessionId=87 current size: 3788
[pool-198-thread-9] pick event Id=232, eMBMSSessionId=31 current size: 3787
[pool-198-thread-11] adds event Id=233, eMBMSSessionId=77 current size: 3787
[pool-198-thread-19] pick event Id=234, eMBMSSessionId=71 current size: 3786
[pool-198-thread-10] pick event Id=235, eMBMSSessionId=27 current size: 3785
[pool-198-thread-15] pick event Id=236, eMBMSSessionId=25 current size: 3784
[pool-198-thread-18] pick event Id=237, eMBMSSessionId=63 current size: 3783
pool-198-thread-1 reduces to 3782
[pool-198-thread-14] pick event Id=238, eMBMSSessionId=29 current size: 3781
[pool-198-thread-8] pick event Id=239, eMBMSSessionId=75 current size: 3780
[pool-198-thread-12] pick event Id=240, eMBMSSessionId=17 current size: 3779
[pool-198-thread-6] pick event Id=241, eMBMSSessionId=49 current size: 3778
[pool-198-thread-16] adds event Id=242, eMBMSSessionId=17 current size: 3778
[pool-198-thread-7] pick event Id=243, eMBMSSessionId=11 current size: 3777
[pool-198-thread-5] pick event Id=244, eMBMSSessionId=47 current size: 3776
[pool-198-thread-11] pick event Id=245, eMBMSSessionId=73 current size: 3775
[pool-198-thread-3] pick event Id=246, eMBMSSessionId=61 current size: 3774
[pool-198-thread-20] pick event Id=247, eMBMSSessionId=38 current size: 3773
[pool-198-thread-17] pick event Id=248, eMBMSSessionId=5 current size: 3772
[pool-198-thread-2] adds event Id=249, eMBMSSessionId=17 current size: 3772
[pool-198-thread-2] pick event Id=250, eMBMSSessionId=68 current size: 3771
[pool-198-thread-15] pick event Id=251, eMBMSSessionId=72 current size: 3770
[pool-198-thread-13] pick event Id=252, eMBMSSessionId=34 current size: 3769
[pool-198-thread-8] pick event Id=253, eMBMSSessionId=20 current size: 3768
pool-198-thread-12 reduces to 3767
[pool-198-thread-16] pick event Id=254, eMBMSSessionId=96 current size: 3766
[pool-198-thread-4] pick event Id=255, eMBMSSessionId=57 current size: 3765
[pool-198-thread-9] pick event Id=256, eMBMSSessionId=86 current size: 3764
[pool-198-thread-7] pick event Id=257, eMBMSSessionId=69 current size: 3763
[pool-198-thread-3] pick event Id=258, eMBMSSessionId=1 current size: 3762
[pool-198-thread-19] pick event Id=259, eMBMSSessionId=78 current size: 3761
[pool-198-thread-10] pick event Id=260, eMBMSSessionId=66 current size: 3760
[pool-198-thread-18] pick event Id=261, eMBMSSessionId=89 current size: 3759
[pool-198-thread-13] pick event Id=262, eMBMSSessionId=30 current size: 3758
[pool-198-thread-1] pick event Id=263, eMBMSSessionId=74 current size: 3757
[pool-198-thread-14] pick event Id=264, eMBMSSessionId=50 current size: 3756
pool-198-thread-12 reduces to 3755
[pool-198-thread-6] pick event Id=265, eMBMSSessionId=95 current size: 3754
[pool-198-thread-16] pick event Id=266, eMBMSSessionId=85 current size: 3753
[pool-198-thread-4] pick event Id=267, eMBMSSessionId=24 current size: 3752
[pool-198-thread-5] pick event Id=268, eMBMSSessionId=98 current size: 3751
[pool-198-thread-11] pick event Id=269, eMBMSSessionId=14 current size: 3750
[pool-198-thread-17] pick event Id=270, eMBMSSessionId=94 current size: 3749
[pool-198-thread-20] pick event Id=271, eMBMSSessionId=76 current size: 3748
[pool-198-thread-11] pick event Id=272, eMBMSSessionId=83 current size: 3747
[pool-198-thread-2] pick event Id=273, eMBMSSessionId=99 current size: 3746
[pool-198-thread-15] pick event Id=274, eMBMSSessionId=82 current size: 3745
[pool-198-thread-8] pick event Id=275, eMBMSSessionId=8 current size: 3744
[pool-198-thread-7] pick event Id=276, eMBMSSessionId=11 current size: 3743
[pool-198-thread-9] pick event Id=277, eMBMSSessionId=58 current size: 3742
[pool-198-thread-3] pick event Id=278, eMBMSSessionId=42 current size: 3741
[pool-198-thread-19] pick event Id=279, eMBMSSessionId=77 current size: 3740
[pool-198-thread-10] adds event Id=280, eMBMSSessionId=83 current size: 3740
pool-198-thread-11 reduces to 3739
[pool-198-thread-1] pick event Id=281, eMBMSSessionId=72 current size: 3738
[pool-198-thread-13] pick event Id=282, eMBMSSessionId=59 current size: 3737
[pool-198-thread-18] pick event Id=283, eMBMSSessionId=7 current size: 3736
[pool-198-thread-14] pick event Id=284, eMBMSSessionId=30 current size: 3735
[pool-198-thread-12] pick event Id=285, eMBMSSessionId=95 current size: 3734
[pool-198-thread-16] pick event Id=286, eMBMSSessionId=28 current size: 3733
[pool-198-thread-8] pick event Id=287, eMBMSSessionId=86 current size: 3732
[pool-198-thread-6] pick event Id=288, eMBMSSessionId=47 current size: 3731
[pool-198-thread-4] pick event Id=289, eMBMSSessionId=66 current size: 3730
[pool-198-thread-5] pick event Id=290, eMBMSSessionId=27 current size: 3729
[pool-198-thread-20] pick event Id=291, eMBMSSessionId=3 current size: 3728
[pool-198-thread-7] adds event Id=292, eMBMSSessionId=42 current size: 3728
[pool-198-thread-10] pick event Id=293, eMBMSSessionId=43 current size: 3727
[pool-198-thread-17] pick event Id=294, eMBMSSessionId=54 current size: 3726
pool-198-thread-3 reduces to 3725
[pool-198-thread-2] pick event Id=295, eMBMSSessionId=51 current size: 3724
[pool-198-thread-13] pick event Id=296, eMBMSSessionId=92 current size: 3723
[pool-198-thread-14] pick event Id=297, eMBMSSessionId=4 current size: 3722
[pool-198-thread-15] pick event Id=298, eMBMSSessionId=2 current size: 3721
[pool-198-thread-18] pick event Id=299, eMBMSSessionId=70 current size: 3720
[pool-198-thread-7] pick event Id=300, eMBMSSessionId=31 current size: 3719
[pool-198-thread-6] pick event Id=301, eMBMSSessionId=18 current size: 3718
[pool-198-thread-5] pick event Id=302, eMBMSSessionId=43 current size: 3717
[pool-198-thread-9] adds event Id=303, eMBMSSessionId=92 current size: 3717
[pool-198-thread-11] pick event Id=304, eMBMSSessionId=76 current size: 3716
[pool-198-thread-19] pick event Id=305, eMBMSSessionId=9 current size: 3715
[pool-198-thread-1] pick event Id=306, eMBMSSessionId=34 current size: 3714
[pool-198-thread-2] pick event Id=307, eMBMSSessionId=50 current size: 3713
pool-198-thread-13 reduces to 3712
[pool-198-thread-12] pick event Id=308, eMBMSSessionId=3 current size: 3711
[pool-198-thread-8] pick event Id=309, eMBMSSessionId=72 current size: 3710
[pool-198-thread-14] pick event Id=310, eMBMSSessionId=26 current size: 3709
[pool-198-thread-16] pick event Id=311, eMBMSSessionId=8 current size: 3708
[pool-198-thread-4] pick event Id=312, eMBMSSessionId=63 current size: 3707
[pool-198-thread-20] adds event Id=313, eMBMSSessionId=92 current size: 3707
[pool-198-thread-10] pick event Id=314, eMBMSSessionId=58 current size: 3706
[pool-198-thread-9] adds event Id=315, eMBMSSessionId=72 current size: 3706
[pool-198-thread-5] pick event Id=316, eMBMSSessionId=1 current size: 3705
[pool-198-thread-3] pick event Id=317, eMBMSSessionId=89 current size: 3704
[pool-198-thread-4] pick event Id=318, eMBMSSessionId=90 current size: 3703
[pool-198-thread-17] pick event Id=319, eMBMSSessionId=71 current size: 3702
pool-198-thread-13 reduces to 3701
[pool-198-thread-15] pick event Id=320, eMBMSSessionId=66 current size: 3700
pool-198-thread-8 reduces to 3699
[pool-198-thread-18] pick event Id=321, eMBMSSessionId=85 current size: 3698
[pool-198-thread-20] pick event Id=322, eMBMSSessionId=6 current size: 3697
[pool-198-thread-7] pick event Id=323, eMBMSSessionId=31 current size: 3696
[pool-198-thread-6] pick event Id=324, eMBMSSessionId=32 current size: 3695
[pool-198-thread-9] pick event Id=325, eMBMSSessionId=86 current size: 3694
[pool-198-thread-19] pick event Id=326, eMBMSSessionId=48 current size: 3693
[pool-198-thread-11] pick event Id=327, eMBMSSessionId=5 current size: 3692
[pool-198-thread-1] pick event Id=328, eMBMSSessionId=49 current size: 3691
[pool-198-thread-2] pick event Id=329, eMBMSSessionId=51 current size: 3690
[pool-198-thread-12] pick event Id=330, eMBMSSessionId=89 current size: 3689
[pool-198-thread-14] pick event Id=331, eMBMSSessionId=16 current size: 3688
[pool-198-thread-16] pick event Id=332, eMBMSSessionId=24 current size: 3687
[pool-198-thread-10] pick event Id=333, eMBMSSessionId=43 current size: 3686
[pool-198-thread-5] pick event Id=334, eMBMSSessionId=18 current size: 3685
[pool-198-thread-17] pick event Id=335, eMBMSSessionId=68 current size: 3684
[pool-198-thread-3] pick event Id=336, eMBMSSessionId=98 current size: 3683
[pool-198-thread-4] pick event Id=337, eMBMSSessionId=53 current size: 3682
[pool-198-thread-15] pick event Id=338, eMBMSSessionId=41 current size: 3681
[pool-198-thread-13] pick event Id=339, eMBMSSessionId=97 current size: 3680
[pool-198-thread-18] adds event Id=340, eMBMSSessionId=16 current size: 3680
[pool-198-thread-8] pick event Id=341, eMBMSSessionId=28 current size: 3679
pool-198-thread-14 reduces to 3678
[pool-198-thread-20] pick event Id=342, eMBMSSessionId=99 current size: 3677
[pool-198-thread-6] pick event Id=343, eMBMSSessionId=96 current size: 3676
[pool-198-thread-7] pick event Id=344, eMBMSSessionId=75 current size: 3675
[pool-198-thread-9] pick event Id=345, eMBMSSessionId=63 current size: 3674
[pool-198-thread-19] pick event Id=346, eMBMSSessionId=46 current size: 3673
[pool-198-thread-11] pick event Id=347, eMBMSSessionId=8 current size: 3672
[pool-198-thread-2] pick event Id=348, eMBMSSessionId=44 current size: 3671
[pool-198-thread-1] pick event Id=349, eMBMSSessionId=65 current size: 3670
[pool-198-thread-12] pick event Id=350, eMBMSSessionId=0 current size: 3669
[pool-198-thread-13] pick event Id=351, eMBMSSessionId=77 current size: 3668
[pool-198-thread-13] pick event Id=352, eMBMSSessionId=83 current size: 3667
[pool-198-thread-18] adds event Id=353, eMBMSSessionId=65 current size: 3667
[pool-198-thread-18] adds event Id=354, eMBMSSessionId=83 current size: 3667
[pool-198-thread-18] pick event Id=355, eMBMSSessionId=23 current size: 3666
[pool-198-thread-16] pick event Id=356, eMBMSSessionId=25 current size: 3665
[pool-198-thread-5] adds event Id=357, eMBMSSessionId=0 current size: 3665
[pool-198-thread-10] pick event Id=358, eMBMSSessionId=68 current size: 3664
[pool-198-thread-17] pick event Id=359, eMBMSSessionId=2 current size: 3663
[pool-198-thread-3] pick event Id=360, eMBMSSessionId=29 current size: 3662
[pool-198-thread-4] pick event Id=361, eMBMSSessionId=64 current size: 3661
[pool-198-thread-15] pick event Id=362, eMBMSSessionId=82 current size: 3660
pool-198-thread-1 reduces to 3659
pool-198-thread-13 reduces to 3658
pool-198-thread-12 reduces to 3657
[pool-198-thread-8] pick event Id=363, eMBMSSessionId=67 current size: 3656
[pool-198-thread-18] pick event Id=364, eMBMSSessionId=80 current size: 3655
[pool-198-thread-14] pick event Id=365, eMBMSSessionId=96 current size: 3654
[pool-198-thread-20] adds event Id=366, eMBMSSessionId=68 current size: 3654
[pool-198-thread-5] pick event Id=367, eMBMSSessionId=26 current size: 3653
[pool-198-thread-7] pick event Id=368, eMBMSSessionId=39 current size: 3652
[pool-198-thread-6] adds event Id=369, eMBMSSessionId=29 current size: 3652
[pool-198-thread-9] pick event Id=370, eMBMSSessionId=3 current size: 3651
pool-198-thread-10 reduces to 3650
[pool-198-thread-17] pick event Id=371, eMBMSSessionId=54 current size: 3649
[pool-198-thread-19] pick event Id=372, eMBMSSessionId=86 current size: 3648
[pool-198-thread-11] pick event Id=373, eMBMSSessionId=50 current size: 3647
pool-198-thread-3 reduces to 3646
[pool-198-thread-2] pick event Id=374, eMBMSSessionId=71 current size: 3645
[pool-198-thread-4] pick event Id=375, eMBMSSessionId=79 current size: 3644
[pool-198-thread-15] pick event Id=376, eMBMSSessionId=60 current size: 3643
[pool-198-thread-20] pick event Id=377, eMBMSSessionId=11 current size: 3642
[pool-198-thread-14] pick event Id=378, eMBMSSessionId=70 current size: 3641
[pool-198-thread-16] pick event Id=379, eMBMSSessionId=43 current size: 3640
[pool-198-thread-6] pick event Id=380, eMBMSSessionId=18 current size: 3639
[pool-198-thread-17] pick event Id=381, eMBMSSessionId=61 current size: 3638
[pool-198-thread-1] pick event Id=382, eMBMSSessionId=30 current size: 3637
[pool-198-thread-13] pick event Id=383, eMBMSSessionId=5 current size: 3636
[pool-198-thread-8] pick event Id=384, eMBMSSessionId=54 current size: 3635
[pool-198-thread-12] pick event Id=385, eMBMSSessionId=26 current size: 3634
[pool-198-thread-18] pick event Id=386, eMBMSSessionId=24 current size: 3633
[pool-198-thread-9] pick event Id=387, eMBMSSessionId=58 current size: 3632
[pool-198-thread-5] pick event Id=388, eMBMSSessionId=20 current size: 3631
[pool-198-thread-7] pick event Id=389, eMBMSSessionId=95 current size: 3630
[pool-198-thread-10] pick event Id=390, eMBMSSessionId=41 current size: 3629
[pool-198-thread-19] adds event Id=391, eMBMSSessionId=58 current size: 3629
[pool-198-thread-4] pick event Id=392, eMBMSSessionId=56 current size: 3628
[pool-198-thread-3] pick event Id=393, eMBMSSessionId=52 current size: 3627
[pool-198-thread-2] pick event Id=394, eMBMSSessionId=82 current size: 3626
[pool-198-thread-11] pick event Id=395, eMBMSSessionId=75 current size: 3625
[pool-198-thread-15] pick event Id=396, eMBMSSessionId=71 current size: 3624
[pool-198-thread-15] pick event Id=397, eMBMSSessionId=19 current size: 3623
[pool-198-thread-8] pick event Id=398, eMBMSSessionId=32 current size: 3622
[pool-198-thread-16] pick event Id=399, eMBMSSessionId=12 current size: 3621
[pool-198-thread-6] pick event Id=400, eMBMSSessionId=29 current size: 3620
pool-198-thread-9 reduces to 3619
[pool-198-thread-14] pick event Id=401, eMBMSSessionId=49 current size: 3618
[pool-198-thread-20] pick event Id=402, eMBMSSessionId=45 current size: 3617
[pool-198-thread-17] pick event Id=403, eMBMSSessionId=37 current size: 3616
[pool-198-thread-19] pick event Id=404, eMBMSSessionId=68 current size: 3615
[pool-198-thread-4] pick event Id=405, eMBMSSessionId=62 current size: 3614
[pool-198-thread-13] pick event Id=406, eMBMSSessionId=39 current size: 3613
[pool-198-thread-1] pick event Id=407, eMBMSSessionId=91 current size: 3612
[pool-198-thread-12] pick event Id=408, eMBMSSessionId=78 current size: 3611
[pool-198-thread-18] pick event Id=409, eMBMSSessionId=0 current size: 3610
[pool-198-thread-5] pick event Id=410, eMBMSSessionId=94 current size: 3609
[pool-198-thread-7] pick event Id=411, eMBMSSessionId=57 current size: 3608
[pool-198-thread-10] pick event Id=412, eMBMSSessionId=80 current size: 3607
[pool-198-thread-11] pick event Id=413, eMBMSSessionId=3 current size: 3606
[pool-198-thread-3] pick event Id=414, eMBMSSessionId=54 current size: 3605
[pool-198-thread-2] pick event Id=415, eMBMSSessionId=42 current size: 3604
[pool-198-thread-15] pick event Id=416, eMBMSSessionId=59 current size: 3603
[pool-198-thread-8] pick event Id=417, eMBMSSessionId=49 current size: 3602
[pool-198-thread-16] pick event Id=418, eMBMSSessionId=19 current size: 3601
[pool-198-thread-9] pick event Id=419, eMBMSSessionId=89 current size: 3600
[pool-198-thread-14] pick event Id=420, eMBMSSessionId=38 current size: 3599
[pool-198-thread-6] adds event Id=421, eMBMSSessionId=49 current size: 3599
[pool-198-thread-18] pick event Id=422, eMBMSSessionId=64 current size: 3598
[pool-198-thread-20] adds event Id=423, eMBMSSessionId=59 current size: 3598
[pool-198-thread-17] pick event Id=424, eMBMSSessionId=90 current size: 3597
[pool-198-thread-5] adds event Id=425, eMBMSSessionId=54 current size: 3597
[pool-198-thread-19] adds event Id=426, eMBMSSessionId=64 current size: 3597
[pool-198-thread-13] pick event Id=427, eMBMSSessionId=23 current size: 3596
[pool-198-thread-4] pick event Id=428, eMBMSSessionId=62 current size: 3595
pool-198-thread-3 reduces to 3594
[pool-198-thread-1] pick event Id=429, eMBMSSessionId=98 current size: 3593
[pool-198-thread-12] adds event Id=430, eMBMSSessionId=64 current size: 3593
pool-198-thread-8 reduces to 3592
pool-198-thread-15 reduces to 3591
[pool-198-thread-6] pick event Id=431, eMBMSSessionId=29 current size: 3590
[pool-198-thread-5] pick event Id=432, eMBMSSessionId=58 current size: 3589
[pool-198-thread-20] pick event Id=433, eMBMSSessionId=48 current size: 3588
pool-198-thread-18 reduces to 3587
[pool-198-thread-19] pick event Id=434, eMBMSSessionId=70 current size: 3586
[pool-198-thread-7] pick event Id=435, eMBMSSessionId=2 current size: 3585
[pool-198-thread-10] pick event Id=436, eMBMSSessionId=66 current size: 3584
[pool-198-thread-11] pick event Id=437, eMBMSSessionId=88 current size: 3583
[pool-198-thread-12] pick event Id=438, eMBMSSessionId=51 current size: 3582
[pool-198-thread-2] pick event Id=439, eMBMSSessionId=87 current size: 3581
[pool-198-thread-16] pick event Id=440, eMBMSSessionId=77 current size: 3580
[pool-198-thread-14] pick event Id=441, eMBMSSessionId=93 current size: 3579
[pool-198-thread-8] pick event Id=442, eMBMSSessionId=67 current size: 3578
[pool-198-thread-9] pick event Id=443, eMBMSSessionId=37 current size: 3577
[pool-198-thread-17] adds event Id=444, eMBMSSessionId=29 current size: 3577
pool-198-thread-18 reduces to 3576
pool-198-thread-6 reduces to 3575
[pool-198-thread-4] pick event Id=445, eMBMSSessionId=21 current size: 3574
[pool-198-thread-3] pick event Id=446, eMBMSSessionId=94 current size: 3573
[pool-198-thread-13] pick event Id=447, eMBMSSessionId=28 current size: 3572
[pool-198-thread-1] pick event Id=448, eMBMSSessionId=46 current size: 3571
[pool-198-thread-15] pick event Id=449, eMBMSSessionId=97 current size: 3570
[pool-198-thread-5] pick event Id=450, eMBMSSessionId=31 current size: 3569
[pool-198-thread-20] pick event Id=451, eMBMSSessionId=52 current size: 3568
[pool-198-thread-17] pick event Id=452, eMBMSSessionId=10 current size: 3567
[pool-198-thread-9] pick event Id=453, eMBMSSessionId=19 current size: 3566
[pool-198-thread-19] pick event Id=454, eMBMSSessionId=74 current size: 3565
[pool-198-thread-7] pick event Id=455, eMBMSSessionId=38 current size: 3564
[pool-198-thread-11] pick event Id=456, eMBMSSessionId=71 current size: 3563
[pool-198-thread-10] adds event Id=457, eMBMSSessionId=71 current size: 3563
[pool-198-thread-2] pick event Id=458, eMBMSSessionId=40 current size: 3562
[pool-198-thread-12] pick event Id=459, eMBMSSessionId=16 current size: 3561
[pool-198-thread-16] pick event Id=460, eMBMSSessionId=73 current size: 3560
[pool-198-thread-14] pick event Id=461, eMBMSSessionId=62 current size: 3559
[pool-198-thread-8] pick event Id=462, eMBMSSessionId=18 current size: 3558
[pool-198-thread-18] pick event Id=463, eMBMSSessionId=1 current size: 3557
[pool-198-thread-4] pick event Id=464, eMBMSSessionId=28 current size: 3556
[pool-198-thread-6] pick event Id=465, eMBMSSessionId=86 current size: 3555
pool-198-thread-11 reduces to 3554
[pool-198-thread-10] pick event Id=466, eMBMSSessionId=35 current size: 3553
[pool-198-thread-3] pick event Id=467, eMBMSSessionId=0 current size: 3552
[pool-198-thread-13] pick event Id=468, eMBMSSessionId=13 current size: 3551
[pool-198-thread-7] pick event Id=469, eMBMSSessionId=11 current size: 3550
[pool-198-thread-1] pick event Id=470, eMBMSSessionId=26 current size: 3549
[pool-198-thread-15] pick event Id=471, eMBMSSessionId=23 current size: 3548
[pool-198-thread-5] pick event Id=472, eMBMSSessionId=29 current size: 3547
[pool-198-thread-20] pick event Id=473, eMBMSSessionId=10 current size: 3546
[pool-198-thread-14] pick event Id=474, eMBMSSessionId=96 current size: 3545
[pool-198-thread-17] pick event Id=475, eMBMSSessionId=47 current size: 3544
[pool-198-thread-9] pick event Id=476, eMBMSSessionId=3 current size: 3543
[pool-198-thread-18] pick event Id=477, eMBMSSessionId=41 current size: 3542
[pool-198-thread-19] pick event Id=478, eMBMSSessionId=67 current size: 3541
[pool-198-thread-12] pick event Id=479, eMBMSSessionId=31 current size: 3540
[pool-198-thread-3] pick event Id=480, eMBMSSessionId=59 current size: 3539
[pool-198-thread-2] pick event Id=481, eMBMSSessionId=42 current size: 3538
[pool-198-thread-16] pick event Id=482, eMBMSSessionId=97 current size: 3537
[pool-198-thread-8] pick event Id=483, eMBMSSessionId=79 current size: 3536
[pool-198-thread-14] pick event Id=484, eMBMSSessionId=21 current size: 3535
[pool-198-thread-4] pick event Id=485, eMBMSSessionId=26 current size: 3534
[pool-198-thread-6] pick event Id=486, eMBMSSessionId=92 current size: 3533
[pool-198-thread-11] pick event Id=487, eMBMSSessionId=88 current size: 3532
[pool-198-thread-10] pick event Id=488, eMBMSSessionId=63 current size: 3531
[pool-198-thread-13] adds event Id=489, eMBMSSessionId=42 current size: 3531
[pool-198-thread-4] pick event Id=490, eMBMSSessionId=82 current size: 3530
[pool-198-thread-1] pick event Id=491, eMBMSSessionId=29 current size: 3529
[pool-198-thread-7] pick event Id=492, eMBMSSessionId=31 current size: 3528
[pool-198-thread-15] pick event Id=493, eMBMSSessionId=0 current size: 3527
[pool-198-thread-5] pick event Id=494, eMBMSSessionId=91 current size: 3526
pool-198-thread-2 reduces to 3525
[pool-198-thread-16] pick event Id=495, eMBMSSessionId=5 current size: 3524
[pool-198-thread-20] pick event Id=496, eMBMSSessionId=89 current size: 3523
[pool-198-thread-17] pick event Id=497, eMBMSSessionId=80 current size: 3522
[pool-198-thread-9] pick event Id=498, eMBMSSessionId=2 current size: 3521
[pool-198-thread-18] pick event Id=499, eMBMSSessionId=96 current size: 3520
[pool-198-thread-19] pick event Id=500, eMBMSSessionId=65 current size: 3519
[pool-198-thread-13] pick event Id=501, eMBMSSessionId=57 current size: 3518
[pool-198-thread-12] pick event Id=502, eMBMSSessionId=49 current size: 3517
[pool-198-thread-3] pick event Id=503, eMBMSSessionId=47 current size: 3516
[pool-198-thread-4] pick event Id=504, eMBMSSessionId=54 current size: 3515
[pool-198-thread-8] pick event Id=505, eMBMSSessionId=72 current size: 3514
[pool-198-thread-14] pick event Id=506, eMBMSSessionId=93 current size: 3513
[pool-198-thread-20] pick event Id=507, eMBMSSessionId=77 current size: 3512
[pool-198-thread-6] adds event Id=508, eMBMSSessionId=54 current size: 3512
[pool-198-thread-10] adds event Id=509, eMBMSSessionId=72 current size: 3512
[pool-198-thread-11] pick event Id=510, eMBMSSessionId=29 current size: 3511
[pool-198-thread-10] pick event Id=511, eMBMSSessionId=88 current size: 3510
[pool-198-thread-1] pick event Id=512, eMBMSSessionId=58 current size: 3509
[pool-198-thread-7] pick event Id=513, eMBMSSessionId=21 current size: 3508
pool-198-thread-4 reduces to 3507
[pool-198-thread-15] pick event Id=514, eMBMSSessionId=67 current size: 3506
[pool-198-thread-2] pick event Id=515, eMBMSSessionId=65 current size: 3505
[pool-198-thread-5] pick event Id=516, eMBMSSessionId=42 current size: 3504
[pool-198-thread-16] pick event Id=517, eMBMSSessionId=32 current size: 3503
[pool-198-thread-17] pick event Id=518, eMBMSSessionId=61 current size: 3502
pool-198-thread-8 reduces to 3501
testOverload end.
testFull begin.
[pool-199-thread-1] pick event Id=0, eMBMSSessionId=41 current size: 4998
[pool-199-thread-2] pick event Id=1, eMBMSSessionId=50 current size: 4997
[pool-199-thread-3] pick event Id=2, eMBMSSessionId=15 current size: 4996
[pool-199-thread-5] pick event Id=3, eMBMSSessionId=21 current size: 4995
[pool-199-thread-4] pick event Id=4, eMBMSSessionId=4 current size: 4994
[pool-199-thread-7] pick event Id=5, eMBMSSessionId=44 current size: 4993
[pool-199-thread-6] pick event Id=6, eMBMSSessionId=3 current size: 4992
[pool-199-thread-8] pick event Id=7, eMBMSSessionId=60 current size: 4991
[pool-199-thread-9] pick event Id=8, eMBMSSessionId=59 current size: 4990
[pool-199-thread-10] pick event Id=9, eMBMSSessionId=69 current size: 4989
[pool-199-thread-11] pick event Id=10, eMBMSSessionId=77 current size: 4988
[pool-199-thread-12] adds event Id=11, eMBMSSessionId=15 current size: 4988
[pool-199-thread-13] pick event Id=12, eMBMSSessionId=7 current size: 4987
[pool-199-thread-14] pick event Id=13, eMBMSSessionId=81 current size: 4986
[pool-199-thread-15] pick event Id=14, eMBMSSessionId=42 current size: 4985
[pool-199-thread-16] pick event Id=15, eMBMSSessionId=37 current size: 4984
[pool-199-thread-17] adds event Id=16, eMBMSSessionId=81 current size: 4984
[pool-199-thread-18] pick event Id=17, eMBMSSessionId=23 current size: 4983
[pool-199-thread-19] pick event Id=18, eMBMSSessionId=98 current size: 4982
[pool-199-thread-20] pick event Id=19, eMBMSSessionId=17 current size: 4981
[pool-199-thread-12] pick event Id=20, eMBMSSessionId=19 current size: 4980
[pool-199-thread-17] pick event Id=21, eMBMSSessionId=62 current size: 4979
event queue is full, will clear all data!
NbiEventCache is cleared with total events removed: 5029
testFull end.
22 times run start
testEventSequence begin.
testEventSequence end.
testSendRadomEmbmsSessionEvents begin.
testSendRadomEmbmsSessionEvents end.
testSendSameEmbmsSessionEvents begin.
testSendSameEmbmsSessionEvents end.
testSendNoSameEmbmsSessionEvents begin.
testSendNoSameEmbmsSessionEvents end.
testSendNoEmbmsSessionIdEvents begin.
testSendNoEmbmsSessionIdEvents end.
testOverload begin.
[pool-207-thread-1] pick event Id=0, eMBMSSessionId=46 current size: 4019
[pool-207-thread-3] pick event Id=1, eMBMSSessionId=92 current size: 4018
pool-207-thread-1 Discard NBI event &apos; Id=0, eMBMSSessionId=46&apos;, current queue size: 4018
[pool-207-thread-2] pick event Id=2, eMBMSSessionId=41 current size: 4017
[pool-207-thread-4] pick event Id=3, eMBMSSessionId=72 current size: 4016
[pool-207-thread-5] pick event Id=4, eMBMSSessionId=10 current size: 4015
pool-207-thread-3 Discard NBI event &apos; Id=1, eMBMSSessionId=92&apos;, current queue size: 4015
pool-207-thread-2 Discard NBI event &apos; Id=2, eMBMSSessionId=41&apos;, current queue size: 4015
pool-207-thread-4 Discard NBI event &apos; Id=3, eMBMSSessionId=72&apos;, current queue size: 4015
pool-207-thread-5 Discard NBI event &apos; Id=4, eMBMSSessionId=10&apos;, current queue size: 4015
[pool-207-thread-6] pick event Id=5, eMBMSSessionId=63 current size: 4014
[pool-207-thread-7] pick event Id=6, eMBMSSessionId=3 current size: 4013
pool-207-thread-6 Discard NBI event &apos; Id=5, eMBMSSessionId=63&apos;, current queue size: 4013
[pool-207-thread-8] pick event Id=7, eMBMSSessionId=98 current size: 4012
pool-207-thread-7 Discard NBI event &apos; Id=6, eMBMSSessionId=3&apos;, current queue size: 4012
pool-207-thread-8 Discard NBI event &apos; Id=7, eMBMSSessionId=98&apos;, current queue size: 4012
[pool-207-thread-9] pick event Id=8, eMBMSSessionId=70 current size: 4011
[pool-207-thread-10] pick event Id=9, eMBMSSessionId=42 current size: 4010
pool-207-thread-9 Discard NBI event &apos; Id=8, eMBMSSessionId=70&apos;, current queue size: 4011
[pool-207-thread-11] pick event Id=10, eMBMSSessionId=45 current size: 4009
pool-207-thread-10 Discard NBI event &apos; Id=9, eMBMSSessionId=42&apos;, current queue size: 4009
[pool-207-thread-12] pick event Id=11, eMBMSSessionId=90 current size: 4008
pool-207-thread-11 Discard NBI event &apos; Id=10, eMBMSSessionId=45&apos;, current queue size: 4009
[pool-207-thread-13] pick event Id=12, eMBMSSessionId=66 current size: 4007
[pool-207-thread-14] pick event Id=13, eMBMSSessionId=84 current size: 4006
[pool-207-thread-15] pick event Id=14, eMBMSSessionId=97 current size: 4005
pool-207-thread-12 Discard NBI event &apos; Id=11, eMBMSSessionId=90&apos;, current queue size: 4006
pool-207-thread-13 Discard NBI event &apos; Id=12, eMBMSSessionId=66&apos;, current queue size: 4005
pool-207-thread-15 Discard NBI event &apos; Id=14, eMBMSSessionId=97&apos;, current queue size: 4005
[pool-207-thread-16] pick event Id=15, eMBMSSessionId=1 current size: 4004
pool-207-thread-14 Discard NBI event &apos; Id=13, eMBMSSessionId=84&apos;, current queue size: 4005
[pool-207-thread-17] pick event Id=16, eMBMSSessionId=54 current size: 4003
pool-207-thread-16 Discard NBI event &apos; Id=15, eMBMSSessionId=1&apos;, current queue size: 4003
[pool-207-thread-18] pick event Id=17, eMBMSSessionId=19 current size: 4002
pool-207-thread-17 Discard NBI event &apos; Id=16, eMBMSSessionId=54&apos;, current queue size: 4002
pool-207-thread-18 Discard NBI event &apos; Id=17, eMBMSSessionId=19&apos;, current queue size: 4002
[pool-207-thread-19] pick event Id=18, eMBMSSessionId=17 current size: 4001
[pool-207-thread-20] pick event Id=19, eMBMSSessionId=5 current size: 4000
[pool-207-thread-1] pick event Id=20, eMBMSSessionId=20 current size: 3999
pool-207-thread-20 Discard NBI event &apos; Id=19, eMBMSSessionId=5&apos;, current queue size: 4000
pool-207-thread-19 Discard NBI event &apos; Id=18, eMBMSSessionId=17&apos;, current queue size: 3999
[pool-207-thread-4] pick event Id=21, eMBMSSessionId=3 current size: 3998
[pool-207-thread-2] pick event Id=22, eMBMSSessionId=24 current size: 3997
[pool-207-thread-3] pick event Id=23, eMBMSSessionId=66 current size: 3996
[pool-207-thread-5] pick event Id=24, eMBMSSessionId=75 current size: 3995
[pool-207-thread-16] pick event Id=25, eMBMSSessionId=74 current size: 3994
[pool-207-thread-6] pick event Id=26, eMBMSSessionId=0 current size: 3993
[pool-207-thread-7] adds event Id=27, eMBMSSessionId=3 current size: 3993
[pool-207-thread-8] pick event Id=28, eMBMSSessionId=68 current size: 3992
[pool-207-thread-9] pick event Id=29, eMBMSSessionId=1 current size: 3991
[pool-207-thread-10] pick event Id=30, eMBMSSessionId=85 current size: 3990
[pool-207-thread-11] adds event Id=31, eMBMSSessionId=74 current size: 3990
[pool-207-thread-12] pick event Id=32, eMBMSSessionId=92 current size: 3989
[pool-207-thread-15] pick event Id=33, eMBMSSessionId=77 current size: 3988
[pool-207-thread-13] pick event Id=34, eMBMSSessionId=78 current size: 3987
[pool-207-thread-14] adds event Id=35, eMBMSSessionId=92 current size: 3987
pool-207-thread-4 reduces to 3986
[pool-207-thread-7] pick event Id=36, eMBMSSessionId=76 current size: 3985
[pool-207-thread-17] pick event Id=37, eMBMSSessionId=89 current size: 3984
pool-207-thread-16 reduces to 3983
[pool-207-thread-18] pick event Id=38, eMBMSSessionId=16 current size: 3982
[pool-207-thread-11] pick event Id=39, eMBMSSessionId=47 current size: 3981
[pool-207-thread-10] pick event Id=40, eMBMSSessionId=72 current size: 3980
[pool-207-thread-20] pick event Id=41, eMBMSSessionId=53 current size: 3979
pool-207-thread-12 reduces to 3978
[pool-207-thread-19] pick event Id=42, eMBMSSessionId=23 current size: 3977
[pool-207-thread-1] pick event Id=43, eMBMSSessionId=22 current size: 3976
[pool-207-thread-2] pick event Id=44, eMBMSSessionId=32 current size: 3975
[pool-207-thread-14] adds event Id=45, eMBMSSessionId=16 current size: 3975
[pool-207-thread-3] adds event Id=46, eMBMSSessionId=89 current size: 3975
[pool-207-thread-4] pick event Id=47, eMBMSSessionId=69 current size: 3974
[pool-207-thread-6] pick event Id=48, eMBMSSessionId=82 current size: 3973
[pool-207-thread-5] pick event Id=49, eMBMSSessionId=46 current size: 3972
pool-207-thread-17 reduces to 3971
[pool-207-thread-8] adds event Id=50, eMBMSSessionId=32 current size: 3971
[pool-207-thread-9] pick event Id=51, eMBMSSessionId=27 current size: 3970
[pool-207-thread-16] adds event Id=52, eMBMSSessionId=82 current size: 3970
pool-207-thread-18 reduces to 3969
[pool-207-thread-15] pick event Id=53, eMBMSSessionId=64 current size: 3968
[pool-207-thread-13] pick event Id=54, eMBMSSessionId=88 current size: 3967
[pool-207-thread-1] pick event Id=55, eMBMSSessionId=81 current size: 3966
pool-207-thread-2 reduces to 3965
[pool-207-thread-14] pick event Id=56, eMBMSSessionId=76 current size: 3964
[pool-207-thread-3] adds event Id=57, eMBMSSessionId=82 current size: 3964
[pool-207-thread-7] pick event Id=58, eMBMSSessionId=94 current size: 3963
[pool-207-thread-4] pick event Id=59, eMBMSSessionId=84 current size: 3962
pool-207-thread-6 reduces to 3961
[pool-207-thread-8] pick event Id=60, eMBMSSessionId=74 current size: 3960
[pool-207-thread-17] pick event Id=61, eMBMSSessionId=47 current size: 3959
[pool-207-thread-16] adds event Id=62, eMBMSSessionId=64 current size: 3959
[pool-207-thread-20] pick event Id=63, eMBMSSessionId=6 current size: 3958
[pool-207-thread-10] pick event Id=64, eMBMSSessionId=10 current size: 3957
[pool-207-thread-11] adds event Id=65, eMBMSSessionId=16 current size: 3957
[pool-207-thread-19] pick event Id=66, eMBMSSessionId=44 current size: 3956
pool-207-thread-18 reduces to 3955
[pool-207-thread-12] pick event Id=67, eMBMSSessionId=37 current size: 3954
pool-207-thread-15 reduces to 3953
[pool-207-thread-3] pick event Id=68, eMBMSSessionId=67 current size: 3952
[pool-207-thread-5] pick event Id=69, eMBMSSessionId=87 current size: 3951
pool-207-thread-6 reduces to 3950
[pool-207-thread-9] pick event Id=70, eMBMSSessionId=85 current size: 3949
[pool-207-thread-16] pick event Id=71, eMBMSSessionId=97 current size: 3948
[pool-207-thread-11] pick event Id=72, eMBMSSessionId=93 current size: 3947
[pool-207-thread-20] pick event Id=73, eMBMSSessionId=42 current size: 3946
[pool-207-thread-12] pick event Id=74, eMBMSSessionId=41 current size: 3945
[pool-207-thread-13] adds event Id=75, eMBMSSessionId=97 current size: 3945
[pool-207-thread-2] pick event Id=76, eMBMSSessionId=88 current size: 3944
[pool-207-thread-1] pick event Id=77, eMBMSSessionId=65 current size: 3943
[pool-207-thread-7] pick event Id=78, eMBMSSessionId=57 current size: 3942
[pool-207-thread-14] pick event Id=79, eMBMSSessionId=58 current size: 3941
[pool-207-thread-4] pick event Id=80, eMBMSSessionId=8 current size: 3940
[pool-207-thread-8] pick event Id=81, eMBMSSessionId=13 current size: 3939
[pool-207-thread-17] pick event Id=82, eMBMSSessionId=99 current size: 3938
pool-207-thread-16 reduces to 3937
[pool-207-thread-9] pick event Id=83, eMBMSSessionId=32 current size: 3936
[pool-207-thread-10] pick event Id=84, eMBMSSessionId=95 current size: 3935
[pool-207-thread-19] adds event Id=85, eMBMSSessionId=8 current size: 3935
[pool-207-thread-3] pick event Id=86, eMBMSSessionId=26 current size: 3934
[pool-207-thread-18] adds event Id=87, eMBMSSessionId=58 current size: 3934
[pool-207-thread-18] adds event Id=88, eMBMSSessionId=8 current size: 3934
[pool-207-thread-13] pick event Id=89, eMBMSSessionId=6 current size: 3933
[pool-207-thread-15] pick event Id=90, eMBMSSessionId=25 current size: 3932
pool-207-thread-14 reduces to 3931
[pool-207-thread-6] pick event Id=91, eMBMSSessionId=49 current size: 3930
[pool-207-thread-5] pick event Id=92, eMBMSSessionId=53 current size: 3929
pool-207-thread-4 reduces to 3928
[pool-207-thread-11] pick event Id=93, eMBMSSessionId=72 current size: 3927
[pool-207-thread-19] pick event Id=94, eMBMSSessionId=21 current size: 3926
[pool-207-thread-12] pick event Id=95, eMBMSSessionId=40 current size: 3925
[pool-207-thread-9] pick event Id=96, eMBMSSessionId=86 current size: 3924
[pool-207-thread-20] pick event Id=97, eMBMSSessionId=36 current size: 3923
[pool-207-thread-18] pick event Id=98, eMBMSSessionId=37 current size: 3922
[pool-207-thread-13] pick event Id=99, eMBMSSessionId=99 current size: 3921
[pool-207-thread-1] pick event Id=100, eMBMSSessionId=39 current size: 3920
[pool-207-thread-7] pick event Id=101, eMBMSSessionId=45 current size: 3919
[pool-207-thread-2] pick event Id=102, eMBMSSessionId=20 current size: 3918
[pool-207-thread-8] pick event Id=103, eMBMSSessionId=7 current size: 3917
pool-207-thread-4 reduces to 3916
[pool-207-thread-17] pick event Id=104, eMBMSSessionId=31 current size: 3915
[pool-207-thread-16] pick event Id=105, eMBMSSessionId=54 current size: 3914
[pool-207-thread-10] adds event Id=106, eMBMSSessionId=54 current size: 3914
[pool-207-thread-3] pick event Id=107, eMBMSSessionId=34 current size: 3913
[pool-207-thread-9] pick event Id=108, eMBMSSessionId=50 current size: 3912
[pool-207-thread-12] adds event Id=109, eMBMSSessionId=31 current size: 3912
[pool-207-thread-15] pick event Id=110, eMBMSSessionId=96 current size: 3911
[pool-207-thread-1] pick event Id=111, eMBMSSessionId=72 current size: 3910
[pool-207-thread-14] pick event Id=112, eMBMSSessionId=98 current size: 3909
[pool-207-thread-5] pick event Id=113, eMBMSSessionId=43 current size: 3908
[pool-207-thread-6] pick event Id=114, eMBMSSessionId=86 current size: 3907
[pool-207-thread-10] pick event Id=115, eMBMSSessionId=77 current size: 3906
pool-207-thread-17 reduces to 3905
pool-207-thread-16 reduces to 3904
[pool-207-thread-4] pick event Id=116, eMBMSSessionId=51 current size: 3903
[pool-207-thread-11] pick event Id=117, eMBMSSessionId=5 current size: 3902
[pool-207-thread-19] pick event Id=118, eMBMSSessionId=95 current size: 3901
[pool-207-thread-20] pick event Id=119, eMBMSSessionId=97 current size: 3900
[pool-207-thread-12] pick event Id=120, eMBMSSessionId=65 current size: 3899
[pool-207-thread-18] pick event Id=121, eMBMSSessionId=37 current size: 3898
[pool-207-thread-13] pick event Id=122, eMBMSSessionId=0 current size: 3897
[pool-207-thread-7] pick event Id=123, eMBMSSessionId=87 current size: 3896
[pool-207-thread-2] pick event Id=124, eMBMSSessionId=8 current size: 3895
[pool-207-thread-8] pick event Id=125, eMBMSSessionId=52 current size: 3894
[pool-207-thread-9] pick event Id=126, eMBMSSessionId=67 current size: 3893
[pool-207-thread-3] pick event Id=127, eMBMSSessionId=46 current size: 3892
[pool-207-thread-15] pick event Id=128, eMBMSSessionId=22 current size: 3891
[pool-207-thread-1] pick event Id=129, eMBMSSessionId=1 current size: 3890
[pool-207-thread-5] pick event Id=130, eMBMSSessionId=92 current size: 3889
[pool-207-thread-6] pick event Id=131, eMBMSSessionId=59 current size: 3888
[pool-207-thread-14] pick event Id=132, eMBMSSessionId=61 current size: 3887
[pool-207-thread-17] pick event Id=133, eMBMSSessionId=62 current size: 3886
[pool-207-thread-2] pick event Id=134, eMBMSSessionId=65 current size: 3885
[pool-207-thread-16] pick event Id=135, eMBMSSessionId=96 current size: 3884
[pool-207-thread-10] pick event Id=136, eMBMSSessionId=23 current size: 3883
[pool-207-thread-4] pick event Id=137, eMBMSSessionId=63 current size: 3882
[pool-207-thread-11] pick event Id=138, eMBMSSessionId=21 current size: 3881
[pool-207-thread-19] pick event Id=139, eMBMSSessionId=89 current size: 3880
[pool-207-thread-20] pick event Id=140, eMBMSSessionId=70 current size: 3879
[pool-207-thread-12] pick event Id=141, eMBMSSessionId=13 current size: 3878
[pool-207-thread-18] pick event Id=142, eMBMSSessionId=71 current size: 3877
[pool-207-thread-13] pick event Id=143, eMBMSSessionId=6 current size: 3876
[pool-207-thread-7] pick event Id=144, eMBMSSessionId=46 current size: 3875
[pool-207-thread-15] pick event Id=145, eMBMSSessionId=72 current size: 3874
[pool-207-thread-14] pick event Id=146, eMBMSSessionId=29 current size: 3873
[pool-207-thread-1] pick event Id=147, eMBMSSessionId=5 current size: 3872
[pool-207-thread-2] pick event Id=148, eMBMSSessionId=51 current size: 3871
[pool-207-thread-8] pick event Id=149, eMBMSSessionId=39 current size: 3870
[pool-207-thread-16] pick event Id=150, eMBMSSessionId=81 current size: 3869
[pool-207-thread-11] pick event Id=151, eMBMSSessionId=14 current size: 3868
[pool-207-thread-9] pick event Id=152, eMBMSSessionId=25 current size: 3867
[pool-207-thread-3] pick event Id=153, eMBMSSessionId=49 current size: 3866
[pool-207-thread-13] adds event Id=154, eMBMSSessionId=29 current size: 3866
[pool-207-thread-13] pick event Id=155, eMBMSSessionId=9 current size: 3865
[pool-207-thread-13] pick event Id=156, eMBMSSessionId=67 current size: 3864
[pool-207-thread-13] pick event Id=157, eMBMSSessionId=58 current size: 3863
pool-207-thread-14 reduces to 3862
[pool-207-thread-6] pick event Id=158, eMBMSSessionId=59 current size: 3861
[pool-207-thread-5] pick event Id=159, eMBMSSessionId=27 current size: 3860
[pool-207-thread-17] pick event Id=160, eMBMSSessionId=23 current size: 3859
[pool-207-thread-10] pick event Id=161, eMBMSSessionId=55 current size: 3858
[pool-207-thread-2] pick event Id=162, eMBMSSessionId=24 current size: 3857
[pool-207-thread-4] pick event Id=163, eMBMSSessionId=93 current size: 3856
[pool-207-thread-20] pick event Id=164, eMBMSSessionId=67 current size: 3855
[pool-207-thread-19] pick event Id=165, eMBMSSessionId=63 current size: 3854
[pool-207-thread-7] pick event Id=166, eMBMSSessionId=89 current size: 3853
[pool-207-thread-9] pick event Id=167, eMBMSSessionId=17 current size: 3852
[pool-207-thread-12] pick event Id=168, eMBMSSessionId=85 current size: 3851
[pool-207-thread-18] pick event Id=169, eMBMSSessionId=87 current size: 3850
[pool-207-thread-15] pick event Id=170, eMBMSSessionId=16 current size: 3849
[pool-207-thread-1] pick event Id=171, eMBMSSessionId=55 current size: 3848
[pool-207-thread-16] pick event Id=172, eMBMSSessionId=49 current size: 3847
[pool-207-thread-11] pick event Id=173, eMBMSSessionId=76 current size: 3846
[pool-207-thread-8] pick event Id=174, eMBMSSessionId=1 current size: 3845
[pool-207-thread-3] pick event Id=175, eMBMSSessionId=38 current size: 3844
[pool-207-thread-13] pick event Id=176, eMBMSSessionId=57 current size: 3843
[pool-207-thread-14] pick event Id=177, eMBMSSessionId=32 current size: 3842
[pool-207-thread-15] pick event Id=178, eMBMSSessionId=17 current size: 3841
[pool-207-thread-17] pick event Id=179, eMBMSSessionId=52 current size: 3840
[pool-207-thread-6] pick event Id=180, eMBMSSessionId=62 current size: 3839
[pool-207-thread-10] pick event Id=181, eMBMSSessionId=79 current size: 3838
[pool-207-thread-5] adds event Id=182, eMBMSSessionId=76 current size: 3838
[pool-207-thread-2] pick event Id=183, eMBMSSessionId=21 current size: 3837
[pool-207-thread-4] pick event Id=184, eMBMSSessionId=5 current size: 3836
[pool-207-thread-19] adds event Id=185, eMBMSSessionId=38 current size: 3836
pool-207-thread-11 reduces to 3835
[pool-207-thread-7] pick event Id=186, eMBMSSessionId=75 current size: 3834
[pool-207-thread-20] pick event Id=187, eMBMSSessionId=47 current size: 3833
pool-207-thread-3 reduces to 3832
[pool-207-thread-9] adds event Id=188, eMBMSSessionId=38 current size: 3832
[pool-207-thread-12] pick event Id=189, eMBMSSessionId=59 current size: 3831
[pool-207-thread-5] pick event Id=190, eMBMSSessionId=33 current size: 3830
[pool-207-thread-18] pick event Id=191, eMBMSSessionId=62 current size: 3829
[pool-207-thread-16] pick event Id=192, eMBMSSessionId=20 current size: 3828
[pool-207-thread-1] pick event Id=193, eMBMSSessionId=34 current size: 3827
[pool-207-thread-19] adds event Id=194, eMBMSSessionId=47 current size: 3827
[pool-207-thread-8] pick event Id=195, eMBMSSessionId=91 current size: 3826
pool-207-thread-20 reduces to 3825
[pool-207-thread-13] pick event Id=196, eMBMSSessionId=99 current size: 3824
[pool-207-thread-14] pick event Id=197, eMBMSSessionId=7 current size: 3823
pool-207-thread-3 reduces to 3822
[pool-207-thread-9] pick event Id=198, eMBMSSessionId=32 current size: 3821
[pool-207-thread-15] pick event Id=199, eMBMSSessionId=75 current size: 3820
[pool-207-thread-6] pick event Id=200, eMBMSSessionId=24 current size: 3819
[pool-207-thread-10] pick event Id=201, eMBMSSessionId=60 current size: 3818
[pool-207-thread-17] pick event Id=202, eMBMSSessionId=50 current size: 3817
[pool-207-thread-2] adds event Id=203, eMBMSSessionId=91 current size: 3817
[pool-207-thread-4] pick event Id=204, eMBMSSessionId=30 current size: 3816
[pool-207-thread-19] pick event Id=205, eMBMSSessionId=16 current size: 3815
[pool-207-thread-11] adds event Id=206, eMBMSSessionId=7 current size: 3815
[pool-207-thread-7] pick event Id=207, eMBMSSessionId=58 current size: 3814
pool-207-thread-8 reduces to 3813
pool-207-thread-14 reduces to 3812
[pool-207-thread-20] pick event Id=208, eMBMSSessionId=18 current size: 3811
[pool-207-thread-12] pick event Id=209, eMBMSSessionId=32 current size: 3810
[pool-207-thread-5] pick event Id=210, eMBMSSessionId=24 current size: 3809
[pool-207-thread-2] pick event Id=211, eMBMSSessionId=43 current size: 3808
[pool-207-thread-18] pick event Id=212, eMBMSSessionId=48 current size: 3807
[pool-207-thread-1] pick event Id=213, eMBMSSessionId=9 current size: 3806
[pool-207-thread-17] pick event Id=214, eMBMSSessionId=19 current size: 3805
[pool-207-thread-17] pick event Id=215, eMBMSSessionId=21 current size: 3804
[pool-207-thread-16] pick event Id=216, eMBMSSessionId=89 current size: 3803
[pool-207-thread-19] pick event Id=217, eMBMSSessionId=66 current size: 3802
[pool-207-thread-11] pick event Id=218, eMBMSSessionId=50 current size: 3801
[pool-207-thread-13] pick event Id=219, eMBMSSessionId=42 current size: 3800
[pool-207-thread-9] pick event Id=220, eMBMSSessionId=22 current size: 3799
[pool-207-thread-8] adds event Id=221, eMBMSSessionId=22 current size: 3799
[pool-207-thread-14] pick event Id=222, eMBMSSessionId=40 current size: 3798
[pool-207-thread-20] pick event Id=223, eMBMSSessionId=52 current size: 3797
[pool-207-thread-3] pick event Id=224, eMBMSSessionId=99 current size: 3796
[pool-207-thread-15] pick event Id=225, eMBMSSessionId=31 current size: 3795
[pool-207-thread-6] pick event Id=226, eMBMSSessionId=36 current size: 3794
[pool-207-thread-10] pick event Id=227, eMBMSSessionId=91 current size: 3793
[pool-207-thread-4] pick event Id=228, eMBMSSessionId=1 current size: 3792
[pool-207-thread-7] pick event Id=229, eMBMSSessionId=44 current size: 3791
pool-207-thread-9 reduces to 3790
[pool-207-thread-8] pick event Id=230, eMBMSSessionId=37 current size: 3789
[pool-207-thread-8] pick event Id=231, eMBMSSessionId=28 current size: 3788
[pool-207-thread-12] pick event Id=232, eMBMSSessionId=14 current size: 3787
[pool-207-thread-5] pick event Id=233, eMBMSSessionId=56 current size: 3786
[pool-207-thread-2] pick event Id=234, eMBMSSessionId=19 current size: 3785
[pool-207-thread-17] pick event Id=235, eMBMSSessionId=90 current size: 3784
[pool-207-thread-18] pick event Id=236, eMBMSSessionId=41 current size: 3783
[pool-207-thread-1] pick event Id=237, eMBMSSessionId=36 current size: 3782
[pool-207-thread-16] pick event Id=238, eMBMSSessionId=52 current size: 3781
[pool-207-thread-11] pick event Id=239, eMBMSSessionId=51 current size: 3780
[pool-207-thread-19] pick event Id=240, eMBMSSessionId=91 current size: 3779
[pool-207-thread-13] pick event Id=241, eMBMSSessionId=90 current size: 3778
[pool-207-thread-14] adds event Id=242, eMBMSSessionId=91 current size: 3778
[pool-207-thread-3] adds event Id=243, eMBMSSessionId=90 current size: 3778
[pool-207-thread-20] pick event Id=244, eMBMSSessionId=46 current size: 3777
[pool-207-thread-9] pick event Id=245, eMBMSSessionId=45 current size: 3776
[pool-207-thread-15] pick event Id=246, eMBMSSessionId=11 current size: 3775
[pool-207-thread-6] pick event Id=247, eMBMSSessionId=60 current size: 3774
[pool-207-thread-12] pick event Id=248, eMBMSSessionId=65 current size: 3773
[pool-207-thread-10] pick event Id=249, eMBMSSessionId=70 current size: 3772
[pool-207-thread-4] pick event Id=250, eMBMSSessionId=86 current size: 3771
[pool-207-thread-17] pick event Id=251, eMBMSSessionId=29 current size: 3770
[pool-207-thread-1] pick event Id=252, eMBMSSessionId=50 current size: 3769
[pool-207-thread-1] pick event Id=253, eMBMSSessionId=73 current size: 3768
[pool-207-thread-1] pick event Id=254, eMBMSSessionId=12 current size: 3767
[pool-207-thread-1] pick event Id=255, eMBMSSessionId=85 current size: 3766
[pool-207-thread-1] pick event Id=256, eMBMSSessionId=14 current size: 3765
[pool-207-thread-16] pick event Id=257, eMBMSSessionId=40 current size: 3764
[pool-207-thread-11] pick event Id=258, eMBMSSessionId=75 current size: 3763
[pool-207-thread-7] pick event Id=259, eMBMSSessionId=49 current size: 3762
[pool-207-thread-14] pick event Id=260, eMBMSSessionId=0 current size: 3761
pool-207-thread-19 reduces to 3760
pool-207-thread-13 reduces to 3759
[pool-207-thread-3] pick event Id=261, eMBMSSessionId=36 current size: 3758
[pool-207-thread-20] adds event Id=262, eMBMSSessionId=36 current size: 3758
[pool-207-thread-20] pick event Id=263, eMBMSSessionId=13 current size: 3757
[pool-207-thread-8] pick event Id=264, eMBMSSessionId=9 current size: 3756
[pool-207-thread-15] pick event Id=265, eMBMSSessionId=50 current size: 3755
[pool-207-thread-5] pick event Id=266, eMBMSSessionId=27 current size: 3754
[pool-207-thread-12] pick event Id=267, eMBMSSessionId=23 current size: 3753
[pool-207-thread-2] pick event Id=268, eMBMSSessionId=51 current size: 3752
[pool-207-thread-2] pick event Id=269, eMBMSSessionId=57 current size: 3751
[pool-207-thread-2] pick event Id=270, eMBMSSessionId=73 current size: 3750
[pool-207-thread-18] pick event Id=271, eMBMSSessionId=81 current size: 3749
[pool-207-thread-19] adds event Id=272, eMBMSSessionId=90 current size: 3749
[pool-207-thread-19] pick event Id=273, eMBMSSessionId=72 current size: 3748
[pool-207-thread-19] pick event Id=274, eMBMSSessionId=66 current size: 3747
[pool-207-thread-19] pick event Id=275, eMBMSSessionId=71 current size: 3746
[pool-207-thread-19] pick event Id=276, eMBMSSessionId=55 current size: 3745
[pool-207-thread-19] pick event Id=277, eMBMSSessionId=6 current size: 3744
pool-207-thread-3 reduces to 3743
pool-207-thread-13 reduces to 3742
[pool-207-thread-8] pick event Id=278, eMBMSSessionId=44 current size: 3741
[pool-207-thread-9] pick event Id=279, eMBMSSessionId=29 current size: 3740
[pool-207-thread-6] adds event Id=280, eMBMSSessionId=73 current size: 3740
[pool-207-thread-6] pick event Id=281, eMBMSSessionId=39 current size: 3739
pool-207-thread-2 reduces to 3738
[pool-207-thread-10] pick event Id=282, eMBMSSessionId=91 current size: 3737
[pool-207-thread-4] pick event Id=283, eMBMSSessionId=69 current size: 3736
[pool-207-thread-17] pick event Id=284, eMBMSSessionId=82 current size: 3735
[pool-207-thread-1] pick event Id=285, eMBMSSessionId=45 current size: 3734
[pool-207-thread-18] pick event Id=286, eMBMSSessionId=70 current size: 3733
[pool-207-thread-11] adds event Id=287, eMBMSSessionId=6 current size: 3733
[pool-207-thread-11] pick event Id=288, eMBMSSessionId=94 current size: 3732
[pool-207-thread-16] pick event Id=289, eMBMSSessionId=63 current size: 3731
pool-207-thread-19 reduces to 3730
[pool-207-thread-7] pick event Id=290, eMBMSSessionId=99 current size: 3729
[pool-207-thread-14] pick event Id=291, eMBMSSessionId=76 current size: 3728
[pool-207-thread-3] pick event Id=292, eMBMSSessionId=55 current size: 3727
[pool-207-thread-13] adds event Id=293, eMBMSSessionId=39 current size: 3727
[pool-207-thread-9] pick event Id=294, eMBMSSessionId=66 current size: 3726
[pool-207-thread-9] pick event Id=295, eMBMSSessionId=78 current size: 3725
[pool-207-thread-9] pick event Id=296, eMBMSSessionId=77 current size: 3724
[pool-207-thread-9] pick event Id=297, eMBMSSessionId=35 current size: 3723
[pool-207-thread-9] pick event Id=298, eMBMSSessionId=66 current size: 3722
[pool-207-thread-9] adds event Id=299, eMBMSSessionId=94 current size: 3722
[pool-207-thread-9] adds event Id=300, eMBMSSessionId=91 current size: 3722
[pool-207-thread-9] pick event Id=301, eMBMSSessionId=3 current size: 3721
[pool-207-thread-20] pick event Id=302, eMBMSSessionId=85 current size: 3720
[pool-207-thread-12] pick event Id=303, eMBMSSessionId=29 current size: 3719
[pool-207-thread-15] pick event Id=304, eMBMSSessionId=48 current size: 3718
[pool-207-thread-5] pick event Id=305, eMBMSSessionId=33 current size: 3717
pool-207-thread-6 reduces to 3716
[pool-207-thread-2] pick event Id=306, eMBMSSessionId=34 current size: 3715
pool-207-thread-10 reduces to 3714
pool-207-thread-11 reduces to 3713
[pool-207-thread-19] pick event Id=307, eMBMSSessionId=8 current size: 3712
[pool-207-thread-8] adds event Id=308, eMBMSSessionId=39 current size: 3712
[pool-207-thread-13] pick event Id=309, eMBMSSessionId=61 current size: 3711
[pool-207-thread-4] pick event Id=310, eMBMSSessionId=20 current size: 3710
[pool-207-thread-1] pick event Id=311, eMBMSSessionId=79 current size: 3709
pool-207-thread-6 reduces to 3708
[pool-207-thread-17] pick event Id=312, eMBMSSessionId=68 current size: 3707
[pool-207-thread-16] adds event Id=313, eMBMSSessionId=20 current size: 3707
[pool-207-thread-16] pick event Id=314, eMBMSSessionId=93 current size: 3706
[pool-207-thread-7] pick event Id=315, eMBMSSessionId=97 current size: 3705
[pool-207-thread-18] pick event Id=316, eMBMSSessionId=27 current size: 3704
[pool-207-thread-14] pick event Id=317, eMBMSSessionId=85 current size: 3703
[pool-207-thread-8] pick event Id=318, eMBMSSessionId=10 current size: 3702
[pool-207-thread-3] pick event Id=319, eMBMSSessionId=57 current size: 3701
[pool-207-thread-20] pick event Id=320, eMBMSSessionId=3 current size: 3700
[pool-207-thread-9] pick event Id=321, eMBMSSessionId=71 current size: 3699
[pool-207-thread-13] pick event Id=322, eMBMSSessionId=30 current size: 3698
[pool-207-thread-12] pick event Id=323, eMBMSSessionId=24 current size: 3697
[pool-207-thread-15] pick event Id=324, eMBMSSessionId=33 current size: 3696
pool-207-thread-4 reduces to 3695
[pool-207-thread-10] pick event Id=325, eMBMSSessionId=31 current size: 3694
[pool-207-thread-11] adds event Id=326, eMBMSSessionId=27 current size: 3694
[pool-207-thread-2] pick event Id=327, eMBMSSessionId=91 current size: 3693
[pool-207-thread-5] pick event Id=328, eMBMSSessionId=60 current size: 3692
[pool-207-thread-16] pick event Id=329, eMBMSSessionId=21 current size: 3691
pool-207-thread-18 reduces to 3690
[pool-207-thread-19] pick event Id=330, eMBMSSessionId=80 current size: 3689
[pool-207-thread-6] pick event Id=331, eMBMSSessionId=48 current size: 3688
[pool-207-thread-13] pick event Id=332, eMBMSSessionId=93 current size: 3687
[pool-207-thread-11] pick event Id=333, eMBMSSessionId=33 current size: 3686
[pool-207-thread-1] pick event Id=334, eMBMSSessionId=49 current size: 3685
[pool-207-thread-17] pick event Id=335, eMBMSSessionId=20 current size: 3684
[pool-207-thread-7] pick event Id=336, eMBMSSessionId=4 current size: 3683
[pool-207-thread-14] pick event Id=337, eMBMSSessionId=53 current size: 3682
[pool-207-thread-8] pick event Id=338, eMBMSSessionId=21 current size: 3681
[pool-207-thread-3] pick event Id=339, eMBMSSessionId=89 current size: 3680
[pool-207-thread-20] pick event Id=340, eMBMSSessionId=34 current size: 3679
[pool-207-thread-9] pick event Id=341, eMBMSSessionId=38 current size: 3678
[pool-207-thread-4] pick event Id=342, eMBMSSessionId=66 current size: 3677
[pool-207-thread-4] pick event Id=343, eMBMSSessionId=99 current size: 3676
[pool-207-thread-4] pick event Id=344, eMBMSSessionId=51 current size: 3675
[pool-207-thread-4] pick event Id=345, eMBMSSessionId=69 current size: 3674
[pool-207-thread-4] adds event Id=346, eMBMSSessionId=4 current size: 3674
[pool-207-thread-4] adds event Id=347, eMBMSSessionId=33 current size: 3674
[pool-207-thread-12] pick event Id=348, eMBMSSessionId=19 current size: 3673
[pool-207-thread-4] pick event Id=349, eMBMSSessionId=99 current size: 3672
[pool-207-thread-15] pick event Id=350, eMBMSSessionId=83 current size: 3671
[pool-207-thread-10] adds event Id=351, eMBMSSessionId=83 current size: 3671
pool-207-thread-11 reduces to 3670
[pool-207-thread-16] pick event Id=352, eMBMSSessionId=85 current size: 3669
pool-207-thread-7 reduces to 3668
[pool-207-thread-5] pick event Id=353, eMBMSSessionId=96 current size: 3667
[pool-207-thread-2] adds event Id=354, eMBMSSessionId=83 current size: 3667
[pool-207-thread-2] pick event Id=355, eMBMSSessionId=22 current size: 3666
[pool-207-thread-18] pick event Id=356, eMBMSSessionId=39 current size: 3665
[pool-207-thread-19] adds event Id=357, eMBMSSessionId=89 current size: 3665
pool-207-thread-3 reduces to 3664
[pool-207-thread-10] pick event Id=358, eMBMSSessionId=94 current size: 3663
pool-207-thread-15 reduces to 3662
[pool-207-thread-13] pick event Id=359, eMBMSSessionId=27 current size: 3661
[pool-207-thread-6] pick event Id=360, eMBMSSessionId=9 current size: 3660
[pool-207-thread-1] pick event Id=361, eMBMSSessionId=93 current size: 3659
[pool-207-thread-17] pick event Id=362, eMBMSSessionId=45 current size: 3658
[pool-207-thread-8] pick event Id=363, eMBMSSessionId=84 current size: 3657
[pool-207-thread-19] pick event Id=364, eMBMSSessionId=10 current size: 3656
[pool-207-thread-20] pick event Id=365, eMBMSSessionId=64 current size: 3655
[pool-207-thread-9] pick event Id=366, eMBMSSessionId=21 current size: 3654
[pool-207-thread-14] pick event Id=367, eMBMSSessionId=77 current size: 3653
[pool-207-thread-4] pick event Id=368, eMBMSSessionId=76 current size: 3652
[pool-207-thread-12] pick event Id=369, eMBMSSessionId=88 current size: 3651
[pool-207-thread-9] pick event Id=370, eMBMSSessionId=20 current size: 3650
pool-207-thread-15 reduces to 3649
[pool-207-thread-16] pick event Id=371, eMBMSSessionId=61 current size: 3648
[pool-207-thread-11] pick event Id=372, eMBMSSessionId=29 current size: 3647
[pool-207-thread-7] pick event Id=373, eMBMSSessionId=60 current size: 3646
[pool-207-thread-5] pick event Id=374, eMBMSSessionId=44 current size: 3645
[pool-207-thread-2] pick event Id=375, eMBMSSessionId=90 current size: 3644
[pool-207-thread-18] pick event Id=376, eMBMSSessionId=42 current size: 3643
[pool-207-thread-8] pick event Id=377, eMBMSSessionId=34 current size: 3642
[pool-207-thread-3] pick event Id=378, eMBMSSessionId=80 current size: 3641
[pool-207-thread-4] pick event Id=379, eMBMSSessionId=30 current size: 3640
[pool-207-thread-10] pick event Id=380, eMBMSSessionId=16 current size: 3639
[pool-207-thread-13] pick event Id=381, eMBMSSessionId=56 current size: 3638
[pool-207-thread-6] pick event Id=382, eMBMSSessionId=58 current size: 3637
[pool-207-thread-3] pick event Id=383, eMBMSSessionId=43 current size: 3636
[pool-207-thread-1] pick event Id=384, eMBMSSessionId=3 current size: 3635
[pool-207-thread-17] pick event Id=385, eMBMSSessionId=23 current size: 3634
[pool-207-thread-19] adds event Id=386, eMBMSSessionId=34 current size: 3634
[pool-207-thread-5] pick event Id=387, eMBMSSessionId=85 current size: 3633
[pool-207-thread-20] adds event Id=388, eMBMSSessionId=43 current size: 3633
pool-207-thread-8 reduces to 3632
[pool-207-thread-12] pick event Id=389, eMBMSSessionId=52 current size: 3631
[pool-207-thread-14] pick event Id=390, eMBMSSessionId=12 current size: 3630
[pool-207-thread-4] adds event Id=391, eMBMSSessionId=52 current size: 3630
[pool-207-thread-4] adds event Id=392, eMBMSSessionId=43 current size: 3630
[pool-207-thread-9] pick event Id=393, eMBMSSessionId=24 current size: 3629
[pool-207-thread-15] pick event Id=394, eMBMSSessionId=65 current size: 3628
pool-207-thread-3 reduces to 3627
[pool-207-thread-16] pick event Id=395, eMBMSSessionId=51 current size: 3626
[pool-207-thread-11] pick event Id=396, eMBMSSessionId=0 current size: 3625
[pool-207-thread-7] pick event Id=397, eMBMSSessionId=20 current size: 3624
[pool-207-thread-17] pick event Id=398, eMBMSSessionId=76 current size: 3623
[pool-207-thread-19] adds event Id=399, eMBMSSessionId=43 current size: 3623
[pool-207-thread-18] pick event Id=400, eMBMSSessionId=14 current size: 3622
[pool-207-thread-2] adds event Id=401, eMBMSSessionId=14 current size: 3622
[pool-207-thread-20] pick event Id=402, eMBMSSessionId=44 current size: 3621
pool-207-thread-12 reduces to 3620
[pool-207-thread-4] pick event Id=403, eMBMSSessionId=48 current size: 3619
[pool-207-thread-10] pick event Id=404, eMBMSSessionId=23 current size: 3618
[pool-207-thread-13] pick event Id=405, eMBMSSessionId=28 current size: 3617
pool-207-thread-3 reduces to 3616
[pool-207-thread-6] pick event Id=406, eMBMSSessionId=74 current size: 3615
[pool-207-thread-1] pick event Id=407, eMBMSSessionId=2 current size: 3614
[pool-207-thread-16] adds event Id=408, eMBMSSessionId=52 current size: 3614
[pool-207-thread-7] pick event Id=409, eMBMSSessionId=67 current size: 3613
[pool-207-thread-19] pick event Id=410, eMBMSSessionId=9 current size: 3612
[pool-207-thread-5] pick event Id=411, eMBMSSessionId=92 current size: 3611
[pool-207-thread-2] pick event Id=412, eMBMSSessionId=66 current size: 3610
[pool-207-thread-8] adds event Id=413, eMBMSSessionId=43 current size: 3610
pool-207-thread-18 reduces to 3609
[pool-207-thread-14] pick event Id=414, eMBMSSessionId=62 current size: 3608
[pool-207-thread-9] pick event Id=415, eMBMSSessionId=47 current size: 3607
pool-207-thread-12 reduces to 3606
[pool-207-thread-10] pick event Id=416, eMBMSSessionId=78 current size: 3605
pool-207-thread-3 reduces to 3604
[pool-207-thread-15] pick event Id=417, eMBMSSessionId=58 current size: 3603
[pool-207-thread-11] pick event Id=418, eMBMSSessionId=63 current size: 3602
[pool-207-thread-16] pick event Id=419, eMBMSSessionId=93 current size: 3601
[pool-207-thread-17] pick event Id=420, eMBMSSessionId=56 current size: 3600
[pool-207-thread-8] pick event Id=421, eMBMSSessionId=46 current size: 3599
[pool-207-thread-9] pick event Id=422, eMBMSSessionId=32 current size: 3598
[pool-207-thread-18] pick event Id=423, eMBMSSessionId=5 current size: 3597
[pool-207-thread-4] pick event Id=424, eMBMSSessionId=83 current size: 3596
[pool-207-thread-20] adds event Id=425, eMBMSSessionId=93 current size: 3596
[pool-207-thread-20] pick event Id=426, eMBMSSessionId=48 current size: 3595
[pool-207-thread-6] pick event Id=427, eMBMSSessionId=72 current size: 3594
[pool-207-thread-13] pick event Id=428, eMBMSSessionId=21 current size: 3593
pool-207-thread-3 reduces to 3592
[pool-207-thread-1] pick event Id=429, eMBMSSessionId=68 current size: 3591
[pool-207-thread-5] pick event Id=430, eMBMSSessionId=98 current size: 3590
pool-207-thread-16 reduces to 3589
[pool-207-thread-19] pick event Id=431, eMBMSSessionId=78 current size: 3588
[pool-207-thread-2] pick event Id=432, eMBMSSessionId=95 current size: 3587
[pool-207-thread-7] pick event Id=433, eMBMSSessionId=80 current size: 3586
[pool-207-thread-14] pick event Id=434, eMBMSSessionId=67 current size: 3585
[pool-207-thread-17] adds event Id=435, eMBMSSessionId=83 current size: 3585
[pool-207-thread-17] adds event Id=436, eMBMSSessionId=32 current size: 3585
[pool-207-thread-17] pick event Id=437, eMBMSSessionId=61 current size: 3584
[pool-207-thread-17] pick event Id=438, eMBMSSessionId=65 current size: 3583
pool-207-thread-9 reduces to 3582
pool-207-thread-4 reduces to 3581
[pool-207-thread-12] adds event Id=439, eMBMSSessionId=72 current size: 3581
[pool-207-thread-10] pick event Id=440, eMBMSSessionId=27 current size: 3580
pool-207-thread-6 reduces to 3579
[pool-207-thread-15] pick event Id=441, eMBMSSessionId=16 current size: 3578
[pool-207-thread-11] pick event Id=442, eMBMSSessionId=31 current size: 3577
[pool-207-thread-1] pick event Id=443, eMBMSSessionId=97 current size: 3576
[pool-207-thread-8] pick event Id=444, eMBMSSessionId=35 current size: 3575
[pool-207-thread-18] pick event Id=445, eMBMSSessionId=57 current size: 3574
[pool-207-thread-14] adds event Id=446, eMBMSSessionId=32 current size: 3574
[pool-207-thread-20] pick event Id=447, eMBMSSessionId=86 current size: 3573
[pool-207-thread-7] pick event Id=448, eMBMSSessionId=70 current size: 3572
[pool-207-thread-6] pick event Id=449, eMBMSSessionId=59 current size: 3571
[pool-207-thread-12] pick event Id=450, eMBMSSessionId=42 current size: 3570
[pool-207-thread-3] pick event Id=451, eMBMSSessionId=63 current size: 3569
pool-207-thread-9 reduces to 3568
[pool-207-thread-10] pick event Id=452, eMBMSSessionId=50 current size: 3567
[pool-207-thread-16] pick event Id=453, eMBMSSessionId=56 current size: 3566
[pool-207-thread-13] pick event Id=454, eMBMSSessionId=3 current size: 3565
[pool-207-thread-15] pick event Id=455, eMBMSSessionId=21 current size: 3564
[pool-207-thread-15] pick event Id=456, eMBMSSessionId=13 current size: 3563
[pool-207-thread-19] pick event Id=457, eMBMSSessionId=8 current size: 3562
[pool-207-thread-5] adds event Id=458, eMBMSSessionId=86 current size: 3562
[pool-207-thread-5] pick event Id=459, eMBMSSessionId=15 current size: 3561
[pool-207-thread-18] adds event Id=460, eMBMSSessionId=13 current size: 3561
[pool-207-thread-14] pick event Id=461, eMBMSSessionId=61 current size: 3560
[pool-207-thread-2] pick event Id=462, eMBMSSessionId=60 current size: 3559
pool-207-thread-20 reduces to 3558
[pool-207-thread-4] pick event Id=463, eMBMSSessionId=98 current size: 3557
[pool-207-thread-17] pick event Id=464, eMBMSSessionId=75 current size: 3556
[pool-207-thread-7] pick event Id=465, eMBMSSessionId=0 current size: 3555
[pool-207-thread-11] pick event Id=466, eMBMSSessionId=23 current size: 3554
[pool-207-thread-9] pick event Id=467, eMBMSSessionId=45 current size: 3553
[pool-207-thread-1] pick event Id=468, eMBMSSessionId=80 current size: 3552
pool-207-thread-15 reduces to 3551
[pool-207-thread-8] adds event Id=469, eMBMSSessionId=61 current size: 3551
[pool-207-thread-18] adds event Id=470, eMBMSSessionId=45 current size: 3551
[pool-207-thread-12] pick event Id=471, eMBMSSessionId=88 current size: 3550
pool-207-thread-14 reduces to 3549
[pool-207-thread-6] pick event Id=472, eMBMSSessionId=85 current size: 3548
[pool-207-thread-3] pick event Id=473, eMBMSSessionId=66 current size: 3547
[pool-207-thread-17] pick event Id=474, eMBMSSessionId=94 current size: 3546
[pool-207-thread-13] adds event Id=475, eMBMSSessionId=23 current size: 3546
[pool-207-thread-20] pick event Id=476, eMBMSSessionId=1 current size: 3545
[pool-207-thread-16] pick event Id=477, eMBMSSessionId=62 current size: 3544
pool-207-thread-9 reduces to 3543
pool-207-thread-11 reduces to 3542
[pool-207-thread-10] pick event Id=478, eMBMSSessionId=67 current size: 3541
[pool-207-thread-5] pick event Id=479, eMBMSSessionId=3 current size: 3540
[pool-207-thread-1] pick event Id=480, eMBMSSessionId=51 current size: 3539
[pool-207-thread-19] pick event Id=481, eMBMSSessionId=72 current size: 3538
[pool-207-thread-14] pick event Id=482, eMBMSSessionId=59 current size: 3537
[pool-207-thread-18] pick event Id=483, eMBMSSessionId=95 current size: 3536
[pool-207-thread-8] pick event Id=484, eMBMSSessionId=82 current size: 3535
[pool-207-thread-4] pick event Id=485, eMBMSSessionId=26 current size: 3534
[pool-207-thread-2] pick event Id=486, eMBMSSessionId=36 current size: 3533
[pool-207-thread-7] pick event Id=487, eMBMSSessionId=54 current size: 3532
[pool-207-thread-13] pick event Id=488, eMBMSSessionId=20 current size: 3531
[pool-207-thread-15] pick event Id=489, eMBMSSessionId=25 current size: 3530
[pool-207-thread-19] pick event Id=490, eMBMSSessionId=83 current size: 3529
[pool-207-thread-12] pick event Id=491, eMBMSSessionId=89 current size: 3528
[pool-207-thread-6] pick event Id=492, eMBMSSessionId=42 current size: 3527
[pool-207-thread-3] pick event Id=493, eMBMSSessionId=87 current size: 3526
[pool-207-thread-17] pick event Id=494, eMBMSSessionId=98 current size: 3525
[pool-207-thread-2] pick event Id=495, eMBMSSessionId=14 current size: 3524
[pool-207-thread-20] pick event Id=496, eMBMSSessionId=50 current size: 3523
[pool-207-thread-9] pick event Id=497, eMBMSSessionId=76 current size: 3522
[pool-207-thread-11] adds event Id=498, eMBMSSessionId=98 current size: 3522
[pool-207-thread-10] pick event Id=499, eMBMSSessionId=31 current size: 3521
[pool-207-thread-1] pick event Id=500, eMBMSSessionId=60 current size: 3520
[pool-207-thread-5] pick event Id=501, eMBMSSessionId=77 current size: 3519
[pool-207-thread-19] adds event Id=502, eMBMSSessionId=89 current size: 3519
[pool-207-thread-19] pick event Id=503, eMBMSSessionId=30 current size: 3518
[pool-207-thread-19] pick event Id=504, eMBMSSessionId=47 current size: 3517
[pool-207-thread-19] pick event Id=505, eMBMSSessionId=0 current size: 3516
[pool-207-thread-16] pick event Id=506, eMBMSSessionId=90 current size: 3515
[pool-207-thread-8] pick event Id=507, eMBMSSessionId=70 current size: 3514
[pool-207-thread-18] pick event Id=508, eMBMSSessionId=64 current size: 3513
pool-207-thread-12 reduces to 3512
[pool-207-thread-15] pick event Id=509, eMBMSSessionId=33 current size: 3511
[pool-207-thread-14] adds event Id=510, eMBMSSessionId=0 current size: 3511
[pool-207-thread-4] adds event Id=511, eMBMSSessionId=0 current size: 3511
[pool-207-thread-4] pick event Id=512, eMBMSSessionId=68 current size: 3510
pool-207-thread-17 reduces to 3509
[pool-207-thread-13] pick event Id=513, eMBMSSessionId=99 current size: 3508
[pool-207-thread-7] pick event Id=514, eMBMSSessionId=38 current size: 3507
[pool-207-thread-11] pick event Id=515, eMBMSSessionId=39 current size: 3506
[pool-207-thread-9] pick event Id=516, eMBMSSessionId=47 current size: 3505
[pool-207-thread-1] pick event Id=517, eMBMSSessionId=27 current size: 3504
pool-207-thread-19 reduces to 3503
[pool-207-thread-3] pick event Id=518, eMBMSSessionId=24 current size: 3502
[pool-207-thread-6] pick event Id=519, eMBMSSessionId=94 current size: 3501
[pool-207-thread-14] adds event Id=520, eMBMSSessionId=98 current size: 3501
testOverload end.
testFull begin.
[pool-208-thread-1] pick event Id=0, eMBMSSessionId=60 current size: 4998
[pool-208-thread-2] pick event Id=1, eMBMSSessionId=23 current size: 4997
[pool-208-thread-3] pick event Id=2, eMBMSSessionId=30 current size: 4996
[pool-208-thread-4] pick event Id=3, eMBMSSessionId=79 current size: 4995
[pool-208-thread-5] pick event Id=4, eMBMSSessionId=28 current size: 4994
[pool-208-thread-6] pick event Id=5, eMBMSSessionId=47 current size: 4993
[pool-208-thread-7] pick event Id=6, eMBMSSessionId=12 current size: 4992
[pool-208-thread-8] pick event Id=7, eMBMSSessionId=21 current size: 4991
[pool-208-thread-9] pick event Id=8, eMBMSSessionId=94 current size: 4990
[pool-208-thread-10] pick event Id=9, eMBMSSessionId=45 current size: 4989
[pool-208-thread-11] pick event Id=10, eMBMSSessionId=49 current size: 4988
[pool-208-thread-13] pick event Id=11, eMBMSSessionId=81 current size: 4987
[pool-208-thread-12] pick event Id=12, eMBMSSessionId=46 current size: 4986
[pool-208-thread-14] adds event Id=13, eMBMSSessionId=94 current size: 4986
[pool-208-thread-15] pick event Id=14, eMBMSSessionId=57 current size: 4985
[pool-208-thread-16] pick event Id=15, eMBMSSessionId=52 current size: 4984
[pool-208-thread-17] pick event Id=16, eMBMSSessionId=35 current size: 4983
[pool-208-thread-18] pick event Id=17, eMBMSSessionId=50 current size: 4982
[pool-208-thread-19] pick event Id=18, eMBMSSessionId=59 current size: 4981
[pool-208-thread-20] pick event Id=19, eMBMSSessionId=26 current size: 4980
[pool-208-thread-14] adds event Id=20, eMBMSSessionId=60 current size: 4980
[pool-208-thread-14] pick event Id=21, eMBMSSessionId=31 current size: 4979
event queue is full, will clear all data!
NbiEventCache is cleared with total events removed: 5029
testFull end.
23 times run start
testEventSequence begin.
testEventSequence end.
testSendRadomEmbmsSessionEvents begin.
testSendRadomEmbmsSessionEvents end.
testSendSameEmbmsSessionEvents begin.
testSendSameEmbmsSessionEvents end.
testSendNoSameEmbmsSessionEvents begin.
testSendNoSameEmbmsSessionEvents end.
testSendNoEmbmsSessionIdEvents begin.
testSendNoEmbmsSessionIdEvents end.
testOverload begin.
[pool-216-thread-1] pick event Id=0, eMBMSSessionId=75 current size: 4019
[pool-216-thread-4] pick event Id=1, eMBMSSessionId=32 current size: 4018
[pool-216-thread-2] pick event Id=2, eMBMSSessionId=97 current size: 4017
[pool-216-thread-5] pick event Id=3, eMBMSSessionId=87 current size: 4016
[pool-216-thread-3] pick event Id=4, eMBMSSessionId=27 current size: 4015
pool-216-thread-1 Discard NBI event &apos; Id=0, eMBMSSessionId=75&apos;, current queue size: 4016
pool-216-thread-4 Discard NBI event &apos; Id=1, eMBMSSessionId=32&apos;, current queue size: 4015
[pool-216-thread-6] pick event Id=5, eMBMSSessionId=30 current size: 4014
pool-216-thread-3 Discard NBI event &apos; Id=4, eMBMSSessionId=27&apos;, current queue size: 4014
pool-216-thread-2 Discard NBI event &apos; Id=2, eMBMSSessionId=97&apos;, current queue size: 4014
[pool-216-thread-7] pick event Id=6, eMBMSSessionId=77 current size: 4013
pool-216-thread-6 Discard NBI event &apos; Id=5, eMBMSSessionId=30&apos;, current queue size: 4013
[pool-216-thread-8] pick event Id=7, eMBMSSessionId=55 current size: 4012
pool-216-thread-5 Discard NBI event &apos; Id=3, eMBMSSessionId=87&apos;, current queue size: 4013
pool-216-thread-7 Discard NBI event &apos; Id=6, eMBMSSessionId=77&apos;, current queue size: 4012
pool-216-thread-8 Discard NBI event &apos; Id=7, eMBMSSessionId=55&apos;, current queue size: 4012
[pool-216-thread-9] pick event Id=8, eMBMSSessionId=40 current size: 4011
[pool-216-thread-10] pick event Id=9, eMBMSSessionId=41 current size: 4010
[pool-216-thread-11] pick event Id=10, eMBMSSessionId=92 current size: 4009
pool-216-thread-10 Discard NBI event &apos; Id=9, eMBMSSessionId=41&apos;, current queue size: 4009
pool-216-thread-9 Discard NBI event &apos; Id=8, eMBMSSessionId=40&apos;, current queue size: 4009
[pool-216-thread-12] pick event Id=11, eMBMSSessionId=11 current size: 4008
[pool-216-thread-13] pick event Id=12, eMBMSSessionId=1 current size: 4007
pool-216-thread-11 Discard NBI event &apos; Id=10, eMBMSSessionId=92&apos;, current queue size: 4008
[pool-216-thread-14] pick event Id=13, eMBMSSessionId=59 current size: 4006
pool-216-thread-12 Discard NBI event &apos; Id=11, eMBMSSessionId=11&apos;, current queue size: 4006
pool-216-thread-13 Discard NBI event &apos; Id=12, eMBMSSessionId=1&apos;, current queue size: 4006
[pool-216-thread-15] pick event Id=14, eMBMSSessionId=47 current size: 4005
pool-216-thread-14 Discard NBI event &apos; Id=13, eMBMSSessionId=59&apos;, current queue size: 4005
pool-216-thread-15 Discard NBI event &apos; Id=14, eMBMSSessionId=47&apos;, current queue size: 4005
[pool-216-thread-16] pick event Id=15, eMBMSSessionId=98 current size: 4004
[pool-216-thread-18] pick event Id=16, eMBMSSessionId=56 current size: 4003
pool-216-thread-16 Discard NBI event &apos; Id=15, eMBMSSessionId=98&apos;, current queue size: 4003
[pool-216-thread-17] pick event Id=17, eMBMSSessionId=64 current size: 4002
pool-216-thread-18 Discard NBI event &apos; Id=16, eMBMSSessionId=56&apos;, current queue size: 4003
[pool-216-thread-19] pick event Id=18, eMBMSSessionId=48 current size: 4001
pool-216-thread-17 Discard NBI event &apos; Id=17, eMBMSSessionId=64&apos;, current queue size: 4001
[pool-216-thread-20] pick event Id=19, eMBMSSessionId=74 current size: 4000
[pool-216-thread-1] pick event Id=20, eMBMSSessionId=24 current size: 3999
pool-216-thread-19 Discard NBI event &apos; Id=18, eMBMSSessionId=48&apos;, current queue size: 4000
pool-216-thread-20 Discard NBI event &apos; Id=19, eMBMSSessionId=74&apos;, current queue size: 3999
[pool-216-thread-2] pick event Id=21, eMBMSSessionId=95 current size: 3998
[pool-216-thread-3] pick event Id=22, eMBMSSessionId=14 current size: 3997
[pool-216-thread-4] pick event Id=23, eMBMSSessionId=91 current size: 3996
[pool-216-thread-6] pick event Id=24, eMBMSSessionId=30 current size: 3995
[pool-216-thread-5] pick event Id=25, eMBMSSessionId=80 current size: 3994
[pool-216-thread-7] pick event Id=26, eMBMSSessionId=53 current size: 3993
[pool-216-thread-8] pick event Id=27, eMBMSSessionId=47 current size: 3992
[pool-216-thread-10] pick event Id=28, eMBMSSessionId=73 current size: 3991
[pool-216-thread-9] pick event Id=29, eMBMSSessionId=46 current size: 3990
[pool-216-thread-11] pick event Id=30, eMBMSSessionId=13 current size: 3989
[pool-216-thread-13] pick event Id=31, eMBMSSessionId=43 current size: 3988
[pool-216-thread-14] pick event Id=32, eMBMSSessionId=72 current size: 3987
[pool-216-thread-12] pick event Id=33, eMBMSSessionId=41 current size: 3986
[pool-216-thread-15] pick event Id=34, eMBMSSessionId=34 current size: 3985
[pool-216-thread-4] pick event Id=35, eMBMSSessionId=86 current size: 3984
[pool-216-thread-5] pick event Id=36, eMBMSSessionId=76 current size: 3983
[pool-216-thread-7] adds event Id=37, eMBMSSessionId=72 current size: 3983
[pool-216-thread-8] pick event Id=38, eMBMSSessionId=75 current size: 3982
[pool-216-thread-16] pick event Id=39, eMBMSSessionId=54 current size: 3981
[pool-216-thread-18] pick event Id=40, eMBMSSessionId=16 current size: 3980
[pool-216-thread-17] pick event Id=41, eMBMSSessionId=48 current size: 3979
[pool-216-thread-9] pick event Id=42, eMBMSSessionId=99 current size: 3978
[pool-216-thread-19] pick event Id=43, eMBMSSessionId=52 current size: 3977
[pool-216-thread-20] pick event Id=44, eMBMSSessionId=21 current size: 3976
[pool-216-thread-1] pick event Id=45, eMBMSSessionId=97 current size: 3975
pool-216-thread-14 reduces to 3974
[pool-216-thread-2] pick event Id=46, eMBMSSessionId=58 current size: 3973
[pool-216-thread-13] adds event Id=47, eMBMSSessionId=34 current size: 3973
[pool-216-thread-6] pick event Id=48, eMBMSSessionId=62 current size: 3972
[pool-216-thread-3] adds event Id=49, eMBMSSessionId=99 current size: 3972
pool-216-thread-15 reduces to 3971
[pool-216-thread-7] adds event Id=50, eMBMSSessionId=72 current size: 3971
[pool-216-thread-10] pick event Id=51, eMBMSSessionId=93 current size: 3970
[pool-216-thread-11] pick event Id=52, eMBMSSessionId=61 current size: 3969
pool-216-thread-9 reduces to 3968
[pool-216-thread-12] pick event Id=53, eMBMSSessionId=49 current size: 3967
[pool-216-thread-13] pick event Id=54, eMBMSSessionId=1 current size: 3966
pool-216-thread-14 reduces to 3965
[pool-216-thread-20] pick event Id=55, eMBMSSessionId=6 current size: 3964
[pool-216-thread-3] pick event Id=56, eMBMSSessionId=97 current size: 3963
[pool-216-thread-4] pick event Id=57, eMBMSSessionId=78 current size: 3962
[pool-216-thread-5] pick event Id=58, eMBMSSessionId=53 current size: 3961
[pool-216-thread-7] pick event Id=59, eMBMSSessionId=45 current size: 3960
[pool-216-thread-8] pick event Id=60, eMBMSSessionId=77 current size: 3959
[pool-216-thread-16] pick event Id=61, eMBMSSessionId=56 current size: 3958
[pool-216-thread-18] pick event Id=62, eMBMSSessionId=62 current size: 3957
[pool-216-thread-17] pick event Id=63, eMBMSSessionId=4 current size: 3956
[pool-216-thread-19] adds event Id=64, eMBMSSessionId=1 current size: 3956
[pool-216-thread-1] pick event Id=65, eMBMSSessionId=18 current size: 3955
pool-216-thread-13 reduces to 3954
[pool-216-thread-2] pick event Id=66, eMBMSSessionId=97 current size: 3953
[pool-216-thread-6] adds event Id=67, eMBMSSessionId=78 current size: 3953
[pool-216-thread-15] pick event Id=68, eMBMSSessionId=31 current size: 3952
pool-216-thread-4 reduces to 3951
[pool-216-thread-10] pick event Id=69, eMBMSSessionId=87 current size: 3950
[pool-216-thread-19] pick event Id=70, eMBMSSessionId=98 current size: 3949
[pool-216-thread-12] pick event Id=71, eMBMSSessionId=43 current size: 3948
[pool-216-thread-9] pick event Id=72, eMBMSSessionId=52 current size: 3947
[pool-216-thread-11] adds event Id=73, eMBMSSessionId=98 current size: 3947
[pool-216-thread-14] pick event Id=74, eMBMSSessionId=33 current size: 3946
[pool-216-thread-20] pick event Id=75, eMBMSSessionId=73 current size: 3945
[pool-216-thread-3] pick event Id=76, eMBMSSessionId=58 current size: 3944
[pool-216-thread-6] pick event Id=77, eMBMSSessionId=13 current size: 3943
[pool-216-thread-5] pick event Id=78, eMBMSSessionId=66 current size: 3942
[pool-216-thread-7] adds event Id=79, eMBMSSessionId=73 current size: 3942
[pool-216-thread-8] pick event Id=80, eMBMSSessionId=55 current size: 3941
[pool-216-thread-4] pick event Id=81, eMBMSSessionId=0 current size: 3940
[pool-216-thread-16] pick event Id=82, eMBMSSessionId=84 current size: 3939
[pool-216-thread-17] pick event Id=83, eMBMSSessionId=28 current size: 3938
pool-216-thread-19 reduces to 3937
[pool-216-thread-10] pick event Id=84, eMBMSSessionId=16 current size: 3936
[pool-216-thread-18] pick event Id=85, eMBMSSessionId=86 current size: 3935
[pool-216-thread-11] pick event Id=86, eMBMSSessionId=54 current size: 3934
[pool-216-thread-1] adds event Id=87, eMBMSSessionId=54 current size: 3934
[pool-216-thread-14] adds event Id=88, eMBMSSessionId=0 current size: 3934
[pool-216-thread-14] pick event Id=89, eMBMSSessionId=91 current size: 3933
pool-216-thread-20 reduces to 3932
[pool-216-thread-13] pick event Id=90, eMBMSSessionId=42 current size: 3931
[pool-216-thread-2] pick event Id=91, eMBMSSessionId=44 current size: 3930
[pool-216-thread-7] pick event Id=92, eMBMSSessionId=39 current size: 3929
[pool-216-thread-15] pick event Id=93, eMBMSSessionId=75 current size: 3928
pool-216-thread-4 reduces to 3927
[pool-216-thread-12] pick event Id=94, eMBMSSessionId=28 current size: 3926
[pool-216-thread-9] pick event Id=95, eMBMSSessionId=62 current size: 3925
[pool-216-thread-18] pick event Id=96, eMBMSSessionId=11 current size: 3924
pool-216-thread-11 reduces to 3923
[pool-216-thread-1] pick event Id=97, eMBMSSessionId=60 current size: 3922
[pool-216-thread-3] pick event Id=98, eMBMSSessionId=23 current size: 3921
[pool-216-thread-6] adds event Id=99, eMBMSSessionId=60 current size: 3921
[pool-216-thread-5] pick event Id=100, eMBMSSessionId=58 current size: 3920
[pool-216-thread-8] pick event Id=101, eMBMSSessionId=87 current size: 3919
[pool-216-thread-7] adds event Id=102, eMBMSSessionId=87 current size: 3919
[pool-216-thread-16] adds event Id=103, eMBMSSessionId=62 current size: 3919
[pool-216-thread-10] pick event Id=104, eMBMSSessionId=90 current size: 3918
[pool-216-thread-17] pick event Id=105, eMBMSSessionId=4 current size: 3917
[pool-216-thread-19] pick event Id=106, eMBMSSessionId=75 current size: 3916
pool-216-thread-9 reduces to 3915
[pool-216-thread-14] pick event Id=107, eMBMSSessionId=79 current size: 3914
[pool-216-thread-11] pick event Id=108, eMBMSSessionId=38 current size: 3913
[pool-216-thread-6] adds event Id=109, eMBMSSessionId=87 current size: 3913
pool-216-thread-1 reduces to 3912
[pool-216-thread-20] pick event Id=110, eMBMSSessionId=45 current size: 3911
[pool-216-thread-13] pick event Id=111, eMBMSSessionId=23 current size: 3910
[pool-216-thread-2] adds event Id=112, eMBMSSessionId=79 current size: 3910
pool-216-thread-8 reduces to 3909
[pool-216-thread-5] pick event Id=113, eMBMSSessionId=15 current size: 3908
[pool-216-thread-7] pick event Id=114, eMBMSSessionId=5 current size: 3907
[pool-216-thread-16] pick event Id=115, eMBMSSessionId=70 current size: 3906
[pool-216-thread-15] pick event Id=116, eMBMSSessionId=44 current size: 3905
[pool-216-thread-4] pick event Id=117, eMBMSSessionId=18 current size: 3904
[pool-216-thread-12] adds event Id=118, eMBMSSessionId=87 current size: 3904
[pool-216-thread-18] pick event Id=119, eMBMSSessionId=13 current size: 3903
[pool-216-thread-3] adds event Id=120, eMBMSSessionId=18 current size: 3903
[pool-216-thread-9] pick event Id=121, eMBMSSessionId=64 current size: 3902
pool-216-thread-14 reduces to 3901
[pool-216-thread-6] pick event Id=122, eMBMSSessionId=38 current size: 3900
[pool-216-thread-2] pick event Id=123, eMBMSSessionId=19 current size: 3899
pool-216-thread-8 reduces to 3898
pool-216-thread-4 reduces to 3897
[pool-216-thread-17] pick event Id=124, eMBMSSessionId=31 current size: 3896
[pool-216-thread-10] adds event Id=125, eMBMSSessionId=13 current size: 3896
[pool-216-thread-12] adds event Id=126, eMBMSSessionId=13 current size: 3896
[pool-216-thread-19] pick event Id=127, eMBMSSessionId=89 current size: 3895
[pool-216-thread-3] pick event Id=128, eMBMSSessionId=57 current size: 3894
pool-216-thread-18 reduces to 3893
[pool-216-thread-11] adds event Id=129, eMBMSSessionId=38 current size: 3893
[pool-216-thread-1] pick event Id=130, eMBMSSessionId=12 current size: 3892
[pool-216-thread-14] pick event Id=131, eMBMSSessionId=71 current size: 3891
pool-216-thread-6 reduces to 3890
[pool-216-thread-20] pick event Id=132, eMBMSSessionId=48 current size: 3889
[pool-216-thread-13] adds event Id=133, eMBMSSessionId=48 current size: 3889
[pool-216-thread-16] pick event Id=134, eMBMSSessionId=77 current size: 3888
pool-216-thread-20 reduces to 3887
[pool-216-thread-5] pick event Id=135, eMBMSSessionId=39 current size: 3886
[pool-216-thread-2] adds event Id=136, eMBMSSessionId=89 current size: 3886
pool-216-thread-8 reduces to 3885
[pool-216-thread-7] pick event Id=137, eMBMSSessionId=40 current size: 3884
[pool-216-thread-10] adds event Id=138, eMBMSSessionId=40 current size: 3884
[pool-216-thread-15] pick event Id=139, eMBMSSessionId=29 current size: 3883
[pool-216-thread-12] pick event Id=140, eMBMSSessionId=75 current size: 3882
[pool-216-thread-11] pick event Id=141, eMBMSSessionId=42 current size: 3881
pool-216-thread-18 reduces to 3880
[pool-216-thread-9] pick event Id=142, eMBMSSessionId=54 current size: 3879
[pool-216-thread-3] pick event Id=143, eMBMSSessionId=80 current size: 3878
pool-216-thread-19 reduces to 3877
[pool-216-thread-13] pick event Id=144, eMBMSSessionId=49 current size: 3876
[pool-216-thread-14] pick event Id=145, eMBMSSessionId=57 current size: 3875
[pool-216-thread-16] pick event Id=146, eMBMSSessionId=2 current size: 3874
[pool-216-thread-2] pick event Id=147, eMBMSSessionId=23 current size: 3873
[pool-216-thread-4] pick event Id=148, eMBMSSessionId=12 current size: 3872
[pool-216-thread-10] pick event Id=149, eMBMSSessionId=1 current size: 3871
pool-216-thread-7 reduces to 3870
[pool-216-thread-17] pick event Id=150, eMBMSSessionId=15 current size: 3869
[pool-216-thread-15] pick event Id=151, eMBMSSessionId=69 current size: 3868
[pool-216-thread-15] pick event Id=152, eMBMSSessionId=47 current size: 3867
[pool-216-thread-15] pick event Id=153, eMBMSSessionId=56 current size: 3866
[pool-216-thread-1] pick event Id=154, eMBMSSessionId=98 current size: 3865
[pool-216-thread-9] pick event Id=155, eMBMSSessionId=43 current size: 3864
[pool-216-thread-6] pick event Id=156, eMBMSSessionId=61 current size: 3863
[pool-216-thread-3] pick event Id=157, eMBMSSessionId=95 current size: 3862
[pool-216-thread-20] pick event Id=158, eMBMSSessionId=27 current size: 3861
[pool-216-thread-5] pick event Id=159, eMBMSSessionId=49 current size: 3860
[pool-216-thread-8] pick event Id=160, eMBMSSessionId=96 current size: 3859
[pool-216-thread-12] pick event Id=161, eMBMSSessionId=92 current size: 3858
[pool-216-thread-7] pick event Id=162, eMBMSSessionId=91 current size: 3857
[pool-216-thread-11] pick event Id=163, eMBMSSessionId=84 current size: 3856
[pool-216-thread-15] pick event Id=164, eMBMSSessionId=88 current size: 3855
[pool-216-thread-18] pick event Id=165, eMBMSSessionId=41 current size: 3854
[pool-216-thread-19] pick event Id=166, eMBMSSessionId=0 current size: 3853
[pool-216-thread-14] pick event Id=167, eMBMSSessionId=94 current size: 3852
[pool-216-thread-13] pick event Id=168, eMBMSSessionId=22 current size: 3851
[pool-216-thread-16] pick event Id=169, eMBMSSessionId=68 current size: 3850
[pool-216-thread-2] pick event Id=170, eMBMSSessionId=74 current size: 3849
[pool-216-thread-20] pick event Id=171, eMBMSSessionId=12 current size: 3848
[pool-216-thread-10] pick event Id=172, eMBMSSessionId=23 current size: 3847
[pool-216-thread-4] adds event Id=173, eMBMSSessionId=0 current size: 3847
[pool-216-thread-17] adds event Id=174, eMBMSSessionId=22 current size: 3847
[pool-216-thread-1] pick event Id=175, eMBMSSessionId=37 current size: 3846
[pool-216-thread-6] pick event Id=176, eMBMSSessionId=41 current size: 3845
[pool-216-thread-9] pick event Id=177, eMBMSSessionId=9 current size: 3844
pool-216-thread-19 reduces to 3843
[pool-216-thread-3] pick event Id=178, eMBMSSessionId=69 current size: 3842
pool-216-thread-13 reduces to 3841
[pool-216-thread-5] pick event Id=179, eMBMSSessionId=40 current size: 3840
[pool-216-thread-8] pick event Id=180, eMBMSSessionId=6 current size: 3839
[pool-216-thread-4] pick event Id=181, eMBMSSessionId=42 current size: 3838
[pool-216-thread-17] pick event Id=182, eMBMSSessionId=34 current size: 3837
[pool-216-thread-17] pick event Id=183, eMBMSSessionId=72 current size: 3836
[pool-216-thread-7] adds event Id=184, eMBMSSessionId=0 current size: 3836
[pool-216-thread-12] pick event Id=185, eMBMSSessionId=63 current size: 3835
[pool-216-thread-11] pick event Id=186, eMBMSSessionId=1 current size: 3834
[pool-216-thread-15] pick event Id=187, eMBMSSessionId=4 current size: 3833
[pool-216-thread-18] pick event Id=188, eMBMSSessionId=17 current size: 3832
[pool-216-thread-1] pick event Id=189, eMBMSSessionId=49 current size: 3831
[pool-216-thread-14] pick event Id=190, eMBMSSessionId=53 current size: 3830
pool-216-thread-19 reduces to 3829
[pool-216-thread-16] pick event Id=191, eMBMSSessionId=95 current size: 3828
[pool-216-thread-2] pick event Id=192, eMBMSSessionId=79 current size: 3827
[pool-216-thread-20] adds event Id=193, eMBMSSessionId=79 current size: 3827
[pool-216-thread-7] adds event Id=194, eMBMSSessionId=49 current size: 3827
[pool-216-thread-10] pick event Id=195, eMBMSSessionId=14 current size: 3826
[pool-216-thread-17] pick event Id=196, eMBMSSessionId=3 current size: 3825
[pool-216-thread-5] pick event Id=197, eMBMSSessionId=28 current size: 3824
[pool-216-thread-6] pick event Id=198, eMBMSSessionId=68 current size: 3823
[pool-216-thread-9] pick event Id=199, eMBMSSessionId=55 current size: 3822
pool-216-thread-1 reduces to 3821
[pool-216-thread-3] pick event Id=200, eMBMSSessionId=56 current size: 3820
[pool-216-thread-13] pick event Id=201, eMBMSSessionId=35 current size: 3819
[pool-216-thread-8] pick event Id=202, eMBMSSessionId=39 current size: 3818
pool-216-thread-2 reduces to 3817
[pool-216-thread-20] pick event Id=203, eMBMSSessionId=51 current size: 3816
[pool-216-thread-7] adds event Id=204, eMBMSSessionId=3 current size: 3816
pool-216-thread-17 reduces to 3815
[pool-216-thread-4] pick event Id=205, eMBMSSessionId=15 current size: 3814
[pool-216-thread-11] pick event Id=206, eMBMSSessionId=31 current size: 3813
[pool-216-thread-12] pick event Id=207, eMBMSSessionId=4 current size: 3812
[pool-216-thread-18] adds event Id=208, eMBMSSessionId=51 current size: 3812
[pool-216-thread-15] pick event Id=209, eMBMSSessionId=67 current size: 3811
[pool-216-thread-14] pick event Id=210, eMBMSSessionId=88 current size: 3810
[pool-216-thread-19] pick event Id=211, eMBMSSessionId=89 current size: 3809
[pool-216-thread-16] pick event Id=212, eMBMSSessionId=8 current size: 3808
[pool-216-thread-3] pick event Id=213, eMBMSSessionId=82 current size: 3807
[pool-216-thread-7] adds event Id=214, eMBMSSessionId=8 current size: 3807
pool-216-thread-20 reduces to 3806
[pool-216-thread-10] pick event Id=215, eMBMSSessionId=32 current size: 3805
[pool-216-thread-5] pick event Id=216, eMBMSSessionId=25 current size: 3804
[pool-216-thread-18] pick event Id=217, eMBMSSessionId=29 current size: 3803
[pool-216-thread-11] pick event Id=218, eMBMSSessionId=73 current size: 3802
[pool-216-thread-12] pick event Id=219, eMBMSSessionId=69 current size: 3801
[pool-216-thread-6] pick event Id=220, eMBMSSessionId=14 current size: 3800
[pool-216-thread-9] pick event Id=221, eMBMSSessionId=86 current size: 3799
[pool-216-thread-14] pick event Id=222, eMBMSSessionId=59 current size: 3798
[pool-216-thread-13] pick event Id=223, eMBMSSessionId=93 current size: 3797
[pool-216-thread-1] pick event Id=224, eMBMSSessionId=90 current size: 3796
pool-216-thread-16 reduces to 3795
[pool-216-thread-8] adds event Id=225, eMBMSSessionId=93 current size: 3795
[pool-216-thread-7] pick event Id=226, eMBMSSessionId=94 current size: 3794
[pool-216-thread-2] pick event Id=227, eMBMSSessionId=26 current size: 3793
[pool-216-thread-17] pick event Id=228, eMBMSSessionId=42 current size: 3792
[pool-216-thread-4] pick event Id=229, eMBMSSessionId=31 current size: 3791
[pool-216-thread-15] pick event Id=230, eMBMSSessionId=97 current size: 3790
[pool-216-thread-19] pick event Id=231, eMBMSSessionId=38 current size: 3789
[pool-216-thread-14] pick event Id=232, eMBMSSessionId=60 current size: 3788
pool-216-thread-13 reduces to 3787
[pool-216-thread-8] pick event Id=233, eMBMSSessionId=6 current size: 3786
[pool-216-thread-3] pick event Id=234, eMBMSSessionId=75 current size: 3785
[pool-216-thread-2] pick event Id=235, eMBMSSessionId=64 current size: 3784
[pool-216-thread-20] pick event Id=236, eMBMSSessionId=36 current size: 3783
[pool-216-thread-10] pick event Id=237, eMBMSSessionId=88 current size: 3782
[pool-216-thread-17] pick event Id=238, eMBMSSessionId=39 current size: 3781
[pool-216-thread-11] pick event Id=239, eMBMSSessionId=58 current size: 3780
[pool-216-thread-12] pick event Id=240, eMBMSSessionId=16 current size: 3779
[pool-216-thread-5] pick event Id=241, eMBMSSessionId=55 current size: 3778
[pool-216-thread-6] pick event Id=242, eMBMSSessionId=27 current size: 3777
[pool-216-thread-18] pick event Id=243, eMBMSSessionId=93 current size: 3776
[pool-216-thread-13] pick event Id=244, eMBMSSessionId=3 current size: 3775
[pool-216-thread-9] pick event Id=245, eMBMSSessionId=69 current size: 3774
[pool-216-thread-1] pick event Id=246, eMBMSSessionId=53 current size: 3773
[pool-216-thread-7] adds event Id=247, eMBMSSessionId=27 current size: 3773
[pool-216-thread-16] pick event Id=248, eMBMSSessionId=96 current size: 3772
[pool-216-thread-4] pick event Id=249, eMBMSSessionId=11 current size: 3771
[pool-216-thread-15] adds event Id=250, eMBMSSessionId=55 current size: 3771
[pool-216-thread-2] pick event Id=251, eMBMSSessionId=75 current size: 3770
[pool-216-thread-10] pick event Id=252, eMBMSSessionId=6 current size: 3769
[pool-216-thread-10] pick event Id=253, eMBMSSessionId=63 current size: 3768
[pool-216-thread-19] pick event Id=254, eMBMSSessionId=89 current size: 3767
[pool-216-thread-14] pick event Id=255, eMBMSSessionId=84 current size: 3766
[pool-216-thread-11] pick event Id=256, eMBMSSessionId=42 current size: 3765
pool-216-thread-6 reduces to 3764
pool-216-thread-5 reduces to 3763
[pool-216-thread-7] pick event Id=257, eMBMSSessionId=88 current size: 3762
[pool-216-thread-7] pick event Id=258, eMBMSSessionId=41 current size: 3761
[pool-216-thread-7] pick event Id=259, eMBMSSessionId=83 current size: 3760
[pool-216-thread-7] pick event Id=260, eMBMSSessionId=91 current size: 3759
[pool-216-thread-7] pick event Id=261, eMBMSSessionId=19 current size: 3758
[pool-216-thread-7] pick event Id=262, eMBMSSessionId=31 current size: 3757
[pool-216-thread-7] pick event Id=263, eMBMSSessionId=99 current size: 3756
[pool-216-thread-7] adds event Id=264, eMBMSSessionId=89 current size: 3756
[pool-216-thread-7] pick event Id=265, eMBMSSessionId=43 current size: 3755
[pool-216-thread-7] pick event Id=266, eMBMSSessionId=7 current size: 3754
[pool-216-thread-7] pick event Id=267, eMBMSSessionId=91 current size: 3753
[pool-216-thread-7] pick event Id=268, eMBMSSessionId=8 current size: 3752
[pool-216-thread-7] pick event Id=269, eMBMSSessionId=54 current size: 3751
[pool-216-thread-7] pick event Id=270, eMBMSSessionId=13 current size: 3750
[pool-216-thread-7] adds event Id=271, eMBMSSessionId=75 current size: 3750
[pool-216-thread-7] pick event Id=272, eMBMSSessionId=92 current size: 3749
[pool-216-thread-7] pick event Id=273, eMBMSSessionId=22 current size: 3748
[pool-216-thread-7] pick event Id=274, eMBMSSessionId=39 current size: 3747
[pool-216-thread-7] pick event Id=275, eMBMSSessionId=45 current size: 3746
[pool-216-thread-7] adds event Id=276, eMBMSSessionId=11 current size: 3746
[pool-216-thread-7] adds event Id=277, eMBMSSessionId=3 current size: 3746
[pool-216-thread-7] pick event Id=278, eMBMSSessionId=33 current size: 3745
[pool-216-thread-7] pick event Id=279, eMBMSSessionId=7 current size: 3744
[pool-216-thread-7] pick event Id=280, eMBMSSessionId=67 current size: 3743
[pool-216-thread-7] pick event Id=281, eMBMSSessionId=39 current size: 3742
[pool-216-thread-18] pick event Id=282, eMBMSSessionId=74 current size: 3741
[pool-216-thread-18] pick event Id=283, eMBMSSessionId=45 current size: 3740
[pool-216-thread-18] pick event Id=284, eMBMSSessionId=79 current size: 3739
[pool-216-thread-18] pick event Id=285, eMBMSSessionId=33 current size: 3738
[pool-216-thread-18] adds event Id=286, eMBMSSessionId=96 current size: 3738
[pool-216-thread-18] pick event Id=287, eMBMSSessionId=80 current size: 3737
[pool-216-thread-18] pick event Id=288, eMBMSSessionId=6 current size: 3736
[pool-216-thread-18] adds event Id=289, eMBMSSessionId=96 current size: 3736
pool-216-thread-13 reduces to 3735
[pool-216-thread-13] adds event Id=290, eMBMSSessionId=27 current size: 3735
[pool-216-thread-13] pick event Id=291, eMBMSSessionId=10 current size: 3734
[pool-216-thread-13] pick event Id=292, eMBMSSessionId=99 current size: 3733
[pool-216-thread-13] adds event Id=293, eMBMSSessionId=63 current size: 3733
[pool-216-thread-18] pick event Id=294, eMBMSSessionId=91 current size: 3732
[pool-216-thread-9] pick event Id=295, eMBMSSessionId=35 current size: 3731
[pool-216-thread-8] adds event Id=296, eMBMSSessionId=55 current size: 3731
[pool-216-thread-8] pick event Id=297, eMBMSSessionId=81 current size: 3730
[pool-216-thread-3] pick event Id=298, eMBMSSessionId=51 current size: 3729
pool-216-thread-16 reduces to 3728
[pool-216-thread-20] pick event Id=299, eMBMSSessionId=53 current size: 3727
pool-216-thread-4 reduces to 3726
pool-216-thread-10 reduces to 3725
pool-216-thread-2 reduces to 3724
[pool-216-thread-15] pick event Id=300, eMBMSSessionId=4 current size: 3723
pool-216-thread-19 reduces to 3722
[pool-216-thread-17] adds event Id=301, eMBMSSessionId=91 current size: 3722
[pool-216-thread-12] pick event Id=302, eMBMSSessionId=41 current size: 3721
[pool-216-thread-12] pick event Id=303, eMBMSSessionId=43 current size: 3720
pool-216-thread-5 reduces to 3719
[pool-216-thread-10] pick event Id=304, eMBMSSessionId=94 current size: 3718
pool-216-thread-6 reduces to 3717
[pool-216-thread-13] adds event Id=305, eMBMSSessionId=55 current size: 3717
[pool-216-thread-1] pick event Id=306, eMBMSSessionId=68 current size: 3716
pool-216-thread-18 reduces to 3715
pool-216-thread-16 reduces to 3714
[pool-216-thread-17] pick event Id=307, eMBMSSessionId=32 current size: 3713
[pool-216-thread-19] pick event Id=308, eMBMSSessionId=52 current size: 3712
[pool-216-thread-11] pick event Id=309, eMBMSSessionId=20 current size: 3711
[pool-216-thread-14] pick event Id=310, eMBMSSessionId=45 current size: 3710
pool-216-thread-5 reduces to 3709
[pool-216-thread-7] pick event Id=311, eMBMSSessionId=3 current size: 3708
[pool-216-thread-10] pick event Id=312, eMBMSSessionId=94 current size: 3707
[pool-216-thread-10] pick event Id=313, eMBMSSessionId=4 current size: 3706
[pool-216-thread-10] adds event Id=314, eMBMSSessionId=91 current size: 3706
[pool-216-thread-10] pick event Id=315, eMBMSSessionId=36 current size: 3705
[pool-216-thread-10] adds event Id=316, eMBMSSessionId=91 current size: 3705
[pool-216-thread-10] pick event Id=317, eMBMSSessionId=85 current size: 3704
[pool-216-thread-13] pick event Id=318, eMBMSSessionId=82 current size: 3703
[pool-216-thread-9] pick event Id=319, eMBMSSessionId=42 current size: 3702
[pool-216-thread-3] pick event Id=320, eMBMSSessionId=2 current size: 3701
[pool-216-thread-20] pick event Id=321, eMBMSSessionId=71 current size: 3700
[pool-216-thread-8] pick event Id=322, eMBMSSessionId=76 current size: 3699
pool-216-thread-18 reduces to 3698
[pool-216-thread-4] pick event Id=323, eMBMSSessionId=67 current size: 3697
[pool-216-thread-2] pick event Id=324, eMBMSSessionId=22 current size: 3696
[pool-216-thread-15] pick event Id=325, eMBMSSessionId=65 current size: 3695
[pool-216-thread-12] pick event Id=326, eMBMSSessionId=79 current size: 3694
[pool-216-thread-6] pick event Id=327, eMBMSSessionId=8 current size: 3693
[pool-216-thread-10] pick event Id=328, eMBMSSessionId=59 current size: 3692
[pool-216-thread-13] pick event Id=329, eMBMSSessionId=20 current size: 3691
[pool-216-thread-1] pick event Id=330, eMBMSSessionId=82 current size: 3690
[pool-216-thread-16] pick event Id=331, eMBMSSessionId=57 current size: 3689
pool-216-thread-18 reduces to 3688
[pool-216-thread-17] pick event Id=332, eMBMSSessionId=51 current size: 3687
[pool-216-thread-5] pick event Id=333, eMBMSSessionId=5 current size: 3686
[pool-216-thread-19] pick event Id=334, eMBMSSessionId=7 current size: 3685
[pool-216-thread-14] pick event Id=335, eMBMSSessionId=47 current size: 3684
[pool-216-thread-11] pick event Id=336, eMBMSSessionId=38 current size: 3683
[pool-216-thread-7] pick event Id=337, eMBMSSessionId=90 current size: 3682
[pool-216-thread-6] pick event Id=338, eMBMSSessionId=26 current size: 3681
[pool-216-thread-13] adds event Id=339, eMBMSSessionId=7 current size: 3681
[pool-216-thread-8] pick event Id=340, eMBMSSessionId=14 current size: 3680
[pool-216-thread-3] adds event Id=341, eMBMSSessionId=51 current size: 3680
[pool-216-thread-20] pick event Id=342, eMBMSSessionId=20 current size: 3679
[pool-216-thread-9] adds event Id=343, eMBMSSessionId=26 current size: 3679
[pool-216-thread-4] pick event Id=344, eMBMSSessionId=12 current size: 3678
[pool-216-thread-15] pick event Id=345, eMBMSSessionId=99 current size: 3677
[pool-216-thread-2] pick event Id=346, eMBMSSessionId=54 current size: 3676
pool-216-thread-19 reduces to 3675
pool-216-thread-17 reduces to 3674
[pool-216-thread-12] pick event Id=347, eMBMSSessionId=15 current size: 3673
[pool-216-thread-10] pick event Id=348, eMBMSSessionId=84 current size: 3672
[pool-216-thread-13] pick event Id=349, eMBMSSessionId=74 current size: 3671
pool-216-thread-6 reduces to 3670
[pool-216-thread-1] pick event Id=350, eMBMSSessionId=69 current size: 3669
[pool-216-thread-16] adds event Id=351, eMBMSSessionId=84 current size: 3669
[pool-216-thread-3] pick event Id=352, eMBMSSessionId=27 current size: 3668
[pool-216-thread-9] pick event Id=353, eMBMSSessionId=39 current size: 3667
[pool-216-thread-18] pick event Id=354, eMBMSSessionId=79 current size: 3666
[pool-216-thread-5] pick event Id=355, eMBMSSessionId=89 current size: 3665
[pool-216-thread-14] pick event Id=356, eMBMSSessionId=48 current size: 3664
[pool-216-thread-11] pick event Id=357, eMBMSSessionId=47 current size: 3663
[pool-216-thread-7] pick event Id=358, eMBMSSessionId=9 current size: 3662
[pool-216-thread-16] adds event Id=359, eMBMSSessionId=39 current size: 3662
pool-216-thread-10 reduces to 3661
[pool-216-thread-8] pick event Id=360, eMBMSSessionId=32 current size: 3660
[pool-216-thread-20] pick event Id=361, eMBMSSessionId=73 current size: 3659
[pool-216-thread-4] pick event Id=362, eMBMSSessionId=70 current size: 3658
pool-216-thread-9 reduces to 3657
[pool-216-thread-15] pick event Id=363, eMBMSSessionId=92 current size: 3656
[pool-216-thread-19] pick event Id=364, eMBMSSessionId=99 current size: 3655
[pool-216-thread-2] pick event Id=365, eMBMSSessionId=97 current size: 3654
[pool-216-thread-17] adds event Id=366, eMBMSSessionId=39 current size: 3654
[pool-216-thread-12] pick event Id=367, eMBMSSessionId=81 current size: 3653
[pool-216-thread-17] pick event Id=368, eMBMSSessionId=13 current size: 3652
[pool-216-thread-14] pick event Id=369, eMBMSSessionId=88 current size: 3651
[pool-216-thread-16] adds event Id=370, eMBMSSessionId=84 current size: 3651
[pool-216-thread-13] pick event Id=371, eMBMSSessionId=65 current size: 3650
[pool-216-thread-6] pick event Id=372, eMBMSSessionId=37 current size: 3649
pool-216-thread-10 reduces to 3648
[pool-216-thread-1] pick event Id=373, eMBMSSessionId=25 current size: 3647
[pool-216-thread-3] pick event Id=374, eMBMSSessionId=14 current size: 3646
[pool-216-thread-20] pick event Id=375, eMBMSSessionId=50 current size: 3645
[pool-216-thread-18] pick event Id=376, eMBMSSessionId=53 current size: 3644
pool-216-thread-9 reduces to 3643
[pool-216-thread-5] pick event Id=377, eMBMSSessionId=62 current size: 3642
[pool-216-thread-19] adds event Id=378, eMBMSSessionId=39 current size: 3642
[pool-216-thread-11] pick event Id=379, eMBMSSessionId=75 current size: 3641
[pool-216-thread-2] pick event Id=380, eMBMSSessionId=27 current size: 3640
[pool-216-thread-16] pick event Id=381, eMBMSSessionId=86 current size: 3639
[pool-216-thread-7] pick event Id=382, eMBMSSessionId=48 current size: 3638
[pool-216-thread-8] adds event Id=383, eMBMSSessionId=75 current size: 3638
[pool-216-thread-4] adds event Id=384, eMBMSSessionId=37 current size: 3638
[pool-216-thread-19] adds event Id=385, eMBMSSessionId=75 current size: 3638
pool-216-thread-6 reduces to 3637
pool-216-thread-9 reduces to 3636
[pool-216-thread-15] pick event Id=386, eMBMSSessionId=57 current size: 3635
[pool-216-thread-5] pick event Id=387, eMBMSSessionId=80 current size: 3634
[pool-216-thread-17] pick event Id=388, eMBMSSessionId=1 current size: 3633
pool-216-thread-11 reduces to 3632
[pool-216-thread-12] pick event Id=389, eMBMSSessionId=66 current size: 3631
[pool-216-thread-14] pick event Id=390, eMBMSSessionId=36 current size: 3630
[pool-216-thread-8] pick event Id=391, eMBMSSessionId=8 current size: 3629
[pool-216-thread-13] pick event Id=392, eMBMSSessionId=71 current size: 3628
[pool-216-thread-2] pick event Id=393, eMBMSSessionId=7 current size: 3627
[pool-216-thread-20] pick event Id=394, eMBMSSessionId=40 current size: 3626
[pool-216-thread-4] adds event Id=395, eMBMSSessionId=66 current size: 3626
[pool-216-thread-3] pick event Id=396, eMBMSSessionId=99 current size: 3625
[pool-216-thread-10] adds event Id=397, eMBMSSessionId=99 current size: 3625
[pool-216-thread-19] pick event Id=398, eMBMSSessionId=97 current size: 3624
[pool-216-thread-18] pick event Id=399, eMBMSSessionId=59 current size: 3623
[pool-216-thread-1] pick event Id=400, eMBMSSessionId=42 current size: 3622
[pool-216-thread-16] pick event Id=401, eMBMSSessionId=91 current size: 3621
pool-216-thread-11 reduces to 3620
pool-216-thread-12 reduces to 3619
[pool-216-thread-7] adds event Id=402, eMBMSSessionId=7 current size: 3619
[pool-216-thread-10] pick event Id=403, eMBMSSessionId=47 current size: 3618
[pool-216-thread-4] pick event Id=404, eMBMSSessionId=77 current size: 3617
pool-216-thread-2 reduces to 3616
pool-216-thread-3 reduces to 3615
[pool-216-thread-6] pick event Id=405, eMBMSSessionId=30 current size: 3614
[pool-216-thread-9] pick event Id=406, eMBMSSessionId=67 current size: 3613
[pool-216-thread-19] pick event Id=407, eMBMSSessionId=50 current size: 3612
[pool-216-thread-15] pick event Id=408, eMBMSSessionId=58 current size: 3611
[pool-216-thread-18] pick event Id=409, eMBMSSessionId=44 current size: 3610
[pool-216-thread-17] pick event Id=410, eMBMSSessionId=41 current size: 3609
[pool-216-thread-5] pick event Id=411, eMBMSSessionId=11 current size: 3608
[pool-216-thread-7] pick event Id=412, eMBMSSessionId=92 current size: 3607
[pool-216-thread-14] pick event Id=413, eMBMSSessionId=87 current size: 3606
[pool-216-thread-8] pick event Id=414, eMBMSSessionId=10 current size: 3605
[pool-216-thread-20] pick event Id=415, eMBMSSessionId=60 current size: 3604
[pool-216-thread-13] adds event Id=416, eMBMSSessionId=30 current size: 3604
[pool-216-thread-13] pick event Id=417, eMBMSSessionId=36 current size: 3603
pool-216-thread-6 reduces to 3602
[pool-216-thread-1] pick event Id=418, eMBMSSessionId=86 current size: 3601
[pool-216-thread-19] pick event Id=419, eMBMSSessionId=29 current size: 3600
[pool-216-thread-16] pick event Id=420, eMBMSSessionId=72 current size: 3599
[pool-216-thread-11] pick event Id=421, eMBMSSessionId=94 current size: 3598
[pool-216-thread-5] pick event Id=422, eMBMSSessionId=24 current size: 3597
[pool-216-thread-12] pick event Id=423, eMBMSSessionId=71 current size: 3596
[pool-216-thread-10] pick event Id=424, eMBMSSessionId=35 current size: 3595
[pool-216-thread-2] pick event Id=425, eMBMSSessionId=50 current size: 3594
[pool-216-thread-4] pick event Id=426, eMBMSSessionId=83 current size: 3593
[pool-216-thread-9] pick event Id=427, eMBMSSessionId=38 current size: 3592
[pool-216-thread-3] pick event Id=428, eMBMSSessionId=70 current size: 3591
[pool-216-thread-15] pick event Id=429, eMBMSSessionId=26 current size: 3590
[pool-216-thread-18] adds event Id=430, eMBMSSessionId=94 current size: 3590
[pool-216-thread-17] pick event Id=431, eMBMSSessionId=75 current size: 3589
[pool-216-thread-7] pick event Id=432, eMBMSSessionId=13 current size: 3588
pool-216-thread-11 reduces to 3587
[pool-216-thread-14] pick event Id=433, eMBMSSessionId=62 current size: 3586
[pool-216-thread-8] pick event Id=434, eMBMSSessionId=78 current size: 3585
[pool-216-thread-10] pick event Id=435, eMBMSSessionId=28 current size: 3584
[pool-216-thread-20] pick event Id=436, eMBMSSessionId=34 current size: 3583
[pool-216-thread-13] adds event Id=437, eMBMSSessionId=34 current size: 3583
[pool-216-thread-6] pick event Id=438, eMBMSSessionId=95 current size: 3582
[pool-216-thread-18] pick event Id=439, eMBMSSessionId=82 current size: 3581
[pool-216-thread-19] pick event Id=440, eMBMSSessionId=14 current size: 3580
[pool-216-thread-16] pick event Id=441, eMBMSSessionId=17 current size: 3579
[pool-216-thread-1] pick event Id=442, eMBMSSessionId=89 current size: 3578
[pool-216-thread-17] pick event Id=443, eMBMSSessionId=0 current size: 3577
[pool-216-thread-5] pick event Id=444, eMBMSSessionId=23 current size: 3576
[pool-216-thread-11] pick event Id=445, eMBMSSessionId=63 current size: 3575
[pool-216-thread-12] adds event Id=446, eMBMSSessionId=34 current size: 3575
[pool-216-thread-13] pick event Id=447, eMBMSSessionId=69 current size: 3574
[pool-216-thread-2] pick event Id=448, eMBMSSessionId=65 current size: 3573
pool-216-thread-20 reduces to 3572
[pool-216-thread-9] pick event Id=449, eMBMSSessionId=21 current size: 3571
[pool-216-thread-4] pick event Id=450, eMBMSSessionId=57 current size: 3570
[pool-216-thread-3] pick event Id=451, eMBMSSessionId=72 current size: 3569
[pool-216-thread-15] pick event Id=452, eMBMSSessionId=59 current size: 3568
[pool-216-thread-7] pick event Id=453, eMBMSSessionId=22 current size: 3567
[pool-216-thread-14] pick event Id=454, eMBMSSessionId=1 current size: 3566
[pool-216-thread-12] pick event Id=455, eMBMSSessionId=37 current size: 3565
[pool-216-thread-10] pick event Id=456, eMBMSSessionId=92 current size: 3564
[pool-216-thread-8] pick event Id=457, eMBMSSessionId=58 current size: 3563
pool-216-thread-20 reduces to 3562
[pool-216-thread-2] pick event Id=458, eMBMSSessionId=21 current size: 3561
[pool-216-thread-18] pick event Id=459, eMBMSSessionId=93 current size: 3560
[pool-216-thread-6] pick event Id=460, eMBMSSessionId=82 current size: 3559
[pool-216-thread-16] pick event Id=461, eMBMSSessionId=84 current size: 3558
[pool-216-thread-19] pick event Id=462, eMBMSSessionId=76 current size: 3557
[pool-216-thread-1] pick event Id=463, eMBMSSessionId=14 current size: 3556
[pool-216-thread-7] pick event Id=464, eMBMSSessionId=75 current size: 3555
[pool-216-thread-17] pick event Id=465, eMBMSSessionId=38 current size: 3554
[pool-216-thread-11] pick event Id=466, eMBMSSessionId=6 current size: 3553
[pool-216-thread-5] pick event Id=467, eMBMSSessionId=61 current size: 3552
[pool-216-thread-9] pick event Id=468, eMBMSSessionId=31 current size: 3551
[pool-216-thread-13] pick event Id=469, eMBMSSessionId=12 current size: 3550
[pool-216-thread-4] pick event Id=470, eMBMSSessionId=58 current size: 3549
[pool-216-thread-3] pick event Id=471, eMBMSSessionId=89 current size: 3548
[pool-216-thread-2] pick event Id=472, eMBMSSessionId=62 current size: 3547
[pool-216-thread-15] pick event Id=473, eMBMSSessionId=66 current size: 3546
[pool-216-thread-14] pick event Id=474, eMBMSSessionId=90 current size: 3545
[pool-216-thread-10] pick event Id=475, eMBMSSessionId=93 current size: 3544
[pool-216-thread-8] pick event Id=476, eMBMSSessionId=72 current size: 3543
[pool-216-thread-12] pick event Id=477, eMBMSSessionId=54 current size: 3542
[pool-216-thread-20] pick event Id=478, eMBMSSessionId=9 current size: 3541
[pool-216-thread-9] pick event Id=479, eMBMSSessionId=63 current size: 3540
[pool-216-thread-18] pick event Id=480, eMBMSSessionId=39 current size: 3539
[pool-216-thread-6] pick event Id=481, eMBMSSessionId=78 current size: 3538
[pool-216-thread-16] pick event Id=482, eMBMSSessionId=55 current size: 3537
[pool-216-thread-1] pick event Id=483, eMBMSSessionId=76 current size: 3536
[pool-216-thread-19] pick event Id=484, eMBMSSessionId=77 current size: 3535
[pool-216-thread-11] pick event Id=485, eMBMSSessionId=28 current size: 3534
[pool-216-thread-17] pick event Id=486, eMBMSSessionId=56 current size: 3533
[pool-216-thread-7] pick event Id=487, eMBMSSessionId=64 current size: 3532
[pool-216-thread-5] pick event Id=488, eMBMSSessionId=71 current size: 3531
[pool-216-thread-2] adds event Id=489, eMBMSSessionId=76 current size: 3531
[pool-216-thread-13] pick event Id=490, eMBMSSessionId=19 current size: 3530
[pool-216-thread-4] pick event Id=491, eMBMSSessionId=6 current size: 3529
[pool-216-thread-3] pick event Id=492, eMBMSSessionId=45 current size: 3528
[pool-216-thread-15] pick event Id=493, eMBMSSessionId=7 current size: 3527
pool-216-thread-1 reduces to 3526
[pool-216-thread-14] pick event Id=494, eMBMSSessionId=53 current size: 3525
[pool-216-thread-11] pick event Id=495, eMBMSSessionId=89 current size: 3524
[pool-216-thread-10] pick event Id=496, eMBMSSessionId=35 current size: 3523
[pool-216-thread-8] pick event Id=497, eMBMSSessionId=93 current size: 3522
[pool-216-thread-2] pick event Id=498, eMBMSSessionId=23 current size: 3521
[pool-216-thread-12] pick event Id=499, eMBMSSessionId=13 current size: 3520
[pool-216-thread-20] pick event Id=500, eMBMSSessionId=34 current size: 3519
[pool-216-thread-9] pick event Id=501, eMBMSSessionId=73 current size: 3518
[pool-216-thread-4] pick event Id=502, eMBMSSessionId=1 current size: 3517
[pool-216-thread-6] pick event Id=503, eMBMSSessionId=33 current size: 3516
[pool-216-thread-18] pick event Id=504, eMBMSSessionId=61 current size: 3515
[pool-216-thread-16] pick event Id=505, eMBMSSessionId=62 current size: 3514
[pool-216-thread-19] pick event Id=506, eMBMSSessionId=21 current size: 3513
[pool-216-thread-5] pick event Id=507, eMBMSSessionId=87 current size: 3512
[pool-216-thread-7] pick event Id=508, eMBMSSessionId=19 current size: 3511
[pool-216-thread-17] pick event Id=509, eMBMSSessionId=70 current size: 3510
[pool-216-thread-13] pick event Id=510, eMBMSSessionId=4 current size: 3509
[pool-216-thread-10] pick event Id=511, eMBMSSessionId=55 current size: 3508
[pool-216-thread-3] adds event Id=512, eMBMSSessionId=62 current size: 3508
[pool-216-thread-4] pick event Id=513, eMBMSSessionId=51 current size: 3507
[pool-216-thread-15] pick event Id=514, eMBMSSessionId=16 current size: 3506
[pool-216-thread-1] pick event Id=515, eMBMSSessionId=78 current size: 3505
pool-216-thread-16 reduces to 3504
[pool-216-thread-14] pick event Id=516, eMBMSSessionId=5 current size: 3503
[pool-216-thread-11] adds event Id=517, eMBMSSessionId=62 current size: 3503
[pool-216-thread-7] pick event Id=518, eMBMSSessionId=32 current size: 3502
[pool-216-thread-2] pick event Id=519, eMBMSSessionId=77 current size: 3501
testOverload end.
testFull begin.
[pool-217-thread-1] pick event Id=0, eMBMSSessionId=96 current size: 4998
[pool-217-thread-2] pick event Id=1, eMBMSSessionId=80 current size: 4997
[pool-217-thread-3] pick event Id=2, eMBMSSessionId=2 current size: 4996
[pool-217-thread-4] pick event Id=3, eMBMSSessionId=6 current size: 4995
[pool-217-thread-5] pick event Id=4, eMBMSSessionId=92 current size: 4994
[pool-217-thread-6] pick event Id=5, eMBMSSessionId=71 current size: 4993
[pool-217-thread-7] pick event Id=6, eMBMSSessionId=53 current size: 4992
[pool-217-thread-8] pick event Id=7, eMBMSSessionId=34 current size: 4991
[pool-217-thread-9] adds event Id=8, eMBMSSessionId=92 current size: 4991
[pool-217-thread-10] pick event Id=9, eMBMSSessionId=49 current size: 4990
[pool-217-thread-11] pick event Id=10, eMBMSSessionId=52 current size: 4989
[pool-217-thread-12] pick event Id=11, eMBMSSessionId=86 current size: 4988
[pool-217-thread-13] pick event Id=12, eMBMSSessionId=1 current size: 4987
[pool-217-thread-14] pick event Id=13, eMBMSSessionId=88 current size: 4986
[pool-217-thread-15] pick event Id=14, eMBMSSessionId=70 current size: 4985
[pool-217-thread-16] pick event Id=15, eMBMSSessionId=33 current size: 4984
[pool-217-thread-17] pick event Id=16, eMBMSSessionId=79 current size: 4983
[pool-217-thread-18] pick event Id=17, eMBMSSessionId=87 current size: 4982
[pool-217-thread-19] pick event Id=18, eMBMSSessionId=76 current size: 4981
[pool-217-thread-20] pick event Id=19, eMBMSSessionId=84 current size: 4980
[pool-217-thread-9] pick event Id=20, eMBMSSessionId=0 current size: 4979
event queue is full, will clear all data!
NbiEventCache is cleared with total events removed: 5029
testFull end.
24 times run start
testEventSequence begin.
testEventSequence end.
testSendRadomEmbmsSessionEvents begin.
testSendRadomEmbmsSessionEvents end.
testSendSameEmbmsSessionEvents begin.
testSendSameEmbmsSessionEvents end.
testSendNoSameEmbmsSessionEvents begin.
testSendNoSameEmbmsSessionEvents end.
testSendNoEmbmsSessionIdEvents begin.
testSendNoEmbmsSessionIdEvents end.
testOverload begin.
[pool-225-thread-1] pick event Id=0, eMBMSSessionId=69 current size: 4019
[pool-225-thread-3] pick event Id=1, eMBMSSessionId=92 current size: 4018
pool-225-thread-1 Discard NBI event &apos; Id=0, eMBMSSessionId=69&apos;, current queue size: 4019
[pool-225-thread-2] pick event Id=2, eMBMSSessionId=81 current size: 4017
[pool-225-thread-4] pick event Id=3, eMBMSSessionId=19 current size: 4016
pool-225-thread-4 Discard NBI event &apos; Id=3, eMBMSSessionId=19&apos;, current queue size: 4016
[pool-225-thread-6] pick event Id=4, eMBMSSessionId=12 current size: 4015
[pool-225-thread-7] pick event Id=5, eMBMSSessionId=88 current size: 4014
pool-225-thread-2 Discard NBI event &apos; Id=2, eMBMSSessionId=81&apos;, current queue size: 4014
pool-225-thread-6 Discard NBI event &apos; Id=4, eMBMSSessionId=12&apos;, current queue size: 4014
pool-225-thread-3 Discard NBI event &apos; Id=1, eMBMSSessionId=92&apos;, current queue size: 4014
[pool-225-thread-5] pick event Id=6, eMBMSSessionId=34 current size: 4013
[pool-225-thread-8] pick event Id=7, eMBMSSessionId=15 current size: 4012
pool-225-thread-7 Discard NBI event &apos; Id=5, eMBMSSessionId=88&apos;, current queue size: 4013
pool-225-thread-5 Discard NBI event &apos; Id=6, eMBMSSessionId=34&apos;, current queue size: 4012
[pool-225-thread-9] pick event Id=8, eMBMSSessionId=4 current size: 4011
pool-225-thread-8 Discard NBI event &apos; Id=7, eMBMSSessionId=15&apos;, current queue size: 4011
pool-225-thread-9 Discard NBI event &apos; Id=8, eMBMSSessionId=4&apos;, current queue size: 4011
[pool-225-thread-11] pick event Id=9, eMBMSSessionId=27 current size: 4010
pool-225-thread-11 Discard NBI event &apos; Id=9, eMBMSSessionId=27&apos;, current queue size: 4010
[pool-225-thread-10] pick event Id=10, eMBMSSessionId=38 current size: 4009
[pool-225-thread-12] adds event Id=11, eMBMSSessionId=27 current size: 4009
pool-225-thread-10 Discard NBI event &apos; Id=10, eMBMSSessionId=38&apos;, current queue size: 4009
[pool-225-thread-13] pick event Id=12, eMBMSSessionId=61 current size: 4008
[pool-225-thread-14] pick event Id=13, eMBMSSessionId=63 current size: 4007
[pool-225-thread-15] pick event Id=14, eMBMSSessionId=79 current size: 4006
pool-225-thread-14 Discard NBI event &apos; Id=13, eMBMSSessionId=63&apos;, current queue size: 4007
[pool-225-thread-16] pick event Id=15, eMBMSSessionId=99 current size: 4005
pool-225-thread-13 Discard NBI event &apos; Id=12, eMBMSSessionId=61&apos;, current queue size: 4006
pool-225-thread-16 Discard NBI event &apos; Id=15, eMBMSSessionId=99&apos;, current queue size: 4005
pool-225-thread-15 Discard NBI event &apos; Id=14, eMBMSSessionId=79&apos;, current queue size: 4005
pool-225-thread-11 reduces to 4004
[pool-225-thread-17] pick event Id=16, eMBMSSessionId=9 current size: 4003
[pool-225-thread-18] pick event Id=17, eMBMSSessionId=13 current size: 4002
[pool-225-thread-19] pick event Id=18, eMBMSSessionId=53 current size: 4001
pool-225-thread-17 Discard NBI event &apos; Id=16, eMBMSSessionId=9&apos;, current queue size: 4001
[pool-225-thread-20] pick event Id=19, eMBMSSessionId=54 current size: 4000
pool-225-thread-11 Discard NBI event &apos; Id=11, eMBMSSessionId=27&apos;, current queue size: 4000
pool-225-thread-18 Discard NBI event &apos; Id=17, eMBMSSessionId=13&apos;, current queue size: 4000
pool-225-thread-19 Discard NBI event &apos; Id=18, eMBMSSessionId=53&apos;, current queue size: 4000
pool-225-thread-20 Discard NBI event &apos; Id=19, eMBMSSessionId=54&apos;, current queue size: 4000
[pool-225-thread-1] pick event Id=20, eMBMSSessionId=8 current size: 3999
[pool-225-thread-4] pick event Id=21, eMBMSSessionId=1 current size: 3998
[pool-225-thread-7] pick event Id=22, eMBMSSessionId=59 current size: 3997
[pool-225-thread-6] pick event Id=23, eMBMSSessionId=16 current size: 3996
[pool-225-thread-2] pick event Id=24, eMBMSSessionId=42 current size: 3995
[pool-225-thread-12] pick event Id=25, eMBMSSessionId=41 current size: 3994
[pool-225-thread-5] adds event Id=26, eMBMSSessionId=42 current size: 3994
[pool-225-thread-3] adds event Id=27, eMBMSSessionId=1 current size: 3994
[pool-225-thread-3] pick event Id=28, eMBMSSessionId=95 current size: 3993
[pool-225-thread-8] pick event Id=29, eMBMSSessionId=5 current size: 3992
[pool-225-thread-9] pick event Id=30, eMBMSSessionId=11 current size: 3991
[pool-225-thread-10] adds event Id=31, eMBMSSessionId=41 current size: 3991
pool-225-thread-4 reduces to 3990
pool-225-thread-12 reduces to 3989
[pool-225-thread-14] pick event Id=32, eMBMSSessionId=68 current size: 3988
pool-225-thread-2 reduces to 3987
[pool-225-thread-13] pick event Id=33, eMBMSSessionId=34 current size: 3986
[pool-225-thread-16] adds event Id=34, eMBMSSessionId=34 current size: 3986
[pool-225-thread-5] pick event Id=35, eMBMSSessionId=78 current size: 3985
[pool-225-thread-15] pick event Id=36, eMBMSSessionId=23 current size: 3984
[pool-225-thread-19] pick event Id=37, eMBMSSessionId=58 current size: 3983
[pool-225-thread-17] pick event Id=38, eMBMSSessionId=15 current size: 3982
[pool-225-thread-10] pick event Id=39, eMBMSSessionId=36 current size: 3981
[pool-225-thread-20] pick event Id=40, eMBMSSessionId=91 current size: 3980
[pool-225-thread-18] pick event Id=41, eMBMSSessionId=32 current size: 3979
[pool-225-thread-11] pick event Id=42, eMBMSSessionId=62 current size: 3978
[pool-225-thread-7] pick event Id=43, eMBMSSessionId=79 current size: 3977
[pool-225-thread-1] pick event Id=44, eMBMSSessionId=38 current size: 3976
[pool-225-thread-6] pick event Id=45, eMBMSSessionId=82 current size: 3975
[pool-225-thread-3] pick event Id=46, eMBMSSessionId=20 current size: 3974
pool-225-thread-13 reduces to 3973
[pool-225-thread-16] pick event Id=47, eMBMSSessionId=4 current size: 3972
[pool-225-thread-8] adds event Id=48, eMBMSSessionId=32 current size: 3972
[pool-225-thread-9] pick event Id=49, eMBMSSessionId=71 current size: 3971
[pool-225-thread-17] pick event Id=50, eMBMSSessionId=24 current size: 3970
pool-225-thread-18 reduces to 3969
[pool-225-thread-4] pick event Id=51, eMBMSSessionId=78 current size: 3968
[pool-225-thread-12] pick event Id=52, eMBMSSessionId=76 current size: 3967
[pool-225-thread-2] pick event Id=53, eMBMSSessionId=58 current size: 3966
[pool-225-thread-14] pick event Id=54, eMBMSSessionId=12 current size: 3965
[pool-225-thread-12] pick event Id=55, eMBMSSessionId=35 current size: 3964
[pool-225-thread-15] pick event Id=56, eMBMSSessionId=95 current size: 3963
[pool-225-thread-8] pick event Id=57, eMBMSSessionId=5 current size: 3962
[pool-225-thread-5] pick event Id=58, eMBMSSessionId=0 current size: 3961
[pool-225-thread-9] pick event Id=59, eMBMSSessionId=44 current size: 3960
[pool-225-thread-17] pick event Id=60, eMBMSSessionId=41 current size: 3959
[pool-225-thread-19] pick event Id=61, eMBMSSessionId=54 current size: 3958
[pool-225-thread-10] pick event Id=62, eMBMSSessionId=65 current size: 3957
[pool-225-thread-20] pick event Id=63, eMBMSSessionId=22 current size: 3956
[pool-225-thread-11] pick event Id=64, eMBMSSessionId=56 current size: 3955
[pool-225-thread-7] pick event Id=65, eMBMSSessionId=82 current size: 3954
[pool-225-thread-1] adds event Id=66, eMBMSSessionId=95 current size: 3954
[pool-225-thread-1] pick event Id=67, eMBMSSessionId=76 current size: 3953
[pool-225-thread-18] pick event Id=68, eMBMSSessionId=33 current size: 3952
[pool-225-thread-6] pick event Id=69, eMBMSSessionId=43 current size: 3951
pool-225-thread-15 reduces to 3950
[pool-225-thread-16] pick event Id=70, eMBMSSessionId=10 current size: 3949
[pool-225-thread-3] pick event Id=71, eMBMSSessionId=50 current size: 3948
[pool-225-thread-13] pick event Id=72, eMBMSSessionId=18 current size: 3947
[pool-225-thread-11] pick event Id=73, eMBMSSessionId=49 current size: 3946
[pool-225-thread-4] pick event Id=74, eMBMSSessionId=11 current size: 3945
[pool-225-thread-2] pick event Id=75, eMBMSSessionId=71 current size: 3944
[pool-225-thread-14] adds event Id=76, eMBMSSessionId=10 current size: 3944
[pool-225-thread-18] pick event Id=77, eMBMSSessionId=65 current size: 3943
[pool-225-thread-12] pick event Id=78, eMBMSSessionId=24 current size: 3942
[pool-225-thread-6] pick event Id=79, eMBMSSessionId=75 current size: 3941
pool-225-thread-16 reduces to 3940
[pool-225-thread-9] pick event Id=80, eMBMSSessionId=99 current size: 3939
[pool-225-thread-8] pick event Id=81, eMBMSSessionId=45 current size: 3938
[pool-225-thread-17] pick event Id=82, eMBMSSessionId=86 current size: 3937
[pool-225-thread-5] pick event Id=83, eMBMSSessionId=63 current size: 3936
[pool-225-thread-10] pick event Id=84, eMBMSSessionId=93 current size: 3935
[pool-225-thread-19] pick event Id=85, eMBMSSessionId=61 current size: 3934
[pool-225-thread-7] adds event Id=86, eMBMSSessionId=45 current size: 3934
[pool-225-thread-20] adds event Id=87, eMBMSSessionId=63 current size: 3934
[pool-225-thread-1] pick event Id=88, eMBMSSessionId=9 current size: 3933
[pool-225-thread-14] pick event Id=89, eMBMSSessionId=46 current size: 3932
[pool-225-thread-15] pick event Id=90, eMBMSSessionId=42 current size: 3931
[pool-225-thread-6] pick event Id=91, eMBMSSessionId=71 current size: 3930
[pool-225-thread-13] pick event Id=92, eMBMSSessionId=77 current size: 3929
[pool-225-thread-3] pick event Id=93, eMBMSSessionId=98 current size: 3928
[pool-225-thread-9] pick event Id=94, eMBMSSessionId=4 current size: 3927
pool-225-thread-8 reduces to 3926
pool-225-thread-5 reduces to 3925
[pool-225-thread-7] adds event Id=95, eMBMSSessionId=93 current size: 3925
pool-225-thread-10 reduces to 3924
[pool-225-thread-20] pick event Id=96, eMBMSSessionId=91 current size: 3923
[pool-225-thread-11] pick event Id=97, eMBMSSessionId=43 current size: 3922
[pool-225-thread-2] pick event Id=98, eMBMSSessionId=78 current size: 3921
[pool-225-thread-4] pick event Id=99, eMBMSSessionId=6 current size: 3920
[pool-225-thread-18] pick event Id=100, eMBMSSessionId=73 current size: 3919
[pool-225-thread-12] pick event Id=101, eMBMSSessionId=65 current size: 3918
[pool-225-thread-16] pick event Id=102, eMBMSSessionId=90 current size: 3917
[pool-225-thread-15] pick event Id=103, eMBMSSessionId=44 current size: 3916
[pool-225-thread-18] pick event Id=104, eMBMSSessionId=20 current size: 3915
[pool-225-thread-17] adds event Id=105, eMBMSSessionId=91 current size: 3915
[pool-225-thread-3] pick event Id=106, eMBMSSessionId=23 current size: 3914
[pool-225-thread-7] pick event Id=107, eMBMSSessionId=56 current size: 3913
[pool-225-thread-19] pick event Id=108, eMBMSSessionId=74 current size: 3912
[pool-225-thread-1] pick event Id=109, eMBMSSessionId=54 current size: 3911
[pool-225-thread-10] pick event Id=110, eMBMSSessionId=18 current size: 3910
pool-225-thread-20 reduces to 3909
[pool-225-thread-14] pick event Id=111, eMBMSSessionId=2 current size: 3908
[pool-225-thread-6] pick event Id=112, eMBMSSessionId=22 current size: 3907
[pool-225-thread-13] pick event Id=113, eMBMSSessionId=6 current size: 3906
[pool-225-thread-17] pick event Id=114, eMBMSSessionId=55 current size: 3905
[pool-225-thread-8] pick event Id=115, eMBMSSessionId=59 current size: 3904
[pool-225-thread-9] adds event Id=116, eMBMSSessionId=22 current size: 3904
[pool-225-thread-9] pick event Id=117, eMBMSSessionId=70 current size: 3903
[pool-225-thread-5] adds event Id=118, eMBMSSessionId=70 current size: 3903
[pool-225-thread-5] pick event Id=119, eMBMSSessionId=39 current size: 3902
[pool-225-thread-2] pick event Id=120, eMBMSSessionId=3 current size: 3901
[pool-225-thread-4] pick event Id=121, eMBMSSessionId=51 current size: 3900
[pool-225-thread-11] pick event Id=122, eMBMSSessionId=88 current size: 3899
[pool-225-thread-12] adds event Id=123, eMBMSSessionId=51 current size: 3899
pool-225-thread-6 reduces to 3898
[pool-225-thread-16] pick event Id=124, eMBMSSessionId=38 current size: 3897
[pool-225-thread-15] pick event Id=125, eMBMSSessionId=9 current size: 3896
[pool-225-thread-18] pick event Id=126, eMBMSSessionId=99 current size: 3895
[pool-225-thread-3] pick event Id=127, eMBMSSessionId=61 current size: 3894
pool-225-thread-9 reduces to 3893
[pool-225-thread-19] pick event Id=128, eMBMSSessionId=44 current size: 3892
[pool-225-thread-7] pick event Id=129, eMBMSSessionId=10 current size: 3891
[pool-225-thread-8] adds event Id=130, eMBMSSessionId=51 current size: 3891
[pool-225-thread-1] pick event Id=131, eMBMSSessionId=76 current size: 3890
[pool-225-thread-20] pick event Id=132, eMBMSSessionId=36 current size: 3889
[pool-225-thread-10] pick event Id=133, eMBMSSessionId=47 current size: 3888
pool-225-thread-4 reduces to 3887
[pool-225-thread-14] pick event Id=134, eMBMSSessionId=57 current size: 3886
[pool-225-thread-12] pick event Id=135, eMBMSSessionId=3 current size: 3885
[pool-225-thread-13] pick event Id=136, eMBMSSessionId=4 current size: 3884
[pool-225-thread-17] pick event Id=137, eMBMSSessionId=96 current size: 3883
[pool-225-thread-15] pick event Id=138, eMBMSSessionId=62 current size: 3882
[pool-225-thread-5] adds event Id=139, eMBMSSessionId=10 current size: 3882
[pool-225-thread-8] pick event Id=140, eMBMSSessionId=69 current size: 3881
pool-225-thread-7 reduces to 3880
[pool-225-thread-2] pick event Id=141, eMBMSSessionId=68 current size: 3879
pool-225-thread-4 reduces to 3878
[pool-225-thread-10] pick event Id=142, eMBMSSessionId=71 current size: 3877
[pool-225-thread-11] pick event Id=143, eMBMSSessionId=0 current size: 3876
[pool-225-thread-16] pick event Id=144, eMBMSSessionId=17 current size: 3875
[pool-225-thread-18] pick event Id=145, eMBMSSessionId=55 current size: 3874
[pool-225-thread-6] pick event Id=146, eMBMSSessionId=31 current size: 3873
[pool-225-thread-3] pick event Id=147, eMBMSSessionId=36 current size: 3872
[pool-225-thread-9] pick event Id=148, eMBMSSessionId=8 current size: 3871
[pool-225-thread-5] pick event Id=149, eMBMSSessionId=9 current size: 3870
[pool-225-thread-15] pick event Id=150, eMBMSSessionId=19 current size: 3869
[pool-225-thread-19] pick event Id=151, eMBMSSessionId=7 current size: 3868
[pool-225-thread-1] pick event Id=152, eMBMSSessionId=75 current size: 3867
[pool-225-thread-20] pick event Id=153, eMBMSSessionId=85 current size: 3866
[pool-225-thread-14] pick event Id=154, eMBMSSessionId=3 current size: 3865
[pool-225-thread-12] pick event Id=155, eMBMSSessionId=67 current size: 3864
[pool-225-thread-13] pick event Id=156, eMBMSSessionId=44 current size: 3863
[pool-225-thread-17] pick event Id=157, eMBMSSessionId=42 current size: 3862
[pool-225-thread-9] adds event Id=158, eMBMSSessionId=3 current size: 3862
[pool-225-thread-8] pick event Id=159, eMBMSSessionId=66 current size: 3861
[pool-225-thread-7] pick event Id=160, eMBMSSessionId=6 current size: 3860
[pool-225-thread-2] pick event Id=161, eMBMSSessionId=77 current size: 3859
[pool-225-thread-4] pick event Id=162, eMBMSSessionId=16 current size: 3858
[pool-225-thread-10] pick event Id=163, eMBMSSessionId=69 current size: 3857
pool-225-thread-14 reduces to 3856
[pool-225-thread-11] pick event Id=164, eMBMSSessionId=18 current size: 3855
[pool-225-thread-16] pick event Id=165, eMBMSSessionId=12 current size: 3854
[pool-225-thread-18] pick event Id=166, eMBMSSessionId=41 current size: 3853
[pool-225-thread-6] pick event Id=167, eMBMSSessionId=44 current size: 3852
[pool-225-thread-3] pick event Id=168, eMBMSSessionId=28 current size: 3851
[pool-225-thread-13] pick event Id=169, eMBMSSessionId=31 current size: 3850
[pool-225-thread-15] pick event Id=170, eMBMSSessionId=74 current size: 3849
[pool-225-thread-9] pick event Id=171, eMBMSSessionId=92 current size: 3848
[pool-225-thread-5] pick event Id=172, eMBMSSessionId=52 current size: 3847
[pool-225-thread-19] pick event Id=173, eMBMSSessionId=26 current size: 3846
[pool-225-thread-1] pick event Id=174, eMBMSSessionId=99 current size: 3845
[pool-225-thread-20] pick event Id=175, eMBMSSessionId=33 current size: 3844
[pool-225-thread-12] adds event Id=176, eMBMSSessionId=52 current size: 3844
[pool-225-thread-17] pick event Id=177, eMBMSSessionId=51 current size: 3843
[pool-225-thread-6] pick event Id=178, eMBMSSessionId=55 current size: 3842
[pool-225-thread-8] pick event Id=179, eMBMSSessionId=14 current size: 3841
pool-225-thread-5 reduces to 3840
[pool-225-thread-7] pick event Id=180, eMBMSSessionId=94 current size: 3839
[pool-225-thread-2] pick event Id=181, eMBMSSessionId=46 current size: 3838
[pool-225-thread-4] adds event Id=182, eMBMSSessionId=51 current size: 3838
[pool-225-thread-10] pick event Id=183, eMBMSSessionId=63 current size: 3837
[pool-225-thread-14] pick event Id=184, eMBMSSessionId=16 current size: 3836
[pool-225-thread-16] pick event Id=185, eMBMSSessionId=35 current size: 3835
[pool-225-thread-11] pick event Id=186, eMBMSSessionId=26 current size: 3834
[pool-225-thread-12] pick event Id=187, eMBMSSessionId=21 current size: 3833
[pool-225-thread-18] pick event Id=188, eMBMSSessionId=12 current size: 3832
[pool-225-thread-3] pick event Id=189, eMBMSSessionId=91 current size: 3831
[pool-225-thread-13] pick event Id=190, eMBMSSessionId=36 current size: 3830
pool-225-thread-17 reduces to 3829
[pool-225-thread-9] adds event Id=191, eMBMSSessionId=16 current size: 3829
[pool-225-thread-15] pick event Id=192, eMBMSSessionId=19 current size: 3828
[pool-225-thread-19] pick event Id=193, eMBMSSessionId=7 current size: 3827
[pool-225-thread-1] pick event Id=194, eMBMSSessionId=75 current size: 3826
[pool-225-thread-4] pick event Id=195, eMBMSSessionId=90 current size: 3825
[pool-225-thread-20] pick event Id=196, eMBMSSessionId=86 current size: 3824
pool-225-thread-14 reduces to 3823
[pool-225-thread-12] pick event Id=197, eMBMSSessionId=45 current size: 3822
[pool-225-thread-9] pick event Id=198, eMBMSSessionId=98 current size: 3821
[pool-225-thread-6] pick event Id=199, eMBMSSessionId=0 current size: 3820
[pool-225-thread-8] pick event Id=200, eMBMSSessionId=63 current size: 3819
[pool-225-thread-5] pick event Id=201, eMBMSSessionId=49 current size: 3818
[pool-225-thread-19] pick event Id=202, eMBMSSessionId=9 current size: 3817
[pool-225-thread-7] pick event Id=203, eMBMSSessionId=99 current size: 3816
[pool-225-thread-2] adds event Id=204, eMBMSSessionId=98 current size: 3816
[pool-225-thread-10] pick event Id=205, eMBMSSessionId=42 current size: 3815
[pool-225-thread-11] pick event Id=206, eMBMSSessionId=46 current size: 3814
[pool-225-thread-16] pick event Id=207, eMBMSSessionId=1 current size: 3813
[pool-225-thread-18] adds event Id=208, eMBMSSessionId=63 current size: 3813
[pool-225-thread-3] pick event Id=209, eMBMSSessionId=11 current size: 3812
[pool-225-thread-13] pick event Id=210, eMBMSSessionId=62 current size: 3811
pool-225-thread-8 reduces to 3810
[pool-225-thread-12] pick event Id=211, eMBMSSessionId=7 current size: 3809
[pool-225-thread-17] pick event Id=212, eMBMSSessionId=73 current size: 3808
pool-225-thread-9 reduces to 3807
[pool-225-thread-15] pick event Id=213, eMBMSSessionId=81 current size: 3806
[pool-225-thread-1] pick event Id=214, eMBMSSessionId=47 current size: 3805
[pool-225-thread-5] pick event Id=215, eMBMSSessionId=27 current size: 3804
[pool-225-thread-2] pick event Id=216, eMBMSSessionId=70 current size: 3803
[pool-225-thread-4] pick event Id=217, eMBMSSessionId=45 current size: 3802
[pool-225-thread-20] pick event Id=218, eMBMSSessionId=82 current size: 3801
[pool-225-thread-14] pick event Id=219, eMBMSSessionId=38 current size: 3800
[pool-225-thread-18] adds event Id=220, eMBMSSessionId=1 current size: 3800
pool-225-thread-16 reduces to 3799
[pool-225-thread-6] adds event Id=221, eMBMSSessionId=82 current size: 3799
[pool-225-thread-19] pick event Id=222, eMBMSSessionId=66 current size: 3798
[pool-225-thread-7] pick event Id=223, eMBMSSessionId=91 current size: 3797
[pool-225-thread-10] pick event Id=224, eMBMSSessionId=42 current size: 3796
pool-225-thread-20 reduces to 3795
[pool-225-thread-18] pick event Id=225, eMBMSSessionId=45 current size: 3794
[pool-225-thread-11] pick event Id=226, eMBMSSessionId=63 current size: 3793
[pool-225-thread-14] pick event Id=227, eMBMSSessionId=27 current size: 3792
[pool-225-thread-3] pick event Id=228, eMBMSSessionId=4 current size: 3791
[pool-225-thread-13] adds event Id=229, eMBMSSessionId=63 current size: 3791
[pool-225-thread-12] pick event Id=230, eMBMSSessionId=10 current size: 3790
[pool-225-thread-8] pick event Id=231, eMBMSSessionId=78 current size: 3789
[pool-225-thread-6] pick event Id=232, eMBMSSessionId=13 current size: 3788
[pool-225-thread-9] pick event Id=233, eMBMSSessionId=53 current size: 3787
[pool-225-thread-17] pick event Id=234, eMBMSSessionId=74 current size: 3786
[pool-225-thread-15] pick event Id=235, eMBMSSessionId=87 current size: 3785
[pool-225-thread-1] pick event Id=236, eMBMSSessionId=96 current size: 3784
[pool-225-thread-5] adds event Id=237, eMBMSSessionId=42 current size: 3784
[pool-225-thread-4] adds event Id=238, eMBMSSessionId=4 current size: 3784
[pool-225-thread-2] pick event Id=239, eMBMSSessionId=21 current size: 3783
pool-225-thread-10 reduces to 3782
pool-225-thread-11 reduces to 3781
[pool-225-thread-18] pick event Id=240, eMBMSSessionId=95 current size: 3780
pool-225-thread-3 reduces to 3779
[pool-225-thread-13] pick event Id=241, eMBMSSessionId=61 current size: 3778
[pool-225-thread-16] pick event Id=242, eMBMSSessionId=16 current size: 3777
[pool-225-thread-9] pick event Id=243, eMBMSSessionId=37 current size: 3776
[pool-225-thread-19] pick event Id=244, eMBMSSessionId=20 current size: 3775
[pool-225-thread-5] pick event Id=245, eMBMSSessionId=38 current size: 3774
[pool-225-thread-4] pick event Id=246, eMBMSSessionId=7 current size: 3773
[pool-225-thread-7] pick event Id=247, eMBMSSessionId=59 current size: 3772
[pool-225-thread-20] pick event Id=248, eMBMSSessionId=33 current size: 3771
[pool-225-thread-14] pick event Id=249, eMBMSSessionId=68 current size: 3770
[pool-225-thread-18] pick event Id=250, eMBMSSessionId=41 current size: 3769
[pool-225-thread-3] pick event Id=251, eMBMSSessionId=73 current size: 3768
[pool-225-thread-12] pick event Id=252, eMBMSSessionId=0 current size: 3767
[pool-225-thread-8] pick event Id=253, eMBMSSessionId=72 current size: 3766
[pool-225-thread-6] pick event Id=254, eMBMSSessionId=76 current size: 3765
[pool-225-thread-17] pick event Id=255, eMBMSSessionId=28 current size: 3764
[pool-225-thread-15] pick event Id=256, eMBMSSessionId=18 current size: 3763
[pool-225-thread-1] pick event Id=257, eMBMSSessionId=5 current size: 3762
[pool-225-thread-10] pick event Id=258, eMBMSSessionId=52 current size: 3761
[pool-225-thread-2] pick event Id=259, eMBMSSessionId=59 current size: 3760
[pool-225-thread-11] pick event Id=260, eMBMSSessionId=37 current size: 3759
[pool-225-thread-13] pick event Id=261, eMBMSSessionId=24 current size: 3758
[pool-225-thread-16] pick event Id=262, eMBMSSessionId=71 current size: 3757
[pool-225-thread-9] pick event Id=263, eMBMSSessionId=41 current size: 3756
[pool-225-thread-5] pick event Id=264, eMBMSSessionId=18 current size: 3755
[pool-225-thread-19] pick event Id=265, eMBMSSessionId=36 current size: 3754
[pool-225-thread-7] pick event Id=266, eMBMSSessionId=1 current size: 3753
[pool-225-thread-4] pick event Id=267, eMBMSSessionId=43 current size: 3752
[pool-225-thread-20] pick event Id=268, eMBMSSessionId=33 current size: 3751
[pool-225-thread-14] pick event Id=269, eMBMSSessionId=55 current size: 3750
[pool-225-thread-18] pick event Id=270, eMBMSSessionId=48 current size: 3749
[pool-225-thread-3] pick event Id=271, eMBMSSessionId=3 current size: 3748
[pool-225-thread-6] pick event Id=272, eMBMSSessionId=82 current size: 3747
[pool-225-thread-12] pick event Id=273, eMBMSSessionId=40 current size: 3746
[pool-225-thread-17] pick event Id=274, eMBMSSessionId=77 current size: 3745
[pool-225-thread-8] pick event Id=275, eMBMSSessionId=68 current size: 3744
[pool-225-thread-15] pick event Id=276, eMBMSSessionId=4 current size: 3743
[pool-225-thread-1] adds event Id=277, eMBMSSessionId=4 current size: 3743
[pool-225-thread-10] pick event Id=278, eMBMSSessionId=19 current size: 3742
[pool-225-thread-11] adds event Id=279, eMBMSSessionId=55 current size: 3742
[pool-225-thread-5] pick event Id=280, eMBMSSessionId=64 current size: 3741
[pool-225-thread-2] pick event Id=281, eMBMSSessionId=43 current size: 3740
pool-225-thread-14 reduces to 3739
[pool-225-thread-13] pick event Id=282, eMBMSSessionId=9 current size: 3738
[pool-225-thread-16] pick event Id=283, eMBMSSessionId=12 current size: 3737
[pool-225-thread-6] pick event Id=284, eMBMSSessionId=81 current size: 3736
[pool-225-thread-1] pick event Id=285, eMBMSSessionId=58 current size: 3735
[pool-225-thread-9] pick event Id=286, eMBMSSessionId=36 current size: 3734
pool-225-thread-15 reduces to 3733
[pool-225-thread-7] pick event Id=287, eMBMSSessionId=94 current size: 3732
[pool-225-thread-19] adds event Id=288, eMBMSSessionId=81 current size: 3732
[pool-225-thread-11] pick event Id=289, eMBMSSessionId=87 current size: 3731
[pool-225-thread-20] pick event Id=290, eMBMSSessionId=71 current size: 3730
[pool-225-thread-4] pick event Id=291, eMBMSSessionId=83 current size: 3729
[pool-225-thread-18] pick event Id=292, eMBMSSessionId=13 current size: 3728
[pool-225-thread-3] pick event Id=293, eMBMSSessionId=93 current size: 3727
[pool-225-thread-8] pick event Id=294, eMBMSSessionId=98 current size: 3726
pool-225-thread-6 reduces to 3725
[pool-225-thread-17] pick event Id=295, eMBMSSessionId=67 current size: 3724
[pool-225-thread-12] pick event Id=296, eMBMSSessionId=18 current size: 3723
[pool-225-thread-19] pick event Id=297, eMBMSSessionId=61 current size: 3722
[pool-225-thread-10] pick event Id=298, eMBMSSessionId=23 current size: 3721
[pool-225-thread-5] pick event Id=299, eMBMSSessionId=48 current size: 3720
[pool-225-thread-2] pick event Id=300, eMBMSSessionId=38 current size: 3719
[pool-225-thread-14] adds event Id=301, eMBMSSessionId=98 current size: 3719
[pool-225-thread-16] pick event Id=302, eMBMSSessionId=39 current size: 3718
[pool-225-thread-13] pick event Id=303, eMBMSSessionId=49 current size: 3717
pool-225-thread-8 reduces to 3716
[pool-225-thread-7] pick event Id=304, eMBMSSessionId=41 current size: 3715
[pool-225-thread-15] pick event Id=305, eMBMSSessionId=13 current size: 3714
[pool-225-thread-1] pick event Id=306, eMBMSSessionId=50 current size: 3713
[pool-225-thread-9] adds event Id=307, eMBMSSessionId=13 current size: 3713
[pool-225-thread-9] pick event Id=308, eMBMSSessionId=72 current size: 3712
[pool-225-thread-19] adds event Id=309, eMBMSSessionId=13 current size: 3712
[pool-225-thread-19] pick event Id=310, eMBMSSessionId=70 current size: 3711
[pool-225-thread-10] pick event Id=311, eMBMSSessionId=20 current size: 3710
[pool-225-thread-11] adds event Id=312, eMBMSSessionId=49 current size: 3710
[pool-225-thread-11] pick event Id=313, eMBMSSessionId=83 current size: 3709
[pool-225-thread-20] pick event Id=314, eMBMSSessionId=74 current size: 3708
[pool-225-thread-4] adds event Id=315, eMBMSSessionId=20 current size: 3708
[pool-225-thread-18] pick event Id=316, eMBMSSessionId=23 current size: 3707
[pool-225-thread-14] pick event Id=317, eMBMSSessionId=54 current size: 3706
[pool-225-thread-3] pick event Id=318, eMBMSSessionId=8 current size: 3705
pool-225-thread-13 reduces to 3704
[pool-225-thread-17] pick event Id=319, eMBMSSessionId=52 current size: 3703
[pool-225-thread-12] pick event Id=320, eMBMSSessionId=78 current size: 3702
[pool-225-thread-6] pick event Id=321, eMBMSSessionId=14 current size: 3701
pool-225-thread-10 reduces to 3700
pool-225-thread-15 reduces to 3699
[pool-225-thread-4] pick event Id=322, eMBMSSessionId=63 current size: 3698
[pool-225-thread-5] pick event Id=323, eMBMSSessionId=34 current size: 3697
[pool-225-thread-2] pick event Id=324, eMBMSSessionId=55 current size: 3696
[pool-225-thread-16] adds event Id=325, eMBMSSessionId=78 current size: 3696
[pool-225-thread-8] pick event Id=326, eMBMSSessionId=7 current size: 3695
[pool-225-thread-14] pick event Id=327, eMBMSSessionId=60 current size: 3694
pool-225-thread-12 reduces to 3693
[pool-225-thread-17] pick event Id=328, eMBMSSessionId=44 current size: 3692
[pool-225-thread-9] pick event Id=329, eMBMSSessionId=12 current size: 3691
[pool-225-thread-11] pick event Id=330, eMBMSSessionId=91 current size: 3690
[pool-225-thread-7] pick event Id=331, eMBMSSessionId=58 current size: 3689
[pool-225-thread-1] pick event Id=332, eMBMSSessionId=18 current size: 3688
[pool-225-thread-19] adds event Id=333, eMBMSSessionId=13 current size: 3688
pool-225-thread-15 reduces to 3687
[pool-225-thread-20] pick event Id=334, eMBMSSessionId=57 current size: 3686
[pool-225-thread-2] pick event Id=335, eMBMSSessionId=82 current size: 3685
[pool-225-thread-5] pick event Id=336, eMBMSSessionId=96 current size: 3684
[pool-225-thread-16] pick event Id=337, eMBMSSessionId=19 current size: 3683
[pool-225-thread-3] pick event Id=338, eMBMSSessionId=86 current size: 3682
[pool-225-thread-18] pick event Id=339, eMBMSSessionId=40 current size: 3681
[pool-225-thread-13] pick event Id=340, eMBMSSessionId=69 current size: 3680
[pool-225-thread-6] pick event Id=341, eMBMSSessionId=23 current size: 3679
[pool-225-thread-19] pick event Id=342, eMBMSSessionId=49 current size: 3678
[pool-225-thread-10] pick event Id=343, eMBMSSessionId=89 current size: 3677
pool-225-thread-15 reduces to 3676
[pool-225-thread-4] pick event Id=344, eMBMSSessionId=35 current size: 3675
[pool-225-thread-14] pick event Id=345, eMBMSSessionId=63 current size: 3674
[pool-225-thread-8] pick event Id=346, eMBMSSessionId=78 current size: 3673
[pool-225-thread-12] pick event Id=347, eMBMSSessionId=8 current size: 3672
[pool-225-thread-17] adds event Id=348, eMBMSSessionId=35 current size: 3672
[pool-225-thread-13] pick event Id=349, eMBMSSessionId=29 current size: 3671
[pool-225-thread-11] pick event Id=350, eMBMSSessionId=5 current size: 3670
[pool-225-thread-9] pick event Id=351, eMBMSSessionId=32 current size: 3669
[pool-225-thread-1] pick event Id=352, eMBMSSessionId=69 current size: 3668
[pool-225-thread-7] pick event Id=353, eMBMSSessionId=74 current size: 3667
[pool-225-thread-20] pick event Id=354, eMBMSSessionId=4 current size: 3666
[pool-225-thread-2] pick event Id=355, eMBMSSessionId=26 current size: 3665
pool-225-thread-4 reduces to 3664
[pool-225-thread-16] pick event Id=356, eMBMSSessionId=79 current size: 3663
[pool-225-thread-3] pick event Id=357, eMBMSSessionId=43 current size: 3662
[pool-225-thread-5] pick event Id=358, eMBMSSessionId=90 current size: 3661
[pool-225-thread-18] pick event Id=359, eMBMSSessionId=10 current size: 3660
[pool-225-thread-17] adds event Id=360, eMBMSSessionId=26 current size: 3660
[pool-225-thread-6] pick event Id=361, eMBMSSessionId=14 current size: 3659
[pool-225-thread-10] pick event Id=362, eMBMSSessionId=57 current size: 3658
[pool-225-thread-19] pick event Id=363, eMBMSSessionId=0 current size: 3657
[pool-225-thread-15] pick event Id=364, eMBMSSessionId=42 current size: 3656
pool-225-thread-2 reduces to 3655
[pool-225-thread-4] pick event Id=365, eMBMSSessionId=41 current size: 3654
[pool-225-thread-14] pick event Id=366, eMBMSSessionId=62 current size: 3653
[pool-225-thread-17] pick event Id=367, eMBMSSessionId=94 current size: 3652
[pool-225-thread-8] pick event Id=368, eMBMSSessionId=36 current size: 3651
[pool-225-thread-12] pick event Id=369, eMBMSSessionId=67 current size: 3650
[pool-225-thread-13] pick event Id=370, eMBMSSessionId=34 current size: 3649
[pool-225-thread-11] pick event Id=371, eMBMSSessionId=69 current size: 3648
[pool-225-thread-1] adds event Id=372, eMBMSSessionId=94 current size: 3648
[pool-225-thread-9] pick event Id=373, eMBMSSessionId=75 current size: 3647
[pool-225-thread-7] pick event Id=374, eMBMSSessionId=33 current size: 3646
[pool-225-thread-20] pick event Id=375, eMBMSSessionId=14 current size: 3645
[pool-225-thread-16] pick event Id=376, eMBMSSessionId=58 current size: 3644
[pool-225-thread-3] pick event Id=377, eMBMSSessionId=48 current size: 3643
[pool-225-thread-5] pick event Id=378, eMBMSSessionId=87 current size: 3642
[pool-225-thread-4] pick event Id=379, eMBMSSessionId=66 current size: 3641
[pool-225-thread-18] pick event Id=380, eMBMSSessionId=92 current size: 3640
pool-225-thread-17 reduces to 3639
[pool-225-thread-1] pick event Id=381, eMBMSSessionId=59 current size: 3638
[pool-225-thread-6] pick event Id=382, eMBMSSessionId=86 current size: 3637
[pool-225-thread-10] pick event Id=383, eMBMSSessionId=53 current size: 3636
[pool-225-thread-8] pick event Id=384, eMBMSSessionId=78 current size: 3635
[pool-225-thread-15] pick event Id=385, eMBMSSessionId=0 current size: 3634
[pool-225-thread-19] pick event Id=386, eMBMSSessionId=39 current size: 3633
[pool-225-thread-2] pick event Id=387, eMBMSSessionId=21 current size: 3632
[pool-225-thread-14] pick event Id=388, eMBMSSessionId=23 current size: 3631
[pool-225-thread-12] pick event Id=389, eMBMSSessionId=84 current size: 3630
[pool-225-thread-11] pick event Id=390, eMBMSSessionId=26 current size: 3629
[pool-225-thread-13] pick event Id=391, eMBMSSessionId=47 current size: 3628
[pool-225-thread-9] pick event Id=392, eMBMSSessionId=19 current size: 3627
[pool-225-thread-7] pick event Id=393, eMBMSSessionId=42 current size: 3626
[pool-225-thread-16] pick event Id=394, eMBMSSessionId=49 current size: 3625
[pool-225-thread-20] pick event Id=395, eMBMSSessionId=75 current size: 3624
[pool-225-thread-3] pick event Id=396, eMBMSSessionId=33 current size: 3623
[pool-225-thread-5] pick event Id=397, eMBMSSessionId=30 current size: 3622
[pool-225-thread-4] pick event Id=398, eMBMSSessionId=58 current size: 3621
[pool-225-thread-18] pick event Id=399, eMBMSSessionId=37 current size: 3620
[pool-225-thread-1] pick event Id=400, eMBMSSessionId=87 current size: 3619
[pool-225-thread-17] pick event Id=401, eMBMSSessionId=63 current size: 3618
[pool-225-thread-6] pick event Id=402, eMBMSSessionId=20 current size: 3617
[pool-225-thread-10] pick event Id=403, eMBMSSessionId=67 current size: 3616
[pool-225-thread-8] pick event Id=404, eMBMSSessionId=72 current size: 3615
[pool-225-thread-15] pick event Id=405, eMBMSSessionId=98 current size: 3614
[pool-225-thread-19] pick event Id=406, eMBMSSessionId=11 current size: 3613
[pool-225-thread-2] pick event Id=407, eMBMSSessionId=3 current size: 3612
[pool-225-thread-14] pick event Id=408, eMBMSSessionId=42 current size: 3611
[pool-225-thread-12] adds event Id=409, eMBMSSessionId=20 current size: 3611
[pool-225-thread-5] pick event Id=410, eMBMSSessionId=4 current size: 3610
[pool-225-thread-11] pick event Id=411, eMBMSSessionId=79 current size: 3609
[pool-225-thread-9] pick event Id=412, eMBMSSessionId=95 current size: 3608
pool-225-thread-6 reduces to 3607
[pool-225-thread-13] pick event Id=413, eMBMSSessionId=44 current size: 3606
[pool-225-thread-7] pick event Id=414, eMBMSSessionId=45 current size: 3605
[pool-225-thread-20] pick event Id=415, eMBMSSessionId=84 current size: 3604
[pool-225-thread-16] pick event Id=416, eMBMSSessionId=21 current size: 3603
[pool-225-thread-3] pick event Id=417, eMBMSSessionId=75 current size: 3602
[pool-225-thread-4] pick event Id=418, eMBMSSessionId=59 current size: 3601
[pool-225-thread-18] pick event Id=419, eMBMSSessionId=91 current size: 3600
[pool-225-thread-12] pick event Id=420, eMBMSSessionId=16 current size: 3599
[pool-225-thread-17] pick event Id=421, eMBMSSessionId=76 current size: 3598
[pool-225-thread-1] pick event Id=422, eMBMSSessionId=64 current size: 3597
[pool-225-thread-10] pick event Id=423, eMBMSSessionId=37 current size: 3596
[pool-225-thread-15] pick event Id=424, eMBMSSessionId=11 current size: 3595
[pool-225-thread-8] pick event Id=425, eMBMSSessionId=9 current size: 3594
[pool-225-thread-19] pick event Id=426, eMBMSSessionId=4 current size: 3593
[pool-225-thread-2] pick event Id=427, eMBMSSessionId=19 current size: 3592
[pool-225-thread-7] pick event Id=428, eMBMSSessionId=44 current size: 3591
[pool-225-thread-14] pick event Id=429, eMBMSSessionId=99 current size: 3590
[pool-225-thread-5] pick event Id=430, eMBMSSessionId=0 current size: 3589
[pool-225-thread-11] pick event Id=431, eMBMSSessionId=75 current size: 3588
[pool-225-thread-9] pick event Id=432, eMBMSSessionId=71 current size: 3587
[pool-225-thread-6] pick event Id=433, eMBMSSessionId=50 current size: 3586
[pool-225-thread-13] pick event Id=434, eMBMSSessionId=66 current size: 3585
[pool-225-thread-20] pick event Id=435, eMBMSSessionId=91 current size: 3584
[pool-225-thread-16] pick event Id=436, eMBMSSessionId=67 current size: 3583
[pool-225-thread-3] pick event Id=437, eMBMSSessionId=46 current size: 3582
[pool-225-thread-4] pick event Id=438, eMBMSSessionId=54 current size: 3581
[pool-225-thread-18] pick event Id=439, eMBMSSessionId=28 current size: 3580
[pool-225-thread-12] adds event Id=440, eMBMSSessionId=91 current size: 3580
[pool-225-thread-17] pick event Id=441, eMBMSSessionId=10 current size: 3579
[pool-225-thread-1] pick event Id=442, eMBMSSessionId=17 current size: 3578
[pool-225-thread-10] pick event Id=443, eMBMSSessionId=22 current size: 3577
[pool-225-thread-8] pick event Id=444, eMBMSSessionId=23 current size: 3576
[pool-225-thread-9] pick event Id=445, eMBMSSessionId=39 current size: 3575
[pool-225-thread-15] pick event Id=446, eMBMSSessionId=52 current size: 3574
[pool-225-thread-19] pick event Id=447, eMBMSSessionId=43 current size: 3573
[pool-225-thread-2] pick event Id=448, eMBMSSessionId=77 current size: 3572
[pool-225-thread-7] pick event Id=449, eMBMSSessionId=75 current size: 3571
[pool-225-thread-14] pick event Id=450, eMBMSSessionId=20 current size: 3570
pool-225-thread-20 reduces to 3569
[pool-225-thread-12] pick event Id=451, eMBMSSessionId=97 current size: 3568
[pool-225-thread-5] pick event Id=452, eMBMSSessionId=40 current size: 3567
[pool-225-thread-11] adds event Id=453, eMBMSSessionId=97 current size: 3567
[pool-225-thread-6] pick event Id=454, eMBMSSessionId=92 current size: 3566
[pool-225-thread-13] pick event Id=455, eMBMSSessionId=90 current size: 3565
[pool-225-thread-10] pick event Id=456, eMBMSSessionId=83 current size: 3564
[pool-225-thread-16] pick event Id=457, eMBMSSessionId=54 current size: 3563
[pool-225-thread-4] pick event Id=458, eMBMSSessionId=17 current size: 3562
[pool-225-thread-3] pick event Id=459, eMBMSSessionId=43 current size: 3561
[pool-225-thread-18] pick event Id=460, eMBMSSessionId=99 current size: 3560
[pool-225-thread-17] pick event Id=461, eMBMSSessionId=2 current size: 3559
pool-225-thread-12 reduces to 3558
[pool-225-thread-11] pick event Id=462, eMBMSSessionId=77 current size: 3557
[pool-225-thread-5] adds event Id=463, eMBMSSessionId=77 current size: 3557
[pool-225-thread-1] adds event Id=464, eMBMSSessionId=90 current size: 3557
[pool-225-thread-9] adds event Id=465, eMBMSSessionId=97 current size: 3557
pool-225-thread-11 reduces to 3556
[pool-225-thread-8] adds event Id=466, eMBMSSessionId=43 current size: 3556
[pool-225-thread-15] pick event Id=467, eMBMSSessionId=53 current size: 3555
[pool-225-thread-19] pick event Id=468, eMBMSSessionId=70 current size: 3554
pool-225-thread-13 reduces to 3553
[pool-225-thread-7] pick event Id=469, eMBMSSessionId=8 current size: 3552
[pool-225-thread-2] pick event Id=470, eMBMSSessionId=4 current size: 3551
[pool-225-thread-14] pick event Id=471, eMBMSSessionId=30 current size: 3550
[pool-225-thread-20] pick event Id=472, eMBMSSessionId=9 current size: 3549
pool-225-thread-3 reduces to 3548
[pool-225-thread-5] pick event Id=473, eMBMSSessionId=71 current size: 3547
pool-225-thread-12 reduces to 3546
[pool-225-thread-1] adds event Id=474, eMBMSSessionId=43 current size: 3546
[pool-225-thread-9] pick event Id=475, eMBMSSessionId=56 current size: 3545
[pool-225-thread-8] pick event Id=476, eMBMSSessionId=12 current size: 3544
[pool-225-thread-6] pick event Id=477, eMBMSSessionId=42 current size: 3543
[pool-225-thread-10] pick event Id=478, eMBMSSessionId=84 current size: 3542
[pool-225-thread-19] pick event Id=479, eMBMSSessionId=96 current size: 3541
[pool-225-thread-16] adds event Id=480, eMBMSSessionId=4 current size: 3541
pool-225-thread-2 reduces to 3540
[pool-225-thread-4] pick event Id=481, eMBMSSessionId=29 current size: 3539
[pool-225-thread-18] pick event Id=482, eMBMSSessionId=22 current size: 3538
pool-225-thread-3 reduces to 3537
[pool-225-thread-17] pick event Id=483, eMBMSSessionId=63 current size: 3536
[pool-225-thread-1] pick event Id=484, eMBMSSessionId=99 current size: 3535
[pool-225-thread-11] pick event Id=485, eMBMSSessionId=5 current size: 3534
[pool-225-thread-15] pick event Id=486, eMBMSSessionId=6 current size: 3533
[pool-225-thread-7] pick event Id=487, eMBMSSessionId=89 current size: 3532
[pool-225-thread-13] pick event Id=488, eMBMSSessionId=57 current size: 3531
[pool-225-thread-16] pick event Id=489, eMBMSSessionId=1 current size: 3530
[pool-225-thread-14] pick event Id=490, eMBMSSessionId=8 current size: 3529
[pool-225-thread-20] pick event Id=491, eMBMSSessionId=60 current size: 3528
[pool-225-thread-12] pick event Id=492, eMBMSSessionId=65 current size: 3527
[pool-225-thread-5] pick event Id=493, eMBMSSessionId=94 current size: 3526
[pool-225-thread-8] pick event Id=494, eMBMSSessionId=85 current size: 3525
[pool-225-thread-18] pick event Id=495, eMBMSSessionId=26 current size: 3524
[pool-225-thread-9] pick event Id=496, eMBMSSessionId=33 current size: 3523
[pool-225-thread-11] pick event Id=497, eMBMSSessionId=43 current size: 3522
[pool-225-thread-6] pick event Id=498, eMBMSSessionId=48 current size: 3521
[pool-225-thread-10] pick event Id=499, eMBMSSessionId=56 current size: 3520
[pool-225-thread-19] pick event Id=500, eMBMSSessionId=69 current size: 3519
[pool-225-thread-2] pick event Id=501, eMBMSSessionId=88 current size: 3518
[pool-225-thread-4] pick event Id=502, eMBMSSessionId=31 current size: 3517
[pool-225-thread-3] pick event Id=503, eMBMSSessionId=91 current size: 3516
[pool-225-thread-1] pick event Id=504, eMBMSSessionId=57 current size: 3515
[pool-225-thread-17] pick event Id=505, eMBMSSessionId=98 current size: 3514
[pool-225-thread-5] adds event Id=506, eMBMSSessionId=57 current size: 3514
[pool-225-thread-15] pick event Id=507, eMBMSSessionId=85 current size: 3513
[pool-225-thread-7] pick event Id=508, eMBMSSessionId=80 current size: 3512
[pool-225-thread-9] pick event Id=509, eMBMSSessionId=4 current size: 3511
[pool-225-thread-16] pick event Id=510, eMBMSSessionId=89 current size: 3510
[pool-225-thread-10] pick event Id=511, eMBMSSessionId=33 current size: 3509
[pool-225-thread-13] pick event Id=512, eMBMSSessionId=37 current size: 3508
[pool-225-thread-14] pick event Id=513, eMBMSSessionId=65 current size: 3507
[pool-225-thread-20] pick event Id=514, eMBMSSessionId=78 current size: 3506
[pool-225-thread-12] pick event Id=515, eMBMSSessionId=69 current size: 3505
pool-225-thread-1 reduces to 3504
[pool-225-thread-3] adds event Id=516, eMBMSSessionId=4 current size: 3504
[pool-225-thread-8] pick event Id=517, eMBMSSessionId=6 current size: 3503
[pool-225-thread-5] pick event Id=518, eMBMSSessionId=90 current size: 3502
[pool-225-thread-18] pick event Id=519, eMBMSSessionId=86 current size: 3501
testOverload end.
testFull begin.
[pool-226-thread-1] pick event Id=0, eMBMSSessionId=3 current size: 4998
[pool-226-thread-2] pick event Id=1, eMBMSSessionId=97 current size: 4997
[pool-226-thread-5] pick event Id=2, eMBMSSessionId=52 current size: 4996
[pool-226-thread-4] pick event Id=3, eMBMSSessionId=40 current size: 4995
[pool-226-thread-3] pick event Id=4, eMBMSSessionId=10 current size: 4994
[pool-226-thread-6] pick event Id=5, eMBMSSessionId=79 current size: 4993
[pool-226-thread-7] pick event Id=6, eMBMSSessionId=98 current size: 4992
[pool-226-thread-8] pick event Id=7, eMBMSSessionId=5 current size: 4991
[pool-226-thread-9] pick event Id=8, eMBMSSessionId=87 current size: 4990
[pool-226-thread-12] pick event Id=9, eMBMSSessionId=76 current size: 4989
[pool-226-thread-11] pick event Id=10, eMBMSSessionId=27 current size: 4988
[pool-226-thread-10] adds event Id=11, eMBMSSessionId=27 current size: 4988
[pool-226-thread-13] pick event Id=12, eMBMSSessionId=63 current size: 4987
[pool-226-thread-14] pick event Id=13, eMBMSSessionId=74 current size: 4986
[pool-226-thread-16] adds event Id=14, eMBMSSessionId=3 current size: 4986
[pool-226-thread-15] pick event Id=15, eMBMSSessionId=35 current size: 4985
[pool-226-thread-17] pick event Id=16, eMBMSSessionId=80 current size: 4984
[pool-226-thread-18] adds event Id=17, eMBMSSessionId=27 current size: 4984
[pool-226-thread-19] pick event Id=18, eMBMSSessionId=29 current size: 4983
[pool-226-thread-20] pick event Id=19, eMBMSSessionId=95 current size: 4982
[pool-226-thread-18] pick event Id=20, eMBMSSessionId=83 current size: 4981
[pool-226-thread-10] pick event Id=21, eMBMSSessionId=93 current size: 4980
[pool-226-thread-16] pick event Id=22, eMBMSSessionId=43 current size: 4979
event queue is full, will clear all data!
NbiEventCache is cleared with total events removed: 5029
testFull end.
25 times run start
testEventSequence begin.
testEventSequence end.
testSendRadomEmbmsSessionEvents begin.
testSendRadomEmbmsSessionEvents end.
testSendSameEmbmsSessionEvents begin.
testSendSameEmbmsSessionEvents end.
testSendNoSameEmbmsSessionEvents begin.
testSendNoSameEmbmsSessionEvents end.
testSendNoEmbmsSessionIdEvents begin.
testSendNoEmbmsSessionIdEvents end.
testOverload begin.
[pool-234-thread-1] pick event Id=0, eMBMSSessionId=8 current size: 4019
[pool-234-thread-2] pick event Id=1, eMBMSSessionId=33 current size: 4018
[pool-234-thread-3] pick event Id=2, eMBMSSessionId=56 current size: 4017
[pool-234-thread-4] pick event Id=3, eMBMSSessionId=98 current size: 4016
pool-234-thread-1 Discard NBI event &apos; Id=0, eMBMSSessionId=8&apos;, current queue size: 4017
pool-234-thread-3 Discard NBI event &apos; Id=2, eMBMSSessionId=56&apos;, current queue size: 4016
[pool-234-thread-5] pick event Id=4, eMBMSSessionId=36 current size: 4015
pool-234-thread-2 Discard NBI event &apos; Id=1, eMBMSSessionId=33&apos;, current queue size: 4016
[pool-234-thread-6] pick event Id=5, eMBMSSessionId=59 current size: 4014
pool-234-thread-4 Discard NBI event &apos; Id=3, eMBMSSessionId=98&apos;, current queue size: 4014
pool-234-thread-6 Discard NBI event &apos; Id=5, eMBMSSessionId=59&apos;, current queue size: 4014
pool-234-thread-5 Discard NBI event &apos; Id=4, eMBMSSessionId=36&apos;, current queue size: 4014
[pool-234-thread-7] pick event Id=6, eMBMSSessionId=47 current size: 4013
[pool-234-thread-10] pick event Id=7, eMBMSSessionId=79 current size: 4012
pool-234-thread-7 Discard NBI event &apos; Id=6, eMBMSSessionId=47&apos;, current queue size: 4012
[pool-234-thread-8] adds event Id=8, eMBMSSessionId=59 current size: 4012
pool-234-thread-10 Discard NBI event &apos; Id=7, eMBMSSessionId=79&apos;, current queue size: 4012
pool-234-thread-6 reduces to 4011
pool-234-thread-6 Discard NBI event &apos; Id=8, eMBMSSessionId=59&apos;, current queue size: 4011
[pool-234-thread-9] pick event Id=9, eMBMSSessionId=67 current size: 4010
[pool-234-thread-11] pick event Id=10, eMBMSSessionId=63 current size: 4009
pool-234-thread-9 Discard NBI event &apos; Id=9, eMBMSSessionId=67&apos;, current queue size: 4009
[pool-234-thread-12] pick event Id=11, eMBMSSessionId=93 current size: 4008
[pool-234-thread-13] pick event Id=12, eMBMSSessionId=15 current size: 4007
pool-234-thread-12 Discard NBI event &apos; Id=11, eMBMSSessionId=93&apos;, current queue size: 4008
pool-234-thread-11 Discard NBI event &apos; Id=10, eMBMSSessionId=63&apos;, current queue size: 4007
[pool-234-thread-14] pick event Id=13, eMBMSSessionId=92 current size: 4006
[pool-234-thread-15] pick event Id=14, eMBMSSessionId=58 current size: 4005
pool-234-thread-13 Discard NBI event &apos; Id=12, eMBMSSessionId=15&apos;, current queue size: 4006
[pool-234-thread-16] pick event Id=15, eMBMSSessionId=19 current size: 4004
[pool-234-thread-17] pick event Id=16, eMBMSSessionId=70 current size: 4003
pool-234-thread-16 Discard NBI event &apos; Id=15, eMBMSSessionId=19&apos;, current queue size: 4003
pool-234-thread-14 Discard NBI event &apos; Id=13, eMBMSSessionId=92&apos;, current queue size: 4003
[pool-234-thread-18] pick event Id=17, eMBMSSessionId=13 current size: 4002
pool-234-thread-17 Discard NBI event &apos; Id=16, eMBMSSessionId=70&apos;, current queue size: 4002
[pool-234-thread-20] pick event Id=18, eMBMSSessionId=10 current size: 4001
pool-234-thread-15 Discard NBI event &apos; Id=14, eMBMSSessionId=58&apos;, current queue size: 4002
[pool-234-thread-19] pick event Id=19, eMBMSSessionId=37 current size: 4000
pool-234-thread-18 Discard NBI event &apos; Id=17, eMBMSSessionId=13&apos;, current queue size: 4000
[pool-234-thread-3] pick event Id=20, eMBMSSessionId=65 current size: 3999
pool-234-thread-20 Discard NBI event &apos; Id=18, eMBMSSessionId=10&apos;, current queue size: 4000
pool-234-thread-19 Discard NBI event &apos; Id=19, eMBMSSessionId=37&apos;, current queue size: 3999
[pool-234-thread-1] adds event Id=21, eMBMSSessionId=15 current size: 3999
[pool-234-thread-2] pick event Id=22, eMBMSSessionId=21 current size: 3998
[pool-234-thread-8] pick event Id=23, eMBMSSessionId=54 current size: 3997
[pool-234-thread-5] pick event Id=24, eMBMSSessionId=9 current size: 3996
pool-234-thread-13 reduces to 3995
[pool-234-thread-4] pick event Id=25, eMBMSSessionId=3 current size: 3994
[pool-234-thread-7] adds event Id=26, eMBMSSessionId=54 current size: 3994
[pool-234-thread-10] pick event Id=27, eMBMSSessionId=99 current size: 3993
[pool-234-thread-6] pick event Id=28, eMBMSSessionId=38 current size: 3992
[pool-234-thread-12] adds event Id=29, eMBMSSessionId=3 current size: 3992
[pool-234-thread-9] pick event Id=30, eMBMSSessionId=45 current size: 3991
[pool-234-thread-1] pick event Id=31, eMBMSSessionId=37 current size: 3990
[pool-234-thread-11] pick event Id=32, eMBMSSessionId=44 current size: 3989
pool-234-thread-8 reduces to 3988
[pool-234-thread-14] pick event Id=33, eMBMSSessionId=87 current size: 3987
[pool-234-thread-16] pick event Id=34, eMBMSSessionId=19 current size: 3986
pool-234-thread-4 reduces to 3985
[pool-234-thread-7] pick event Id=35, eMBMSSessionId=69 current size: 3984
[pool-234-thread-15] pick event Id=36, eMBMSSessionId=39 current size: 3983
[pool-234-thread-17] pick event Id=37, eMBMSSessionId=92 current size: 3982
[pool-234-thread-18] adds event Id=38, eMBMSSessionId=87 current size: 3982
[pool-234-thread-12] pick event Id=39, eMBMSSessionId=91 current size: 3981
[pool-234-thread-3] pick event Id=40, eMBMSSessionId=72 current size: 3980
[pool-234-thread-20] pick event Id=41, eMBMSSessionId=33 current size: 3979
[pool-234-thread-9] pick event Id=42, eMBMSSessionId=78 current size: 3978
[pool-234-thread-19] adds event Id=43, eMBMSSessionId=37 current size: 3978
[pool-234-thread-2] pick event Id=44, eMBMSSessionId=69 current size: 3977
[pool-234-thread-5] pick event Id=45, eMBMSSessionId=6 current size: 3976
pool-234-thread-1 reduces to 3975
pool-234-thread-14 reduces to 3974
[pool-234-thread-11] pick event Id=46, eMBMSSessionId=30 current size: 3973
[pool-234-thread-13] pick event Id=47, eMBMSSessionId=82 current size: 3972
[pool-234-thread-10] pick event Id=48, eMBMSSessionId=47 current size: 3971
[pool-234-thread-18] pick event Id=49, eMBMSSessionId=14 current size: 3970
[pool-234-thread-7] pick event Id=50, eMBMSSessionId=59 current size: 3969
[pool-234-thread-6] pick event Id=51, eMBMSSessionId=15 current size: 3968
[pool-234-thread-20] pick event Id=52, eMBMSSessionId=10 current size: 3967
[pool-234-thread-19] pick event Id=53, eMBMSSessionId=64 current size: 3966
[pool-234-thread-9] pick event Id=54, eMBMSSessionId=43 current size: 3965
[pool-234-thread-8] pick event Id=55, eMBMSSessionId=8 current size: 3964
[pool-234-thread-14] pick event Id=56, eMBMSSessionId=55 current size: 3963
[pool-234-thread-16] pick event Id=57, eMBMSSessionId=82 current size: 3962
[pool-234-thread-13] pick event Id=58, eMBMSSessionId=94 current size: 3961
[pool-234-thread-4] pick event Id=59, eMBMSSessionId=16 current size: 3960
[pool-234-thread-17] adds event Id=60, eMBMSSessionId=55 current size: 3960
[pool-234-thread-15] pick event Id=61, eMBMSSessionId=39 current size: 3959
[pool-234-thread-12] adds event Id=62, eMBMSSessionId=94 current size: 3959
[pool-234-thread-3] pick event Id=63, eMBMSSessionId=40 current size: 3958
[pool-234-thread-6] adds event Id=64, eMBMSSessionId=94 current size: 3958
[pool-234-thread-2] pick event Id=65, eMBMSSessionId=60 current size: 3957
[pool-234-thread-5] pick event Id=66, eMBMSSessionId=41 current size: 3956
[pool-234-thread-1] pick event Id=67, eMBMSSessionId=35 current size: 3955
[pool-234-thread-11] pick event Id=68, eMBMSSessionId=0 current size: 3954
pool-234-thread-14 reduces to 3953
[pool-234-thread-16] pick event Id=69, eMBMSSessionId=70 current size: 3952
pool-234-thread-13 reduces to 3951
[pool-234-thread-17] pick event Id=70, eMBMSSessionId=75 current size: 3950
[pool-234-thread-10] pick event Id=71, eMBMSSessionId=25 current size: 3949
[pool-234-thread-12] adds event Id=72, eMBMSSessionId=35 current size: 3949
[pool-234-thread-18] pick event Id=73, eMBMSSessionId=38 current size: 3948
[pool-234-thread-6] adds event Id=74, eMBMSSessionId=60 current size: 3948
[pool-234-thread-6] pick event Id=75, eMBMSSessionId=76 current size: 3947
[pool-234-thread-7] pick event Id=76, eMBMSSessionId=63 current size: 3946
[pool-234-thread-20] pick event Id=77, eMBMSSessionId=65 current size: 3945
[pool-234-thread-19] pick event Id=78, eMBMSSessionId=42 current size: 3944
[pool-234-thread-9] adds event Id=79, eMBMSSessionId=35 current size: 3944
pool-234-thread-2 reduces to 3943
[pool-234-thread-8] pick event Id=80, eMBMSSessionId=71 current size: 3942
pool-234-thread-1 reduces to 3941
pool-234-thread-13 reduces to 3940
[pool-234-thread-4] pick event Id=81, eMBMSSessionId=11 current size: 3939
[pool-234-thread-12] pick event Id=82, eMBMSSessionId=36 current size: 3938
[pool-234-thread-15] pick event Id=83, eMBMSSessionId=37 current size: 3937
[pool-234-thread-3] pick event Id=84, eMBMSSessionId=88 current size: 3936
[pool-234-thread-7] adds event Id=85, eMBMSSessionId=36 current size: 3936
[pool-234-thread-9] pick event Id=86, eMBMSSessionId=41 current size: 3935
[pool-234-thread-5] pick event Id=87, eMBMSSessionId=14 current size: 3934
[pool-234-thread-11] pick event Id=88, eMBMSSessionId=81 current size: 3933
[pool-234-thread-8] pick event Id=89, eMBMSSessionId=87 current size: 3932
pool-234-thread-1 reduces to 3931
[pool-234-thread-14] pick event Id=90, eMBMSSessionId=20 current size: 3930
[pool-234-thread-13] pick event Id=91, eMBMSSessionId=67 current size: 3929
[pool-234-thread-16] pick event Id=92, eMBMSSessionId=97 current size: 3928
[pool-234-thread-17] pick event Id=93, eMBMSSessionId=75 current size: 3927
[pool-234-thread-10] pick event Id=94, eMBMSSessionId=42 current size: 3926
pool-234-thread-12 reduces to 3925
[pool-234-thread-6] pick event Id=95, eMBMSSessionId=23 current size: 3924
[pool-234-thread-15] pick event Id=96, eMBMSSessionId=18 current size: 3923
[pool-234-thread-18] pick event Id=97, eMBMSSessionId=70 current size: 3922
[pool-234-thread-7] adds event Id=98, eMBMSSessionId=23 current size: 3922
[pool-234-thread-20] pick event Id=99, eMBMSSessionId=79 current size: 3921
[pool-234-thread-3] pick event Id=100, eMBMSSessionId=19 current size: 3920
[pool-234-thread-19] pick event Id=101, eMBMSSessionId=64 current size: 3919
[pool-234-thread-2] adds event Id=102, eMBMSSessionId=42 current size: 3919
[pool-234-thread-4] pick event Id=103, eMBMSSessionId=51 current size: 3918
[pool-234-thread-14] pick event Id=104, eMBMSSessionId=21 current size: 3917
[pool-234-thread-1] pick event Id=105, eMBMSSessionId=90 current size: 3916
[pool-234-thread-16] pick event Id=106, eMBMSSessionId=63 current size: 3915
[pool-234-thread-4] pick event Id=107, eMBMSSessionId=99 current size: 3914
pool-234-thread-10 reduces to 3913
pool-234-thread-6 reduces to 3912
[pool-234-thread-17] pick event Id=108, eMBMSSessionId=83 current size: 3911
[pool-234-thread-13] pick event Id=109, eMBMSSessionId=26 current size: 3910
[pool-234-thread-7] pick event Id=110, eMBMSSessionId=31 current size: 3909
[pool-234-thread-2] pick event Id=111, eMBMSSessionId=37 current size: 3908
[pool-234-thread-11] pick event Id=112, eMBMSSessionId=60 current size: 3907
[pool-234-thread-9] pick event Id=113, eMBMSSessionId=64 current size: 3906
[pool-234-thread-5] pick event Id=114, eMBMSSessionId=30 current size: 3905
[pool-234-thread-8] pick event Id=115, eMBMSSessionId=8 current size: 3904
[pool-234-thread-15] pick event Id=116, eMBMSSessionId=6 current size: 3903
[pool-234-thread-12] pick event Id=117, eMBMSSessionId=10 current size: 3902
[pool-234-thread-3] pick event Id=118, eMBMSSessionId=74 current size: 3901
[pool-234-thread-18] pick event Id=119, eMBMSSessionId=94 current size: 3900
[pool-234-thread-20] adds event Id=120, eMBMSSessionId=60 current size: 3900
[pool-234-thread-19] pick event Id=121, eMBMSSessionId=76 current size: 3899
pool-234-thread-11 reduces to 3898
[pool-234-thread-14] pick event Id=122, eMBMSSessionId=68 current size: 3897
[pool-234-thread-4] pick event Id=123, eMBMSSessionId=67 current size: 3896
[pool-234-thread-10] pick event Id=124, eMBMSSessionId=81 current size: 3895
[pool-234-thread-1] pick event Id=125, eMBMSSessionId=22 current size: 3894
[pool-234-thread-16] pick event Id=126, eMBMSSessionId=92 current size: 3893
[pool-234-thread-17] pick event Id=127, eMBMSSessionId=10 current size: 3892
[pool-234-thread-6] pick event Id=128, eMBMSSessionId=72 current size: 3891
[pool-234-thread-3] pick event Id=129, eMBMSSessionId=27 current size: 3890
[pool-234-thread-20] pick event Id=130, eMBMSSessionId=3 current size: 3889
[pool-234-thread-13] pick event Id=131, eMBMSSessionId=58 current size: 3888
[pool-234-thread-2] pick event Id=132, eMBMSSessionId=9 current size: 3887
[pool-234-thread-7] pick event Id=133, eMBMSSessionId=52 current size: 3886
[pool-234-thread-9] pick event Id=134, eMBMSSessionId=85 current size: 3885
[pool-234-thread-19] pick event Id=135, eMBMSSessionId=2 current size: 3884
[pool-234-thread-5] pick event Id=136, eMBMSSessionId=34 current size: 3883
[pool-234-thread-8] pick event Id=137, eMBMSSessionId=18 current size: 3882
[pool-234-thread-15] pick event Id=138, eMBMSSessionId=77 current size: 3881
[pool-234-thread-12] pick event Id=139, eMBMSSessionId=21 current size: 3880
[pool-234-thread-18] pick event Id=140, eMBMSSessionId=19 current size: 3879
[pool-234-thread-11] pick event Id=141, eMBMSSessionId=32 current size: 3878
[pool-234-thread-14] pick event Id=142, eMBMSSessionId=28 current size: 3877
[pool-234-thread-10] pick event Id=143, eMBMSSessionId=82 current size: 3876
[pool-234-thread-4] pick event Id=144, eMBMSSessionId=48 current size: 3875
[pool-234-thread-1] pick event Id=145, eMBMSSessionId=58 current size: 3874
[pool-234-thread-16] pick event Id=146, eMBMSSessionId=5 current size: 3873
[pool-234-thread-17] pick event Id=147, eMBMSSessionId=67 current size: 3872
[pool-234-thread-6] pick event Id=148, eMBMSSessionId=20 current size: 3871
[pool-234-thread-3] pick event Id=149, eMBMSSessionId=11 current size: 3870
[pool-234-thread-20] pick event Id=150, eMBMSSessionId=64 current size: 3869
[pool-234-thread-2] pick event Id=151, eMBMSSessionId=77 current size: 3868
[pool-234-thread-13] pick event Id=152, eMBMSSessionId=47 current size: 3867
[pool-234-thread-7] pick event Id=153, eMBMSSessionId=10 current size: 3866
[pool-234-thread-9] pick event Id=154, eMBMSSessionId=6 current size: 3865
[pool-234-thread-19] pick event Id=155, eMBMSSessionId=96 current size: 3864
[pool-234-thread-5] pick event Id=156, eMBMSSessionId=34 current size: 3863
[pool-234-thread-8] pick event Id=157, eMBMSSessionId=93 current size: 3862
[pool-234-thread-14] pick event Id=158, eMBMSSessionId=41 current size: 3861
[pool-234-thread-5] pick event Id=159, eMBMSSessionId=81 current size: 3860
[pool-234-thread-15] pick event Id=160, eMBMSSessionId=99 current size: 3859
[pool-234-thread-12] pick event Id=161, eMBMSSessionId=18 current size: 3858
[pool-234-thread-4] pick event Id=162, eMBMSSessionId=70 current size: 3857
[pool-234-thread-16] pick event Id=163, eMBMSSessionId=86 current size: 3856
[pool-234-thread-18] pick event Id=164, eMBMSSessionId=45 current size: 3855
[pool-234-thread-2] pick event Id=165, eMBMSSessionId=35 current size: 3854
[pool-234-thread-11] pick event Id=166, eMBMSSessionId=19 current size: 3853
[pool-234-thread-10] pick event Id=167, eMBMSSessionId=34 current size: 3852
[pool-234-thread-1] pick event Id=168, eMBMSSessionId=29 current size: 3851
[pool-234-thread-17] pick event Id=169, eMBMSSessionId=52 current size: 3850
[pool-234-thread-6] pick event Id=170, eMBMSSessionId=92 current size: 3849
[pool-234-thread-3] adds event Id=171, eMBMSSessionId=86 current size: 3849
[pool-234-thread-20] pick event Id=172, eMBMSSessionId=38 current size: 3848
pool-234-thread-16 reduces to 3847
[pool-234-thread-9] pick event Id=173, eMBMSSessionId=9 current size: 3846
[pool-234-thread-13] pick event Id=174, eMBMSSessionId=65 current size: 3845
[pool-234-thread-19] pick event Id=175, eMBMSSessionId=56 current size: 3844
[pool-234-thread-7] adds event Id=176, eMBMSSessionId=56 current size: 3844
[pool-234-thread-8] pick event Id=177, eMBMSSessionId=3 current size: 3843
[pool-234-thread-14] pick event Id=178, eMBMSSessionId=6 current size: 3842
[pool-234-thread-5] pick event Id=179, eMBMSSessionId=26 current size: 3841
[pool-234-thread-15] pick event Id=180, eMBMSSessionId=19 current size: 3840
[pool-234-thread-12] pick event Id=181, eMBMSSessionId=31 current size: 3839
[pool-234-thread-3] pick event Id=182, eMBMSSessionId=51 current size: 3838
[pool-234-thread-4] pick event Id=183, eMBMSSessionId=43 current size: 3837
[pool-234-thread-18] pick event Id=184, eMBMSSessionId=52 current size: 3836
[pool-234-thread-2] pick event Id=185, eMBMSSessionId=94 current size: 3835
[pool-234-thread-7] pick event Id=186, eMBMSSessionId=87 current size: 3834
pool-234-thread-19 reduces to 3833
[pool-234-thread-11] pick event Id=187, eMBMSSessionId=35 current size: 3832
[pool-234-thread-10] pick event Id=188, eMBMSSessionId=61 current size: 3831
[pool-234-thread-1] pick event Id=189, eMBMSSessionId=99 current size: 3830
[pool-234-thread-17] pick event Id=190, eMBMSSessionId=9 current size: 3829
[pool-234-thread-6] pick event Id=191, eMBMSSessionId=68 current size: 3828
[pool-234-thread-20] pick event Id=192, eMBMSSessionId=69 current size: 3827
[pool-234-thread-16] pick event Id=193, eMBMSSessionId=51 current size: 3826
[pool-234-thread-9] pick event Id=194, eMBMSSessionId=36 current size: 3825
[pool-234-thread-13] pick event Id=195, eMBMSSessionId=22 current size: 3824
[pool-234-thread-8] pick event Id=196, eMBMSSessionId=75 current size: 3823
[pool-234-thread-14] pick event Id=197, eMBMSSessionId=96 current size: 3822
[pool-234-thread-5] pick event Id=198, eMBMSSessionId=5 current size: 3821
[pool-234-thread-15] pick event Id=199, eMBMSSessionId=39 current size: 3820
[pool-234-thread-12] pick event Id=200, eMBMSSessionId=72 current size: 3819
[pool-234-thread-3] pick event Id=201, eMBMSSessionId=14 current size: 3818
[pool-234-thread-4] pick event Id=202, eMBMSSessionId=87 current size: 3817
[pool-234-thread-18] pick event Id=203, eMBMSSessionId=7 current size: 3816
[pool-234-thread-2] pick event Id=204, eMBMSSessionId=65 current size: 3815
[pool-234-thread-19] pick event Id=205, eMBMSSessionId=62 current size: 3814
[pool-234-thread-8] pick event Id=206, eMBMSSessionId=32 current size: 3813
[pool-234-thread-13] pick event Id=207, eMBMSSessionId=12 current size: 3812
[pool-234-thread-7] adds event Id=208, eMBMSSessionId=87 current size: 3812
[pool-234-thread-11] pick event Id=209, eMBMSSessionId=73 current size: 3811
[pool-234-thread-1] pick event Id=210, eMBMSSessionId=35 current size: 3810
[pool-234-thread-10] pick event Id=211, eMBMSSessionId=34 current size: 3809
[pool-234-thread-17] pick event Id=212, eMBMSSessionId=70 current size: 3808
[pool-234-thread-6] pick event Id=213, eMBMSSessionId=89 current size: 3807
[pool-234-thread-16] pick event Id=214, eMBMSSessionId=40 current size: 3806
pool-234-thread-4 reduces to 3805
[pool-234-thread-20] pick event Id=215, eMBMSSessionId=48 current size: 3804
[pool-234-thread-9] pick event Id=216, eMBMSSessionId=25 current size: 3803
[pool-234-thread-14] pick event Id=217, eMBMSSessionId=43 current size: 3802
[pool-234-thread-7] pick event Id=218, eMBMSSessionId=37 current size: 3801
[pool-234-thread-5] adds event Id=219, eMBMSSessionId=87 current size: 3801
[pool-234-thread-15] pick event Id=220, eMBMSSessionId=76 current size: 3800
[pool-234-thread-3] pick event Id=221, eMBMSSessionId=81 current size: 3799
[pool-234-thread-12] adds event Id=222, eMBMSSessionId=87 current size: 3799
pool-234-thread-4 reduces to 3798
[pool-234-thread-18] pick event Id=223, eMBMSSessionId=71 current size: 3797
[pool-234-thread-2] pick event Id=224, eMBMSSessionId=80 current size: 3796
[pool-234-thread-19] pick event Id=225, eMBMSSessionId=30 current size: 3795
[pool-234-thread-13] pick event Id=226, eMBMSSessionId=38 current size: 3794
[pool-234-thread-8] pick event Id=227, eMBMSSessionId=27 current size: 3793
[pool-234-thread-10] adds event Id=228, eMBMSSessionId=80 current size: 3793
[pool-234-thread-1] pick event Id=229, eMBMSSessionId=89 current size: 3792
[pool-234-thread-11] pick event Id=230, eMBMSSessionId=50 current size: 3791
[pool-234-thread-5] pick event Id=231, eMBMSSessionId=13 current size: 3790
[pool-234-thread-17] pick event Id=232, eMBMSSessionId=65 current size: 3789
[pool-234-thread-12] pick event Id=233, eMBMSSessionId=11 current size: 3788
[pool-234-thread-6] pick event Id=234, eMBMSSessionId=93 current size: 3787
[pool-234-thread-16] pick event Id=235, eMBMSSessionId=4 current size: 3786
[pool-234-thread-20] pick event Id=236, eMBMSSessionId=91 current size: 3785
pool-234-thread-4 reduces to 3784
[pool-234-thread-9] pick event Id=237, eMBMSSessionId=10 current size: 3783
pool-234-thread-2 reduces to 3782
[pool-234-thread-14] pick event Id=238, eMBMSSessionId=94 current size: 3781
[pool-234-thread-10] pick event Id=239, eMBMSSessionId=95 current size: 3780
[pool-234-thread-7] pick event Id=240, eMBMSSessionId=55 current size: 3779
[pool-234-thread-3] pick event Id=241, eMBMSSessionId=26 current size: 3778
[pool-234-thread-15] pick event Id=242, eMBMSSessionId=61 current size: 3777
[pool-234-thread-18] pick event Id=243, eMBMSSessionId=59 current size: 3776
[pool-234-thread-13] pick event Id=244, eMBMSSessionId=29 current size: 3775
[pool-234-thread-19] pick event Id=245, eMBMSSessionId=42 current size: 3774
[pool-234-thread-8] pick event Id=246, eMBMSSessionId=75 current size: 3773
[pool-234-thread-1] pick event Id=247, eMBMSSessionId=52 current size: 3772
[pool-234-thread-11] pick event Id=248, eMBMSSessionId=19 current size: 3771
[pool-234-thread-11] adds event Id=249, eMBMSSessionId=29 current size: 3771
[pool-234-thread-11] pick event Id=250, eMBMSSessionId=97 current size: 3770
[pool-234-thread-11] pick event Id=251, eMBMSSessionId=21 current size: 3769
[pool-234-thread-11] pick event Id=252, eMBMSSessionId=45 current size: 3768
[pool-234-thread-11] pick event Id=253, eMBMSSessionId=27 current size: 3767
[pool-234-thread-11] pick event Id=254, eMBMSSessionId=15 current size: 3766
[pool-234-thread-11] pick event Id=255, eMBMSSessionId=34 current size: 3765
[pool-234-thread-11] pick event Id=256, eMBMSSessionId=89 current size: 3764
[pool-234-thread-11] pick event Id=257, eMBMSSessionId=36 current size: 3763
[pool-234-thread-11] pick event Id=258, eMBMSSessionId=58 current size: 3762
[pool-234-thread-10] pick event Id=259, eMBMSSessionId=31 current size: 3761
[pool-234-thread-5] pick event Id=260, eMBMSSessionId=38 current size: 3760
[pool-234-thread-17] pick event Id=261, eMBMSSessionId=15 current size: 3759
[pool-234-thread-12] pick event Id=262, eMBMSSessionId=87 current size: 3758
[pool-234-thread-3] pick event Id=263, eMBMSSessionId=80 current size: 3757
[pool-234-thread-6] pick event Id=264, eMBMSSessionId=85 current size: 3756
[pool-234-thread-4] pick event Id=265, eMBMSSessionId=23 current size: 3755
[pool-234-thread-16] pick event Id=266, eMBMSSessionId=0 current size: 3754
[pool-234-thread-20] pick event Id=267, eMBMSSessionId=24 current size: 3753
[pool-234-thread-2] adds event Id=268, eMBMSSessionId=52 current size: 3753
[pool-234-thread-2] pick event Id=269, eMBMSSessionId=63 current size: 3752
[pool-234-thread-9] adds event Id=270, eMBMSSessionId=58 current size: 3752
[pool-234-thread-9] adds event Id=271, eMBMSSessionId=23 current size: 3752
pool-234-thread-13 reduces to 3751
[pool-234-thread-14] pick event Id=272, eMBMSSessionId=54 current size: 3750
[pool-234-thread-19] pick event Id=273, eMBMSSessionId=64 current size: 3749
[pool-234-thread-7] pick event Id=274, eMBMSSessionId=17 current size: 3748
pool-234-thread-11 reduces to 3747
pool-234-thread-1 reduces to 3746
[pool-234-thread-5] pick event Id=275, eMBMSSessionId=56 current size: 3745
[pool-234-thread-5] pick event Id=276, eMBMSSessionId=93 current size: 3744
[pool-234-thread-5] pick event Id=277, eMBMSSessionId=50 current size: 3743
[pool-234-thread-5] pick event Id=278, eMBMSSessionId=59 current size: 3742
[pool-234-thread-5] pick event Id=279, eMBMSSessionId=75 current size: 3741
[pool-234-thread-5] pick event Id=280, eMBMSSessionId=2 current size: 3740
[pool-234-thread-15] pick event Id=281, eMBMSSessionId=16 current size: 3739
[pool-234-thread-3] pick event Id=282, eMBMSSessionId=99 current size: 3738
pool-234-thread-4 reduces to 3737
[pool-234-thread-2] pick event Id=283, eMBMSSessionId=48 current size: 3736
[pool-234-thread-9] pick event Id=284, eMBMSSessionId=11 current size: 3735
[pool-234-thread-18] adds event Id=285, eMBMSSessionId=52 current size: 3735
[pool-234-thread-13] pick event Id=286, eMBMSSessionId=62 current size: 3734
[pool-234-thread-8] pick event Id=287, eMBMSSessionId=4 current size: 3733
[pool-234-thread-5] pick event Id=288, eMBMSSessionId=19 current size: 3732
[pool-234-thread-7] adds event Id=289, eMBMSSessionId=99 current size: 3732
[pool-234-thread-10] pick event Id=290, eMBMSSessionId=6 current size: 3731
pool-234-thread-1 reduces to 3730
[pool-234-thread-17] pick event Id=291, eMBMSSessionId=50 current size: 3729
[pool-234-thread-12] pick event Id=292, eMBMSSessionId=88 current size: 3728
[pool-234-thread-6] pick event Id=293, eMBMSSessionId=97 current size: 3727
[pool-234-thread-15] pick event Id=294, eMBMSSessionId=67 current size: 3726
[pool-234-thread-4] pick event Id=295, eMBMSSessionId=47 current size: 3725
[pool-234-thread-20] adds event Id=296, eMBMSSessionId=19 current size: 3725
[pool-234-thread-20] pick event Id=297, eMBMSSessionId=58 current size: 3724
[pool-234-thread-16] pick event Id=298, eMBMSSessionId=55 current size: 3723
pool-234-thread-3 reduces to 3722
[pool-234-thread-2] adds event Id=299, eMBMSSessionId=19 current size: 3722
[pool-234-thread-2] pick event Id=300, eMBMSSessionId=16 current size: 3721
[pool-234-thread-2] pick event Id=301, eMBMSSessionId=98 current size: 3720
[pool-234-thread-2] pick event Id=302, eMBMSSessionId=98 current size: 3719
[pool-234-thread-2] pick event Id=303, eMBMSSessionId=89 current size: 3718
[pool-234-thread-2] pick event Id=304, eMBMSSessionId=81 current size: 3717
[pool-234-thread-2] pick event Id=305, eMBMSSessionId=59 current size: 3716
[pool-234-thread-2] pick event Id=306, eMBMSSessionId=25 current size: 3715
[pool-234-thread-18] pick event Id=307, eMBMSSessionId=89 current size: 3714
[pool-234-thread-2] pick event Id=308, eMBMSSessionId=68 current size: 3713
[pool-234-thread-19] pick event Id=309, eMBMSSessionId=44 current size: 3712
[pool-234-thread-11] pick event Id=310, eMBMSSessionId=96 current size: 3711
[pool-234-thread-8] adds event Id=311, eMBMSSessionId=44 current size: 3711
pool-234-thread-5 reduces to 3710
[pool-234-thread-13] pick event Id=312, eMBMSSessionId=69 current size: 3709
[pool-234-thread-14] pick event Id=313, eMBMSSessionId=24 current size: 3708
[pool-234-thread-7] pick event Id=314, eMBMSSessionId=12 current size: 3707
[pool-234-thread-10] pick event Id=315, eMBMSSessionId=72 current size: 3706
[pool-234-thread-10] adds event Id=316, eMBMSSessionId=47 current size: 3706
[pool-234-thread-10] pick event Id=317, eMBMSSessionId=29 current size: 3705
[pool-234-thread-17] pick event Id=318, eMBMSSessionId=36 current size: 3704
[pool-234-thread-15] pick event Id=319, eMBMSSessionId=63 current size: 3703
[pool-234-thread-6] pick event Id=320, eMBMSSessionId=92 current size: 3702
[pool-234-thread-12] pick event Id=321, eMBMSSessionId=25 current size: 3701
[pool-234-thread-17] pick event Id=322, eMBMSSessionId=40 current size: 3700
[pool-234-thread-17] pick event Id=323, eMBMSSessionId=27 current size: 3699
[pool-234-thread-17] pick event Id=324, eMBMSSessionId=7 current size: 3698
[pool-234-thread-17] pick event Id=325, eMBMSSessionId=21 current size: 3697
[pool-234-thread-17] pick event Id=326, eMBMSSessionId=83 current size: 3696
[pool-234-thread-17] pick event Id=327, eMBMSSessionId=40 current size: 3695
[pool-234-thread-17] pick event Id=328, eMBMSSessionId=5 current size: 3694
pool-234-thread-4 reduces to 3693
[pool-234-thread-16] pick event Id=329, eMBMSSessionId=45 current size: 3692
[pool-234-thread-9] pick event Id=330, eMBMSSessionId=86 current size: 3691
[pool-234-thread-18] adds event Id=331, eMBMSSessionId=45 current size: 3691
[pool-234-thread-18] pick event Id=332, eMBMSSessionId=88 current size: 3690
[pool-234-thread-8] pick event Id=333, eMBMSSessionId=22 current size: 3689
pool-234-thread-19 reduces to 3688
pool-234-thread-5 reduces to 3687
[pool-234-thread-11] pick event Id=334, eMBMSSessionId=34 current size: 3686
[pool-234-thread-1] pick event Id=335, eMBMSSessionId=97 current size: 3685
[pool-234-thread-13] pick event Id=336, eMBMSSessionId=16 current size: 3684
pool-234-thread-16 reduces to 3683
[pool-234-thread-2] pick event Id=337, eMBMSSessionId=41 current size: 3682
[pool-234-thread-3] pick event Id=338, eMBMSSessionId=67 current size: 3681
[pool-234-thread-20] pick event Id=339, eMBMSSessionId=50 current size: 3680
[pool-234-thread-14] pick event Id=340, eMBMSSessionId=4 current size: 3679
[pool-234-thread-10] pick event Id=341, eMBMSSessionId=77 current size: 3678
[pool-234-thread-7] pick event Id=342, eMBMSSessionId=99 current size: 3677
[pool-234-thread-17] adds event Id=343, eMBMSSessionId=77 current size: 3677
[pool-234-thread-6] pick event Id=344, eMBMSSessionId=38 current size: 3676
[pool-234-thread-15] pick event Id=345, eMBMSSessionId=22 current size: 3675
[pool-234-thread-4] pick event Id=346, eMBMSSessionId=58 current size: 3674
[pool-234-thread-12] pick event Id=347, eMBMSSessionId=82 current size: 3673
[pool-234-thread-9] pick event Id=348, eMBMSSessionId=11 current size: 3672
[pool-234-thread-18] pick event Id=349, eMBMSSessionId=94 current size: 3671
[pool-234-thread-19] adds event Id=350, eMBMSSessionId=4 current size: 3671
[pool-234-thread-19] pick event Id=351, eMBMSSessionId=1 current size: 3670
[pool-234-thread-8] adds event Id=352, eMBMSSessionId=82 current size: 3670
[pool-234-thread-1] pick event Id=353, eMBMSSessionId=5 current size: 3669
[pool-234-thread-5] pick event Id=354, eMBMSSessionId=37 current size: 3668
[pool-234-thread-11] pick event Id=355, eMBMSSessionId=70 current size: 3667
[pool-234-thread-13] pick event Id=356, eMBMSSessionId=25 current size: 3666
pool-234-thread-14 reduces to 3665
[pool-234-thread-17] pick event Id=357, eMBMSSessionId=32 current size: 3664
pool-234-thread-10 reduces to 3663
[pool-234-thread-16] pick event Id=358, eMBMSSessionId=74 current size: 3662
pool-234-thread-12 reduces to 3661
[pool-234-thread-2] pick event Id=359, eMBMSSessionId=9 current size: 3660
[pool-234-thread-3] pick event Id=360, eMBMSSessionId=33 current size: 3659
[pool-234-thread-20] pick event Id=361, eMBMSSessionId=30 current size: 3658
[pool-234-thread-8] adds event Id=362, eMBMSSessionId=5 current size: 3658
pool-234-thread-1 reduces to 3657
[pool-234-thread-7] pick event Id=363, eMBMSSessionId=75 current size: 3656
[pool-234-thread-4] pick event Id=364, eMBMSSessionId=2 current size: 3655
[pool-234-thread-14] pick event Id=365, eMBMSSessionId=84 current size: 3654
[pool-234-thread-15] pick event Id=366, eMBMSSessionId=63 current size: 3653
[pool-234-thread-6] pick event Id=367, eMBMSSessionId=27 current size: 3652
[pool-234-thread-9] pick event Id=368, eMBMSSessionId=70 current size: 3651
[pool-234-thread-18] pick event Id=369, eMBMSSessionId=87 current size: 3650
[pool-234-thread-8] pick event Id=370, eMBMSSessionId=13 current size: 3649
[pool-234-thread-19] pick event Id=371, eMBMSSessionId=24 current size: 3648
[pool-234-thread-5] adds event Id=372, eMBMSSessionId=13 current size: 3648
[pool-234-thread-11] pick event Id=373, eMBMSSessionId=45 current size: 3647
[pool-234-thread-20] pick event Id=374, eMBMSSessionId=80 current size: 3646
[pool-234-thread-13] pick event Id=375, eMBMSSessionId=64 current size: 3645
[pool-234-thread-1] pick event Id=376, eMBMSSessionId=99 current size: 3644
[pool-234-thread-10] pick event Id=377, eMBMSSessionId=0 current size: 3643
[pool-234-thread-4] pick event Id=378, eMBMSSessionId=98 current size: 3642
[pool-234-thread-17] pick event Id=379, eMBMSSessionId=57 current size: 3641
[pool-234-thread-16] pick event Id=380, eMBMSSessionId=1 current size: 3640
[pool-234-thread-12] pick event Id=381, eMBMSSessionId=67 current size: 3639
[pool-234-thread-3] pick event Id=382, eMBMSSessionId=79 current size: 3638
[pool-234-thread-2] pick event Id=383, eMBMSSessionId=95 current size: 3637
pool-234-thread-8 reduces to 3636
[pool-234-thread-5] adds event Id=384, eMBMSSessionId=98 current size: 3636
[pool-234-thread-7] pick event Id=385, eMBMSSessionId=83 current size: 3635
[pool-234-thread-14] pick event Id=386, eMBMSSessionId=54 current size: 3634
[pool-234-thread-15] pick event Id=387, eMBMSSessionId=64 current size: 3633
pool-234-thread-4 reduces to 3632
[pool-234-thread-6] adds event Id=388, eMBMSSessionId=13 current size: 3632
[pool-234-thread-9] adds event Id=389, eMBMSSessionId=13 current size: 3632
[pool-234-thread-17] pick event Id=390, eMBMSSessionId=29 current size: 3631
[pool-234-thread-18] pick event Id=391, eMBMSSessionId=68 current size: 3630
[pool-234-thread-5] pick event Id=392, eMBMSSessionId=12 current size: 3629
[pool-234-thread-19] pick event Id=393, eMBMSSessionId=47 current size: 3628
[pool-234-thread-11] pick event Id=394, eMBMSSessionId=16 current size: 3627
pool-234-thread-8 reduces to 3626
[pool-234-thread-20] pick event Id=395, eMBMSSessionId=85 current size: 3625
[pool-234-thread-13] pick event Id=396, eMBMSSessionId=1 current size: 3624
[pool-234-thread-1] pick event Id=397, eMBMSSessionId=76 current size: 3623
[pool-234-thread-10] pick event Id=398, eMBMSSessionId=4 current size: 3622
[pool-234-thread-6] pick event Id=399, eMBMSSessionId=94 current size: 3621
[pool-234-thread-15] pick event Id=400, eMBMSSessionId=97 current size: 3620
[pool-234-thread-9] pick event Id=401, eMBMSSessionId=26 current size: 3619
[pool-234-thread-12] pick event Id=402, eMBMSSessionId=61 current size: 3618
[pool-234-thread-16] pick event Id=403, eMBMSSessionId=3 current size: 3617
[pool-234-thread-3] pick event Id=404, eMBMSSessionId=69 current size: 3616
[pool-234-thread-2] pick event Id=405, eMBMSSessionId=35 current size: 3615
pool-234-thread-8 reduces to 3614
[pool-234-thread-7] pick event Id=406, eMBMSSessionId=46 current size: 3613
[pool-234-thread-14] pick event Id=407, eMBMSSessionId=18 current size: 3612
[pool-234-thread-4] pick event Id=408, eMBMSSessionId=49 current size: 3611
[pool-234-thread-6] pick event Id=409, eMBMSSessionId=92 current size: 3610
[pool-234-thread-17] adds event Id=410, eMBMSSessionId=13 current size: 3610
[pool-234-thread-12] pick event Id=411, eMBMSSessionId=14 current size: 3609
[pool-234-thread-18] pick event Id=412, eMBMSSessionId=53 current size: 3608
[pool-234-thread-5] pick event Id=413, eMBMSSessionId=31 current size: 3607
[pool-234-thread-16] pick event Id=414, eMBMSSessionId=84 current size: 3606
[pool-234-thread-19] pick event Id=415, eMBMSSessionId=34 current size: 3605
[pool-234-thread-11] pick event Id=416, eMBMSSessionId=91 current size: 3604
[pool-234-thread-20] pick event Id=417, eMBMSSessionId=19 current size: 3603
[pool-234-thread-13] pick event Id=418, eMBMSSessionId=89 current size: 3602
pool-234-thread-8 reduces to 3601
[pool-234-thread-1] pick event Id=419, eMBMSSessionId=36 current size: 3600
[pool-234-thread-10] pick event Id=420, eMBMSSessionId=3 current size: 3599
[pool-234-thread-15] pick event Id=421, eMBMSSessionId=42 current size: 3598
[pool-234-thread-9] pick event Id=422, eMBMSSessionId=48 current size: 3597
[pool-234-thread-17] adds event Id=423, eMBMSSessionId=91 current size: 3597
[pool-234-thread-2] pick event Id=424, eMBMSSessionId=70 current size: 3596
[pool-234-thread-3] pick event Id=425, eMBMSSessionId=55 current size: 3595
pool-234-thread-11 reduces to 3594
[pool-234-thread-7] pick event Id=426, eMBMSSessionId=98 current size: 3593
[pool-234-thread-14] pick event Id=427, eMBMSSessionId=86 current size: 3592
[pool-234-thread-4] pick event Id=428, eMBMSSessionId=54 current size: 3591
[pool-234-thread-6] pick event Id=429, eMBMSSessionId=73 current size: 3590
[pool-234-thread-17] pick event Id=430, eMBMSSessionId=90 current size: 3589
[pool-234-thread-12] pick event Id=431, eMBMSSessionId=20 current size: 3588
[pool-234-thread-18] pick event Id=432, eMBMSSessionId=63 current size: 3587
[pool-234-thread-5] pick event Id=433, eMBMSSessionId=53 current size: 3586
[pool-234-thread-16] pick event Id=434, eMBMSSessionId=41 current size: 3585
[pool-234-thread-8] pick event Id=435, eMBMSSessionId=37 current size: 3584
[pool-234-thread-19] pick event Id=436, eMBMSSessionId=10 current size: 3583
[pool-234-thread-20] pick event Id=437, eMBMSSessionId=4 current size: 3582
[pool-234-thread-13] pick event Id=438, eMBMSSessionId=62 current size: 3581
[pool-234-thread-1] pick event Id=439, eMBMSSessionId=40 current size: 3580
[pool-234-thread-10] pick event Id=440, eMBMSSessionId=75 current size: 3579
[pool-234-thread-15] pick event Id=441, eMBMSSessionId=93 current size: 3578
[pool-234-thread-14] pick event Id=442, eMBMSSessionId=65 current size: 3577
[pool-234-thread-9] adds event Id=443, eMBMSSessionId=20 current size: 3577
[pool-234-thread-2] pick event Id=444, eMBMSSessionId=25 current size: 3576
pool-234-thread-12 reduces to 3575
[pool-234-thread-3] pick event Id=445, eMBMSSessionId=66 current size: 3574
[pool-234-thread-7] pick event Id=446, eMBMSSessionId=68 current size: 3573
[pool-234-thread-19] pick event Id=447, eMBMSSessionId=28 current size: 3572
[pool-234-thread-11] pick event Id=448, eMBMSSessionId=35 current size: 3571
[pool-234-thread-4] pick event Id=449, eMBMSSessionId=37 current size: 3570
[pool-234-thread-10] pick event Id=450, eMBMSSessionId=32 current size: 3569
[pool-234-thread-9] pick event Id=451, eMBMSSessionId=26 current size: 3568
[pool-234-thread-6] pick event Id=452, eMBMSSessionId=75 current size: 3567
[pool-234-thread-18] pick event Id=453, eMBMSSessionId=96 current size: 3566
[pool-234-thread-17] pick event Id=454, eMBMSSessionId=90 current size: 3565
[pool-234-thread-12] pick event Id=455, eMBMSSessionId=15 current size: 3564
[pool-234-thread-5] pick event Id=456, eMBMSSessionId=34 current size: 3563
[pool-234-thread-8] pick event Id=457, eMBMSSessionId=62 current size: 3562
[pool-234-thread-16] pick event Id=458, eMBMSSessionId=1 current size: 3561
[pool-234-thread-20] pick event Id=459, eMBMSSessionId=54 current size: 3560
[pool-234-thread-19] pick event Id=460, eMBMSSessionId=95 current size: 3559
[pool-234-thread-13] adds event Id=461, eMBMSSessionId=32 current size: 3559
[pool-234-thread-1] pick event Id=462, eMBMSSessionId=57 current size: 3558
[pool-234-thread-15] pick event Id=463, eMBMSSessionId=11 current size: 3557
[pool-234-thread-14] pick event Id=464, eMBMSSessionId=85 current size: 3556
pool-234-thread-10 reduces to 3555
[pool-234-thread-2] pick event Id=465, eMBMSSessionId=88 current size: 3554
[pool-234-thread-12] pick event Id=466, eMBMSSessionId=15 current size: 3553
[pool-234-thread-3] pick event Id=467, eMBMSSessionId=65 current size: 3552
[pool-234-thread-7] pick event Id=468, eMBMSSessionId=27 current size: 3551
[pool-234-thread-8] pick event Id=469, eMBMSSessionId=19 current size: 3550
[pool-234-thread-13] adds event Id=470, eMBMSSessionId=11 current size: 3550
[pool-234-thread-13] pick event Id=471, eMBMSSessionId=44 current size: 3549
pool-234-thread-15 reduces to 3548
[pool-234-thread-4] pick event Id=472, eMBMSSessionId=39 current size: 3547
[pool-234-thread-11] pick event Id=473, eMBMSSessionId=51 current size: 3546
[pool-234-thread-9] pick event Id=474, eMBMSSessionId=20 current size: 3545
[pool-234-thread-6] pick event Id=475, eMBMSSessionId=7 current size: 3544
[pool-234-thread-18] pick event Id=476, eMBMSSessionId=71 current size: 3543
[pool-234-thread-17] pick event Id=477, eMBMSSessionId=34 current size: 3542
[pool-234-thread-2] pick event Id=478, eMBMSSessionId=50 current size: 3541
[pool-234-thread-19] pick event Id=479, eMBMSSessionId=70 current size: 3540
[pool-234-thread-8] pick event Id=480, eMBMSSessionId=88 current size: 3539
[pool-234-thread-20] pick event Id=481, eMBMSSessionId=82 current size: 3538
[pool-234-thread-5] pick event Id=482, eMBMSSessionId=26 current size: 3537
[pool-234-thread-16] pick event Id=483, eMBMSSessionId=27 current size: 3536
[pool-234-thread-1] adds event Id=484, eMBMSSessionId=50 current size: 3536
[pool-234-thread-14] adds event Id=485, eMBMSSessionId=34 current size: 3536
[pool-234-thread-10] pick event Id=486, eMBMSSessionId=83 current size: 3535
[pool-234-thread-12] pick event Id=487, eMBMSSessionId=44 current size: 3534
pool-234-thread-2 reduces to 3533
[pool-234-thread-7] pick event Id=488, eMBMSSessionId=6 current size: 3532
pool-234-thread-17 reduces to 3531
[pool-234-thread-18] pick event Id=489, eMBMSSessionId=72 current size: 3530
[pool-234-thread-3] pick event Id=490, eMBMSSessionId=80 current size: 3529
[pool-234-thread-13] pick event Id=491, eMBMSSessionId=54 current size: 3528
[pool-234-thread-20] pick event Id=492, eMBMSSessionId=71 current size: 3527
[pool-234-thread-4] pick event Id=493, eMBMSSessionId=17 current size: 3526
[pool-234-thread-15] pick event Id=494, eMBMSSessionId=12 current size: 3525
[pool-234-thread-1] pick event Id=495, eMBMSSessionId=93 current size: 3524
[pool-234-thread-11] pick event Id=496, eMBMSSessionId=26 current size: 3523
[pool-234-thread-14] adds event Id=497, eMBMSSessionId=71 current size: 3523
[pool-234-thread-6] pick event Id=498, eMBMSSessionId=41 current size: 3522
[pool-234-thread-14] pick event Id=499, eMBMSSessionId=52 current size: 3521
[pool-234-thread-9] pick event Id=500, eMBMSSessionId=89 current size: 3520
[pool-234-thread-19] pick event Id=501, eMBMSSessionId=30 current size: 3519
[pool-234-thread-17] pick event Id=502, eMBMSSessionId=90 current size: 3518
[pool-234-thread-8] pick event Id=503, eMBMSSessionId=3 current size: 3517
[pool-234-thread-5] pick event Id=504, eMBMSSessionId=31 current size: 3516
pool-234-thread-20 reduces to 3515
[pool-234-thread-16] pick event Id=505, eMBMSSessionId=70 current size: 3514
[pool-234-thread-10] pick event Id=506, eMBMSSessionId=84 current size: 3513
[pool-234-thread-12] pick event Id=507, eMBMSSessionId=32 current size: 3512
[pool-234-thread-2] pick event Id=508, eMBMSSessionId=94 current size: 3511
[pool-234-thread-18] pick event Id=509, eMBMSSessionId=25 current size: 3510
[pool-234-thread-7] adds event Id=510, eMBMSSessionId=31 current size: 3510
pool-234-thread-5 reduces to 3509
[pool-234-thread-3] pick event Id=511, eMBMSSessionId=36 current size: 3508
[pool-234-thread-13] pick event Id=512, eMBMSSessionId=15 current size: 3507
[pool-234-thread-4] pick event Id=513, eMBMSSessionId=20 current size: 3506
[pool-234-thread-15] pick event Id=514, eMBMSSessionId=42 current size: 3505
[pool-234-thread-11] pick event Id=515, eMBMSSessionId=83 current size: 3504
[pool-234-thread-6] pick event Id=516, eMBMSSessionId=71 current size: 3503
[pool-234-thread-1] pick event Id=517, eMBMSSessionId=81 current size: 3502
[pool-234-thread-14] pick event Id=518, eMBMSSessionId=72 current size: 3501
testOverload end.
testFull begin.
[pool-235-thread-2] pick event Id=0, eMBMSSessionId=80 current size: 4998
[pool-235-thread-1] pick event Id=1, eMBMSSessionId=12 current size: 4997
[pool-235-thread-3] pick event Id=2, eMBMSSessionId=41 current size: 4996
[pool-235-thread-4] pick event Id=3, eMBMSSessionId=8 current size: 4995
[pool-235-thread-5] pick event Id=4, eMBMSSessionId=18 current size: 4994
[pool-235-thread-6] pick event Id=5, eMBMSSessionId=77 current size: 4993
[pool-235-thread-8] pick event Id=6, eMBMSSessionId=31 current size: 4992
[pool-235-thread-7] pick event Id=7, eMBMSSessionId=11 current size: 4991
[pool-235-thread-9] adds event Id=8, eMBMSSessionId=31 current size: 4991
[pool-235-thread-10] pick event Id=9, eMBMSSessionId=7 current size: 4990
[pool-235-thread-11] pick event Id=10, eMBMSSessionId=61 current size: 4989
[pool-235-thread-12] pick event Id=11, eMBMSSessionId=78 current size: 4988
[pool-235-thread-13] adds event Id=12, eMBMSSessionId=11 current size: 4988
[pool-235-thread-14] pick event Id=13, eMBMSSessionId=53 current size: 4987
[pool-235-thread-15] pick event Id=14, eMBMSSessionId=99 current size: 4986
[pool-235-thread-16] pick event Id=15, eMBMSSessionId=35 current size: 4985
[pool-235-thread-18] pick event Id=16, eMBMSSessionId=49 current size: 4984
[pool-235-thread-17] pick event Id=17, eMBMSSessionId=56 current size: 4983
[pool-235-thread-19] adds event Id=18, eMBMSSessionId=49 current size: 4983
[pool-235-thread-9] pick event Id=19, eMBMSSessionId=0 current size: 4982
[pool-235-thread-20] pick event Id=20, eMBMSSessionId=75 current size: 4981
[pool-235-thread-13] adds event Id=21, eMBMSSessionId=7 current size: 4981
[pool-235-thread-19] pick event Id=22, eMBMSSessionId=88 current size: 4980
[pool-235-thread-13] pick event Id=23, eMBMSSessionId=30 current size: 4979
event queue is full, will clear all data!
NbiEventCache is cleared with total events removed: 5029
testFull end.
26 times run start
testEventSequence begin.
testEventSequence end.
testSendRadomEmbmsSessionEvents begin.
testSendRadomEmbmsSessionEvents end.
testSendSameEmbmsSessionEvents begin.
testSendSameEmbmsSessionEvents end.
testSendNoSameEmbmsSessionEvents begin.
testSendNoSameEmbmsSessionEvents end.
testSendNoEmbmsSessionIdEvents begin.
testSendNoEmbmsSessionIdEvents end.
testOverload begin.
[pool-243-thread-1] pick event Id=0, eMBMSSessionId=14 current size: 4019
[pool-243-thread-4] pick event Id=1, eMBMSSessionId=86 current size: 4018
[pool-243-thread-2] pick event Id=2, eMBMSSessionId=63 current size: 4017
[pool-243-thread-3] pick event Id=3, eMBMSSessionId=2 current size: 4016
pool-243-thread-2 Discard NBI event &apos; Id=2, eMBMSSessionId=63&apos;, current queue size: 4016
[pool-243-thread-5] pick event Id=4, eMBMSSessionId=46 current size: 4015
pool-243-thread-4 Discard NBI event &apos; Id=1, eMBMSSessionId=86&apos;, current queue size: 4016
pool-243-thread-1 Discard NBI event &apos; Id=0, eMBMSSessionId=14&apos;, current queue size: 4015
[pool-243-thread-6] pick event Id=5, eMBMSSessionId=97 current size: 4014
pool-243-thread-3 Discard NBI event &apos; Id=3, eMBMSSessionId=2&apos;, current queue size: 4014
pool-243-thread-5 Discard NBI event &apos; Id=4, eMBMSSessionId=46&apos;, current queue size: 4014
[pool-243-thread-7] pick event Id=6, eMBMSSessionId=68 current size: 4013
[pool-243-thread-8] pick event Id=7, eMBMSSessionId=23 current size: 4012
pool-243-thread-6 Discard NBI event &apos; Id=5, eMBMSSessionId=97&apos;, current queue size: 4013
pool-243-thread-7 Discard NBI event &apos; Id=6, eMBMSSessionId=68&apos;, current queue size: 4012
[pool-243-thread-10] pick event Id=8, eMBMSSessionId=29 current size: 4011
[pool-243-thread-13] pick event Id=9, eMBMSSessionId=28 current size: 4010
[pool-243-thread-9] pick event Id=10, eMBMSSessionId=69 current size: 4009
pool-243-thread-10 Discard NBI event &apos; Id=8, eMBMSSessionId=29&apos;, current queue size: 4010
pool-243-thread-8 Discard NBI event &apos; Id=7, eMBMSSessionId=23&apos;, current queue size: 4009
pool-243-thread-13 Discard NBI event &apos; Id=9, eMBMSSessionId=28&apos;, current queue size: 4009
pool-243-thread-9 Discard NBI event &apos; Id=10, eMBMSSessionId=69&apos;, current queue size: 4009
[pool-243-thread-11] pick event Id=11, eMBMSSessionId=10 current size: 4008
pool-243-thread-11 Discard NBI event &apos; Id=11, eMBMSSessionId=10&apos;, current queue size: 4008
[pool-243-thread-12] pick event Id=12, eMBMSSessionId=37 current size: 4007
[pool-243-thread-5] pick event Id=13, eMBMSSessionId=76 current size: 4006
pool-243-thread-12 Discard NBI event &apos; Id=12, eMBMSSessionId=37&apos;, current queue size: 4007
pool-243-thread-5 Discard NBI event &apos; Id=13, eMBMSSessionId=76&apos;, current queue size: 4006
[pool-243-thread-14] pick event Id=14, eMBMSSessionId=96 current size: 4005
[pool-243-thread-15] pick event Id=15, eMBMSSessionId=44 current size: 4004
pool-243-thread-15 Discard NBI event &apos; Id=15, eMBMSSessionId=44&apos;, current queue size: 4004
[pool-243-thread-16] pick event Id=16, eMBMSSessionId=88 current size: 4003
[pool-243-thread-17] pick event Id=17, eMBMSSessionId=3 current size: 4002
pool-243-thread-14 Discard NBI event &apos; Id=14, eMBMSSessionId=96&apos;, current queue size: 4002
[pool-243-thread-18] pick event Id=18, eMBMSSessionId=6 current size: 4001
pool-243-thread-17 Discard NBI event &apos; Id=17, eMBMSSessionId=3&apos;, current queue size: 4001
pool-243-thread-16 Discard NBI event &apos; Id=16, eMBMSSessionId=88&apos;, current queue size: 4001
pool-243-thread-18 Discard NBI event &apos; Id=18, eMBMSSessionId=6&apos;, current queue size: 4001
[pool-243-thread-19] pick event Id=19, eMBMSSessionId=75 current size: 4000
[pool-243-thread-20] pick event Id=20, eMBMSSessionId=47 current size: 3999
[pool-243-thread-2] adds event Id=21, eMBMSSessionId=76 current size: 3999
pool-243-thread-19 Discard NBI event &apos; Id=19, eMBMSSessionId=75&apos;, current queue size: 3999
[pool-243-thread-1] pick event Id=22, eMBMSSessionId=13 current size: 3998
[pool-243-thread-4] pick event Id=23, eMBMSSessionId=34 current size: 3997
[pool-243-thread-3] pick event Id=24, eMBMSSessionId=7 current size: 3996
[pool-243-thread-11] pick event Id=25, eMBMSSessionId=40 current size: 3995
[pool-243-thread-6] adds event Id=26, eMBMSSessionId=40 current size: 3995
[pool-243-thread-7] pick event Id=27, eMBMSSessionId=93 current size: 3994
pool-243-thread-5 reduces to 3993
[pool-243-thread-10] pick event Id=28, eMBMSSessionId=38 current size: 3992
[pool-243-thread-8] pick event Id=29, eMBMSSessionId=31 current size: 3991
[pool-243-thread-13] pick event Id=30, eMBMSSessionId=27 current size: 3990
[pool-243-thread-9] pick event Id=31, eMBMSSessionId=66 current size: 3989
[pool-243-thread-2] pick event Id=32, eMBMSSessionId=7 current size: 3988
[pool-243-thread-12] pick event Id=33, eMBMSSessionId=60 current size: 3987
[pool-243-thread-6] pick event Id=34, eMBMSSessionId=19 current size: 3986
pool-243-thread-11 reduces to 3985
[pool-243-thread-3] adds event Id=35, eMBMSSessionId=7 current size: 3985
[pool-243-thread-15] pick event Id=36, eMBMSSessionId=94 current size: 3984
[pool-243-thread-14] pick event Id=37, eMBMSSessionId=15 current size: 3983
[pool-243-thread-17] pick event Id=38, eMBMSSessionId=38 current size: 3982
[pool-243-thread-16] pick event Id=39, eMBMSSessionId=12 current size: 3981
[pool-243-thread-18] pick event Id=40, eMBMSSessionId=99 current size: 3980
[pool-243-thread-20] pick event Id=41, eMBMSSessionId=64 current size: 3979
[pool-243-thread-1] adds event Id=42, eMBMSSessionId=40 current size: 3979
[pool-243-thread-19] adds event Id=43, eMBMSSessionId=64 current size: 3979
pool-243-thread-2 reduces to 3978
[pool-243-thread-4] pick event Id=44, eMBMSSessionId=55 current size: 3977
[pool-243-thread-7] pick event Id=45, eMBMSSessionId=29 current size: 3976
[pool-243-thread-3] pick event Id=46, eMBMSSessionId=25 current size: 3975
pool-243-thread-11 reduces to 3974
[pool-243-thread-5] pick event Id=47, eMBMSSessionId=36 current size: 3973
[pool-243-thread-15] pick event Id=48, eMBMSSessionId=88 current size: 3972
[pool-243-thread-10] pick event Id=49, eMBMSSessionId=33 current size: 3971
[pool-243-thread-8] pick event Id=50, eMBMSSessionId=43 current size: 3970
[pool-243-thread-13] adds event Id=51, eMBMSSessionId=12 current size: 3970
[pool-243-thread-9] adds event Id=52, eMBMSSessionId=29 current size: 3970
[pool-243-thread-17] pick event Id=53, eMBMSSessionId=79 current size: 3969
pool-243-thread-16 reduces to 3968
[pool-243-thread-1] pick event Id=54, eMBMSSessionId=44 current size: 3967
pool-243-thread-20 reduces to 3966
[pool-243-thread-19] pick event Id=55, eMBMSSessionId=19 current size: 3965
[pool-243-thread-12] pick event Id=56, eMBMSSessionId=41 current size: 3964
[pool-243-thread-6] pick event Id=57, eMBMSSessionId=51 current size: 3963
pool-243-thread-7 reduces to 3962
[pool-243-thread-11] pick event Id=58, eMBMSSessionId=24 current size: 3961
[pool-243-thread-15] pick event Id=59, eMBMSSessionId=66 current size: 3960
[pool-243-thread-14] pick event Id=60, eMBMSSessionId=10 current size: 3959
[pool-243-thread-13] pick event Id=61, eMBMSSessionId=88 current size: 3958
[pool-243-thread-10] pick event Id=62, eMBMSSessionId=77 current size: 3957
[pool-243-thread-9] pick event Id=63, eMBMSSessionId=28 current size: 3956
[pool-243-thread-8] pick event Id=64, eMBMSSessionId=95 current size: 3955
[pool-243-thread-18] pick event Id=65, eMBMSSessionId=71 current size: 3954
[pool-243-thread-2] pick event Id=66, eMBMSSessionId=81 current size: 3953
[pool-243-thread-4] pick event Id=67, eMBMSSessionId=69 current size: 3952
[pool-243-thread-3] adds event Id=68, eMBMSSessionId=28 current size: 3952
[pool-243-thread-6] pick event Id=69, eMBMSSessionId=36 current size: 3951
[pool-243-thread-3] pick event Id=70, eMBMSSessionId=26 current size: 3950
[pool-243-thread-5] pick event Id=71, eMBMSSessionId=41 current size: 3949
[pool-243-thread-7] pick event Id=72, eMBMSSessionId=54 current size: 3948
[pool-243-thread-14] adds event Id=73, eMBMSSessionId=95 current size: 3948
pool-243-thread-9 reduces to 3947
[pool-243-thread-10] pick event Id=74, eMBMSSessionId=86 current size: 3946
[pool-243-thread-16] pick event Id=75, eMBMSSessionId=20 current size: 3945
[pool-243-thread-17] pick event Id=76, eMBMSSessionId=38 current size: 3944
pool-243-thread-8 reduces to 3943
[pool-243-thread-1] pick event Id=77, eMBMSSessionId=6 current size: 3942
[pool-243-thread-20] pick event Id=78, eMBMSSessionId=73 current size: 3941
[pool-243-thread-19] pick event Id=79, eMBMSSessionId=29 current size: 3940
[pool-243-thread-12] adds event Id=80, eMBMSSessionId=54 current size: 3940
[pool-243-thread-6] pick event Id=81, eMBMSSessionId=82 current size: 3939
[pool-243-thread-11] pick event Id=82, eMBMSSessionId=91 current size: 3938
[pool-243-thread-13] pick event Id=83, eMBMSSessionId=8 current size: 3937
pool-243-thread-7 reduces to 3936
[pool-243-thread-15] pick event Id=84, eMBMSSessionId=15 current size: 3935
[pool-243-thread-14] pick event Id=85, eMBMSSessionId=35 current size: 3934
[pool-243-thread-2] adds event Id=86, eMBMSSessionId=95 current size: 3934
pool-243-thread-8 reduces to 3933
[pool-243-thread-18] pick event Id=87, eMBMSSessionId=97 current size: 3932
[pool-243-thread-4] pick event Id=88, eMBMSSessionId=3 current size: 3931
[pool-243-thread-12] pick event Id=89, eMBMSSessionId=51 current size: 3930
[pool-243-thread-3] pick event Id=90, eMBMSSessionId=62 current size: 3929
[pool-243-thread-19] adds event Id=91, eMBMSSessionId=15 current size: 3929
[pool-243-thread-5] adds event Id=92, eMBMSSessionId=51 current size: 3929
[pool-243-thread-6] pick event Id=93, eMBMSSessionId=55 current size: 3928
pool-243-thread-15 reduces to 3927
[pool-243-thread-9] pick event Id=94, eMBMSSessionId=41 current size: 3926
[pool-243-thread-14] pick event Id=95, eMBMSSessionId=73 current size: 3925
[pool-243-thread-13] pick event Id=96, eMBMSSessionId=53 current size: 3924
[pool-243-thread-16] pick event Id=97, eMBMSSessionId=28 current size: 3923
[pool-243-thread-10] pick event Id=98, eMBMSSessionId=13 current size: 3922
[pool-243-thread-17] pick event Id=99, eMBMSSessionId=76 current size: 3921
[pool-243-thread-2] adds event Id=100, eMBMSSessionId=95 current size: 3921
[pool-243-thread-1] pick event Id=101, eMBMSSessionId=92 current size: 3920
pool-243-thread-8 reduces to 3919
[pool-243-thread-20] pick event Id=102, eMBMSSessionId=93 current size: 3918
pool-243-thread-12 reduces to 3917
[pool-243-thread-19] pick event Id=103, eMBMSSessionId=30 current size: 3916
[pool-243-thread-5] pick event Id=104, eMBMSSessionId=0 current size: 3915
[pool-243-thread-11] pick event Id=105, eMBMSSessionId=8 current size: 3914
[pool-243-thread-7] pick event Id=106, eMBMSSessionId=83 current size: 3913
[pool-243-thread-9] adds event Id=107, eMBMSSessionId=51 current size: 3913
[pool-243-thread-11] pick event Id=108, eMBMSSessionId=44 current size: 3912
[pool-243-thread-2] pick event Id=109, eMBMSSessionId=96 current size: 3911
[pool-243-thread-18] pick event Id=110, eMBMSSessionId=94 current size: 3910
[pool-243-thread-4] pick event Id=111, eMBMSSessionId=19 current size: 3909
[pool-243-thread-3] pick event Id=112, eMBMSSessionId=72 current size: 3908
pool-243-thread-12 reduces to 3907
[pool-243-thread-6] pick event Id=113, eMBMSSessionId=55 current size: 3906
[pool-243-thread-15] adds event Id=114, eMBMSSessionId=72 current size: 3906
[pool-243-thread-9] pick event Id=115, eMBMSSessionId=32 current size: 3905
[pool-243-thread-14] pick event Id=116, eMBMSSessionId=28 current size: 3904
[pool-243-thread-13] pick event Id=117, eMBMSSessionId=29 current size: 3903
[pool-243-thread-10] pick event Id=118, eMBMSSessionId=79 current size: 3902
[pool-243-thread-17] pick event Id=119, eMBMSSessionId=46 current size: 3901
[pool-243-thread-16] pick event Id=120, eMBMSSessionId=1 current size: 3900
[pool-243-thread-1] pick event Id=121, eMBMSSessionId=82 current size: 3899
[pool-243-thread-8] pick event Id=122, eMBMSSessionId=44 current size: 3898
[pool-243-thread-20] adds event Id=123, eMBMSSessionId=44 current size: 3898
[pool-243-thread-19] pick event Id=124, eMBMSSessionId=63 current size: 3897
pool-243-thread-3 reduces to 3896
[pool-243-thread-15] adds event Id=125, eMBMSSessionId=32 current size: 3896
[pool-243-thread-5] adds event Id=126, eMBMSSessionId=63 current size: 3896
[pool-243-thread-7] pick event Id=127, eMBMSSessionId=25 current size: 3895
pool-243-thread-9 reduces to 3894
[pool-243-thread-11] pick event Id=128, eMBMSSessionId=35 current size: 3893
[pool-243-thread-2] pick event Id=129, eMBMSSessionId=18 current size: 3892
[pool-243-thread-20] pick event Id=130, eMBMSSessionId=43 current size: 3891
[pool-243-thread-18] pick event Id=131, eMBMSSessionId=5 current size: 3890
pool-243-thread-8 reduces to 3889
[pool-243-thread-4] adds event Id=132, eMBMSSessionId=43 current size: 3889
[pool-243-thread-12] pick event Id=133, eMBMSSessionId=9 current size: 3888
pool-243-thread-19 reduces to 3887
[pool-243-thread-15] pick event Id=134, eMBMSSessionId=15 current size: 3886
[pool-243-thread-5] pick event Id=135, eMBMSSessionId=3 current size: 3885
[pool-243-thread-6] pick event Id=136, eMBMSSessionId=11 current size: 3884
[pool-243-thread-14] pick event Id=137, eMBMSSessionId=59 current size: 3883
[pool-243-thread-13] pick event Id=138, eMBMSSessionId=76 current size: 3882
[pool-243-thread-10] pick event Id=139, eMBMSSessionId=4 current size: 3881
[pool-243-thread-17] pick event Id=140, eMBMSSessionId=17 current size: 3880
[pool-243-thread-16] pick event Id=141, eMBMSSessionId=78 current size: 3879
[pool-243-thread-1] pick event Id=142, eMBMSSessionId=49 current size: 3878
pool-243-thread-20 reduces to 3877
[pool-243-thread-4] pick event Id=143, eMBMSSessionId=54 current size: 3876
[pool-243-thread-3] pick event Id=144, eMBMSSessionId=40 current size: 3875
[pool-243-thread-7] pick event Id=145, eMBMSSessionId=99 current size: 3874
[pool-243-thread-5] adds event Id=146, eMBMSSessionId=49 current size: 3874
[pool-243-thread-9] adds event Id=147, eMBMSSessionId=59 current size: 3874
[pool-243-thread-9] pick event Id=148, eMBMSSessionId=9 current size: 3873
pool-243-thread-14 reduces to 3872
[pool-243-thread-11] pick event Id=149, eMBMSSessionId=61 current size: 3871
[pool-243-thread-2] pick event Id=150, eMBMSSessionId=91 current size: 3870
[pool-243-thread-8] pick event Id=151, eMBMSSessionId=8 current size: 3869
pool-243-thread-1 reduces to 3868
[pool-243-thread-12] pick event Id=152, eMBMSSessionId=58 current size: 3867
[pool-243-thread-18] pick event Id=153, eMBMSSessionId=26 current size: 3866
[pool-243-thread-15] adds event Id=154, eMBMSSessionId=99 current size: 3866
[pool-243-thread-19] pick event Id=155, eMBMSSessionId=94 current size: 3865
[pool-243-thread-6] pick event Id=156, eMBMSSessionId=24 current size: 3864
pool-243-thread-7 reduces to 3863
[pool-243-thread-5] adds event Id=157, eMBMSSessionId=9 current size: 3863
pool-243-thread-9 reduces to 3862
[pool-243-thread-10] adds event Id=158, eMBMSSessionId=58 current size: 3862
[pool-243-thread-13] pick event Id=159, eMBMSSessionId=44 current size: 3861
[pool-243-thread-17] pick event Id=160, eMBMSSessionId=51 current size: 3860
[pool-243-thread-14] pick event Id=161, eMBMSSessionId=48 current size: 3859
[pool-243-thread-16] pick event Id=162, eMBMSSessionId=16 current size: 3858
[pool-243-thread-4] pick event Id=163, eMBMSSessionId=47 current size: 3857
[pool-243-thread-2] pick event Id=164, eMBMSSessionId=5 current size: 3856
[pool-243-thread-1] pick event Id=165, eMBMSSessionId=41 current size: 3855
[pool-243-thread-20] pick event Id=166, eMBMSSessionId=7 current size: 3854
pool-243-thread-12 reduces to 3853
[pool-243-thread-15] pick event Id=167, eMBMSSessionId=8 current size: 3852
[pool-243-thread-3] adds event Id=168, eMBMSSessionId=16 current size: 3852
[pool-243-thread-5] pick event Id=169, eMBMSSessionId=92 current size: 3851
[pool-243-thread-10] pick event Id=170, eMBMSSessionId=31 current size: 3850
[pool-243-thread-19] pick event Id=171, eMBMSSessionId=32 current size: 3849
[pool-243-thread-11] adds event Id=172, eMBMSSessionId=7 current size: 3849
pool-243-thread-16 reduces to 3848
[pool-243-thread-8] pick event Id=173, eMBMSSessionId=89 current size: 3847
[pool-243-thread-18] pick event Id=174, eMBMSSessionId=25 current size: 3846
pool-243-thread-20 reduces to 3845
[pool-243-thread-3] pick event Id=175, eMBMSSessionId=86 current size: 3844
[pool-243-thread-6] pick event Id=176, eMBMSSessionId=99 current size: 3843
[pool-243-thread-7] pick event Id=177, eMBMSSessionId=94 current size: 3842
[pool-243-thread-9] pick event Id=178, eMBMSSessionId=65 current size: 3841
[pool-243-thread-10] adds event Id=179, eMBMSSessionId=25 current size: 3841
[pool-243-thread-13] pick event Id=180, eMBMSSessionId=21 current size: 3840
[pool-243-thread-11] pick event Id=181, eMBMSSessionId=51 current size: 3839
[pool-243-thread-17] pick event Id=182, eMBMSSessionId=96 current size: 3838
[pool-243-thread-14] pick event Id=183, eMBMSSessionId=92 current size: 3837
[pool-243-thread-4] adds event Id=184, eMBMSSessionId=16 current size: 3837
pool-243-thread-16 reduces to 3836
[pool-243-thread-2] pick event Id=185, eMBMSSessionId=82 current size: 3835
[pool-243-thread-8] pick event Id=186, eMBMSSessionId=8 current size: 3834
pool-243-thread-18 reduces to 3833
[pool-243-thread-1] pick event Id=187, eMBMSSessionId=77 current size: 3832
[pool-243-thread-12] pick event Id=188, eMBMSSessionId=69 current size: 3831
[pool-243-thread-15] pick event Id=189, eMBMSSessionId=56 current size: 3830
[pool-243-thread-5] adds event Id=190, eMBMSSessionId=82 current size: 3830
[pool-243-thread-10] pick event Id=191, eMBMSSessionId=62 current size: 3829
[pool-243-thread-7] pick event Id=192, eMBMSSessionId=11 current size: 3828
[pool-243-thread-19] pick event Id=193, eMBMSSessionId=32 current size: 3827
[pool-243-thread-4] pick event Id=194, eMBMSSessionId=90 current size: 3826
pool-243-thread-2 reduces to 3825
[pool-243-thread-18] pick event Id=195, eMBMSSessionId=67 current size: 3824
[pool-243-thread-20] pick event Id=196, eMBMSSessionId=68 current size: 3823
[pool-243-thread-5] pick event Id=197, eMBMSSessionId=45 current size: 3822
[pool-243-thread-6] pick event Id=198, eMBMSSessionId=49 current size: 3821
[pool-243-thread-3] pick event Id=199, eMBMSSessionId=64 current size: 3820
[pool-243-thread-9] pick event Id=200, eMBMSSessionId=83 current size: 3819
[pool-243-thread-13] pick event Id=201, eMBMSSessionId=8 current size: 3818
[pool-243-thread-11] pick event Id=202, eMBMSSessionId=37 current size: 3817
[pool-243-thread-17] pick event Id=203, eMBMSSessionId=14 current size: 3816
[pool-243-thread-14] pick event Id=204, eMBMSSessionId=52 current size: 3815
[pool-243-thread-16] adds event Id=205, eMBMSSessionId=49 current size: 3815
[pool-243-thread-8] pick event Id=206, eMBMSSessionId=15 current size: 3814
[pool-243-thread-1] pick event Id=207, eMBMSSessionId=27 current size: 3813
[pool-243-thread-12] pick event Id=208, eMBMSSessionId=93 current size: 3812
[pool-243-thread-15] adds event Id=209, eMBMSSessionId=68 current size: 3812
[pool-243-thread-15] pick event Id=210, eMBMSSessionId=50 current size: 3811
pool-243-thread-20 reduces to 3810
pool-243-thread-6 reduces to 3809
[pool-243-thread-10] pick event Id=211, eMBMSSessionId=63 current size: 3808
[pool-243-thread-7] adds event Id=212, eMBMSSessionId=8 current size: 3808
[pool-243-thread-3] pick event Id=213, eMBMSSessionId=82 current size: 3807
[pool-243-thread-19] pick event Id=214, eMBMSSessionId=5 current size: 3806
[pool-243-thread-16] pick event Id=215, eMBMSSessionId=6 current size: 3805
pool-243-thread-13 reduces to 3804
[pool-243-thread-4] pick event Id=216, eMBMSSessionId=53 current size: 3803
[pool-243-thread-2] adds event Id=217, eMBMSSessionId=82 current size: 3803
[pool-243-thread-8] pick event Id=218, eMBMSSessionId=13 current size: 3802
[pool-243-thread-18] pick event Id=219, eMBMSSessionId=59 current size: 3801
[pool-243-thread-5] pick event Id=220, eMBMSSessionId=71 current size: 3800
[pool-243-thread-12] pick event Id=221, eMBMSSessionId=41 current size: 3799
[pool-243-thread-9] pick event Id=222, eMBMSSessionId=72 current size: 3798
[pool-243-thread-15] pick event Id=223, eMBMSSessionId=55 current size: 3797
[pool-243-thread-7] pick event Id=224, eMBMSSessionId=87 current size: 3796
pool-243-thread-3 reduces to 3795
[pool-243-thread-17] pick event Id=225, eMBMSSessionId=6 current size: 3794
[pool-243-thread-11] pick event Id=226, eMBMSSessionId=78 current size: 3793
[pool-243-thread-2] pick event Id=227, eMBMSSessionId=96 current size: 3792
[pool-243-thread-14] pick event Id=228, eMBMSSessionId=8 current size: 3791
[pool-243-thread-1] pick event Id=229, eMBMSSessionId=88 current size: 3790
[pool-243-thread-20] pick event Id=230, eMBMSSessionId=42 current size: 3789
[pool-243-thread-6] pick event Id=231, eMBMSSessionId=81 current size: 3788
[pool-243-thread-10] pick event Id=232, eMBMSSessionId=83 current size: 3787
[pool-243-thread-16] pick event Id=233, eMBMSSessionId=61 current size: 3786
[pool-243-thread-19] pick event Id=234, eMBMSSessionId=91 current size: 3785
[pool-243-thread-13] pick event Id=235, eMBMSSessionId=95 current size: 3784
[pool-243-thread-7] pick event Id=236, eMBMSSessionId=47 current size: 3783
[pool-243-thread-4] pick event Id=237, eMBMSSessionId=2 current size: 3782
[pool-243-thread-8] pick event Id=238, eMBMSSessionId=90 current size: 3781
[pool-243-thread-18] pick event Id=239, eMBMSSessionId=60 current size: 3780
[pool-243-thread-1] pick event Id=240, eMBMSSessionId=94 current size: 3779
[pool-243-thread-5] pick event Id=241, eMBMSSessionId=97 current size: 3778
[pool-243-thread-12] adds event Id=242, eMBMSSessionId=47 current size: 3778
[pool-243-thread-9] pick event Id=243, eMBMSSessionId=32 current size: 3777
[pool-243-thread-15] pick event Id=244, eMBMSSessionId=86 current size: 3776
[pool-243-thread-17] pick event Id=245, eMBMSSessionId=39 current size: 3775
[pool-243-thread-3] pick event Id=246, eMBMSSessionId=63 current size: 3774
pool-243-thread-7 reduces to 3773
[pool-243-thread-11] pick event Id=247, eMBMSSessionId=22 current size: 3772
[pool-243-thread-2] adds event Id=248, eMBMSSessionId=22 current size: 3772
[pool-243-thread-14] adds event Id=249, eMBMSSessionId=94 current size: 3772
[pool-243-thread-12] adds event Id=250, eMBMSSessionId=63 current size: 3772
pool-243-thread-1 reduces to 3771
[pool-243-thread-5] pick event Id=251, eMBMSSessionId=51 current size: 3770
[pool-243-thread-20] pick event Id=252, eMBMSSessionId=13 current size: 3769
[pool-243-thread-9] pick event Id=253, eMBMSSessionId=10 current size: 3768
[pool-243-thread-6] pick event Id=254, eMBMSSessionId=48 current size: 3767
[pool-243-thread-6] pick event Id=255, eMBMSSessionId=98 current size: 3766
[pool-243-thread-18] pick event Id=256, eMBMSSessionId=49 current size: 3765
[pool-243-thread-10] pick event Id=257, eMBMSSessionId=44 current size: 3764
[pool-243-thread-15] pick event Id=258, eMBMSSessionId=64 current size: 3763
[pool-243-thread-13] pick event Id=259, eMBMSSessionId=42 current size: 3762
[pool-243-thread-19] adds event Id=260, eMBMSSessionId=98 current size: 3762
[pool-243-thread-16] pick event Id=261, eMBMSSessionId=31 current size: 3761
pool-243-thread-3 reduces to 3760
[pool-243-thread-4] pick event Id=262, eMBMSSessionId=70 current size: 3759
[pool-243-thread-14] pick event Id=263, eMBMSSessionId=89 current size: 3758
pool-243-thread-11 reduces to 3757
[pool-243-thread-2] adds event Id=264, eMBMSSessionId=98 current size: 3757
[pool-243-thread-8] pick event Id=265, eMBMSSessionId=45 current size: 3756
[pool-243-thread-12] pick event Id=266, eMBMSSessionId=27 current size: 3755
[pool-243-thread-1] pick event Id=267, eMBMSSessionId=29 current size: 3754
[pool-243-thread-5] adds event Id=268, eMBMSSessionId=44 current size: 3754
[pool-243-thread-5] pick event Id=269, eMBMSSessionId=75 current size: 3753
[pool-243-thread-5] pick event Id=270, eMBMSSessionId=23 current size: 3752
[pool-243-thread-20] pick event Id=271, eMBMSSessionId=91 current size: 3751
[pool-243-thread-20] pick event Id=272, eMBMSSessionId=81 current size: 3750
[pool-243-thread-20] adds event Id=273, eMBMSSessionId=29 current size: 3750
[pool-243-thread-20] pick event Id=274, eMBMSSessionId=28 current size: 3749
[pool-243-thread-20] pick event Id=275, eMBMSSessionId=41 current size: 3748
pool-243-thread-6 reduces to 3747
[pool-243-thread-13] pick event Id=276, eMBMSSessionId=55 current size: 3746
[pool-243-thread-19] pick event Id=277, eMBMSSessionId=73 current size: 3745
[pool-243-thread-17] pick event Id=278, eMBMSSessionId=37 current size: 3744
pool-243-thread-10 reduces to 3743
[pool-243-thread-16] pick event Id=279, eMBMSSessionId=80 current size: 3742
[pool-243-thread-3] pick event Id=280, eMBMSSessionId=3 current size: 3741
[pool-243-thread-7] pick event Id=281, eMBMSSessionId=6 current size: 3740
[pool-243-thread-16] pick event Id=282, eMBMSSessionId=87 current size: 3739
[pool-243-thread-7] pick event Id=283, eMBMSSessionId=30 current size: 3738
[pool-243-thread-14] pick event Id=284, eMBMSSessionId=59 current size: 3737
[pool-243-thread-11] pick event Id=285, eMBMSSessionId=4 current size: 3736
[pool-243-thread-11] pick event Id=286, eMBMSSessionId=81 current size: 3735
[pool-243-thread-2] pick event Id=287, eMBMSSessionId=17 current size: 3734
[pool-243-thread-12] pick event Id=288, eMBMSSessionId=11 current size: 3733
[pool-243-thread-12] pick event Id=289, eMBMSSessionId=19 current size: 3732
[pool-243-thread-12] adds event Id=290, eMBMSSessionId=73 current size: 3732
[pool-243-thread-12] pick event Id=291, eMBMSSessionId=42 current size: 3731
[pool-243-thread-12] pick event Id=292, eMBMSSessionId=40 current size: 3730
[pool-243-thread-9] pick event Id=293, eMBMSSessionId=42 current size: 3729
[pool-243-thread-9] pick event Id=294, eMBMSSessionId=88 current size: 3728
[pool-243-thread-8] adds event Id=295, eMBMSSessionId=98 current size: 3728
[pool-243-thread-8] pick event Id=296, eMBMSSessionId=22 current size: 3727
[pool-243-thread-18] pick event Id=297, eMBMSSessionId=67 current size: 3726
[pool-243-thread-8] adds event Id=298, eMBMSSessionId=59 current size: 3726
[pool-243-thread-8] pick event Id=299, eMBMSSessionId=39 current size: 3725
[pool-243-thread-8] pick event Id=300, eMBMSSessionId=68 current size: 3724
[pool-243-thread-8] adds event Id=301, eMBMSSessionId=29 current size: 3724
[pool-243-thread-8] pick event Id=302, eMBMSSessionId=9 current size: 3723
pool-243-thread-1 reduces to 3722
[pool-243-thread-13] pick event Id=303, eMBMSSessionId=54 current size: 3721
pool-243-thread-6 reduces to 3720
[pool-243-thread-15] pick event Id=304, eMBMSSessionId=0 current size: 3719
[pool-243-thread-10] pick event Id=305, eMBMSSessionId=85 current size: 3718
pool-243-thread-19 reduces to 3717
pool-243-thread-14 reduces to 3716
[pool-243-thread-11] pick event Id=306, eMBMSSessionId=24 current size: 3715
[pool-243-thread-4] pick event Id=307, eMBMSSessionId=61 current size: 3714
[pool-243-thread-5] pick event Id=308, eMBMSSessionId=72 current size: 3713
[pool-243-thread-20] pick event Id=309, eMBMSSessionId=37 current size: 3712
pool-243-thread-1 reduces to 3711
[pool-243-thread-17] pick event Id=310, eMBMSSessionId=72 current size: 3710
pool-243-thread-6 reduces to 3709
[pool-243-thread-18] pick event Id=311, eMBMSSessionId=12 current size: 3708
[pool-243-thread-15] pick event Id=312, eMBMSSessionId=95 current size: 3707
[pool-243-thread-7] pick event Id=313, eMBMSSessionId=46 current size: 3706
[pool-243-thread-16] pick event Id=314, eMBMSSessionId=91 current size: 3705
[pool-243-thread-3] pick event Id=315, eMBMSSessionId=70 current size: 3704
[pool-243-thread-19] pick event Id=316, eMBMSSessionId=41 current size: 3703
[pool-243-thread-2] pick event Id=317, eMBMSSessionId=94 current size: 3702
[pool-243-thread-12] pick event Id=318, eMBMSSessionId=4 current size: 3701
[pool-243-thread-9] pick event Id=319, eMBMSSessionId=26 current size: 3700
[pool-243-thread-5] pick event Id=320, eMBMSSessionId=2 current size: 3699
[pool-243-thread-8] pick event Id=321, eMBMSSessionId=84 current size: 3698
[pool-243-thread-13] pick event Id=322, eMBMSSessionId=67 current size: 3697
[pool-243-thread-8] pick event Id=323, eMBMSSessionId=83 current size: 3696
[pool-243-thread-14] pick event Id=324, eMBMSSessionId=60 current size: 3695
[pool-243-thread-18] pick event Id=325, eMBMSSessionId=96 current size: 3694
[pool-243-thread-10] pick event Id=326, eMBMSSessionId=73 current size: 3693
[pool-243-thread-11] adds event Id=327, eMBMSSessionId=26 current size: 3693
[pool-243-thread-4] pick event Id=328, eMBMSSessionId=72 current size: 3692
pool-243-thread-9 reduces to 3691
[pool-243-thread-2] pick event Id=329, eMBMSSessionId=27 current size: 3690
[pool-243-thread-20] pick event Id=330, eMBMSSessionId=93 current size: 3689
[pool-243-thread-6] pick event Id=331, eMBMSSessionId=82 current size: 3688
[pool-243-thread-1] adds event Id=332, eMBMSSessionId=26 current size: 3688
[pool-243-thread-17] pick event Id=333, eMBMSSessionId=55 current size: 3687
[pool-243-thread-15] pick event Id=334, eMBMSSessionId=34 current size: 3686
[pool-243-thread-7] pick event Id=335, eMBMSSessionId=31 current size: 3685
[pool-243-thread-10] pick event Id=336, eMBMSSessionId=69 current size: 3684
[pool-243-thread-19] adds event Id=337, eMBMSSessionId=27 current size: 3684
[pool-243-thread-11] pick event Id=338, eMBMSSessionId=1 current size: 3683
[pool-243-thread-11] pick event Id=339, eMBMSSessionId=32 current size: 3682
[pool-243-thread-16] adds event Id=340, eMBMSSessionId=72 current size: 3682
[pool-243-thread-3] pick event Id=341, eMBMSSessionId=47 current size: 3681
[pool-243-thread-12] pick event Id=342, eMBMSSessionId=79 current size: 3680
[pool-243-thread-5] pick event Id=343, eMBMSSessionId=62 current size: 3679
[pool-243-thread-13] pick event Id=344, eMBMSSessionId=12 current size: 3678
pool-243-thread-4 reduces to 3677
pool-243-thread-9 reduces to 3676
[pool-243-thread-1] adds event Id=345, eMBMSSessionId=31 current size: 3676
[pool-243-thread-20] pick event Id=346, eMBMSSessionId=61 current size: 3675
[pool-243-thread-8] pick event Id=347, eMBMSSessionId=22 current size: 3674
pool-243-thread-2 reduces to 3673
[pool-243-thread-14] adds event Id=348, eMBMSSessionId=72 current size: 3673
[pool-243-thread-18] pick event Id=349, eMBMSSessionId=90 current size: 3672
[pool-243-thread-19] adds event Id=350, eMBMSSessionId=12 current size: 3672
pool-243-thread-7 reduces to 3671
[pool-243-thread-16] pick event Id=351, eMBMSSessionId=98 current size: 3670
pool-243-thread-13 reduces to 3669
pool-243-thread-4 reduces to 3668
[pool-243-thread-1] pick event Id=352, eMBMSSessionId=10 current size: 3667
[pool-243-thread-6] pick event Id=353, eMBMSSessionId=66 current size: 3666
[pool-243-thread-14] pick event Id=354, eMBMSSessionId=0 current size: 3665
[pool-243-thread-17] adds event Id=355, eMBMSSessionId=10 current size: 3665
[pool-243-thread-8] pick event Id=356, eMBMSSessionId=94 current size: 3664
[pool-243-thread-15] pick event Id=357, eMBMSSessionId=99 current size: 3663
[pool-243-thread-19] pick event Id=358, eMBMSSessionId=44 current size: 3662
[pool-243-thread-10] pick event Id=359, eMBMSSessionId=38 current size: 3661
[pool-243-thread-11] pick event Id=360, eMBMSSessionId=96 current size: 3660
[pool-243-thread-12] pick event Id=361, eMBMSSessionId=37 current size: 3659
[pool-243-thread-5] pick event Id=362, eMBMSSessionId=63 current size: 3658
[pool-243-thread-3] adds event Id=363, eMBMSSessionId=37 current size: 3658
[pool-243-thread-9] pick event Id=364, eMBMSSessionId=86 current size: 3657
[pool-243-thread-3] pick event Id=365, eMBMSSessionId=90 current size: 3656
[pool-243-thread-20] pick event Id=366, eMBMSSessionId=42 current size: 3655
[pool-243-thread-2] pick event Id=367, eMBMSSessionId=52 current size: 3654
pool-243-thread-1 reduces to 3653
[pool-243-thread-17] pick event Id=368, eMBMSSessionId=20 current size: 3652
[pool-243-thread-6] pick event Id=369, eMBMSSessionId=41 current size: 3651
[pool-243-thread-7] pick event Id=370, eMBMSSessionId=34 current size: 3650
[pool-243-thread-15] adds event Id=371, eMBMSSessionId=63 current size: 3650
[pool-243-thread-18] pick event Id=372, eMBMSSessionId=12 current size: 3649
[pool-243-thread-15] adds event Id=373, eMBMSSessionId=34 current size: 3649
[pool-243-thread-16] pick event Id=374, eMBMSSessionId=3 current size: 3648
[pool-243-thread-15] pick event Id=375, eMBMSSessionId=73 current size: 3647
pool-243-thread-12 reduces to 3646
pool-243-thread-5 reduces to 3645
[pool-243-thread-13] pick event Id=376, eMBMSSessionId=48 current size: 3644
[pool-243-thread-4] pick event Id=377, eMBMSSessionId=56 current size: 3643
[pool-243-thread-14] pick event Id=378, eMBMSSessionId=75 current size: 3642
[pool-243-thread-8] pick event Id=379, eMBMSSessionId=83 current size: 3641
[pool-243-thread-19] pick event Id=380, eMBMSSessionId=62 current size: 3640
pool-243-thread-7 reduces to 3639
[pool-243-thread-10] adds event Id=381, eMBMSSessionId=73 current size: 3639
[pool-243-thread-11] pick event Id=382, eMBMSSessionId=90 current size: 3638
[pool-243-thread-9] pick event Id=383, eMBMSSessionId=38 current size: 3637
pool-243-thread-15 reduces to 3636
[pool-243-thread-20] adds event Id=384, eMBMSSessionId=75 current size: 3636
[pool-243-thread-3] pick event Id=385, eMBMSSessionId=33 current size: 3635
[pool-243-thread-1] pick event Id=386, eMBMSSessionId=82 current size: 3634
[pool-243-thread-2] pick event Id=387, eMBMSSessionId=6 current size: 3633
[pool-243-thread-17] pick event Id=388, eMBMSSessionId=20 current size: 3632
[pool-243-thread-6] pick event Id=389, eMBMSSessionId=92 current size: 3631
pool-243-thread-14 reduces to 3630
[pool-243-thread-10] adds event Id=390, eMBMSSessionId=90 current size: 3630
[pool-243-thread-18] pick event Id=391, eMBMSSessionId=10 current size: 3629
[pool-243-thread-19] pick event Id=392, eMBMSSessionId=17 current size: 3628
pool-243-thread-11 reduces to 3627
[pool-243-thread-16] pick event Id=393, eMBMSSessionId=93 current size: 3626
[pool-243-thread-12] pick event Id=394, eMBMSSessionId=39 current size: 3625
[pool-243-thread-20] pick event Id=395, eMBMSSessionId=25 current size: 3624
[pool-243-thread-13] pick event Id=396, eMBMSSessionId=77 current size: 3623
[pool-243-thread-5] pick event Id=397, eMBMSSessionId=38 current size: 3622
[pool-243-thread-4] adds event Id=398, eMBMSSessionId=6 current size: 3622
pool-243-thread-2 reduces to 3621
[pool-243-thread-8] adds event Id=399, eMBMSSessionId=6 current size: 3621
[pool-243-thread-6] pick event Id=400, eMBMSSessionId=83 current size: 3620
[pool-243-thread-10] pick event Id=401, eMBMSSessionId=86 current size: 3619
[pool-243-thread-7] pick event Id=402, eMBMSSessionId=35 current size: 3618
[pool-243-thread-16] pick event Id=403, eMBMSSessionId=17 current size: 3617
[pool-243-thread-9] pick event Id=404, eMBMSSessionId=15 current size: 3616
[pool-243-thread-20] pick event Id=405, eMBMSSessionId=3 current size: 3615
[pool-243-thread-15] pick event Id=406, eMBMSSessionId=28 current size: 3614
[pool-243-thread-13] pick event Id=407, eMBMSSessionId=79 current size: 3613
[pool-243-thread-1] pick event Id=408, eMBMSSessionId=88 current size: 3612
[pool-243-thread-4] pick event Id=409, eMBMSSessionId=9 current size: 3611
[pool-243-thread-3] pick event Id=410, eMBMSSessionId=63 current size: 3610
pool-243-thread-2 reduces to 3609
[pool-243-thread-8] pick event Id=411, eMBMSSessionId=72 current size: 3608
[pool-243-thread-17] pick event Id=412, eMBMSSessionId=70 current size: 3607
[pool-243-thread-14] adds event Id=413, eMBMSSessionId=15 current size: 3607
[pool-243-thread-19] pick event Id=414, eMBMSSessionId=89 current size: 3606
[pool-243-thread-18] pick event Id=415, eMBMSSessionId=68 current size: 3605
[pool-243-thread-11] adds event Id=416, eMBMSSessionId=89 current size: 3605
[pool-243-thread-12] pick event Id=417, eMBMSSessionId=57 current size: 3604
[pool-243-thread-7] pick event Id=418, eMBMSSessionId=66 current size: 3603
[pool-243-thread-5] pick event Id=419, eMBMSSessionId=55 current size: 3602
pool-243-thread-9 reduces to 3601
[pool-243-thread-14] pick event Id=420, eMBMSSessionId=40 current size: 3600
[pool-243-thread-6] pick event Id=421, eMBMSSessionId=50 current size: 3599
[pool-243-thread-10] pick event Id=422, eMBMSSessionId=94 current size: 3598
pool-243-thread-19 reduces to 3597
[pool-243-thread-11] pick event Id=423, eMBMSSessionId=22 current size: 3596
[pool-243-thread-16] pick event Id=424, eMBMSSessionId=64 current size: 3595
[pool-243-thread-12] adds event Id=425, eMBMSSessionId=40 current size: 3595
[pool-243-thread-13] pick event Id=426, eMBMSSessionId=91 current size: 3594
[pool-243-thread-15] pick event Id=427, eMBMSSessionId=76 current size: 3593
[pool-243-thread-2] pick event Id=428, eMBMSSessionId=42 current size: 3592
[pool-243-thread-20] pick event Id=429, eMBMSSessionId=18 current size: 3591
[pool-243-thread-3] pick event Id=430, eMBMSSessionId=90 current size: 3590
[pool-243-thread-1] pick event Id=431, eMBMSSessionId=17 current size: 3589
[pool-243-thread-8] pick event Id=432, eMBMSSessionId=8 current size: 3588
[pool-243-thread-4] adds event Id=433, eMBMSSessionId=90 current size: 3588
[pool-243-thread-17] pick event Id=434, eMBMSSessionId=92 current size: 3587
[pool-243-thread-4] pick event Id=435, eMBMSSessionId=39 current size: 3586
pool-243-thread-14 reduces to 3585
[pool-243-thread-18] pick event Id=436, eMBMSSessionId=81 current size: 3584
[pool-243-thread-12] adds event Id=437, eMBMSSessionId=18 current size: 3584
[pool-243-thread-7] pick event Id=438, eMBMSSessionId=89 current size: 3583
[pool-243-thread-5] pick event Id=439, eMBMSSessionId=98 current size: 3582
[pool-243-thread-9] pick event Id=440, eMBMSSessionId=55 current size: 3581
pool-243-thread-20 reduces to 3580
pool-243-thread-3 reduces to 3579
[pool-243-thread-6] pick event Id=441, eMBMSSessionId=34 current size: 3578
[pool-243-thread-19] pick event Id=442, eMBMSSessionId=44 current size: 3577
[pool-243-thread-10] pick event Id=443, eMBMSSessionId=42 current size: 3576
[pool-243-thread-4] pick event Id=444, eMBMSSessionId=85 current size: 3575
[pool-243-thread-16] pick event Id=445, eMBMSSessionId=51 current size: 3574
[pool-243-thread-12] pick event Id=446, eMBMSSessionId=26 current size: 3573
[pool-243-thread-11] pick event Id=447, eMBMSSessionId=41 current size: 3572
[pool-243-thread-15] pick event Id=448, eMBMSSessionId=15 current size: 3571
[pool-243-thread-13] pick event Id=449, eMBMSSessionId=74 current size: 3570
[pool-243-thread-2] pick event Id=450, eMBMSSessionId=1 current size: 3569
[pool-243-thread-1] pick event Id=451, eMBMSSessionId=86 current size: 3568
[pool-243-thread-8] pick event Id=452, eMBMSSessionId=9 current size: 3567
[pool-243-thread-3] pick event Id=453, eMBMSSessionId=87 current size: 3566
[pool-243-thread-17] pick event Id=454, eMBMSSessionId=81 current size: 3565
[pool-243-thread-18] pick event Id=455, eMBMSSessionId=6 current size: 3564
[pool-243-thread-14] pick event Id=456, eMBMSSessionId=5 current size: 3563
[pool-243-thread-4] pick event Id=457, eMBMSSessionId=25 current size: 3562
[pool-243-thread-7] pick event Id=458, eMBMSSessionId=50 current size: 3561
[pool-243-thread-15] pick event Id=459, eMBMSSessionId=77 current size: 3560
[pool-243-thread-5] pick event Id=460, eMBMSSessionId=41 current size: 3559
[pool-243-thread-9] pick event Id=461, eMBMSSessionId=43 current size: 3558
[pool-243-thread-20] pick event Id=462, eMBMSSessionId=65 current size: 3557
[pool-243-thread-6] pick event Id=463, eMBMSSessionId=85 current size: 3556
[pool-243-thread-19] pick event Id=464, eMBMSSessionId=32 current size: 3555
[pool-243-thread-10] pick event Id=465, eMBMSSessionId=14 current size: 3554
[pool-243-thread-16] adds event Id=466, eMBMSSessionId=41 current size: 3554
[pool-243-thread-12] pick event Id=467, eMBMSSessionId=84 current size: 3553
[pool-243-thread-11] pick event Id=468, eMBMSSessionId=54 current size: 3552
[pool-243-thread-2] pick event Id=469, eMBMSSessionId=98 current size: 3551
[pool-243-thread-13] adds event Id=470, eMBMSSessionId=54 current size: 3551
pool-243-thread-5 reduces to 3550
[pool-243-thread-1] pick event Id=471, eMBMSSessionId=88 current size: 3549
[pool-243-thread-8] pick event Id=472, eMBMSSessionId=51 current size: 3548
[pool-243-thread-3] pick event Id=473, eMBMSSessionId=7 current size: 3547
[pool-243-thread-17] pick event Id=474, eMBMSSessionId=53 current size: 3546
[pool-243-thread-18] pick event Id=475, eMBMSSessionId=56 current size: 3545
[pool-243-thread-6] pick event Id=476, eMBMSSessionId=77 current size: 3544
[pool-243-thread-14] pick event Id=477, eMBMSSessionId=94 current size: 3543
[pool-243-thread-16] pick event Id=478, eMBMSSessionId=76 current size: 3542
pool-243-thread-11 reduces to 3541
[pool-243-thread-4] pick event Id=479, eMBMSSessionId=49 current size: 3540
[pool-243-thread-7] pick event Id=480, eMBMSSessionId=78 current size: 3539
[pool-243-thread-15] pick event Id=481, eMBMSSessionId=68 current size: 3538
[pool-243-thread-13] pick event Id=482, eMBMSSessionId=81 current size: 3537
[pool-243-thread-9] pick event Id=483, eMBMSSessionId=98 current size: 3536
[pool-243-thread-20] pick event Id=484, eMBMSSessionId=3 current size: 3535
[pool-243-thread-19] pick event Id=485, eMBMSSessionId=67 current size: 3534
[pool-243-thread-10] pick event Id=486, eMBMSSessionId=74 current size: 3533
[pool-243-thread-12] pick event Id=487, eMBMSSessionId=66 current size: 3532
[pool-243-thread-2] pick event Id=488, eMBMSSessionId=24 current size: 3531
[pool-243-thread-5] pick event Id=489, eMBMSSessionId=15 current size: 3530
[pool-243-thread-1] pick event Id=490, eMBMSSessionId=7 current size: 3529
[pool-243-thread-9] pick event Id=491, eMBMSSessionId=49 current size: 3528
[pool-243-thread-8] pick event Id=492, eMBMSSessionId=98 current size: 3527
[pool-243-thread-3] pick event Id=493, eMBMSSessionId=9 current size: 3526
[pool-243-thread-18] adds event Id=494, eMBMSSessionId=15 current size: 3526
[pool-243-thread-6] pick event Id=495, eMBMSSessionId=70 current size: 3525
[pool-243-thread-17] pick event Id=496, eMBMSSessionId=11 current size: 3524
[pool-243-thread-14] pick event Id=497, eMBMSSessionId=76 current size: 3523
[pool-243-thread-16] pick event Id=498, eMBMSSessionId=14 current size: 3522
[pool-243-thread-11] pick event Id=499, eMBMSSessionId=28 current size: 3521
[pool-243-thread-4] pick event Id=500, eMBMSSessionId=46 current size: 3520
[pool-243-thread-10] pick event Id=501, eMBMSSessionId=40 current size: 3519
pool-243-thread-5 reduces to 3518
[pool-243-thread-12] adds event Id=502, eMBMSSessionId=40 current size: 3518
[pool-243-thread-15] pick event Id=503, eMBMSSessionId=7 current size: 3517
[pool-243-thread-7] pick event Id=504, eMBMSSessionId=26 current size: 3516
[pool-243-thread-13] pick event Id=505, eMBMSSessionId=16 current size: 3515
[pool-243-thread-20] pick event Id=506, eMBMSSessionId=88 current size: 3514
[pool-243-thread-18] pick event Id=507, eMBMSSessionId=51 current size: 3513
[pool-243-thread-19] pick event Id=508, eMBMSSessionId=49 current size: 3512
[pool-243-thread-17] pick event Id=509, eMBMSSessionId=64 current size: 3511
[pool-243-thread-2] pick event Id=510, eMBMSSessionId=56 current size: 3510
pool-243-thread-10 reduces to 3509
[pool-243-thread-1] pick event Id=511, eMBMSSessionId=52 current size: 3508
[pool-243-thread-12] pick event Id=512, eMBMSSessionId=74 current size: 3507
[pool-243-thread-9] adds event Id=513, eMBMSSessionId=64 current size: 3507
[pool-243-thread-3] pick event Id=514, eMBMSSessionId=80 current size: 3506
[pool-243-thread-8] pick event Id=515, eMBMSSessionId=44 current size: 3505
[pool-243-thread-6] pick event Id=516, eMBMSSessionId=7 current size: 3504
[pool-243-thread-14] pick event Id=517, eMBMSSessionId=32 current size: 3503
[pool-243-thread-18] pick event Id=518, eMBMSSessionId=42 current size: 3502
[pool-243-thread-16] pick event Id=519, eMBMSSessionId=30 current size: 3501
testOverload end.
testFull begin.
[pool-244-thread-1] pick event Id=0, eMBMSSessionId=78 current size: 4998
[pool-244-thread-3] pick event Id=1, eMBMSSessionId=4 current size: 4997
[pool-244-thread-4] pick event Id=2, eMBMSSessionId=62 current size: 4996
[pool-244-thread-2] pick event Id=3, eMBMSSessionId=88 current size: 4995
[pool-244-thread-8] pick event Id=4, eMBMSSessionId=21 current size: 4994
[pool-244-thread-9] pick event Id=5, eMBMSSessionId=81 current size: 4993
[pool-244-thread-5] pick event Id=6, eMBMSSessionId=67 current size: 4992
[pool-244-thread-6] adds event Id=7, eMBMSSessionId=81 current size: 4992
[pool-244-thread-7] adds event Id=8, eMBMSSessionId=81 current size: 4992
[pool-244-thread-10] adds event Id=9, eMBMSSessionId=62 current size: 4992
[pool-244-thread-11] pick event Id=10, eMBMSSessionId=64 current size: 4991
[pool-244-thread-12] pick event Id=11, eMBMSSessionId=91 current size: 4990
[pool-244-thread-13] pick event Id=12, eMBMSSessionId=38 current size: 4989
[pool-244-thread-14] pick event Id=13, eMBMSSessionId=27 current size: 4988
[pool-244-thread-15] adds event Id=14, eMBMSSessionId=27 current size: 4988
[pool-244-thread-16] pick event Id=15, eMBMSSessionId=14 current size: 4987
[pool-244-thread-17] adds event Id=16, eMBMSSessionId=62 current size: 4987
[pool-244-thread-18] pick event Id=17, eMBMSSessionId=76 current size: 4986
[pool-244-thread-6] pick event Id=18, eMBMSSessionId=57 current size: 4985
[pool-244-thread-19] pick event Id=19, eMBMSSessionId=68 current size: 4984
[pool-244-thread-10] pick event Id=20, eMBMSSessionId=31 current size: 4983
[pool-244-thread-20] adds event Id=21, eMBMSSessionId=4 current size: 4983
[pool-244-thread-7] pick event Id=22, eMBMSSessionId=53 current size: 4982
[pool-244-thread-20] pick event Id=23, eMBMSSessionId=29 current size: 4981
[pool-244-thread-17] pick event Id=24, eMBMSSessionId=98 current size: 4980
[pool-244-thread-15] pick event Id=25, eMBMSSessionId=32 current size: 4979
event queue is full, will clear all data!
NbiEventCache is cleared with total events removed: 5029
testFull end.
27 times run start
testEventSequence begin.
testEventSequence end.
testSendRadomEmbmsSessionEvents begin.
testSendRadomEmbmsSessionEvents end.
testSendSameEmbmsSessionEvents begin.
testSendSameEmbmsSessionEvents end.
testSendNoSameEmbmsSessionEvents begin.
testSendNoSameEmbmsSessionEvents end.
testSendNoEmbmsSessionIdEvents begin.
testSendNoEmbmsSessionIdEvents end.
testOverload begin.
[pool-252-thread-1] pick event Id=0, eMBMSSessionId=89 current size: 4019
[pool-252-thread-3] pick event Id=1, eMBMSSessionId=27 current size: 4018
pool-252-thread-1 Discard NBI event &apos; Id=0, eMBMSSessionId=89&apos;, current queue size: 4018
[pool-252-thread-4] pick event Id=2, eMBMSSessionId=44 current size: 4017
pool-252-thread-3 Discard NBI event &apos; Id=1, eMBMSSessionId=27&apos;, current queue size: 4018
[pool-252-thread-2] pick event Id=3, eMBMSSessionId=51 current size: 4016
pool-252-thread-2 Discard NBI event &apos; Id=3, eMBMSSessionId=51&apos;, current queue size: 4016
[pool-252-thread-5] adds event Id=4, eMBMSSessionId=51 current size: 4016
pool-252-thread-4 Discard NBI event &apos; Id=2, eMBMSSessionId=44&apos;, current queue size: 4016
[pool-252-thread-7] pick event Id=5, eMBMSSessionId=16 current size: 4015
[pool-252-thread-6] pick event Id=6, eMBMSSessionId=10 current size: 4014
pool-252-thread-7 Discard NBI event &apos; Id=5, eMBMSSessionId=16&apos;, current queue size: 4014
[pool-252-thread-8] pick event Id=7, eMBMSSessionId=47 current size: 4013
[pool-252-thread-9] pick event Id=8, eMBMSSessionId=50 current size: 4012
pool-252-thread-9 Discard NBI event &apos; Id=8, eMBMSSessionId=50&apos;, current queue size: 4012
pool-252-thread-8 Discard NBI event &apos; Id=7, eMBMSSessionId=47&apos;, current queue size: 4012
pool-252-thread-2 reduces to 4011
pool-252-thread-2 Discard NBI event &apos; Id=4, eMBMSSessionId=51&apos;, current queue size: 4011
pool-252-thread-6 Discard NBI event &apos; Id=6, eMBMSSessionId=10&apos;, current queue size: 4013
[pool-252-thread-10] pick event Id=9, eMBMSSessionId=28 current size: 4010
pool-252-thread-10 Discard NBI event &apos; Id=9, eMBMSSessionId=28&apos;, current queue size: 4010
[pool-252-thread-11] adds event Id=10, eMBMSSessionId=50 current size: 4010
[pool-252-thread-16] pick event Id=11, eMBMSSessionId=60 current size: 4009
pool-252-thread-16 Discard NBI event &apos; Id=11, eMBMSSessionId=60&apos;, current queue size: 4009
[pool-252-thread-17] pick event Id=12, eMBMSSessionId=69 current size: 4008
[pool-252-thread-19] pick event Id=13, eMBMSSessionId=70 current size: 4007
pool-252-thread-17 Discard NBI event &apos; Id=12, eMBMSSessionId=69&apos;, current queue size: 4007
[pool-252-thread-12] pick event Id=14, eMBMSSessionId=48 current size: 4006
pool-252-thread-19 Discard NBI event &apos; Id=13, eMBMSSessionId=70&apos;, current queue size: 4006
[pool-252-thread-20] pick event Id=15, eMBMSSessionId=61 current size: 4005
[pool-252-thread-13] pick event Id=16, eMBMSSessionId=76 current size: 4004
pool-252-thread-12 Discard NBI event &apos; Id=14, eMBMSSessionId=48&apos;, current queue size: 4005
[pool-252-thread-14] pick event Id=17, eMBMSSessionId=39 current size: 4003
pool-252-thread-9 reduces to 4002
pool-252-thread-13 Discard NBI event &apos; Id=16, eMBMSSessionId=76&apos;, current queue size: 4002
pool-252-thread-20 Discard NBI event &apos; Id=15, eMBMSSessionId=61&apos;, current queue size: 4002
[pool-252-thread-15] pick event Id=18, eMBMSSessionId=31 current size: 4001
pool-252-thread-14 Discard NBI event &apos; Id=17, eMBMSSessionId=39&apos;, current queue size: 4001
pool-252-thread-9 Discard NBI event &apos; Id=10, eMBMSSessionId=50&apos;, current queue size: 4001
[pool-252-thread-18] pick event Id=19, eMBMSSessionId=57 current size: 4000
pool-252-thread-15 Discard NBI event &apos; Id=18, eMBMSSessionId=31&apos;, current queue size: 4000
[pool-252-thread-1] pick event Id=20, eMBMSSessionId=33 current size: 3999
[pool-252-thread-2] pick event Id=21, eMBMSSessionId=90 current size: 3998
pool-252-thread-18 Discard NBI event &apos; Id=19, eMBMSSessionId=57&apos;, current queue size: 3998
[pool-252-thread-5] pick event Id=22, eMBMSSessionId=88 current size: 3997
[pool-252-thread-3] pick event Id=23, eMBMSSessionId=81 current size: 3996
[pool-252-thread-16] pick event Id=24, eMBMSSessionId=65 current size: 3995
[pool-252-thread-11] pick event Id=25, eMBMSSessionId=41 current size: 3994
[pool-252-thread-4] pick event Id=26, eMBMSSessionId=83 current size: 3993
[pool-252-thread-7] pick event Id=27, eMBMSSessionId=89 current size: 3992
[pool-252-thread-8] pick event Id=28, eMBMSSessionId=44 current size: 3991
[pool-252-thread-10] pick event Id=29, eMBMSSessionId=63 current size: 3990
[pool-252-thread-6] pick event Id=30, eMBMSSessionId=78 current size: 3989
[pool-252-thread-1] pick event Id=31, eMBMSSessionId=55 current size: 3988
[pool-252-thread-17] pick event Id=32, eMBMSSessionId=25 current size: 3987
[pool-252-thread-19] pick event Id=33, eMBMSSessionId=71 current size: 3986
[pool-252-thread-12] pick event Id=34, eMBMSSessionId=76 current size: 3985
[pool-252-thread-13] pick event Id=35, eMBMSSessionId=31 current size: 3984
[pool-252-thread-20] pick event Id=36, eMBMSSessionId=46 current size: 3983
[pool-252-thread-14] pick event Id=37, eMBMSSessionId=32 current size: 3982
[pool-252-thread-9] pick event Id=38, eMBMSSessionId=57 current size: 3981
[pool-252-thread-15] pick event Id=39, eMBMSSessionId=16 current size: 3980
[pool-252-thread-18] pick event Id=40, eMBMSSessionId=69 current size: 3979
[pool-252-thread-2] pick event Id=41, eMBMSSessionId=43 current size: 3978
[pool-252-thread-3] pick event Id=42, eMBMSSessionId=39 current size: 3977
[pool-252-thread-1] pick event Id=43, eMBMSSessionId=22 current size: 3976
[pool-252-thread-5] pick event Id=44, eMBMSSessionId=73 current size: 3975
[pool-252-thread-16] pick event Id=45, eMBMSSessionId=98 current size: 3974
[pool-252-thread-11] pick event Id=46, eMBMSSessionId=21 current size: 3973
[pool-252-thread-4] pick event Id=47, eMBMSSessionId=99 current size: 3972
[pool-252-thread-7] pick event Id=48, eMBMSSessionId=64 current size: 3971
[pool-252-thread-10] adds event Id=49, eMBMSSessionId=39 current size: 3971
[pool-252-thread-8] pick event Id=50, eMBMSSessionId=60 current size: 3970
[pool-252-thread-6] pick event Id=51, eMBMSSessionId=35 current size: 3969
[pool-252-thread-2] pick event Id=52, eMBMSSessionId=1 current size: 3968
[pool-252-thread-17] pick event Id=53, eMBMSSessionId=69 current size: 3967
pool-252-thread-3 reduces to 3966
[pool-252-thread-1] pick event Id=54, eMBMSSessionId=76 current size: 3965
[pool-252-thread-19] pick event Id=55, eMBMSSessionId=95 current size: 3964
[pool-252-thread-12] adds event Id=56, eMBMSSessionId=1 current size: 3964
[pool-252-thread-13] pick event Id=57, eMBMSSessionId=87 current size: 3963
[pool-252-thread-10] adds event Id=58, eMBMSSessionId=76 current size: 3963
[pool-252-thread-4] pick event Id=59, eMBMSSessionId=25 current size: 3962
[pool-252-thread-20] pick event Id=60, eMBMSSessionId=99 current size: 3961
[pool-252-thread-9] pick event Id=61, eMBMSSessionId=47 current size: 3960
[pool-252-thread-14] adds event Id=62, eMBMSSessionId=87 current size: 3960
[pool-252-thread-15] pick event Id=63, eMBMSSessionId=98 current size: 3959
[pool-252-thread-14] pick event Id=64, eMBMSSessionId=70 current size: 3958
[pool-252-thread-18] pick event Id=65, eMBMSSessionId=51 current size: 3957
[pool-252-thread-5] adds event Id=66, eMBMSSessionId=87 current size: 3957
pool-252-thread-2 reduces to 3956
pool-252-thread-1 reduces to 3955
[pool-252-thread-12] adds event Id=67, eMBMSSessionId=70 current size: 3955
[pool-252-thread-16] pick event Id=68, eMBMSSessionId=52 current size: 3954
pool-252-thread-13 reduces to 3953
[pool-252-thread-11] pick event Id=69, eMBMSSessionId=42 current size: 3952
[pool-252-thread-19] pick event Id=70, eMBMSSessionId=59 current size: 3951
[pool-252-thread-10] pick event Id=71, eMBMSSessionId=68 current size: 3950
[pool-252-thread-7] pick event Id=72, eMBMSSessionId=84 current size: 3949
[pool-252-thread-8] pick event Id=73, eMBMSSessionId=69 current size: 3948
pool-252-thread-14 reduces to 3947
[pool-252-thread-9] pick event Id=74, eMBMSSessionId=53 current size: 3946
[pool-252-thread-6] pick event Id=75, eMBMSSessionId=10 current size: 3945
[pool-252-thread-5] adds event Id=76, eMBMSSessionId=52 current size: 3945
[pool-252-thread-3] pick event Id=77, eMBMSSessionId=86 current size: 3944
[pool-252-thread-17] pick event Id=78, eMBMSSessionId=58 current size: 3943
[pool-252-thread-12] pick event Id=79, eMBMSSessionId=8 current size: 3942
pool-252-thread-16 reduces to 3941
pool-252-thread-13 reduces to 3940
[pool-252-thread-20] pick event Id=80, eMBMSSessionId=34 current size: 3939
[pool-252-thread-4] pick event Id=81, eMBMSSessionId=95 current size: 3938
[pool-252-thread-15] pick event Id=82, eMBMSSessionId=14 current size: 3937
[pool-252-thread-18] adds event Id=83, eMBMSSessionId=34 current size: 3937
[pool-252-thread-5] pick event Id=84, eMBMSSessionId=17 current size: 3936
[pool-252-thread-1] pick event Id=85, eMBMSSessionId=24 current size: 3935
[pool-252-thread-2] pick event Id=86, eMBMSSessionId=21 current size: 3934
[pool-252-thread-19] pick event Id=87, eMBMSSessionId=69 current size: 3933
[pool-252-thread-7] pick event Id=88, eMBMSSessionId=16 current size: 3932
[pool-252-thread-11] pick event Id=89, eMBMSSessionId=75 current size: 3931
[pool-252-thread-10] pick event Id=90, eMBMSSessionId=89 current size: 3930
[pool-252-thread-8] adds event Id=91, eMBMSSessionId=14 current size: 3930
pool-252-thread-20 reduces to 3929
[pool-252-thread-14] pick event Id=92, eMBMSSessionId=87 current size: 3928
pool-252-thread-15 reduces to 3927
[pool-252-thread-18] adds event Id=93, eMBMSSessionId=16 current size: 3927
[pool-252-thread-9] adds event Id=94, eMBMSSessionId=17 current size: 3927
[pool-252-thread-6] pick event Id=95, eMBMSSessionId=18 current size: 3926
pool-252-thread-5 reduces to 3925
[pool-252-thread-3] pick event Id=96, eMBMSSessionId=78 current size: 3924
[pool-252-thread-17] pick event Id=97, eMBMSSessionId=8 current size: 3923
[pool-252-thread-12] pick event Id=98, eMBMSSessionId=97 current size: 3922
[pool-252-thread-16] pick event Id=99, eMBMSSessionId=14 current size: 3921
[pool-252-thread-13] pick event Id=100, eMBMSSessionId=48 current size: 3920
pool-252-thread-7 reduces to 3919
[pool-252-thread-8] pick event Id=101, eMBMSSessionId=92 current size: 3918
[pool-252-thread-4] pick event Id=102, eMBMSSessionId=43 current size: 3917
[pool-252-thread-18] pick event Id=103, eMBMSSessionId=66 current size: 3916
[pool-252-thread-9] pick event Id=104, eMBMSSessionId=44 current size: 3915
[pool-252-thread-15] pick event Id=105, eMBMSSessionId=7 current size: 3914
[pool-252-thread-1] pick event Id=106, eMBMSSessionId=96 current size: 3913
[pool-252-thread-2] pick event Id=107, eMBMSSessionId=9 current size: 3912
[pool-252-thread-11] pick event Id=108, eMBMSSessionId=46 current size: 3911
[pool-252-thread-19] pick event Id=109, eMBMSSessionId=98 current size: 3910
[pool-252-thread-10] pick event Id=110, eMBMSSessionId=58 current size: 3909
[pool-252-thread-20] pick event Id=111, eMBMSSessionId=8 current size: 3908
[pool-252-thread-8] pick event Id=112, eMBMSSessionId=5 current size: 3907
[pool-252-thread-14] pick event Id=113, eMBMSSessionId=36 current size: 3906
[pool-252-thread-6] pick event Id=114, eMBMSSessionId=99 current size: 3905
[pool-252-thread-15] pick event Id=115, eMBMSSessionId=69 current size: 3904
[pool-252-thread-5] pick event Id=116, eMBMSSessionId=57 current size: 3903
[pool-252-thread-16] pick event Id=117, eMBMSSessionId=25 current size: 3902
[pool-252-thread-3] pick event Id=118, eMBMSSessionId=74 current size: 3901
[pool-252-thread-12] pick event Id=119, eMBMSSessionId=24 current size: 3900
[pool-252-thread-7] pick event Id=120, eMBMSSessionId=10 current size: 3899
[pool-252-thread-17] pick event Id=121, eMBMSSessionId=56 current size: 3898
[pool-252-thread-13] pick event Id=122, eMBMSSessionId=32 current size: 3897
[pool-252-thread-4] pick event Id=123, eMBMSSessionId=64 current size: 3896
[pool-252-thread-18] adds event Id=124, eMBMSSessionId=5 current size: 3896
pool-252-thread-8 reduces to 3895
[pool-252-thread-9] pick event Id=125, eMBMSSessionId=96 current size: 3894
[pool-252-thread-1] adds event Id=126, eMBMSSessionId=56 current size: 3894
[pool-252-thread-15] pick event Id=127, eMBMSSessionId=55 current size: 3893
[pool-252-thread-2] pick event Id=128, eMBMSSessionId=25 current size: 3892
pool-252-thread-17 reduces to 3891
[pool-252-thread-11] pick event Id=129, eMBMSSessionId=65 current size: 3890
[pool-252-thread-19] pick event Id=130, eMBMSSessionId=12 current size: 3889
[pool-252-thread-13] pick event Id=131, eMBMSSessionId=27 current size: 3888
[pool-252-thread-10] pick event Id=132, eMBMSSessionId=29 current size: 3887
[pool-252-thread-20] pick event Id=133, eMBMSSessionId=24 current size: 3886
[pool-252-thread-18] pick event Id=134, eMBMSSessionId=22 current size: 3885
[pool-252-thread-14] adds event Id=135, eMBMSSessionId=55 current size: 3885
[pool-252-thread-6] pick event Id=136, eMBMSSessionId=73 current size: 3884
[pool-252-thread-5] pick event Id=137, eMBMSSessionId=97 current size: 3883
[pool-252-thread-1] adds event Id=138, eMBMSSessionId=56 current size: 3883
[pool-252-thread-16] pick event Id=139, eMBMSSessionId=23 current size: 3882
[pool-252-thread-3] pick event Id=140, eMBMSSessionId=52 current size: 3881
pool-252-thread-15 reduces to 3880
[pool-252-thread-12] pick event Id=141, eMBMSSessionId=2 current size: 3879
[pool-252-thread-7] pick event Id=142, eMBMSSessionId=89 current size: 3878
pool-252-thread-17 reduces to 3877
[pool-252-thread-4] pick event Id=143, eMBMSSessionId=4 current size: 3876
[pool-252-thread-14] adds event Id=144, eMBMSSessionId=2 current size: 3876
[pool-252-thread-8] pick event Id=145, eMBMSSessionId=33 current size: 3875
[pool-252-thread-18] pick event Id=146, eMBMSSessionId=13 current size: 3874
[pool-252-thread-9] adds event Id=147, eMBMSSessionId=55 current size: 3874
[pool-252-thread-6] pick event Id=148, eMBMSSessionId=94 current size: 3873
[pool-252-thread-1] pick event Id=149, eMBMSSessionId=95 current size: 3872
pool-252-thread-15 reduces to 3871
[pool-252-thread-16] pick event Id=150, eMBMSSessionId=31 current size: 3870
[pool-252-thread-2] pick event Id=151, eMBMSSessionId=79 current size: 3869
[pool-252-thread-11] pick event Id=152, eMBMSSessionId=83 current size: 3868
[pool-252-thread-19] pick event Id=153, eMBMSSessionId=15 current size: 3867
pool-252-thread-12 reduces to 3866
[pool-252-thread-13] pick event Id=154, eMBMSSessionId=37 current size: 3865
[pool-252-thread-4] pick event Id=155, eMBMSSessionId=43 current size: 3864
[pool-252-thread-14] pick event Id=156, eMBMSSessionId=87 current size: 3863
[pool-252-thread-20] pick event Id=157, eMBMSSessionId=65 current size: 3862
[pool-252-thread-9] pick event Id=158, eMBMSSessionId=8 current size: 3861
[pool-252-thread-8] pick event Id=159, eMBMSSessionId=66 current size: 3860
[pool-252-thread-10] pick event Id=160, eMBMSSessionId=89 current size: 3859
[pool-252-thread-5] pick event Id=161, eMBMSSessionId=28 current size: 3858
[pool-252-thread-15] pick event Id=162, eMBMSSessionId=23 current size: 3857
[pool-252-thread-3] pick event Id=163, eMBMSSessionId=59 current size: 3856
[pool-252-thread-7] pick event Id=164, eMBMSSessionId=57 current size: 3855
[pool-252-thread-17] pick event Id=165, eMBMSSessionId=56 current size: 3854
[pool-252-thread-13] pick event Id=166, eMBMSSessionId=11 current size: 3853
[pool-252-thread-18] pick event Id=167, eMBMSSessionId=25 current size: 3852
[pool-252-thread-1] pick event Id=168, eMBMSSessionId=22 current size: 3851
[pool-252-thread-6] pick event Id=169, eMBMSSessionId=18 current size: 3850
[pool-252-thread-16] pick event Id=170, eMBMSSessionId=97 current size: 3849
[pool-252-thread-2] pick event Id=171, eMBMSSessionId=64 current size: 3848
[pool-252-thread-19] pick event Id=172, eMBMSSessionId=57 current size: 3847
[pool-252-thread-12] adds event Id=173, eMBMSSessionId=22 current size: 3847
[pool-252-thread-11] adds event Id=174, eMBMSSessionId=64 current size: 3847
[pool-252-thread-4] pick event Id=175, eMBMSSessionId=55 current size: 3846
[pool-252-thread-14] pick event Id=176, eMBMSSessionId=77 current size: 3845
[pool-252-thread-20] pick event Id=177, eMBMSSessionId=98 current size: 3844
[pool-252-thread-8] pick event Id=178, eMBMSSessionId=53 current size: 3843
[pool-252-thread-9] pick event Id=179, eMBMSSessionId=65 current size: 3842
[pool-252-thread-10] pick event Id=180, eMBMSSessionId=54 current size: 3841
[pool-252-thread-18] adds event Id=181, eMBMSSessionId=77 current size: 3841
[pool-252-thread-5] pick event Id=182, eMBMSSessionId=37 current size: 3840
pool-252-thread-1 reduces to 3839
[pool-252-thread-15] pick event Id=183, eMBMSSessionId=6 current size: 3838
[pool-252-thread-3] adds event Id=184, eMBMSSessionId=98 current size: 3838
[pool-252-thread-16] pick event Id=185, eMBMSSessionId=91 current size: 3837
pool-252-thread-2 reduces to 3836
[pool-252-thread-7] pick event Id=186, eMBMSSessionId=42 current size: 3835
[pool-252-thread-12] adds event Id=187, eMBMSSessionId=55 current size: 3835
[pool-252-thread-17] adds event Id=188, eMBMSSessionId=55 current size: 3835
[pool-252-thread-19] adds event Id=189, eMBMSSessionId=65 current size: 3835
[pool-252-thread-11] pick event Id=190, eMBMSSessionId=27 current size: 3834
pool-252-thread-4 reduces to 3833
pool-252-thread-14 reduces to 3832
[pool-252-thread-13] pick event Id=191, eMBMSSessionId=90 current size: 3831
pool-252-thread-20 reduces to 3830
[pool-252-thread-18] pick event Id=192, eMBMSSessionId=44 current size: 3829
pool-252-thread-9 reduces to 3828
[pool-252-thread-6] pick event Id=193, eMBMSSessionId=97 current size: 3827
[pool-252-thread-3] pick event Id=194, eMBMSSessionId=94 current size: 3826
[pool-252-thread-12] adds event Id=195, eMBMSSessionId=77 current size: 3826
[pool-252-thread-17] pick event Id=196, eMBMSSessionId=35 current size: 3825
[pool-252-thread-19] pick event Id=197, eMBMSSessionId=31 current size: 3824
pool-252-thread-4 reduces to 3823
pool-252-thread-14 reduces to 3822
[pool-252-thread-8] pick event Id=198, eMBMSSessionId=19 current size: 3821
[pool-252-thread-1] pick event Id=199, eMBMSSessionId=10 current size: 3820
[pool-252-thread-10] pick event Id=200, eMBMSSessionId=20 current size: 3819
[pool-252-thread-15] pick event Id=201, eMBMSSessionId=7 current size: 3818
[pool-252-thread-5] pick event Id=202, eMBMSSessionId=87 current size: 3817
[pool-252-thread-18] adds event Id=203, eMBMSSessionId=20 current size: 3817
pool-252-thread-10 reduces to 3816
[pool-252-thread-16] pick event Id=204, eMBMSSessionId=4 current size: 3815
[pool-252-thread-12] pick event Id=205, eMBMSSessionId=54 current size: 3814
[pool-252-thread-6] pick event Id=206, eMBMSSessionId=2 current size: 3813
[pool-252-thread-2] pick event Id=207, eMBMSSessionId=21 current size: 3812
[pool-252-thread-7] pick event Id=208, eMBMSSessionId=61 current size: 3811
[pool-252-thread-11] pick event Id=209, eMBMSSessionId=80 current size: 3810
[pool-252-thread-13] pick event Id=210, eMBMSSessionId=43 current size: 3809
[pool-252-thread-20] pick event Id=211, eMBMSSessionId=59 current size: 3808
[pool-252-thread-4] adds event Id=212, eMBMSSessionId=43 current size: 3808
[pool-252-thread-9] pick event Id=213, eMBMSSessionId=77 current size: 3807
[pool-252-thread-18] adds event Id=214, eMBMSSessionId=43 current size: 3807
[pool-252-thread-3] pick event Id=215, eMBMSSessionId=78 current size: 3806
[pool-252-thread-16] pick event Id=216, eMBMSSessionId=0 current size: 3805
[pool-252-thread-17] adds event Id=217, eMBMSSessionId=61 current size: 3805
pool-252-thread-7 reduces to 3804
[pool-252-thread-19] pick event Id=218, eMBMSSessionId=38 current size: 3803
[pool-252-thread-14] pick event Id=219, eMBMSSessionId=71 current size: 3802
pool-252-thread-13 reduces to 3801
[pool-252-thread-4] pick event Id=220, eMBMSSessionId=40 current size: 3800
[pool-252-thread-8] pick event Id=221, eMBMSSessionId=79 current size: 3799
[pool-252-thread-1] pick event Id=222, eMBMSSessionId=10 current size: 3798
[pool-252-thread-15] pick event Id=223, eMBMSSessionId=47 current size: 3797
[pool-252-thread-18] pick event Id=224, eMBMSSessionId=6 current size: 3796
[pool-252-thread-5] pick event Id=225, eMBMSSessionId=65 current size: 3795
[pool-252-thread-9] pick event Id=226, eMBMSSessionId=64 current size: 3794
[pool-252-thread-10] pick event Id=227, eMBMSSessionId=24 current size: 3793
[pool-252-thread-6] pick event Id=228, eMBMSSessionId=68 current size: 3792
[pool-252-thread-12] pick event Id=229, eMBMSSessionId=29 current size: 3791
[pool-252-thread-17] adds event Id=230, eMBMSSessionId=29 current size: 3791
[pool-252-thread-2] pick event Id=231, eMBMSSessionId=9 current size: 3790
[pool-252-thread-11] pick event Id=232, eMBMSSessionId=39 current size: 3789
[pool-252-thread-20] adds event Id=233, eMBMSSessionId=39 current size: 3789
[pool-252-thread-19] pick event Id=234, eMBMSSessionId=38 current size: 3788
pool-252-thread-13 reduces to 3787
[pool-252-thread-14] pick event Id=235, eMBMSSessionId=58 current size: 3786
[pool-252-thread-15] pick event Id=236, eMBMSSessionId=87 current size: 3785
[pool-252-thread-3] pick event Id=237, eMBMSSessionId=66 current size: 3784
[pool-252-thread-3] pick event Id=238, eMBMSSessionId=96 current size: 3783
[pool-252-thread-10] adds event Id=239, eMBMSSessionId=58 current size: 3783
[pool-252-thread-10] pick event Id=240, eMBMSSessionId=83 current size: 3782
[pool-252-thread-6] adds event Id=241, eMBMSSessionId=87 current size: 3782
[pool-252-thread-17] adds event Id=242, eMBMSSessionId=43 current size: 3782
[pool-252-thread-16] pick event Id=243, eMBMSSessionId=28 current size: 3781
pool-252-thread-12 reduces to 3780
[pool-252-thread-7] pick event Id=244, eMBMSSessionId=72 current size: 3779
[pool-252-thread-20] pick event Id=245, eMBMSSessionId=26 current size: 3778
pool-252-thread-11 reduces to 3777
[pool-252-thread-4] pick event Id=246, eMBMSSessionId=14 current size: 3776
[pool-252-thread-8] pick event Id=247, eMBMSSessionId=62 current size: 3775
pool-252-thread-13 reduces to 3774
[pool-252-thread-1] pick event Id=248, eMBMSSessionId=64 current size: 3773
pool-252-thread-14 reduces to 3772
pool-252-thread-15 reduces to 3771
[pool-252-thread-18] pick event Id=249, eMBMSSessionId=80 current size: 3770
[pool-252-thread-5] pick event Id=250, eMBMSSessionId=40 current size: 3769
[pool-252-thread-9] pick event Id=251, eMBMSSessionId=0 current size: 3768
[pool-252-thread-17] pick event Id=252, eMBMSSessionId=70 current size: 3767
[pool-252-thread-6] pick event Id=253, eMBMSSessionId=54 current size: 3766
[pool-252-thread-3] pick event Id=254, eMBMSSessionId=91 current size: 3765
[pool-252-thread-2] pick event Id=255, eMBMSSessionId=18 current size: 3764
[pool-252-thread-19] pick event Id=256, eMBMSSessionId=97 current size: 3763
[pool-252-thread-8] pick event Id=257, eMBMSSessionId=3 current size: 3762
[pool-252-thread-5] pick event Id=258, eMBMSSessionId=71 current size: 3761
[pool-252-thread-15] pick event Id=259, eMBMSSessionId=29 current size: 3760
[pool-252-thread-6] pick event Id=260, eMBMSSessionId=86 current size: 3759
[pool-252-thread-10] pick event Id=261, eMBMSSessionId=81 current size: 3758
[pool-252-thread-16] pick event Id=262, eMBMSSessionId=69 current size: 3757
[pool-252-thread-3] pick event Id=263, eMBMSSessionId=83 current size: 3756
[pool-252-thread-12] pick event Id=264, eMBMSSessionId=67 current size: 3755
[pool-252-thread-12] pick event Id=265, eMBMSSessionId=2 current size: 3754
[pool-252-thread-12] pick event Id=266, eMBMSSessionId=89 current size: 3753
[pool-252-thread-12] pick event Id=267, eMBMSSessionId=67 current size: 3752
[pool-252-thread-12] pick event Id=268, eMBMSSessionId=21 current size: 3751
[pool-252-thread-12] pick event Id=269, eMBMSSessionId=11 current size: 3750
[pool-252-thread-6] pick event Id=270, eMBMSSessionId=89 current size: 3749
[pool-252-thread-7] pick event Id=271, eMBMSSessionId=31 current size: 3748
[pool-252-thread-20] pick event Id=272, eMBMSSessionId=47 current size: 3747
[pool-252-thread-11] pick event Id=273, eMBMSSessionId=38 current size: 3746
[pool-252-thread-4] pick event Id=274, eMBMSSessionId=9 current size: 3745
[pool-252-thread-1] pick event Id=275, eMBMSSessionId=54 current size: 3744
[pool-252-thread-13] pick event Id=276, eMBMSSessionId=45 current size: 3743
[pool-252-thread-14] pick event Id=277, eMBMSSessionId=44 current size: 3742
[pool-252-thread-18] pick event Id=278, eMBMSSessionId=65 current size: 3741
[pool-252-thread-5] pick event Id=279, eMBMSSessionId=46 current size: 3740
[pool-252-thread-9] pick event Id=280, eMBMSSessionId=28 current size: 3739
[pool-252-thread-17] pick event Id=281, eMBMSSessionId=37 current size: 3738
[pool-252-thread-6] pick event Id=282, eMBMSSessionId=6 current size: 3737
[pool-252-thread-2] pick event Id=283, eMBMSSessionId=58 current size: 3736
[pool-252-thread-8] pick event Id=284, eMBMSSessionId=13 current size: 3735
[pool-252-thread-19] pick event Id=285, eMBMSSessionId=72 current size: 3734
[pool-252-thread-16] pick event Id=286, eMBMSSessionId=33 current size: 3733
[pool-252-thread-10] pick event Id=287, eMBMSSessionId=70 current size: 3732
[pool-252-thread-9] pick event Id=288, eMBMSSessionId=31 current size: 3731
[pool-252-thread-15] pick event Id=289, eMBMSSessionId=48 current size: 3730
[pool-252-thread-3] pick event Id=290, eMBMSSessionId=81 current size: 3729
[pool-252-thread-12] pick event Id=291, eMBMSSessionId=47 current size: 3728
[pool-252-thread-4] pick event Id=292, eMBMSSessionId=83 current size: 3727
[pool-252-thread-11] pick event Id=293, eMBMSSessionId=9 current size: 3726
[pool-252-thread-6] pick event Id=294, eMBMSSessionId=16 current size: 3725
[pool-252-thread-19] pick event Id=295, eMBMSSessionId=43 current size: 3724
[pool-252-thread-1] pick event Id=296, eMBMSSessionId=55 current size: 3723
[pool-252-thread-7] pick event Id=297, eMBMSSessionId=26 current size: 3722
[pool-252-thread-14] pick event Id=298, eMBMSSessionId=58 current size: 3721
[pool-252-thread-13] pick event Id=299, eMBMSSessionId=11 current size: 3720
[pool-252-thread-18] pick event Id=300, eMBMSSessionId=87 current size: 3719
[pool-252-thread-5] pick event Id=301, eMBMSSessionId=91 current size: 3718
[pool-252-thread-20] pick event Id=302, eMBMSSessionId=94 current size: 3717
[pool-252-thread-9] pick event Id=303, eMBMSSessionId=71 current size: 3716
[pool-252-thread-17] pick event Id=304, eMBMSSessionId=40 current size: 3715
[pool-252-thread-2] pick event Id=305, eMBMSSessionId=90 current size: 3714
[pool-252-thread-11] pick event Id=306, eMBMSSessionId=13 current size: 3713
[pool-252-thread-8] pick event Id=307, eMBMSSessionId=67 current size: 3712
[pool-252-thread-19] pick event Id=308, eMBMSSessionId=54 current size: 3711
[pool-252-thread-16] pick event Id=309, eMBMSSessionId=70 current size: 3710
[pool-252-thread-14] pick event Id=310, eMBMSSessionId=80 current size: 3709
[pool-252-thread-10] pick event Id=311, eMBMSSessionId=18 current size: 3708
[pool-252-thread-5] pick event Id=312, eMBMSSessionId=82 current size: 3707
[pool-252-thread-15] pick event Id=313, eMBMSSessionId=68 current size: 3706
[pool-252-thread-3] pick event Id=314, eMBMSSessionId=38 current size: 3705
[pool-252-thread-12] pick event Id=315, eMBMSSessionId=69 current size: 3704
[pool-252-thread-4] pick event Id=316, eMBMSSessionId=97 current size: 3703
[pool-252-thread-6] pick event Id=317, eMBMSSessionId=4 current size: 3702
[pool-252-thread-1] pick event Id=318, eMBMSSessionId=37 current size: 3701
[pool-252-thread-7] pick event Id=319, eMBMSSessionId=39 current size: 3700
[pool-252-thread-13] adds event Id=320, eMBMSSessionId=4 current size: 3700
[pool-252-thread-18] pick event Id=321, eMBMSSessionId=20 current size: 3699
[pool-252-thread-20] pick event Id=322, eMBMSSessionId=71 current size: 3698
[pool-252-thread-9] adds event Id=323, eMBMSSessionId=20 current size: 3698
[pool-252-thread-2] pick event Id=324, eMBMSSessionId=45 current size: 3697
[pool-252-thread-17] pick event Id=325, eMBMSSessionId=76 current size: 3696
pool-252-thread-6 reduces to 3695
[pool-252-thread-8] pick event Id=326, eMBMSSessionId=73 current size: 3694
[pool-252-thread-11] pick event Id=327, eMBMSSessionId=41 current size: 3693
[pool-252-thread-13] pick event Id=328, eMBMSSessionId=11 current size: 3692
[pool-252-thread-19] pick event Id=329, eMBMSSessionId=92 current size: 3691
pool-252-thread-18 reduces to 3690
[pool-252-thread-5] pick event Id=330, eMBMSSessionId=51 current size: 3689
[pool-252-thread-16] pick event Id=331, eMBMSSessionId=37 current size: 3688
[pool-252-thread-14] adds event Id=332, eMBMSSessionId=11 current size: 3688
[pool-252-thread-15] pick event Id=333, eMBMSSessionId=71 current size: 3687
[pool-252-thread-9] pick event Id=334, eMBMSSessionId=49 current size: 3686
[pool-252-thread-3] pick event Id=335, eMBMSSessionId=70 current size: 3685
[pool-252-thread-12] pick event Id=336, eMBMSSessionId=3 current size: 3684
[pool-252-thread-4] pick event Id=337, eMBMSSessionId=6 current size: 3683
[pool-252-thread-10] pick event Id=338, eMBMSSessionId=55 current size: 3682
[pool-252-thread-1] pick event Id=339, eMBMSSessionId=40 current size: 3681
[pool-252-thread-11] pick event Id=340, eMBMSSessionId=87 current size: 3680
[pool-252-thread-7] pick event Id=341, eMBMSSessionId=94 current size: 3679
[pool-252-thread-1] pick event Id=342, eMBMSSessionId=36 current size: 3678
[pool-252-thread-1] pick event Id=343, eMBMSSessionId=63 current size: 3677
[pool-252-thread-1] pick event Id=344, eMBMSSessionId=90 current size: 3676
[pool-252-thread-1] pick event Id=345, eMBMSSessionId=76 current size: 3675
[pool-252-thread-1] pick event Id=346, eMBMSSessionId=82 current size: 3674
[pool-252-thread-1] pick event Id=347, eMBMSSessionId=24 current size: 3673
[pool-252-thread-11] pick event Id=348, eMBMSSessionId=91 current size: 3672
pool-252-thread-13 reduces to 3671
[pool-252-thread-20] pick event Id=349, eMBMSSessionId=41 current size: 3670
[pool-252-thread-14] pick event Id=350, eMBMSSessionId=42 current size: 3669
[pool-252-thread-18] pick event Id=351, eMBMSSessionId=93 current size: 3668
[pool-252-thread-6] pick event Id=352, eMBMSSessionId=98 current size: 3667
[pool-252-thread-8] adds event Id=353, eMBMSSessionId=94 current size: 3667
[pool-252-thread-17] pick event Id=354, eMBMSSessionId=85 current size: 3666
[pool-252-thread-10] pick event Id=355, eMBMSSessionId=26 current size: 3665
[pool-252-thread-2] pick event Id=356, eMBMSSessionId=70 current size: 3664
[pool-252-thread-1] pick event Id=357, eMBMSSessionId=74 current size: 3663
pool-252-thread-7 reduces to 3662
[pool-252-thread-19] pick event Id=358, eMBMSSessionId=61 current size: 3661
[pool-252-thread-5] pick event Id=359, eMBMSSessionId=29 current size: 3660
[pool-252-thread-16] pick event Id=360, eMBMSSessionId=24 current size: 3659
[pool-252-thread-15] pick event Id=361, eMBMSSessionId=27 current size: 3658
[pool-252-thread-4] pick event Id=362, eMBMSSessionId=33 current size: 3657
[pool-252-thread-3] pick event Id=363, eMBMSSessionId=43 current size: 3656
[pool-252-thread-9] pick event Id=364, eMBMSSessionId=14 current size: 3655
[pool-252-thread-12] pick event Id=365, eMBMSSessionId=39 current size: 3654
[pool-252-thread-8] pick event Id=366, eMBMSSessionId=65 current size: 3653
[pool-252-thread-17] pick event Id=367, eMBMSSessionId=52 current size: 3652
[pool-252-thread-10] pick event Id=368, eMBMSSessionId=15 current size: 3651
[pool-252-thread-6] pick event Id=369, eMBMSSessionId=87 current size: 3650
[pool-252-thread-11] pick event Id=370, eMBMSSessionId=10 current size: 3649
[pool-252-thread-13] pick event Id=371, eMBMSSessionId=68 current size: 3648
[pool-252-thread-2] pick event Id=372, eMBMSSessionId=93 current size: 3647
[pool-252-thread-20] pick event Id=373, eMBMSSessionId=55 current size: 3646
[pool-252-thread-14] pick event Id=374, eMBMSSessionId=17 current size: 3645
[pool-252-thread-18] pick event Id=375, eMBMSSessionId=84 current size: 3644
[pool-252-thread-20] pick event Id=376, eMBMSSessionId=1 current size: 3643
[pool-252-thread-1] pick event Id=377, eMBMSSessionId=29 current size: 3642
[pool-252-thread-2] pick event Id=378, eMBMSSessionId=44 current size: 3641
[pool-252-thread-7] pick event Id=379, eMBMSSessionId=33 current size: 3640
[pool-252-thread-19] pick event Id=380, eMBMSSessionId=45 current size: 3639
[pool-252-thread-5] adds event Id=381, eMBMSSessionId=45 current size: 3639
[pool-252-thread-15] pick event Id=382, eMBMSSessionId=36 current size: 3638
[pool-252-thread-16] pick event Id=383, eMBMSSessionId=65 current size: 3637
[pool-252-thread-18] pick event Id=384, eMBMSSessionId=15 current size: 3636
[pool-252-thread-4] pick event Id=385, eMBMSSessionId=6 current size: 3635
[pool-252-thread-3] pick event Id=386, eMBMSSessionId=56 current size: 3634
[pool-252-thread-9] pick event Id=387, eMBMSSessionId=34 current size: 3633
[pool-252-thread-12] pick event Id=388, eMBMSSessionId=97 current size: 3632
[pool-252-thread-8] adds event Id=389, eMBMSSessionId=15 current size: 3632
[pool-252-thread-6] pick event Id=390, eMBMSSessionId=59 current size: 3631
[pool-252-thread-17] pick event Id=391, eMBMSSessionId=48 current size: 3630
[pool-252-thread-8] pick event Id=392, eMBMSSessionId=74 current size: 3629
[pool-252-thread-10] pick event Id=393, eMBMSSessionId=0 current size: 3628
[pool-252-thread-13] pick event Id=394, eMBMSSessionId=96 current size: 3627
[pool-252-thread-11] pick event Id=395, eMBMSSessionId=47 current size: 3626
pool-252-thread-19 reduces to 3625
[pool-252-thread-5] pick event Id=396, eMBMSSessionId=49 current size: 3624
[pool-252-thread-14] adds event Id=397, eMBMSSessionId=36 current size: 3624
pool-252-thread-15 reduces to 3623
[pool-252-thread-19] pick event Id=398, eMBMSSessionId=11 current size: 3622
pool-252-thread-18 reduces to 3621
[pool-252-thread-20] pick event Id=399, eMBMSSessionId=30 current size: 3620
[pool-252-thread-3] pick event Id=400, eMBMSSessionId=6 current size: 3619
[pool-252-thread-6] pick event Id=401, eMBMSSessionId=56 current size: 3618
[pool-252-thread-8] pick event Id=402, eMBMSSessionId=52 current size: 3617
[pool-252-thread-8] pick event Id=403, eMBMSSessionId=89 current size: 3616
[pool-252-thread-1] pick event Id=404, eMBMSSessionId=46 current size: 3615
[pool-252-thread-2] pick event Id=405, eMBMSSessionId=73 current size: 3614
[pool-252-thread-13] pick event Id=406, eMBMSSessionId=37 current size: 3613
[pool-252-thread-7] pick event Id=407, eMBMSSessionId=29 current size: 3612
[pool-252-thread-14] pick event Id=408, eMBMSSessionId=3 current size: 3611
[pool-252-thread-16] pick event Id=409, eMBMSSessionId=52 current size: 3610
[pool-252-thread-4] pick event Id=410, eMBMSSessionId=25 current size: 3609
[pool-252-thread-9] adds event Id=411, eMBMSSessionId=6 current size: 3609
[pool-252-thread-19] pick event Id=412, eMBMSSessionId=53 current size: 3608
[pool-252-thread-12] adds event Id=413, eMBMSSessionId=3 current size: 3608
[pool-252-thread-12] pick event Id=414, eMBMSSessionId=76 current size: 3607
pool-252-thread-3 reduces to 3606
[pool-252-thread-10] adds event Id=415, eMBMSSessionId=6 current size: 3606
[pool-252-thread-17] pick event Id=416, eMBMSSessionId=51 current size: 3605
pool-252-thread-3 reduces to 3604
[pool-252-thread-11] pick event Id=417, eMBMSSessionId=61 current size: 3603
[pool-252-thread-5] pick event Id=418, eMBMSSessionId=58 current size: 3602
[pool-252-thread-15] pick event Id=419, eMBMSSessionId=4 current size: 3601
pool-252-thread-14 reduces to 3600
[pool-252-thread-7] pick event Id=420, eMBMSSessionId=71 current size: 3599
[pool-252-thread-16] pick event Id=421, eMBMSSessionId=59 current size: 3598
[pool-252-thread-18] pick event Id=422, eMBMSSessionId=11 current size: 3597
[pool-252-thread-9] pick event Id=423, eMBMSSessionId=92 current size: 3596
[pool-252-thread-20] pick event Id=424, eMBMSSessionId=33 current size: 3595
[pool-252-thread-6] pick event Id=425, eMBMSSessionId=14 current size: 3594
[pool-252-thread-10] pick event Id=426, eMBMSSessionId=68 current size: 3593
[pool-252-thread-19] pick event Id=427, eMBMSSessionId=26 current size: 3592
[pool-252-thread-8] adds event Id=428, eMBMSSessionId=51 current size: 3592
[pool-252-thread-1] pick event Id=429, eMBMSSessionId=8 current size: 3591
[pool-252-thread-13] adds event Id=430, eMBMSSessionId=6 current size: 3591
pool-252-thread-17 reduces to 3590
pool-252-thread-3 reduces to 3589
[pool-252-thread-2] pick event Id=431, eMBMSSessionId=7 current size: 3588
[pool-252-thread-4] pick event Id=432, eMBMSSessionId=22 current size: 3587
[pool-252-thread-7] pick event Id=433, eMBMSSessionId=46 current size: 3586
[pool-252-thread-9] pick event Id=434, eMBMSSessionId=11 current size: 3585
[pool-252-thread-12] pick event Id=435, eMBMSSessionId=37 current size: 3584
[pool-252-thread-8] pick event Id=436, eMBMSSessionId=40 current size: 3583
[pool-252-thread-13] pick event Id=437, eMBMSSessionId=36 current size: 3582
[pool-252-thread-1] pick event Id=438, eMBMSSessionId=98 current size: 3581
[pool-252-thread-11] pick event Id=439, eMBMSSessionId=94 current size: 3580
[pool-252-thread-15] pick event Id=440, eMBMSSessionId=83 current size: 3579
[pool-252-thread-5] pick event Id=441, eMBMSSessionId=33 current size: 3578
[pool-252-thread-14] pick event Id=442, eMBMSSessionId=65 current size: 3577
[pool-252-thread-16] pick event Id=443, eMBMSSessionId=44 current size: 3576
[pool-252-thread-18] pick event Id=444, eMBMSSessionId=34 current size: 3575
[pool-252-thread-20] pick event Id=445, eMBMSSessionId=47 current size: 3574
[pool-252-thread-10] adds event Id=446, eMBMSSessionId=94 current size: 3574
[pool-252-thread-6] pick event Id=447, eMBMSSessionId=60 current size: 3573
[pool-252-thread-19] pick event Id=448, eMBMSSessionId=43 current size: 3572
[pool-252-thread-3] pick event Id=449, eMBMSSessionId=67 current size: 3571
[pool-252-thread-17] pick event Id=450, eMBMSSessionId=59 current size: 3570
pool-252-thread-11 reduces to 3569
[pool-252-thread-2] adds event Id=451, eMBMSSessionId=44 current size: 3569
[pool-252-thread-4] pick event Id=452, eMBMSSessionId=2 current size: 3568
pool-252-thread-16 reduces to 3567
[pool-252-thread-7] adds event Id=453, eMBMSSessionId=94 current size: 3567
[pool-252-thread-9] pick event Id=454, eMBMSSessionId=42 current size: 3566
[pool-252-thread-10] pick event Id=455, eMBMSSessionId=12 current size: 3565
[pool-252-thread-8] pick event Id=456, eMBMSSessionId=52 current size: 3564
[pool-252-thread-12] pick event Id=457, eMBMSSessionId=55 current size: 3563
[pool-252-thread-13] pick event Id=458, eMBMSSessionId=89 current size: 3562
[pool-252-thread-19] pick event Id=459, eMBMSSessionId=35 current size: 3561
[pool-252-thread-1] pick event Id=460, eMBMSSessionId=28 current size: 3560
pool-252-thread-11 reduces to 3559
[pool-252-thread-15] pick event Id=461, eMBMSSessionId=40 current size: 3558
[pool-252-thread-5] adds event Id=462, eMBMSSessionId=35 current size: 3558
[pool-252-thread-2] adds event Id=463, eMBMSSessionId=52 current size: 3558
[pool-252-thread-14] pick event Id=464, eMBMSSessionId=83 current size: 3557
[pool-252-thread-18] pick event Id=465, eMBMSSessionId=37 current size: 3556
[pool-252-thread-7] pick event Id=466, eMBMSSessionId=21 current size: 3555
[pool-252-thread-16] pick event Id=467, eMBMSSessionId=33 current size: 3554
[pool-252-thread-20] pick event Id=468, eMBMSSessionId=14 current size: 3553
pool-252-thread-8 reduces to 3552
[pool-252-thread-6] pick event Id=469, eMBMSSessionId=32 current size: 3551
[pool-252-thread-3] pick event Id=470, eMBMSSessionId=64 current size: 3550
[pool-252-thread-17] adds event Id=471, eMBMSSessionId=28 current size: 3550
pool-252-thread-19 reduces to 3549
pool-252-thread-1 reduces to 3548
[pool-252-thread-5] pick event Id=472, eMBMSSessionId=87 current size: 3547
[pool-252-thread-2] pick event Id=473, eMBMSSessionId=99 current size: 3546
[pool-252-thread-11] pick event Id=474, eMBMSSessionId=0 current size: 3545
[pool-252-thread-4] pick event Id=475, eMBMSSessionId=70 current size: 3544
[pool-252-thread-9] pick event Id=476, eMBMSSessionId=4 current size: 3543
[pool-252-thread-10] pick event Id=477, eMBMSSessionId=53 current size: 3542
[pool-252-thread-12] adds event Id=478, eMBMSSessionId=32 current size: 3542
[pool-252-thread-8] pick event Id=479, eMBMSSessionId=27 current size: 3541
[pool-252-thread-13] pick event Id=480, eMBMSSessionId=55 current size: 3540
pool-252-thread-6 reduces to 3539
[pool-252-thread-17] pick event Id=481, eMBMSSessionId=79 current size: 3538
[pool-252-thread-15] pick event Id=482, eMBMSSessionId=25 current size: 3537
[pool-252-thread-14] pick event Id=483, eMBMSSessionId=9 current size: 3536
[pool-252-thread-2] pick event Id=484, eMBMSSessionId=31 current size: 3535
[pool-252-thread-18] adds event Id=485, eMBMSSessionId=4 current size: 3535
[pool-252-thread-7] pick event Id=486, eMBMSSessionId=91 current size: 3534
pool-252-thread-9 reduces to 3533
[pool-252-thread-20] pick event Id=487, eMBMSSessionId=77 current size: 3532
[pool-252-thread-16] pick event Id=488, eMBMSSessionId=84 current size: 3531
[pool-252-thread-12] pick event Id=489, eMBMSSessionId=19 current size: 3530
[pool-252-thread-3] pick event Id=490, eMBMSSessionId=67 current size: 3529
[pool-252-thread-19] pick event Id=491, eMBMSSessionId=64 current size: 3528
[pool-252-thread-5] pick event Id=492, eMBMSSessionId=24 current size: 3527
[pool-252-thread-1] adds event Id=493, eMBMSSessionId=77 current size: 3527
[pool-252-thread-11] adds event Id=494, eMBMSSessionId=64 current size: 3527
[pool-252-thread-18] pick event Id=495, eMBMSSessionId=51 current size: 3526
[pool-252-thread-4] pick event Id=496, eMBMSSessionId=86 current size: 3525
pool-252-thread-20 reduces to 3524
[pool-252-thread-10] pick event Id=497, eMBMSSessionId=15 current size: 3523
[pool-252-thread-8] pick event Id=498, eMBMSSessionId=28 current size: 3522
[pool-252-thread-17] pick event Id=499, eMBMSSessionId=33 current size: 3521
[pool-252-thread-13] pick event Id=500, eMBMSSessionId=16 current size: 3520
[pool-252-thread-6] pick event Id=501, eMBMSSessionId=5 current size: 3519
pool-252-thread-19 reduces to 3518
[pool-252-thread-15] pick event Id=502, eMBMSSessionId=54 current size: 3517
[pool-252-thread-1] pick event Id=503, eMBMSSessionId=66 current size: 3516
[pool-252-thread-11] pick event Id=504, eMBMSSessionId=72 current size: 3515
[pool-252-thread-13] pick event Id=505, eMBMSSessionId=47 current size: 3514
[pool-252-thread-2] pick event Id=506, eMBMSSessionId=42 current size: 3513
[pool-252-thread-14] pick event Id=507, eMBMSSessionId=50 current size: 3512
[pool-252-thread-7] pick event Id=508, eMBMSSessionId=7 current size: 3511
[pool-252-thread-9] pick event Id=509, eMBMSSessionId=29 current size: 3510
[pool-252-thread-16] pick event Id=510, eMBMSSessionId=8 current size: 3509
[pool-252-thread-12] pick event Id=511, eMBMSSessionId=56 current size: 3508
[pool-252-thread-3] pick event Id=512, eMBMSSessionId=31 current size: 3507
[pool-252-thread-5] pick event Id=513, eMBMSSessionId=22 current size: 3506
[pool-252-thread-18] pick event Id=514, eMBMSSessionId=3 current size: 3505
[pool-252-thread-10] pick event Id=515, eMBMSSessionId=61 current size: 3504
[pool-252-thread-4] pick event Id=516, eMBMSSessionId=43 current size: 3503
[pool-252-thread-20] pick event Id=517, eMBMSSessionId=49 current size: 3502
[pool-252-thread-8] pick event Id=518, eMBMSSessionId=95 current size: 3501
testOverload end.
testFull begin.
[pool-253-thread-1] pick event Id=0, eMBMSSessionId=76 current size: 4998
[pool-253-thread-2] pick event Id=1, eMBMSSessionId=35 current size: 4997
[pool-253-thread-3] pick event Id=2, eMBMSSessionId=48 current size: 4996
[pool-253-thread-4] pick event Id=3, eMBMSSessionId=23 current size: 4995
[pool-253-thread-5] pick event Id=4, eMBMSSessionId=32 current size: 4994
[pool-253-thread-6] pick event Id=5, eMBMSSessionId=37 current size: 4993
[pool-253-thread-7] pick event Id=6, eMBMSSessionId=22 current size: 4992
[pool-253-thread-8] pick event Id=7, eMBMSSessionId=0 current size: 4991
[pool-253-thread-9] pick event Id=8, eMBMSSessionId=67 current size: 4990
[pool-253-thread-10] adds event Id=9, eMBMSSessionId=67 current size: 4990
[pool-253-thread-11] pick event Id=10, eMBMSSessionId=8 current size: 4989
[pool-253-thread-13] pick event Id=11, eMBMSSessionId=69 current size: 4988
[pool-253-thread-12] pick event Id=12, eMBMSSessionId=64 current size: 4987
[pool-253-thread-14] pick event Id=13, eMBMSSessionId=50 current size: 4986
[pool-253-thread-15] pick event Id=14, eMBMSSessionId=31 current size: 4985
[pool-253-thread-16] pick event Id=15, eMBMSSessionId=83 current size: 4984
[pool-253-thread-18] pick event Id=16, eMBMSSessionId=12 current size: 4983
[pool-253-thread-17] pick event Id=17, eMBMSSessionId=70 current size: 4982
[pool-253-thread-19] pick event Id=18, eMBMSSessionId=66 current size: 4981
[pool-253-thread-20] pick event Id=19, eMBMSSessionId=65 current size: 4980
[pool-253-thread-10] pick event Id=20, eMBMSSessionId=63 current size: 4979
event queue is full, will clear all data!
NbiEventCache is cleared with total events removed: 5029
testFull end.
28 times run start
testEventSequence begin.
testEventSequence end.
testSendRadomEmbmsSessionEvents begin.
testSendRadomEmbmsSessionEvents end.
testSendSameEmbmsSessionEvents begin.
testSendSameEmbmsSessionEvents end.
testSendNoSameEmbmsSessionEvents begin.
testSendNoSameEmbmsSessionEvents end.
testSendNoEmbmsSessionIdEvents begin.
testSendNoEmbmsSessionIdEvents end.
testOverload begin.
[pool-261-thread-1] pick event Id=0, eMBMSSessionId=27 current size: 4019
[pool-261-thread-2] pick event Id=1, eMBMSSessionId=79 current size: 4018
[pool-261-thread-3] pick event Id=2, eMBMSSessionId=80 current size: 4017
pool-261-thread-1 Discard NBI event &apos; Id=0, eMBMSSessionId=27&apos;, current queue size: 4018
[pool-261-thread-4] pick event Id=3, eMBMSSessionId=45 current size: 4016
pool-261-thread-2 Discard NBI event &apos; Id=1, eMBMSSessionId=79&apos;, current queue size: 4016
[pool-261-thread-5] pick event Id=4, eMBMSSessionId=78 current size: 4015
pool-261-thread-3 Discard NBI event &apos; Id=2, eMBMSSessionId=80&apos;, current queue size: 4016
[pool-261-thread-6] pick event Id=5, eMBMSSessionId=23 current size: 4014
pool-261-thread-5 Discard NBI event &apos; Id=4, eMBMSSessionId=78&apos;, current queue size: 4015
pool-261-thread-4 Discard NBI event &apos; Id=3, eMBMSSessionId=45&apos;, current queue size: 4015
[pool-261-thread-7] pick event Id=6, eMBMSSessionId=90 current size: 4013
[pool-261-thread-8] pick event Id=7, eMBMSSessionId=38 current size: 4012
pool-261-thread-6 Discard NBI event &apos; Id=5, eMBMSSessionId=23&apos;, current queue size: 4012
[pool-261-thread-9] pick event Id=8, eMBMSSessionId=88 current size: 4011
pool-261-thread-7 Discard NBI event &apos; Id=6, eMBMSSessionId=90&apos;, current queue size: 4012
pool-261-thread-9 Discard NBI event &apos; Id=8, eMBMSSessionId=88&apos;, current queue size: 4011
[pool-261-thread-13] pick event Id=9, eMBMSSessionId=92 current size: 4010
pool-261-thread-8 Discard NBI event &apos; Id=7, eMBMSSessionId=38&apos;, current queue size: 4011
[pool-261-thread-10] pick event Id=10, eMBMSSessionId=11 current size: 4009
[pool-261-thread-11] pick event Id=11, eMBMSSessionId=7 current size: 4008
[pool-261-thread-12] pick event Id=12, eMBMSSessionId=98 current size: 4007
pool-261-thread-13 Discard NBI event &apos; Id=9, eMBMSSessionId=92&apos;, current queue size: 4007
pool-261-thread-10 Discard NBI event &apos; Id=10, eMBMSSessionId=11&apos;, current queue size: 4007
[pool-261-thread-19] pick event Id=13, eMBMSSessionId=5 current size: 4006
[pool-261-thread-14] pick event Id=14, eMBMSSessionId=87 current size: 4005
pool-261-thread-12 Discard NBI event &apos; Id=12, eMBMSSessionId=98&apos;, current queue size: 4006
[pool-261-thread-15] pick event Id=15, eMBMSSessionId=73 current size: 4004
pool-261-thread-11 Discard NBI event &apos; Id=11, eMBMSSessionId=7&apos;, current queue size: 4005
pool-261-thread-19 Discard NBI event &apos; Id=13, eMBMSSessionId=5&apos;, current queue size: 4004
pool-261-thread-15 Discard NBI event &apos; Id=15, eMBMSSessionId=73&apos;, current queue size: 4004
[pool-261-thread-16] pick event Id=16, eMBMSSessionId=79 current size: 4003
pool-261-thread-14 Discard NBI event &apos; Id=14, eMBMSSessionId=87&apos;, current queue size: 4004
pool-261-thread-16 Discard NBI event &apos; Id=16, eMBMSSessionId=79&apos;, current queue size: 4003
[pool-261-thread-17] pick event Id=17, eMBMSSessionId=63 current size: 4002
[pool-261-thread-18] pick event Id=18, eMBMSSessionId=40 current size: 4001
pool-261-thread-17 Discard NBI event &apos; Id=17, eMBMSSessionId=63&apos;, current queue size: 4001
[pool-261-thread-20] pick event Id=19, eMBMSSessionId=96 current size: 4000
pool-261-thread-18 Discard NBI event &apos; Id=18, eMBMSSessionId=40&apos;, current queue size: 4000
[pool-261-thread-1] pick event Id=20, eMBMSSessionId=39 current size: 3999
pool-261-thread-20 Discard NBI event &apos; Id=19, eMBMSSessionId=96&apos;, current queue size: 3999
[pool-261-thread-2] pick event Id=21, eMBMSSessionId=81 current size: 3998
[pool-261-thread-4] pick event Id=22, eMBMSSessionId=74 current size: 3997
[pool-261-thread-3] pick event Id=23, eMBMSSessionId=17 current size: 3996
[pool-261-thread-5] pick event Id=24, eMBMSSessionId=84 current size: 3995
[pool-261-thread-6] pick event Id=25, eMBMSSessionId=72 current size: 3994
[pool-261-thread-9] pick event Id=26, eMBMSSessionId=98 current size: 3993
[pool-261-thread-7] pick event Id=27, eMBMSSessionId=18 current size: 3992
[pool-261-thread-14] pick event Id=28, eMBMSSessionId=79 current size: 3991
[pool-261-thread-8] pick event Id=29, eMBMSSessionId=28 current size: 3990
[pool-261-thread-10] pick event Id=30, eMBMSSessionId=80 current size: 3989
[pool-261-thread-13] adds event Id=31, eMBMSSessionId=80 current size: 3989
[pool-261-thread-18] pick event Id=32, eMBMSSessionId=1 current size: 3988
[pool-261-thread-12] pick event Id=33, eMBMSSessionId=10 current size: 3987
[pool-261-thread-11] pick event Id=34, eMBMSSessionId=74 current size: 3986
[pool-261-thread-19] pick event Id=35, eMBMSSessionId=78 current size: 3985
[pool-261-thread-15] adds event Id=36, eMBMSSessionId=80 current size: 3985
[pool-261-thread-6] pick event Id=37, eMBMSSessionId=66 current size: 3984
[pool-261-thread-16] pick event Id=38, eMBMSSessionId=33 current size: 3983
[pool-261-thread-17] pick event Id=39, eMBMSSessionId=73 current size: 3982
[pool-261-thread-6] adds event Id=40, eMBMSSessionId=74 current size: 3982
[pool-261-thread-13] pick event Id=41, eMBMSSessionId=36 current size: 3981
pool-261-thread-10 reduces to 3980
[pool-261-thread-20] pick event Id=42, eMBMSSessionId=90 current size: 3979
[pool-261-thread-1] pick event Id=43, eMBMSSessionId=76 current size: 3978
[pool-261-thread-2] pick event Id=44, eMBMSSessionId=82 current size: 3977
[pool-261-thread-4] pick event Id=45, eMBMSSessionId=30 current size: 3976
[pool-261-thread-3] pick event Id=46, eMBMSSessionId=94 current size: 3975
[pool-261-thread-5] pick event Id=47, eMBMSSessionId=2 current size: 3974
pool-261-thread-11 reduces to 3973
[pool-261-thread-15] pick event Id=48, eMBMSSessionId=58 current size: 3972
[pool-261-thread-9] pick event Id=49, eMBMSSessionId=81 current size: 3971
[pool-261-thread-7] pick event Id=50, eMBMSSessionId=12 current size: 3970
[pool-261-thread-6] pick event Id=51, eMBMSSessionId=26 current size: 3969
[pool-261-thread-14] pick event Id=52, eMBMSSessionId=85 current size: 3968
[pool-261-thread-8] pick event Id=53, eMBMSSessionId=53 current size: 3967
pool-261-thread-10 reduces to 3966
[pool-261-thread-18] pick event Id=54, eMBMSSessionId=64 current size: 3965
[pool-261-thread-12] pick event Id=55, eMBMSSessionId=73 current size: 3964
[pool-261-thread-19] pick event Id=56, eMBMSSessionId=37 current size: 3963
[pool-261-thread-16] pick event Id=57, eMBMSSessionId=96 current size: 3962
[pool-261-thread-17] pick event Id=58, eMBMSSessionId=70 current size: 3961
[pool-261-thread-20] pick event Id=59, eMBMSSessionId=29 current size: 3960
[pool-261-thread-13] pick event Id=60, eMBMSSessionId=25 current size: 3959
[pool-261-thread-2] pick event Id=61, eMBMSSessionId=75 current size: 3958
[pool-261-thread-1] pick event Id=62, eMBMSSessionId=40 current size: 3957
[pool-261-thread-10] pick event Id=63, eMBMSSessionId=63 current size: 3956
[pool-261-thread-12] pick event Id=64, eMBMSSessionId=82 current size: 3955
[pool-261-thread-4] pick event Id=65, eMBMSSessionId=28 current size: 3954
[pool-261-thread-3] pick event Id=66, eMBMSSessionId=57 current size: 3953
[pool-261-thread-5] pick event Id=67, eMBMSSessionId=72 current size: 3952
[pool-261-thread-15] pick event Id=68, eMBMSSessionId=44 current size: 3951
[pool-261-thread-9] adds event Id=69, eMBMSSessionId=44 current size: 3951
[pool-261-thread-11] pick event Id=70, eMBMSSessionId=91 current size: 3950
[pool-261-thread-14] pick event Id=71, eMBMSSessionId=80 current size: 3949
[pool-261-thread-7] pick event Id=72, eMBMSSessionId=68 current size: 3948
[pool-261-thread-17] adds event Id=73, eMBMSSessionId=57 current size: 3948
[pool-261-thread-17] pick event Id=74, eMBMSSessionId=96 current size: 3947
[pool-261-thread-6] pick event Id=75, eMBMSSessionId=50 current size: 3946
[pool-261-thread-8] adds event Id=76, eMBMSSessionId=96 current size: 3946
[pool-261-thread-18] adds event Id=77, eMBMSSessionId=44 current size: 3946
[pool-261-thread-20] pick event Id=78, eMBMSSessionId=42 current size: 3945
[pool-261-thread-19] pick event Id=79, eMBMSSessionId=24 current size: 3944
pool-261-thread-3 reduces to 3943
[pool-261-thread-9] pick event Id=80, eMBMSSessionId=95 current size: 3942
pool-261-thread-15 reduces to 3941
[pool-261-thread-16] pick event Id=81, eMBMSSessionId=8 current size: 3940
pool-261-thread-17 reduces to 3939
pool-261-thread-15 reduces to 3938
[pool-261-thread-8] pick event Id=82, eMBMSSessionId=92 current size: 3937
[pool-261-thread-18] pick event Id=83, eMBMSSessionId=91 current size: 3936
[pool-261-thread-2] pick event Id=84, eMBMSSessionId=31 current size: 3935
[pool-261-thread-13] pick event Id=85, eMBMSSessionId=51 current size: 3934
[pool-261-thread-10] pick event Id=86, eMBMSSessionId=97 current size: 3933
[pool-261-thread-1] pick event Id=87, eMBMSSessionId=69 current size: 3932
[pool-261-thread-4] pick event Id=88, eMBMSSessionId=21 current size: 3931
[pool-261-thread-12] pick event Id=89, eMBMSSessionId=26 current size: 3930
[pool-261-thread-5] pick event Id=90, eMBMSSessionId=71 current size: 3929
[pool-261-thread-9] pick event Id=91, eMBMSSessionId=95 current size: 3928
[pool-261-thread-11] pick event Id=92, eMBMSSessionId=0 current size: 3927
[pool-261-thread-14] pick event Id=93, eMBMSSessionId=57 current size: 3926
[pool-261-thread-6] pick event Id=94, eMBMSSessionId=72 current size: 3925
[pool-261-thread-7] pick event Id=95, eMBMSSessionId=42 current size: 3924
[pool-261-thread-20] pick event Id=96, eMBMSSessionId=15 current size: 3923
[pool-261-thread-19] pick event Id=97, eMBMSSessionId=41 current size: 3922
[pool-261-thread-3] pick event Id=98, eMBMSSessionId=55 current size: 3921
[pool-261-thread-16] pick event Id=99, eMBMSSessionId=82 current size: 3920
[pool-261-thread-17] pick event Id=100, eMBMSSessionId=25 current size: 3919
[pool-261-thread-15] pick event Id=101, eMBMSSessionId=78 current size: 3918
[pool-261-thread-8] pick event Id=102, eMBMSSessionId=58 current size: 3917
[pool-261-thread-18] pick event Id=103, eMBMSSessionId=45 current size: 3916
[pool-261-thread-13] pick event Id=104, eMBMSSessionId=35 current size: 3915
[pool-261-thread-2] pick event Id=105, eMBMSSessionId=10 current size: 3914
[pool-261-thread-10] pick event Id=106, eMBMSSessionId=93 current size: 3913
[pool-261-thread-1] pick event Id=107, eMBMSSessionId=73 current size: 3912
[pool-261-thread-12] adds event Id=108, eMBMSSessionId=41 current size: 3912
[pool-261-thread-4] pick event Id=109, eMBMSSessionId=7 current size: 3911
[pool-261-thread-5] pick event Id=110, eMBMSSessionId=74 current size: 3910
[pool-261-thread-9] adds event Id=111, eMBMSSessionId=93 current size: 3910
pool-261-thread-19 reduces to 3909
[pool-261-thread-11] pick event Id=112, eMBMSSessionId=17 current size: 3908
[pool-261-thread-6] pick event Id=113, eMBMSSessionId=81 current size: 3907
[pool-261-thread-14] pick event Id=114, eMBMSSessionId=72 current size: 3906
[pool-261-thread-16] pick event Id=115, eMBMSSessionId=39 current size: 3905
[pool-261-thread-7] adds event Id=116, eMBMSSessionId=73 current size: 3905
[pool-261-thread-12] pick event Id=117, eMBMSSessionId=14 current size: 3904
pool-261-thread-10 reduces to 3903
pool-261-thread-1 reduces to 3902
[pool-261-thread-20] pick event Id=118, eMBMSSessionId=83 current size: 3901
[pool-261-thread-9] pick event Id=119, eMBMSSessionId=48 current size: 3900
[pool-261-thread-5] pick event Id=120, eMBMSSessionId=12 current size: 3899
[pool-261-thread-17] pick event Id=121, eMBMSSessionId=47 current size: 3898
[pool-261-thread-3] pick event Id=122, eMBMSSessionId=53 current size: 3897
[pool-261-thread-15] pick event Id=123, eMBMSSessionId=77 current size: 3896
[pool-261-thread-7] pick event Id=124, eMBMSSessionId=41 current size: 3895
[pool-261-thread-8] pick event Id=125, eMBMSSessionId=86 current size: 3894
[pool-261-thread-13] pick event Id=126, eMBMSSessionId=71 current size: 3893
[pool-261-thread-16] pick event Id=127, eMBMSSessionId=9 current size: 3892
[pool-261-thread-18] pick event Id=128, eMBMSSessionId=15 current size: 3891
[pool-261-thread-2] pick event Id=129, eMBMSSessionId=38 current size: 3890
[pool-261-thread-12] pick event Id=130, eMBMSSessionId=94 current size: 3889
[pool-261-thread-12] pick event Id=131, eMBMSSessionId=24 current size: 3888
[pool-261-thread-12] adds event Id=132, eMBMSSessionId=77 current size: 3888
[pool-261-thread-12] adds event Id=133, eMBMSSessionId=12 current size: 3888
[pool-261-thread-1] adds event Id=134, eMBMSSessionId=77 current size: 3888
[pool-261-thread-1] pick event Id=135, eMBMSSessionId=74 current size: 3887
[pool-261-thread-4] pick event Id=136, eMBMSSessionId=26 current size: 3886
pool-261-thread-5 reduces to 3885
[pool-261-thread-11] adds event Id=137, eMBMSSessionId=71 current size: 3885
[pool-261-thread-19] pick event Id=138, eMBMSSessionId=49 current size: 3884
[pool-261-thread-6] pick event Id=139, eMBMSSessionId=99 current size: 3883
[pool-261-thread-14] adds event Id=140, eMBMSSessionId=41 current size: 3883
pool-261-thread-15 reduces to 3882
pool-261-thread-7 reduces to 3881
pool-261-thread-13 reduces to 3880
[pool-261-thread-20] pick event Id=141, eMBMSSessionId=18 current size: 3879
[pool-261-thread-12] pick event Id=142, eMBMSSessionId=29 current size: 3878
[pool-261-thread-18] pick event Id=143, eMBMSSessionId=59 current size: 3877
[pool-261-thread-9] pick event Id=144, eMBMSSessionId=21 current size: 3876
[pool-261-thread-10] pick event Id=145, eMBMSSessionId=38 current size: 3875
[pool-261-thread-11] pick event Id=146, eMBMSSessionId=51 current size: 3874
[pool-261-thread-17] adds event Id=147, eMBMSSessionId=41 current size: 3874
[pool-261-thread-3] pick event Id=148, eMBMSSessionId=55 current size: 3873
[pool-261-thread-14] pick event Id=149, eMBMSSessionId=36 current size: 3872
[pool-261-thread-19] pick event Id=150, eMBMSSessionId=87 current size: 3871
[pool-261-thread-16] pick event Id=151, eMBMSSessionId=49 current size: 3870
[pool-261-thread-2] pick event Id=152, eMBMSSessionId=1 current size: 3869
pool-261-thread-15 reduces to 3868
[pool-261-thread-8] pick event Id=153, eMBMSSessionId=98 current size: 3867
pool-261-thread-7 reduces to 3866
[pool-261-thread-1] pick event Id=154, eMBMSSessionId=96 current size: 3865
[pool-261-thread-18] pick event Id=155, eMBMSSessionId=47 current size: 3864
[pool-261-thread-5] pick event Id=156, eMBMSSessionId=66 current size: 3863
[pool-261-thread-11] pick event Id=157, eMBMSSessionId=65 current size: 3862
[pool-261-thread-4] pick event Id=158, eMBMSSessionId=25 current size: 3861
[pool-261-thread-17] pick event Id=159, eMBMSSessionId=52 current size: 3860
[pool-261-thread-6] pick event Id=160, eMBMSSessionId=95 current size: 3859
[pool-261-thread-13] pick event Id=161, eMBMSSessionId=42 current size: 3858
[pool-261-thread-12] pick event Id=162, eMBMSSessionId=99 current size: 3857
[pool-261-thread-20] pick event Id=163, eMBMSSessionId=19 current size: 3856
[pool-261-thread-10] pick event Id=164, eMBMSSessionId=22 current size: 3855
[pool-261-thread-9] pick event Id=165, eMBMSSessionId=54 current size: 3854
[pool-261-thread-18] adds event Id=166, eMBMSSessionId=52 current size: 3854
[pool-261-thread-18] pick event Id=167, eMBMSSessionId=29 current size: 3853
[pool-261-thread-5] pick event Id=168, eMBMSSessionId=82 current size: 3852
pool-261-thread-17 reduces to 3851
[pool-261-thread-3] pick event Id=169, eMBMSSessionId=72 current size: 3850
[pool-261-thread-19] pick event Id=170, eMBMSSessionId=43 current size: 3849
[pool-261-thread-14] pick event Id=171, eMBMSSessionId=93 current size: 3848
[pool-261-thread-16] pick event Id=172, eMBMSSessionId=84 current size: 3847
[pool-261-thread-8] pick event Id=173, eMBMSSessionId=91 current size: 3846
[pool-261-thread-2] pick event Id=174, eMBMSSessionId=24 current size: 3845
[pool-261-thread-7] pick event Id=175, eMBMSSessionId=16 current size: 3844
[pool-261-thread-15] adds event Id=176, eMBMSSessionId=93 current size: 3844
[pool-261-thread-15] pick event Id=177, eMBMSSessionId=2 current size: 3843
[pool-261-thread-7] adds event Id=178, eMBMSSessionId=54 current size: 3843
[pool-261-thread-7] pick event Id=179, eMBMSSessionId=86 current size: 3842
[pool-261-thread-1] pick event Id=180, eMBMSSessionId=57 current size: 3841
pool-261-thread-9 reduces to 3840
[pool-261-thread-11] adds event Id=181, eMBMSSessionId=43 current size: 3840
[pool-261-thread-4] pick event Id=182, eMBMSSessionId=30 current size: 3839
[pool-261-thread-4] pick event Id=183, eMBMSSessionId=46 current size: 3838
[pool-261-thread-17] pick event Id=184, eMBMSSessionId=32 current size: 3837
[pool-261-thread-6] pick event Id=185, eMBMSSessionId=71 current size: 3836
pool-261-thread-19 reduces to 3835
pool-261-thread-14 reduces to 3834
[pool-261-thread-16] pick event Id=186, eMBMSSessionId=67 current size: 3833
[pool-261-thread-13] pick event Id=187, eMBMSSessionId=40 current size: 3832
[pool-261-thread-20] pick event Id=188, eMBMSSessionId=4 current size: 3831
[pool-261-thread-12] pick event Id=189, eMBMSSessionId=75 current size: 3830
[pool-261-thread-10] pick event Id=190, eMBMSSessionId=27 current size: 3829
[pool-261-thread-18] adds event Id=191, eMBMSSessionId=27 current size: 3829
[pool-261-thread-11] pick event Id=192, eMBMSSessionId=10 current size: 3828
[pool-261-thread-5] pick event Id=193, eMBMSSessionId=65 current size: 3827
[pool-261-thread-3] pick event Id=194, eMBMSSessionId=9 current size: 3826
[pool-261-thread-2] pick event Id=195, eMBMSSessionId=15 current size: 3825
[pool-261-thread-6] pick event Id=196, eMBMSSessionId=14 current size: 3824
[pool-261-thread-8] pick event Id=197, eMBMSSessionId=43 current size: 3823
[pool-261-thread-15] pick event Id=198, eMBMSSessionId=59 current size: 3822
[pool-261-thread-7] pick event Id=199, eMBMSSessionId=76 current size: 3821
[pool-261-thread-1] pick event Id=200, eMBMSSessionId=94 current size: 3820
[pool-261-thread-18] adds event Id=201, eMBMSSessionId=14 current size: 3820
pool-261-thread-10 reduces to 3819
[pool-261-thread-9] pick event Id=202, eMBMSSessionId=72 current size: 3818
[pool-261-thread-4] pick event Id=203, eMBMSSessionId=2 current size: 3817
[pool-261-thread-17] pick event Id=204, eMBMSSessionId=26 current size: 3816
[pool-261-thread-19] pick event Id=205, eMBMSSessionId=56 current size: 3815
[pool-261-thread-14] pick event Id=206, eMBMSSessionId=92 current size: 3814
[pool-261-thread-16] pick event Id=207, eMBMSSessionId=30 current size: 3813
pool-261-thread-6 reduces to 3812
[pool-261-thread-3] pick event Id=208, eMBMSSessionId=32 current size: 3811
[pool-261-thread-13] adds event Id=209, eMBMSSessionId=26 current size: 3811
[pool-261-thread-20] pick event Id=210, eMBMSSessionId=1 current size: 3810
[pool-261-thread-18] pick event Id=211, eMBMSSessionId=73 current size: 3809
[pool-261-thread-12] pick event Id=212, eMBMSSessionId=63 current size: 3808
[pool-261-thread-11] pick event Id=213, eMBMSSessionId=4 current size: 3807
[pool-261-thread-5] pick event Id=214, eMBMSSessionId=79 current size: 3806
pool-261-thread-17 reduces to 3805
[pool-261-thread-2] pick event Id=215, eMBMSSessionId=93 current size: 3804
[pool-261-thread-14] pick event Id=216, eMBMSSessionId=70 current size: 3803
[pool-261-thread-8] pick event Id=217, eMBMSSessionId=98 current size: 3802
[pool-261-thread-13] pick event Id=218, eMBMSSessionId=42 current size: 3801
[pool-261-thread-15] pick event Id=219, eMBMSSessionId=8 current size: 3800
[pool-261-thread-7] pick event Id=220, eMBMSSessionId=11 current size: 3799
[pool-261-thread-10] pick event Id=221, eMBMSSessionId=68 current size: 3798
[pool-261-thread-1] pick event Id=222, eMBMSSessionId=83 current size: 3797
[pool-261-thread-9] pick event Id=223, eMBMSSessionId=82 current size: 3796
[pool-261-thread-4] pick event Id=224, eMBMSSessionId=25 current size: 3795
[pool-261-thread-19] pick event Id=225, eMBMSSessionId=12 current size: 3794
[pool-261-thread-3] pick event Id=226, eMBMSSessionId=97 current size: 3793
[pool-261-thread-6] pick event Id=227, eMBMSSessionId=35 current size: 3792
[pool-261-thread-16] pick event Id=228, eMBMSSessionId=19 current size: 3791
[pool-261-thread-18] pick event Id=229, eMBMSSessionId=76 current size: 3790
[pool-261-thread-20] pick event Id=230, eMBMSSessionId=59 current size: 3789
[pool-261-thread-12] pick event Id=231, eMBMSSessionId=85 current size: 3788
[pool-261-thread-11] pick event Id=232, eMBMSSessionId=2 current size: 3787
[pool-261-thread-1] pick event Id=233, eMBMSSessionId=36 current size: 3786
[pool-261-thread-17] pick event Id=234, eMBMSSessionId=64 current size: 3785
[pool-261-thread-5] pick event Id=235, eMBMSSessionId=80 current size: 3784
[pool-261-thread-2] pick event Id=236, eMBMSSessionId=7 current size: 3783
[pool-261-thread-14] pick event Id=237, eMBMSSessionId=37 current size: 3782
[pool-261-thread-8] pick event Id=238, eMBMSSessionId=54 current size: 3781
[pool-261-thread-13] pick event Id=239, eMBMSSessionId=75 current size: 3780
[pool-261-thread-15] pick event Id=240, eMBMSSessionId=15 current size: 3779
[pool-261-thread-7] pick event Id=241, eMBMSSessionId=20 current size: 3778
[pool-261-thread-10] pick event Id=242, eMBMSSessionId=95 current size: 3777
[pool-261-thread-9] pick event Id=243, eMBMSSessionId=99 current size: 3776
[pool-261-thread-19] pick event Id=244, eMBMSSessionId=41 current size: 3775
[pool-261-thread-4] pick event Id=245, eMBMSSessionId=62 current size: 3774
[pool-261-thread-3] pick event Id=246, eMBMSSessionId=38 current size: 3773
[pool-261-thread-5] pick event Id=247, eMBMSSessionId=8 current size: 3772
[pool-261-thread-6] pick event Id=248, eMBMSSessionId=10 current size: 3771
[pool-261-thread-16] pick event Id=249, eMBMSSessionId=52 current size: 3770
[pool-261-thread-18] pick event Id=250, eMBMSSessionId=3 current size: 3769
[pool-261-thread-18] pick event Id=251, eMBMSSessionId=16 current size: 3768
[pool-261-thread-18] pick event Id=252, eMBMSSessionId=67 current size: 3767
[pool-261-thread-18] pick event Id=253, eMBMSSessionId=4 current size: 3766
[pool-261-thread-18] adds event Id=254, eMBMSSessionId=95 current size: 3766
[pool-261-thread-18] pick event Id=255, eMBMSSessionId=21 current size: 3765
[pool-261-thread-18] pick event Id=256, eMBMSSessionId=98 current size: 3764
[pool-261-thread-18] pick event Id=257, eMBMSSessionId=18 current size: 3763
[pool-261-thread-18] pick event Id=258, eMBMSSessionId=35 current size: 3762
[pool-261-thread-18] pick event Id=259, eMBMSSessionId=55 current size: 3761
[pool-261-thread-18] pick event Id=260, eMBMSSessionId=82 current size: 3760
[pool-261-thread-18] pick event Id=261, eMBMSSessionId=33 current size: 3759
[pool-261-thread-18] pick event Id=262, eMBMSSessionId=90 current size: 3758
[pool-261-thread-18] pick event Id=263, eMBMSSessionId=51 current size: 3757
[pool-261-thread-15] pick event Id=264, eMBMSSessionId=3 current size: 3756
[pool-261-thread-15] adds event Id=265, eMBMSSessionId=10 current size: 3756
[pool-261-thread-20] pick event Id=266, eMBMSSessionId=26 current size: 3755
[pool-261-thread-12] pick event Id=267, eMBMSSessionId=27 current size: 3754
[pool-261-thread-12] pick event Id=268, eMBMSSessionId=91 current size: 3753
[pool-261-thread-12] pick event Id=269, eMBMSSessionId=36 current size: 3752
[pool-261-thread-12] pick event Id=270, eMBMSSessionId=72 current size: 3751
[pool-261-thread-12] pick event Id=271, eMBMSSessionId=89 current size: 3750
[pool-261-thread-12] pick event Id=272, eMBMSSessionId=88 current size: 3749
[pool-261-thread-12] pick event Id=273, eMBMSSessionId=87 current size: 3748
[pool-261-thread-12] pick event Id=274, eMBMSSessionId=49 current size: 3747
[pool-261-thread-11] pick event Id=275, eMBMSSessionId=16 current size: 3746
pool-261-thread-10 reduces to 3745
[pool-261-thread-1] pick event Id=276, eMBMSSessionId=34 current size: 3744
[pool-261-thread-2] pick event Id=277, eMBMSSessionId=3 current size: 3743
[pool-261-thread-17] adds event Id=278, eMBMSSessionId=95 current size: 3743
[pool-261-thread-17] adds event Id=279, eMBMSSessionId=10 current size: 3743
[pool-261-thread-17] pick event Id=280, eMBMSSessionId=56 current size: 3742
[pool-261-thread-3] pick event Id=281, eMBMSSessionId=92 current size: 3741
pool-261-thread-6 reduces to 3740
[pool-261-thread-13] pick event Id=282, eMBMSSessionId=60 current size: 3739
[pool-261-thread-8] pick event Id=283, eMBMSSessionId=40 current size: 3738
[pool-261-thread-14] pick event Id=284, eMBMSSessionId=83 current size: 3737
[pool-261-thread-18] pick event Id=285, eMBMSSessionId=62 current size: 3736
[pool-261-thread-15] pick event Id=286, eMBMSSessionId=17 current size: 3735
[pool-261-thread-12] adds event Id=287, eMBMSSessionId=92 current size: 3735
[pool-261-thread-12] pick event Id=288, eMBMSSessionId=68 current size: 3734
[pool-261-thread-9] pick event Id=289, eMBMSSessionId=23 current size: 3733
[pool-261-thread-1] pick event Id=290, eMBMSSessionId=42 current size: 3732
[pool-261-thread-7] pick event Id=291, eMBMSSessionId=76 current size: 3731
[pool-261-thread-4] pick event Id=292, eMBMSSessionId=91 current size: 3730
pool-261-thread-10 reduces to 3729
[pool-261-thread-19] pick event Id=293, eMBMSSessionId=34 current size: 3728
[pool-261-thread-2] pick event Id=294, eMBMSSessionId=98 current size: 3727
[pool-261-thread-2] pick event Id=295, eMBMSSessionId=98 current size: 3726
[pool-261-thread-2] pick event Id=296, eMBMSSessionId=84 current size: 3725
[pool-261-thread-2] pick event Id=297, eMBMSSessionId=41 current size: 3724
[pool-261-thread-2] pick event Id=298, eMBMSSessionId=15 current size: 3723
[pool-261-thread-2] pick event Id=299, eMBMSSessionId=88 current size: 3722
[pool-261-thread-2] pick event Id=300, eMBMSSessionId=94 current size: 3721
[pool-261-thread-5] pick event Id=301, eMBMSSessionId=43 current size: 3720
[pool-261-thread-17] adds event Id=302, eMBMSSessionId=60 current size: 3720
[pool-261-thread-17] pick event Id=303, eMBMSSessionId=90 current size: 3719
pool-261-thread-6 reduces to 3718
pool-261-thread-3 reduces to 3717
[pool-261-thread-16] adds event Id=304, eMBMSSessionId=91 current size: 3717
pool-261-thread-13 reduces to 3716
[pool-261-thread-20] pick event Id=305, eMBMSSessionId=51 current size: 3715
[pool-261-thread-11] pick event Id=306, eMBMSSessionId=35 current size: 3714
[pool-261-thread-12] pick event Id=307, eMBMSSessionId=58 current size: 3713
pool-261-thread-4 reduces to 3712
[pool-261-thread-2] pick event Id=308, eMBMSSessionId=96 current size: 3711
[pool-261-thread-16] pick event Id=309, eMBMSSessionId=65 current size: 3710
[pool-261-thread-8] pick event Id=310, eMBMSSessionId=42 current size: 3709
[pool-261-thread-13] pick event Id=311, eMBMSSessionId=87 current size: 3708
[pool-261-thread-14] pick event Id=312, eMBMSSessionId=13 current size: 3707
[pool-261-thread-15] pick event Id=313, eMBMSSessionId=26 current size: 3706
[pool-261-thread-18] pick event Id=314, eMBMSSessionId=41 current size: 3705
[pool-261-thread-9] pick event Id=315, eMBMSSessionId=59 current size: 3704
[pool-261-thread-1] pick event Id=316, eMBMSSessionId=97 current size: 3703
[pool-261-thread-7] pick event Id=317, eMBMSSessionId=48 current size: 3702
[pool-261-thread-10] pick event Id=318, eMBMSSessionId=43 current size: 3701
[pool-261-thread-19] pick event Id=319, eMBMSSessionId=3 current size: 3700
[pool-261-thread-17] pick event Id=320, eMBMSSessionId=72 current size: 3699
[pool-261-thread-5] pick event Id=321, eMBMSSessionId=63 current size: 3698
[pool-261-thread-3] pick event Id=322, eMBMSSessionId=35 current size: 3697
[pool-261-thread-6] pick event Id=323, eMBMSSessionId=50 current size: 3696
[pool-261-thread-20] pick event Id=324, eMBMSSessionId=42 current size: 3695
[pool-261-thread-14] pick event Id=325, eMBMSSessionId=47 current size: 3694
[pool-261-thread-11] pick event Id=326, eMBMSSessionId=90 current size: 3693
[pool-261-thread-12] pick event Id=327, eMBMSSessionId=85 current size: 3692
[pool-261-thread-18] adds event Id=328, eMBMSSessionId=90 current size: 3692
[pool-261-thread-4] pick event Id=329, eMBMSSessionId=87 current size: 3691
[pool-261-thread-1] pick event Id=330, eMBMSSessionId=22 current size: 3690
[pool-261-thread-2] pick event Id=331, eMBMSSessionId=70 current size: 3689
[pool-261-thread-16] pick event Id=332, eMBMSSessionId=59 current size: 3688
[pool-261-thread-8] pick event Id=333, eMBMSSessionId=16 current size: 3687
[pool-261-thread-13] pick event Id=334, eMBMSSessionId=65 current size: 3686
[pool-261-thread-6] pick event Id=335, eMBMSSessionId=9 current size: 3685
[pool-261-thread-15] pick event Id=336, eMBMSSessionId=95 current size: 3684
[pool-261-thread-9] pick event Id=337, eMBMSSessionId=36 current size: 3683
pool-261-thread-11 reduces to 3682
[pool-261-thread-7] pick event Id=338, eMBMSSessionId=76 current size: 3681
[pool-261-thread-18] pick event Id=339, eMBMSSessionId=4 current size: 3680
[pool-261-thread-19] pick event Id=340, eMBMSSessionId=69 current size: 3679
[pool-261-thread-5] pick event Id=341, eMBMSSessionId=21 current size: 3678
[pool-261-thread-17] pick event Id=342, eMBMSSessionId=15 current size: 3677
[pool-261-thread-10] pick event Id=343, eMBMSSessionId=86 current size: 3676
[pool-261-thread-3] pick event Id=344, eMBMSSessionId=81 current size: 3675
[pool-261-thread-2] pick event Id=345, eMBMSSessionId=54 current size: 3674
[pool-261-thread-20] pick event Id=346, eMBMSSessionId=92 current size: 3673
[pool-261-thread-14] pick event Id=347, eMBMSSessionId=58 current size: 3672
[pool-261-thread-12] adds event Id=348, eMBMSSessionId=92 current size: 3672
[pool-261-thread-11] adds event Id=349, eMBMSSessionId=4 current size: 3672
[pool-261-thread-7] pick event Id=350, eMBMSSessionId=80 current size: 3671
[pool-261-thread-7] pick event Id=351, eMBMSSessionId=14 current size: 3670
[pool-261-thread-1] pick event Id=352, eMBMSSessionId=28 current size: 3669
pool-261-thread-18 reduces to 3668
[pool-261-thread-4] pick event Id=353, eMBMSSessionId=31 current size: 3667
[pool-261-thread-16] pick event Id=354, eMBMSSessionId=70 current size: 3666
[pool-261-thread-8] pick event Id=355, eMBMSSessionId=8 current size: 3665
[pool-261-thread-15] pick event Id=356, eMBMSSessionId=23 current size: 3664
[pool-261-thread-13] pick event Id=357, eMBMSSessionId=63 current size: 3663
[pool-261-thread-6] pick event Id=358, eMBMSSessionId=74 current size: 3662
pool-261-thread-20 reduces to 3661
[pool-261-thread-9] adds event Id=359, eMBMSSessionId=14 current size: 3661
[pool-261-thread-12] pick event Id=360, eMBMSSessionId=44 current size: 3660
pool-261-thread-7 reduces to 3659
[pool-261-thread-11] pick event Id=361, eMBMSSessionId=3 current size: 3658
[pool-261-thread-19] pick event Id=362, eMBMSSessionId=52 current size: 3657
[pool-261-thread-17] pick event Id=363, eMBMSSessionId=2 current size: 3656
[pool-261-thread-5] pick event Id=364, eMBMSSessionId=20 current size: 3655
[pool-261-thread-2] pick event Id=365, eMBMSSessionId=72 current size: 3654
[pool-261-thread-3] pick event Id=366, eMBMSSessionId=55 current size: 3653
[pool-261-thread-10] pick event Id=367, eMBMSSessionId=25 current size: 3652
[pool-261-thread-9] pick event Id=368, eMBMSSessionId=0 current size: 3651
[pool-261-thread-14] pick event Id=369, eMBMSSessionId=79 current size: 3650
[pool-261-thread-1] pick event Id=370, eMBMSSessionId=49 current size: 3649
[pool-261-thread-18] pick event Id=371, eMBMSSessionId=16 current size: 3648
[pool-261-thread-7] adds event Id=372, eMBMSSessionId=55 current size: 3648
[pool-261-thread-8] pick event Id=373, eMBMSSessionId=51 current size: 3647
[pool-261-thread-16] pick event Id=374, eMBMSSessionId=67 current size: 3646
[pool-261-thread-4] pick event Id=375, eMBMSSessionId=13 current size: 3645
[pool-261-thread-15] pick event Id=376, eMBMSSessionId=66 current size: 3644
[pool-261-thread-13] pick event Id=377, eMBMSSessionId=97 current size: 3643
[pool-261-thread-20] pick event Id=378, eMBMSSessionId=63 current size: 3642
[pool-261-thread-6] pick event Id=379, eMBMSSessionId=12 current size: 3641
pool-261-thread-3 reduces to 3640
[pool-261-thread-12] pick event Id=380, eMBMSSessionId=87 current size: 3639
[pool-261-thread-9] pick event Id=381, eMBMSSessionId=38 current size: 3638
[pool-261-thread-11] pick event Id=382, eMBMSSessionId=69 current size: 3637
[pool-261-thread-19] pick event Id=383, eMBMSSessionId=54 current size: 3636
[pool-261-thread-17] pick event Id=384, eMBMSSessionId=80 current size: 3635
[pool-261-thread-11] pick event Id=385, eMBMSSessionId=30 current size: 3634
[pool-261-thread-11] pick event Id=386, eMBMSSessionId=22 current size: 3633
[pool-261-thread-7] pick event Id=387, eMBMSSessionId=7 current size: 3632
[pool-261-thread-5] pick event Id=388, eMBMSSessionId=46 current size: 3631
[pool-261-thread-2] pick event Id=389, eMBMSSessionId=31 current size: 3630
[pool-261-thread-16] pick event Id=390, eMBMSSessionId=6 current size: 3629
[pool-261-thread-10] pick event Id=391, eMBMSSessionId=96 current size: 3628
[pool-261-thread-14] pick event Id=392, eMBMSSessionId=62 current size: 3627
[pool-261-thread-1] pick event Id=393, eMBMSSessionId=86 current size: 3626
[pool-261-thread-3] pick event Id=394, eMBMSSessionId=57 current size: 3625
[pool-261-thread-18] pick event Id=395, eMBMSSessionId=88 current size: 3624
[pool-261-thread-8] pick event Id=396, eMBMSSessionId=83 current size: 3623
[pool-261-thread-4] pick event Id=397, eMBMSSessionId=14 current size: 3622
[pool-261-thread-13] pick event Id=398, eMBMSSessionId=39 current size: 3621
[pool-261-thread-15] adds event Id=399, eMBMSSessionId=96 current size: 3621
[pool-261-thread-20] pick event Id=400, eMBMSSessionId=23 current size: 3620
[pool-261-thread-6] pick event Id=401, eMBMSSessionId=11 current size: 3619
pool-261-thread-10 reduces to 3618
[pool-261-thread-9] pick event Id=402, eMBMSSessionId=2 current size: 3617
[pool-261-thread-12] pick event Id=403, eMBMSSessionId=90 current size: 3616
[pool-261-thread-14] pick event Id=404, eMBMSSessionId=32 current size: 3615
[pool-261-thread-19] pick event Id=405, eMBMSSessionId=50 current size: 3614
[pool-261-thread-7] pick event Id=406, eMBMSSessionId=41 current size: 3613
[pool-261-thread-17] adds event Id=407, eMBMSSessionId=11 current size: 3613
[pool-261-thread-2] pick event Id=408, eMBMSSessionId=51 current size: 3612
[pool-261-thread-11] pick event Id=409, eMBMSSessionId=42 current size: 3611
[pool-261-thread-5] pick event Id=410, eMBMSSessionId=62 current size: 3610
[pool-261-thread-15] adds event Id=411, eMBMSSessionId=90 current size: 3610
[pool-261-thread-16] pick event Id=412, eMBMSSessionId=15 current size: 3609
pool-261-thread-6 reduces to 3608
[pool-261-thread-1] pick event Id=413, eMBMSSessionId=48 current size: 3607
[pool-261-thread-10] pick event Id=414, eMBMSSessionId=76 current size: 3606
pool-261-thread-12 reduces to 3605
[pool-261-thread-3] pick event Id=415, eMBMSSessionId=13 current size: 3604
[pool-261-thread-18] pick event Id=416, eMBMSSessionId=7 current size: 3603
[pool-261-thread-17] pick event Id=417, eMBMSSessionId=52 current size: 3602
[pool-261-thread-14] pick event Id=418, eMBMSSessionId=68 current size: 3601
[pool-261-thread-8] pick event Id=419, eMBMSSessionId=18 current size: 3600
[pool-261-thread-8] pick event Id=420, eMBMSSessionId=91 current size: 3599
[pool-261-thread-4] adds event Id=421, eMBMSSessionId=15 current size: 3599
[pool-261-thread-15] pick event Id=422, eMBMSSessionId=78 current size: 3598
[pool-261-thread-13] pick event Id=423, eMBMSSessionId=87 current size: 3597
[pool-261-thread-20] pick event Id=424, eMBMSSessionId=29 current size: 3596
[pool-261-thread-9] pick event Id=425, eMBMSSessionId=98 current size: 3595
pool-261-thread-16 reduces to 3594
[pool-261-thread-19] pick event Id=426, eMBMSSessionId=9 current size: 3593
[pool-261-thread-7] pick event Id=427, eMBMSSessionId=75 current size: 3592
[pool-261-thread-4] pick event Id=428, eMBMSSessionId=30 current size: 3591
[pool-261-thread-2] pick event Id=429, eMBMSSessionId=53 current size: 3590
[pool-261-thread-11] pick event Id=430, eMBMSSessionId=79 current size: 3589
[pool-261-thread-5] pick event Id=431, eMBMSSessionId=65 current size: 3588
[pool-261-thread-1] pick event Id=432, eMBMSSessionId=51 current size: 3587
[pool-261-thread-20] pick event Id=433, eMBMSSessionId=65 current size: 3586
[pool-261-thread-6] pick event Id=434, eMBMSSessionId=2 current size: 3585
[pool-261-thread-10] pick event Id=435, eMBMSSessionId=91 current size: 3584
[pool-261-thread-12] pick event Id=436, eMBMSSessionId=13 current size: 3583
[pool-261-thread-3] pick event Id=437, eMBMSSessionId=15 current size: 3582
[pool-261-thread-18] pick event Id=438, eMBMSSessionId=33 current size: 3581
[pool-261-thread-14] pick event Id=439, eMBMSSessionId=60 current size: 3580
[pool-261-thread-8] adds event Id=440, eMBMSSessionId=65 current size: 3580
[pool-261-thread-17] pick event Id=441, eMBMSSessionId=69 current size: 3579
[pool-261-thread-15] pick event Id=442, eMBMSSessionId=7 current size: 3578
[pool-261-thread-13] pick event Id=443, eMBMSSessionId=83 current size: 3577
[pool-261-thread-2] pick event Id=444, eMBMSSessionId=53 current size: 3576
[pool-261-thread-11] pick event Id=445, eMBMSSessionId=56 current size: 3575
[pool-261-thread-9] pick event Id=446, eMBMSSessionId=27 current size: 3574
pool-261-thread-20 reduces to 3573
[pool-261-thread-5] pick event Id=447, eMBMSSessionId=24 current size: 3572
[pool-261-thread-16] pick event Id=448, eMBMSSessionId=9 current size: 3571
[pool-261-thread-19] pick event Id=449, eMBMSSessionId=54 current size: 3570
[pool-261-thread-7] pick event Id=450, eMBMSSessionId=51 current size: 3569
[pool-261-thread-8] pick event Id=451, eMBMSSessionId=70 current size: 3568
[pool-261-thread-4] pick event Id=452, eMBMSSessionId=57 current size: 3567
[pool-261-thread-1] pick event Id=453, eMBMSSessionId=95 current size: 3566
[pool-261-thread-6] pick event Id=454, eMBMSSessionId=31 current size: 3565
[pool-261-thread-10] pick event Id=455, eMBMSSessionId=11 current size: 3564
[pool-261-thread-3] pick event Id=456, eMBMSSessionId=89 current size: 3563
[pool-261-thread-12] pick event Id=457, eMBMSSessionId=50 current size: 3562
[pool-261-thread-18] adds event Id=458, eMBMSSessionId=31 current size: 3562
[pool-261-thread-14] adds event Id=459, eMBMSSessionId=31 current size: 3562
[pool-261-thread-14] adds event Id=460, eMBMSSessionId=31 current size: 3562
[pool-261-thread-17] pick event Id=461, eMBMSSessionId=16 current size: 3561
[pool-261-thread-15] adds event Id=462, eMBMSSessionId=89 current size: 3561
[pool-261-thread-2] pick event Id=463, eMBMSSessionId=3 current size: 3560
[pool-261-thread-11] pick event Id=464, eMBMSSessionId=96 current size: 3559
[pool-261-thread-13] pick event Id=465, eMBMSSessionId=47 current size: 3558
[pool-261-thread-20] pick event Id=466, eMBMSSessionId=22 current size: 3557
[pool-261-thread-9] adds event Id=467, eMBMSSessionId=31 current size: 3557
[pool-261-thread-5] pick event Id=468, eMBMSSessionId=66 current size: 3556
pool-261-thread-6 reduces to 3555
[pool-261-thread-16] pick event Id=469, eMBMSSessionId=2 current size: 3554
[pool-261-thread-7] pick event Id=470, eMBMSSessionId=75 current size: 3553
[pool-261-thread-19] pick event Id=471, eMBMSSessionId=92 current size: 3552
pool-261-thread-3 reduces to 3551
[pool-261-thread-18] pick event Id=472, eMBMSSessionId=42 current size: 3550
[pool-261-thread-14] pick event Id=473, eMBMSSessionId=71 current size: 3549
[pool-261-thread-4] pick event Id=474, eMBMSSessionId=88 current size: 3548
[pool-261-thread-8] pick event Id=475, eMBMSSessionId=48 current size: 3547
[pool-261-thread-15] pick event Id=476, eMBMSSessionId=15 current size: 3546
[pool-261-thread-9] pick event Id=477, eMBMSSessionId=52 current size: 3545
[pool-261-thread-10] pick event Id=478, eMBMSSessionId=36 current size: 3544
pool-261-thread-6 reduces to 3543
[pool-261-thread-13] pick event Id=479, eMBMSSessionId=99 current size: 3542
[pool-261-thread-1] adds event Id=480, eMBMSSessionId=99 current size: 3542
[pool-261-thread-5] pick event Id=481, eMBMSSessionId=46 current size: 3541
[pool-261-thread-18] pick event Id=482, eMBMSSessionId=97 current size: 3540
[pool-261-thread-12] pick event Id=483, eMBMSSessionId=58 current size: 3539
[pool-261-thread-3] pick event Id=484, eMBMSSessionId=18 current size: 3538
[pool-261-thread-17] pick event Id=485, eMBMSSessionId=94 current size: 3537
[pool-261-thread-17] pick event Id=486, eMBMSSessionId=67 current size: 3536
[pool-261-thread-17] pick event Id=487, eMBMSSessionId=24 current size: 3535
[pool-261-thread-17] pick event Id=488, eMBMSSessionId=80 current size: 3534
[pool-261-thread-17] adds event Id=489, eMBMSSessionId=46 current size: 3534
[pool-261-thread-17] pick event Id=490, eMBMSSessionId=28 current size: 3533
[pool-261-thread-17] pick event Id=491, eMBMSSessionId=5 current size: 3532
[pool-261-thread-17] pick event Id=492, eMBMSSessionId=15 current size: 3531
[pool-261-thread-17] pick event Id=493, eMBMSSessionId=72 current size: 3530
[pool-261-thread-17] pick event Id=494, eMBMSSessionId=76 current size: 3529
[pool-261-thread-17] pick event Id=495, eMBMSSessionId=16 current size: 3528
[pool-261-thread-17] pick event Id=496, eMBMSSessionId=51 current size: 3527
[pool-261-thread-17] pick event Id=497, eMBMSSessionId=43 current size: 3526
[pool-261-thread-17] pick event Id=498, eMBMSSessionId=2 current size: 3525
[pool-261-thread-17] pick event Id=499, eMBMSSessionId=37 current size: 3524
[pool-261-thread-17] pick event Id=500, eMBMSSessionId=95 current size: 3523
[pool-261-thread-17] pick event Id=501, eMBMSSessionId=15 current size: 3522
[pool-261-thread-17] pick event Id=502, eMBMSSessionId=71 current size: 3521
[pool-261-thread-17] adds event Id=503, eMBMSSessionId=31 current size: 3521
[pool-261-thread-17] pick event Id=504, eMBMSSessionId=2 current size: 3520
[pool-261-thread-17] pick event Id=505, eMBMSSessionId=27 current size: 3519
[pool-261-thread-17] pick event Id=506, eMBMSSessionId=57 current size: 3518
[pool-261-thread-17] adds event Id=507, eMBMSSessionId=52 current size: 3518
[pool-261-thread-17] pick event Id=508, eMBMSSessionId=26 current size: 3517
[pool-261-thread-17] pick event Id=509, eMBMSSessionId=90 current size: 3516
[pool-261-thread-17] pick event Id=510, eMBMSSessionId=57 current size: 3515
[pool-261-thread-2] pick event Id=511, eMBMSSessionId=67 current size: 3514
[pool-261-thread-20] pick event Id=512, eMBMSSessionId=68 current size: 3513
[pool-261-thread-20] pick event Id=513, eMBMSSessionId=55 current size: 3512
[pool-261-thread-11] pick event Id=514, eMBMSSessionId=20 current size: 3511
pool-261-thread-9 reduces to 3510
pool-261-thread-6 reduces to 3509
pool-261-thread-13 reduces to 3508
[pool-261-thread-1] pick event Id=515, eMBMSSessionId=95 current size: 3507
[pool-261-thread-16] pick event Id=516, eMBMSSessionId=84 current size: 3506
[pool-261-thread-19] pick event Id=517, eMBMSSessionId=30 current size: 3505
pool-261-thread-5 reduces to 3504
[pool-261-thread-14] adds event Id=518, eMBMSSessionId=84 current size: 3504
[pool-261-thread-7] pick event Id=519, eMBMSSessionId=42 current size: 3503
[pool-261-thread-4] pick event Id=520, eMBMSSessionId=24 current size: 3502
[pool-261-thread-15] pick event Id=521, eMBMSSessionId=58 current size: 3501
testOverload end.
testFull begin.
[pool-262-thread-1] pick event Id=0, eMBMSSessionId=31 current size: 4998
[pool-262-thread-2] pick event Id=1, eMBMSSessionId=30 current size: 4997
[pool-262-thread-3] pick event Id=2, eMBMSSessionId=24 current size: 4996
[pool-262-thread-4] pick event Id=3, eMBMSSessionId=76 current size: 4995
[pool-262-thread-5] pick event Id=4, eMBMSSessionId=19 current size: 4994
[pool-262-thread-6] pick event Id=5, eMBMSSessionId=81 current size: 4993
[pool-262-thread-8] pick event Id=6, eMBMSSessionId=47 current size: 4992
[pool-262-thread-7] pick event Id=7, eMBMSSessionId=68 current size: 4991
[pool-262-thread-9] pick event Id=8, eMBMSSessionId=86 current size: 4990
[pool-262-thread-10] pick event Id=9, eMBMSSessionId=82 current size: 4989
[pool-262-thread-11] pick event Id=10, eMBMSSessionId=94 current size: 4988
[pool-262-thread-12] pick event Id=11, eMBMSSessionId=0 current size: 4987
[pool-262-thread-13] pick event Id=12, eMBMSSessionId=54 current size: 4986
[pool-262-thread-14] adds event Id=13, eMBMSSessionId=47 current size: 4986
[pool-262-thread-15] pick event Id=14, eMBMSSessionId=14 current size: 4985
[pool-262-thread-16] pick event Id=15, eMBMSSessionId=25 current size: 4984
[pool-262-thread-17] pick event Id=16, eMBMSSessionId=11 current size: 4983
[pool-262-thread-18] adds event Id=17, eMBMSSessionId=25 current size: 4983
[pool-262-thread-19] pick event Id=18, eMBMSSessionId=66 current size: 4982
[pool-262-thread-20] pick event Id=19, eMBMSSessionId=64 current size: 4981
[pool-262-thread-14] adds event Id=20, eMBMSSessionId=68 current size: 4981
[pool-262-thread-14] pick event Id=21, eMBMSSessionId=59 current size: 4980
[pool-262-thread-18] pick event Id=22, eMBMSSessionId=72 current size: 4979
event queue is full, will clear all data!
NbiEventCache is cleared with total events removed: 5029
testFull end.
29 times run start
testEventSequence begin.
testEventSequence end.
testSendRadomEmbmsSessionEvents begin.
testSendRadomEmbmsSessionEvents end.
testSendSameEmbmsSessionEvents begin.
testSendSameEmbmsSessionEvents end.
testSendNoSameEmbmsSessionEvents begin.
testSendNoSameEmbmsSessionEvents end.
testSendNoEmbmsSessionIdEvents begin.
testSendNoEmbmsSessionIdEvents end.
testOverload begin.
[pool-270-thread-1] pick event Id=0, eMBMSSessionId=82 current size: 4019
[pool-270-thread-3] pick event Id=1, eMBMSSessionId=50 current size: 4018
[pool-270-thread-2] pick event Id=2, eMBMSSessionId=26 current size: 4017
[pool-270-thread-4] pick event Id=3, eMBMSSessionId=31 current size: 4016
pool-270-thread-3 Discard NBI event &apos; Id=1, eMBMSSessionId=50&apos;, current queue size: 4016
pool-270-thread-2 Discard NBI event &apos; Id=2, eMBMSSessionId=26&apos;, current queue size: 4016
pool-270-thread-1 Discard NBI event &apos; Id=0, eMBMSSessionId=82&apos;, current queue size: 4016
pool-270-thread-4 Discard NBI event &apos; Id=3, eMBMSSessionId=31&apos;, current queue size: 4016
[pool-270-thread-5] pick event Id=4, eMBMSSessionId=85 current size: 4015
[pool-270-thread-6] pick event Id=5, eMBMSSessionId=63 current size: 4014
[pool-270-thread-7] pick event Id=6, eMBMSSessionId=4 current size: 4013
pool-270-thread-5 Discard NBI event &apos; Id=4, eMBMSSessionId=85&apos;, current queue size: 4013
pool-270-thread-6 Discard NBI event &apos; Id=5, eMBMSSessionId=63&apos;, current queue size: 4013
[pool-270-thread-8] pick event Id=7, eMBMSSessionId=66 current size: 4012
pool-270-thread-7 Discard NBI event &apos; Id=6, eMBMSSessionId=4&apos;, current queue size: 4012
[pool-270-thread-9] pick event Id=8, eMBMSSessionId=88 current size: 4011
[pool-270-thread-10] pick event Id=9, eMBMSSessionId=17 current size: 4010
pool-270-thread-9 Discard NBI event &apos; Id=8, eMBMSSessionId=88&apos;, current queue size: 4010
pool-270-thread-8 Discard NBI event &apos; Id=7, eMBMSSessionId=66&apos;, current queue size: 4010
pool-270-thread-10 Discard NBI event &apos; Id=9, eMBMSSessionId=17&apos;, current queue size: 4010
[pool-270-thread-15] pick event Id=10, eMBMSSessionId=79 current size: 4009
[pool-270-thread-11] pick event Id=11, eMBMSSessionId=2 current size: 4008
[pool-270-thread-12] pick event Id=12, eMBMSSessionId=85 current size: 4007
pool-270-thread-11 Discard NBI event &apos; Id=11, eMBMSSessionId=2&apos;, current queue size: 4007
[pool-270-thread-13] adds event Id=13, eMBMSSessionId=79 current size: 4007
pool-270-thread-15 Discard NBI event &apos; Id=10, eMBMSSessionId=79&apos;, current queue size: 4007
[pool-270-thread-14] pick event Id=14, eMBMSSessionId=23 current size: 4006
pool-270-thread-12 Discard NBI event &apos; Id=12, eMBMSSessionId=85&apos;, current queue size: 4006
pool-270-thread-14 Discard NBI event &apos; Id=14, eMBMSSessionId=23&apos;, current queue size: 4006
[pool-270-thread-16] pick event Id=15, eMBMSSessionId=52 current size: 4005
[pool-270-thread-17] pick event Id=16, eMBMSSessionId=46 current size: 4004
pool-270-thread-16 Discard NBI event &apos; Id=15, eMBMSSessionId=52&apos;, current queue size: 4004
[pool-270-thread-18] pick event Id=17, eMBMSSessionId=22 current size: 4003
pool-270-thread-18 Discard NBI event &apos; Id=17, eMBMSSessionId=22&apos;, current queue size: 4003
pool-270-thread-15 reduces to 4002
[pool-270-thread-19] pick event Id=18, eMBMSSessionId=27 current size: 4001
pool-270-thread-17 Discard NBI event &apos; Id=16, eMBMSSessionId=46&apos;, current queue size: 4001
[pool-270-thread-2] pick event Id=19, eMBMSSessionId=88 current size: 4000
pool-270-thread-19 Discard NBI event &apos; Id=18, eMBMSSessionId=27&apos;, current queue size: 4001
pool-270-thread-15 Discard NBI event &apos; Id=13, eMBMSSessionId=79&apos;, current queue size: 4000
pool-270-thread-2 Discard NBI event &apos; Id=19, eMBMSSessionId=88&apos;, current queue size: 4000
[pool-270-thread-20] adds event Id=20, eMBMSSessionId=22 current size: 4000
[pool-270-thread-5] pick event Id=21, eMBMSSessionId=32 current size: 3999
[pool-270-thread-3] adds event Id=22, eMBMSSessionId=27 current size: 3999
[pool-270-thread-1] pick event Id=23, eMBMSSessionId=98 current size: 3998
pool-270-thread-18 reduces to 3997
pool-270-thread-19 reduces to 3996
[pool-270-thread-8] pick event Id=24, eMBMSSessionId=59 current size: 3995
[pool-270-thread-4] pick event Id=25, eMBMSSessionId=70 current size: 3994
[pool-270-thread-12] pick event Id=26, eMBMSSessionId=90 current size: 3993
[pool-270-thread-6] pick event Id=27, eMBMSSessionId=9 current size: 3992
[pool-270-thread-13] pick event Id=28, eMBMSSessionId=45 current size: 3991
[pool-270-thread-16] pick event Id=29, eMBMSSessionId=94 current size: 3990
[pool-270-thread-9] pick event Id=30, eMBMSSessionId=93 current size: 3989
[pool-270-thread-10] pick event Id=31, eMBMSSessionId=5 current size: 3988
[pool-270-thread-11] pick event Id=32, eMBMSSessionId=91 current size: 3987
[pool-270-thread-14] pick event Id=33, eMBMSSessionId=76 current size: 3986
[pool-270-thread-20] pick event Id=34, eMBMSSessionId=12 current size: 3985
[pool-270-thread-3] pick event Id=35, eMBMSSessionId=27 current size: 3984
[pool-270-thread-7] pick event Id=36, eMBMSSessionId=40 current size: 3983
[pool-270-thread-15] pick event Id=37, eMBMSSessionId=35 current size: 3982
[pool-270-thread-18] pick event Id=38, eMBMSSessionId=83 current size: 3981
[pool-270-thread-17] pick event Id=39, eMBMSSessionId=71 current size: 3980
[pool-270-thread-19] pick event Id=40, eMBMSSessionId=90 current size: 3979
[pool-270-thread-5] pick event Id=41, eMBMSSessionId=24 current size: 3978
[pool-270-thread-16] pick event Id=42, eMBMSSessionId=29 current size: 3977
[pool-270-thread-4] pick event Id=43, eMBMSSessionId=53 current size: 3976
[pool-270-thread-6] pick event Id=44, eMBMSSessionId=60 current size: 3975
[pool-270-thread-2] pick event Id=45, eMBMSSessionId=76 current size: 3974
[pool-270-thread-12] pick event Id=46, eMBMSSessionId=73 current size: 3973
[pool-270-thread-8] pick event Id=47, eMBMSSessionId=6 current size: 3972
[pool-270-thread-13] pick event Id=48, eMBMSSessionId=16 current size: 3971
[pool-270-thread-9] pick event Id=49, eMBMSSessionId=28 current size: 3970
[pool-270-thread-1] pick event Id=50, eMBMSSessionId=5 current size: 3969
[pool-270-thread-10] pick event Id=51, eMBMSSessionId=66 current size: 3968
[pool-270-thread-18] pick event Id=52, eMBMSSessionId=2 current size: 3967
[pool-270-thread-11] pick event Id=53, eMBMSSessionId=15 current size: 3966
[pool-270-thread-14] pick event Id=54, eMBMSSessionId=36 current size: 3965
[pool-270-thread-3] pick event Id=55, eMBMSSessionId=67 current size: 3964
[pool-270-thread-15] pick event Id=56, eMBMSSessionId=50 current size: 3963
[pool-270-thread-20] pick event Id=57, eMBMSSessionId=75 current size: 3962
[pool-270-thread-7] pick event Id=58, eMBMSSessionId=61 current size: 3961
[pool-270-thread-19] adds event Id=59, eMBMSSessionId=2 current size: 3961
[pool-270-thread-19] pick event Id=60, eMBMSSessionId=77 current size: 3960
[pool-270-thread-17] pick event Id=61, eMBMSSessionId=60 current size: 3959
[pool-270-thread-16] pick event Id=62, eMBMSSessionId=10 current size: 3958
pool-270-thread-18 reduces to 3957
[pool-270-thread-5] adds event Id=63, eMBMSSessionId=77 current size: 3957
[pool-270-thread-4] pick event Id=64, eMBMSSessionId=59 current size: 3956
[pool-270-thread-6] pick event Id=65, eMBMSSessionId=78 current size: 3955
[pool-270-thread-2] pick event Id=66, eMBMSSessionId=23 current size: 3954
[pool-270-thread-8] pick event Id=67, eMBMSSessionId=53 current size: 3953
[pool-270-thread-12] pick event Id=68, eMBMSSessionId=95 current size: 3952
[pool-270-thread-13] pick event Id=69, eMBMSSessionId=18 current size: 3951
[pool-270-thread-9] pick event Id=70, eMBMSSessionId=35 current size: 3950
[pool-270-thread-1] pick event Id=71, eMBMSSessionId=93 current size: 3949
pool-270-thread-19 reduces to 3948
[pool-270-thread-10] pick event Id=72, eMBMSSessionId=12 current size: 3947
[pool-270-thread-5] pick event Id=73, eMBMSSessionId=48 current size: 3946
[pool-270-thread-11] pick event Id=74, eMBMSSessionId=65 current size: 3945
[pool-270-thread-14] pick event Id=75, eMBMSSessionId=68 current size: 3944
[pool-270-thread-18] pick event Id=76, eMBMSSessionId=39 current size: 3943
[pool-270-thread-20] adds event Id=77, eMBMSSessionId=48 current size: 3943
[pool-270-thread-15] adds event Id=78, eMBMSSessionId=53 current size: 3943
[pool-270-thread-3] pick event Id=79, eMBMSSessionId=85 current size: 3942
[pool-270-thread-7] pick event Id=80, eMBMSSessionId=62 current size: 3941
pool-270-thread-8 reduces to 3940
[pool-270-thread-17] adds event Id=81, eMBMSSessionId=48 current size: 3940
[pool-270-thread-12] pick event Id=82, eMBMSSessionId=15 current size: 3939
[pool-270-thread-16] adds event Id=83, eMBMSSessionId=65 current size: 3939
[pool-270-thread-10] pick event Id=84, eMBMSSessionId=16 current size: 3938
pool-270-thread-5 reduces to 3937
[pool-270-thread-4] pick event Id=85, eMBMSSessionId=10 current size: 3936
[pool-270-thread-20] pick event Id=86, eMBMSSessionId=1 current size: 3935
pool-270-thread-11 reduces to 3934
[pool-270-thread-15] pick event Id=87, eMBMSSessionId=27 current size: 3933
[pool-270-thread-6] pick event Id=88, eMBMSSessionId=84 current size: 3932
[pool-270-thread-2] pick event Id=89, eMBMSSessionId=47 current size: 3931
[pool-270-thread-13] pick event Id=90, eMBMSSessionId=12 current size: 3930
[pool-270-thread-17] pick event Id=91, eMBMSSessionId=64 current size: 3929
[pool-270-thread-9] pick event Id=92, eMBMSSessionId=0 current size: 3928
[pool-270-thread-1] pick event Id=93, eMBMSSessionId=24 current size: 3927
[pool-270-thread-19] pick event Id=94, eMBMSSessionId=36 current size: 3926
[pool-270-thread-16] pick event Id=95, eMBMSSessionId=20 current size: 3925
[pool-270-thread-18] pick event Id=96, eMBMSSessionId=33 current size: 3924
[pool-270-thread-4] adds event Id=97, eMBMSSessionId=48 current size: 3924
[pool-270-thread-4] pick event Id=98, eMBMSSessionId=16 current size: 3923
[pool-270-thread-14] pick event Id=99, eMBMSSessionId=58 current size: 3922
pool-270-thread-5 reduces to 3921
[pool-270-thread-3] pick event Id=100, eMBMSSessionId=81 current size: 3920
[pool-270-thread-7] pick event Id=101, eMBMSSessionId=83 current size: 3919
[pool-270-thread-2] pick event Id=102, eMBMSSessionId=70 current size: 3918
[pool-270-thread-13] pick event Id=103, eMBMSSessionId=55 current size: 3917
[pool-270-thread-8] pick event Id=104, eMBMSSessionId=78 current size: 3916
[pool-270-thread-1] pick event Id=105, eMBMSSessionId=77 current size: 3915
[pool-270-thread-12] pick event Id=106, eMBMSSessionId=29 current size: 3914
[pool-270-thread-10] pick event Id=107, eMBMSSessionId=19 current size: 3913
[pool-270-thread-20] pick event Id=108, eMBMSSessionId=74 current size: 3912
[pool-270-thread-11] pick event Id=109, eMBMSSessionId=84 current size: 3911
pool-270-thread-5 reduces to 3910
[pool-270-thread-6] pick event Id=110, eMBMSSessionId=45 current size: 3909
[pool-270-thread-15] pick event Id=111, eMBMSSessionId=85 current size: 3908
[pool-270-thread-3] pick event Id=112, eMBMSSessionId=61 current size: 3907
[pool-270-thread-9] pick event Id=113, eMBMSSessionId=53 current size: 3906
[pool-270-thread-17] pick event Id=114, eMBMSSessionId=36 current size: 3905
[pool-270-thread-19] pick event Id=115, eMBMSSessionId=60 current size: 3904
[pool-270-thread-13] pick event Id=116, eMBMSSessionId=94 current size: 3903
[pool-270-thread-16] pick event Id=117, eMBMSSessionId=22 current size: 3902
[pool-270-thread-18] pick event Id=118, eMBMSSessionId=26 current size: 3901
[pool-270-thread-20] pick event Id=119, eMBMSSessionId=81 current size: 3900
[pool-270-thread-4] adds event Id=120, eMBMSSessionId=94 current size: 3900
[pool-270-thread-14] pick event Id=121, eMBMSSessionId=42 current size: 3899
[pool-270-thread-7] pick event Id=122, eMBMSSessionId=20 current size: 3898
[pool-270-thread-2] pick event Id=123, eMBMSSessionId=35 current size: 3897
[pool-270-thread-9] pick event Id=124, eMBMSSessionId=88 current size: 3896
[pool-270-thread-8] pick event Id=125, eMBMSSessionId=92 current size: 3895
[pool-270-thread-1] pick event Id=126, eMBMSSessionId=71 current size: 3894
[pool-270-thread-12] pick event Id=127, eMBMSSessionId=99 current size: 3893
pool-270-thread-13 reduces to 3892
[pool-270-thread-10] pick event Id=128, eMBMSSessionId=74 current size: 3891
[pool-270-thread-4] pick event Id=129, eMBMSSessionId=70 current size: 3890
[pool-270-thread-11] adds event Id=130, eMBMSSessionId=35 current size: 3890
[pool-270-thread-5] pick event Id=131, eMBMSSessionId=4 current size: 3889
[pool-270-thread-6] pick event Id=132, eMBMSSessionId=21 current size: 3888
[pool-270-thread-15] pick event Id=133, eMBMSSessionId=86 current size: 3887
[pool-270-thread-3] pick event Id=134, eMBMSSessionId=3 current size: 3886
[pool-270-thread-7] pick event Id=135, eMBMSSessionId=94 current size: 3885
[pool-270-thread-17] pick event Id=136, eMBMSSessionId=11 current size: 3884
pool-270-thread-2 reduces to 3883
[pool-270-thread-19] pick event Id=137, eMBMSSessionId=19 current size: 3882
[pool-270-thread-16] pick event Id=138, eMBMSSessionId=39 current size: 3881
[pool-270-thread-13] pick event Id=139, eMBMSSessionId=16 current size: 3880
[pool-270-thread-20] pick event Id=140, eMBMSSessionId=29 current size: 3879
[pool-270-thread-18] pick event Id=141, eMBMSSessionId=27 current size: 3878
[pool-270-thread-11] pick event Id=142, eMBMSSessionId=5 current size: 3877
[pool-270-thread-4] adds event Id=143, eMBMSSessionId=16 current size: 3877
[pool-270-thread-14] pick event Id=144, eMBMSSessionId=33 current size: 3876
[pool-270-thread-9] pick event Id=145, eMBMSSessionId=12 current size: 3875
[pool-270-thread-8] pick event Id=146, eMBMSSessionId=22 current size: 3874
[pool-270-thread-16] pick event Id=147, eMBMSSessionId=68 current size: 3873
[pool-270-thread-1] pick event Id=148, eMBMSSessionId=26 current size: 3872
[pool-270-thread-19] pick event Id=149, eMBMSSessionId=18 current size: 3871
pool-270-thread-13 reduces to 3870
[pool-270-thread-12] pick event Id=150, eMBMSSessionId=28 current size: 3869
[pool-270-thread-10] pick event Id=151, eMBMSSessionId=62 current size: 3868
[pool-270-thread-4] pick event Id=152, eMBMSSessionId=71 current size: 3867
[pool-270-thread-5] pick event Id=153, eMBMSSessionId=84 current size: 3866
[pool-270-thread-7] pick event Id=154, eMBMSSessionId=17 current size: 3865
[pool-270-thread-6] pick event Id=155, eMBMSSessionId=91 current size: 3864
[pool-270-thread-15] pick event Id=156, eMBMSSessionId=39 current size: 3863
[pool-270-thread-3] pick event Id=157, eMBMSSessionId=19 current size: 3862
[pool-270-thread-2] pick event Id=158, eMBMSSessionId=79 current size: 3861
[pool-270-thread-17] pick event Id=159, eMBMSSessionId=6 current size: 3860
[pool-270-thread-20] pick event Id=160, eMBMSSessionId=53 current size: 3859
[pool-270-thread-18] pick event Id=161, eMBMSSessionId=40 current size: 3858
[pool-270-thread-1] pick event Id=162, eMBMSSessionId=48 current size: 3857
[pool-270-thread-11] pick event Id=163, eMBMSSessionId=5 current size: 3856
[pool-270-thread-14] pick event Id=164, eMBMSSessionId=1 current size: 3855
[pool-270-thread-10] pick event Id=165, eMBMSSessionId=8 current size: 3854
[pool-270-thread-9] pick event Id=166, eMBMSSessionId=10 current size: 3853
[pool-270-thread-8] adds event Id=167, eMBMSSessionId=10 current size: 3853
[pool-270-thread-16] pick event Id=168, eMBMSSessionId=99 current size: 3852
[pool-270-thread-19] pick event Id=169, eMBMSSessionId=58 current size: 3851
[pool-270-thread-12] pick event Id=170, eMBMSSessionId=44 current size: 3850
[pool-270-thread-13] pick event Id=171, eMBMSSessionId=52 current size: 3849
[pool-270-thread-4] pick event Id=172, eMBMSSessionId=88 current size: 3848
[pool-270-thread-5] pick event Id=173, eMBMSSessionId=42 current size: 3847
[pool-270-thread-7] pick event Id=174, eMBMSSessionId=7 current size: 3846
[pool-270-thread-6] adds event Id=175, eMBMSSessionId=44 current size: 3846
[pool-270-thread-15] pick event Id=176, eMBMSSessionId=21 current size: 3845
[pool-270-thread-3] pick event Id=177, eMBMSSessionId=30 current size: 3844
[pool-270-thread-2] pick event Id=178, eMBMSSessionId=87 current size: 3843
pool-270-thread-9 reduces to 3842
[pool-270-thread-8] pick event Id=179, eMBMSSessionId=15 current size: 3841
[pool-270-thread-17] pick event Id=180, eMBMSSessionId=67 current size: 3840
[pool-270-thread-20] pick event Id=181, eMBMSSessionId=14 current size: 3839
[pool-270-thread-18] pick event Id=182, eMBMSSessionId=18 current size: 3838
pool-270-thread-12 reduces to 3837
[pool-270-thread-1] pick event Id=183, eMBMSSessionId=77 current size: 3836
[pool-270-thread-13] pick event Id=184, eMBMSSessionId=45 current size: 3835
[pool-270-thread-11] pick event Id=185, eMBMSSessionId=9 current size: 3834
[pool-270-thread-14] pick event Id=186, eMBMSSessionId=79 current size: 3833
[pool-270-thread-6] pick event Id=187, eMBMSSessionId=97 current size: 3832
[pool-270-thread-10] adds event Id=188, eMBMSSessionId=15 current size: 3832
[pool-270-thread-19] pick event Id=189, eMBMSSessionId=6 current size: 3831
[pool-270-thread-16] pick event Id=190, eMBMSSessionId=89 current size: 3830
pool-270-thread-8 reduces to 3829
[pool-270-thread-4] pick event Id=191, eMBMSSessionId=76 current size: 3828
[pool-270-thread-5] pick event Id=192, eMBMSSessionId=31 current size: 3827
[pool-270-thread-7] adds event Id=193, eMBMSSessionId=89 current size: 3827
[pool-270-thread-10] pick event Id=194, eMBMSSessionId=99 current size: 3826
[pool-270-thread-15] pick event Id=195, eMBMSSessionId=80 current size: 3825
[pool-270-thread-3] pick event Id=196, eMBMSSessionId=32 current size: 3824
[pool-270-thread-2] pick event Id=197, eMBMSSessionId=88 current size: 3823
[pool-270-thread-9] pick event Id=198, eMBMSSessionId=12 current size: 3822
pool-270-thread-16 reduces to 3821
[pool-270-thread-2] pick event Id=199, eMBMSSessionId=35 current size: 3820
[pool-270-thread-17] pick event Id=200, eMBMSSessionId=23 current size: 3819
[pool-270-thread-20] pick event Id=201, eMBMSSessionId=54 current size: 3818
[pool-270-thread-12] pick event Id=202, eMBMSSessionId=64 current size: 3817
[pool-270-thread-18] pick event Id=203, eMBMSSessionId=52 current size: 3816
[pool-270-thread-1] pick event Id=204, eMBMSSessionId=95 current size: 3815
[pool-270-thread-11] pick event Id=205, eMBMSSessionId=39 current size: 3814
[pool-270-thread-13] pick event Id=206, eMBMSSessionId=45 current size: 3813
[pool-270-thread-7] pick event Id=207, eMBMSSessionId=81 current size: 3812
[pool-270-thread-6] pick event Id=208, eMBMSSessionId=53 current size: 3811
[pool-270-thread-14] pick event Id=209, eMBMSSessionId=9 current size: 3810
[pool-270-thread-19] pick event Id=210, eMBMSSessionId=32 current size: 3809
[pool-270-thread-8] pick event Id=211, eMBMSSessionId=19 current size: 3808
[pool-270-thread-16] pick event Id=212, eMBMSSessionId=48 current size: 3807
[pool-270-thread-4] pick event Id=213, eMBMSSessionId=91 current size: 3806
[pool-270-thread-20] pick event Id=214, eMBMSSessionId=28 current size: 3805
[pool-270-thread-5] adds event Id=215, eMBMSSessionId=32 current size: 3805
[pool-270-thread-13] pick event Id=216, eMBMSSessionId=64 current size: 3804
[pool-270-thread-10] pick event Id=217, eMBMSSessionId=73 current size: 3803
[pool-270-thread-15] pick event Id=218, eMBMSSessionId=54 current size: 3802
[pool-270-thread-3] pick event Id=219, eMBMSSessionId=84 current size: 3801
[pool-270-thread-9] pick event Id=220, eMBMSSessionId=38 current size: 3800
[pool-270-thread-2] pick event Id=221, eMBMSSessionId=99 current size: 3799
pool-270-thread-19 reduces to 3798
[pool-270-thread-17] pick event Id=222, eMBMSSessionId=4 current size: 3797
[pool-270-thread-12] pick event Id=223, eMBMSSessionId=90 current size: 3796
[pool-270-thread-18] adds event Id=224, eMBMSSessionId=84 current size: 3796
[pool-270-thread-1] pick event Id=225, eMBMSSessionId=47 current size: 3795
[pool-270-thread-5] pick event Id=226, eMBMSSessionId=39 current size: 3794
[pool-270-thread-11] pick event Id=227, eMBMSSessionId=17 current size: 3793
[pool-270-thread-7] pick event Id=228, eMBMSSessionId=53 current size: 3792
[pool-270-thread-6] pick event Id=229, eMBMSSessionId=86 current size: 3791
[pool-270-thread-14] pick event Id=230, eMBMSSessionId=36 current size: 3790
pool-270-thread-3 reduces to 3789
[pool-270-thread-8] pick event Id=231, eMBMSSessionId=40 current size: 3788
[pool-270-thread-16] pick event Id=232, eMBMSSessionId=83 current size: 3787
[pool-270-thread-4] pick event Id=233, eMBMSSessionId=99 current size: 3786
[pool-270-thread-18] pick event Id=234, eMBMSSessionId=46 current size: 3785
[pool-270-thread-20] pick event Id=235, eMBMSSessionId=55 current size: 3784
[pool-270-thread-12] pick event Id=236, eMBMSSessionId=63 current size: 3783
[pool-270-thread-1] pick event Id=237, eMBMSSessionId=85 current size: 3782
[pool-270-thread-13] pick event Id=238, eMBMSSessionId=38 current size: 3781
[pool-270-thread-15] pick event Id=239, eMBMSSessionId=61 current size: 3780
[pool-270-thread-10] pick event Id=240, eMBMSSessionId=70 current size: 3779
[pool-270-thread-14] pick event Id=241, eMBMSSessionId=14 current size: 3778
[pool-270-thread-9] pick event Id=242, eMBMSSessionId=5 current size: 3777
[pool-270-thread-2] pick event Id=243, eMBMSSessionId=78 current size: 3776
[pool-270-thread-19] pick event Id=244, eMBMSSessionId=3 current size: 3775
[pool-270-thread-17] pick event Id=245, eMBMSSessionId=24 current size: 3774
[pool-270-thread-11] pick event Id=246, eMBMSSessionId=35 current size: 3773
[pool-270-thread-7] pick event Id=247, eMBMSSessionId=13 current size: 3772
[pool-270-thread-5] pick event Id=248, eMBMSSessionId=69 current size: 3771
[pool-270-thread-6] pick event Id=249, eMBMSSessionId=71 current size: 3770
[pool-270-thread-3] pick event Id=250, eMBMSSessionId=25 current size: 3769
[pool-270-thread-10] pick event Id=251, eMBMSSessionId=84 current size: 3768
[pool-270-thread-8] pick event Id=252, eMBMSSessionId=14 current size: 3767
[pool-270-thread-19] pick event Id=253, eMBMSSessionId=10 current size: 3766
[pool-270-thread-16] pick event Id=254, eMBMSSessionId=48 current size: 3765
[pool-270-thread-2] pick event Id=255, eMBMSSessionId=44 current size: 3764
[pool-270-thread-4] pick event Id=256, eMBMSSessionId=6 current size: 3763
[pool-270-thread-18] adds event Id=257, eMBMSSessionId=48 current size: 3763
[pool-270-thread-18] pick event Id=258, eMBMSSessionId=50 current size: 3762
[pool-270-thread-20] pick event Id=259, eMBMSSessionId=40 current size: 3761
[pool-270-thread-12] pick event Id=260, eMBMSSessionId=38 current size: 3760
[pool-270-thread-12] pick event Id=261, eMBMSSessionId=87 current size: 3759
[pool-270-thread-12] adds event Id=262, eMBMSSessionId=10 current size: 3759
[pool-270-thread-12] pick event Id=263, eMBMSSessionId=33 current size: 3758
[pool-270-thread-1] adds event Id=264, eMBMSSessionId=10 current size: 3758
[pool-270-thread-13] pick event Id=265, eMBMSSessionId=17 current size: 3757
[pool-270-thread-7] pick event Id=266, eMBMSSessionId=67 current size: 3756
[pool-270-thread-15] pick event Id=267, eMBMSSessionId=29 current size: 3755
[pool-270-thread-5] pick event Id=268, eMBMSSessionId=66 current size: 3754
[pool-270-thread-14] pick event Id=269, eMBMSSessionId=45 current size: 3753
[pool-270-thread-9] adds event Id=270, eMBMSSessionId=50 current size: 3753
pool-270-thread-19 reduces to 3752
[pool-270-thread-17] pick event Id=271, eMBMSSessionId=6 current size: 3751
pool-270-thread-16 reduces to 3750
[pool-270-thread-20] pick event Id=272, eMBMSSessionId=92 current size: 3749
[pool-270-thread-20] adds event Id=273, eMBMSSessionId=45 current size: 3749
[pool-270-thread-20] adds event Id=274, eMBMSSessionId=50 current size: 3749
[pool-270-thread-20] pick event Id=275, eMBMSSessionId=62 current size: 3748
[pool-270-thread-20] pick event Id=276, eMBMSSessionId=87 current size: 3747
pool-270-thread-18 reduces to 3746
[pool-270-thread-1] pick event Id=277, eMBMSSessionId=2 current size: 3745
[pool-270-thread-11] pick event Id=278, eMBMSSessionId=14 current size: 3744
[pool-270-thread-6] pick event Id=279, eMBMSSessionId=20 current size: 3743
[pool-270-thread-10] pick event Id=280, eMBMSSessionId=67 current size: 3742
[pool-270-thread-9] pick event Id=281, eMBMSSessionId=73 current size: 3741
[pool-270-thread-3] pick event Id=282, eMBMSSessionId=89 current size: 3740
[pool-270-thread-8] pick event Id=283, eMBMSSessionId=93 current size: 3739
[pool-270-thread-2] pick event Id=284, eMBMSSessionId=61 current size: 3738
pool-270-thread-14 reduces to 3737
[pool-270-thread-4] adds event Id=285, eMBMSSessionId=10 current size: 3737
pool-270-thread-19 reduces to 3736
[pool-270-thread-12] pick event Id=286, eMBMSSessionId=82 current size: 3735
pool-270-thread-18 reduces to 3734
[pool-270-thread-18] pick event Id=287, eMBMSSessionId=77 current size: 3733
[pool-270-thread-7] pick event Id=288, eMBMSSessionId=44 current size: 3732
[pool-270-thread-1] pick event Id=289, eMBMSSessionId=86 current size: 3731
[pool-270-thread-13] pick event Id=290, eMBMSSessionId=54 current size: 3730
[pool-270-thread-15] pick event Id=291, eMBMSSessionId=2 current size: 3729
[pool-270-thread-5] pick event Id=292, eMBMSSessionId=42 current size: 3728
[pool-270-thread-10] pick event Id=293, eMBMSSessionId=27 current size: 3727
[pool-270-thread-4] pick event Id=294, eMBMSSessionId=34 current size: 3726
pool-270-thread-19 reduces to 3725
[pool-270-thread-8] pick event Id=295, eMBMSSessionId=0 current size: 3724
[pool-270-thread-17] pick event Id=296, eMBMSSessionId=93 current size: 3723
[pool-270-thread-16] adds event Id=297, eMBMSSessionId=27 current size: 3723
[pool-270-thread-20] pick event Id=298, eMBMSSessionId=15 current size: 3722
[pool-270-thread-1] pick event Id=299, eMBMSSessionId=62 current size: 3721
[pool-270-thread-11] pick event Id=300, eMBMSSessionId=53 current size: 3720
[pool-270-thread-6] pick event Id=301, eMBMSSessionId=85 current size: 3719
[pool-270-thread-7] pick event Id=302, eMBMSSessionId=58 current size: 3718
[pool-270-thread-14] pick event Id=303, eMBMSSessionId=8 current size: 3717
[pool-270-thread-9] pick event Id=304, eMBMSSessionId=18 current size: 3716
[pool-270-thread-2] pick event Id=305, eMBMSSessionId=6 current size: 3715
pool-270-thread-10 reduces to 3714
[pool-270-thread-4] pick event Id=306, eMBMSSessionId=90 current size: 3713
[pool-270-thread-3] pick event Id=307, eMBMSSessionId=30 current size: 3712
[pool-270-thread-16] pick event Id=308, eMBMSSessionId=72 current size: 3711
[pool-270-thread-17] pick event Id=309, eMBMSSessionId=48 current size: 3710
[pool-270-thread-18] pick event Id=310, eMBMSSessionId=89 current size: 3709
[pool-270-thread-18] pick event Id=311, eMBMSSessionId=98 current size: 3708
[pool-270-thread-12] pick event Id=312, eMBMSSessionId=43 current size: 3707
[pool-270-thread-15] pick event Id=313, eMBMSSessionId=61 current size: 3706
[pool-270-thread-13] adds event Id=314, eMBMSSessionId=6 current size: 3706
[pool-270-thread-5] pick event Id=315, eMBMSSessionId=23 current size: 3705
[pool-270-thread-6] pick event Id=316, eMBMSSessionId=2 current size: 3704
pool-270-thread-2 reduces to 3703
[pool-270-thread-19] pick event Id=317, eMBMSSessionId=67 current size: 3702
[pool-270-thread-20] pick event Id=318, eMBMSSessionId=32 current size: 3701
[pool-270-thread-8] pick event Id=319, eMBMSSessionId=86 current size: 3700
[pool-270-thread-1] pick event Id=320, eMBMSSessionId=16 current size: 3699
[pool-270-thread-11] pick event Id=321, eMBMSSessionId=55 current size: 3698
[pool-270-thread-13] pick event Id=322, eMBMSSessionId=91 current size: 3697
[pool-270-thread-7] pick event Id=323, eMBMSSessionId=45 current size: 3696
[pool-270-thread-14] pick event Id=324, eMBMSSessionId=93 current size: 3695
[pool-270-thread-9] pick event Id=325, eMBMSSessionId=81 current size: 3694
[pool-270-thread-10] pick event Id=326, eMBMSSessionId=69 current size: 3693
[pool-270-thread-12] pick event Id=327, eMBMSSessionId=63 current size: 3692
[pool-270-thread-4] pick event Id=328, eMBMSSessionId=95 current size: 3691
[pool-270-thread-6] adds event Id=329, eMBMSSessionId=91 current size: 3691
[pool-270-thread-20] pick event Id=330, eMBMSSessionId=34 current size: 3690
[pool-270-thread-18] pick event Id=331, eMBMSSessionId=78 current size: 3689
[pool-270-thread-17] pick event Id=332, eMBMSSessionId=0 current size: 3688
[pool-270-thread-16] pick event Id=333, eMBMSSessionId=1 current size: 3687
[pool-270-thread-3] pick event Id=334, eMBMSSessionId=57 current size: 3686
[pool-270-thread-15] pick event Id=335, eMBMSSessionId=25 current size: 3685
pool-270-thread-13 reduces to 3684
[pool-270-thread-5] pick event Id=336, eMBMSSessionId=93 current size: 3683
[pool-270-thread-2] pick event Id=337, eMBMSSessionId=9 current size: 3682
[pool-270-thread-10] pick event Id=338, eMBMSSessionId=58 current size: 3681
[pool-270-thread-19] pick event Id=339, eMBMSSessionId=86 current size: 3680
[pool-270-thread-6] pick event Id=340, eMBMSSessionId=33 current size: 3679
[pool-270-thread-8] pick event Id=341, eMBMSSessionId=87 current size: 3678
[pool-270-thread-1] pick event Id=342, eMBMSSessionId=68 current size: 3677
[pool-270-thread-11] pick event Id=343, eMBMSSessionId=11 current size: 3676
[pool-270-thread-14] pick event Id=344, eMBMSSessionId=61 current size: 3675
[pool-270-thread-7] pick event Id=345, eMBMSSessionId=53 current size: 3674
[pool-270-thread-9] pick event Id=346, eMBMSSessionId=56 current size: 3673
[pool-270-thread-12] adds event Id=347, eMBMSSessionId=58 current size: 3673
pool-270-thread-10 reduces to 3672
[pool-270-thread-4] pick event Id=348, eMBMSSessionId=32 current size: 3671
[pool-270-thread-12] pick event Id=349, eMBMSSessionId=98 current size: 3670
[pool-270-thread-20] pick event Id=350, eMBMSSessionId=57 current size: 3669
[pool-270-thread-18] pick event Id=351, eMBMSSessionId=27 current size: 3668
[pool-270-thread-16] pick event Id=352, eMBMSSessionId=34 current size: 3667
[pool-270-thread-17] pick event Id=353, eMBMSSessionId=5 current size: 3666
[pool-270-thread-3] pick event Id=354, eMBMSSessionId=99 current size: 3665
[pool-270-thread-13] pick event Id=355, eMBMSSessionId=47 current size: 3664
[pool-270-thread-1] pick event Id=356, eMBMSSessionId=86 current size: 3663
[pool-270-thread-15] pick event Id=357, eMBMSSessionId=1 current size: 3662
[pool-270-thread-5] pick event Id=358, eMBMSSessionId=74 current size: 3661
[pool-270-thread-7] pick event Id=359, eMBMSSessionId=46 current size: 3660
[pool-270-thread-2] pick event Id=360, eMBMSSessionId=73 current size: 3659
[pool-270-thread-19] pick event Id=361, eMBMSSessionId=75 current size: 3658
[pool-270-thread-10] pick event Id=362, eMBMSSessionId=80 current size: 3657
[pool-270-thread-6] pick event Id=363, eMBMSSessionId=29 current size: 3656
[pool-270-thread-8] pick event Id=364, eMBMSSessionId=67 current size: 3655
[pool-270-thread-11] pick event Id=365, eMBMSSessionId=92 current size: 3654
[pool-270-thread-14] pick event Id=366, eMBMSSessionId=35 current size: 3653
[pool-270-thread-16] pick event Id=367, eMBMSSessionId=83 current size: 3652
[pool-270-thread-9] pick event Id=368, eMBMSSessionId=24 current size: 3651
[pool-270-thread-12] pick event Id=369, eMBMSSessionId=37 current size: 3650
[pool-270-thread-4] pick event Id=370, eMBMSSessionId=54 current size: 3649
[pool-270-thread-20] pick event Id=371, eMBMSSessionId=7 current size: 3648
[pool-270-thread-18] pick event Id=372, eMBMSSessionId=12 current size: 3647
[pool-270-thread-17] pick event Id=373, eMBMSSessionId=1 current size: 3646
[pool-270-thread-6] pick event Id=374, eMBMSSessionId=88 current size: 3645
[pool-270-thread-3] pick event Id=375, eMBMSSessionId=31 current size: 3644
[pool-270-thread-5] pick event Id=376, eMBMSSessionId=28 current size: 3643
[pool-270-thread-13] pick event Id=377, eMBMSSessionId=59 current size: 3642
[pool-270-thread-7] pick event Id=378, eMBMSSessionId=82 current size: 3641
[pool-270-thread-2] adds event Id=379, eMBMSSessionId=31 current size: 3641
[pool-270-thread-1] pick event Id=380, eMBMSSessionId=89 current size: 3640
[pool-270-thread-15] pick event Id=381, eMBMSSessionId=6 current size: 3639
[pool-270-thread-10] pick event Id=382, eMBMSSessionId=10 current size: 3638
[pool-270-thread-19] pick event Id=383, eMBMSSessionId=83 current size: 3637
[pool-270-thread-20] pick event Id=384, eMBMSSessionId=19 current size: 3636
[pool-270-thread-8] pick event Id=385, eMBMSSessionId=14 current size: 3635
[pool-270-thread-11] pick event Id=386, eMBMSSessionId=64 current size: 3634
[pool-270-thread-16] adds event Id=387, eMBMSSessionId=59 current size: 3634
[pool-270-thread-14] pick event Id=388, eMBMSSessionId=63 current size: 3633
[pool-270-thread-12] pick event Id=389, eMBMSSessionId=23 current size: 3632
[pool-270-thread-9] pick event Id=390, eMBMSSessionId=50 current size: 3631
pool-270-thread-3 reduces to 3630
pool-270-thread-13 reduces to 3629
[pool-270-thread-2] adds event Id=391, eMBMSSessionId=19 current size: 3629
[pool-270-thread-4] pick event Id=392, eMBMSSessionId=90 current size: 3628
[pool-270-thread-18] pick event Id=393, eMBMSSessionId=8 current size: 3627
[pool-270-thread-19] pick event Id=394, eMBMSSessionId=36 current size: 3626
[pool-270-thread-6] pick event Id=395, eMBMSSessionId=16 current size: 3625
[pool-270-thread-17] adds event Id=396, eMBMSSessionId=59 current size: 3625
pool-270-thread-20 reduces to 3624
[pool-270-thread-17] pick event Id=397, eMBMSSessionId=82 current size: 3623
[pool-270-thread-16] pick event Id=398, eMBMSSessionId=1 current size: 3622
[pool-270-thread-5] pick event Id=399, eMBMSSessionId=74 current size: 3621
[pool-270-thread-2] pick event Id=400, eMBMSSessionId=4 current size: 3620
pool-270-thread-13 reduces to 3619
[pool-270-thread-9] pick event Id=401, eMBMSSessionId=80 current size: 3618
[pool-270-thread-7] pick event Id=402, eMBMSSessionId=46 current size: 3617
[pool-270-thread-1] pick event Id=403, eMBMSSessionId=23 current size: 3616
[pool-270-thread-15] pick event Id=404, eMBMSSessionId=68 current size: 3615
[pool-270-thread-10] pick event Id=405, eMBMSSessionId=61 current size: 3614
[pool-270-thread-8] pick event Id=406, eMBMSSessionId=16 current size: 3613
[pool-270-thread-11] adds event Id=407, eMBMSSessionId=1 current size: 3613
pool-270-thread-16 reduces to 3612
[pool-270-thread-14] pick event Id=408, eMBMSSessionId=40 current size: 3611
[pool-270-thread-12] pick event Id=409, eMBMSSessionId=36 current size: 3610
[pool-270-thread-3] pick event Id=410, eMBMSSessionId=42 current size: 3609
[pool-270-thread-4] pick event Id=411, eMBMSSessionId=52 current size: 3608
[pool-270-thread-18] pick event Id=412, eMBMSSessionId=88 current size: 3607
[pool-270-thread-6] pick event Id=413, eMBMSSessionId=51 current size: 3606
[pool-270-thread-19] pick event Id=414, eMBMSSessionId=17 current size: 3605
[pool-270-thread-20] pick event Id=415, eMBMSSessionId=79 current size: 3604
[pool-270-thread-11] pick event Id=416, eMBMSSessionId=39 current size: 3603
[pool-270-thread-17] pick event Id=417, eMBMSSessionId=31 current size: 3602
[pool-270-thread-5] pick event Id=418, eMBMSSessionId=11 current size: 3601
[pool-270-thread-13] pick event Id=419, eMBMSSessionId=57 current size: 3600
[pool-270-thread-2] pick event Id=420, eMBMSSessionId=3 current size: 3599
[pool-270-thread-9] adds event Id=421, eMBMSSessionId=88 current size: 3599
[pool-270-thread-7] adds event Id=422, eMBMSSessionId=31 current size: 3599
[pool-270-thread-15] pick event Id=423, eMBMSSessionId=24 current size: 3598
pool-270-thread-18 reduces to 3597
[pool-270-thread-1] pick event Id=424, eMBMSSessionId=27 current size: 3596
[pool-270-thread-10] pick event Id=425, eMBMSSessionId=42 current size: 3595
[pool-270-thread-8] pick event Id=426, eMBMSSessionId=67 current size: 3594
pool-270-thread-17 reduces to 3593
[pool-270-thread-16] adds event Id=427, eMBMSSessionId=42 current size: 3593
[pool-270-thread-3] pick event Id=428, eMBMSSessionId=86 current size: 3592
[pool-270-thread-14] pick event Id=429, eMBMSSessionId=28 current size: 3591
[pool-270-thread-12] pick event Id=430, eMBMSSessionId=30 current size: 3590
[pool-270-thread-9] pick event Id=431, eMBMSSessionId=99 current size: 3589
[pool-270-thread-7] pick event Id=432, eMBMSSessionId=32 current size: 3588
[pool-270-thread-4] pick event Id=433, eMBMSSessionId=13 current size: 3587
[pool-270-thread-6] pick event Id=434, eMBMSSessionId=57 current size: 3586
[pool-270-thread-19] pick event Id=435, eMBMSSessionId=16 current size: 3585
[pool-270-thread-20] pick event Id=436, eMBMSSessionId=53 current size: 3584
pool-270-thread-10 reduces to 3583
[pool-270-thread-11] pick event Id=437, eMBMSSessionId=68 current size: 3582
[pool-270-thread-16] pick event Id=438, eMBMSSessionId=84 current size: 3581
[pool-270-thread-8] pick event Id=439, eMBMSSessionId=82 current size: 3580
[pool-270-thread-5] pick event Id=440, eMBMSSessionId=58 current size: 3579
[pool-270-thread-13] pick event Id=441, eMBMSSessionId=29 current size: 3578
[pool-270-thread-2] pick event Id=442, eMBMSSessionId=30 current size: 3577
[pool-270-thread-9] pick event Id=443, eMBMSSessionId=79 current size: 3576
[pool-270-thread-15] pick event Id=444, eMBMSSessionId=81 current size: 3575
[pool-270-thread-18] pick event Id=445, eMBMSSessionId=38 current size: 3574
[pool-270-thread-1] pick event Id=446, eMBMSSessionId=69 current size: 3573
[pool-270-thread-17] pick event Id=447, eMBMSSessionId=66 current size: 3572
[pool-270-thread-3] pick event Id=448, eMBMSSessionId=25 current size: 3571
[pool-270-thread-16] pick event Id=449, eMBMSSessionId=96 current size: 3570
[pool-270-thread-12] pick event Id=450, eMBMSSessionId=68 current size: 3569
[pool-270-thread-14] pick event Id=451, eMBMSSessionId=13 current size: 3568
[pool-270-thread-7] pick event Id=452, eMBMSSessionId=78 current size: 3567
[pool-270-thread-4] pick event Id=453, eMBMSSessionId=56 current size: 3566
[pool-270-thread-6] pick event Id=454, eMBMSSessionId=91 current size: 3565
[pool-270-thread-19] pick event Id=455, eMBMSSessionId=1 current size: 3564
[pool-270-thread-20] pick event Id=456, eMBMSSessionId=51 current size: 3563
[pool-270-thread-10] pick event Id=457, eMBMSSessionId=9 current size: 3562
[pool-270-thread-11] pick event Id=458, eMBMSSessionId=5 current size: 3561
[pool-270-thread-8] pick event Id=459, eMBMSSessionId=87 current size: 3560
[pool-270-thread-5] pick event Id=460, eMBMSSessionId=21 current size: 3559
[pool-270-thread-13] pick event Id=461, eMBMSSessionId=69 current size: 3558
[pool-270-thread-2] pick event Id=462, eMBMSSessionId=6 current size: 3557
[pool-270-thread-15] pick event Id=463, eMBMSSessionId=42 current size: 3556
[pool-270-thread-9] adds event Id=464, eMBMSSessionId=9 current size: 3556
[pool-270-thread-18] pick event Id=465, eMBMSSessionId=27 current size: 3555
[pool-270-thread-4] pick event Id=466, eMBMSSessionId=40 current size: 3554
[pool-270-thread-1] pick event Id=467, eMBMSSessionId=4 current size: 3553
pool-270-thread-10 reduces to 3552
[pool-270-thread-17] pick event Id=468, eMBMSSessionId=79 current size: 3551
[pool-270-thread-16] pick event Id=469, eMBMSSessionId=76 current size: 3550
[pool-270-thread-3] pick event Id=470, eMBMSSessionId=73 current size: 3549
[pool-270-thread-5] pick event Id=471, eMBMSSessionId=13 current size: 3548
[pool-270-thread-14] pick event Id=472, eMBMSSessionId=22 current size: 3547
[pool-270-thread-12] pick event Id=473, eMBMSSessionId=28 current size: 3546
[pool-270-thread-7] pick event Id=474, eMBMSSessionId=11 current size: 3545
[pool-270-thread-9] pick event Id=475, eMBMSSessionId=19 current size: 3544
[pool-270-thread-6] pick event Id=476, eMBMSSessionId=16 current size: 3543
[pool-270-thread-19] pick event Id=477, eMBMSSessionId=50 current size: 3542
[pool-270-thread-20] pick event Id=478, eMBMSSessionId=94 current size: 3541
[pool-270-thread-8] pick event Id=479, eMBMSSessionId=42 current size: 3540
[pool-270-thread-11] pick event Id=480, eMBMSSessionId=38 current size: 3539
[pool-270-thread-13] pick event Id=481, eMBMSSessionId=13 current size: 3538
[pool-270-thread-2] pick event Id=482, eMBMSSessionId=87 current size: 3537
[pool-270-thread-15] pick event Id=483, eMBMSSessionId=96 current size: 3536
[pool-270-thread-18] adds event Id=484, eMBMSSessionId=96 current size: 3536
[pool-270-thread-6] pick event Id=485, eMBMSSessionId=97 current size: 3535
[pool-270-thread-4] pick event Id=486, eMBMSSessionId=89 current size: 3534
[pool-270-thread-17] pick event Id=487, eMBMSSessionId=35 current size: 3533
[pool-270-thread-1] pick event Id=488, eMBMSSessionId=27 current size: 3532
[pool-270-thread-10] pick event Id=489, eMBMSSessionId=81 current size: 3531
[pool-270-thread-16] pick event Id=490, eMBMSSessionId=18 current size: 3530
[pool-270-thread-5] pick event Id=491, eMBMSSessionId=63 current size: 3529
[pool-270-thread-3] pick event Id=492, eMBMSSessionId=32 current size: 3528
[pool-270-thread-14] pick event Id=493, eMBMSSessionId=69 current size: 3527
[pool-270-thread-12] pick event Id=494, eMBMSSessionId=89 current size: 3526
[pool-270-thread-9] pick event Id=495, eMBMSSessionId=47 current size: 3525
[pool-270-thread-7] pick event Id=496, eMBMSSessionId=59 current size: 3524
pool-270-thread-15 reduces to 3523
[pool-270-thread-18] pick event Id=497, eMBMSSessionId=87 current size: 3522
[pool-270-thread-19] pick event Id=498, eMBMSSessionId=43 current size: 3521
[pool-270-thread-20] pick event Id=499, eMBMSSessionId=21 current size: 3520
[pool-270-thread-8] pick event Id=500, eMBMSSessionId=66 current size: 3519
[pool-270-thread-4] adds event Id=501, eMBMSSessionId=89 current size: 3519
[pool-270-thread-11] pick event Id=502, eMBMSSessionId=17 current size: 3518
[pool-270-thread-13] pick event Id=503, eMBMSSessionId=99 current size: 3517
[pool-270-thread-2] adds event Id=504, eMBMSSessionId=59 current size: 3517
pool-270-thread-12 reduces to 3516
pool-270-thread-7 reduces to 3515
[pool-270-thread-6] pick event Id=505, eMBMSSessionId=14 current size: 3514
[pool-270-thread-4] pick event Id=506, eMBMSSessionId=52 current size: 3513
[pool-270-thread-17] pick event Id=507, eMBMSSessionId=28 current size: 3512
[pool-270-thread-1] adds event Id=508, eMBMSSessionId=28 current size: 3512
[pool-270-thread-10] pick event Id=509, eMBMSSessionId=92 current size: 3511
[pool-270-thread-1] pick event Id=510, eMBMSSessionId=8 current size: 3510
[pool-270-thread-16] pick event Id=511, eMBMSSessionId=49 current size: 3509
[pool-270-thread-5] adds event Id=512, eMBMSSessionId=17 current size: 3509
pool-270-thread-11 reduces to 3508
[pool-270-thread-3] pick event Id=513, eMBMSSessionId=65 current size: 3507
[pool-270-thread-14] pick event Id=514, eMBMSSessionId=19 current size: 3506
[pool-270-thread-2] pick event Id=515, eMBMSSessionId=32 current size: 3505
[pool-270-thread-9] pick event Id=516, eMBMSSessionId=53 current size: 3504
[pool-270-thread-15] pick event Id=517, eMBMSSessionId=90 current size: 3503
[pool-270-thread-18] pick event Id=518, eMBMSSessionId=26 current size: 3502
[pool-270-thread-19] pick event Id=519, eMBMSSessionId=6 current size: 3501
[pool-270-thread-20] adds event Id=520, eMBMSSessionId=26 current size: 3501
testOverload end.
testFull begin.
[pool-271-thread-1] pick event Id=0, eMBMSSessionId=51 current size: 4998
[pool-271-thread-2] pick event Id=1, eMBMSSessionId=8 current size: 4997
[pool-271-thread-3] pick event Id=2, eMBMSSessionId=74 current size: 4996
[pool-271-thread-5] pick event Id=3, eMBMSSessionId=30 current size: 4995
[pool-271-thread-4] pick event Id=4, eMBMSSessionId=84 current size: 4994
[pool-271-thread-6] pick event Id=5, eMBMSSessionId=13 current size: 4993
[pool-271-thread-7] pick event Id=6, eMBMSSessionId=2 current size: 4992
[pool-271-thread-8] pick event Id=7, eMBMSSessionId=16 current size: 4991
[pool-271-thread-9] pick event Id=8, eMBMSSessionId=20 current size: 4990
[pool-271-thread-10] pick event Id=9, eMBMSSessionId=70 current size: 4989
[pool-271-thread-11] pick event Id=10, eMBMSSessionId=63 current size: 4988
[pool-271-thread-13] pick event Id=11, eMBMSSessionId=45 current size: 4987
[pool-271-thread-12] pick event Id=12, eMBMSSessionId=85 current size: 4986
[pool-271-thread-15] pick event Id=13, eMBMSSessionId=12 current size: 4985
[pool-271-thread-14] adds event Id=14, eMBMSSessionId=12 current size: 4985
[pool-271-thread-16] adds event Id=15, eMBMSSessionId=13 current size: 4985
[pool-271-thread-17] pick event Id=16, eMBMSSessionId=60 current size: 4984
[pool-271-thread-18] pick event Id=17, eMBMSSessionId=43 current size: 4983
[pool-271-thread-19] pick event Id=18, eMBMSSessionId=4 current size: 4982
[pool-271-thread-16] pick event Id=19, eMBMSSessionId=99 current size: 4981
[pool-271-thread-14] adds event Id=20, eMBMSSessionId=4 current size: 4981
[pool-271-thread-14] pick event Id=21, eMBMSSessionId=27 current size: 4980
[pool-271-thread-20] pick event Id=22, eMBMSSessionId=94 current size: 4979
event queue is full, will clear all data!
NbiEventCache is cleared with total events removed: 5029
testFull end.
30 times run start
testEventSequence begin.
testEventSequence end.
testSendRadomEmbmsSessionEvents begin.
testSendRadomEmbmsSessionEvents end.
testSendSameEmbmsSessionEvents begin.
testSendSameEmbmsSessionEvents end.
testSendNoSameEmbmsSessionEvents begin.
testSendNoSameEmbmsSessionEvents end.
testSendNoEmbmsSessionIdEvents begin.
testSendNoEmbmsSessionIdEvents end.
testOverload begin.
[pool-279-thread-1] pick event Id=0, eMBMSSessionId=79 current size: 4019
[pool-279-thread-3] pick event Id=1, eMBMSSessionId=18 current size: 4018
pool-279-thread-1 Discard NBI event &apos; Id=0, eMBMSSessionId=79&apos;, current queue size: 4018
[pool-279-thread-4] pick event Id=2, eMBMSSessionId=16 current size: 4017
pool-279-thread-4 Discard NBI event &apos; Id=2, eMBMSSessionId=16&apos;, current queue size: 4017
[pool-279-thread-2] pick event Id=3, eMBMSSessionId=6 current size: 4016
[pool-279-thread-5] pick event Id=4, eMBMSSessionId=88 current size: 4015
pool-279-thread-3 Discard NBI event &apos; Id=1, eMBMSSessionId=18&apos;, current queue size: 4015
pool-279-thread-2 Discard NBI event &apos; Id=3, eMBMSSessionId=6&apos;, current queue size: 4015
pool-279-thread-5 Discard NBI event &apos; Id=4, eMBMSSessionId=88&apos;, current queue size: 4015
[pool-279-thread-6] pick event Id=5, eMBMSSessionId=99 current size: 4014
pool-279-thread-6 Discard NBI event &apos; Id=5, eMBMSSessionId=99&apos;, current queue size: 4014
[pool-279-thread-7] pick event Id=6, eMBMSSessionId=69 current size: 4013
pool-279-thread-7 Discard NBI event &apos; Id=6, eMBMSSessionId=69&apos;, current queue size: 4013
[pool-279-thread-8] pick event Id=7, eMBMSSessionId=90 current size: 4012
pool-279-thread-8 Discard NBI event &apos; Id=7, eMBMSSessionId=90&apos;, current queue size: 4012
[pool-279-thread-9] adds event Id=8, eMBMSSessionId=69 current size: 4012
[pool-279-thread-10] pick event Id=9, eMBMSSessionId=42 current size: 4011
pool-279-thread-10 Discard NBI event &apos; Id=9, eMBMSSessionId=42&apos;, current queue size: 4011
[pool-279-thread-11] adds event Id=10, eMBMSSessionId=42 current size: 4011
[pool-279-thread-12] pick event Id=11, eMBMSSessionId=33 current size: 4010
pool-279-thread-7 reduces to 4009
[pool-279-thread-13] pick event Id=12, eMBMSSessionId=54 current size: 4008
[pool-279-thread-14] pick event Id=13, eMBMSSessionId=78 current size: 4007
pool-279-thread-12 Discard NBI event &apos; Id=11, eMBMSSessionId=33&apos;, current queue size: 4007
pool-279-thread-10 reduces to 4006
pool-279-thread-13 Discard NBI event &apos; Id=12, eMBMSSessionId=54&apos;, current queue size: 4006
[pool-279-thread-15] pick event Id=14, eMBMSSessionId=46 current size: 4005
pool-279-thread-14 Discard NBI event &apos; Id=13, eMBMSSessionId=78&apos;, current queue size: 4005
pool-279-thread-7 Discard NBI event &apos; Id=8, eMBMSSessionId=69&apos;, current queue size: 4005
[pool-279-thread-16] pick event Id=15, eMBMSSessionId=13 current size: 4004
pool-279-thread-15 Discard NBI event &apos; Id=14, eMBMSSessionId=46&apos;, current queue size: 4004
[pool-279-thread-17] pick event Id=16, eMBMSSessionId=89 current size: 4003
pool-279-thread-10 Discard NBI event &apos; Id=10, eMBMSSessionId=42&apos;, current queue size: 4003
[pool-279-thread-19] pick event Id=17, eMBMSSessionId=44 current size: 4002
[pool-279-thread-18] pick event Id=18, eMBMSSessionId=75 current size: 4001
pool-279-thread-16 Discard NBI event &apos; Id=15, eMBMSSessionId=13&apos;, current queue size: 4001
pool-279-thread-18 Discard NBI event &apos; Id=18, eMBMSSessionId=75&apos;, current queue size: 4001
[pool-279-thread-20] pick event Id=19, eMBMSSessionId=73 current size: 4000
pool-279-thread-17 Discard NBI event &apos; Id=16, eMBMSSessionId=89&apos;, current queue size: 4000
pool-279-thread-20 Discard NBI event &apos; Id=19, eMBMSSessionId=73&apos;, current queue size: 4000
pool-279-thread-19 Discard NBI event &apos; Id=17, eMBMSSessionId=44&apos;, current queue size: 4000
[pool-279-thread-1] pick event Id=20, eMBMSSessionId=67 current size: 3999
[pool-279-thread-4] pick event Id=21, eMBMSSessionId=30 current size: 3998
[pool-279-thread-3] pick event Id=22, eMBMSSessionId=27 current size: 3997
[pool-279-thread-2] pick event Id=23, eMBMSSessionId=69 current size: 3996
[pool-279-thread-5] pick event Id=24, eMBMSSessionId=76 current size: 3995
[pool-279-thread-9] pick event Id=25, eMBMSSessionId=55 current size: 3994
[pool-279-thread-15] pick event Id=26, eMBMSSessionId=99 current size: 3993
[pool-279-thread-8] pick event Id=27, eMBMSSessionId=26 current size: 3992
[pool-279-thread-6] pick event Id=28, eMBMSSessionId=8 current size: 3991
[pool-279-thread-11] pick event Id=29, eMBMSSessionId=45 current size: 3990
[pool-279-thread-19] pick event Id=30, eMBMSSessionId=51 current size: 3989
[pool-279-thread-20] pick event Id=31, eMBMSSessionId=97 current size: 3988
[pool-279-thread-12] pick event Id=32, eMBMSSessionId=80 current size: 3987
[pool-279-thread-14] pick event Id=33, eMBMSSessionId=37 current size: 3986
[pool-279-thread-13] pick event Id=34, eMBMSSessionId=9 current size: 3985
[pool-279-thread-10] pick event Id=35, eMBMSSessionId=28 current size: 3984
[pool-279-thread-7] pick event Id=36, eMBMSSessionId=89 current size: 3983
[pool-279-thread-17] pick event Id=37, eMBMSSessionId=93 current size: 3982
[pool-279-thread-4] pick event Id=38, eMBMSSessionId=1 current size: 3981
[pool-279-thread-18] pick event Id=39, eMBMSSessionId=68 current size: 3980
[pool-279-thread-16] pick event Id=40, eMBMSSessionId=29 current size: 3979
[pool-279-thread-11] pick event Id=41, eMBMSSessionId=27 current size: 3978
[pool-279-thread-1] pick event Id=42, eMBMSSessionId=90 current size: 3977
[pool-279-thread-3] pick event Id=43, eMBMSSessionId=84 current size: 3976
[pool-279-thread-5] pick event Id=44, eMBMSSessionId=46 current size: 3975
[pool-279-thread-2] pick event Id=45, eMBMSSessionId=77 current size: 3974
[pool-279-thread-2] pick event Id=46, eMBMSSessionId=67 current size: 3973
[pool-279-thread-15] pick event Id=47, eMBMSSessionId=43 current size: 3972
[pool-279-thread-9] pick event Id=48, eMBMSSessionId=8 current size: 3971
[pool-279-thread-17] pick event Id=49, eMBMSSessionId=54 current size: 3970
[pool-279-thread-7] pick event Id=50, eMBMSSessionId=36 current size: 3969
[pool-279-thread-6] pick event Id=51, eMBMSSessionId=88 current size: 3968
[pool-279-thread-8] pick event Id=52, eMBMSSessionId=99 current size: 3967
[pool-279-thread-19] pick event Id=53, eMBMSSessionId=45 current size: 3966
[pool-279-thread-14] pick event Id=54, eMBMSSessionId=52 current size: 3965
[pool-279-thread-13] adds event Id=55, eMBMSSessionId=67 current size: 3965
pool-279-thread-2 reduces to 3964
[pool-279-thread-12] pick event Id=56, eMBMSSessionId=22 current size: 3963
[pool-279-thread-10] adds event Id=57, eMBMSSessionId=46 current size: 3963
[pool-279-thread-20] adds event Id=58, eMBMSSessionId=52 current size: 3963
[pool-279-thread-10] pick event Id=59, eMBMSSessionId=60 current size: 3962
pool-279-thread-5 reduces to 3961
[pool-279-thread-4] pick event Id=60, eMBMSSessionId=17 current size: 3960
[pool-279-thread-18] pick event Id=61, eMBMSSessionId=38 current size: 3959
[pool-279-thread-16] adds event Id=62, eMBMSSessionId=45 current size: 3959
[pool-279-thread-11] pick event Id=63, eMBMSSessionId=93 current size: 3958
[pool-279-thread-1] pick event Id=64, eMBMSSessionId=49 current size: 3957
[pool-279-thread-3] pick event Id=65, eMBMSSessionId=23 current size: 3956
pool-279-thread-19 reduces to 3955
[pool-279-thread-13] pick event Id=66, eMBMSSessionId=20 current size: 3954
pool-279-thread-14 reduces to 3953
[pool-279-thread-20] pick event Id=67, eMBMSSessionId=13 current size: 3952
[pool-279-thread-15] pick event Id=68, eMBMSSessionId=30 current size: 3951
[pool-279-thread-17] pick event Id=69, eMBMSSessionId=61 current size: 3950
[pool-279-thread-10] pick event Id=70, eMBMSSessionId=55 current size: 3949
[pool-279-thread-9] pick event Id=71, eMBMSSessionId=76 current size: 3948
[pool-279-thread-7] pick event Id=72, eMBMSSessionId=98 current size: 3947
[pool-279-thread-16] pick event Id=73, eMBMSSessionId=83 current size: 3946
[pool-279-thread-8] pick event Id=74, eMBMSSessionId=33 current size: 3945
[pool-279-thread-6] pick event Id=75, eMBMSSessionId=94 current size: 3944
[pool-279-thread-2] pick event Id=76, eMBMSSessionId=48 current size: 3943
[pool-279-thread-12] pick event Id=77, eMBMSSessionId=67 current size: 3942
[pool-279-thread-5] pick event Id=78, eMBMSSessionId=3 current size: 3941
[pool-279-thread-17] pick event Id=79, eMBMSSessionId=55 current size: 3940
[pool-279-thread-7] pick event Id=80, eMBMSSessionId=60 current size: 3939
[pool-279-thread-4] pick event Id=81, eMBMSSessionId=21 current size: 3938
[pool-279-thread-18] pick event Id=82, eMBMSSessionId=98 current size: 3937
[pool-279-thread-1] pick event Id=83, eMBMSSessionId=16 current size: 3936
[pool-279-thread-3] pick event Id=84, eMBMSSessionId=50 current size: 3935
[pool-279-thread-11] pick event Id=85, eMBMSSessionId=59 current size: 3934
[pool-279-thread-13] adds event Id=86, eMBMSSessionId=60 current size: 3934
[pool-279-thread-13] pick event Id=87, eMBMSSessionId=82 current size: 3933
[pool-279-thread-14] pick event Id=88, eMBMSSessionId=27 current size: 3932
[pool-279-thread-19] pick event Id=89, eMBMSSessionId=74 current size: 3931
[pool-279-thread-10] pick event Id=90, eMBMSSessionId=46 current size: 3930
[pool-279-thread-6] pick event Id=91, eMBMSSessionId=87 current size: 3929
[pool-279-thread-20] pick event Id=92, eMBMSSessionId=77 current size: 3928
[pool-279-thread-15] adds event Id=93, eMBMSSessionId=60 current size: 3928
[pool-279-thread-16] pick event Id=94, eMBMSSessionId=92 current size: 3927
[pool-279-thread-9] adds event Id=95, eMBMSSessionId=74 current size: 3927
[pool-279-thread-8] pick event Id=96, eMBMSSessionId=26 current size: 3926
pool-279-thread-7 reduces to 3925
pool-279-thread-19 reduces to 3924
[pool-279-thread-12] pick event Id=97, eMBMSSessionId=19 current size: 3923
[pool-279-thread-2] pick event Id=98, eMBMSSessionId=25 current size: 3922
[pool-279-thread-5] pick event Id=99, eMBMSSessionId=89 current size: 3921
[pool-279-thread-15] pick event Id=100, eMBMSSessionId=64 current size: 3920
[pool-279-thread-9] pick event Id=101, eMBMSSessionId=10 current size: 3919
[pool-279-thread-17] pick event Id=102, eMBMSSessionId=55 current size: 3918
pool-279-thread-7 reduces to 3917
[pool-279-thread-11] adds event Id=103, eMBMSSessionId=74 current size: 3917
[pool-279-thread-18] pick event Id=104, eMBMSSessionId=24 current size: 3916
[pool-279-thread-3] pick event Id=105, eMBMSSessionId=75 current size: 3915
[pool-279-thread-4] pick event Id=106, eMBMSSessionId=27 current size: 3914
[pool-279-thread-13] pick event Id=107, eMBMSSessionId=87 current size: 3913
[pool-279-thread-1] pick event Id=108, eMBMSSessionId=28 current size: 3912
pool-279-thread-19 reduces to 3911
[pool-279-thread-14] pick event Id=109, eMBMSSessionId=10 current size: 3910
[pool-279-thread-10] pick event Id=110, eMBMSSessionId=94 current size: 3909
[pool-279-thread-6] pick event Id=111, eMBMSSessionId=66 current size: 3908
[pool-279-thread-20] pick event Id=112, eMBMSSessionId=20 current size: 3907
[pool-279-thread-11] pick event Id=113, eMBMSSessionId=84 current size: 3906
[pool-279-thread-16] pick event Id=114, eMBMSSessionId=55 current size: 3905
[pool-279-thread-9] pick event Id=115, eMBMSSessionId=13 current size: 3904
[pool-279-thread-8] pick event Id=116, eMBMSSessionId=99 current size: 3903
[pool-279-thread-12] pick event Id=117, eMBMSSessionId=0 current size: 3902
[pool-279-thread-2] pick event Id=118, eMBMSSessionId=4 current size: 3901
[pool-279-thread-5] pick event Id=119, eMBMSSessionId=91 current size: 3900
[pool-279-thread-17] pick event Id=120, eMBMSSessionId=40 current size: 3899
[pool-279-thread-15] pick event Id=121, eMBMSSessionId=3 current size: 3898
[pool-279-thread-7] pick event Id=122, eMBMSSessionId=33 current size: 3897
[pool-279-thread-20] adds event Id=123, eMBMSSessionId=13 current size: 3897
[pool-279-thread-11] pick event Id=124, eMBMSSessionId=45 current size: 3896
[pool-279-thread-4] pick event Id=125, eMBMSSessionId=34 current size: 3895
[pool-279-thread-3] pick event Id=126, eMBMSSessionId=8 current size: 3894
pool-279-thread-9 reduces to 3893
[pool-279-thread-13] pick event Id=127, eMBMSSessionId=12 current size: 3892
[pool-279-thread-18] adds event Id=128, eMBMSSessionId=4 current size: 3892
[pool-279-thread-19] pick event Id=129, eMBMSSessionId=39 current size: 3891
pool-279-thread-2 reduces to 3890
[pool-279-thread-1] pick event Id=130, eMBMSSessionId=31 current size: 3889
[pool-279-thread-6] pick event Id=131, eMBMSSessionId=84 current size: 3888
[pool-279-thread-10] pick event Id=132, eMBMSSessionId=10 current size: 3887
[pool-279-thread-20] pick event Id=133, eMBMSSessionId=56 current size: 3886
[pool-279-thread-14] pick event Id=134, eMBMSSessionId=69 current size: 3885
[pool-279-thread-16] pick event Id=135, eMBMSSessionId=68 current size: 3884
[pool-279-thread-8] pick event Id=136, eMBMSSessionId=15 current size: 3883
[pool-279-thread-3] pick event Id=137, eMBMSSessionId=87 current size: 3882
[pool-279-thread-3] pick event Id=138, eMBMSSessionId=75 current size: 3881
[pool-279-thread-18] pick event Id=139, eMBMSSessionId=77 current size: 3880
[pool-279-thread-12] pick event Id=140, eMBMSSessionId=5 current size: 3879
[pool-279-thread-2] pick event Id=141, eMBMSSessionId=7 current size: 3878
[pool-279-thread-19] pick event Id=142, eMBMSSessionId=32 current size: 3877
[pool-279-thread-19] pick event Id=143, eMBMSSessionId=43 current size: 3876
[pool-279-thread-19] pick event Id=144, eMBMSSessionId=73 current size: 3875
[pool-279-thread-19] pick event Id=145, eMBMSSessionId=80 current size: 3874
[pool-279-thread-17] pick event Id=146, eMBMSSessionId=67 current size: 3873
[pool-279-thread-5] pick event Id=147, eMBMSSessionId=3 current size: 3872
[pool-279-thread-5] pick event Id=148, eMBMSSessionId=16 current size: 3871
[pool-279-thread-5] pick event Id=149, eMBMSSessionId=76 current size: 3870
[pool-279-thread-5] pick event Id=150, eMBMSSessionId=93 current size: 3869
[pool-279-thread-5] pick event Id=151, eMBMSSessionId=8 current size: 3868
[pool-279-thread-15] pick event Id=152, eMBMSSessionId=83 current size: 3867
[pool-279-thread-7] pick event Id=153, eMBMSSessionId=30 current size: 3866
[pool-279-thread-9] pick event Id=154, eMBMSSessionId=23 current size: 3865
[pool-279-thread-10] pick event Id=155, eMBMSSessionId=16 current size: 3864
[pool-279-thread-4] pick event Id=156, eMBMSSessionId=13 current size: 3863
[pool-279-thread-14] pick event Id=157, eMBMSSessionId=84 current size: 3862
[pool-279-thread-16] pick event Id=158, eMBMSSessionId=65 current size: 3861
[pool-279-thread-13] adds event Id=159, eMBMSSessionId=30 current size: 3861
[pool-279-thread-11] pick event Id=160, eMBMSSessionId=14 current size: 3860
[pool-279-thread-19] pick event Id=161, eMBMSSessionId=96 current size: 3859
[pool-279-thread-6] pick event Id=162, eMBMSSessionId=71 current size: 3858
[pool-279-thread-15] pick event Id=163, eMBMSSessionId=94 current size: 3857
[pool-279-thread-17] pick event Id=164, eMBMSSessionId=86 current size: 3856
[pool-279-thread-1] pick event Id=165, eMBMSSessionId=27 current size: 3855
pool-279-thread-7 reduces to 3854
[pool-279-thread-20] pick event Id=166, eMBMSSessionId=97 current size: 3853
[pool-279-thread-8] pick event Id=167, eMBMSSessionId=52 current size: 3852
[pool-279-thread-3] pick event Id=168, eMBMSSessionId=28 current size: 3851
[pool-279-thread-4] pick event Id=169, eMBMSSessionId=87 current size: 3850
[pool-279-thread-13] pick event Id=170, eMBMSSessionId=50 current size: 3849
[pool-279-thread-12] pick event Id=171, eMBMSSessionId=67 current size: 3848
[pool-279-thread-2] pick event Id=172, eMBMSSessionId=1 current size: 3847
[pool-279-thread-18] pick event Id=173, eMBMSSessionId=43 current size: 3846
[pool-279-thread-5] pick event Id=174, eMBMSSessionId=77 current size: 3845
[pool-279-thread-10] pick event Id=175, eMBMSSessionId=3 current size: 3844
[pool-279-thread-9] adds event Id=176, eMBMSSessionId=97 current size: 3844
[pool-279-thread-14] pick event Id=177, eMBMSSessionId=13 current size: 3843
[pool-279-thread-3] pick event Id=178, eMBMSSessionId=7 current size: 3842
pool-279-thread-20 reduces to 3841
[pool-279-thread-16] pick event Id=179, eMBMSSessionId=62 current size: 3840
[pool-279-thread-11] pick event Id=180, eMBMSSessionId=35 current size: 3839
[pool-279-thread-19] pick event Id=181, eMBMSSessionId=76 current size: 3838
[pool-279-thread-6] pick event Id=182, eMBMSSessionId=17 current size: 3837
[pool-279-thread-15] pick event Id=183, eMBMSSessionId=36 current size: 3836
[pool-279-thread-18] pick event Id=184, eMBMSSessionId=62 current size: 3835
[pool-279-thread-17] adds event Id=185, eMBMSSessionId=7 current size: 3835
[pool-279-thread-1] pick event Id=186, eMBMSSessionId=71 current size: 3834
[pool-279-thread-7] adds event Id=187, eMBMSSessionId=97 current size: 3834
[pool-279-thread-9] pick event Id=188, eMBMSSessionId=5 current size: 3833
[pool-279-thread-8] pick event Id=189, eMBMSSessionId=99 current size: 3832
[pool-279-thread-4] adds event Id=190, eMBMSSessionId=99 current size: 3832
pool-279-thread-20 reduces to 3831
[pool-279-thread-10] pick event Id=191, eMBMSSessionId=92 current size: 3830
[pool-279-thread-12] pick event Id=192, eMBMSSessionId=69 current size: 3829
pool-279-thread-3 reduces to 3828
[pool-279-thread-13] pick event Id=193, eMBMSSessionId=41 current size: 3827
[pool-279-thread-16] pick event Id=194, eMBMSSessionId=84 current size: 3826
[pool-279-thread-2] pick event Id=195, eMBMSSessionId=23 current size: 3825
[pool-279-thread-5] pick event Id=196, eMBMSSessionId=66 current size: 3824
[pool-279-thread-17] pick event Id=197, eMBMSSessionId=40 current size: 3823
[pool-279-thread-7] pick event Id=198, eMBMSSessionId=42 current size: 3822
[pool-279-thread-4] pick event Id=199, eMBMSSessionId=78 current size: 3821
pool-279-thread-8 reduces to 3820
[pool-279-thread-14] adds event Id=200, eMBMSSessionId=42 current size: 3820
[pool-279-thread-11] pick event Id=201, eMBMSSessionId=70 current size: 3819
[pool-279-thread-19] pick event Id=202, eMBMSSessionId=71 current size: 3818
[pool-279-thread-15] pick event Id=203, eMBMSSessionId=20 current size: 3817
[pool-279-thread-6] pick event Id=204, eMBMSSessionId=98 current size: 3816
[pool-279-thread-18] pick event Id=205, eMBMSSessionId=37 current size: 3815
[pool-279-thread-5] pick event Id=206, eMBMSSessionId=69 current size: 3814
[pool-279-thread-1] pick event Id=207, eMBMSSessionId=9 current size: 3813
[pool-279-thread-9] pick event Id=208, eMBMSSessionId=15 current size: 3812
pool-279-thread-7 reduces to 3811
[pool-279-thread-20] pick event Id=209, eMBMSSessionId=90 current size: 3810
[pool-279-thread-4] adds event Id=210, eMBMSSessionId=42 current size: 3810
[pool-279-thread-14] pick event Id=211, eMBMSSessionId=22 current size: 3809
[pool-279-thread-10] pick event Id=212, eMBMSSessionId=33 current size: 3808
[pool-279-thread-12] pick event Id=213, eMBMSSessionId=78 current size: 3807
[pool-279-thread-3] pick event Id=214, eMBMSSessionId=73 current size: 3806
[pool-279-thread-13] pick event Id=215, eMBMSSessionId=12 current size: 3805
[pool-279-thread-16] pick event Id=216, eMBMSSessionId=32 current size: 3804
[pool-279-thread-17] pick event Id=217, eMBMSSessionId=86 current size: 3803
[pool-279-thread-2] pick event Id=218, eMBMSSessionId=51 current size: 3802
[pool-279-thread-19] pick event Id=219, eMBMSSessionId=24 current size: 3801
pool-279-thread-7 reduces to 3800
[pool-279-thread-4] pick event Id=220, eMBMSSessionId=56 current size: 3799
[pool-279-thread-8] pick event Id=221, eMBMSSessionId=85 current size: 3798
[pool-279-thread-10] pick event Id=222, eMBMSSessionId=14 current size: 3797
[pool-279-thread-11] pick event Id=223, eMBMSSessionId=27 current size: 3796
[pool-279-thread-3] pick event Id=224, eMBMSSessionId=15 current size: 3795
[pool-279-thread-13] pick event Id=225, eMBMSSessionId=88 current size: 3794
[pool-279-thread-6] adds event Id=226, eMBMSSessionId=27 current size: 3794
[pool-279-thread-15] pick event Id=227, eMBMSSessionId=74 current size: 3793
[pool-279-thread-18] pick event Id=228, eMBMSSessionId=91 current size: 3792
[pool-279-thread-5] pick event Id=229, eMBMSSessionId=29 current size: 3791
[pool-279-thread-9] pick event Id=230, eMBMSSessionId=98 current size: 3790
[pool-279-thread-1] pick event Id=231, eMBMSSessionId=93 current size: 3789
[pool-279-thread-14] pick event Id=232, eMBMSSessionId=2 current size: 3788
[pool-279-thread-20] adds event Id=233, eMBMSSessionId=29 current size: 3788
[pool-279-thread-12] pick event Id=234, eMBMSSessionId=63 current size: 3787
pool-279-thread-11 reduces to 3786
[pool-279-thread-10] pick event Id=235, eMBMSSessionId=66 current size: 3785
[pool-279-thread-6] pick event Id=236, eMBMSSessionId=84 current size: 3784
[pool-279-thread-16] pick event Id=237, eMBMSSessionId=1 current size: 3783
[pool-279-thread-17] pick event Id=238, eMBMSSessionId=96 current size: 3782
[pool-279-thread-2] adds event Id=239, eMBMSSessionId=29 current size: 3782
[pool-279-thread-19] adds event Id=240, eMBMSSessionId=27 current size: 3782
pool-279-thread-5 reduces to 3781
[pool-279-thread-7] pick event Id=241, eMBMSSessionId=68 current size: 3780
[pool-279-thread-4] pick event Id=242, eMBMSSessionId=33 current size: 3779
[pool-279-thread-8] pick event Id=243, eMBMSSessionId=10 current size: 3778
[pool-279-thread-20] pick event Id=244, eMBMSSessionId=22 current size: 3777
[pool-279-thread-3] pick event Id=245, eMBMSSessionId=4 current size: 3776
pool-279-thread-11 reduces to 3775
[pool-279-thread-12] pick event Id=246, eMBMSSessionId=2 current size: 3774
[pool-279-thread-13] pick event Id=247, eMBMSSessionId=55 current size: 3773
[pool-279-thread-15] pick event Id=248, eMBMSSessionId=26 current size: 3772
[pool-279-thread-2] pick event Id=249, eMBMSSessionId=98 current size: 3771
[pool-279-thread-19] adds event Id=250, eMBMSSessionId=55 current size: 3771
[pool-279-thread-18] pick event Id=251, eMBMSSessionId=89 current size: 3770
[pool-279-thread-9] pick event Id=252, eMBMSSessionId=83 current size: 3769
pool-279-thread-5 reduces to 3768
[pool-279-thread-1] pick event Id=253, eMBMSSessionId=11 current size: 3767
[pool-279-thread-7] pick event Id=254, eMBMSSessionId=70 current size: 3766
[pool-279-thread-14] pick event Id=255, eMBMSSessionId=54 current size: 3765
[pool-279-thread-20] pick event Id=256, eMBMSSessionId=74 current size: 3764
[pool-279-thread-20] pick event Id=257, eMBMSSessionId=94 current size: 3763
[pool-279-thread-20] adds event Id=258, eMBMSSessionId=27 current size: 3763
[pool-279-thread-6] pick event Id=259, eMBMSSessionId=21 current size: 3762
[pool-279-thread-10] pick event Id=260, eMBMSSessionId=88 current size: 3761
pool-279-thread-11 reduces to 3760
pool-279-thread-13 reduces to 3759
[pool-279-thread-16] pick event Id=261, eMBMSSessionId=0 current size: 3758
[pool-279-thread-17] pick event Id=262, eMBMSSessionId=36 current size: 3757
[pool-279-thread-19] pick event Id=263, eMBMSSessionId=81 current size: 3756
[pool-279-thread-4] pick event Id=264, eMBMSSessionId=18 current size: 3755
[pool-279-thread-8] adds event Id=265, eMBMSSessionId=11 current size: 3755
pool-279-thread-1 reduces to 3754
[pool-279-thread-8] pick event Id=266, eMBMSSessionId=69 current size: 3753
[pool-279-thread-20] pick event Id=267, eMBMSSessionId=3 current size: 3752
[pool-279-thread-3] adds event Id=268, eMBMSSessionId=69 current size: 3752
[pool-279-thread-3] pick event Id=269, eMBMSSessionId=79 current size: 3751
[pool-279-thread-3] pick event Id=270, eMBMSSessionId=86 current size: 3750
[pool-279-thread-3] adds event Id=271, eMBMSSessionId=0 current size: 3750
[pool-279-thread-3] pick event Id=272, eMBMSSessionId=34 current size: 3749
[pool-279-thread-6] pick event Id=273, eMBMSSessionId=63 current size: 3748
[pool-279-thread-12] pick event Id=274, eMBMSSessionId=52 current size: 3747
[pool-279-thread-15] pick event Id=275, eMBMSSessionId=12 current size: 3746
[pool-279-thread-17] pick event Id=276, eMBMSSessionId=78 current size: 3745
pool-279-thread-16 reduces to 3744
[pool-279-thread-9] pick event Id=277, eMBMSSessionId=37 current size: 3743
[pool-279-thread-12] pick event Id=278, eMBMSSessionId=98 current size: 3742
[pool-279-thread-2] adds event Id=279, eMBMSSessionId=34 current size: 3742
[pool-279-thread-18] adds event Id=280, eMBMSSessionId=3 current size: 3742
[pool-279-thread-18] pick event Id=281, eMBMSSessionId=24 current size: 3741
[pool-279-thread-14] pick event Id=282, eMBMSSessionId=72 current size: 3740
[pool-279-thread-14] pick event Id=283, eMBMSSessionId=76 current size: 3739
[pool-279-thread-14] pick event Id=284, eMBMSSessionId=42 current size: 3738
[pool-279-thread-14] adds event Id=285, eMBMSSessionId=78 current size: 3738
[pool-279-thread-14] pick event Id=286, eMBMSSessionId=51 current size: 3737
[pool-279-thread-7] pick event Id=287, eMBMSSessionId=77 current size: 3736
[pool-279-thread-5] pick event Id=288, eMBMSSessionId=73 current size: 3735
pool-279-thread-8 reduces to 3734
pool-279-thread-20 reduces to 3733
[pool-279-thread-11] pick event Id=289, eMBMSSessionId=2 current size: 3732
[pool-279-thread-10] adds event Id=290, eMBMSSessionId=77 current size: 3732
[pool-279-thread-10] pick event Id=291, eMBMSSessionId=30 current size: 3731
[pool-279-thread-6] pick event Id=292, eMBMSSessionId=99 current size: 3730
pool-279-thread-3 reduces to 3729
[pool-279-thread-13] pick event Id=293, eMBMSSessionId=44 current size: 3728
pool-279-thread-17 reduces to 3727
[pool-279-thread-13] pick event Id=294, eMBMSSessionId=60 current size: 3726
[pool-279-thread-15] pick event Id=295, eMBMSSessionId=95 current size: 3725
[pool-279-thread-9] pick event Id=296, eMBMSSessionId=20 current size: 3724
[pool-279-thread-9] pick event Id=297, eMBMSSessionId=94 current size: 3723
[pool-279-thread-2] pick event Id=298, eMBMSSessionId=90 current size: 3722
[pool-279-thread-19] pick event Id=299, eMBMSSessionId=81 current size: 3721
pool-279-thread-7 reduces to 3720
[pool-279-thread-4] pick event Id=300, eMBMSSessionId=75 current size: 3719
[pool-279-thread-18] pick event Id=301, eMBMSSessionId=43 current size: 3718
[pool-279-thread-10] pick event Id=302, eMBMSSessionId=71 current size: 3717
[pool-279-thread-1] pick event Id=303, eMBMSSessionId=9 current size: 3716
[pool-279-thread-5] pick event Id=304, eMBMSSessionId=58 current size: 3715
[pool-279-thread-20] pick event Id=305, eMBMSSessionId=18 current size: 3714
[pool-279-thread-16] pick event Id=306, eMBMSSessionId=86 current size: 3713
[pool-279-thread-12] pick event Id=307, eMBMSSessionId=90 current size: 3712
[pool-279-thread-14] pick event Id=308, eMBMSSessionId=8 current size: 3711
[pool-279-thread-8] pick event Id=309, eMBMSSessionId=25 current size: 3710
[pool-279-thread-7] pick event Id=310, eMBMSSessionId=15 current size: 3709
[pool-279-thread-13] adds event Id=311, eMBMSSessionId=8 current size: 3709
[pool-279-thread-6] pick event Id=312, eMBMSSessionId=83 current size: 3708
[pool-279-thread-15] pick event Id=313, eMBMSSessionId=55 current size: 3707
[pool-279-thread-17] pick event Id=314, eMBMSSessionId=98 current size: 3706
[pool-279-thread-3] pick event Id=315, eMBMSSessionId=29 current size: 3705
[pool-279-thread-11] pick event Id=316, eMBMSSessionId=77 current size: 3704
[pool-279-thread-9] pick event Id=317, eMBMSSessionId=13 current size: 3703
[pool-279-thread-2] pick event Id=318, eMBMSSessionId=14 current size: 3702
[pool-279-thread-10] pick event Id=319, eMBMSSessionId=33 current size: 3701
[pool-279-thread-4] pick event Id=320, eMBMSSessionId=57 current size: 3700
[pool-279-thread-18] pick event Id=321, eMBMSSessionId=97 current size: 3699
pool-279-thread-14 reduces to 3698
[pool-279-thread-19] pick event Id=322, eMBMSSessionId=56 current size: 3697
[pool-279-thread-1] pick event Id=323, eMBMSSessionId=99 current size: 3696
[pool-279-thread-5] pick event Id=324, eMBMSSessionId=38 current size: 3695
[pool-279-thread-5] adds event Id=325, eMBMSSessionId=13 current size: 3695
[pool-279-thread-5] pick event Id=326, eMBMSSessionId=43 current size: 3694
[pool-279-thread-13] pick event Id=327, eMBMSSessionId=22 current size: 3693
pool-279-thread-9 reduces to 3692
[pool-279-thread-3] pick event Id=328, eMBMSSessionId=95 current size: 3691
[pool-279-thread-20] pick event Id=329, eMBMSSessionId=7 current size: 3690
[pool-279-thread-16] pick event Id=330, eMBMSSessionId=29 current size: 3689
[pool-279-thread-12] pick event Id=331, eMBMSSessionId=66 current size: 3688
[pool-279-thread-7] pick event Id=332, eMBMSSessionId=55 current size: 3687
[pool-279-thread-5] pick event Id=333, eMBMSSessionId=26 current size: 3686
[pool-279-thread-6] pick event Id=334, eMBMSSessionId=75 current size: 3685
[pool-279-thread-8] pick event Id=335, eMBMSSessionId=37 current size: 3684
[pool-279-thread-15] pick event Id=336, eMBMSSessionId=86 current size: 3683
[pool-279-thread-11] pick event Id=337, eMBMSSessionId=38 current size: 3682
[pool-279-thread-17] pick event Id=338, eMBMSSessionId=8 current size: 3681
[pool-279-thread-10] pick event Id=339, eMBMSSessionId=70 current size: 3680
[pool-279-thread-2] pick event Id=340, eMBMSSessionId=89 current size: 3679
[pool-279-thread-4] adds event Id=341, eMBMSSessionId=8 current size: 3679
[pool-279-thread-18] pick event Id=342, eMBMSSessionId=32 current size: 3678
[pool-279-thread-14] pick event Id=343, eMBMSSessionId=73 current size: 3677
[pool-279-thread-12] pick event Id=344, eMBMSSessionId=18 current size: 3676
[pool-279-thread-1] pick event Id=345, eMBMSSessionId=57 current size: 3675
[pool-279-thread-19] pick event Id=346, eMBMSSessionId=80 current size: 3674
[pool-279-thread-13] pick event Id=347, eMBMSSessionId=27 current size: 3673
[pool-279-thread-3] pick event Id=348, eMBMSSessionId=91 current size: 3672
[pool-279-thread-11] pick event Id=349, eMBMSSessionId=28 current size: 3671
[pool-279-thread-9] pick event Id=350, eMBMSSessionId=77 current size: 3670
pool-279-thread-17 reduces to 3669
[pool-279-thread-16] pick event Id=351, eMBMSSessionId=42 current size: 3668
[pool-279-thread-20] pick event Id=352, eMBMSSessionId=9 current size: 3667
[pool-279-thread-4] pick event Id=353, eMBMSSessionId=15 current size: 3666
[pool-279-thread-18] pick event Id=354, eMBMSSessionId=81 current size: 3665
[pool-279-thread-12] pick event Id=355, eMBMSSessionId=10 current size: 3664
[pool-279-thread-7] pick event Id=356, eMBMSSessionId=74 current size: 3663
[pool-279-thread-5] pick event Id=357, eMBMSSessionId=31 current size: 3662
[pool-279-thread-8] pick event Id=358, eMBMSSessionId=47 current size: 3661
[pool-279-thread-6] pick event Id=359, eMBMSSessionId=67 current size: 3660
[pool-279-thread-15] pick event Id=360, eMBMSSessionId=72 current size: 3659
[pool-279-thread-10] adds event Id=361, eMBMSSessionId=77 current size: 3659
pool-279-thread-9 reduces to 3658
[pool-279-thread-2] pick event Id=362, eMBMSSessionId=75 current size: 3657
[pool-279-thread-14] pick event Id=363, eMBMSSessionId=99 current size: 3656
[pool-279-thread-1] pick event Id=364, eMBMSSessionId=37 current size: 3655
[pool-279-thread-19] pick event Id=365, eMBMSSessionId=58 current size: 3654
[pool-279-thread-13] pick event Id=366, eMBMSSessionId=7 current size: 3653
[pool-279-thread-3] pick event Id=367, eMBMSSessionId=3 current size: 3652
[pool-279-thread-11] pick event Id=368, eMBMSSessionId=91 current size: 3651
[pool-279-thread-10] pick event Id=369, eMBMSSessionId=30 current size: 3650
[pool-279-thread-17] pick event Id=370, eMBMSSessionId=61 current size: 3649
[pool-279-thread-16] adds event Id=371, eMBMSSessionId=58 current size: 3649
[pool-279-thread-20] pick event Id=372, eMBMSSessionId=97 current size: 3648
[pool-279-thread-9] pick event Id=373, eMBMSSessionId=78 current size: 3647
[pool-279-thread-4] pick event Id=374, eMBMSSessionId=92 current size: 3646
[pool-279-thread-18] pick event Id=375, eMBMSSessionId=82 current size: 3645
[pool-279-thread-7] pick event Id=376, eMBMSSessionId=49 current size: 3644
[pool-279-thread-12] pick event Id=377, eMBMSSessionId=67 current size: 3643
[pool-279-thread-5] pick event Id=378, eMBMSSessionId=79 current size: 3642
[pool-279-thread-6] pick event Id=379, eMBMSSessionId=32 current size: 3641
[pool-279-thread-8] pick event Id=380, eMBMSSessionId=38 current size: 3640
pool-279-thread-19 reduces to 3639
[pool-279-thread-15] pick event Id=381, eMBMSSessionId=27 current size: 3638
[pool-279-thread-16] pick event Id=382, eMBMSSessionId=81 current size: 3637
[pool-279-thread-2] pick event Id=383, eMBMSSessionId=50 current size: 3636
[pool-279-thread-18] pick event Id=384, eMBMSSessionId=45 current size: 3635
[pool-279-thread-14] pick event Id=385, eMBMSSessionId=87 current size: 3634
[pool-279-thread-1] pick event Id=386, eMBMSSessionId=23 current size: 3633
[pool-279-thread-13] pick event Id=387, eMBMSSessionId=96 current size: 3632
[pool-279-thread-11] pick event Id=388, eMBMSSessionId=59 current size: 3631
[pool-279-thread-10] pick event Id=389, eMBMSSessionId=82 current size: 3630
[pool-279-thread-3] pick event Id=390, eMBMSSessionId=41 current size: 3629
[pool-279-thread-17] pick event Id=391, eMBMSSessionId=65 current size: 3628
[pool-279-thread-20] pick event Id=392, eMBMSSessionId=77 current size: 3627
[pool-279-thread-4] adds event Id=393, eMBMSSessionId=50 current size: 3627
pool-279-thread-2 reduces to 3626
[pool-279-thread-9] pick event Id=394, eMBMSSessionId=80 current size: 3625
[pool-279-thread-7] adds event Id=395, eMBMSSessionId=96 current size: 3625
[pool-279-thread-12] pick event Id=396, eMBMSSessionId=85 current size: 3624
[pool-279-thread-5] pick event Id=397, eMBMSSessionId=49 current size: 3623
[pool-279-thread-6] pick event Id=398, eMBMSSessionId=97 current size: 3622
[pool-279-thread-8] adds event Id=399, eMBMSSessionId=23 current size: 3622
pool-279-thread-1 reduces to 3621
[pool-279-thread-19] pick event Id=400, eMBMSSessionId=31 current size: 3620
[pool-279-thread-15] pick event Id=401, eMBMSSessionId=67 current size: 3619
pool-279-thread-13 reduces to 3618
[pool-279-thread-16] pick event Id=402, eMBMSSessionId=93 current size: 3617
[pool-279-thread-10] pick event Id=403, eMBMSSessionId=63 current size: 3616
[pool-279-thread-4] pick event Id=404, eMBMSSessionId=4 current size: 3615
[pool-279-thread-7] pick event Id=405, eMBMSSessionId=7 current size: 3614
[pool-279-thread-18] adds event Id=406, eMBMSSessionId=97 current size: 3614
[pool-279-thread-8] pick event Id=407, eMBMSSessionId=86 current size: 3613
pool-279-thread-6 reduces to 3612
[pool-279-thread-14] pick event Id=408, eMBMSSessionId=91 current size: 3611
[pool-279-thread-11] pick event Id=409, eMBMSSessionId=44 current size: 3610
[pool-279-thread-3] pick event Id=410, eMBMSSessionId=26 current size: 3609
[pool-279-thread-10] pick event Id=411, eMBMSSessionId=66 current size: 3608
[pool-279-thread-17] adds event Id=412, eMBMSSessionId=4 current size: 3608
pool-279-thread-4 reduces to 3607
[pool-279-thread-20] pick event Id=413, eMBMSSessionId=75 current size: 3606
[pool-279-thread-2] pick event Id=414, eMBMSSessionId=50 current size: 3605
[pool-279-thread-12] pick event Id=415, eMBMSSessionId=23 current size: 3604
[pool-279-thread-9] pick event Id=416, eMBMSSessionId=17 current size: 3603
[pool-279-thread-18] adds event Id=417, eMBMSSessionId=50 current size: 3603
[pool-279-thread-5] adds event Id=418, eMBMSSessionId=23 current size: 3603
[pool-279-thread-19] pick event Id=419, eMBMSSessionId=25 current size: 3602
[pool-279-thread-1] pick event Id=420, eMBMSSessionId=53 current size: 3601
[pool-279-thread-15] pick event Id=421, eMBMSSessionId=7 current size: 3600
[pool-279-thread-13] pick event Id=422, eMBMSSessionId=57 current size: 3599
[pool-279-thread-16] pick event Id=423, eMBMSSessionId=40 current size: 3598
[pool-279-thread-17] pick event Id=424, eMBMSSessionId=52 current size: 3597
pool-279-thread-2 reduces to 3596
pool-279-thread-12 reduces to 3595
[pool-279-thread-7] pick event Id=425, eMBMSSessionId=47 current size: 3594
[pool-279-thread-18] pick event Id=426, eMBMSSessionId=18 current size: 3593
[pool-279-thread-5] pick event Id=427, eMBMSSessionId=61 current size: 3592
[pool-279-thread-8] pick event Id=428, eMBMSSessionId=51 current size: 3591
[pool-279-thread-6] pick event Id=429, eMBMSSessionId=66 current size: 3590
[pool-279-thread-14] pick event Id=430, eMBMSSessionId=34 current size: 3589
[pool-279-thread-15] pick event Id=431, eMBMSSessionId=86 current size: 3588
[pool-279-thread-11] pick event Id=432, eMBMSSessionId=33 current size: 3587
[pool-279-thread-3] pick event Id=433, eMBMSSessionId=97 current size: 3586
[pool-279-thread-10] adds event Id=434, eMBMSSessionId=34 current size: 3586
[pool-279-thread-17] pick event Id=435, eMBMSSessionId=41 current size: 3585
[pool-279-thread-4] pick event Id=436, eMBMSSessionId=22 current size: 3584
[pool-279-thread-20] pick event Id=437, eMBMSSessionId=64 current size: 3583
[pool-279-thread-9] pick event Id=438, eMBMSSessionId=85 current size: 3582
[pool-279-thread-19] pick event Id=439, eMBMSSessionId=21 current size: 3581
[pool-279-thread-1] pick event Id=440, eMBMSSessionId=16 current size: 3580
pool-279-thread-14 reduces to 3579
[pool-279-thread-13] pick event Id=441, eMBMSSessionId=90 current size: 3578
[pool-279-thread-16] pick event Id=442, eMBMSSessionId=98 current size: 3577
[pool-279-thread-10] pick event Id=443, eMBMSSessionId=23 current size: 3576
[pool-279-thread-2] pick event Id=444, eMBMSSessionId=78 current size: 3575
[pool-279-thread-12] pick event Id=445, eMBMSSessionId=70 current size: 3574
[pool-279-thread-7] pick event Id=446, eMBMSSessionId=13 current size: 3573
[pool-279-thread-5] pick event Id=447, eMBMSSessionId=49 current size: 3572
[pool-279-thread-8] pick event Id=448, eMBMSSessionId=82 current size: 3571
[pool-279-thread-6] pick event Id=449, eMBMSSessionId=96 current size: 3570
[pool-279-thread-18] pick event Id=450, eMBMSSessionId=21 current size: 3569
[pool-279-thread-15] pick event Id=451, eMBMSSessionId=37 current size: 3568
[pool-279-thread-3] pick event Id=452, eMBMSSessionId=51 current size: 3567
[pool-279-thread-11] pick event Id=453, eMBMSSessionId=77 current size: 3566
[pool-279-thread-17] pick event Id=454, eMBMSSessionId=19 current size: 3565
[pool-279-thread-4] adds event Id=455, eMBMSSessionId=21 current size: 3565
[pool-279-thread-20] adds event Id=456, eMBMSSessionId=49 current size: 3565
[pool-279-thread-9] pick event Id=457, eMBMSSessionId=55 current size: 3564
[pool-279-thread-10] pick event Id=458, eMBMSSessionId=60 current size: 3563
[pool-279-thread-19] pick event Id=459, eMBMSSessionId=62 current size: 3562
pool-279-thread-5 reduces to 3561
[pool-279-thread-1] pick event Id=460, eMBMSSessionId=34 current size: 3560
[pool-279-thread-14] adds event Id=461, eMBMSSessionId=49 current size: 3560
pool-279-thread-18 reduces to 3559
[pool-279-thread-14] pick event Id=462, eMBMSSessionId=90 current size: 3558
[pool-279-thread-13] pick event Id=463, eMBMSSessionId=27 current size: 3557
[pool-279-thread-16] pick event Id=464, eMBMSSessionId=97 current size: 3556
[pool-279-thread-4] pick event Id=465, eMBMSSessionId=32 current size: 3555
[pool-279-thread-3] pick event Id=466, eMBMSSessionId=65 current size: 3554
[pool-279-thread-20] pick event Id=467, eMBMSSessionId=52 current size: 3553
[pool-279-thread-17] pick event Id=468, eMBMSSessionId=22 current size: 3552
[pool-279-thread-2] pick event Id=469, eMBMSSessionId=44 current size: 3551
[pool-279-thread-12] pick event Id=470, eMBMSSessionId=74 current size: 3550
[pool-279-thread-7] pick event Id=471, eMBMSSessionId=0 current size: 3549
[pool-279-thread-8] pick event Id=472, eMBMSSessionId=96 current size: 3548
[pool-279-thread-6] pick event Id=473, eMBMSSessionId=54 current size: 3547
pool-279-thread-5 reduces to 3546
[pool-279-thread-1] pick event Id=474, eMBMSSessionId=26 current size: 3545
[pool-279-thread-15] pick event Id=475, eMBMSSessionId=21 current size: 3544
[pool-279-thread-11] pick event Id=476, eMBMSSessionId=19 current size: 3543
[pool-279-thread-4] pick event Id=477, eMBMSSessionId=46 current size: 3542
[pool-279-thread-9] pick event Id=478, eMBMSSessionId=28 current size: 3541
[pool-279-thread-20] pick event Id=479, eMBMSSessionId=51 current size: 3540
[pool-279-thread-19] pick event Id=480, eMBMSSessionId=39 current size: 3539
[pool-279-thread-10] pick event Id=481, eMBMSSessionId=72 current size: 3538
[pool-279-thread-18] pick event Id=482, eMBMSSessionId=48 current size: 3537
[pool-279-thread-8] pick event Id=483, eMBMSSessionId=52 current size: 3536
[pool-279-thread-14] pick event Id=484, eMBMSSessionId=83 current size: 3535
[pool-279-thread-13] pick event Id=485, eMBMSSessionId=11 current size: 3534
[pool-279-thread-16] pick event Id=486, eMBMSSessionId=47 current size: 3533
[pool-279-thread-17] pick event Id=487, eMBMSSessionId=99 current size: 3532
[pool-279-thread-3] adds event Id=488, eMBMSSessionId=46 current size: 3532
[pool-279-thread-11] pick event Id=489, eMBMSSessionId=96 current size: 3531
pool-279-thread-4 reduces to 3530
[pool-279-thread-2] pick event Id=490, eMBMSSessionId=12 current size: 3529
[pool-279-thread-12] pick event Id=491, eMBMSSessionId=87 current size: 3528
[pool-279-thread-7] pick event Id=492, eMBMSSessionId=31 current size: 3527
[pool-279-thread-5] adds event Id=493, eMBMSSessionId=46 current size: 3527
[pool-279-thread-6] pick event Id=494, eMBMSSessionId=42 current size: 3526
[pool-279-thread-1] adds event Id=495, eMBMSSessionId=31 current size: 3526
[pool-279-thread-15] pick event Id=496, eMBMSSessionId=79 current size: 3525
[pool-279-thread-14] pick event Id=497, eMBMSSessionId=27 current size: 3524
[pool-279-thread-3] pick event Id=498, eMBMSSessionId=65 current size: 3523
[pool-279-thread-13] pick event Id=499, eMBMSSessionId=4 current size: 3522
[pool-279-thread-20] pick event Id=500, eMBMSSessionId=33 current size: 3521
[pool-279-thread-9] pick event Id=501, eMBMSSessionId=47 current size: 3520
pool-279-thread-4 reduces to 3519
[pool-279-thread-10] pick event Id=502, eMBMSSessionId=15 current size: 3518
[pool-279-thread-19] pick event Id=503, eMBMSSessionId=19 current size: 3517
[pool-279-thread-18] pick event Id=504, eMBMSSessionId=68 current size: 3516
[pool-279-thread-5] pick event Id=505, eMBMSSessionId=39 current size: 3515
pool-279-thread-7 reduces to 3514
[pool-279-thread-1] pick event Id=506, eMBMSSessionId=95 current size: 3513
[pool-279-thread-8] pick event Id=507, eMBMSSessionId=17 current size: 3512
[pool-279-thread-16] pick event Id=508, eMBMSSessionId=85 current size: 3511
[pool-279-thread-17] pick event Id=509, eMBMSSessionId=54 current size: 3510
[pool-279-thread-11] pick event Id=510, eMBMSSessionId=80 current size: 3509
[pool-279-thread-2] pick event Id=511, eMBMSSessionId=1 current size: 3508
[pool-279-thread-12] pick event Id=512, eMBMSSessionId=36 current size: 3507
[pool-279-thread-5] pick event Id=513, eMBMSSessionId=87 current size: 3506
[pool-279-thread-19] adds event Id=514, eMBMSSessionId=36 current size: 3506
[pool-279-thread-6] pick event Id=515, eMBMSSessionId=46 current size: 3505
[pool-279-thread-4] pick event Id=516, eMBMSSessionId=79 current size: 3504
[pool-279-thread-15] pick event Id=517, eMBMSSessionId=43 current size: 3503
[pool-279-thread-14] pick event Id=518, eMBMSSessionId=5 current size: 3502
[pool-279-thread-3] pick event Id=519, eMBMSSessionId=15 current size: 3501
testOverload end.
testFull begin.
[pool-280-thread-1] pick event Id=0, eMBMSSessionId=86 current size: 4998
[pool-280-thread-4] pick event Id=1, eMBMSSessionId=87 current size: 4997
[pool-280-thread-2] pick event Id=2, eMBMSSessionId=80 current size: 4996
[pool-280-thread-3] pick event Id=3, eMBMSSessionId=57 current size: 4995
[pool-280-thread-6] pick event Id=4, eMBMSSessionId=21 current size: 4994
[pool-280-thread-5] pick event Id=5, eMBMSSessionId=65 current size: 4993
[pool-280-thread-7] pick event Id=6, eMBMSSessionId=45 current size: 4992
[pool-280-thread-8] pick event Id=7, eMBMSSessionId=29 current size: 4991
[pool-280-thread-9] pick event Id=8, eMBMSSessionId=67 current size: 4990
[pool-280-thread-10] adds event Id=9, eMBMSSessionId=86 current size: 4990
[pool-280-thread-11] pick event Id=10, eMBMSSessionId=71 current size: 4989
[pool-280-thread-12] adds event Id=11, eMBMSSessionId=86 current size: 4989
[pool-280-thread-13] pick event Id=12, eMBMSSessionId=14 current size: 4988
[pool-280-thread-14] pick event Id=13, eMBMSSessionId=47 current size: 4987
[pool-280-thread-16] pick event Id=14, eMBMSSessionId=6 current size: 4986
[pool-280-thread-15] pick event Id=15, eMBMSSessionId=89 current size: 4985
[pool-280-thread-18] pick event Id=16, eMBMSSessionId=70 current size: 4984
[pool-280-thread-17] adds event Id=17, eMBMSSessionId=47 current size: 4984
[pool-280-thread-20] adds event Id=18, eMBMSSessionId=47 current size: 4984
[pool-280-thread-12] pick event Id=19, eMBMSSessionId=1 current size: 4983
[pool-280-thread-19] pick event Id=20, eMBMSSessionId=27 current size: 4982
[pool-280-thread-10] pick event Id=21, eMBMSSessionId=42 current size: 4981
[pool-280-thread-17] pick event Id=22, eMBMSSessionId=69 current size: 4980
[pool-280-thread-20] pick event Id=23, eMBMSSessionId=95 current size: 4979
event queue is full, will clear all data!
NbiEventCache is cleared with total events removed: 5029
testFull end.
31 times run start
testEventSequence begin.
testEventSequence end.
testSendRadomEmbmsSessionEvents begin.
testSendRadomEmbmsSessionEvents end.
testSendSameEmbmsSessionEvents begin.
testSendSameEmbmsSessionEvents end.
testSendNoSameEmbmsSessionEvents begin.
testSendNoSameEmbmsSessionEvents end.
testSendNoEmbmsSessionIdEvents begin.
testSendNoEmbmsSessionIdEvents end.
testOverload begin.
[pool-288-thread-1] pick event Id=0, eMBMSSessionId=29 current size: 4019
[pool-288-thread-2] pick event Id=1, eMBMSSessionId=8 current size: 4018
pool-288-thread-1 Discard NBI event &apos; Id=0, eMBMSSessionId=29&apos;, current queue size: 4018
[pool-288-thread-3] pick event Id=2, eMBMSSessionId=67 current size: 4017
[pool-288-thread-4] pick event Id=3, eMBMSSessionId=46 current size: 4016
pool-288-thread-2 Discard NBI event &apos; Id=1, eMBMSSessionId=8&apos;, current queue size: 4017
[pool-288-thread-5] pick event Id=4, eMBMSSessionId=45 current size: 4015
pool-288-thread-3 Discard NBI event &apos; Id=2, eMBMSSessionId=67&apos;, current queue size: 4015
pool-288-thread-5 Discard NBI event &apos; Id=4, eMBMSSessionId=45&apos;, current queue size: 4015
[pool-288-thread-6] adds event Id=5, eMBMSSessionId=45 current size: 4015
pool-288-thread-4 Discard NBI event &apos; Id=3, eMBMSSessionId=46&apos;, current queue size: 4015
[pool-288-thread-7] pick event Id=6, eMBMSSessionId=38 current size: 4014
[pool-288-thread-10] adds event Id=7, eMBMSSessionId=8 current size: 4014
pool-288-thread-7 Discard NBI event &apos; Id=6, eMBMSSessionId=38&apos;, current queue size: 4014
[pool-288-thread-8] pick event Id=8, eMBMSSessionId=11 current size: 4013
pool-288-thread-8 Discard NBI event &apos; Id=8, eMBMSSessionId=11&apos;, current queue size: 4013
[pool-288-thread-9] pick event Id=9, eMBMSSessionId=36 current size: 4012
pool-288-thread-9 Discard NBI event &apos; Id=9, eMBMSSessionId=36&apos;, current queue size: 4012
pool-288-thread-2 reduces to 4011
pool-288-thread-5 reduces to 4010
pool-288-thread-5 Discard NBI event &apos; Id=5, eMBMSSessionId=45&apos;, current queue size: 4010
[pool-288-thread-11] pick event Id=10, eMBMSSessionId=20 current size: 4009
[pool-288-thread-12] pick event Id=11, eMBMSSessionId=55 current size: 4008
pool-288-thread-11 Discard NBI event &apos; Id=10, eMBMSSessionId=20&apos;, current queue size: 4008
pool-288-thread-12 Discard NBI event &apos; Id=11, eMBMSSessionId=55&apos;, current queue size: 4008
[pool-288-thread-13] pick event Id=12, eMBMSSessionId=56 current size: 4007
pool-288-thread-2 Discard NBI event &apos; Id=7, eMBMSSessionId=8&apos;, current queue size: 4008
[pool-288-thread-15] pick event Id=13, eMBMSSessionId=72 current size: 4006
[pool-288-thread-14] pick event Id=14, eMBMSSessionId=21 current size: 4005
pool-288-thread-13 Discard NBI event &apos; Id=12, eMBMSSessionId=56&apos;, current queue size: 4005
pool-288-thread-15 Discard NBI event &apos; Id=13, eMBMSSessionId=72&apos;, current queue size: 4005
pool-288-thread-14 Discard NBI event &apos; Id=14, eMBMSSessionId=21&apos;, current queue size: 4005
[pool-288-thread-16] pick event Id=15, eMBMSSessionId=31 current size: 4004
[pool-288-thread-17] pick event Id=16, eMBMSSessionId=18 current size: 4003
[pool-288-thread-18] pick event Id=17, eMBMSSessionId=53 current size: 4002
pool-288-thread-16 Discard NBI event &apos; Id=15, eMBMSSessionId=31&apos;, current queue size: 4002
[pool-288-thread-19] pick event Id=18, eMBMSSessionId=95 current size: 4001
pool-288-thread-17 Discard NBI event &apos; Id=16, eMBMSSessionId=18&apos;, current queue size: 4002
pool-288-thread-18 Discard NBI event &apos; Id=17, eMBMSSessionId=53&apos;, current queue size: 4001
pool-288-thread-19 Discard NBI event &apos; Id=18, eMBMSSessionId=95&apos;, current queue size: 4001
[pool-288-thread-20] pick event Id=19, eMBMSSessionId=7 current size: 4000
[pool-288-thread-1] pick event Id=20, eMBMSSessionId=79 current size: 3999
pool-288-thread-20 Discard NBI event &apos; Id=19, eMBMSSessionId=7&apos;, current queue size: 3999
[pool-288-thread-6] pick event Id=21, eMBMSSessionId=44 current size: 3998
[pool-288-thread-10] pick event Id=22, eMBMSSessionId=11 current size: 3997
[pool-288-thread-3] pick event Id=23, eMBMSSessionId=66 current size: 3996
[pool-288-thread-7] pick event Id=24, eMBMSSessionId=49 current size: 3995
[pool-288-thread-4] pick event Id=25, eMBMSSessionId=45 current size: 3994
[pool-288-thread-8] pick event Id=26, eMBMSSessionId=18 current size: 3993
[pool-288-thread-11] pick event Id=27, eMBMSSessionId=15 current size: 3992
[pool-288-thread-13] pick event Id=28, eMBMSSessionId=21 current size: 3991
[pool-288-thread-9] pick event Id=29, eMBMSSessionId=47 current size: 3990
[pool-288-thread-5] pick event Id=30, eMBMSSessionId=34 current size: 3989
[pool-288-thread-12] pick event Id=31, eMBMSSessionId=72 current size: 3988
[pool-288-thread-2] pick event Id=32, eMBMSSessionId=57 current size: 3987
[pool-288-thread-14] pick event Id=33, eMBMSSessionId=55 current size: 3986
[pool-288-thread-15] pick event Id=34, eMBMSSessionId=74 current size: 3985
[pool-288-thread-16] pick event Id=35, eMBMSSessionId=91 current size: 3984
[pool-288-thread-18] pick event Id=36, eMBMSSessionId=56 current size: 3983
[pool-288-thread-17] pick event Id=37, eMBMSSessionId=9 current size: 3982
[pool-288-thread-19] pick event Id=38, eMBMSSessionId=32 current size: 3981
[pool-288-thread-20] pick event Id=39, eMBMSSessionId=22 current size: 3980
[pool-288-thread-1] pick event Id=40, eMBMSSessionId=73 current size: 3979
[pool-288-thread-10] pick event Id=41, eMBMSSessionId=67 current size: 3978
[pool-288-thread-6] pick event Id=42, eMBMSSessionId=34 current size: 3977
[pool-288-thread-7] pick event Id=43, eMBMSSessionId=13 current size: 3976
[pool-288-thread-3] adds event Id=44, eMBMSSessionId=91 current size: 3976
pool-288-thread-16 reduces to 3975
[pool-288-thread-4] pick event Id=45, eMBMSSessionId=16 current size: 3974
[pool-288-thread-8] pick event Id=46, eMBMSSessionId=24 current size: 3973
[pool-288-thread-13] pick event Id=47, eMBMSSessionId=82 current size: 3972
[pool-288-thread-11] pick event Id=48, eMBMSSessionId=63 current size: 3971
[pool-288-thread-9] pick event Id=49, eMBMSSessionId=50 current size: 3970
[pool-288-thread-14] adds event Id=50, eMBMSSessionId=91 current size: 3970
[pool-288-thread-1] pick event Id=51, eMBMSSessionId=57 current size: 3969
[pool-288-thread-14] pick event Id=52, eMBMSSessionId=72 current size: 3968
[pool-288-thread-15] pick event Id=53, eMBMSSessionId=53 current size: 3967
[pool-288-thread-5] pick event Id=54, eMBMSSessionId=8 current size: 3966
[pool-288-thread-2] pick event Id=55, eMBMSSessionId=94 current size: 3965
[pool-288-thread-20] adds event Id=56, eMBMSSessionId=53 current size: 3965
[pool-288-thread-12] pick event Id=57, eMBMSSessionId=37 current size: 3964
[pool-288-thread-3] pick event Id=58, eMBMSSessionId=69 current size: 3963
pool-288-thread-16 reduces to 3962
[pool-288-thread-18] pick event Id=59, eMBMSSessionId=93 current size: 3961
[pool-288-thread-19] pick event Id=60, eMBMSSessionId=18 current size: 3960
[pool-288-thread-17] pick event Id=61, eMBMSSessionId=2 current size: 3959
[pool-288-thread-4] pick event Id=62, eMBMSSessionId=9 current size: 3958
[pool-288-thread-13] pick event Id=63, eMBMSSessionId=40 current size: 3957
pool-288-thread-15 reduces to 3956
[pool-288-thread-20] pick event Id=64, eMBMSSessionId=13 current size: 3955
[pool-288-thread-10] pick event Id=65, eMBMSSessionId=47 current size: 3954
[pool-288-thread-6] pick event Id=66, eMBMSSessionId=92 current size: 3953
[pool-288-thread-7] pick event Id=67, eMBMSSessionId=96 current size: 3952
[pool-288-thread-12] adds event Id=68, eMBMSSessionId=92 current size: 3952
[pool-288-thread-8] adds event Id=69, eMBMSSessionId=96 current size: 3952
[pool-288-thread-9] pick event Id=70, eMBMSSessionId=1 current size: 3951
[pool-288-thread-8] pick event Id=71, eMBMSSessionId=25 current size: 3950
[pool-288-thread-11] pick event Id=72, eMBMSSessionId=55 current size: 3949
[pool-288-thread-1] pick event Id=73, eMBMSSessionId=81 current size: 3948
[pool-288-thread-14] pick event Id=74, eMBMSSessionId=3 current size: 3947
[pool-288-thread-5] adds event Id=75, eMBMSSessionId=96 current size: 3947
[pool-288-thread-2] pick event Id=76, eMBMSSessionId=11 current size: 3946
pool-288-thread-6 reduces to 3945
[pool-288-thread-12] pick event Id=77, eMBMSSessionId=44 current size: 3944
[pool-288-thread-3] adds event Id=78, eMBMSSessionId=3 current size: 3944
[pool-288-thread-10] pick event Id=79, eMBMSSessionId=0 current size: 3943
[pool-288-thread-19] pick event Id=80, eMBMSSessionId=98 current size: 3942
pool-288-thread-7 reduces to 3941
[pool-288-thread-16] pick event Id=81, eMBMSSessionId=31 current size: 3940
[pool-288-thread-17] pick event Id=82, eMBMSSessionId=12 current size: 3939
[pool-288-thread-18] pick event Id=83, eMBMSSessionId=41 current size: 3938
[pool-288-thread-4] pick event Id=84, eMBMSSessionId=71 current size: 3937
[pool-288-thread-13] pick event Id=85, eMBMSSessionId=88 current size: 3936
[pool-288-thread-5] pick event Id=86, eMBMSSessionId=30 current size: 3935
[pool-288-thread-20] pick event Id=87, eMBMSSessionId=26 current size: 3934
pool-288-thread-14 reduces to 3933
[pool-288-thread-15] pick event Id=88, eMBMSSessionId=99 current size: 3932
[pool-288-thread-3] pick event Id=89, eMBMSSessionId=33 current size: 3931
[pool-288-thread-10] pick event Id=90, eMBMSSessionId=29 current size: 3930
pool-288-thread-7 reduces to 3929
[pool-288-thread-9] pick event Id=91, eMBMSSessionId=21 current size: 3928
[pool-288-thread-9] pick event Id=92, eMBMSSessionId=6 current size: 3927
[pool-288-thread-8] pick event Id=93, eMBMSSessionId=40 current size: 3926
[pool-288-thread-1] pick event Id=94, eMBMSSessionId=46 current size: 3925
[pool-288-thread-11] pick event Id=95, eMBMSSessionId=73 current size: 3924
[pool-288-thread-2] pick event Id=96, eMBMSSessionId=68 current size: 3923
[pool-288-thread-6] pick event Id=97, eMBMSSessionId=32 current size: 3922
[pool-288-thread-12] pick event Id=98, eMBMSSessionId=88 current size: 3921
[pool-288-thread-19] pick event Id=99, eMBMSSessionId=27 current size: 3920
[pool-288-thread-17] pick event Id=100, eMBMSSessionId=3 current size: 3919
[pool-288-thread-16] pick event Id=101, eMBMSSessionId=67 current size: 3918
[pool-288-thread-18] pick event Id=102, eMBMSSessionId=49 current size: 3917
[pool-288-thread-9] pick event Id=103, eMBMSSessionId=51 current size: 3916
[pool-288-thread-4] pick event Id=104, eMBMSSessionId=57 current size: 3915
[pool-288-thread-13] pick event Id=105, eMBMSSessionId=20 current size: 3914
[pool-288-thread-5] adds event Id=106, eMBMSSessionId=20 current size: 3914
[pool-288-thread-20] pick event Id=107, eMBMSSessionId=10 current size: 3913
[pool-288-thread-14] pick event Id=108, eMBMSSessionId=72 current size: 3912
[pool-288-thread-15] pick event Id=109, eMBMSSessionId=97 current size: 3911
[pool-288-thread-3] pick event Id=110, eMBMSSessionId=63 current size: 3910
[pool-288-thread-7] pick event Id=111, eMBMSSessionId=85 current size: 3909
[pool-288-thread-10] pick event Id=112, eMBMSSessionId=98 current size: 3908
[pool-288-thread-19] pick event Id=113, eMBMSSessionId=74 current size: 3907
[pool-288-thread-16] pick event Id=114, eMBMSSessionId=29 current size: 3906
[pool-288-thread-8] pick event Id=115, eMBMSSessionId=45 current size: 3905
[pool-288-thread-5] pick event Id=116, eMBMSSessionId=13 current size: 3904
pool-288-thread-13 reduces to 3903
[pool-288-thread-11] pick event Id=117, eMBMSSessionId=11 current size: 3902
[pool-288-thread-1] pick event Id=118, eMBMSSessionId=21 current size: 3901
[pool-288-thread-2] pick event Id=119, eMBMSSessionId=5 current size: 3900
[pool-288-thread-6] pick event Id=120, eMBMSSessionId=15 current size: 3899
[pool-288-thread-12] pick event Id=121, eMBMSSessionId=53 current size: 3898
[pool-288-thread-3] pick event Id=122, eMBMSSessionId=83 current size: 3897
[pool-288-thread-17] pick event Id=123, eMBMSSessionId=55 current size: 3896
[pool-288-thread-18] pick event Id=124, eMBMSSessionId=50 current size: 3895
[pool-288-thread-4] adds event Id=125, eMBMSSessionId=5 current size: 3895
[pool-288-thread-9] pick event Id=126, eMBMSSessionId=89 current size: 3894
[pool-288-thread-5] pick event Id=127, eMBMSSessionId=43 current size: 3893
[pool-288-thread-19] pick event Id=128, eMBMSSessionId=35 current size: 3892
[pool-288-thread-20] pick event Id=129, eMBMSSessionId=34 current size: 3891
[pool-288-thread-14] pick event Id=130, eMBMSSessionId=79 current size: 3890
[pool-288-thread-15] pick event Id=131, eMBMSSessionId=26 current size: 3889
[pool-288-thread-11] pick event Id=132, eMBMSSessionId=39 current size: 3888
pool-288-thread-2 reduces to 3887
[pool-288-thread-7] pick event Id=133, eMBMSSessionId=33 current size: 3886
[pool-288-thread-10] pick event Id=134, eMBMSSessionId=12 current size: 3885
[pool-288-thread-4] pick event Id=135, eMBMSSessionId=69 current size: 3884
[pool-288-thread-16] pick event Id=136, eMBMSSessionId=61 current size: 3883
[pool-288-thread-8] pick event Id=137, eMBMSSessionId=78 current size: 3882
[pool-288-thread-13] pick event Id=138, eMBMSSessionId=92 current size: 3881
[pool-288-thread-1] pick event Id=139, eMBMSSessionId=81 current size: 3880
[pool-288-thread-6] pick event Id=140, eMBMSSessionId=23 current size: 3879
[pool-288-thread-3] pick event Id=141, eMBMSSessionId=14 current size: 3878
[pool-288-thread-12] pick event Id=142, eMBMSSessionId=63 current size: 3877
[pool-288-thread-17] pick event Id=143, eMBMSSessionId=0 current size: 3876
[pool-288-thread-9] pick event Id=144, eMBMSSessionId=28 current size: 3875
[pool-288-thread-4] pick event Id=145, eMBMSSessionId=19 current size: 3874
[pool-288-thread-18] pick event Id=146, eMBMSSessionId=15 current size: 3873
[pool-288-thread-19] pick event Id=147, eMBMSSessionId=83 current size: 3872
[pool-288-thread-5] adds event Id=148, eMBMSSessionId=28 current size: 3872
[pool-288-thread-20] pick event Id=149, eMBMSSessionId=93 current size: 3871
[pool-288-thread-14] pick event Id=150, eMBMSSessionId=94 current size: 3870
[pool-288-thread-13] pick event Id=151, eMBMSSessionId=85 current size: 3869
[pool-288-thread-11] pick event Id=152, eMBMSSessionId=34 current size: 3868
[pool-288-thread-15] pick event Id=153, eMBMSSessionId=65 current size: 3867
[pool-288-thread-2] pick event Id=154, eMBMSSessionId=23 current size: 3866
[pool-288-thread-7] pick event Id=155, eMBMSSessionId=75 current size: 3865
[pool-288-thread-10] pick event Id=156, eMBMSSessionId=88 current size: 3864
pool-288-thread-9 reduces to 3863
[pool-288-thread-16] pick event Id=157, eMBMSSessionId=51 current size: 3862
[pool-288-thread-5] pick event Id=158, eMBMSSessionId=71 current size: 3861
[pool-288-thread-5] pick event Id=159, eMBMSSessionId=25 current size: 3860
[pool-288-thread-18] pick event Id=160, eMBMSSessionId=69 current size: 3859
[pool-288-thread-8] adds event Id=161, eMBMSSessionId=69 current size: 3859
[pool-288-thread-1] pick event Id=162, eMBMSSessionId=61 current size: 3858
[pool-288-thread-6] pick event Id=163, eMBMSSessionId=4 current size: 3857
[pool-288-thread-3] pick event Id=164, eMBMSSessionId=27 current size: 3856
[pool-288-thread-12] pick event Id=165, eMBMSSessionId=94 current size: 3855
[pool-288-thread-17] pick event Id=166, eMBMSSessionId=39 current size: 3854
[pool-288-thread-9] pick event Id=167, eMBMSSessionId=22 current size: 3853
[pool-288-thread-19] pick event Id=168, eMBMSSessionId=52 current size: 3852
[pool-288-thread-4] pick event Id=169, eMBMSSessionId=85 current size: 3851
[pool-288-thread-8] adds event Id=170, eMBMSSessionId=61 current size: 3851
[pool-288-thread-5] pick event Id=171, eMBMSSessionId=56 current size: 3850
[pool-288-thread-20] pick event Id=172, eMBMSSessionId=42 current size: 3849
pool-288-thread-18 reduces to 3848
[pool-288-thread-14] pick event Id=173, eMBMSSessionId=59 current size: 3847
pool-288-thread-1 reduces to 3846
[pool-288-thread-13] pick event Id=174, eMBMSSessionId=51 current size: 3845
[pool-288-thread-7] pick event Id=175, eMBMSSessionId=58 current size: 3844
[pool-288-thread-10] pick event Id=176, eMBMSSessionId=40 current size: 3843
[pool-288-thread-11] pick event Id=177, eMBMSSessionId=64 current size: 3842
[pool-288-thread-15] pick event Id=178, eMBMSSessionId=34 current size: 3841
[pool-288-thread-2] pick event Id=179, eMBMSSessionId=30 current size: 3840
[pool-288-thread-16] pick event Id=180, eMBMSSessionId=9 current size: 3839
[pool-288-thread-8] pick event Id=181, eMBMSSessionId=55 current size: 3838
[pool-288-thread-6] pick event Id=182, eMBMSSessionId=4 current size: 3837
[pool-288-thread-3] pick event Id=183, eMBMSSessionId=3 current size: 3836
[pool-288-thread-12] pick event Id=184, eMBMSSessionId=96 current size: 3835
[pool-288-thread-17] pick event Id=185, eMBMSSessionId=40 current size: 3834
[pool-288-thread-9] pick event Id=186, eMBMSSessionId=17 current size: 3833
[pool-288-thread-19] adds event Id=187, eMBMSSessionId=17 current size: 3833
[pool-288-thread-2] pick event Id=188, eMBMSSessionId=29 current size: 3832
[pool-288-thread-4] pick event Id=189, eMBMSSessionId=64 current size: 3831
[pool-288-thread-5] pick event Id=190, eMBMSSessionId=67 current size: 3830
[pool-288-thread-20] pick event Id=191, eMBMSSessionId=16 current size: 3829
[pool-288-thread-14] pick event Id=192, eMBMSSessionId=7 current size: 3828
[pool-288-thread-18] pick event Id=193, eMBMSSessionId=73 current size: 3827
[pool-288-thread-1] pick event Id=194, eMBMSSessionId=38 current size: 3826
[pool-288-thread-13] pick event Id=195, eMBMSSessionId=93 current size: 3825
[pool-288-thread-7] adds event Id=196, eMBMSSessionId=67 current size: 3825
[pool-288-thread-10] pick event Id=197, eMBMSSessionId=79 current size: 3824
[pool-288-thread-11] adds event Id=198, eMBMSSessionId=17 current size: 3824
[pool-288-thread-15] pick event Id=199, eMBMSSessionId=68 current size: 3823
[pool-288-thread-19] pick event Id=200, eMBMSSessionId=45 current size: 3822
pool-288-thread-9 reduces to 3821
[pool-288-thread-16] pick event Id=201, eMBMSSessionId=42 current size: 3820
pool-288-thread-5 reduces to 3819
[pool-288-thread-8] pick event Id=202, eMBMSSessionId=9 current size: 3818
[pool-288-thread-6] pick event Id=203, eMBMSSessionId=43 current size: 3817
[pool-288-thread-14] pick event Id=204, eMBMSSessionId=70 current size: 3816
[pool-288-thread-3] adds event Id=205, eMBMSSessionId=9 current size: 3816
[pool-288-thread-7] pick event Id=206, eMBMSSessionId=39 current size: 3815
[pool-288-thread-13] pick event Id=207, eMBMSSessionId=27 current size: 3814
[pool-288-thread-11] pick event Id=208, eMBMSSessionId=81 current size: 3813
[pool-288-thread-12] pick event Id=209, eMBMSSessionId=52 current size: 3812
[pool-288-thread-17] pick event Id=210, eMBMSSessionId=90 current size: 3811
[pool-288-thread-2] pick event Id=211, eMBMSSessionId=78 current size: 3810
pool-288-thread-9 reduces to 3809
[pool-288-thread-4] pick event Id=212, eMBMSSessionId=68 current size: 3808
pool-288-thread-8 reduces to 3807
[pool-288-thread-20] pick event Id=213, eMBMSSessionId=55 current size: 3806
[pool-288-thread-1] pick event Id=214, eMBMSSessionId=75 current size: 3805
[pool-288-thread-18] pick event Id=215, eMBMSSessionId=30 current size: 3804
[pool-288-thread-3] pick event Id=216, eMBMSSessionId=4 current size: 3803
[pool-288-thread-10] pick event Id=217, eMBMSSessionId=48 current size: 3802
[pool-288-thread-15] pick event Id=218, eMBMSSessionId=37 current size: 3801
[pool-288-thread-19] pick event Id=219, eMBMSSessionId=2 current size: 3800
[pool-288-thread-17] adds event Id=220, eMBMSSessionId=30 current size: 3800
[pool-288-thread-16] pick event Id=221, eMBMSSessionId=92 current size: 3799
[pool-288-thread-5] pick event Id=222, eMBMSSessionId=81 current size: 3798
[pool-288-thread-14] pick event Id=223, eMBMSSessionId=75 current size: 3797
[pool-288-thread-6] pick event Id=224, eMBMSSessionId=8 current size: 3796
[pool-288-thread-1] adds event Id=225, eMBMSSessionId=81 current size: 3796
pool-288-thread-18 reduces to 3795
[pool-288-thread-1] pick event Id=226, eMBMSSessionId=34 current size: 3794
[pool-288-thread-7] pick event Id=227, eMBMSSessionId=45 current size: 3793
[pool-288-thread-13] pick event Id=228, eMBMSSessionId=66 current size: 3792
[pool-288-thread-11] pick event Id=229, eMBMSSessionId=7 current size: 3791
[pool-288-thread-12] pick event Id=230, eMBMSSessionId=82 current size: 3790
[pool-288-thread-17] pick event Id=231, eMBMSSessionId=4 current size: 3789
[pool-288-thread-19] adds event Id=232, eMBMSSessionId=66 current size: 3789
[pool-288-thread-2] adds event Id=233, eMBMSSessionId=81 current size: 3789
[pool-288-thread-4] pick event Id=234, eMBMSSessionId=93 current size: 3788
[pool-288-thread-9] pick event Id=235, eMBMSSessionId=78 current size: 3787
[pool-288-thread-8] pick event Id=236, eMBMSSessionId=20 current size: 3786
pool-288-thread-5 reduces to 3785
[pool-288-thread-20] pick event Id=237, eMBMSSessionId=67 current size: 3784
[pool-288-thread-3] pick event Id=238, eMBMSSessionId=20 current size: 3783
pool-288-thread-13 reduces to 3782
[pool-288-thread-10] pick event Id=239, eMBMSSessionId=6 current size: 3781
[pool-288-thread-7] pick event Id=240, eMBMSSessionId=56 current size: 3780
[pool-288-thread-15] pick event Id=241, eMBMSSessionId=99 current size: 3779
[pool-288-thread-19] pick event Id=242, eMBMSSessionId=71 current size: 3778
[pool-288-thread-2] pick event Id=243, eMBMSSessionId=8 current size: 3777
[pool-288-thread-16] pick event Id=244, eMBMSSessionId=18 current size: 3776
pool-288-thread-5 reduces to 3775
[pool-288-thread-6] pick event Id=245, eMBMSSessionId=1 current size: 3774
[pool-288-thread-14] adds event Id=246, eMBMSSessionId=56 current size: 3774
[pool-288-thread-8] pick event Id=247, eMBMSSessionId=92 current size: 3773
[pool-288-thread-18] pick event Id=248, eMBMSSessionId=78 current size: 3772
[pool-288-thread-3] pick event Id=249, eMBMSSessionId=95 current size: 3771
[pool-288-thread-1] pick event Id=250, eMBMSSessionId=30 current size: 3770
pool-288-thread-7 reduces to 3769
[pool-288-thread-11] pick event Id=251, eMBMSSessionId=65 current size: 3768
[pool-288-thread-12] pick event Id=252, eMBMSSessionId=33 current size: 3767
[pool-288-thread-15] pick event Id=253, eMBMSSessionId=82 current size: 3766
[pool-288-thread-17] pick event Id=254, eMBMSSessionId=9 current size: 3765
[pool-288-thread-19] pick event Id=255, eMBMSSessionId=11 current size: 3764
[pool-288-thread-4] pick event Id=256, eMBMSSessionId=49 current size: 3763
[pool-288-thread-9] adds event Id=257, eMBMSSessionId=95 current size: 3763
[pool-288-thread-14] pick event Id=258, eMBMSSessionId=72 current size: 3762
[pool-288-thread-20] adds event Id=259, eMBMSSessionId=92 current size: 3762
[pool-288-thread-20] pick event Id=260, eMBMSSessionId=38 current size: 3761
pool-288-thread-8 reduces to 3760
pool-288-thread-3 reduces to 3759
[pool-288-thread-1] pick event Id=261, eMBMSSessionId=67 current size: 3758
[pool-288-thread-10] pick event Id=262, eMBMSSessionId=3 current size: 3757
[pool-288-thread-11] pick event Id=263, eMBMSSessionId=89 current size: 3756
[pool-288-thread-13] pick event Id=264, eMBMSSessionId=79 current size: 3755
[pool-288-thread-2] pick event Id=265, eMBMSSessionId=54 current size: 3754
[pool-288-thread-17] pick event Id=266, eMBMSSessionId=77 current size: 3753
[pool-288-thread-16] adds event Id=267, eMBMSSessionId=77 current size: 3753
[pool-288-thread-16] pick event Id=268, eMBMSSessionId=14 current size: 3752
[pool-288-thread-16] pick event Id=269, eMBMSSessionId=2 current size: 3751
[pool-288-thread-16] pick event Id=270, eMBMSSessionId=69 current size: 3750
[pool-288-thread-16] pick event Id=271, eMBMSSessionId=48 current size: 3749
[pool-288-thread-5] adds event Id=272, eMBMSSessionId=72 current size: 3749
[pool-288-thread-5] pick event Id=273, eMBMSSessionId=28 current size: 3748
[pool-288-thread-9] pick event Id=274, eMBMSSessionId=64 current size: 3747
[pool-288-thread-9] pick event Id=275, eMBMSSessionId=22 current size: 3746
[pool-288-thread-9] pick event Id=276, eMBMSSessionId=65 current size: 3745
[pool-288-thread-6] pick event Id=277, eMBMSSessionId=83 current size: 3744
pool-288-thread-14 reduces to 3743
[pool-288-thread-18] pick event Id=278, eMBMSSessionId=29 current size: 3742
[pool-288-thread-7] pick event Id=279, eMBMSSessionId=86 current size: 3741
[pool-288-thread-1] pick event Id=280, eMBMSSessionId=96 current size: 3740
[pool-288-thread-3] pick event Id=281, eMBMSSessionId=71 current size: 3739
[pool-288-thread-12] pick event Id=282, eMBMSSessionId=5 current size: 3738
[pool-288-thread-12] pick event Id=283, eMBMSSessionId=25 current size: 3737
[pool-288-thread-12] pick event Id=284, eMBMSSessionId=32 current size: 3736
[pool-288-thread-12] adds event Id=285, eMBMSSessionId=86 current size: 3736
[pool-288-thread-12] pick event Id=286, eMBMSSessionId=40 current size: 3735
[pool-288-thread-12] adds event Id=287, eMBMSSessionId=48 current size: 3735
[pool-288-thread-12] pick event Id=288, eMBMSSessionId=13 current size: 3734
pool-288-thread-17 reduces to 3733
pool-288-thread-16 reduces to 3732
[pool-288-thread-15] adds event Id=289, eMBMSSessionId=65 current size: 3732
pool-288-thread-9 reduces to 3731
[pool-288-thread-2] pick event Id=290, eMBMSSessionId=58 current size: 3730
[pool-288-thread-2] pick event Id=291, eMBMSSessionId=99 current size: 3729
[pool-288-thread-2] pick event Id=292, eMBMSSessionId=34 current size: 3728
[pool-288-thread-19] pick event Id=293, eMBMSSessionId=18 current size: 3727
[pool-288-thread-4] pick event Id=294, eMBMSSessionId=7 current size: 3726
[pool-288-thread-4] pick event Id=295, eMBMSSessionId=60 current size: 3725
[pool-288-thread-4] pick event Id=296, eMBMSSessionId=97 current size: 3724
[pool-288-thread-4] pick event Id=297, eMBMSSessionId=61 current size: 3723
[pool-288-thread-4] adds event Id=298, eMBMSSessionId=96 current size: 3723
[pool-288-thread-4] pick event Id=299, eMBMSSessionId=76 current size: 3722
[pool-288-thread-4] pick event Id=300, eMBMSSessionId=62 current size: 3721
[pool-288-thread-4] pick event Id=301, eMBMSSessionId=57 current size: 3720
[pool-288-thread-8] pick event Id=302, eMBMSSessionId=54 current size: 3719
[pool-288-thread-4] adds event Id=303, eMBMSSessionId=13 current size: 3719
[pool-288-thread-5] pick event Id=304, eMBMSSessionId=21 current size: 3718
[pool-288-thread-20] pick event Id=305, eMBMSSessionId=93 current size: 3717
pool-288-thread-7 reduces to 3716
pool-288-thread-1 reduces to 3715
[pool-288-thread-10] pick event Id=306, eMBMSSessionId=58 current size: 3714
[pool-288-thread-11] pick event Id=307, eMBMSSessionId=94 current size: 3713
pool-288-thread-12 reduces to 3712
[pool-288-thread-13] pick event Id=308, eMBMSSessionId=26 current size: 3711
[pool-288-thread-15] pick event Id=309, eMBMSSessionId=8 current size: 3710
[pool-288-thread-17] pick event Id=310, eMBMSSessionId=24 current size: 3709
[pool-288-thread-4] pick event Id=311, eMBMSSessionId=63 current size: 3708
[pool-288-thread-6] adds event Id=312, eMBMSSessionId=63 current size: 3708
[pool-288-thread-6] pick event Id=313, eMBMSSessionId=70 current size: 3707
[pool-288-thread-6] pick event Id=314, eMBMSSessionId=82 current size: 3706
[pool-288-thread-6] pick event Id=315, eMBMSSessionId=12 current size: 3705
[pool-288-thread-14] pick event Id=316, eMBMSSessionId=97 current size: 3704
[pool-288-thread-3] pick event Id=317, eMBMSSessionId=73 current size: 3703
[pool-288-thread-18] pick event Id=318, eMBMSSessionId=13 current size: 3702
[pool-288-thread-10] pick event Id=319, eMBMSSessionId=93 current size: 3701
[pool-288-thread-12] pick event Id=320, eMBMSSessionId=25 current size: 3700
[pool-288-thread-16] pick event Id=321, eMBMSSessionId=17 current size: 3699
[pool-288-thread-9] pick event Id=322, eMBMSSessionId=14 current size: 3698
[pool-288-thread-19] pick event Id=323, eMBMSSessionId=29 current size: 3697
[pool-288-thread-5] pick event Id=324, eMBMSSessionId=90 current size: 3696
[pool-288-thread-2] pick event Id=325, eMBMSSessionId=88 current size: 3695
[pool-288-thread-6] pick event Id=326, eMBMSSessionId=94 current size: 3694
[pool-288-thread-8] pick event Id=327, eMBMSSessionId=41 current size: 3693
pool-288-thread-4 reduces to 3692
[pool-288-thread-7] pick event Id=328, eMBMSSessionId=47 current size: 3691
[pool-288-thread-20] pick event Id=329, eMBMSSessionId=6 current size: 3690
[pool-288-thread-11] pick event Id=330, eMBMSSessionId=12 current size: 3689
[pool-288-thread-1] pick event Id=331, eMBMSSessionId=52 current size: 3688
[pool-288-thread-13] pick event Id=332, eMBMSSessionId=18 current size: 3687
[pool-288-thread-15] pick event Id=333, eMBMSSessionId=76 current size: 3686
[pool-288-thread-17] pick event Id=334, eMBMSSessionId=56 current size: 3685
[pool-288-thread-3] pick event Id=335, eMBMSSessionId=44 current size: 3684
[pool-288-thread-18] pick event Id=336, eMBMSSessionId=89 current size: 3683
[pool-288-thread-14] pick event Id=337, eMBMSSessionId=4 current size: 3682
[pool-288-thread-10] pick event Id=338, eMBMSSessionId=85 current size: 3681
[pool-288-thread-12] pick event Id=339, eMBMSSessionId=30 current size: 3680
[pool-288-thread-13] pick event Id=340, eMBMSSessionId=42 current size: 3679
[pool-288-thread-16] pick event Id=341, eMBMSSessionId=77 current size: 3678
[pool-288-thread-2] adds event Id=342, eMBMSSessionId=77 current size: 3678
[pool-288-thread-2] adds event Id=343, eMBMSSessionId=56 current size: 3678
[pool-288-thread-2] pick event Id=344, eMBMSSessionId=65 current size: 3677
[pool-288-thread-9] pick event Id=345, eMBMSSessionId=21 current size: 3676
[pool-288-thread-9] pick event Id=346, eMBMSSessionId=57 current size: 3675
pool-288-thread-17 reduces to 3674
[pool-288-thread-19] pick event Id=347, eMBMSSessionId=26 current size: 3673
[pool-288-thread-5] pick event Id=348, eMBMSSessionId=34 current size: 3672
[pool-288-thread-6] adds event Id=349, eMBMSSessionId=42 current size: 3672
[pool-288-thread-8] pick event Id=350, eMBMSSessionId=24 current size: 3671
[pool-288-thread-4] pick event Id=351, eMBMSSessionId=68 current size: 3670
[pool-288-thread-20] pick event Id=352, eMBMSSessionId=92 current size: 3669
[pool-288-thread-7] pick event Id=353, eMBMSSessionId=33 current size: 3668
[pool-288-thread-11] adds event Id=354, eMBMSSessionId=77 current size: 3668
[pool-288-thread-11] pick event Id=355, eMBMSSessionId=1 current size: 3667
[pool-288-thread-1] adds event Id=356, eMBMSSessionId=34 current size: 3667
pool-288-thread-16 reduces to 3666
[pool-288-thread-15] pick event Id=357, eMBMSSessionId=70 current size: 3665
pool-288-thread-13 reduces to 3664
[pool-288-thread-6] pick event Id=358, eMBMSSessionId=80 current size: 3663
[pool-288-thread-19] pick event Id=359, eMBMSSessionId=43 current size: 3662
pool-288-thread-5 reduces to 3661
[pool-288-thread-3] pick event Id=360, eMBMSSessionId=98 current size: 3660
[pool-288-thread-18] pick event Id=361, eMBMSSessionId=84 current size: 3659
[pool-288-thread-14] pick event Id=362, eMBMSSessionId=51 current size: 3658
[pool-288-thread-10] pick event Id=363, eMBMSSessionId=76 current size: 3657
[pool-288-thread-1] adds event Id=364, eMBMSSessionId=76 current size: 3657
[pool-288-thread-2] pick event Id=365, eMBMSSessionId=68 current size: 3656
[pool-288-thread-9] pick event Id=366, eMBMSSessionId=10 current size: 3655
[pool-288-thread-12] pick event Id=367, eMBMSSessionId=90 current size: 3654
pool-288-thread-16 reduces to 3653
[pool-288-thread-17] pick event Id=368, eMBMSSessionId=9 current size: 3652
[pool-288-thread-6] adds event Id=369, eMBMSSessionId=90 current size: 3652
[pool-288-thread-4] pick event Id=370, eMBMSSessionId=5 current size: 3651
[pool-288-thread-20] pick event Id=371, eMBMSSessionId=8 current size: 3650
[pool-288-thread-7] pick event Id=372, eMBMSSessionId=27 current size: 3649
[pool-288-thread-8] pick event Id=373, eMBMSSessionId=28 current size: 3648
[pool-288-thread-11] pick event Id=374, eMBMSSessionId=22 current size: 3647
[pool-288-thread-1] pick event Id=375, eMBMSSessionId=29 current size: 3646
pool-288-thread-10 reduces to 3645
pool-288-thread-12 reduces to 3644
[pool-288-thread-15] pick event Id=376, eMBMSSessionId=50 current size: 3643
[pool-288-thread-13] pick event Id=377, eMBMSSessionId=12 current size: 3642
[pool-288-thread-3] pick event Id=378, eMBMSSessionId=33 current size: 3641
[pool-288-thread-5] pick event Id=379, eMBMSSessionId=1 current size: 3640
[pool-288-thread-6] pick event Id=380, eMBMSSessionId=57 current size: 3639
[pool-288-thread-19] pick event Id=381, eMBMSSessionId=17 current size: 3638
[pool-288-thread-18] pick event Id=382, eMBMSSessionId=58 current size: 3637
[pool-288-thread-14] pick event Id=383, eMBMSSessionId=6 current size: 3636
[pool-288-thread-2] pick event Id=384, eMBMSSessionId=39 current size: 3635
[pool-288-thread-9] pick event Id=385, eMBMSSessionId=26 current size: 3634
[pool-288-thread-16] adds event Id=386, eMBMSSessionId=50 current size: 3634
pool-288-thread-15 reduces to 3633
[pool-288-thread-17] pick event Id=387, eMBMSSessionId=9 current size: 3632
[pool-288-thread-4] pick event Id=388, eMBMSSessionId=22 current size: 3631
[pool-288-thread-20] pick event Id=389, eMBMSSessionId=47 current size: 3630
[pool-288-thread-11] pick event Id=390, eMBMSSessionId=78 current size: 3629
[pool-288-thread-7] pick event Id=391, eMBMSSessionId=63 current size: 3628
[pool-288-thread-8] pick event Id=392, eMBMSSessionId=46 current size: 3627
[pool-288-thread-10] pick event Id=393, eMBMSSessionId=57 current size: 3626
[pool-288-thread-1] pick event Id=394, eMBMSSessionId=38 current size: 3625
[pool-288-thread-12] pick event Id=395, eMBMSSessionId=0 current size: 3624
[pool-288-thread-16] adds event Id=396, eMBMSSessionId=38 current size: 3624
[pool-288-thread-13] pick event Id=397, eMBMSSessionId=80 current size: 3623
[pool-288-thread-3] pick event Id=398, eMBMSSessionId=72 current size: 3622
[pool-288-thread-5] pick event Id=399, eMBMSSessionId=55 current size: 3621
[pool-288-thread-6] adds event Id=400, eMBMSSessionId=55 current size: 3621
[pool-288-thread-17] pick event Id=401, eMBMSSessionId=31 current size: 3620
[pool-288-thread-19] pick event Id=402, eMBMSSessionId=53 current size: 3619
[pool-288-thread-18] pick event Id=403, eMBMSSessionId=11 current size: 3618
[pool-288-thread-14] adds event Id=404, eMBMSSessionId=11 current size: 3618
[pool-288-thread-14] pick event Id=405, eMBMSSessionId=93 current size: 3617
pool-288-thread-1 reduces to 3616
[pool-288-thread-2] pick event Id=406, eMBMSSessionId=45 current size: 3615
[pool-288-thread-16] pick event Id=407, eMBMSSessionId=49 current size: 3614
[pool-288-thread-9] pick event Id=408, eMBMSSessionId=77 current size: 3613
[pool-288-thread-12] pick event Id=409, eMBMSSessionId=51 current size: 3612
[pool-288-thread-15] pick event Id=410, eMBMSSessionId=36 current size: 3611
[pool-288-thread-6] pick event Id=411, eMBMSSessionId=14 current size: 3610
pool-288-thread-5 reduces to 3609
[pool-288-thread-4] pick event Id=412, eMBMSSessionId=80 current size: 3608
pool-288-thread-18 reduces to 3607
[pool-288-thread-11] pick event Id=413, eMBMSSessionId=31 current size: 3606
[pool-288-thread-20] pick event Id=414, eMBMSSessionId=85 current size: 3605
[pool-288-thread-7] pick event Id=415, eMBMSSessionId=50 current size: 3604
[pool-288-thread-8] adds event Id=416, eMBMSSessionId=38 current size: 3604
[pool-288-thread-10] pick event Id=417, eMBMSSessionId=24 current size: 3603
pool-288-thread-1 reduces to 3602
[pool-288-thread-13] pick event Id=418, eMBMSSessionId=62 current size: 3601
[pool-288-thread-3] adds event Id=419, eMBMSSessionId=85 current size: 3601
[pool-288-thread-17] pick event Id=420, eMBMSSessionId=42 current size: 3600
[pool-288-thread-19] pick event Id=421, eMBMSSessionId=76 current size: 3599
[pool-288-thread-8] pick event Id=422, eMBMSSessionId=3 current size: 3598
pool-288-thread-20 reduces to 3597
[pool-288-thread-14] pick event Id=423, eMBMSSessionId=61 current size: 3596
[pool-288-thread-2] adds event Id=424, eMBMSSessionId=38 current size: 3596
pool-288-thread-1 reduces to 3595
[pool-288-thread-9] pick event Id=425, eMBMSSessionId=3 current size: 3594
[pool-288-thread-16] pick event Id=426, eMBMSSessionId=8 current size: 3593
[pool-288-thread-12] pick event Id=427, eMBMSSessionId=36 current size: 3592
[pool-288-thread-3] pick event Id=428, eMBMSSessionId=26 current size: 3591
[pool-288-thread-15] pick event Id=429, eMBMSSessionId=45 current size: 3590
[pool-288-thread-6] pick event Id=430, eMBMSSessionId=30 current size: 3589
[pool-288-thread-5] adds event Id=431, eMBMSSessionId=26 current size: 3589
[pool-288-thread-4] pick event Id=432, eMBMSSessionId=7 current size: 3588
[pool-288-thread-18] pick event Id=433, eMBMSSessionId=55 current size: 3587
[pool-288-thread-11] pick event Id=434, eMBMSSessionId=46 current size: 3586
[pool-288-thread-19] pick event Id=435, eMBMSSessionId=92 current size: 3585
[pool-288-thread-7] pick event Id=436, eMBMSSessionId=60 current size: 3584
[pool-288-thread-10] pick event Id=437, eMBMSSessionId=15 current size: 3583
[pool-288-thread-8] pick event Id=438, eMBMSSessionId=41 current size: 3582
[pool-288-thread-2] pick event Id=439, eMBMSSessionId=69 current size: 3581
pool-288-thread-3 reduces to 3580
[pool-288-thread-13] pick event Id=440, eMBMSSessionId=83 current size: 3579
[pool-288-thread-5] adds event Id=441, eMBMSSessionId=26 current size: 3579
[pool-288-thread-15] pick event Id=442, eMBMSSessionId=64 current size: 3578
[pool-288-thread-17] pick event Id=443, eMBMSSessionId=94 current size: 3577
[pool-288-thread-20] pick event Id=444, eMBMSSessionId=85 current size: 3576
[pool-288-thread-14] pick event Id=445, eMBMSSessionId=31 current size: 3575
[pool-288-thread-1] pick event Id=446, eMBMSSessionId=99 current size: 3574
[pool-288-thread-9] pick event Id=447, eMBMSSessionId=30 current size: 3573
[pool-288-thread-16] pick event Id=448, eMBMSSessionId=48 current size: 3572
[pool-288-thread-12] pick event Id=449, eMBMSSessionId=3 current size: 3571
pool-288-thread-3 reduces to 3570
[pool-288-thread-5] pick event Id=450, eMBMSSessionId=78 current size: 3569
[pool-288-thread-6] pick event Id=451, eMBMSSessionId=75 current size: 3568
[pool-288-thread-4] pick event Id=452, eMBMSSessionId=14 current size: 3567
[pool-288-thread-18] pick event Id=453, eMBMSSessionId=44 current size: 3566
[pool-288-thread-19] adds event Id=454, eMBMSSessionId=31 current size: 3566
[pool-288-thread-11] pick event Id=455, eMBMSSessionId=56 current size: 3565
[pool-288-thread-20] pick event Id=456, eMBMSSessionId=22 current size: 3564
[pool-288-thread-10] pick event Id=457, eMBMSSessionId=8 current size: 3563
[pool-288-thread-7] pick event Id=458, eMBMSSessionId=11 current size: 3562
pool-288-thread-14 reduces to 3561
[pool-288-thread-8] pick event Id=459, eMBMSSessionId=0 current size: 3560
[pool-288-thread-2] pick event Id=460, eMBMSSessionId=19 current size: 3559
[pool-288-thread-1] adds event Id=461, eMBMSSessionId=14 current size: 3559
[pool-288-thread-13] pick event Id=462, eMBMSSessionId=53 current size: 3558
[pool-288-thread-15] pick event Id=463, eMBMSSessionId=32 current size: 3557
[pool-288-thread-17] pick event Id=464, eMBMSSessionId=21 current size: 3556
pool-288-thread-4 reduces to 3555
[pool-288-thread-19] pick event Id=465, eMBMSSessionId=2 current size: 3554
[pool-288-thread-9] pick event Id=466, eMBMSSessionId=76 current size: 3553
[pool-288-thread-1] pick event Id=467, eMBMSSessionId=49 current size: 3552
[pool-288-thread-16] pick event Id=468, eMBMSSessionId=56 current size: 3551
[pool-288-thread-5] pick event Id=469, eMBMSSessionId=86 current size: 3550
[pool-288-thread-3] adds event Id=470, eMBMSSessionId=86 current size: 3550
[pool-288-thread-12] adds event Id=471, eMBMSSessionId=49 current size: 3550
[pool-288-thread-6] pick event Id=472, eMBMSSessionId=59 current size: 3549
[pool-288-thread-15] pick event Id=473, eMBMSSessionId=17 current size: 3548
[pool-288-thread-18] pick event Id=474, eMBMSSessionId=26 current size: 3547
[pool-288-thread-20] pick event Id=475, eMBMSSessionId=64 current size: 3546
[pool-288-thread-11] pick event Id=476, eMBMSSessionId=50 current size: 3545
[pool-288-thread-10] pick event Id=477, eMBMSSessionId=42 current size: 3544
[pool-288-thread-7] pick event Id=478, eMBMSSessionId=84 current size: 3543
[pool-288-thread-14] pick event Id=479, eMBMSSessionId=38 current size: 3542
[pool-288-thread-8] pick event Id=480, eMBMSSessionId=41 current size: 3541
[pool-288-thread-2] pick event Id=481, eMBMSSessionId=19 current size: 3540
pool-288-thread-1 reduces to 3539
[pool-288-thread-3] pick event Id=482, eMBMSSessionId=72 current size: 3538
[pool-288-thread-16] pick event Id=483, eMBMSSessionId=8 current size: 3537
pool-288-thread-5 reduces to 3536
[pool-288-thread-13] pick event Id=484, eMBMSSessionId=98 current size: 3535
[pool-288-thread-12] pick event Id=485, eMBMSSessionId=27 current size: 3534
[pool-288-thread-4] adds event Id=486, eMBMSSessionId=27 current size: 3534
[pool-288-thread-17] pick event Id=487, eMBMSSessionId=85 current size: 3533
[pool-288-thread-19] pick event Id=488, eMBMSSessionId=83 current size: 3532
[pool-288-thread-9] pick event Id=489, eMBMSSessionId=70 current size: 3531
[pool-288-thread-6] pick event Id=490, eMBMSSessionId=9 current size: 3530
pool-288-thread-12 reduces to 3529
[pool-288-thread-15] pick event Id=491, eMBMSSessionId=20 current size: 3528
[pool-288-thread-18] pick event Id=492, eMBMSSessionId=28 current size: 3527
[pool-288-thread-4] pick event Id=493, eMBMSSessionId=95 current size: 3526
[pool-288-thread-11] pick event Id=494, eMBMSSessionId=84 current size: 3525
[pool-288-thread-20] pick event Id=495, eMBMSSessionId=8 current size: 3524
[pool-288-thread-7] pick event Id=496, eMBMSSessionId=15 current size: 3523
[pool-288-thread-10] pick event Id=497, eMBMSSessionId=92 current size: 3522
[pool-288-thread-8] pick event Id=498, eMBMSSessionId=55 current size: 3521
[pool-288-thread-1] adds event Id=499, eMBMSSessionId=15 current size: 3521
[pool-288-thread-14] pick event Id=500, eMBMSSessionId=93 current size: 3520
[pool-288-thread-2] pick event Id=501, eMBMSSessionId=26 current size: 3519
[pool-288-thread-3] pick event Id=502, eMBMSSessionId=53 current size: 3518
[pool-288-thread-16] pick event Id=503, eMBMSSessionId=96 current size: 3517
[pool-288-thread-13] pick event Id=504, eMBMSSessionId=10 current size: 3516
[pool-288-thread-5] adds event Id=505, eMBMSSessionId=84 current size: 3516
[pool-288-thread-19] pick event Id=506, eMBMSSessionId=13 current size: 3515
pool-288-thread-11 reduces to 3514
[pool-288-thread-17] pick event Id=507, eMBMSSessionId=44 current size: 3513
[pool-288-thread-9] pick event Id=508, eMBMSSessionId=14 current size: 3512
pool-288-thread-7 reduces to 3511
[pool-288-thread-1] pick event Id=509, eMBMSSessionId=87 current size: 3510
[pool-288-thread-5] pick event Id=510, eMBMSSessionId=42 current size: 3509
[pool-288-thread-6] pick event Id=511, eMBMSSessionId=24 current size: 3508
[pool-288-thread-12] pick event Id=512, eMBMSSessionId=35 current size: 3507
[pool-288-thread-15] pick event Id=513, eMBMSSessionId=88 current size: 3506
[pool-288-thread-18] pick event Id=514, eMBMSSessionId=4 current size: 3505
[pool-288-thread-4] pick event Id=515, eMBMSSessionId=25 current size: 3504
[pool-288-thread-11] pick event Id=516, eMBMSSessionId=46 current size: 3503
[pool-288-thread-19] pick event Id=517, eMBMSSessionId=98 current size: 3502
[pool-288-thread-20] pick event Id=518, eMBMSSessionId=10 current size: 3501
testOverload end.
testFull begin.
[pool-289-thread-1] pick event Id=0, eMBMSSessionId=71 current size: 4998
[pool-289-thread-2] pick event Id=1, eMBMSSessionId=62 current size: 4997
[pool-289-thread-3] pick event Id=2, eMBMSSessionId=72 current size: 4996
[pool-289-thread-4] pick event Id=3, eMBMSSessionId=95 current size: 4995
[pool-289-thread-5] pick event Id=4, eMBMSSessionId=22 current size: 4994
[pool-289-thread-6] pick event Id=5, eMBMSSessionId=57 current size: 4993
[pool-289-thread-7] pick event Id=6, eMBMSSessionId=19 current size: 4992
[pool-289-thread-8] pick event Id=7, eMBMSSessionId=84 current size: 4991
[pool-289-thread-9] pick event Id=8, eMBMSSessionId=61 current size: 4990
[pool-289-thread-10] pick event Id=9, eMBMSSessionId=10 current size: 4989
[pool-289-thread-11] pick event Id=10, eMBMSSessionId=21 current size: 4988
[pool-289-thread-12] pick event Id=11, eMBMSSessionId=73 current size: 4987
[pool-289-thread-14] pick event Id=12, eMBMSSessionId=93 current size: 4986
[pool-289-thread-15] pick event Id=13, eMBMSSessionId=67 current size: 4985
[pool-289-thread-17] pick event Id=14, eMBMSSessionId=94 current size: 4984
[pool-289-thread-13] pick event Id=15, eMBMSSessionId=56 current size: 4983
[pool-289-thread-16] pick event Id=16, eMBMSSessionId=83 current size: 4982
[pool-289-thread-18] pick event Id=17, eMBMSSessionId=16 current size: 4981
[pool-289-thread-19] pick event Id=18, eMBMSSessionId=91 current size: 4980
[pool-289-thread-20] pick event Id=19, eMBMSSessionId=98 current size: 4979
event queue is full, will clear all data!
NbiEventCache is cleared with total events removed: 5029
testFull end.
32 times run start
testEventSequence begin.
testEventSequence end.
testSendRadomEmbmsSessionEvents begin.
testSendRadomEmbmsSessionEvents end.
testSendSameEmbmsSessionEvents begin.
testSendSameEmbmsSessionEvents end.
testSendNoSameEmbmsSessionEvents begin.
testSendNoSameEmbmsSessionEvents end.
testSendNoEmbmsSessionIdEvents begin.
testSendNoEmbmsSessionIdEvents end.
testOverload begin.
[pool-297-thread-1] pick event Id=0, eMBMSSessionId=72 current size: 4019
[pool-297-thread-2] pick event Id=1, eMBMSSessionId=93 current size: 4018
pool-297-thread-1 Discard NBI event &apos; Id=0, eMBMSSessionId=72&apos;, current queue size: 4018
[pool-297-thread-5] pick event Id=2, eMBMSSessionId=37 current size: 4017
pool-297-thread-5 Discard NBI event &apos; Id=2, eMBMSSessionId=37&apos;, current queue size: 4017
[pool-297-thread-4] pick event Id=3, eMBMSSessionId=66 current size: 4016
pool-297-thread-2 Discard NBI event &apos; Id=1, eMBMSSessionId=93&apos;, current queue size: 4016
[pool-297-thread-6] pick event Id=4, eMBMSSessionId=68 current size: 4015
pool-297-thread-6 Discard NBI event &apos; Id=4, eMBMSSessionId=68&apos;, current queue size: 4015
[pool-297-thread-3] pick event Id=5, eMBMSSessionId=4 current size: 4014
pool-297-thread-4 Discard NBI event &apos; Id=3, eMBMSSessionId=66&apos;, current queue size: 4014
[pool-297-thread-9] pick event Id=6, eMBMSSessionId=13 current size: 4013
pool-297-thread-3 Discard NBI event &apos; Id=5, eMBMSSessionId=4&apos;, current queue size: 4013
pool-297-thread-9 Discard NBI event &apos; Id=6, eMBMSSessionId=13&apos;, current queue size: 4013
[pool-297-thread-7] pick event Id=7, eMBMSSessionId=90 current size: 4012
pool-297-thread-7 Discard NBI event &apos; Id=7, eMBMSSessionId=90&apos;, current queue size: 4012
[pool-297-thread-8] pick event Id=8, eMBMSSessionId=69 current size: 4011
[pool-297-thread-10] pick event Id=9, eMBMSSessionId=25 current size: 4010
pool-297-thread-8 Discard NBI event &apos; Id=8, eMBMSSessionId=69&apos;, current queue size: 4010
[pool-297-thread-11] pick event Id=10, eMBMSSessionId=61 current size: 4009
pool-297-thread-10 Discard NBI event &apos; Id=9, eMBMSSessionId=25&apos;, current queue size: 4009
[pool-297-thread-12] pick event Id=11, eMBMSSessionId=32 current size: 4008
pool-297-thread-11 Discard NBI event &apos; Id=10, eMBMSSessionId=61&apos;, current queue size: 4008
[pool-297-thread-13] pick event Id=12, eMBMSSessionId=43 current size: 4007
pool-297-thread-13 Discard NBI event &apos; Id=12, eMBMSSessionId=43&apos;, current queue size: 4007
pool-297-thread-12 Discard NBI event &apos; Id=11, eMBMSSessionId=32&apos;, current queue size: 4007
[pool-297-thread-14] adds event Id=13, eMBMSSessionId=25 current size: 4007
pool-297-thread-10 reduces to 4006
[pool-297-thread-15] pick event Id=14, eMBMSSessionId=20 current size: 4005
pool-297-thread-10 Discard NBI event &apos; Id=13, eMBMSSessionId=25&apos;, current queue size: 4005
[pool-297-thread-16] pick event Id=15, eMBMSSessionId=38 current size: 4004
pool-297-thread-15 Discard NBI event &apos; Id=14, eMBMSSessionId=20&apos;, current queue size: 4004
pool-297-thread-16 Discard NBI event &apos; Id=15, eMBMSSessionId=38&apos;, current queue size: 4004
[pool-297-thread-6] pick event Id=16, eMBMSSessionId=77 current size: 4003
[pool-297-thread-17] pick event Id=17, eMBMSSessionId=74 current size: 4002
[pool-297-thread-5] pick event Id=18, eMBMSSessionId=87 current size: 4001
[pool-297-thread-20] pick event Id=19, eMBMSSessionId=32 current size: 4000
[pool-297-thread-19] pick event Id=20, eMBMSSessionId=45 current size: 3999
pool-297-thread-17 Discard NBI event &apos; Id=17, eMBMSSessionId=74&apos;, current queue size: 3999
pool-297-thread-5 Discard NBI event &apos; Id=18, eMBMSSessionId=87&apos;, current queue size: 4000
[pool-297-thread-2] pick event Id=21, eMBMSSessionId=23 current size: 3998
pool-297-thread-20 Discard NBI event &apos; Id=19, eMBMSSessionId=32&apos;, current queue size: 3998
[pool-297-thread-18] pick event Id=22, eMBMSSessionId=84 current size: 3997
pool-297-thread-6 Discard NBI event &apos; Id=16, eMBMSSessionId=77&apos;, current queue size: 3998
[pool-297-thread-1] pick event Id=23, eMBMSSessionId=24 current size: 3996
[pool-297-thread-3] pick event Id=24, eMBMSSessionId=39 current size: 3995
[pool-297-thread-9] pick event Id=25, eMBMSSessionId=94 current size: 3994
[pool-297-thread-4] pick event Id=26, eMBMSSessionId=57 current size: 3993
[pool-297-thread-8] pick event Id=27, eMBMSSessionId=96 current size: 3992
[pool-297-thread-7] adds event Id=28, eMBMSSessionId=45 current size: 3992
pool-297-thread-19 reduces to 3991
[pool-297-thread-14] pick event Id=29, eMBMSSessionId=6 current size: 3990
[pool-297-thread-15] pick event Id=30, eMBMSSessionId=99 current size: 3989
[pool-297-thread-11] pick event Id=31, eMBMSSessionId=14 current size: 3988
[pool-297-thread-7] pick event Id=32, eMBMSSessionId=28 current size: 3987
[pool-297-thread-12] pick event Id=33, eMBMSSessionId=76 current size: 3986
[pool-297-thread-13] pick event Id=34, eMBMSSessionId=43 current size: 3985
[pool-297-thread-10] pick event Id=35, eMBMSSessionId=58 current size: 3984
[pool-297-thread-16] pick event Id=36, eMBMSSessionId=69 current size: 3983
[pool-297-thread-5] pick event Id=37, eMBMSSessionId=86 current size: 3982
[pool-297-thread-17] pick event Id=38, eMBMSSessionId=21 current size: 3981
[pool-297-thread-8] pick event Id=39, eMBMSSessionId=59 current size: 3980
[pool-297-thread-20] pick event Id=40, eMBMSSessionId=67 current size: 3979
[pool-297-thread-2] pick event Id=41, eMBMSSessionId=82 current size: 3978
[pool-297-thread-15] pick event Id=42, eMBMSSessionId=62 current size: 3977
[pool-297-thread-18] pick event Id=43, eMBMSSessionId=52 current size: 3976
[pool-297-thread-6] pick event Id=44, eMBMSSessionId=68 current size: 3975
[pool-297-thread-1] pick event Id=45, eMBMSSessionId=33 current size: 3974
[pool-297-thread-3] pick event Id=46, eMBMSSessionId=60 current size: 3973
[pool-297-thread-9] adds event Id=47, eMBMSSessionId=82 current size: 3973
[pool-297-thread-4] pick event Id=48, eMBMSSessionId=55 current size: 3972
[pool-297-thread-14] pick event Id=49, eMBMSSessionId=49 current size: 3971
[pool-297-thread-19] pick event Id=50, eMBMSSessionId=89 current size: 3970
pool-297-thread-2 reduces to 3969
[pool-297-thread-11] pick event Id=51, eMBMSSessionId=64 current size: 3968
[pool-297-thread-12] pick event Id=52, eMBMSSessionId=90 current size: 3967
[pool-297-thread-13] adds event Id=53, eMBMSSessionId=82 current size: 3967
[pool-297-thread-7] pick event Id=54, eMBMSSessionId=61 current size: 3966
[pool-297-thread-10] pick event Id=55, eMBMSSessionId=24 current size: 3965
[pool-297-thread-5] adds event Id=56, eMBMSSessionId=82 current size: 3965
[pool-297-thread-16] pick event Id=57, eMBMSSessionId=25 current size: 3964
[pool-297-thread-9] pick event Id=58, eMBMSSessionId=30 current size: 3963
[pool-297-thread-8] pick event Id=59, eMBMSSessionId=57 current size: 3962
[pool-297-thread-17] adds event Id=60, eMBMSSessionId=89 current size: 3962
[pool-297-thread-20] pick event Id=61, eMBMSSessionId=47 current size: 3961
pool-297-thread-19 reduces to 3960
pool-297-thread-2 reduces to 3959
[pool-297-thread-6] pick event Id=62, eMBMSSessionId=5 current size: 3958
[pool-297-thread-18] pick event Id=63, eMBMSSessionId=1 current size: 3957
[pool-297-thread-13] pick event Id=64, eMBMSSessionId=70 current size: 3956
[pool-297-thread-15] pick event Id=65, eMBMSSessionId=27 current size: 3955
[pool-297-thread-1] pick event Id=66, eMBMSSessionId=4 current size: 3954
[pool-297-thread-5] pick event Id=67, eMBMSSessionId=59 current size: 3953
[pool-297-thread-3] adds event Id=68, eMBMSSessionId=27 current size: 3953
[pool-297-thread-17] adds event Id=69, eMBMSSessionId=27 current size: 3953
[pool-297-thread-4] pick event Id=70, eMBMSSessionId=74 current size: 3952
[pool-297-thread-14] pick event Id=71, eMBMSSessionId=38 current size: 3951
[pool-297-thread-11] pick event Id=72, eMBMSSessionId=12 current size: 3950
[pool-297-thread-12] adds event Id=73, eMBMSSessionId=70 current size: 3950
pool-297-thread-2 reduces to 3949
pool-297-thread-15 reduces to 3948
[pool-297-thread-7] pick event Id=74, eMBMSSessionId=39 current size: 3947
[pool-297-thread-9] pick event Id=75, eMBMSSessionId=98 current size: 3946
pool-297-thread-13 reduces to 3945
[pool-297-thread-10] pick event Id=76, eMBMSSessionId=28 current size: 3944
[pool-297-thread-3] adds event Id=77, eMBMSSessionId=28 current size: 3944
[pool-297-thread-17] adds event Id=78, eMBMSSessionId=70 current size: 3944
[pool-297-thread-20] pick event Id=79, eMBMSSessionId=13 current size: 3943
[pool-297-thread-16] pick event Id=80, eMBMSSessionId=90 current size: 3942
[pool-297-thread-8] pick event Id=81, eMBMSSessionId=3 current size: 3941
[pool-297-thread-11] pick event Id=82, eMBMSSessionId=49 current size: 3940
[pool-297-thread-11] pick event Id=83, eMBMSSessionId=63 current size: 3939
[pool-297-thread-19] pick event Id=84, eMBMSSessionId=79 current size: 3938
[pool-297-thread-12] pick event Id=85, eMBMSSessionId=61 current size: 3937
[pool-297-thread-19] pick event Id=86, eMBMSSessionId=16 current size: 3936
[pool-297-thread-6] adds event Id=87, eMBMSSessionId=27 current size: 3936
[pool-297-thread-18] pick event Id=88, eMBMSSessionId=2 current size: 3935
[pool-297-thread-2] pick event Id=89, eMBMSSessionId=19 current size: 3934
[pool-297-thread-2] pick event Id=90, eMBMSSessionId=89 current size: 3933
[pool-297-thread-1] pick event Id=91, eMBMSSessionId=33 current size: 3932
pool-297-thread-15 reduces to 3931
[pool-297-thread-5] pick event Id=92, eMBMSSessionId=69 current size: 3930
[pool-297-thread-3] pick event Id=93, eMBMSSessionId=21 current size: 3929
pool-297-thread-13 reduces to 3928
[pool-297-thread-17] pick event Id=94, eMBMSSessionId=4 current size: 3927
pool-297-thread-10 reduces to 3926
[pool-297-thread-4] adds event Id=95, eMBMSSessionId=4 current size: 3926
[pool-297-thread-11] pick event Id=96, eMBMSSessionId=63 current size: 3925
[pool-297-thread-4] pick event Id=97, eMBMSSessionId=37 current size: 3924
[pool-297-thread-14] adds event Id=98, eMBMSSessionId=63 current size: 3924
[pool-297-thread-14] pick event Id=99, eMBMSSessionId=77 current size: 3923
[pool-297-thread-6] pick event Id=100, eMBMSSessionId=11 current size: 3922
pool-297-thread-15 reduces to 3921
[pool-297-thread-7] pick event Id=101, eMBMSSessionId=54 current size: 3920
[pool-297-thread-9] pick event Id=102, eMBMSSessionId=81 current size: 3919
pool-297-thread-17 reduces to 3918
[pool-297-thread-20] pick event Id=103, eMBMSSessionId=30 current size: 3917
[pool-297-thread-13] pick event Id=104, eMBMSSessionId=80 current size: 3916
[pool-297-thread-8] pick event Id=105, eMBMSSessionId=45 current size: 3915
pool-297-thread-11 reduces to 3914
[pool-297-thread-16] pick event Id=106, eMBMSSessionId=61 current size: 3913
[pool-297-thread-19] pick event Id=107, eMBMSSessionId=86 current size: 3912
[pool-297-thread-12] pick event Id=108, eMBMSSessionId=2 current size: 3911
[pool-297-thread-2] pick event Id=109, eMBMSSessionId=90 current size: 3910
[pool-297-thread-18] pick event Id=110, eMBMSSessionId=46 current size: 3909
[pool-297-thread-1] pick event Id=111, eMBMSSessionId=58 current size: 3908
[pool-297-thread-5] adds event Id=112, eMBMSSessionId=30 current size: 3908
[pool-297-thread-3] pick event Id=113, eMBMSSessionId=77 current size: 3907
[pool-297-thread-10] adds event Id=114, eMBMSSessionId=45 current size: 3907
[pool-297-thread-9] pick event Id=115, eMBMSSessionId=93 current size: 3906
pool-297-thread-8 reduces to 3905
pool-297-thread-20 reduces to 3904
[pool-297-thread-4] pick event Id=116, eMBMSSessionId=70 current size: 3903
[pool-297-thread-14] pick event Id=117, eMBMSSessionId=9 current size: 3902
[pool-297-thread-6] pick event Id=118, eMBMSSessionId=11 current size: 3901
[pool-297-thread-7] pick event Id=119, eMBMSSessionId=65 current size: 3900
[pool-297-thread-15] pick event Id=120, eMBMSSessionId=72 current size: 3899
[pool-297-thread-5] pick event Id=121, eMBMSSessionId=79 current size: 3898
[pool-297-thread-10] pick event Id=122, eMBMSSessionId=85 current size: 3897
[pool-297-thread-17] adds event Id=123, eMBMSSessionId=9 current size: 3897
[pool-297-thread-11] pick event Id=124, eMBMSSessionId=49 current size: 3896
[pool-297-thread-9] pick event Id=125, eMBMSSessionId=84 current size: 3895
[pool-297-thread-13] pick event Id=126, eMBMSSessionId=98 current size: 3894
[pool-297-thread-16] pick event Id=127, eMBMSSessionId=56 current size: 3893
[pool-297-thread-19] pick event Id=128, eMBMSSessionId=78 current size: 3892
[pool-297-thread-12] pick event Id=129, eMBMSSessionId=28 current size: 3891
pool-297-thread-14 reduces to 3890
[pool-297-thread-18] pick event Id=130, eMBMSSessionId=61 current size: 3889
[pool-297-thread-2] pick event Id=131, eMBMSSessionId=7 current size: 3888
[pool-297-thread-1] pick event Id=132, eMBMSSessionId=95 current size: 3887
[pool-297-thread-3] pick event Id=133, eMBMSSessionId=6 current size: 3886
[pool-297-thread-15] pick event Id=134, eMBMSSessionId=77 current size: 3885
[pool-297-thread-17] pick event Id=135, eMBMSSessionId=40 current size: 3884
[pool-297-thread-8] pick event Id=136, eMBMSSessionId=37 current size: 3883
[pool-297-thread-20] adds event Id=137, eMBMSSessionId=78 current size: 3883
[pool-297-thread-11] pick event Id=138, eMBMSSessionId=34 current size: 3882
[pool-297-thread-17] pick event Id=139, eMBMSSessionId=55 current size: 3881
[pool-297-thread-4] pick event Id=140, eMBMSSessionId=74 current size: 3880
pool-297-thread-19 reduces to 3879
[pool-297-thread-6] pick event Id=141, eMBMSSessionId=71 current size: 3878
[pool-297-thread-18] pick event Id=142, eMBMSSessionId=36 current size: 3877
[pool-297-thread-7] pick event Id=143, eMBMSSessionId=9 current size: 3876
[pool-297-thread-5] pick event Id=144, eMBMSSessionId=82 current size: 3875
[pool-297-thread-10] pick event Id=145, eMBMSSessionId=42 current size: 3874
[pool-297-thread-9] pick event Id=146, eMBMSSessionId=98 current size: 3873
[pool-297-thread-5] pick event Id=147, eMBMSSessionId=89 current size: 3872
[pool-297-thread-20] pick event Id=148, eMBMSSessionId=57 current size: 3871
[pool-297-thread-13] pick event Id=149, eMBMSSessionId=68 current size: 3870
[pool-297-thread-16] pick event Id=150, eMBMSSessionId=45 current size: 3869
[pool-297-thread-12] pick event Id=151, eMBMSSessionId=63 current size: 3868
[pool-297-thread-14] adds event Id=152, eMBMSSessionId=68 current size: 3868
[pool-297-thread-2] pick event Id=153, eMBMSSessionId=66 current size: 3867
[pool-297-thread-1] pick event Id=154, eMBMSSessionId=8 current size: 3866
[pool-297-thread-3] adds event Id=155, eMBMSSessionId=45 current size: 3866
[pool-297-thread-15] pick event Id=156, eMBMSSessionId=42 current size: 3865
[pool-297-thread-10] pick event Id=157, eMBMSSessionId=71 current size: 3864
[pool-297-thread-8] pick event Id=158, eMBMSSessionId=62 current size: 3863
[pool-297-thread-17] pick event Id=159, eMBMSSessionId=20 current size: 3862
[pool-297-thread-11] pick event Id=160, eMBMSSessionId=60 current size: 3861
pool-297-thread-13 reduces to 3860
[pool-297-thread-4] pick event Id=161, eMBMSSessionId=53 current size: 3859
pool-297-thread-16 reduces to 3858
[pool-297-thread-19] pick event Id=162, eMBMSSessionId=11 current size: 3857
[pool-297-thread-14] pick event Id=163, eMBMSSessionId=22 current size: 3856
[pool-297-thread-6] pick event Id=164, eMBMSSessionId=93 current size: 3855
[pool-297-thread-18] pick event Id=165, eMBMSSessionId=37 current size: 3854
[pool-297-thread-3] pick event Id=166, eMBMSSessionId=58 current size: 3853
[pool-297-thread-7] adds event Id=167, eMBMSSessionId=42 current size: 3853
[pool-297-thread-1] pick event Id=168, eMBMSSessionId=0 current size: 3852
pool-297-thread-15 reduces to 3851
[pool-297-thread-9] pick event Id=169, eMBMSSessionId=1 current size: 3850
[pool-297-thread-5] pick event Id=170, eMBMSSessionId=39 current size: 3849
[pool-297-thread-12] pick event Id=171, eMBMSSessionId=26 current size: 3848
[pool-297-thread-20] pick event Id=172, eMBMSSessionId=64 current size: 3847
[pool-297-thread-11] pick event Id=173, eMBMSSessionId=99 current size: 3846
[pool-297-thread-2] pick event Id=174, eMBMSSessionId=41 current size: 3845
[pool-297-thread-7] pick event Id=175, eMBMSSessionId=55 current size: 3844
[pool-297-thread-10] pick event Id=176, eMBMSSessionId=11 current size: 3843
[pool-297-thread-8] pick event Id=177, eMBMSSessionId=51 current size: 3842
[pool-297-thread-17] pick event Id=178, eMBMSSessionId=8 current size: 3841
[pool-297-thread-4] pick event Id=179, eMBMSSessionId=20 current size: 3840
[pool-297-thread-13] pick event Id=180, eMBMSSessionId=66 current size: 3839
[pool-297-thread-20] pick event Id=181, eMBMSSessionId=35 current size: 3838
[pool-297-thread-12] pick event Id=182, eMBMSSessionId=27 current size: 3837
[pool-297-thread-16] pick event Id=183, eMBMSSessionId=91 current size: 3836
[pool-297-thread-19] pick event Id=184, eMBMSSessionId=9 current size: 3835
[pool-297-thread-18] adds event Id=185, eMBMSSessionId=91 current size: 3835
[pool-297-thread-6] pick event Id=186, eMBMSSessionId=5 current size: 3834
[pool-297-thread-11] pick event Id=187, eMBMSSessionId=16 current size: 3833
[pool-297-thread-14] pick event Id=188, eMBMSSessionId=2 current size: 3832
[pool-297-thread-3] adds event Id=189, eMBMSSessionId=20 current size: 3832
[pool-297-thread-1] pick event Id=190, eMBMSSessionId=37 current size: 3831
[pool-297-thread-15] pick event Id=191, eMBMSSessionId=0 current size: 3830
[pool-297-thread-9] pick event Id=192, eMBMSSessionId=17 current size: 3829
[pool-297-thread-5] pick event Id=193, eMBMSSessionId=23 current size: 3828
[pool-297-thread-10] pick event Id=194, eMBMSSessionId=59 current size: 3827
pool-297-thread-4 reduces to 3826
[pool-297-thread-17] pick event Id=195, eMBMSSessionId=67 current size: 3825
[pool-297-thread-18] adds event Id=196, eMBMSSessionId=16 current size: 3825
pool-297-thread-16 reduces to 3824
pool-297-thread-11 reduces to 3823
[pool-297-thread-2] pick event Id=197, eMBMSSessionId=98 current size: 3822
[pool-297-thread-3] pick event Id=198, eMBMSSessionId=9 current size: 3821
[pool-297-thread-7] pick event Id=199, eMBMSSessionId=82 current size: 3820
[pool-297-thread-8] pick event Id=200, eMBMSSessionId=32 current size: 3819
[pool-297-thread-10] pick event Id=201, eMBMSSessionId=55 current size: 3818
[pool-297-thread-13] pick event Id=202, eMBMSSessionId=96 current size: 3817
[pool-297-thread-20] pick event Id=203, eMBMSSessionId=95 current size: 3816
[pool-297-thread-12] pick event Id=204, eMBMSSessionId=64 current size: 3815
[pool-297-thread-18] pick event Id=205, eMBMSSessionId=37 current size: 3814
[pool-297-thread-19] pick event Id=206, eMBMSSessionId=97 current size: 3813
[pool-297-thread-6] pick event Id=207, eMBMSSessionId=35 current size: 3812
[pool-297-thread-14] adds event Id=208, eMBMSSessionId=97 current size: 3812
[pool-297-thread-15] pick event Id=209, eMBMSSessionId=63 current size: 3811
[pool-297-thread-1] pick event Id=210, eMBMSSessionId=24 current size: 3810
[pool-297-thread-5] pick event Id=211, eMBMSSessionId=14 current size: 3809
[pool-297-thread-9] pick event Id=212, eMBMSSessionId=79 current size: 3808
[pool-297-thread-4] pick event Id=213, eMBMSSessionId=22 current size: 3807
[pool-297-thread-17] pick event Id=214, eMBMSSessionId=68 current size: 3806
[pool-297-thread-17] pick event Id=215, eMBMSSessionId=8 current size: 3805
pool-297-thread-19 reduces to 3804
[pool-297-thread-16] pick event Id=216, eMBMSSessionId=36 current size: 3803
[pool-297-thread-2] pick event Id=217, eMBMSSessionId=32 current size: 3802
[pool-297-thread-11] pick event Id=218, eMBMSSessionId=23 current size: 3801
[pool-297-thread-14] pick event Id=219, eMBMSSessionId=83 current size: 3800
[pool-297-thread-3] pick event Id=220, eMBMSSessionId=23 current size: 3799
[pool-297-thread-7] pick event Id=221, eMBMSSessionId=46 current size: 3798
[pool-297-thread-8] pick event Id=222, eMBMSSessionId=1 current size: 3797
[pool-297-thread-10] pick event Id=223, eMBMSSessionId=48 current size: 3796
[pool-297-thread-13] pick event Id=224, eMBMSSessionId=41 current size: 3795
[pool-297-thread-20] pick event Id=225, eMBMSSessionId=70 current size: 3794
[pool-297-thread-12] adds event Id=226, eMBMSSessionId=46 current size: 3794
[pool-297-thread-18] pick event Id=227, eMBMSSessionId=15 current size: 3793
[pool-297-thread-6] pick event Id=228, eMBMSSessionId=87 current size: 3792
[pool-297-thread-11] pick event Id=229, eMBMSSessionId=69 current size: 3791
[pool-297-thread-15] pick event Id=230, eMBMSSessionId=42 current size: 3790
[pool-297-thread-1] pick event Id=231, eMBMSSessionId=92 current size: 3789
pool-297-thread-7 reduces to 3788
[pool-297-thread-5] pick event Id=232, eMBMSSessionId=99 current size: 3787
[pool-297-thread-9] pick event Id=233, eMBMSSessionId=68 current size: 3786
[pool-297-thread-4] pick event Id=234, eMBMSSessionId=49 current size: 3785
[pool-297-thread-12] pick event Id=235, eMBMSSessionId=26 current size: 3784
[pool-297-thread-17] pick event Id=236, eMBMSSessionId=74 current size: 3783
[pool-297-thread-19] adds event Id=237, eMBMSSessionId=15 current size: 3783
[pool-297-thread-16] pick event Id=238, eMBMSSessionId=10 current size: 3782
[pool-297-thread-2] pick event Id=239, eMBMSSessionId=89 current size: 3781
pool-297-thread-18 reduces to 3780
[pool-297-thread-15] pick event Id=240, eMBMSSessionId=51 current size: 3779
[pool-297-thread-14] adds event Id=241, eMBMSSessionId=51 current size: 3779
[pool-297-thread-3] pick event Id=242, eMBMSSessionId=56 current size: 3778
[pool-297-thread-8] pick event Id=243, eMBMSSessionId=27 current size: 3777
[pool-297-thread-10] pick event Id=244, eMBMSSessionId=47 current size: 3776
[pool-297-thread-13] adds event Id=245, eMBMSSessionId=26 current size: 3776
[pool-297-thread-13] pick event Id=246, eMBMSSessionId=76 current size: 3775
[pool-297-thread-20] pick event Id=247, eMBMSSessionId=75 current size: 3774
pool-297-thread-12 reduces to 3773
[pool-297-thread-19] pick event Id=248, eMBMSSessionId=41 current size: 3772
[pool-297-thread-6] pick event Id=249, eMBMSSessionId=81 current size: 3771
[pool-297-thread-14] pick event Id=250, eMBMSSessionId=11 current size: 3770
pool-297-thread-15 reduces to 3769
[pool-297-thread-2] pick event Id=251, eMBMSSessionId=10 current size: 3768
[pool-297-thread-11] pick event Id=252, eMBMSSessionId=48 current size: 3767
[pool-297-thread-18] pick event Id=253, eMBMSSessionId=29 current size: 3766
[pool-297-thread-1] pick event Id=254, eMBMSSessionId=14 current size: 3765
[pool-297-thread-7] pick event Id=255, eMBMSSessionId=9 current size: 3764
[pool-297-thread-7] pick event Id=256, eMBMSSessionId=87 current size: 3763
[pool-297-thread-5] pick event Id=257, eMBMSSessionId=59 current size: 3762
[pool-297-thread-9] pick event Id=258, eMBMSSessionId=84 current size: 3761
[pool-297-thread-9] pick event Id=259, eMBMSSessionId=65 current size: 3760
[pool-297-thread-9] pick event Id=260, eMBMSSessionId=33 current size: 3759
[pool-297-thread-9] pick event Id=261, eMBMSSessionId=86 current size: 3758
[pool-297-thread-9] pick event Id=262, eMBMSSessionId=35 current size: 3757
[pool-297-thread-9] pick event Id=263, eMBMSSessionId=46 current size: 3756
[pool-297-thread-8] pick event Id=264, eMBMSSessionId=78 current size: 3755
[pool-297-thread-4] adds event Id=265, eMBMSSessionId=51 current size: 3755
[pool-297-thread-4] pick event Id=266, eMBMSSessionId=22 current size: 3754
[pool-297-thread-17] pick event Id=267, eMBMSSessionId=54 current size: 3753
[pool-297-thread-19] pick event Id=268, eMBMSSessionId=31 current size: 3752
[pool-297-thread-17] pick event Id=269, eMBMSSessionId=40 current size: 3751
pool-297-thread-15 reduces to 3750
[pool-297-thread-16] pick event Id=270, eMBMSSessionId=55 current size: 3749
[pool-297-thread-11] pick event Id=271, eMBMSSessionId=65 current size: 3748
[pool-297-thread-11] pick event Id=272, eMBMSSessionId=90 current size: 3747
[pool-297-thread-11] pick event Id=273, eMBMSSessionId=11 current size: 3746
[pool-297-thread-18] pick event Id=274, eMBMSSessionId=32 current size: 3745
[pool-297-thread-2] adds event Id=275, eMBMSSessionId=46 current size: 3745
[pool-297-thread-2] pick event Id=276, eMBMSSessionId=62 current size: 3744
[pool-297-thread-5] pick event Id=277, eMBMSSessionId=85 current size: 3743
[pool-297-thread-3] pick event Id=278, eMBMSSessionId=40 current size: 3742
[pool-297-thread-10] pick event Id=279, eMBMSSessionId=14 current size: 3741
pool-297-thread-9 reduces to 3740
[pool-297-thread-13] pick event Id=280, eMBMSSessionId=27 current size: 3739
[pool-297-thread-12] pick event Id=281, eMBMSSessionId=83 current size: 3738
[pool-297-thread-20] pick event Id=282, eMBMSSessionId=18 current size: 3737
[pool-297-thread-6] pick event Id=283, eMBMSSessionId=13 current size: 3736
[pool-297-thread-17] adds event Id=284, eMBMSSessionId=85 current size: 3736
[pool-297-thread-14] pick event Id=285, eMBMSSessionId=49 current size: 3735
[pool-297-thread-17] pick event Id=286, eMBMSSessionId=87 current size: 3734
[pool-297-thread-1] pick event Id=287, eMBMSSessionId=50 current size: 3733
[pool-297-thread-11] pick event Id=288, eMBMSSessionId=99 current size: 3732
[pool-297-thread-7] pick event Id=289, eMBMSSessionId=58 current size: 3731
pool-297-thread-5 reduces to 3730
[pool-297-thread-8] pick event Id=290, eMBMSSessionId=44 current size: 3729
[pool-297-thread-4] pick event Id=291, eMBMSSessionId=43 current size: 3728
[pool-297-thread-19] pick event Id=292, eMBMSSessionId=67 current size: 3727
[pool-297-thread-15] pick event Id=293, eMBMSSessionId=81 current size: 3726
[pool-297-thread-16] pick event Id=294, eMBMSSessionId=82 current size: 3725
[pool-297-thread-2] pick event Id=295, eMBMSSessionId=6 current size: 3724
[pool-297-thread-7] adds event Id=296, eMBMSSessionId=81 current size: 3724
[pool-297-thread-7] pick event Id=297, eMBMSSessionId=9 current size: 3723
[pool-297-thread-18] pick event Id=298, eMBMSSessionId=86 current size: 3722
[pool-297-thread-11] pick event Id=299, eMBMSSessionId=32 current size: 3721
[pool-297-thread-10] pick event Id=300, eMBMSSessionId=77 current size: 3720
[pool-297-thread-3] pick event Id=301, eMBMSSessionId=64 current size: 3719
[pool-297-thread-9] pick event Id=302, eMBMSSessionId=21 current size: 3718
[pool-297-thread-13] pick event Id=303, eMBMSSessionId=72 current size: 3717
[pool-297-thread-12] adds event Id=304, eMBMSSessionId=86 current size: 3717
[pool-297-thread-20] pick event Id=305, eMBMSSessionId=66 current size: 3716
[pool-297-thread-6] pick event Id=306, eMBMSSessionId=18 current size: 3715
pool-297-thread-15 reduces to 3714
[pool-297-thread-14] pick event Id=307, eMBMSSessionId=13 current size: 3713
[pool-297-thread-17] adds event Id=308, eMBMSSessionId=21 current size: 3713
[pool-297-thread-1] pick event Id=309, eMBMSSessionId=65 current size: 3712
[pool-297-thread-16] pick event Id=310, eMBMSSessionId=8 current size: 3711
pool-297-thread-18 reduces to 3710
[pool-297-thread-5] pick event Id=311, eMBMSSessionId=7 current size: 3709
[pool-297-thread-19] pick event Id=312, eMBMSSessionId=79 current size: 3708
[pool-297-thread-8] pick event Id=313, eMBMSSessionId=77 current size: 3707
pool-297-thread-9 reduces to 3706
[pool-297-thread-12] pick event Id=314, eMBMSSessionId=6 current size: 3705
[pool-297-thread-4] pick event Id=315, eMBMSSessionId=0 current size: 3704
[pool-297-thread-13] pick event Id=316, eMBMSSessionId=94 current size: 3703
[pool-297-thread-17] pick event Id=317, eMBMSSessionId=98 current size: 3702
[pool-297-thread-2] pick event Id=318, eMBMSSessionId=64 current size: 3701
[pool-297-thread-11] pick event Id=319, eMBMSSessionId=44 current size: 3700
[pool-297-thread-10] pick event Id=320, eMBMSSessionId=87 current size: 3699
[pool-297-thread-16] pick event Id=321, eMBMSSessionId=78 current size: 3698
[pool-297-thread-7] pick event Id=322, eMBMSSessionId=68 current size: 3697
[pool-297-thread-3] pick event Id=323, eMBMSSessionId=71 current size: 3696
[pool-297-thread-20] pick event Id=324, eMBMSSessionId=74 current size: 3695
[pool-297-thread-6] pick event Id=325, eMBMSSessionId=54 current size: 3694
[pool-297-thread-15] pick event Id=326, eMBMSSessionId=35 current size: 3693
[pool-297-thread-13] pick event Id=327, eMBMSSessionId=31 current size: 3692
[pool-297-thread-14] adds event Id=328, eMBMSSessionId=71 current size: 3692
[pool-297-thread-1] pick event Id=329, eMBMSSessionId=9 current size: 3691
[pool-297-thread-18] pick event Id=330, eMBMSSessionId=59 current size: 3690
[pool-297-thread-5] pick event Id=331, eMBMSSessionId=20 current size: 3689
pool-297-thread-3 reduces to 3688
[pool-297-thread-19] pick event Id=332, eMBMSSessionId=42 current size: 3687
[pool-297-thread-8] pick event Id=333, eMBMSSessionId=36 current size: 3686
[pool-297-thread-9] pick event Id=334, eMBMSSessionId=90 current size: 3685
[pool-297-thread-4] pick event Id=335, eMBMSSessionId=1 current size: 3684
[pool-297-thread-12] pick event Id=336, eMBMSSessionId=18 current size: 3683
[pool-297-thread-17] adds event Id=337, eMBMSSessionId=36 current size: 3683
[pool-297-thread-14] pick event Id=338, eMBMSSessionId=25 current size: 3682
[pool-297-thread-2] pick event Id=339, eMBMSSessionId=38 current size: 3681
[pool-297-thread-11] pick event Id=340, eMBMSSessionId=66 current size: 3680
[pool-297-thread-10] pick event Id=341, eMBMSSessionId=8 current size: 3679
[pool-297-thread-16] adds event Id=342, eMBMSSessionId=90 current size: 3679
[pool-297-thread-1] pick event Id=343, eMBMSSessionId=65 current size: 3678
[pool-297-thread-7] adds event Id=344, eMBMSSessionId=8 current size: 3678
[pool-297-thread-18] pick event Id=345, eMBMSSessionId=64 current size: 3677
[pool-297-thread-20] pick event Id=346, eMBMSSessionId=16 current size: 3676
[pool-297-thread-6] pick event Id=347, eMBMSSessionId=86 current size: 3675
pool-297-thread-9 reduces to 3674
pool-297-thread-8 reduces to 3673
[pool-297-thread-15] pick event Id=348, eMBMSSessionId=56 current size: 3672
[pool-297-thread-17] pick event Id=349, eMBMSSessionId=28 current size: 3671
[pool-297-thread-13] pick event Id=350, eMBMSSessionId=46 current size: 3670
pool-297-thread-10 reduces to 3669
[pool-297-thread-16] pick event Id=351, eMBMSSessionId=29 current size: 3668
[pool-297-thread-11] pick event Id=352, eMBMSSessionId=97 current size: 3667
[pool-297-thread-7] pick event Id=353, eMBMSSessionId=68 current size: 3666
[pool-297-thread-5] pick event Id=354, eMBMSSessionId=79 current size: 3665
[pool-297-thread-3] pick event Id=355, eMBMSSessionId=67 current size: 3664
[pool-297-thread-19] pick event Id=356, eMBMSSessionId=23 current size: 3663
[pool-297-thread-4] pick event Id=357, eMBMSSessionId=84 current size: 3662
[pool-297-thread-12] pick event Id=358, eMBMSSessionId=61 current size: 3661
[pool-297-thread-2] adds event Id=359, eMBMSSessionId=61 current size: 3661
pool-297-thread-12 reduces to 3660
[pool-297-thread-15] adds event Id=360, eMBMSSessionId=97 current size: 3660
[pool-297-thread-14] pick event Id=361, eMBMSSessionId=36 current size: 3659
[pool-297-thread-13] pick event Id=362, eMBMSSessionId=7 current size: 3658
pool-297-thread-11 reduces to 3657
[pool-297-thread-1] pick event Id=363, eMBMSSessionId=98 current size: 3656
[pool-297-thread-7] pick event Id=364, eMBMSSessionId=9 current size: 3655
[pool-297-thread-6] pick event Id=365, eMBMSSessionId=58 current size: 3654
[pool-297-thread-3] pick event Id=366, eMBMSSessionId=14 current size: 3653
[pool-297-thread-20] pick event Id=367, eMBMSSessionId=33 current size: 3652
[pool-297-thread-18] pick event Id=368, eMBMSSessionId=79 current size: 3651
[pool-297-thread-9] pick event Id=369, eMBMSSessionId=34 current size: 3650
[pool-297-thread-8] pick event Id=370, eMBMSSessionId=81 current size: 3649
[pool-297-thread-2] pick event Id=371, eMBMSSessionId=42 current size: 3648
[pool-297-thread-17] pick event Id=372, eMBMSSessionId=95 current size: 3647
[pool-297-thread-15] pick event Id=373, eMBMSSessionId=71 current size: 3646
[pool-297-thread-10] pick event Id=374, eMBMSSessionId=89 current size: 3645
[pool-297-thread-16] pick event Id=375, eMBMSSessionId=37 current size: 3644
[pool-297-thread-5] pick event Id=376, eMBMSSessionId=7 current size: 3643
[pool-297-thread-13] pick event Id=377, eMBMSSessionId=92 current size: 3642
[pool-297-thread-1] pick event Id=378, eMBMSSessionId=52 current size: 3641
[pool-297-thread-19] pick event Id=379, eMBMSSessionId=24 current size: 3640
[pool-297-thread-4] adds event Id=380, eMBMSSessionId=81 current size: 3640
pool-297-thread-8 reduces to 3639
[pool-297-thread-14] pick event Id=381, eMBMSSessionId=76 current size: 3638
[pool-297-thread-12] pick event Id=382, eMBMSSessionId=64 current size: 3637
[pool-297-thread-2] pick event Id=383, eMBMSSessionId=19 current size: 3636
[pool-297-thread-11] pick event Id=384, eMBMSSessionId=42 current size: 3635
[pool-297-thread-7] pick event Id=385, eMBMSSessionId=79 current size: 3634
[pool-297-thread-3] adds event Id=386, eMBMSSessionId=64 current size: 3634
[pool-297-thread-6] pick event Id=387, eMBMSSessionId=95 current size: 3633
[pool-297-thread-4] pick event Id=388, eMBMSSessionId=69 current size: 3632
[pool-297-thread-20] pick event Id=389, eMBMSSessionId=25 current size: 3631
[pool-297-thread-18] pick event Id=390, eMBMSSessionId=56 current size: 3630
[pool-297-thread-9] pick event Id=391, eMBMSSessionId=73 current size: 3629
[pool-297-thread-15] pick event Id=392, eMBMSSessionId=74 current size: 3628
[pool-297-thread-17] pick event Id=393, eMBMSSessionId=49 current size: 3627
[pool-297-thread-10] pick event Id=394, eMBMSSessionId=44 current size: 3626
[pool-297-thread-16] pick event Id=395, eMBMSSessionId=50 current size: 3625
pool-297-thread-12 reduces to 3624
[pool-297-thread-5] pick event Id=396, eMBMSSessionId=66 current size: 3623
[pool-297-thread-13] pick event Id=397, eMBMSSessionId=35 current size: 3622
[pool-297-thread-2] pick event Id=398, eMBMSSessionId=87 current size: 3621
[pool-297-thread-11] pick event Id=399, eMBMSSessionId=6 current size: 3620
[pool-297-thread-3] pick event Id=400, eMBMSSessionId=16 current size: 3619
[pool-297-thread-7] pick event Id=401, eMBMSSessionId=76 current size: 3618
[pool-297-thread-1] pick event Id=402, eMBMSSessionId=93 current size: 3617
[pool-297-thread-19] pick event Id=403, eMBMSSessionId=28 current size: 3616
[pool-297-thread-8] pick event Id=404, eMBMSSessionId=55 current size: 3615
[pool-297-thread-14] adds event Id=405, eMBMSSessionId=87 current size: 3615
pool-297-thread-2 reduces to 3614
[pool-297-thread-6] pick event Id=406, eMBMSSessionId=30 current size: 3613
[pool-297-thread-16] pick event Id=407, eMBMSSessionId=61 current size: 3612
[pool-297-thread-4] pick event Id=408, eMBMSSessionId=36 current size: 3611
[pool-297-thread-20] pick event Id=409, eMBMSSessionId=32 current size: 3610
[pool-297-thread-9] pick event Id=410, eMBMSSessionId=50 current size: 3609
[pool-297-thread-18] pick event Id=411, eMBMSSessionId=94 current size: 3608
[pool-297-thread-15] pick event Id=412, eMBMSSessionId=3 current size: 3607
[pool-297-thread-14] pick event Id=413, eMBMSSessionId=28 current size: 3606
[pool-297-thread-8] pick event Id=414, eMBMSSessionId=95 current size: 3605
[pool-297-thread-17] pick event Id=415, eMBMSSessionId=5 current size: 3604
[pool-297-thread-12] pick event Id=416, eMBMSSessionId=21 current size: 3603
[pool-297-thread-5] pick event Id=417, eMBMSSessionId=80 current size: 3602
[pool-297-thread-10] pick event Id=418, eMBMSSessionId=77 current size: 3601
[pool-297-thread-13] pick event Id=419, eMBMSSessionId=9 current size: 3600
[pool-297-thread-3] pick event Id=420, eMBMSSessionId=55 current size: 3599
[pool-297-thread-11] pick event Id=421, eMBMSSessionId=57 current size: 3598
[pool-297-thread-1] pick event Id=422, eMBMSSessionId=93 current size: 3597
[pool-297-thread-7] pick event Id=423, eMBMSSessionId=14 current size: 3596
[pool-297-thread-19] adds event Id=424, eMBMSSessionId=28 current size: 3596
pool-297-thread-14 reduces to 3595
[pool-297-thread-2] pick event Id=425, eMBMSSessionId=13 current size: 3594
[pool-297-thread-6] pick event Id=426, eMBMSSessionId=16 current size: 3593
[pool-297-thread-16] pick event Id=427, eMBMSSessionId=67 current size: 3592
[pool-297-thread-4] pick event Id=428, eMBMSSessionId=38 current size: 3591
[pool-297-thread-11] pick event Id=429, eMBMSSessionId=71 current size: 3590
[pool-297-thread-19] pick event Id=430, eMBMSSessionId=12 current size: 3589
[pool-297-thread-20] pick event Id=431, eMBMSSessionId=94 current size: 3588
[pool-297-thread-9] pick event Id=432, eMBMSSessionId=11 current size: 3587
[pool-297-thread-1] pick event Id=433, eMBMSSessionId=25 current size: 3586
[pool-297-thread-18] pick event Id=434, eMBMSSessionId=10 current size: 3585
[pool-297-thread-15] adds event Id=435, eMBMSSessionId=94 current size: 3585
[pool-297-thread-17] pick event Id=436, eMBMSSessionId=62 current size: 3584
[pool-297-thread-8] pick event Id=437, eMBMSSessionId=51 current size: 3583
[pool-297-thread-5] adds event Id=438, eMBMSSessionId=67 current size: 3583
[pool-297-thread-12] pick event Id=439, eMBMSSessionId=44 current size: 3582
[pool-297-thread-13] pick event Id=440, eMBMSSessionId=55 current size: 3581
[pool-297-thread-10] pick event Id=441, eMBMSSessionId=40 current size: 3580
[pool-297-thread-3] pick event Id=442, eMBMSSessionId=81 current size: 3579
[pool-297-thread-7] pick event Id=443, eMBMSSessionId=48 current size: 3578
pool-297-thread-16 reduces to 3577
pool-297-thread-20 reduces to 3576
[pool-297-thread-15] pick event Id=444, eMBMSSessionId=45 current size: 3575
[pool-297-thread-18] pick event Id=445, eMBMSSessionId=69 current size: 3574
[pool-297-thread-14] pick event Id=446, eMBMSSessionId=93 current size: 3573
[pool-297-thread-5] pick event Id=447, eMBMSSessionId=92 current size: 3572
[pool-297-thread-17] pick event Id=448, eMBMSSessionId=95 current size: 3571
[pool-297-thread-2] pick event Id=449, eMBMSSessionId=34 current size: 3570
[pool-297-thread-6] pick event Id=450, eMBMSSessionId=28 current size: 3569
[pool-297-thread-19] pick event Id=451, eMBMSSessionId=39 current size: 3568
[pool-297-thread-4] pick event Id=452, eMBMSSessionId=51 current size: 3567
[pool-297-thread-3] pick event Id=453, eMBMSSessionId=98 current size: 3566
[pool-297-thread-11] pick event Id=454, eMBMSSessionId=47 current size: 3565
[pool-297-thread-9] pick event Id=455, eMBMSSessionId=88 current size: 3564
[pool-297-thread-1] pick event Id=456, eMBMSSessionId=32 current size: 3563
[pool-297-thread-8] adds event Id=457, eMBMSSessionId=39 current size: 3563
[pool-297-thread-12] pick event Id=458, eMBMSSessionId=84 current size: 3562
[pool-297-thread-10] pick event Id=459, eMBMSSessionId=50 current size: 3561
[pool-297-thread-13] pick event Id=460, eMBMSSessionId=71 current size: 3560
[pool-297-thread-16] adds event Id=461, eMBMSSessionId=50 current size: 3560
pool-297-thread-19 reduces to 3559
[pool-297-thread-7] pick event Id=462, eMBMSSessionId=94 current size: 3558
[pool-297-thread-20] adds event Id=463, eMBMSSessionId=32 current size: 3558
[pool-297-thread-15] pick event Id=464, eMBMSSessionId=33 current size: 3557
[pool-297-thread-8] pick event Id=465, eMBMSSessionId=9 current size: 3556
pool-297-thread-1 reduces to 3555
[pool-297-thread-18] pick event Id=466, eMBMSSessionId=53 current size: 3554
[pool-297-thread-17] pick event Id=467, eMBMSSessionId=6 current size: 3553
[pool-297-thread-5] pick event Id=468, eMBMSSessionId=96 current size: 3552
[pool-297-thread-14] pick event Id=469, eMBMSSessionId=38 current size: 3551
[pool-297-thread-2] pick event Id=470, eMBMSSessionId=55 current size: 3550
pool-297-thread-10 reduces to 3549
[pool-297-thread-6] pick event Id=471, eMBMSSessionId=66 current size: 3548
[pool-297-thread-16] pick event Id=472, eMBMSSessionId=3 current size: 3547
[pool-297-thread-4] pick event Id=473, eMBMSSessionId=82 current size: 3546
[pool-297-thread-11] pick event Id=474, eMBMSSessionId=43 current size: 3545
[pool-297-thread-9] pick event Id=475, eMBMSSessionId=30 current size: 3544
[pool-297-thread-3] pick event Id=476, eMBMSSessionId=91 current size: 3543
[pool-297-thread-20] pick event Id=477, eMBMSSessionId=51 current size: 3542
[pool-297-thread-12] pick event Id=478, eMBMSSessionId=37 current size: 3541
[pool-297-thread-13] pick event Id=479, eMBMSSessionId=71 current size: 3540
[pool-297-thread-17] pick event Id=480, eMBMSSessionId=56 current size: 3539
[pool-297-thread-19] pick event Id=481, eMBMSSessionId=2 current size: 3538
[pool-297-thread-7] pick event Id=482, eMBMSSessionId=79 current size: 3537
[pool-297-thread-8] pick event Id=483, eMBMSSessionId=18 current size: 3536
[pool-297-thread-15] pick event Id=484, eMBMSSessionId=25 current size: 3535
[pool-297-thread-18] pick event Id=485, eMBMSSessionId=93 current size: 3534
[pool-297-thread-1] pick event Id=486, eMBMSSessionId=11 current size: 3533
[pool-297-thread-5] pick event Id=487, eMBMSSessionId=47 current size: 3532
[pool-297-thread-14] pick event Id=488, eMBMSSessionId=73 current size: 3531
[pool-297-thread-2] pick event Id=489, eMBMSSessionId=12 current size: 3530
[pool-297-thread-10] adds event Id=490, eMBMSSessionId=12 current size: 3530
[pool-297-thread-6] pick event Id=491, eMBMSSessionId=51 current size: 3529
[pool-297-thread-4] pick event Id=492, eMBMSSessionId=55 current size: 3528
[pool-297-thread-16] pick event Id=493, eMBMSSessionId=84 current size: 3527
[pool-297-thread-11] pick event Id=494, eMBMSSessionId=19 current size: 3526
[pool-297-thread-9] adds event Id=495, eMBMSSessionId=84 current size: 3526
[pool-297-thread-3] pick event Id=496, eMBMSSessionId=1 current size: 3525
[pool-297-thread-20] pick event Id=497, eMBMSSessionId=5 current size: 3524
[pool-297-thread-12] pick event Id=498, eMBMSSessionId=72 current size: 3523
[pool-297-thread-10] pick event Id=499, eMBMSSessionId=33 current size: 3522
[pool-297-thread-13] pick event Id=500, eMBMSSessionId=81 current size: 3521
[pool-297-thread-17] pick event Id=501, eMBMSSessionId=38 current size: 3520
pool-297-thread-2 reduces to 3519
[pool-297-thread-19] pick event Id=502, eMBMSSessionId=31 current size: 3518
pool-297-thread-16 reduces to 3517
[pool-297-thread-7] pick event Id=503, eMBMSSessionId=92 current size: 3516
[pool-297-thread-9] pick event Id=504, eMBMSSessionId=69 current size: 3515
[pool-297-thread-11] pick event Id=505, eMBMSSessionId=47 current size: 3514
[pool-297-thread-8] pick event Id=506, eMBMSSessionId=11 current size: 3513
[pool-297-thread-15] pick event Id=507, eMBMSSessionId=95 current size: 3512
[pool-297-thread-18] pick event Id=508, eMBMSSessionId=61 current size: 3511
[pool-297-thread-5] pick event Id=509, eMBMSSessionId=18 current size: 3510
[pool-297-thread-1] pick event Id=510, eMBMSSessionId=60 current size: 3509
[pool-297-thread-14] pick event Id=511, eMBMSSessionId=58 current size: 3508
[pool-297-thread-17] pick event Id=512, eMBMSSessionId=55 current size: 3507
[pool-297-thread-4] adds event Id=513, eMBMSSessionId=84 current size: 3507
[pool-297-thread-6] pick event Id=514, eMBMSSessionId=12 current size: 3506
pool-297-thread-16 reduces to 3505
[pool-297-thread-20] pick event Id=515, eMBMSSessionId=66 current size: 3504
[pool-297-thread-3] adds event Id=516, eMBMSSessionId=11 current size: 3504
pool-297-thread-8 reduces to 3503
[pool-297-thread-11] pick event Id=517, eMBMSSessionId=6 current size: 3502
[pool-297-thread-12] pick event Id=518, eMBMSSessionId=24 current size: 3501
testOverload end.
testFull begin.
[pool-298-thread-3] pick event Id=0, eMBMSSessionId=64 current size: 4998
[pool-298-thread-4] pick event Id=1, eMBMSSessionId=50 current size: 4997
[pool-298-thread-1] pick event Id=2, eMBMSSessionId=69 current size: 4996
[pool-298-thread-7] pick event Id=3, eMBMSSessionId=6 current size: 4995
[pool-298-thread-6] pick event Id=4, eMBMSSessionId=51 current size: 4994
[pool-298-thread-5] pick event Id=5, eMBMSSessionId=93 current size: 4993
[pool-298-thread-2] pick event Id=6, eMBMSSessionId=78 current size: 4992
[pool-298-thread-8] pick event Id=7, eMBMSSessionId=0 current size: 4991
[pool-298-thread-9] pick event Id=8, eMBMSSessionId=4 current size: 4990
[pool-298-thread-11] pick event Id=9, eMBMSSessionId=47 current size: 4989
[pool-298-thread-13] pick event Id=10, eMBMSSessionId=68 current size: 4988
[pool-298-thread-12] pick event Id=11, eMBMSSessionId=57 current size: 4987
[pool-298-thread-10] pick event Id=12, eMBMSSessionId=21 current size: 4986
[pool-298-thread-15] pick event Id=13, eMBMSSessionId=91 current size: 4985
[pool-298-thread-14] pick event Id=14, eMBMSSessionId=80 current size: 4984
[pool-298-thread-17] pick event Id=15, eMBMSSessionId=36 current size: 4983
[pool-298-thread-16] pick event Id=16, eMBMSSessionId=71 current size: 4982
[pool-298-thread-19] pick event Id=17, eMBMSSessionId=85 current size: 4981
[pool-298-thread-20] pick event Id=18, eMBMSSessionId=75 current size: 4980
[pool-298-thread-18] pick event Id=19, eMBMSSessionId=11 current size: 4979
event queue is full, will clear all data!
NbiEventCache is cleared with total events removed: 5029
testFull end.
33 times run start
testEventSequence begin.
testEventSequence end.
testSendRadomEmbmsSessionEvents begin.
testSendRadomEmbmsSessionEvents end.
testSendSameEmbmsSessionEvents begin.
testSendSameEmbmsSessionEvents end.
testSendNoSameEmbmsSessionEvents begin.
testSendNoSameEmbmsSessionEvents end.
testSendNoEmbmsSessionIdEvents begin.
testSendNoEmbmsSessionIdEvents end.
testOverload begin.
[pool-306-thread-1] pick event Id=0, eMBMSSessionId=2 current size: 4019
[pool-306-thread-3] pick event Id=1, eMBMSSessionId=20 current size: 4018
[pool-306-thread-2] pick event Id=2, eMBMSSessionId=10 current size: 4017
[pool-306-thread-4] pick event Id=3, eMBMSSessionId=72 current size: 4016
pool-306-thread-1 Discard NBI event &apos; Id=0, eMBMSSessionId=2&apos;, current queue size: 4017
[pool-306-thread-5] pick event Id=4, eMBMSSessionId=77 current size: 4015
pool-306-thread-2 Discard NBI event &apos; Id=2, eMBMSSessionId=10&apos;, current queue size: 4016
[pool-306-thread-8] pick event Id=5, eMBMSSessionId=64 current size: 4014
[pool-306-thread-6] pick event Id=6, eMBMSSessionId=71 current size: 4013
pool-306-thread-3 Discard NBI event &apos; Id=1, eMBMSSessionId=20&apos;, current queue size: 4013
[pool-306-thread-7] pick event Id=7, eMBMSSessionId=79 current size: 4012
pool-306-thread-5 Discard NBI event &apos; Id=4, eMBMSSessionId=77&apos;, current queue size: 4013
pool-306-thread-8 Discard NBI event &apos; Id=5, eMBMSSessionId=64&apos;, current queue size: 4012
[pool-306-thread-9] pick event Id=8, eMBMSSessionId=0 current size: 4011
pool-306-thread-4 Discard NBI event &apos; Id=3, eMBMSSessionId=72&apos;, current queue size: 4011
pool-306-thread-6 Discard NBI event &apos; Id=6, eMBMSSessionId=71&apos;, current queue size: 4012
pool-306-thread-9 Discard NBI event &apos; Id=8, eMBMSSessionId=0&apos;, current queue size: 4011
pool-306-thread-7 Discard NBI event &apos; Id=7, eMBMSSessionId=79&apos;, current queue size: 4011
[pool-306-thread-10] pick event Id=9, eMBMSSessionId=37 current size: 4010
[pool-306-thread-11] pick event Id=10, eMBMSSessionId=54 current size: 4009
pool-306-thread-11 Discard NBI event &apos; Id=10, eMBMSSessionId=54&apos;, current queue size: 4009
pool-306-thread-10 Discard NBI event &apos; Id=9, eMBMSSessionId=37&apos;, current queue size: 4009
[pool-306-thread-12] pick event Id=11, eMBMSSessionId=15 current size: 4008
[pool-306-thread-15] pick event Id=12, eMBMSSessionId=31 current size: 4007
pool-306-thread-12 Discard NBI event &apos; Id=11, eMBMSSessionId=15&apos;, current queue size: 4007
[pool-306-thread-13] adds event Id=13, eMBMSSessionId=31 current size: 4007
pool-306-thread-15 Discard NBI event &apos; Id=12, eMBMSSessionId=31&apos;, current queue size: 4007
[pool-306-thread-14] pick event Id=14, eMBMSSessionId=12 current size: 4006
[pool-306-thread-17] pick event Id=15, eMBMSSessionId=41 current size: 4005
pool-306-thread-14 Discard NBI event &apos; Id=14, eMBMSSessionId=12&apos;, current queue size: 4005
[pool-306-thread-6] pick event Id=16, eMBMSSessionId=97 current size: 4004
[pool-306-thread-16] pick event Id=17, eMBMSSessionId=16 current size: 4003
pool-306-thread-16 Discard NBI event &apos; Id=17, eMBMSSessionId=16&apos;, current queue size: 4003
pool-306-thread-6 Discard NBI event &apos; Id=16, eMBMSSessionId=97&apos;, current queue size: 4003
[pool-306-thread-18] adds event Id=18, eMBMSSessionId=97 current size: 4003
pool-306-thread-17 Discard NBI event &apos; Id=15, eMBMSSessionId=41&apos;, current queue size: 4003
[pool-306-thread-19] pick event Id=19, eMBMSSessionId=70 current size: 4002
[pool-306-thread-20] pick event Id=20, eMBMSSessionId=46 current size: 4001
pool-306-thread-20 Discard NBI event &apos; Id=20, eMBMSSessionId=46&apos;, current queue size: 4001
[pool-306-thread-2] pick event Id=21, eMBMSSessionId=62 current size: 4000
[pool-306-thread-5] adds event Id=22, eMBMSSessionId=46 current size: 4000
pool-306-thread-19 Discard NBI event &apos; Id=19, eMBMSSessionId=70&apos;, current queue size: 4000
[pool-306-thread-3] pick event Id=23, eMBMSSessionId=17 current size: 3999
pool-306-thread-2 Discard NBI event &apos; Id=21, eMBMSSessionId=62&apos;, current queue size: 3999
[pool-306-thread-1] pick event Id=24, eMBMSSessionId=7 current size: 3998
pool-306-thread-15 reduces to 3997
[pool-306-thread-8] pick event Id=25, eMBMSSessionId=21 current size: 3996
[pool-306-thread-4] pick event Id=26, eMBMSSessionId=51 current size: 3995
[pool-306-thread-9] pick event Id=27, eMBMSSessionId=94 current size: 3994
[pool-306-thread-13] pick event Id=28, eMBMSSessionId=60 current size: 3993
[pool-306-thread-14] pick event Id=29, eMBMSSessionId=90 current size: 3992
[pool-306-thread-7] adds event Id=30, eMBMSSessionId=17 current size: 3992
pool-306-thread-6 reduces to 3991
[pool-306-thread-11] pick event Id=31, eMBMSSessionId=0 current size: 3990
[pool-306-thread-17] adds event Id=32, eMBMSSessionId=0 current size: 3990
[pool-306-thread-10] pick event Id=33, eMBMSSessionId=95 current size: 3989
[pool-306-thread-18] pick event Id=34, eMBMSSessionId=78 current size: 3988
[pool-306-thread-16] pick event Id=35, eMBMSSessionId=83 current size: 3987
pool-306-thread-20 reduces to 3986
[pool-306-thread-5] pick event Id=36, eMBMSSessionId=88 current size: 3985
pool-306-thread-3 reduces to 3984
[pool-306-thread-12] pick event Id=37, eMBMSSessionId=98 current size: 3983
[pool-306-thread-7] pick event Id=38, eMBMSSessionId=36 current size: 3982
[pool-306-thread-17] pick event Id=39, eMBMSSessionId=94 current size: 3981
pool-306-thread-11 reduces to 3980
[pool-306-thread-2] pick event Id=40, eMBMSSessionId=62 current size: 3979
[pool-306-thread-19] pick event Id=41, eMBMSSessionId=66 current size: 3978
[pool-306-thread-1] pick event Id=42, eMBMSSessionId=51 current size: 3977
[pool-306-thread-15] adds event Id=43, eMBMSSessionId=51 current size: 3977
pool-306-thread-1 reduces to 3976
[pool-306-thread-9] pick event Id=44, eMBMSSessionId=96 current size: 3975
[pool-306-thread-12] pick event Id=45, eMBMSSessionId=45 current size: 3974
[pool-306-thread-4] pick event Id=46, eMBMSSessionId=10 current size: 3973
[pool-306-thread-8] pick event Id=47, eMBMSSessionId=93 current size: 3972
[pool-306-thread-13] adds event Id=48, eMBMSSessionId=62 current size: 3972
[pool-306-thread-14] pick event Id=49, eMBMSSessionId=44 current size: 3971
[pool-306-thread-7] pick event Id=50, eMBMSSessionId=74 current size: 3970
[pool-306-thread-18] pick event Id=51, eMBMSSessionId=69 current size: 3969
[pool-306-thread-10] pick event Id=52, eMBMSSessionId=37 current size: 3968
[pool-306-thread-6] adds event Id=53, eMBMSSessionId=45 current size: 3968
[pool-306-thread-20] pick event Id=54, eMBMSSessionId=23 current size: 3967
pool-306-thread-2 reduces to 3966
[pool-306-thread-3] pick event Id=55, eMBMSSessionId=82 current size: 3965
[pool-306-thread-15] pick event Id=56, eMBMSSessionId=38 current size: 3964
[pool-306-thread-16] pick event Id=57, eMBMSSessionId=55 current size: 3963
[pool-306-thread-13] pick event Id=58, eMBMSSessionId=80 current size: 3962
[pool-306-thread-5] pick event Id=59, eMBMSSessionId=91 current size: 3961
pool-306-thread-12 reduces to 3960
[pool-306-thread-17] pick event Id=60, eMBMSSessionId=27 current size: 3959
[pool-306-thread-6] pick event Id=61, eMBMSSessionId=33 current size: 3958
[pool-306-thread-11] pick event Id=62, eMBMSSessionId=18 current size: 3957
[pool-306-thread-19] pick event Id=63, eMBMSSessionId=14 current size: 3956
[pool-306-thread-20] pick event Id=64, eMBMSSessionId=17 current size: 3955
[pool-306-thread-9] pick event Id=65, eMBMSSessionId=60 current size: 3954
[pool-306-thread-8] pick event Id=66, eMBMSSessionId=29 current size: 3953
[pool-306-thread-4] pick event Id=67, eMBMSSessionId=22 current size: 3952
[pool-306-thread-12] pick event Id=68, eMBMSSessionId=88 current size: 3951
[pool-306-thread-14] pick event Id=69, eMBMSSessionId=47 current size: 3950
[pool-306-thread-1] pick event Id=70, eMBMSSessionId=31 current size: 3949
[pool-306-thread-10] pick event Id=71, eMBMSSessionId=74 current size: 3948
[pool-306-thread-18] pick event Id=72, eMBMSSessionId=55 current size: 3947
[pool-306-thread-7] pick event Id=73, eMBMSSessionId=49 current size: 3946
[pool-306-thread-2] pick event Id=74, eMBMSSessionId=65 current size: 3945
[pool-306-thread-15] pick event Id=75, eMBMSSessionId=13 current size: 3944
[pool-306-thread-16] pick event Id=76, eMBMSSessionId=23 current size: 3943
[pool-306-thread-19] pick event Id=77, eMBMSSessionId=30 current size: 3942
[pool-306-thread-3] pick event Id=78, eMBMSSessionId=35 current size: 3941
[pool-306-thread-5] pick event Id=79, eMBMSSessionId=67 current size: 3940
[pool-306-thread-13] pick event Id=80, eMBMSSessionId=76 current size: 3939
[pool-306-thread-17] pick event Id=81, eMBMSSessionId=19 current size: 3938
[pool-306-thread-6] pick event Id=82, eMBMSSessionId=40 current size: 3937
[pool-306-thread-11] pick event Id=83, eMBMSSessionId=26 current size: 3936
[pool-306-thread-8] pick event Id=84, eMBMSSessionId=43 current size: 3935
[pool-306-thread-19] pick event Id=85, eMBMSSessionId=36 current size: 3934
[pool-306-thread-4] pick event Id=86, eMBMSSessionId=64 current size: 3933
[pool-306-thread-20] pick event Id=87, eMBMSSessionId=27 current size: 3932
[pool-306-thread-9] pick event Id=88, eMBMSSessionId=31 current size: 3931
[pool-306-thread-12] pick event Id=89, eMBMSSessionId=56 current size: 3930
[pool-306-thread-1] pick event Id=90, eMBMSSessionId=3 current size: 3929
[pool-306-thread-14] pick event Id=91, eMBMSSessionId=63 current size: 3928
[pool-306-thread-10] pick event Id=92, eMBMSSessionId=23 current size: 3927
[pool-306-thread-7] pick event Id=93, eMBMSSessionId=44 current size: 3926
[pool-306-thread-18] adds event Id=94, eMBMSSessionId=56 current size: 3926
[pool-306-thread-2] pick event Id=95, eMBMSSessionId=21 current size: 3925
[pool-306-thread-15] pick event Id=96, eMBMSSessionId=37 current size: 3924
[pool-306-thread-16] pick event Id=97, eMBMSSessionId=30 current size: 3923
[pool-306-thread-3] pick event Id=98, eMBMSSessionId=66 current size: 3922
[pool-306-thread-5] pick event Id=99, eMBMSSessionId=18 current size: 3921
[pool-306-thread-13] pick event Id=100, eMBMSSessionId=77 current size: 3920
[pool-306-thread-17] pick event Id=101, eMBMSSessionId=70 current size: 3919
pool-306-thread-12 reduces to 3918
[pool-306-thread-18] pick event Id=102, eMBMSSessionId=50 current size: 3917
[pool-306-thread-6] pick event Id=103, eMBMSSessionId=48 current size: 3916
[pool-306-thread-10] pick event Id=104, eMBMSSessionId=49 current size: 3915
[pool-306-thread-11] pick event Id=105, eMBMSSessionId=6 current size: 3914
[pool-306-thread-8] pick event Id=106, eMBMSSessionId=46 current size: 3913
[pool-306-thread-20] pick event Id=107, eMBMSSessionId=33 current size: 3912
[pool-306-thread-19] pick event Id=108, eMBMSSessionId=81 current size: 3911
[pool-306-thread-9] pick event Id=109, eMBMSSessionId=9 current size: 3910
[pool-306-thread-4] pick event Id=110, eMBMSSessionId=42 current size: 3909
[pool-306-thread-1] pick event Id=111, eMBMSSessionId=92 current size: 3908
[pool-306-thread-14] pick event Id=112, eMBMSSessionId=50 current size: 3907
[pool-306-thread-7] pick event Id=113, eMBMSSessionId=58 current size: 3906
[pool-306-thread-18] pick event Id=114, eMBMSSessionId=30 current size: 3905
[pool-306-thread-2] pick event Id=115, eMBMSSessionId=18 current size: 3904
[pool-306-thread-10] pick event Id=116, eMBMSSessionId=40 current size: 3903
[pool-306-thread-15] pick event Id=117, eMBMSSessionId=27 current size: 3902
[pool-306-thread-3] pick event Id=118, eMBMSSessionId=16 current size: 3901
[pool-306-thread-16] pick event Id=119, eMBMSSessionId=59 current size: 3900
[pool-306-thread-13] pick event Id=120, eMBMSSessionId=98 current size: 3899
[pool-306-thread-5] pick event Id=121, eMBMSSessionId=42 current size: 3898
[pool-306-thread-17] pick event Id=122, eMBMSSessionId=52 current size: 3897
[pool-306-thread-12] pick event Id=123, eMBMSSessionId=92 current size: 3896
[pool-306-thread-6] pick event Id=124, eMBMSSessionId=43 current size: 3895
[pool-306-thread-11] pick event Id=125, eMBMSSessionId=25 current size: 3894
[pool-306-thread-2] pick event Id=126, eMBMSSessionId=58 current size: 3893
[pool-306-thread-8] adds event Id=127, eMBMSSessionId=16 current size: 3893
pool-306-thread-3 reduces to 3892
[pool-306-thread-20] pick event Id=128, eMBMSSessionId=71 current size: 3891
[pool-306-thread-2] pick event Id=129, eMBMSSessionId=66 current size: 3890
[pool-306-thread-19] pick event Id=130, eMBMSSessionId=87 current size: 3889
[pool-306-thread-9] pick event Id=131, eMBMSSessionId=55 current size: 3888
[pool-306-thread-4] pick event Id=132, eMBMSSessionId=31 current size: 3887
[pool-306-thread-14] pick event Id=133, eMBMSSessionId=2 current size: 3886
[pool-306-thread-1] pick event Id=134, eMBMSSessionId=48 current size: 3885
[pool-306-thread-7] pick event Id=135, eMBMSSessionId=99 current size: 3884
[pool-306-thread-18] pick event Id=136, eMBMSSessionId=54 current size: 3883
[pool-306-thread-12] pick event Id=137, eMBMSSessionId=38 current size: 3882
[pool-306-thread-10] pick event Id=138, eMBMSSessionId=84 current size: 3881
[pool-306-thread-15] pick event Id=139, eMBMSSessionId=59 current size: 3880
[pool-306-thread-8] pick event Id=140, eMBMSSessionId=20 current size: 3879
[pool-306-thread-16] pick event Id=141, eMBMSSessionId=64 current size: 3878
[pool-306-thread-13] pick event Id=142, eMBMSSessionId=92 current size: 3877
[pool-306-thread-5] pick event Id=143, eMBMSSessionId=63 current size: 3876
[pool-306-thread-17] pick event Id=144, eMBMSSessionId=65 current size: 3875
[pool-306-thread-6] pick event Id=145, eMBMSSessionId=32 current size: 3874
[pool-306-thread-11] pick event Id=146, eMBMSSessionId=10 current size: 3873
[pool-306-thread-7] pick event Id=147, eMBMSSessionId=57 current size: 3872
[pool-306-thread-18] adds event Id=148, eMBMSSessionId=84 current size: 3872
pool-306-thread-10 reduces to 3871
[pool-306-thread-20] pick event Id=149, eMBMSSessionId=43 current size: 3870
[pool-306-thread-7] pick event Id=150, eMBMSSessionId=72 current size: 3869
[pool-306-thread-12] pick event Id=151, eMBMSSessionId=81 current size: 3868
[pool-306-thread-3] pick event Id=152, eMBMSSessionId=94 current size: 3867
[pool-306-thread-2] pick event Id=153, eMBMSSessionId=21 current size: 3866
[pool-306-thread-9] pick event Id=154, eMBMSSessionId=75 current size: 3865
[pool-306-thread-8] adds event Id=155, eMBMSSessionId=92 current size: 3865
[pool-306-thread-19] pick event Id=156, eMBMSSessionId=71 current size: 3864
[pool-306-thread-1] pick event Id=157, eMBMSSessionId=55 current size: 3863
[pool-306-thread-4] pick event Id=158, eMBMSSessionId=64 current size: 3862
[pool-306-thread-14] adds event Id=159, eMBMSSessionId=32 current size: 3862
[pool-306-thread-14] adds event Id=160, eMBMSSessionId=72 current size: 3862
[pool-306-thread-14] pick event Id=161, eMBMSSessionId=80 current size: 3861
pool-306-thread-13 reduces to 3860
pool-306-thread-6 reduces to 3859
[pool-306-thread-18] pick event Id=162, eMBMSSessionId=74 current size: 3858
[pool-306-thread-20] pick event Id=163, eMBMSSessionId=89 current size: 3857
[pool-306-thread-10] pick event Id=164, eMBMSSessionId=30 current size: 3856
pool-306-thread-7 reduces to 3855
[pool-306-thread-15] pick event Id=165, eMBMSSessionId=49 current size: 3854
[pool-306-thread-8] pick event Id=166, eMBMSSessionId=38 current size: 3853
[pool-306-thread-16] pick event Id=167, eMBMSSessionId=63 current size: 3852
[pool-306-thread-5] pick event Id=168, eMBMSSessionId=94 current size: 3851
[pool-306-thread-17] pick event Id=169, eMBMSSessionId=64 current size: 3850
[pool-306-thread-12] pick event Id=170, eMBMSSessionId=57 current size: 3849
[pool-306-thread-11] pick event Id=171, eMBMSSessionId=67 current size: 3848
[pool-306-thread-3] pick event Id=172, eMBMSSessionId=14 current size: 3847
[pool-306-thread-2] pick event Id=173, eMBMSSessionId=62 current size: 3846
[pool-306-thread-9] pick event Id=174, eMBMSSessionId=76 current size: 3845
[pool-306-thread-1] pick event Id=175, eMBMSSessionId=68 current size: 3844
[pool-306-thread-19] pick event Id=176, eMBMSSessionId=1 current size: 3843
[pool-306-thread-4] pick event Id=177, eMBMSSessionId=98 current size: 3842
[pool-306-thread-14] pick event Id=178, eMBMSSessionId=78 current size: 3841
[pool-306-thread-13] pick event Id=179, eMBMSSessionId=15 current size: 3840
[pool-306-thread-6] pick event Id=180, eMBMSSessionId=35 current size: 3839
[pool-306-thread-18] pick event Id=181, eMBMSSessionId=30 current size: 3838
[pool-306-thread-10] pick event Id=182, eMBMSSessionId=19 current size: 3837
[pool-306-thread-20] pick event Id=183, eMBMSSessionId=52 current size: 3836
[pool-306-thread-7] pick event Id=184, eMBMSSessionId=88 current size: 3835
[pool-306-thread-15] adds event Id=185, eMBMSSessionId=76 current size: 3835
pool-306-thread-9 reduces to 3834
[pool-306-thread-8] pick event Id=186, eMBMSSessionId=36 current size: 3833
[pool-306-thread-2] pick event Id=187, eMBMSSessionId=24 current size: 3832
[pool-306-thread-16] pick event Id=188, eMBMSSessionId=32 current size: 3831
[pool-306-thread-5] pick event Id=189, eMBMSSessionId=26 current size: 3830
[pool-306-thread-17] pick event Id=190, eMBMSSessionId=63 current size: 3829
[pool-306-thread-12] pick event Id=191, eMBMSSessionId=3 current size: 3828
[pool-306-thread-11] pick event Id=192, eMBMSSessionId=79 current size: 3827
[pool-306-thread-3] pick event Id=193, eMBMSSessionId=15 current size: 3826
[pool-306-thread-15] pick event Id=194, eMBMSSessionId=96 current size: 3825
[pool-306-thread-7] pick event Id=195, eMBMSSessionId=83 current size: 3824
[pool-306-thread-1] pick event Id=196, eMBMSSessionId=22 current size: 3823
[pool-306-thread-19] adds event Id=197, eMBMSSessionId=26 current size: 3823
[pool-306-thread-4] pick event Id=198, eMBMSSessionId=47 current size: 3822
pool-306-thread-5 reduces to 3821
[pool-306-thread-14] pick event Id=199, eMBMSSessionId=72 current size: 3820
[pool-306-thread-13] pick event Id=200, eMBMSSessionId=62 current size: 3819
[pool-306-thread-6] pick event Id=201, eMBMSSessionId=21 current size: 3818
[pool-306-thread-10] pick event Id=202, eMBMSSessionId=6 current size: 3817
[pool-306-thread-18] pick event Id=203, eMBMSSessionId=32 current size: 3816
[pool-306-thread-20] pick event Id=204, eMBMSSessionId=58 current size: 3815
[pool-306-thread-8] pick event Id=205, eMBMSSessionId=51 current size: 3814
[pool-306-thread-9] pick event Id=206, eMBMSSessionId=87 current size: 3813
[pool-306-thread-15] pick event Id=207, eMBMSSessionId=99 current size: 3812
[pool-306-thread-19] pick event Id=208, eMBMSSessionId=9 current size: 3811
[pool-306-thread-2] adds event Id=209, eMBMSSessionId=47 current size: 3811
[pool-306-thread-16] pick event Id=210, eMBMSSessionId=75 current size: 3810
pool-306-thread-4 reduces to 3809
[pool-306-thread-17] pick event Id=211, eMBMSSessionId=59 current size: 3808
[pool-306-thread-12] pick event Id=212, eMBMSSessionId=2 current size: 3807
[pool-306-thread-10] pick event Id=213, eMBMSSessionId=33 current size: 3806
[pool-306-thread-11] pick event Id=214, eMBMSSessionId=85 current size: 3805
[pool-306-thread-3] pick event Id=215, eMBMSSessionId=73 current size: 3804
[pool-306-thread-7] pick event Id=216, eMBMSSessionId=32 current size: 3803
[pool-306-thread-1] pick event Id=217, eMBMSSessionId=68 current size: 3802
[pool-306-thread-2] pick event Id=218, eMBMSSessionId=10 current size: 3801
[pool-306-thread-5] pick event Id=219, eMBMSSessionId=0 current size: 3800
[pool-306-thread-14] pick event Id=220, eMBMSSessionId=48 current size: 3799
[pool-306-thread-13] pick event Id=221, eMBMSSessionId=78 current size: 3798
[pool-306-thread-6] pick event Id=222, eMBMSSessionId=26 current size: 3797
[pool-306-thread-18] pick event Id=223, eMBMSSessionId=99 current size: 3796
[pool-306-thread-20] pick event Id=224, eMBMSSessionId=77 current size: 3795
[pool-306-thread-8] pick event Id=225, eMBMSSessionId=3 current size: 3794
[pool-306-thread-9] pick event Id=226, eMBMSSessionId=14 current size: 3793
[pool-306-thread-15] pick event Id=227, eMBMSSessionId=67 current size: 3792
[pool-306-thread-19] pick event Id=228, eMBMSSessionId=12 current size: 3791
[pool-306-thread-4] pick event Id=229, eMBMSSessionId=72 current size: 3790
[pool-306-thread-16] adds event Id=230, eMBMSSessionId=12 current size: 3790
[pool-306-thread-16] pick event Id=231, eMBMSSessionId=39 current size: 3789
[pool-306-thread-17] pick event Id=232, eMBMSSessionId=38 current size: 3788
[pool-306-thread-12] pick event Id=233, eMBMSSessionId=25 current size: 3787
[pool-306-thread-10] pick event Id=234, eMBMSSessionId=43 current size: 3786
[pool-306-thread-6] pick event Id=235, eMBMSSessionId=7 current size: 3785
[pool-306-thread-11] pick event Id=236, eMBMSSessionId=4 current size: 3784
[pool-306-thread-3] pick event Id=237, eMBMSSessionId=31 current size: 3783
[pool-306-thread-7] pick event Id=238, eMBMSSessionId=20 current size: 3782
[pool-306-thread-1] pick event Id=239, eMBMSSessionId=17 current size: 3781
[pool-306-thread-2] pick event Id=240, eMBMSSessionId=18 current size: 3780
pool-306-thread-19 reduces to 3779
[pool-306-thread-5] pick event Id=241, eMBMSSessionId=92 current size: 3778
[pool-306-thread-14] pick event Id=242, eMBMSSessionId=50 current size: 3777
[pool-306-thread-13] pick event Id=243, eMBMSSessionId=86 current size: 3776
[pool-306-thread-18] pick event Id=244, eMBMSSessionId=68 current size: 3775
[pool-306-thread-20] pick event Id=245, eMBMSSessionId=40 current size: 3774
[pool-306-thread-8] pick event Id=246, eMBMSSessionId=19 current size: 3773
[pool-306-thread-9] pick event Id=247, eMBMSSessionId=78 current size: 3772
[pool-306-thread-15] pick event Id=248, eMBMSSessionId=81 current size: 3771
[pool-306-thread-5] pick event Id=249, eMBMSSessionId=93 current size: 3770
[pool-306-thread-4] pick event Id=250, eMBMSSessionId=99 current size: 3769
[pool-306-thread-16] pick event Id=251, eMBMSSessionId=55 current size: 3768
[pool-306-thread-17] pick event Id=252, eMBMSSessionId=53 current size: 3767
[pool-306-thread-12] adds event Id=253, eMBMSSessionId=99 current size: 3767
[pool-306-thread-10] pick event Id=254, eMBMSSessionId=2 current size: 3766
[pool-306-thread-20] pick event Id=255, eMBMSSessionId=23 current size: 3765
[pool-306-thread-11] adds event Id=256, eMBMSSessionId=2 current size: 3765
[pool-306-thread-6] pick event Id=257, eMBMSSessionId=41 current size: 3764
[pool-306-thread-3] pick event Id=258, eMBMSSessionId=6 current size: 3763
[pool-306-thread-7] pick event Id=259, eMBMSSessionId=95 current size: 3762
[pool-306-thread-1] pick event Id=260, eMBMSSessionId=15 current size: 3761
[pool-306-thread-2] pick event Id=261, eMBMSSessionId=37 current size: 3760
pool-306-thread-4 reduces to 3759
[pool-306-thread-15] pick event Id=262, eMBMSSessionId=91 current size: 3758
[pool-306-thread-19] adds event Id=263, eMBMSSessionId=95 current size: 3758
[pool-306-thread-14] pick event Id=264, eMBMSSessionId=74 current size: 3757
[pool-306-thread-13] pick event Id=265, eMBMSSessionId=3 current size: 3756
[pool-306-thread-12] pick event Id=266, eMBMSSessionId=40 current size: 3755
[pool-306-thread-18] pick event Id=267, eMBMSSessionId=36 current size: 3754
pool-306-thread-10 reduces to 3753
[pool-306-thread-11] pick event Id=268, eMBMSSessionId=8 current size: 3752
[pool-306-thread-3] pick event Id=269, eMBMSSessionId=90 current size: 3751
[pool-306-thread-8] pick event Id=270, eMBMSSessionId=7 current size: 3750
pool-306-thread-7 reduces to 3749
[pool-306-thread-6] pick event Id=271, eMBMSSessionId=88 current size: 3748
[pool-306-thread-6] pick event Id=272, eMBMSSessionId=76 current size: 3747
[pool-306-thread-6] pick event Id=273, eMBMSSessionId=52 current size: 3746
[pool-306-thread-2] pick event Id=274, eMBMSSessionId=5 current size: 3745
[pool-306-thread-9] pick event Id=275, eMBMSSessionId=84 current size: 3744
[pool-306-thread-5] adds event Id=276, eMBMSSessionId=40 current size: 3744
[pool-306-thread-5] pick event Id=277, eMBMSSessionId=64 current size: 3743
[pool-306-thread-19] pick event Id=278, eMBMSSessionId=68 current size: 3742
[pool-306-thread-16] pick event Id=279, eMBMSSessionId=38 current size: 3741
[pool-306-thread-17] pick event Id=280, eMBMSSessionId=96 current size: 3740
pool-306-thread-12 reduces to 3739
[pool-306-thread-18] pick event Id=281, eMBMSSessionId=73 current size: 3738
[pool-306-thread-20] pick event Id=282, eMBMSSessionId=85 current size: 3737
[pool-306-thread-2] pick event Id=283, eMBMSSessionId=98 current size: 3736
[pool-306-thread-1] pick event Id=284, eMBMSSessionId=17 current size: 3735
[pool-306-thread-4] pick event Id=285, eMBMSSessionId=13 current size: 3734
[pool-306-thread-5] adds event Id=286, eMBMSSessionId=98 current size: 3734
[pool-306-thread-5] pick event Id=287, eMBMSSessionId=84 current size: 3733
[pool-306-thread-9] pick event Id=288, eMBMSSessionId=29 current size: 3732
[pool-306-thread-14] pick event Id=289, eMBMSSessionId=9 current size: 3731
[pool-306-thread-17] adds event Id=290, eMBMSSessionId=13 current size: 3731
[pool-306-thread-13] pick event Id=291, eMBMSSessionId=3 current size: 3730
[pool-306-thread-15] pick event Id=292, eMBMSSessionId=79 current size: 3729
[pool-306-thread-11] pick event Id=293, eMBMSSessionId=12 current size: 3728
[pool-306-thread-10] pick event Id=294, eMBMSSessionId=23 current size: 3727
[pool-306-thread-18] pick event Id=295, eMBMSSessionId=24 current size: 3726
[pool-306-thread-7] pick event Id=296, eMBMSSessionId=65 current size: 3725
pool-306-thread-2 reduces to 3724
[pool-306-thread-8] pick event Id=297, eMBMSSessionId=52 current size: 3723
[pool-306-thread-6] pick event Id=298, eMBMSSessionId=89 current size: 3722
[pool-306-thread-3] adds event Id=299, eMBMSSessionId=79 current size: 3722
pool-306-thread-4 reduces to 3721
[pool-306-thread-19] pick event Id=300, eMBMSSessionId=95 current size: 3720
[pool-306-thread-17] pick event Id=301, eMBMSSessionId=64 current size: 3719
[pool-306-thread-12] pick event Id=302, eMBMSSessionId=45 current size: 3718
[pool-306-thread-16] pick event Id=303, eMBMSSessionId=99 current size: 3717
[pool-306-thread-10] pick event Id=304, eMBMSSessionId=82 current size: 3716
[pool-306-thread-10] pick event Id=305, eMBMSSessionId=36 current size: 3715
[pool-306-thread-13] pick event Id=306, eMBMSSessionId=77 current size: 3714
pool-306-thread-15 reduces to 3713
[pool-306-thread-20] adds event Id=307, eMBMSSessionId=77 current size: 3713
[pool-306-thread-18] pick event Id=308, eMBMSSessionId=85 current size: 3712
[pool-306-thread-3] pick event Id=309, eMBMSSessionId=31 current size: 3711
[pool-306-thread-6] pick event Id=310, eMBMSSessionId=44 current size: 3710
[pool-306-thread-1] pick event Id=311, eMBMSSessionId=9 current size: 3709
[pool-306-thread-5] pick event Id=312, eMBMSSessionId=40 current size: 3708
[pool-306-thread-9] pick event Id=313, eMBMSSessionId=39 current size: 3707
[pool-306-thread-14] pick event Id=314, eMBMSSessionId=6 current size: 3706
[pool-306-thread-11] pick event Id=315, eMBMSSessionId=97 current size: 3705
pool-306-thread-13 reduces to 3704
[pool-306-thread-20] pick event Id=316, eMBMSSessionId=90 current size: 3703
[pool-306-thread-7] pick event Id=317, eMBMSSessionId=4 current size: 3702
[pool-306-thread-2] pick event Id=318, eMBMSSessionId=3 current size: 3701
[pool-306-thread-4] pick event Id=319, eMBMSSessionId=69 current size: 3700
[pool-306-thread-8] pick event Id=320, eMBMSSessionId=0 current size: 3699
[pool-306-thread-1] pick event Id=321, eMBMSSessionId=58 current size: 3698
[pool-306-thread-12] pick event Id=322, eMBMSSessionId=35 current size: 3697
[pool-306-thread-17] pick event Id=323, eMBMSSessionId=13 current size: 3696
[pool-306-thread-16] pick event Id=324, eMBMSSessionId=16 current size: 3695
[pool-306-thread-10] pick event Id=325, eMBMSSessionId=93 current size: 3694
[pool-306-thread-19] pick event Id=326, eMBMSSessionId=1 current size: 3693
[pool-306-thread-15] pick event Id=327, eMBMSSessionId=95 current size: 3692
[pool-306-thread-18] pick event Id=328, eMBMSSessionId=88 current size: 3691
[pool-306-thread-3] pick event Id=329, eMBMSSessionId=43 current size: 3690
[pool-306-thread-6] pick event Id=330, eMBMSSessionId=34 current size: 3689
[pool-306-thread-5] pick event Id=331, eMBMSSessionId=91 current size: 3688
[pool-306-thread-4] pick event Id=332, eMBMSSessionId=59 current size: 3687
[pool-306-thread-9] pick event Id=333, eMBMSSessionId=17 current size: 3686
[pool-306-thread-14] pick event Id=334, eMBMSSessionId=5 current size: 3685
[pool-306-thread-11] adds event Id=335, eMBMSSessionId=91 current size: 3685
[pool-306-thread-7] adds event Id=336, eMBMSSessionId=5 current size: 3685
[pool-306-thread-13] pick event Id=337, eMBMSSessionId=44 current size: 3684
[pool-306-thread-20] pick event Id=338, eMBMSSessionId=26 current size: 3683
[pool-306-thread-2] pick event Id=339, eMBMSSessionId=32 current size: 3682
[pool-306-thread-8] pick event Id=340, eMBMSSessionId=24 current size: 3681
[pool-306-thread-4] pick event Id=341, eMBMSSessionId=78 current size: 3680
[pool-306-thread-1] pick event Id=342, eMBMSSessionId=84 current size: 3679
pool-306-thread-5 reduces to 3678
[pool-306-thread-17] pick event Id=343, eMBMSSessionId=16 current size: 3677
[pool-306-thread-12] pick event Id=344, eMBMSSessionId=31 current size: 3676
[pool-306-thread-9] pick event Id=345, eMBMSSessionId=33 current size: 3675
[pool-306-thread-16] pick event Id=346, eMBMSSessionId=40 current size: 3674
pool-306-thread-14 reduces to 3673
[pool-306-thread-11] pick event Id=347, eMBMSSessionId=4 current size: 3672
[pool-306-thread-19] adds event Id=348, eMBMSSessionId=31 current size: 3672
[pool-306-thread-10] pick event Id=349, eMBMSSessionId=20 current size: 3671
[pool-306-thread-7] adds event Id=350, eMBMSSessionId=24 current size: 3671
[pool-306-thread-15] pick event Id=351, eMBMSSessionId=50 current size: 3670
[pool-306-thread-3] adds event Id=352, eMBMSSessionId=40 current size: 3670
[pool-306-thread-3] pick event Id=353, eMBMSSessionId=73 current size: 3669
[pool-306-thread-18] pick event Id=354, eMBMSSessionId=52 current size: 3668
[pool-306-thread-6] pick event Id=355, eMBMSSessionId=11 current size: 3667
pool-306-thread-8 reduces to 3666
pool-306-thread-12 reduces to 3665
[pool-306-thread-17] pick event Id=356, eMBMSSessionId=54 current size: 3664
[pool-306-thread-19] pick event Id=357, eMBMSSessionId=48 current size: 3663
pool-306-thread-16 reduces to 3662
[pool-306-thread-7] pick event Id=358, eMBMSSessionId=28 current size: 3661
[pool-306-thread-13] pick event Id=359, eMBMSSessionId=30 current size: 3660
[pool-306-thread-20] pick event Id=360, eMBMSSessionId=51 current size: 3659
[pool-306-thread-2] pick event Id=361, eMBMSSessionId=69 current size: 3658
[pool-306-thread-4] pick event Id=362, eMBMSSessionId=58 current size: 3657
[pool-306-thread-1] pick event Id=363, eMBMSSessionId=33 current size: 3656
[pool-306-thread-5] pick event Id=364, eMBMSSessionId=70 current size: 3655
[pool-306-thread-9] pick event Id=365, eMBMSSessionId=85 current size: 3654
[pool-306-thread-14] pick event Id=366, eMBMSSessionId=68 current size: 3653
[pool-306-thread-11] pick event Id=367, eMBMSSessionId=98 current size: 3652
[pool-306-thread-10] pick event Id=368, eMBMSSessionId=80 current size: 3651
[pool-306-thread-15] adds event Id=369, eMBMSSessionId=30 current size: 3651
pool-306-thread-13 reduces to 3650
[pool-306-thread-18] pick event Id=370, eMBMSSessionId=27 current size: 3649
[pool-306-thread-3] pick event Id=371, eMBMSSessionId=87 current size: 3648
[pool-306-thread-6] pick event Id=372, eMBMSSessionId=82 current size: 3647
[pool-306-thread-8] adds event Id=373, eMBMSSessionId=98 current size: 3647
[pool-306-thread-2] pick event Id=374, eMBMSSessionId=47 current size: 3646
[pool-306-thread-12] pick event Id=375, eMBMSSessionId=18 current size: 3645
[pool-306-thread-17] pick event Id=376, eMBMSSessionId=11 current size: 3644
pool-306-thread-11 reduces to 3643
[pool-306-thread-15] pick event Id=377, eMBMSSessionId=83 current size: 3642
[pool-306-thread-19] pick event Id=378, eMBMSSessionId=84 current size: 3641
[pool-306-thread-16] pick event Id=379, eMBMSSessionId=19 current size: 3640
[pool-306-thread-7] pick event Id=380, eMBMSSessionId=17 current size: 3639
[pool-306-thread-20] pick event Id=381, eMBMSSessionId=61 current size: 3638
[pool-306-thread-8] pick event Id=382, eMBMSSessionId=65 current size: 3637
[pool-306-thread-4] pick event Id=383, eMBMSSessionId=91 current size: 3636
[pool-306-thread-5] pick event Id=384, eMBMSSessionId=96 current size: 3635
[pool-306-thread-1] adds event Id=385, eMBMSSessionId=17 current size: 3635
[pool-306-thread-14] pick event Id=386, eMBMSSessionId=95 current size: 3634
[pool-306-thread-9] pick event Id=387, eMBMSSessionId=43 current size: 3633
[pool-306-thread-10] pick event Id=388, eMBMSSessionId=94 current size: 3632
[pool-306-thread-13] pick event Id=389, eMBMSSessionId=1 current size: 3631
pool-306-thread-7 reduces to 3630
[pool-306-thread-18] pick event Id=390, eMBMSSessionId=57 current size: 3629
[pool-306-thread-3] adds event Id=391, eMBMSSessionId=91 current size: 3629
[pool-306-thread-6] pick event Id=392, eMBMSSessionId=81 current size: 3628
[pool-306-thread-2] pick event Id=393, eMBMSSessionId=89 current size: 3627
[pool-306-thread-1] pick event Id=394, eMBMSSessionId=67 current size: 3626
pool-306-thread-4 reduces to 3625
[pool-306-thread-12] adds event Id=395, eMBMSSessionId=1 current size: 3625
[pool-306-thread-17] pick event Id=396, eMBMSSessionId=59 current size: 3624
[pool-306-thread-15] pick event Id=397, eMBMSSessionId=4 current size: 3623
[pool-306-thread-11] pick event Id=398, eMBMSSessionId=9 current size: 3622
[pool-306-thread-16] pick event Id=399, eMBMSSessionId=23 current size: 3621
pool-306-thread-13 reduces to 3620
[pool-306-thread-19] adds event Id=400, eMBMSSessionId=9 current size: 3620
[pool-306-thread-3] pick event Id=401, eMBMSSessionId=49 current size: 3619
[pool-306-thread-20] pick event Id=402, eMBMSSessionId=6 current size: 3618
[pool-306-thread-8] pick event Id=403, eMBMSSessionId=16 current size: 3617
[pool-306-thread-12] pick event Id=404, eMBMSSessionId=40 current size: 3616
[pool-306-thread-2] pick event Id=405, eMBMSSessionId=17 current size: 3615
[pool-306-thread-5] pick event Id=406, eMBMSSessionId=58 current size: 3614
[pool-306-thread-4] pick event Id=407, eMBMSSessionId=7 current size: 3613
[pool-306-thread-14] adds event Id=408, eMBMSSessionId=40 current size: 3613
[pool-306-thread-9] pick event Id=409, eMBMSSessionId=30 current size: 3612
pool-306-thread-11 reduces to 3611
[pool-306-thread-10] pick event Id=410, eMBMSSessionId=50 current size: 3610
[pool-306-thread-19] pick event Id=411, eMBMSSessionId=85 current size: 3609
[pool-306-thread-7] pick event Id=412, eMBMSSessionId=2 current size: 3608
[pool-306-thread-18] adds event Id=413, eMBMSSessionId=7 current size: 3608
[pool-306-thread-6] pick event Id=414, eMBMSSessionId=95 current size: 3607
[pool-306-thread-1] pick event Id=415, eMBMSSessionId=33 current size: 3606
[pool-306-thread-8] adds event Id=416, eMBMSSessionId=2 current size: 3606
pool-306-thread-12 reduces to 3605
[pool-306-thread-14] pick event Id=417, eMBMSSessionId=19 current size: 3604
[pool-306-thread-17] adds event Id=418, eMBMSSessionId=2 current size: 3604
pool-306-thread-4 reduces to 3603
[pool-306-thread-15] pick event Id=419, eMBMSSessionId=91 current size: 3602
[pool-306-thread-16] pick event Id=420, eMBMSSessionId=94 current size: 3601
[pool-306-thread-13] pick event Id=421, eMBMSSessionId=36 current size: 3600
[pool-306-thread-18] pick event Id=422, eMBMSSessionId=54 current size: 3599
pool-306-thread-7 reduces to 3598
[pool-306-thread-3] pick event Id=423, eMBMSSessionId=42 current size: 3597
[pool-306-thread-20] pick event Id=424, eMBMSSessionId=39 current size: 3596
[pool-306-thread-2] pick event Id=425, eMBMSSessionId=52 current size: 3595
[pool-306-thread-8] pick event Id=426, eMBMSSessionId=63 current size: 3594
[pool-306-thread-5] pick event Id=427, eMBMSSessionId=3 current size: 3593
[pool-306-thread-1] pick event Id=428, eMBMSSessionId=22 current size: 3592
[pool-306-thread-17] adds event Id=429, eMBMSSessionId=2 current size: 3592
[pool-306-thread-12] pick event Id=430, eMBMSSessionId=16 current size: 3591
[pool-306-thread-11] adds event Id=431, eMBMSSessionId=42 current size: 3591
[pool-306-thread-9] pick event Id=432, eMBMSSessionId=82 current size: 3590
[pool-306-thread-19] pick event Id=433, eMBMSSessionId=31 current size: 3589
[pool-306-thread-10] pick event Id=434, eMBMSSessionId=74 current size: 3588
[pool-306-thread-6] pick event Id=435, eMBMSSessionId=8 current size: 3587
pool-306-thread-7 reduces to 3586
pool-306-thread-3 reduces to 3585
[pool-306-thread-17] pick event Id=436, eMBMSSessionId=28 current size: 3584
[pool-306-thread-14] pick event Id=437, eMBMSSessionId=17 current size: 3583
[pool-306-thread-11] pick event Id=438, eMBMSSessionId=40 current size: 3582
[pool-306-thread-4] pick event Id=439, eMBMSSessionId=4 current size: 3581
[pool-306-thread-15] pick event Id=440, eMBMSSessionId=67 current size: 3580
[pool-306-thread-12] pick event Id=441, eMBMSSessionId=66 current size: 3579
[pool-306-thread-16] pick event Id=442, eMBMSSessionId=18 current size: 3578
[pool-306-thread-13] pick event Id=443, eMBMSSessionId=95 current size: 3577
[pool-306-thread-18] adds event Id=444, eMBMSSessionId=40 current size: 3577
[pool-306-thread-2] pick event Id=445, eMBMSSessionId=6 current size: 3576
pool-306-thread-7 reduces to 3575
[pool-306-thread-8] pick event Id=446, eMBMSSessionId=77 current size: 3574
[pool-306-thread-20] pick event Id=447, eMBMSSessionId=79 current size: 3573
[pool-306-thread-5] pick event Id=448, eMBMSSessionId=7 current size: 3572
[pool-306-thread-1] pick event Id=449, eMBMSSessionId=90 current size: 3571
pool-306-thread-11 reduces to 3570
[pool-306-thread-9] pick event Id=450, eMBMSSessionId=60 current size: 3569
[pool-306-thread-4] pick event Id=451, eMBMSSessionId=99 current size: 3568
[pool-306-thread-12] pick event Id=452, eMBMSSessionId=68 current size: 3567
[pool-306-thread-18] pick event Id=453, eMBMSSessionId=57 current size: 3566
[pool-306-thread-19] pick event Id=454, eMBMSSessionId=98 current size: 3565
[pool-306-thread-10] pick event Id=455, eMBMSSessionId=21 current size: 3564
[pool-306-thread-6] adds event Id=456, eMBMSSessionId=68 current size: 3564
[pool-306-thread-3] pick event Id=457, eMBMSSessionId=29 current size: 3563
[pool-306-thread-2] pick event Id=458, eMBMSSessionId=12 current size: 3562
[pool-306-thread-17] pick event Id=459, eMBMSSessionId=19 current size: 3561
[pool-306-thread-14] pick event Id=460, eMBMSSessionId=7 current size: 3560
[pool-306-thread-15] pick event Id=461, eMBMSSessionId=47 current size: 3559
[pool-306-thread-16] pick event Id=462, eMBMSSessionId=82 current size: 3558
[pool-306-thread-13] pick event Id=463, eMBMSSessionId=36 current size: 3557
pool-306-thread-12 reduces to 3556
[pool-306-thread-6] pick event Id=464, eMBMSSessionId=95 current size: 3555
[pool-306-thread-7] pick event Id=465, eMBMSSessionId=16 current size: 3554
[pool-306-thread-8] pick event Id=466, eMBMSSessionId=34 current size: 3553
[pool-306-thread-20] pick event Id=467, eMBMSSessionId=14 current size: 3552
[pool-306-thread-5] pick event Id=468, eMBMSSessionId=92 current size: 3551
[pool-306-thread-1] pick event Id=469, eMBMSSessionId=60 current size: 3550
[pool-306-thread-11] pick event Id=470, eMBMSSessionId=42 current size: 3549
[pool-306-thread-9] pick event Id=471, eMBMSSessionId=59 current size: 3548
[pool-306-thread-14] adds event Id=472, eMBMSSessionId=36 current size: 3548
[pool-306-thread-4] pick event Id=473, eMBMSSessionId=58 current size: 3547
[pool-306-thread-15] adds event Id=474, eMBMSSessionId=36 current size: 3547
pool-306-thread-13 reduces to 3546
[pool-306-thread-18] pick event Id=475, eMBMSSessionId=41 current size: 3545
[pool-306-thread-19] pick event Id=476, eMBMSSessionId=5 current size: 3544
[pool-306-thread-10] pick event Id=477, eMBMSSessionId=82 current size: 3543
[pool-306-thread-3] pick event Id=478, eMBMSSessionId=35 current size: 3542
[pool-306-thread-6] pick event Id=479, eMBMSSessionId=17 current size: 3541
[pool-306-thread-2] pick event Id=480, eMBMSSessionId=50 current size: 3540
[pool-306-thread-17] pick event Id=481, eMBMSSessionId=91 current size: 3539
[pool-306-thread-14] pick event Id=482, eMBMSSessionId=80 current size: 3538
[pool-306-thread-15] pick event Id=483, eMBMSSessionId=89 current size: 3537
[pool-306-thread-16] adds event Id=484, eMBMSSessionId=35 current size: 3537
[pool-306-thread-12] pick event Id=485, eMBMSSessionId=60 current size: 3536
pool-306-thread-13 reduces to 3535
pool-306-thread-3 reduces to 3534
[pool-306-thread-7] pick event Id=486, eMBMSSessionId=51 current size: 3533
[pool-306-thread-20] pick event Id=487, eMBMSSessionId=6 current size: 3532
[pool-306-thread-8] pick event Id=488, eMBMSSessionId=17 current size: 3531
[pool-306-thread-5] pick event Id=489, eMBMSSessionId=25 current size: 3530
[pool-306-thread-1] adds event Id=490, eMBMSSessionId=60 current size: 3530
[pool-306-thread-9] adds event Id=491, eMBMSSessionId=36 current size: 3530
[pool-306-thread-2] pick event Id=492, eMBMSSessionId=94 current size: 3529
[pool-306-thread-11] pick event Id=493, eMBMSSessionId=95 current size: 3528
[pool-306-thread-4] pick event Id=494, eMBMSSessionId=90 current size: 3527
[pool-306-thread-16] pick event Id=495, eMBMSSessionId=91 current size: 3526
[pool-306-thread-19] pick event Id=496, eMBMSSessionId=49 current size: 3525
pool-306-thread-13 reduces to 3524
pool-306-thread-12 reduces to 3523
[pool-306-thread-18] pick event Id=497, eMBMSSessionId=78 current size: 3522
[pool-306-thread-10] pick event Id=498, eMBMSSessionId=4 current size: 3521
[pool-306-thread-6] pick event Id=499, eMBMSSessionId=76 current size: 3520
[pool-306-thread-1] pick event Id=500, eMBMSSessionId=39 current size: 3519
[pool-306-thread-9] pick event Id=501, eMBMSSessionId=12 current size: 3518
[pool-306-thread-8] pick event Id=502, eMBMSSessionId=3 current size: 3517
[pool-306-thread-17] pick event Id=503, eMBMSSessionId=31 current size: 3516
[pool-306-thread-14] pick event Id=504, eMBMSSessionId=99 current size: 3515
[pool-306-thread-15] pick event Id=505, eMBMSSessionId=98 current size: 3514
[pool-306-thread-3] pick event Id=506, eMBMSSessionId=48 current size: 3513
[pool-306-thread-7] pick event Id=507, eMBMSSessionId=55 current size: 3512
[pool-306-thread-12] pick event Id=508, eMBMSSessionId=35 current size: 3511
[pool-306-thread-20] adds event Id=509, eMBMSSessionId=39 current size: 3511
[pool-306-thread-5] pick event Id=510, eMBMSSessionId=74 current size: 3510
pool-306-thread-1 reduces to 3509
[pool-306-thread-4] pick event Id=511, eMBMSSessionId=36 current size: 3508
[pool-306-thread-2] pick event Id=512, eMBMSSessionId=80 current size: 3507
[pool-306-thread-17] pick event Id=513, eMBMSSessionId=17 current size: 3506
[pool-306-thread-11] adds event Id=514, eMBMSSessionId=35 current size: 3506
[pool-306-thread-16] pick event Id=515, eMBMSSessionId=23 current size: 3505
[pool-306-thread-19] pick event Id=516, eMBMSSessionId=47 current size: 3504
[pool-306-thread-13] pick event Id=517, eMBMSSessionId=89 current size: 3503
[pool-306-thread-18] pick event Id=518, eMBMSSessionId=5 current size: 3502
[pool-306-thread-10] pick event Id=519, eMBMSSessionId=77 current size: 3501
testOverload end.
testFull begin.
[pool-307-thread-1] pick event Id=0, eMBMSSessionId=23 current size: 4998
[pool-307-thread-2] pick event Id=1, eMBMSSessionId=11 current size: 4997
[pool-307-thread-3] pick event Id=2, eMBMSSessionId=86 current size: 4996
[pool-307-thread-4] pick event Id=3, eMBMSSessionId=69 current size: 4995
[pool-307-thread-5] pick event Id=4, eMBMSSessionId=43 current size: 4994
[pool-307-thread-6] pick event Id=5, eMBMSSessionId=59 current size: 4993
[pool-307-thread-7] pick event Id=6, eMBMSSessionId=89 current size: 4992
[pool-307-thread-8] pick event Id=7, eMBMSSessionId=95 current size: 4991
[pool-307-thread-9] pick event Id=8, eMBMSSessionId=72 current size: 4990
[pool-307-thread-10] pick event Id=9, eMBMSSessionId=15 current size: 4989
[pool-307-thread-12] pick event Id=10, eMBMSSessionId=3 current size: 4988
[pool-307-thread-11] pick event Id=11, eMBMSSessionId=54 current size: 4987
[pool-307-thread-13] pick event Id=12, eMBMSSessionId=19 current size: 4986
[pool-307-thread-14] pick event Id=13, eMBMSSessionId=39 current size: 4985
[pool-307-thread-15] pick event Id=14, eMBMSSessionId=77 current size: 4984
[pool-307-thread-16] pick event Id=15, eMBMSSessionId=34 current size: 4983
[pool-307-thread-17] pick event Id=16, eMBMSSessionId=91 current size: 4982
[pool-307-thread-18] pick event Id=17, eMBMSSessionId=18 current size: 4981
[pool-307-thread-19] pick event Id=18, eMBMSSessionId=47 current size: 4980
[pool-307-thread-20] pick event Id=19, eMBMSSessionId=98 current size: 4979
event queue is full, will clear all data!
NbiEventCache is cleared with total events removed: 5029
testFull end.
34 times run start
testEventSequence begin.
testEventSequence end.
testSendRadomEmbmsSessionEvents begin.
testSendRadomEmbmsSessionEvents end.
testSendSameEmbmsSessionEvents begin.
testSendSameEmbmsSessionEvents end.
testSendNoSameEmbmsSessionEvents begin.
testSendNoSameEmbmsSessionEvents end.
testSendNoEmbmsSessionIdEvents begin.
testSendNoEmbmsSessionIdEvents end.
testOverload begin.
[pool-315-thread-1] pick event Id=0, eMBMSSessionId=12 current size: 4019
[pool-315-thread-2] pick event Id=1, eMBMSSessionId=56 current size: 4018
[pool-315-thread-5] adds event Id=2, eMBMSSessionId=56 current size: 4018
pool-315-thread-1 Discard NBI event &apos; Id=0, eMBMSSessionId=12&apos;, current queue size: 4018
[pool-315-thread-3] pick event Id=3, eMBMSSessionId=89 current size: 4017
[pool-315-thread-4] pick event Id=4, eMBMSSessionId=84 current size: 4016
pool-315-thread-2 Discard NBI event &apos; Id=1, eMBMSSessionId=56&apos;, current queue size: 4016
[pool-315-thread-8] pick event Id=5, eMBMSSessionId=10 current size: 4015
pool-315-thread-3 Discard NBI event &apos; Id=3, eMBMSSessionId=89&apos;, current queue size: 4015
pool-315-thread-4 Discard NBI event &apos; Id=4, eMBMSSessionId=84&apos;, current queue size: 4015
[pool-315-thread-6] pick event Id=6, eMBMSSessionId=23 current size: 4014
[pool-315-thread-7] pick event Id=7, eMBMSSessionId=80 current size: 4013
pool-315-thread-6 Discard NBI event &apos; Id=6, eMBMSSessionId=23&apos;, current queue size: 4013
pool-315-thread-8 Discard NBI event &apos; Id=5, eMBMSSessionId=10&apos;, current queue size: 4014
pool-315-thread-2 reduces to 4012
pool-315-thread-7 Discard NBI event &apos; Id=7, eMBMSSessionId=80&apos;, current queue size: 4013
[pool-315-thread-9] pick event Id=8, eMBMSSessionId=40 current size: 4011
pool-315-thread-2 Discard NBI event &apos; Id=2, eMBMSSessionId=56&apos;, current queue size: 4011
[pool-315-thread-10] pick event Id=9, eMBMSSessionId=7 current size: 4010
pool-315-thread-9 Discard NBI event &apos; Id=8, eMBMSSessionId=40&apos;, current queue size: 4010
[pool-315-thread-11] pick event Id=10, eMBMSSessionId=4 current size: 4009
[pool-315-thread-12] pick event Id=11, eMBMSSessionId=48 current size: 4008
pool-315-thread-10 Discard NBI event &apos; Id=9, eMBMSSessionId=7&apos;, current queue size: 4008
pool-315-thread-12 Discard NBI event &apos; Id=11, eMBMSSessionId=48&apos;, current queue size: 4008
[pool-315-thread-13] pick event Id=12, eMBMSSessionId=69 current size: 4007
[pool-315-thread-14] pick event Id=13, eMBMSSessionId=66 current size: 4006
pool-315-thread-11 Discard NBI event &apos; Id=10, eMBMSSessionId=4&apos;, current queue size: 4007
[pool-315-thread-15] pick event Id=14, eMBMSSessionId=93 current size: 4005
pool-315-thread-14 Discard NBI event &apos; Id=13, eMBMSSessionId=66&apos;, current queue size: 4005
[pool-315-thread-16] pick event Id=15, eMBMSSessionId=62 current size: 4004
pool-315-thread-13 Discard NBI event &apos; Id=12, eMBMSSessionId=69&apos;, current queue size: 4005
pool-315-thread-15 Discard NBI event &apos; Id=14, eMBMSSessionId=93&apos;, current queue size: 4004
[pool-315-thread-18] pick event Id=16, eMBMSSessionId=44 current size: 4003
[pool-315-thread-17] pick event Id=17, eMBMSSessionId=47 current size: 4002
pool-315-thread-18 Discard NBI event &apos; Id=16, eMBMSSessionId=44&apos;, current queue size: 4002
pool-315-thread-16 Discard NBI event &apos; Id=15, eMBMSSessionId=62&apos;, current queue size: 4002
[pool-315-thread-19] pick event Id=18, eMBMSSessionId=35 current size: 4001
pool-315-thread-17 Discard NBI event &apos; Id=17, eMBMSSessionId=47&apos;, current queue size: 4002
pool-315-thread-19 Discard NBI event &apos; Id=18, eMBMSSessionId=35&apos;, current queue size: 4001
[pool-315-thread-9] pick event Id=19, eMBMSSessionId=98 current size: 4000
[pool-315-thread-20] pick event Id=20, eMBMSSessionId=82 current size: 3999
pool-315-thread-9 Discard NBI event &apos; Id=19, eMBMSSessionId=98&apos;, current queue size: 3999
[pool-315-thread-5] pick event Id=21, eMBMSSessionId=7 current size: 3998
[pool-315-thread-1] pick event Id=22, eMBMSSessionId=46 current size: 3997
[pool-315-thread-4] pick event Id=23, eMBMSSessionId=34 current size: 3996
[pool-315-thread-3] pick event Id=24, eMBMSSessionId=18 current size: 3995
[pool-315-thread-6] pick event Id=25, eMBMSSessionId=83 current size: 3994
[pool-315-thread-8] pick event Id=26, eMBMSSessionId=17 current size: 3993
[pool-315-thread-7] pick event Id=27, eMBMSSessionId=22 current size: 3992
[pool-315-thread-2] adds event Id=28, eMBMSSessionId=98 current size: 3992
[pool-315-thread-12] pick event Id=29, eMBMSSessionId=63 current size: 3991
[pool-315-thread-10] pick event Id=30, eMBMSSessionId=84 current size: 3990
pool-315-thread-9 reduces to 3989
[pool-315-thread-11] pick event Id=31, eMBMSSessionId=67 current size: 3988
[pool-315-thread-13] pick event Id=32, eMBMSSessionId=97 current size: 3987
[pool-315-thread-14] pick event Id=33, eMBMSSessionId=20 current size: 3986
[pool-315-thread-15] pick event Id=34, eMBMSSessionId=68 current size: 3985
[pool-315-thread-18] adds event Id=35, eMBMSSessionId=63 current size: 3985
[pool-315-thread-17] pick event Id=36, eMBMSSessionId=62 current size: 3984
[pool-315-thread-16] pick event Id=37, eMBMSSessionId=83 current size: 3983
[pool-315-thread-2] pick event Id=38, eMBMSSessionId=2 current size: 3982
[pool-315-thread-19] pick event Id=39, eMBMSSessionId=99 current size: 3981
pool-315-thread-12 reduces to 3980
[pool-315-thread-20] pick event Id=40, eMBMSSessionId=84 current size: 3979
[pool-315-thread-10] adds event Id=41, eMBMSSessionId=62 current size: 3979
[pool-315-thread-5] pick event Id=42, eMBMSSessionId=96 current size: 3978
[pool-315-thread-1] pick event Id=43, eMBMSSessionId=65 current size: 3977
[pool-315-thread-4] pick event Id=44, eMBMSSessionId=74 current size: 3976
[pool-315-thread-3] pick event Id=45, eMBMSSessionId=82 current size: 3975
[pool-315-thread-18] pick event Id=46, eMBMSSessionId=49 current size: 3974
[pool-315-thread-15] pick event Id=47, eMBMSSessionId=73 current size: 3973
pool-315-thread-17 reduces to 3972
[pool-315-thread-6] pick event Id=48, eMBMSSessionId=86 current size: 3971
[pool-315-thread-8] pick event Id=49, eMBMSSessionId=71 current size: 3970
[pool-315-thread-7] pick event Id=50, eMBMSSessionId=52 current size: 3969
[pool-315-thread-9] pick event Id=51, eMBMSSessionId=5 current size: 3968
[pool-315-thread-10] pick event Id=52, eMBMSSessionId=85 current size: 3967
[pool-315-thread-11] pick event Id=53, eMBMSSessionId=83 current size: 3966
[pool-315-thread-13] pick event Id=54, eMBMSSessionId=97 current size: 3965
[pool-315-thread-14] pick event Id=55, eMBMSSessionId=1 current size: 3964
[pool-315-thread-1] pick event Id=56, eMBMSSessionId=13 current size: 3963
[pool-315-thread-16] pick event Id=57, eMBMSSessionId=77 current size: 3962
[pool-315-thread-2] pick event Id=58, eMBMSSessionId=96 current size: 3961
[pool-315-thread-19] pick event Id=59, eMBMSSessionId=16 current size: 3960
[pool-315-thread-8] pick event Id=60, eMBMSSessionId=36 current size: 3959
[pool-315-thread-12] pick event Id=61, eMBMSSessionId=42 current size: 3958
[pool-315-thread-20] pick event Id=62, eMBMSSessionId=7 current size: 3957
[pool-315-thread-5] pick event Id=63, eMBMSSessionId=98 current size: 3956
[pool-315-thread-4] pick event Id=64, eMBMSSessionId=21 current size: 3955
[pool-315-thread-3] pick event Id=65, eMBMSSessionId=75 current size: 3954
[pool-315-thread-15] pick event Id=66, eMBMSSessionId=70 current size: 3953
[pool-315-thread-17] pick event Id=67, eMBMSSessionId=28 current size: 3952
[pool-315-thread-18] adds event Id=68, eMBMSSessionId=13 current size: 3952
pool-315-thread-1 reduces to 3951
[pool-315-thread-7] pick event Id=69, eMBMSSessionId=55 current size: 3950
[pool-315-thread-6] pick event Id=70, eMBMSSessionId=26 current size: 3949
[pool-315-thread-9] pick event Id=71, eMBMSSessionId=18 current size: 3948
[pool-315-thread-10] pick event Id=72, eMBMSSessionId=40 current size: 3947
[pool-315-thread-11] pick event Id=73, eMBMSSessionId=1 current size: 3946
[pool-315-thread-4] pick event Id=74, eMBMSSessionId=51 current size: 3945
[pool-315-thread-13] pick event Id=75, eMBMSSessionId=41 current size: 3944
[pool-315-thread-14] adds event Id=76, eMBMSSessionId=41 current size: 3944
[pool-315-thread-18] pick event Id=77, eMBMSSessionId=89 current size: 3943
[pool-315-thread-14] pick event Id=78, eMBMSSessionId=43 current size: 3942
[pool-315-thread-17] pick event Id=79, eMBMSSessionId=20 current size: 3941
[pool-315-thread-16] pick event Id=80, eMBMSSessionId=72 current size: 3940
[pool-315-thread-2] pick event Id=81, eMBMSSessionId=95 current size: 3939
[pool-315-thread-19] pick event Id=82, eMBMSSessionId=57 current size: 3938
[pool-315-thread-8] pick event Id=83, eMBMSSessionId=85 current size: 3937
[pool-315-thread-20] pick event Id=84, eMBMSSessionId=24 current size: 3936
[pool-315-thread-12] pick event Id=85, eMBMSSessionId=48 current size: 3935
[pool-315-thread-9] pick event Id=86, eMBMSSessionId=7 current size: 3934
[pool-315-thread-5] pick event Id=87, eMBMSSessionId=68 current size: 3933
[pool-315-thread-3] pick event Id=88, eMBMSSessionId=14 current size: 3932
[pool-315-thread-15] pick event Id=89, eMBMSSessionId=54 current size: 3931
pool-315-thread-13 reduces to 3930
[pool-315-thread-1] adds event Id=90, eMBMSSessionId=48 current size: 3930
[pool-315-thread-7] pick event Id=91, eMBMSSessionId=3 current size: 3929
[pool-315-thread-6] pick event Id=92, eMBMSSessionId=33 current size: 3928
pool-315-thread-12 reduces to 3927
[pool-315-thread-10] pick event Id=93, eMBMSSessionId=56 current size: 3926
[pool-315-thread-11] pick event Id=94, eMBMSSessionId=29 current size: 3925
[pool-315-thread-4] pick event Id=95, eMBMSSessionId=62 current size: 3924
[pool-315-thread-18] pick event Id=96, eMBMSSessionId=2 current size: 3923
[pool-315-thread-3] pick event Id=97, eMBMSSessionId=94 current size: 3922
[pool-315-thread-1] pick event Id=98, eMBMSSessionId=31 current size: 3921
[pool-315-thread-17] pick event Id=99, eMBMSSessionId=24 current size: 3920
[pool-315-thread-14] adds event Id=100, eMBMSSessionId=48 current size: 3920
[pool-315-thread-2] pick event Id=101, eMBMSSessionId=95 current size: 3919
[pool-315-thread-8] pick event Id=102, eMBMSSessionId=10 current size: 3918
[pool-315-thread-16] pick event Id=103, eMBMSSessionId=16 current size: 3917
[pool-315-thread-19] pick event Id=104, eMBMSSessionId=42 current size: 3916
[pool-315-thread-20] adds event Id=105, eMBMSSessionId=56 current size: 3916
[pool-315-thread-9] pick event Id=106, eMBMSSessionId=82 current size: 3915
pool-315-thread-10 reduces to 3914
pool-315-thread-12 reduces to 3913
[pool-315-thread-5] pick event Id=107, eMBMSSessionId=0 current size: 3912
[pool-315-thread-4] adds event Id=108, eMBMSSessionId=10 current size: 3912
[pool-315-thread-15] pick event Id=109, eMBMSSessionId=50 current size: 3911
[pool-315-thread-13] pick event Id=110, eMBMSSessionId=79 current size: 3910
[pool-315-thread-14] pick event Id=111, eMBMSSessionId=27 current size: 3909
[pool-315-thread-7] adds event Id=112, eMBMSSessionId=42 current size: 3909
[pool-315-thread-6] pick event Id=113, eMBMSSessionId=88 current size: 3908
[pool-315-thread-3] pick event Id=114, eMBMSSessionId=47 current size: 3907
pool-315-thread-8 reduces to 3906
[pool-315-thread-20] pick event Id=115, eMBMSSessionId=61 current size: 3905
pool-315-thread-19 reduces to 3904
[pool-315-thread-11] pick event Id=116, eMBMSSessionId=92 current size: 3903
[pool-315-thread-4] pick event Id=117, eMBMSSessionId=7 current size: 3902
[pool-315-thread-18] pick event Id=118, eMBMSSessionId=23 current size: 3901
[pool-315-thread-17] pick event Id=119, eMBMSSessionId=45 current size: 3900
[pool-315-thread-7] adds event Id=120, eMBMSSessionId=27 current size: 3900
[pool-315-thread-1] pick event Id=121, eMBMSSessionId=4 current size: 3899
pool-315-thread-14 reduces to 3898
[pool-315-thread-2] pick event Id=122, eMBMSSessionId=22 current size: 3897
[pool-315-thread-16] pick event Id=123, eMBMSSessionId=68 current size: 3896
[pool-315-thread-10] pick event Id=124, eMBMSSessionId=54 current size: 3895
[pool-315-thread-12] pick event Id=125, eMBMSSessionId=16 current size: 3894
[pool-315-thread-9] pick event Id=126, eMBMSSessionId=71 current size: 3893
[pool-315-thread-5] pick event Id=127, eMBMSSessionId=21 current size: 3892
[pool-315-thread-15] pick event Id=128, eMBMSSessionId=74 current size: 3891
[pool-315-thread-13] pick event Id=129, eMBMSSessionId=47 current size: 3890
[pool-315-thread-7] pick event Id=130, eMBMSSessionId=6 current size: 3889
[pool-315-thread-6] pick event Id=131, eMBMSSessionId=90 current size: 3888
[pool-315-thread-1] pick event Id=132, eMBMSSessionId=56 current size: 3887
[pool-315-thread-8] pick event Id=133, eMBMSSessionId=82 current size: 3886
[pool-315-thread-3] pick event Id=134, eMBMSSessionId=0 current size: 3885
[pool-315-thread-20] adds event Id=135, eMBMSSessionId=56 current size: 3885
[pool-315-thread-10] pick event Id=136, eMBMSSessionId=99 current size: 3884
[pool-315-thread-19] pick event Id=137, eMBMSSessionId=51 current size: 3883
[pool-315-thread-11] pick event Id=138, eMBMSSessionId=60 current size: 3882
[pool-315-thread-4] pick event Id=139, eMBMSSessionId=75 current size: 3881
[pool-315-thread-18] pick event Id=140, eMBMSSessionId=92 current size: 3880
[pool-315-thread-14] pick event Id=141, eMBMSSessionId=39 current size: 3879
[pool-315-thread-17] pick event Id=142, eMBMSSessionId=17 current size: 3878
[pool-315-thread-2] pick event Id=143, eMBMSSessionId=57 current size: 3877
pool-315-thread-1 reduces to 3876
[pool-315-thread-6] pick event Id=144, eMBMSSessionId=73 current size: 3875
[pool-315-thread-16] adds event Id=145, eMBMSSessionId=99 current size: 3875
[pool-315-thread-20] adds event Id=146, eMBMSSessionId=73 current size: 3875
[pool-315-thread-20] adds event Id=147, eMBMSSessionId=17 current size: 3875
[pool-315-thread-20] pick event Id=148, eMBMSSessionId=0 current size: 3874
pool-315-thread-10 reduces to 3873
[pool-315-thread-12] pick event Id=149, eMBMSSessionId=88 current size: 3872
[pool-315-thread-9] pick event Id=150, eMBMSSessionId=23 current size: 3871
[pool-315-thread-5] pick event Id=151, eMBMSSessionId=98 current size: 3870
[pool-315-thread-15] pick event Id=152, eMBMSSessionId=42 current size: 3869
[pool-315-thread-4] pick event Id=153, eMBMSSessionId=64 current size: 3868
[pool-315-thread-13] adds event Id=154, eMBMSSessionId=57 current size: 3868
[pool-315-thread-7] adds event Id=155, eMBMSSessionId=98 current size: 3868
pool-315-thread-17 reduces to 3867
pool-315-thread-2 reduces to 3866
pool-315-thread-6 reduces to 3865
[pool-315-thread-16] pick event Id=156, eMBMSSessionId=94 current size: 3864
[pool-315-thread-3] pick event Id=157, eMBMSSessionId=27 current size: 3863
[pool-315-thread-8] pick event Id=158, eMBMSSessionId=26 current size: 3862
[pool-315-thread-19] pick event Id=159, eMBMSSessionId=77 current size: 3861
[pool-315-thread-12] pick event Id=160, eMBMSSessionId=52 current size: 3860
[pool-315-thread-20] pick event Id=161, eMBMSSessionId=16 current size: 3859
[pool-315-thread-11] pick event Id=162, eMBMSSessionId=0 current size: 3858
pool-315-thread-5 reduces to 3857
[pool-315-thread-18] adds event Id=163, eMBMSSessionId=57 current size: 3857
[pool-315-thread-13] pick event Id=164, eMBMSSessionId=24 current size: 3856
[pool-315-thread-7] pick event Id=165, eMBMSSessionId=65 current size: 3855
[pool-315-thread-1] pick event Id=166, eMBMSSessionId=58 current size: 3854
[pool-315-thread-14] pick event Id=167, eMBMSSessionId=51 current size: 3853
pool-315-thread-2 reduces to 3852
[pool-315-thread-10] adds event Id=168, eMBMSSessionId=52 current size: 3852
[pool-315-thread-9] pick event Id=169, eMBMSSessionId=13 current size: 3851
pool-315-thread-12 reduces to 3850
[pool-315-thread-18] pick event Id=170, eMBMSSessionId=1 current size: 3849
[pool-315-thread-15] pick event Id=171, eMBMSSessionId=25 current size: 3848
[pool-315-thread-5] pick event Id=172, eMBMSSessionId=35 current size: 3847
[pool-315-thread-4] adds event Id=173, eMBMSSessionId=52 current size: 3847
[pool-315-thread-7] pick event Id=174, eMBMSSessionId=41 current size: 3846
[pool-315-thread-17] pick event Id=175, eMBMSSessionId=31 current size: 3845
[pool-315-thread-6] pick event Id=176, eMBMSSessionId=59 current size: 3844
[pool-315-thread-16] pick event Id=177, eMBMSSessionId=78 current size: 3843
[pool-315-thread-3] pick event Id=178, eMBMSSessionId=63 current size: 3842
[pool-315-thread-8] pick event Id=179, eMBMSSessionId=98 current size: 3841
[pool-315-thread-10] pick event Id=180, eMBMSSessionId=14 current size: 3840
[pool-315-thread-19] adds event Id=181, eMBMSSessionId=78 current size: 3840
[pool-315-thread-11] pick event Id=182, eMBMSSessionId=17 current size: 3839
[pool-315-thread-20] pick event Id=183, eMBMSSessionId=88 current size: 3838
pool-315-thread-12 reduces to 3837
[pool-315-thread-4] adds event Id=184, eMBMSSessionId=41 current size: 3837
[pool-315-thread-13] pick event Id=185, eMBMSSessionId=51 current size: 3836
[pool-315-thread-14] pick event Id=186, eMBMSSessionId=26 current size: 3835
[pool-315-thread-1] pick event Id=187, eMBMSSessionId=97 current size: 3834
pool-315-thread-7 reduces to 3833
[pool-315-thread-2] pick event Id=188, eMBMSSessionId=2 current size: 3832
[pool-315-thread-17] pick event Id=189, eMBMSSessionId=44 current size: 3831
pool-315-thread-16 reduces to 3830
[pool-315-thread-19] pick event Id=190, eMBMSSessionId=76 current size: 3829
[pool-315-thread-9] pick event Id=191, eMBMSSessionId=94 current size: 3828
[pool-315-thread-10] pick event Id=192, eMBMSSessionId=40 current size: 3827
[pool-315-thread-15] pick event Id=193, eMBMSSessionId=55 current size: 3826
[pool-315-thread-5] adds event Id=194, eMBMSSessionId=76 current size: 3826
[pool-315-thread-11] pick event Id=195, eMBMSSessionId=64 current size: 3825
[pool-315-thread-4] pick event Id=196, eMBMSSessionId=53 current size: 3824
[pool-315-thread-18] pick event Id=197, eMBMSSessionId=20 current size: 3823
[pool-315-thread-6] pick event Id=198, eMBMSSessionId=81 current size: 3822
[pool-315-thread-2] pick event Id=199, eMBMSSessionId=29 current size: 3821
[pool-315-thread-3] pick event Id=200, eMBMSSessionId=72 current size: 3820
[pool-315-thread-8] pick event Id=201, eMBMSSessionId=88 current size: 3819
pool-315-thread-19 reduces to 3818
[pool-315-thread-20] pick event Id=202, eMBMSSessionId=14 current size: 3817
[pool-315-thread-5] pick event Id=203, eMBMSSessionId=11 current size: 3816
[pool-315-thread-15] pick event Id=204, eMBMSSessionId=17 current size: 3815
[pool-315-thread-12] pick event Id=205, eMBMSSessionId=82 current size: 3814
[pool-315-thread-13] pick event Id=206, eMBMSSessionId=18 current size: 3813
[pool-315-thread-11] pick event Id=207, eMBMSSessionId=42 current size: 3812
[pool-315-thread-14] pick event Id=208, eMBMSSessionId=94 current size: 3811
[pool-315-thread-1] pick event Id=209, eMBMSSessionId=87 current size: 3810
[pool-315-thread-7] pick event Id=210, eMBMSSessionId=90 current size: 3809
[pool-315-thread-4] pick event Id=211, eMBMSSessionId=19 current size: 3808
[pool-315-thread-17] pick event Id=212, eMBMSSessionId=27 current size: 3807
[pool-315-thread-16] pick event Id=213, eMBMSSessionId=46 current size: 3806
[pool-315-thread-9] pick event Id=214, eMBMSSessionId=58 current size: 3805
[pool-315-thread-10] pick event Id=215, eMBMSSessionId=10 current size: 3804
[pool-315-thread-12] pick event Id=216, eMBMSSessionId=22 current size: 3803
[pool-315-thread-14] pick event Id=217, eMBMSSessionId=15 current size: 3802
[pool-315-thread-18] pick event Id=218, eMBMSSessionId=0 current size: 3801
[pool-315-thread-6] adds event Id=219, eMBMSSessionId=22 current size: 3801
pool-315-thread-12 reduces to 3800
[pool-315-thread-2] pick event Id=220, eMBMSSessionId=14 current size: 3799
[pool-315-thread-3] pick event Id=221, eMBMSSessionId=87 current size: 3798
[pool-315-thread-8] pick event Id=222, eMBMSSessionId=6 current size: 3797
[pool-315-thread-19] pick event Id=223, eMBMSSessionId=66 current size: 3796
[pool-315-thread-16] adds event Id=224, eMBMSSessionId=87 current size: 3796
[pool-315-thread-20] pick event Id=225, eMBMSSessionId=94 current size: 3795
[pool-315-thread-9] adds event Id=226, eMBMSSessionId=87 current size: 3795
[pool-315-thread-9] pick event Id=227, eMBMSSessionId=56 current size: 3794
[pool-315-thread-5] pick event Id=228, eMBMSSessionId=55 current size: 3793
[pool-315-thread-15] pick event Id=229, eMBMSSessionId=53 current size: 3792
[pool-315-thread-13] adds event Id=230, eMBMSSessionId=22 current size: 3792
[pool-315-thread-7] pick event Id=231, eMBMSSessionId=97 current size: 3791
[pool-315-thread-1] pick event Id=232, eMBMSSessionId=83 current size: 3790
[pool-315-thread-11] pick event Id=233, eMBMSSessionId=7 current size: 3789
[pool-315-thread-6] pick event Id=234, eMBMSSessionId=62 current size: 3788
[pool-315-thread-4] pick event Id=235, eMBMSSessionId=92 current size: 3787
pool-315-thread-12 reduces to 3786
[pool-315-thread-17] pick event Id=236, eMBMSSessionId=76 current size: 3785
pool-315-thread-3 reduces to 3784
[pool-315-thread-16] pick event Id=237, eMBMSSessionId=32 current size: 3783
[pool-315-thread-10] pick event Id=238, eMBMSSessionId=42 current size: 3782
[pool-315-thread-9] pick event Id=239, eMBMSSessionId=43 current size: 3781
[pool-315-thread-13] pick event Id=240, eMBMSSessionId=73 current size: 3780
[pool-315-thread-14] pick event Id=241, eMBMSSessionId=53 current size: 3779
[pool-315-thread-15] pick event Id=242, eMBMSSessionId=21 current size: 3778
[pool-315-thread-18] pick event Id=243, eMBMSSessionId=84 current size: 3777
[pool-315-thread-2] pick event Id=244, eMBMSSessionId=63 current size: 3776
[pool-315-thread-12] pick event Id=245, eMBMSSessionId=35 current size: 3775
[pool-315-thread-19] pick event Id=246, eMBMSSessionId=78 current size: 3774
[pool-315-thread-8] pick event Id=247, eMBMSSessionId=6 current size: 3773
pool-315-thread-3 reduces to 3772
[pool-315-thread-20] adds event Id=248, eMBMSSessionId=84 current size: 3772
[pool-315-thread-5] pick event Id=249, eMBMSSessionId=13 current size: 3771
[pool-315-thread-1] pick event Id=250, eMBMSSessionId=55 current size: 3770
[pool-315-thread-7] pick event Id=251, eMBMSSessionId=40 current size: 3769
[pool-315-thread-11] pick event Id=252, eMBMSSessionId=81 current size: 3768
pool-315-thread-18 reduces to 3767
[pool-315-thread-4] pick event Id=253, eMBMSSessionId=2 current size: 3766
[pool-315-thread-4] pick event Id=254, eMBMSSessionId=76 current size: 3765
[pool-315-thread-4] pick event Id=255, eMBMSSessionId=27 current size: 3764
[pool-315-thread-4] adds event Id=256, eMBMSSessionId=87 current size: 3764
[pool-315-thread-2] pick event Id=257, eMBMSSessionId=36 current size: 3763
[pool-315-thread-12] pick event Id=258, eMBMSSessionId=56 current size: 3762
[pool-315-thread-6] adds event Id=259, eMBMSSessionId=55 current size: 3762
[pool-315-thread-6] pick event Id=260, eMBMSSessionId=89 current size: 3761
[pool-315-thread-17] pick event Id=261, eMBMSSessionId=59 current size: 3760
[pool-315-thread-16] pick event Id=262, eMBMSSessionId=15 current size: 3759
[pool-315-thread-10] pick event Id=263, eMBMSSessionId=28 current size: 3758
pool-315-thread-3 reduces to 3757
[pool-315-thread-8] pick event Id=264, eMBMSSessionId=57 current size: 3756
[pool-315-thread-20] pick event Id=265, eMBMSSessionId=10 current size: 3755
[pool-315-thread-13] pick event Id=266, eMBMSSessionId=42 current size: 3754
[pool-315-thread-9] pick event Id=267, eMBMSSessionId=96 current size: 3753
[pool-315-thread-15] pick event Id=268, eMBMSSessionId=0 current size: 3752
[pool-315-thread-9] pick event Id=269, eMBMSSessionId=60 current size: 3751
[pool-315-thread-9] adds event Id=270, eMBMSSessionId=55 current size: 3751
[pool-315-thread-9] pick event Id=271, eMBMSSessionId=53 current size: 3750
[pool-315-thread-9] pick event Id=272, eMBMSSessionId=88 current size: 3749
[pool-315-thread-9] pick event Id=273, eMBMSSessionId=75 current size: 3748
[pool-315-thread-9] pick event Id=274, eMBMSSessionId=25 current size: 3747
[pool-315-thread-14] pick event Id=275, eMBMSSessionId=37 current size: 3746
[pool-315-thread-5] pick event Id=276, eMBMSSessionId=93 current size: 3745
[pool-315-thread-7] pick event Id=277, eMBMSSessionId=30 current size: 3744
[pool-315-thread-7] pick event Id=278, eMBMSSessionId=17 current size: 3743
[pool-315-thread-5] pick event Id=279, eMBMSSessionId=98 current size: 3742
[pool-315-thread-5] pick event Id=280, eMBMSSessionId=40 current size: 3741
[pool-315-thread-5] pick event Id=281, eMBMSSessionId=2 current size: 3740
[pool-315-thread-5] pick event Id=282, eMBMSSessionId=96 current size: 3739
pool-315-thread-1 reduces to 3738
[pool-315-thread-5] pick event Id=283, eMBMSSessionId=43 current size: 3737
[pool-315-thread-5] pick event Id=284, eMBMSSessionId=80 current size: 3736
[pool-315-thread-5] pick event Id=285, eMBMSSessionId=94 current size: 3735
[pool-315-thread-11] pick event Id=286, eMBMSSessionId=6 current size: 3734
[pool-315-thread-11] pick event Id=287, eMBMSSessionId=94 current size: 3733
[pool-315-thread-11] pick event Id=288, eMBMSSessionId=38 current size: 3732
[pool-315-thread-11] pick event Id=289, eMBMSSessionId=8 current size: 3731
[pool-315-thread-11] pick event Id=290, eMBMSSessionId=27 current size: 3730
[pool-315-thread-11] pick event Id=291, eMBMSSessionId=16 current size: 3729
[pool-315-thread-11] pick event Id=292, eMBMSSessionId=44 current size: 3728
[pool-315-thread-11] pick event Id=293, eMBMSSessionId=60 current size: 3727
[pool-315-thread-11] pick event Id=294, eMBMSSessionId=5 current size: 3726
[pool-315-thread-11] pick event Id=295, eMBMSSessionId=31 current size: 3725
[pool-315-thread-11] pick event Id=296, eMBMSSessionId=46 current size: 3724
[pool-315-thread-11] pick event Id=297, eMBMSSessionId=5 current size: 3723
[pool-315-thread-11] pick event Id=298, eMBMSSessionId=81 current size: 3722
[pool-315-thread-11] pick event Id=299, eMBMSSessionId=3 current size: 3721
[pool-315-thread-11] pick event Id=300, eMBMSSessionId=51 current size: 3720
[pool-315-thread-11] pick event Id=301, eMBMSSessionId=35 current size: 3719
[pool-315-thread-11] pick event Id=302, eMBMSSessionId=91 current size: 3718
[pool-315-thread-11] pick event Id=303, eMBMSSessionId=51 current size: 3717
[pool-315-thread-11] pick event Id=304, eMBMSSessionId=99 current size: 3716
[pool-315-thread-11] pick event Id=305, eMBMSSessionId=7 current size: 3715
[pool-315-thread-11] pick event Id=306, eMBMSSessionId=85 current size: 3714
[pool-315-thread-11] pick event Id=307, eMBMSSessionId=19 current size: 3713
[pool-315-thread-11] pick event Id=308, eMBMSSessionId=82 current size: 3712
[pool-315-thread-11] pick event Id=309, eMBMSSessionId=14 current size: 3711
[pool-315-thread-11] adds event Id=310, eMBMSSessionId=87 current size: 3711
[pool-315-thread-18] pick event Id=311, eMBMSSessionId=95 current size: 3710
[pool-315-thread-4] pick event Id=312, eMBMSSessionId=68 current size: 3709
[pool-315-thread-12] pick event Id=313, eMBMSSessionId=24 current size: 3708
[pool-315-thread-12] pick event Id=314, eMBMSSessionId=70 current size: 3707
[pool-315-thread-12] pick event Id=315, eMBMSSessionId=71 current size: 3706
[pool-315-thread-12] pick event Id=316, eMBMSSessionId=47 current size: 3705
[pool-315-thread-12] pick event Id=317, eMBMSSessionId=82 current size: 3704
[pool-315-thread-12] pick event Id=318, eMBMSSessionId=92 current size: 3703
[pool-315-thread-12] pick event Id=319, eMBMSSessionId=11 current size: 3702
[pool-315-thread-12] pick event Id=320, eMBMSSessionId=71 current size: 3701
[pool-315-thread-12] pick event Id=321, eMBMSSessionId=48 current size: 3700
[pool-315-thread-12] adds event Id=322, eMBMSSessionId=25 current size: 3700
[pool-315-thread-12] pick event Id=323, eMBMSSessionId=7 current size: 3699
[pool-315-thread-12] pick event Id=324, eMBMSSessionId=96 current size: 3698
[pool-315-thread-12] pick event Id=325, eMBMSSessionId=69 current size: 3697
[pool-315-thread-12] adds event Id=326, eMBMSSessionId=68 current size: 3697
[pool-315-thread-12] adds event Id=327, eMBMSSessionId=0 current size: 3697
[pool-315-thread-12] pick event Id=328, eMBMSSessionId=31 current size: 3696
[pool-315-thread-19] pick event Id=329, eMBMSSessionId=8 current size: 3695
[pool-315-thread-8] adds event Id=330, eMBMSSessionId=55 current size: 3695
[pool-315-thread-8] pick event Id=331, eMBMSSessionId=85 current size: 3694
[pool-315-thread-8] pick event Id=332, eMBMSSessionId=79 current size: 3693
[pool-315-thread-8] pick event Id=333, eMBMSSessionId=7 current size: 3692
pool-315-thread-3 reduces to 3691
pool-315-thread-15 reduces to 3690
pool-315-thread-9 reduces to 3689
pool-315-thread-1 reduces to 3688
[pool-315-thread-13] pick event Id=334, eMBMSSessionId=32 current size: 3687
[pool-315-thread-5] pick event Id=335, eMBMSSessionId=12 current size: 3686
pool-315-thread-4 reduces to 3685
[pool-315-thread-11] pick event Id=336, eMBMSSessionId=95 current size: 3684
[pool-315-thread-6] pick event Id=337, eMBMSSessionId=80 current size: 3683
[pool-315-thread-2] pick event Id=338, eMBMSSessionId=93 current size: 3682
[pool-315-thread-17] pick event Id=339, eMBMSSessionId=81 current size: 3681
[pool-315-thread-16] pick event Id=340, eMBMSSessionId=6 current size: 3680
[pool-315-thread-10] pick event Id=341, eMBMSSessionId=48 current size: 3679
[pool-315-thread-20] adds event Id=342, eMBMSSessionId=32 current size: 3679
[pool-315-thread-14] pick event Id=343, eMBMSSessionId=57 current size: 3678
[pool-315-thread-20] pick event Id=344, eMBMSSessionId=66 current size: 3677
[pool-315-thread-7] pick event Id=345, eMBMSSessionId=81 current size: 3676
pool-315-thread-1 reduces to 3675
[pool-315-thread-18] pick event Id=346, eMBMSSessionId=50 current size: 3674
pool-315-thread-13 reduces to 3673
[pool-315-thread-19] pick event Id=347, eMBMSSessionId=9 current size: 3672
[pool-315-thread-12] pick event Id=348, eMBMSSessionId=97 current size: 3671
[pool-315-thread-2] pick event Id=349, eMBMSSessionId=16 current size: 3670
[pool-315-thread-8] pick event Id=350, eMBMSSessionId=86 current size: 3669
[pool-315-thread-17] pick event Id=351, eMBMSSessionId=38 current size: 3668
[pool-315-thread-3] pick event Id=352, eMBMSSessionId=6 current size: 3667
[pool-315-thread-15] pick event Id=353, eMBMSSessionId=90 current size: 3666
[pool-315-thread-20] adds event Id=354, eMBMSSessionId=9 current size: 3666
[pool-315-thread-9] pick event Id=355, eMBMSSessionId=69 current size: 3665
[pool-315-thread-5] pick event Id=356, eMBMSSessionId=45 current size: 3664
[pool-315-thread-4] pick event Id=357, eMBMSSessionId=29 current size: 3663
[pool-315-thread-11] pick event Id=358, eMBMSSessionId=95 current size: 3662
[pool-315-thread-6] pick event Id=359, eMBMSSessionId=55 current size: 3661
pool-315-thread-19 reduces to 3660
[pool-315-thread-16] pick event Id=360, eMBMSSessionId=54 current size: 3659
[pool-315-thread-14] pick event Id=361, eMBMSSessionId=43 current size: 3658
[pool-315-thread-8] pick event Id=362, eMBMSSessionId=17 current size: 3657
[pool-315-thread-10] pick event Id=363, eMBMSSessionId=51 current size: 3656
[pool-315-thread-20] pick event Id=364, eMBMSSessionId=36 current size: 3655
[pool-315-thread-7] pick event Id=365, eMBMSSessionId=76 current size: 3654
[pool-315-thread-18] pick event Id=366, eMBMSSessionId=11 current size: 3653
[pool-315-thread-1] pick event Id=367, eMBMSSessionId=45 current size: 3652
[pool-315-thread-5] pick event Id=368, eMBMSSessionId=82 current size: 3651
[pool-315-thread-13] pick event Id=369, eMBMSSessionId=85 current size: 3650
[pool-315-thread-2] pick event Id=370, eMBMSSessionId=58 current size: 3649
[pool-315-thread-12] pick event Id=371, eMBMSSessionId=39 current size: 3648
[pool-315-thread-17] pick event Id=372, eMBMSSessionId=56 current size: 3647
[pool-315-thread-3] pick event Id=373, eMBMSSessionId=63 current size: 3646
[pool-315-thread-15] pick event Id=374, eMBMSSessionId=12 current size: 3645
[pool-315-thread-9] pick event Id=375, eMBMSSessionId=43 current size: 3644
[pool-315-thread-18] pick event Id=376, eMBMSSessionId=80 current size: 3643
[pool-315-thread-4] adds event Id=377, eMBMSSessionId=56 current size: 3643
[pool-315-thread-4] pick event Id=378, eMBMSSessionId=51 current size: 3642
[pool-315-thread-11] pick event Id=379, eMBMSSessionId=48 current size: 3641
[pool-315-thread-6] pick event Id=380, eMBMSSessionId=19 current size: 3640
[pool-315-thread-19] adds event Id=381, eMBMSSessionId=56 current size: 3640
[pool-315-thread-16] pick event Id=382, eMBMSSessionId=47 current size: 3639
[pool-315-thread-14] pick event Id=383, eMBMSSessionId=58 current size: 3638
pool-315-thread-17 reduces to 3637
[pool-315-thread-8] pick event Id=384, eMBMSSessionId=27 current size: 3636
[pool-315-thread-20] pick event Id=385, eMBMSSessionId=60 current size: 3635
[pool-315-thread-10] pick event Id=386, eMBMSSessionId=23 current size: 3634
[pool-315-thread-7] pick event Id=387, eMBMSSessionId=57 current size: 3633
[pool-315-thread-1] pick event Id=388, eMBMSSessionId=66 current size: 3632
[pool-315-thread-5] pick event Id=389, eMBMSSessionId=68 current size: 3631
[pool-315-thread-13] pick event Id=390, eMBMSSessionId=64 current size: 3630
[pool-315-thread-2] pick event Id=391, eMBMSSessionId=54 current size: 3629
[pool-315-thread-19] pick event Id=392, eMBMSSessionId=85 current size: 3628
[pool-315-thread-12] pick event Id=393, eMBMSSessionId=94 current size: 3627
[pool-315-thread-16] pick event Id=394, eMBMSSessionId=35 current size: 3626
pool-315-thread-17 reduces to 3625
[pool-315-thread-3] adds event Id=395, eMBMSSessionId=56 current size: 3625
[pool-315-thread-15] pick event Id=396, eMBMSSessionId=80 current size: 3624
[pool-315-thread-7] pick event Id=397, eMBMSSessionId=57 current size: 3623
[pool-315-thread-9] pick event Id=398, eMBMSSessionId=24 current size: 3622
[pool-315-thread-4] pick event Id=399, eMBMSSessionId=26 current size: 3621
[pool-315-thread-18] pick event Id=400, eMBMSSessionId=66 current size: 3620
[pool-315-thread-11] pick event Id=401, eMBMSSessionId=32 current size: 3619
[pool-315-thread-6] pick event Id=402, eMBMSSessionId=47 current size: 3618
[pool-315-thread-14] adds event Id=403, eMBMSSessionId=66 current size: 3618
[pool-315-thread-3] pick event Id=404, eMBMSSessionId=45 current size: 3617
[pool-315-thread-12] pick event Id=405, eMBMSSessionId=52 current size: 3616
[pool-315-thread-8] pick event Id=406, eMBMSSessionId=3 current size: 3615
[pool-315-thread-20] pick event Id=407, eMBMSSessionId=11 current size: 3614
pool-315-thread-17 reduces to 3613
[pool-315-thread-10] pick event Id=408, eMBMSSessionId=84 current size: 3612
[pool-315-thread-1] pick event Id=409, eMBMSSessionId=60 current size: 3611
[pool-315-thread-5] pick event Id=410, eMBMSSessionId=30 current size: 3610
[pool-315-thread-7] pick event Id=411, eMBMSSessionId=96 current size: 3609
pool-315-thread-18 reduces to 3608
[pool-315-thread-13] pick event Id=412, eMBMSSessionId=9 current size: 3607
[pool-315-thread-19] pick event Id=413, eMBMSSessionId=95 current size: 3606
[pool-315-thread-2] pick event Id=414, eMBMSSessionId=13 current size: 3605
[pool-315-thread-14] pick event Id=415, eMBMSSessionId=12 current size: 3604
[pool-315-thread-16] pick event Id=416, eMBMSSessionId=78 current size: 3603
[pool-315-thread-12] pick event Id=417, eMBMSSessionId=29 current size: 3602
[pool-315-thread-15] adds event Id=418, eMBMSSessionId=12 current size: 3602
[pool-315-thread-9] pick event Id=419, eMBMSSessionId=43 current size: 3601
[pool-315-thread-4] pick event Id=420, eMBMSSessionId=23 current size: 3600
[pool-315-thread-11] pick event Id=421, eMBMSSessionId=91 current size: 3599
[pool-315-thread-6] pick event Id=422, eMBMSSessionId=74 current size: 3598
pool-315-thread-14 reduces to 3597
[pool-315-thread-3] pick event Id=423, eMBMSSessionId=87 current size: 3596
[pool-315-thread-8] pick event Id=424, eMBMSSessionId=95 current size: 3595
[pool-315-thread-20] pick event Id=425, eMBMSSessionId=58 current size: 3594
[pool-315-thread-15] pick event Id=426, eMBMSSessionId=19 current size: 3593
[pool-315-thread-10] pick event Id=427, eMBMSSessionId=69 current size: 3592
[pool-315-thread-17] adds event Id=428, eMBMSSessionId=69 current size: 3592
[pool-315-thread-1] pick event Id=429, eMBMSSessionId=15 current size: 3591
[pool-315-thread-5] pick event Id=430, eMBMSSessionId=55 current size: 3590
[pool-315-thread-7] pick event Id=431, eMBMSSessionId=82 current size: 3589
[pool-315-thread-18] pick event Id=432, eMBMSSessionId=62 current size: 3588
[pool-315-thread-19] pick event Id=433, eMBMSSessionId=40 current size: 3587
[pool-315-thread-13] pick event Id=434, eMBMSSessionId=37 current size: 3586
[pool-315-thread-2] pick event Id=435, eMBMSSessionId=21 current size: 3585
[pool-315-thread-16] pick event Id=436, eMBMSSessionId=60 current size: 3584
[pool-315-thread-6] pick event Id=437, eMBMSSessionId=47 current size: 3583
[pool-315-thread-12] pick event Id=438, eMBMSSessionId=44 current size: 3582
[pool-315-thread-3] pick event Id=439, eMBMSSessionId=3 current size: 3581
[pool-315-thread-17] pick event Id=440, eMBMSSessionId=49 current size: 3580
pool-315-thread-10 reduces to 3579
[pool-315-thread-9] pick event Id=441, eMBMSSessionId=35 current size: 3578
[pool-315-thread-5] pick event Id=442, eMBMSSessionId=58 current size: 3577
[pool-315-thread-4] pick event Id=443, eMBMSSessionId=18 current size: 3576
[pool-315-thread-11] pick event Id=444, eMBMSSessionId=78 current size: 3575
[pool-315-thread-14] pick event Id=445, eMBMSSessionId=0 current size: 3574
[pool-315-thread-20] pick event Id=446, eMBMSSessionId=86 current size: 3573
[pool-315-thread-8] pick event Id=447, eMBMSSessionId=56 current size: 3572
[pool-315-thread-15] pick event Id=448, eMBMSSessionId=31 current size: 3571
[pool-315-thread-1] pick event Id=449, eMBMSSessionId=13 current size: 3570
[pool-315-thread-7] pick event Id=450, eMBMSSessionId=36 current size: 3569
[pool-315-thread-9] adds event Id=451, eMBMSSessionId=36 current size: 3569
[pool-315-thread-18] adds event Id=452, eMBMSSessionId=78 current size: 3569
[pool-315-thread-19] pick event Id=453, eMBMSSessionId=26 current size: 3568
[pool-315-thread-13] pick event Id=454, eMBMSSessionId=24 current size: 3567
[pool-315-thread-2] pick event Id=455, eMBMSSessionId=3 current size: 3566
[pool-315-thread-16] pick event Id=456, eMBMSSessionId=84 current size: 3565
pool-315-thread-11 reduces to 3564
[pool-315-thread-6] pick event Id=457, eMBMSSessionId=93 current size: 3563
[pool-315-thread-3] pick event Id=458, eMBMSSessionId=39 current size: 3562
[pool-315-thread-12] pick event Id=459, eMBMSSessionId=52 current size: 3561
[pool-315-thread-17] pick event Id=460, eMBMSSessionId=59 current size: 3560
[pool-315-thread-10] pick event Id=461, eMBMSSessionId=41 current size: 3559
[pool-315-thread-15] adds event Id=462, eMBMSSessionId=52 current size: 3559
[pool-315-thread-9] pick event Id=463, eMBMSSessionId=43 current size: 3558
pool-315-thread-7 reduces to 3557
[pool-315-thread-18] adds event Id=464, eMBMSSessionId=78 current size: 3557
[pool-315-thread-5] pick event Id=465, eMBMSSessionId=12 current size: 3556
[pool-315-thread-4] pick event Id=466, eMBMSSessionId=7 current size: 3555
pool-315-thread-11 reduces to 3554
[pool-315-thread-2] pick event Id=467, eMBMSSessionId=28 current size: 3553
[pool-315-thread-14] pick event Id=468, eMBMSSessionId=22 current size: 3552
[pool-315-thread-20] pick event Id=469, eMBMSSessionId=67 current size: 3551
pool-315-thread-12 reduces to 3550
[pool-315-thread-8] pick event Id=470, eMBMSSessionId=17 current size: 3549
[pool-315-thread-1] adds event Id=471, eMBMSSessionId=36 current size: 3549
[pool-315-thread-15] pick event Id=472, eMBMSSessionId=91 current size: 3548
[pool-315-thread-18] pick event Id=473, eMBMSSessionId=80 current size: 3547
pool-315-thread-7 reduces to 3546
[pool-315-thread-19] pick event Id=474, eMBMSSessionId=19 current size: 3545
[pool-315-thread-13] pick event Id=475, eMBMSSessionId=37 current size: 3544
[pool-315-thread-16] pick event Id=476, eMBMSSessionId=39 current size: 3543
[pool-315-thread-11] pick event Id=477, eMBMSSessionId=84 current size: 3542
[pool-315-thread-3] pick event Id=478, eMBMSSessionId=0 current size: 3541
[pool-315-thread-6] pick event Id=479, eMBMSSessionId=42 current size: 3540
[pool-315-thread-1] pick event Id=480, eMBMSSessionId=23 current size: 3539
[pool-315-thread-20] pick event Id=481, eMBMSSessionId=20 current size: 3538
[pool-315-thread-17] pick event Id=482, eMBMSSessionId=61 current size: 3537
[pool-315-thread-10] pick event Id=483, eMBMSSessionId=22 current size: 3536
[pool-315-thread-9] adds event Id=484, eMBMSSessionId=37 current size: 3536
[pool-315-thread-5] pick event Id=485, eMBMSSessionId=16 current size: 3535
[pool-315-thread-4] pick event Id=486, eMBMSSessionId=92 current size: 3534
pool-315-thread-13 reduces to 3533
[pool-315-thread-2] pick event Id=487, eMBMSSessionId=30 current size: 3532
[pool-315-thread-14] pick event Id=488, eMBMSSessionId=65 current size: 3531
[pool-315-thread-12] pick event Id=489, eMBMSSessionId=36 current size: 3530
[pool-315-thread-8] pick event Id=490, eMBMSSessionId=35 current size: 3529
[pool-315-thread-15] pick event Id=491, eMBMSSessionId=95 current size: 3528
[pool-315-thread-18] pick event Id=492, eMBMSSessionId=80 current size: 3527
[pool-315-thread-9] pick event Id=493, eMBMSSessionId=47 current size: 3526
[pool-315-thread-19] pick event Id=494, eMBMSSessionId=7 current size: 3525
[pool-315-thread-7] pick event Id=495, eMBMSSessionId=91 current size: 3524
[pool-315-thread-16] pick event Id=496, eMBMSSessionId=6 current size: 3523
[pool-315-thread-2] pick event Id=497, eMBMSSessionId=38 current size: 3522
[pool-315-thread-11] pick event Id=498, eMBMSSessionId=29 current size: 3521
[pool-315-thread-3] adds event Id=499, eMBMSSessionId=91 current size: 3521
[pool-315-thread-6] pick event Id=500, eMBMSSessionId=39 current size: 3520
[pool-315-thread-1] pick event Id=501, eMBMSSessionId=76 current size: 3519
[pool-315-thread-20] adds event Id=502, eMBMSSessionId=80 current size: 3519
[pool-315-thread-12] pick event Id=503, eMBMSSessionId=26 current size: 3518
[pool-315-thread-17] pick event Id=504, eMBMSSessionId=27 current size: 3517
pool-315-thread-18 reduces to 3516
[pool-315-thread-10] pick event Id=505, eMBMSSessionId=22 current size: 3515
[pool-315-thread-5] pick event Id=506, eMBMSSessionId=53 current size: 3514
[pool-315-thread-4] adds event Id=507, eMBMSSessionId=29 current size: 3514
[pool-315-thread-13] pick event Id=508, eMBMSSessionId=32 current size: 3513
pool-315-thread-7 reduces to 3512
[pool-315-thread-14] pick event Id=509, eMBMSSessionId=31 current size: 3511
[pool-315-thread-3] pick event Id=510, eMBMSSessionId=41 current size: 3510
pool-315-thread-11 reduces to 3509
[pool-315-thread-8] pick event Id=511, eMBMSSessionId=81 current size: 3508
[pool-315-thread-20] pick event Id=512, eMBMSSessionId=73 current size: 3507
[pool-315-thread-15] pick event Id=513, eMBMSSessionId=77 current size: 3506
[pool-315-thread-9] adds event Id=514, eMBMSSessionId=53 current size: 3506
[pool-315-thread-19] pick event Id=515, eMBMSSessionId=95 current size: 3505
pool-315-thread-5 reduces to 3504
[pool-315-thread-4] pick event Id=516, eMBMSSessionId=84 current size: 3503
[pool-315-thread-16] pick event Id=517, eMBMSSessionId=14 current size: 3502
[pool-315-thread-2] pick event Id=518, eMBMSSessionId=24 current size: 3501
testOverload end.
testFull begin.
[pool-316-thread-1] pick event Id=0, eMBMSSessionId=62 current size: 4998
[pool-316-thread-2] pick event Id=1, eMBMSSessionId=92 current size: 4997
[pool-316-thread-6] pick event Id=2, eMBMSSessionId=19 current size: 4996
[pool-316-thread-5] pick event Id=3, eMBMSSessionId=17 current size: 4995
[pool-316-thread-3] pick event Id=4, eMBMSSessionId=5 current size: 4994
[pool-316-thread-4] pick event Id=5, eMBMSSessionId=41 current size: 4993
[pool-316-thread-8] pick event Id=6, eMBMSSessionId=39 current size: 4992
[pool-316-thread-7] pick event Id=7, eMBMSSessionId=97 current size: 4991
[pool-316-thread-10] pick event Id=8, eMBMSSessionId=30 current size: 4990
[pool-316-thread-9] pick event Id=9, eMBMSSessionId=95 current size: 4989
[pool-316-thread-11] pick event Id=10, eMBMSSessionId=0 current size: 4988
[pool-316-thread-13] pick event Id=11, eMBMSSessionId=56 current size: 4987
[pool-316-thread-12] pick event Id=12, eMBMSSessionId=11 current size: 4986
[pool-316-thread-14] pick event Id=13, eMBMSSessionId=50 current size: 4985
[pool-316-thread-15] pick event Id=14, eMBMSSessionId=46 current size: 4984
[pool-316-thread-16] pick event Id=15, eMBMSSessionId=53 current size: 4983
[pool-316-thread-17] adds event Id=16, eMBMSSessionId=95 current size: 4983
[pool-316-thread-18] pick event Id=17, eMBMSSessionId=32 current size: 4982
[pool-316-thread-19] pick event Id=18, eMBMSSessionId=58 current size: 4981
[pool-316-thread-17] pick event Id=19, eMBMSSessionId=48 current size: 4980
[pool-316-thread-20] pick event Id=20, eMBMSSessionId=7 current size: 4979
event queue is full, will clear all data!
NbiEventCache is cleared with total events removed: 5029
testFull end.
35 times run start
[initializationError(com.edi.test.NbiEventSendTaskTest): PermGen space]
</system-out>
  </testcase>
</testsuite>